#
# There is insufficient memory for the Java Runtime Environment to continue.
# Native memory allocation (mmap) failed to map 65011712 bytes for committing reserved memory.
# Possible reasons:
#   The system is out of physical RAM or swap space
#   In 32 bit mode, the process size limit was hit
# Possible solutions:
#   Reduce memory load on the system
#   Increase physical memory or swap space
#   Check if swap backing store is full
#   Use 64 bit Java on a 64 bit OS
#   Decrease Java heap size (-Xmx/-Xms)
#   Decrease number of Java threads
#   Decrease Java thread stack sizes (-Xss)
#   Set larger code cache with -XX:ReservedCodeCacheSize=
# This output file may be truncated or incomplete.
#
#  Out of Memory Error (os_linux.cpp:2640), pid=29449, tid=0x00007f31f985d700
#
# JRE version: Java(TM) SE Runtime Environment (8.0_144-b01) (build 1.8.0_144-b01)
# Java VM: Java HotSpot(TM) 64-Bit Server VM (25.144-b01 mixed mode linux-amd64 compressed oops)
# Failed to write core dump. Core dumps have been disabled. To enable core dumping, try "ulimit -c unlimited" before starting Java again
#

---------------  T H R E A D  ---------------

Current thread (0x00007f320c0fc000):  VMThread [stack: 0x00007f31f975d000,0x00007f31f985e000] [id=29454]

Stack: [0x00007f31f975d000,0x00007f31f985e000],  sp=0x00007f31f985c1a0,  free space=1020k
Native frames: (J=compiled Java code, j=interpreted, Vv=VM code, C=native code)
V  [libjvm.so+0xacb18a]  VMError::report_and_die()+0x2ba
V  [libjvm.so+0x4ff4db]  report_vm_out_of_memory(char const*, int, unsigned long, VMErrorType, char const*)+0x8b
V  [libjvm.so+0x927d23]  os::Linux::commit_memory_impl(char*, unsigned long, bool)+0x103
V  [libjvm.so+0x928279]  os::pd_commit_memory(char*, unsigned long, unsigned long, bool)+0x29
V  [libjvm.so+0x92249a]  os::commit_memory(char*, unsigned long, unsigned long, bool)+0x2a
V  [libjvm.so+0x996ff3]  PSVirtualSpace::expand_by(unsigned long)+0x53
V  [libjvm.so+0x9983f8]  PSYoungGen::resize_generation(unsigned long, unsigned long)+0xf8
V  [libjvm.so+0x997552]  PSYoungGen::resize(unsigned long, unsigned long)+0x22
V  [libjvm.so+0x99482b]  PSScavenge::invoke_no_policy()+0xf3b
V  [libjvm.so+0x994fb1]  PSScavenge::invoke()+0x41
V  [libjvm.so+0x94bce0]  ParallelScavengeHeap::failed_mem_allocate(unsigned long)+0x70
V  [libjvm.so+0xaccba7]  VM_ParallelGCFailedAllocation::doit()+0x97
V  [libjvm.so+0xad4685]  VM_Operation::evaluate()+0x55
V  [libjvm.so+0xad2a5a]  VMThread::evaluate_operation(VM_Operation*)+0xba
V  [libjvm.so+0xad2dde]  VMThread::loop()+0x1ce
V  [libjvm.so+0xad3250]  VMThread::run()+0x70
V  [libjvm.so+0x92a338]  java_start(Thread*)+0x108

VM_Operation (0x00007f32136feb20): ParallelGCFailedAllocation, mode: safepoint, requested by thread 0x00007f320c00b000


---------------  P R O C E S S  ---------------

Java Threads: ( => current thread )
  0x00007f320c845800 JavaThread "Service Thread" daemon [_thread_blocked, id=29460, stack(0x00007f31f80f8000,0x00007f31f81f9000)]
  0x00007f320c841000 JavaThread "C1 CompilerThread1" daemon [_thread_blocked, id=29459, stack(0x00007f31f81f9000,0x00007f31f82fa000)]
  0x00007f320c82b000 JavaThread "C2 CompilerThread0" daemon [_thread_in_native, id=29458, stack(0x00007f31f82fa000,0x00007f31f83fb000)]
  0x00007f320c13b800 JavaThread "Signal Dispatcher" daemon [_thread_blocked, id=29457, stack(0x00007f31f917f000,0x00007f31f9280000)]
  0x00007f320c108000 JavaThread "Finalizer" daemon [_thread_blocked, id=29456, stack(0x00007f31f955b000,0x00007f31f965c000)]
  0x00007f320c103800 JavaThread "Reference Handler" daemon [_thread_blocked, id=29455, stack(0x00007f31f965c000,0x00007f31f975d000)]
  0x00007f320c00b000 JavaThread "main" [_thread_blocked, id=29451, stack(0x00007f3213605000,0x00007f3213706000)]

Other Threads:
=>0x00007f320c0fc000 VMThread [stack: 0x00007f31f975d000,0x00007f31f985e000] [id=29454]
  0x00007f320c878800 WatcherThread [stack: 0x00007f31e0efe000,0x00007f31e0fff000] [id=29461]

VM state:at safepoint (normal execution)

VM Mutex/Monitor currently owned by a thread:  ([mutex/lock_event])
[0x00007f320c0072e0] Threads_lock - owner thread: 0x00007f320c0fc000
[0x00007f320c0077e0] Heap_lock - owner thread: 0x00007f320c00b000

Heap:
 PSYoungGen      total 67072K, used 4035K [0x00000000eb700000, 0x00000000efd00000, 0x0000000100000000)
  eden space 62976K, 0% used [0x00000000eb700000,0x00000000eb700000,0x00000000ef480000)
  from space 4096K, 98% used [0x00000000ef480000,0x00000000ef870c18,0x00000000ef880000)
  to   space 3584K, 0% used [0x00000000ef880000,0x00000000ef880000,0x00000000efc00000)
 ParOldGen       total 42496K, used 2481K [0x00000000c2400000, 0x00000000c4d80000, 0x00000000eb700000)
  object space 42496K, 5% used [0x00000000c2400000,0x00000000c266c760,0x00000000c4d80000)
 Metaspace       used 14986K, capacity 15246K, committed 15488K, reserved 1062912K
  class space    used 1543K, capacity 1615K, committed 1664K, reserved 1048576K

Card table byte_map: [0x00007f31fce11000,0x00007f31fd000000] byte_map_base: 0x00007f31fc7ff000

Marking Bits: (ParMarkBitMap*) 0x00007f3212ae0dc0
 Begin Bits: [0x00007f31fad2f000, 0x00007f31fbc9f000)
 End Bits:   [0x00007f31fbc9f000, 0x00007f31fcc0f000)

Polling page: 0x00007f321372e000

CodeCache: size=245760Kb used=6046Kb max_used=6046Kb free=239713Kb
 bounds [0x00007f31fd000000, 0x00007f31fd5f0000, 0x00007f320c000000]
 total_blobs=2253 nmethods=1877 adapters=289
 compilation: enabled

Compilation events (10 events):
Event: 8.052 Thread 0x00007f320c841000 1907       2       java.lang.reflect.Method::getAnnotation (6 bytes)
Event: 8.054 Thread 0x00007f320c841000 nmethod 1907 0x00007f31fd5d5a10 code [0x00007f31fd5d5bc0, 0x00007f31fd5d5f68]
Event: 8.346 Thread 0x00007f320c82b000 nmethod 1904 0x00007f31fd5d7410 code [0x00007f31fd5d7600, 0x00007f31fd5d7f88]
Event: 8.352 Thread 0x00007f320c82b000 1911       4       org.jacoco.agent.rt.internal_b0d6a23.asm.MethodVisitor::visitFieldInsn (20 bytes)
Event: 8.658 Thread 0x00007f320c82b000 nmethod 1911 0x00007f31fd5d3e10 code [0x00007f31fd5d3f60, 0x00007f31fd5d3ff8]
Event: 8.690 Thread 0x00007f320c82b000 1749       4       org.jacoco.agent.rt.internal_b0d6a23.asm.MethodWriter::visitMethodInsn (220 bytes)
Event: 9.519 Thread 0x00007f320c841000 1916 %     3       org.jacoco.agent.rt.internal_b0d6a23.asm.ClassReader::accept @ 1102 (1164 bytes)
Event: 9.562 Thread 0x00007f320c841000 nmethod 1916% 0x00007f31fd5e2390 code [0x00007f31fd5e2ae0, 0x00007f31fd5e7ce8]
Event: 9.719 Thread 0x00007f320c841000 1917       2       org.apache.log4j.CategoryKey::hashCode (13 bytes)
Event: 9.743 Thread 0x00007f320c841000 nmethod 1917 0x00007f31fd5d6fd0 code [0x00007f31fd5d7140, 0x00007f31fd5d72e8]

GC Heap History (10 events):
Event: 0.834 GC heap after
Heap after GC invocations=2 (full 0):
 PSYoungGen      total 18432K, used 2533K [0x00000000eb700000, 0x00000000ecb80000, 0x0000000100000000)
  eden space 15872K, 0% used [0x00000000eb700000,0x00000000eb700000,0x00000000ec680000)
  from space 2560K, 98% used [0x00000000ec900000,0x00000000ecb796f8,0x00000000ecb80000)
  to   space 2560K, 0% used [0x00000000ec680000,0x00000000ec680000,0x00000000ec900000)
 ParOldGen       total 42496K, used 110K [0x00000000c2400000, 0x00000000c4d80000, 0x00000000eb700000)
  object space 42496K, 0% used [0x00000000c2400000,0x00000000c241ba50,0x00000000c4d80000)
 Metaspace       used 6002K, capacity 6154K, committed 6400K, reserved 1056768K
  class space    used 637K, capacity 661K, committed 768K, reserved 1048576K
}
Event: 1.038 GC heap before
{Heap before GC invocations=3 (full 0):
 PSYoungGen      total 18432K, used 18405K [0x00000000eb700000, 0x00000000ecb80000, 0x0000000100000000)
  eden space 15872K, 100% used [0x00000000eb700000,0x00000000ec680000,0x00000000ec680000)
  from space 2560K, 98% used [0x00000000ec900000,0x00000000ecb796f8,0x00000000ecb80000)
  to   space 2560K, 0% used [0x00000000ec680000,0x00000000ec680000,0x00000000ec900000)
 ParOldGen       total 42496K, used 110K [0x00000000c2400000, 0x00000000c4d80000, 0x00000000eb700000)
  object space 42496K, 0% used [0x00000000c2400000,0x00000000c241ba50,0x00000000c4d80000)
 Metaspace       used 6886K, capacity 7018K, committed 7168K, reserved 1056768K
  class space    used 714K, capacity 757K, committed 768K, reserved 1048576K
Event: 1.042 GC heap after
Heap after GC invocations=3 (full 0):
 PSYoungGen      total 18432K, used 2054K [0x00000000eb700000, 0x00000000edb00000, 0x0000000100000000)
  eden space 15872K, 0% used [0x00000000eb700000,0x00000000eb700000,0x00000000ec680000)
  from space 2560K, 80% used [0x00000000ec680000,0x00000000ec881840,0x00000000ec900000)
  to   space 2560K, 0% used [0x00000000ed880000,0x00000000ed880000,0x00000000edb00000)
 ParOldGen       total 42496K, used 110K [0x00000000c2400000, 0x00000000c4d80000, 0x00000000eb700000)
  object space 42496K, 0% used [0x00000000c2400000,0x00000000c241ba50,0x00000000c4d80000)
 Metaspace       used 6886K, capacity 7018K, committed 7168K, reserved 1056768K
  class space    used 714K, capacity 757K, committed 768K, reserved 1048576K
}
Event: 1.185 GC heap before
{Heap before GC invocations=4 (full 0):
 PSYoungGen      total 18432K, used 17926K [0x00000000eb700000, 0x00000000edb00000, 0x0000000100000000)
  eden space 15872K, 100% used [0x00000000eb700000,0x00000000ec680000,0x00000000ec680000)
  from space 2560K, 80% used [0x00000000ec680000,0x00000000ec881840,0x00000000ec900000)
  to   space 2560K, 0% used [0x00000000ed880000,0x00000000ed880000,0x00000000edb00000)
 ParOldGen       total 42496K, used 110K [0x00000000c2400000, 0x00000000c4d80000, 0x00000000eb700000)
  object space 42496K, 0% used [0x00000000c2400000,0x00000000c241ba50,0x00000000c4d80000)
 Metaspace       used 7715K, capacity 7856K, committed 8064K, reserved 1056768K
  class space    used 785K, capacity 822K, committed 896K, reserved 1048576K
Event: 1.193 GC heap after
Heap after GC invocations=4 (full 0):
 PSYoungGen      total 34304K, used 2101K [0x00000000eb700000, 0x00000000edb00000, 0x0000000100000000)
  eden space 31744K, 0% used [0x00000000eb700000,0x00000000eb700000,0x00000000ed600000)
  from space 2560K, 82% used [0x00000000ed880000,0x00000000eda8d5f0,0x00000000edb00000)
  to   space 2560K, 0% used [0x00000000ed600000,0x00000000ed600000,0x00000000ed880000)
 ParOldGen       total 42496K, used 110K [0x00000000c2400000, 0x00000000c4d80000, 0x00000000eb700000)
  object space 42496K, 0% used [0x00000000c2400000,0x00000000c241ba50,0x00000000c4d80000)
 Metaspace       used 7715K, capacity 7856K, committed 8064K, reserved 1056768K
  class space    used 785K, capacity 822K, committed 896K, reserved 1048576K
}
Event: 1.660 GC heap before
{Heap before GC invocations=5 (full 0):
 PSYoungGen      total 34304K, used 33845K [0x00000000eb700000, 0x00000000edb00000, 0x0000000100000000)
  eden space 31744K, 100% used [0x00000000eb700000,0x00000000ed600000,0x00000000ed600000)
  from space 2560K, 82% used [0x00000000ed880000,0x00000000eda8d5f0,0x00000000edb00000)
  to   space 2560K, 0% used [0x00000000ed600000,0x00000000ed600000,0x00000000ed880000)
 ParOldGen       total 42496K, used 110K [0x00000000c2400000, 0x00000000c4d80000, 0x00000000eb700000)
  object space 42496K, 0% used [0x00000000c2400000,0x00000000c241ba50,0x00000000c4d80000)
 Metaspace       used 10181K, capacity 10280K, committed 10624K, reserved 1058816K
  class space    used 1028K, capacity 1050K, committed 1152K, reserved 1048576K
Event: 1.673 GC heap after
Heap after GC invocations=5 (full 0):
 PSYoungGen      total 34304K, used 2535K [0x00000000eb700000, 0x00000000efc00000, 0x0000000100000000)
  eden space 31744K, 0% used [0x00000000eb700000,0x00000000eb700000,0x00000000ed600000)
  from space 2560K, 99% used [0x00000000ed600000,0x00000000ed879db8,0x00000000ed880000)
  to   space 3584K, 0% used [0x00000000ef880000,0x00000000ef880000,0x00000000efc00000)
 ParOldGen       total 42496K, used 987K [0x00000000c2400000, 0x00000000c4d80000, 0x00000000eb700000)
  object space 42496K, 2% used [0x00000000c2400000,0x00000000c24f6d68,0x00000000c4d80000)
 Metaspace       used 10181K, capacity 10280K, committed 10624K, reserved 1058816K
  class space    used 1028K, capacity 1050K, committed 1152K, reserved 1048576K
}
Event: 2.605 GC heap before
{Heap before GC invocations=6 (full 0):
 PSYoungGen      total 34304K, used 34279K [0x00000000eb700000, 0x00000000efc00000, 0x0000000100000000)
  eden space 31744K, 100% used [0x00000000eb700000,0x00000000ed600000,0x00000000ed600000)
  from space 2560K, 99% used [0x00000000ed600000,0x00000000ed879db8,0x00000000ed880000)
  to   space 3584K, 0% used [0x00000000ef880000,0x00000000ef880000,0x00000000efc00000)
 ParOldGen       total 42496K, used 987K [0x00000000c2400000, 0x00000000c4d80000, 0x00000000eb700000)
  object space 42496K, 2% used [0x00000000c2400000,0x00000000c24f6d68,0x00000000c4d80000)
 Metaspace       used 12663K, capacity 12892K, committed 13184K, reserved 1060864K
  class space    used 1250K, capacity 1324K, committed 1408K, reserved 1048576K
Event: 2.619 GC heap after
Heap after GC invocations=6 (full 0):
 PSYoungGen      total 66560K, used 3581K [0x00000000eb700000, 0x00000000efd00000, 0x0000000100000000)
  eden space 62976K, 0% used [0x00000000eb700000,0x00000000eb700000,0x00000000ef480000)
  from space 3584K, 99% used [0x00000000ef880000,0x00000000efbff700,0x00000000efc00000)
  to   space 4096K, 0% used [0x00000000ef480000,0x00000000ef480000,0x00000000ef880000)
 ParOldGen       total 42496K, used 1076K [0x00000000c2400000, 0x00000000c4d80000, 0x00000000eb700000)
  object space 42496K, 2% used [0x00000000c2400000,0x00000000c250d130,0x00000000c4d80000)
 Metaspace       used 12663K, capacity 12892K, committed 13184K, reserved 1060864K
  class space    used 1250K, capacity 1324K, committed 1408K, reserved 1048576K
}
Event: 10.176 GC heap before
{Heap before GC invocations=7 (full 0):
 PSYoungGen      total 66560K, used 66557K [0x00000000eb700000, 0x00000000efd00000, 0x0000000100000000)
  eden space 62976K, 100% used [0x00000000eb700000,0x00000000ef480000,0x00000000ef480000)
  from space 3584K, 99% used [0x00000000ef880000,0x00000000efbff700,0x00000000efc00000)
  to   space 4096K, 0% used [0x00000000ef480000,0x00000000ef480000,0x00000000ef880000)
 ParOldGen       total 42496K, used 1076K [0x00000000c2400000, 0x00000000c4d80000, 0x00000000eb700000)
  object space 42496K, 2% used [0x00000000c2400000,0x00000000c250d130,0x00000000c4d80000)
 Metaspace       used 14986K, capacity 15246K, committed 15488K, reserved 1062912K
  class space    used 1543K, capacity 1615K, committed 1664K, reserved 1048576K

Deoptimization events (10 events):
Event: 0.827 Thread 0x00007f320c00b000 Uncommon trap: reason=unstable_if action=reinterpret pc=0x00007f31fd20babc method=org.jacoco.agent.rt.internal_b0d6a23.asm.ClassReader.readUTF(II[C)Ljava/lang/String; @ 77
Event: 0.827 Thread 0x00007f320c00b000 Uncommon trap: reason=unstable_if action=reinterpret pc=0x00007f31fd1d0844 method=org.jacoco.agent.rt.internal_b0d6a23.asm.ClassReader.readUTF(II[C)Ljava/lang/String; @ 77
Event: 0.862 Thread 0x00007f320c00b000 Uncommon trap: reason=unstable_if action=reinterpret pc=0x00007f31fd247f50 method=org.jacoco.agent.rt.internal_b0d6a23.asm.ByteVector.putUTF8(Ljava/lang/String;)Lorg/jacoco/agent/rt/internal_b0d6a23/asm/ByteVector; @ 34
Event: 0.972 Thread 0x00007f320c00b000 Uncommon trap: reason=unstable_if action=reinterpret pc=0x00007f31fd27ae50 method=org.jacoco.agent.rt.internal_b0d6a23.asm.MethodVisitor.visitLineNumber(ILorg/jacoco/agent/rt/internal_b0d6a23/asm/Label;)V @ 4
Event: 0.983 Thread 0x00007f320c00b000 Uncommon trap: reason=unstable_if action=reinterpret pc=0x00007f31fd2dc2b8 method=org.jacoco.agent.rt.internal_b0d6a23.asm.Type.getType([CI)Lorg/jacoco/agent/rt/internal_b0d6a23/asm/Type; @ 165
Event: 1.362 Thread 0x00007f320c00b000 Uncommon trap: reason=unstable_if action=reinterpret pc=0x00007f31fd20f298 method=org.jacoco.agent.rt.internal_b0d6a23.asm.Item.isEqualTo(Lorg/jacoco/agent/rt/internal_b0d6a23/asm/Item;)Z @ 345
Event: 1.597 Thread 0x00007f320c00b000 Uncommon trap: reason=null_check action=make_not_entrant pc=0x00007f31fd11d904 method=java.lang.String.equals(Ljava/lang/Object;)Z @ 8
Event: 2.077 Thread 0x00007f320c00b000 Uncommon trap: reason=unstable_if action=reinterpret pc=0x00007f31fd2dddb8 method=java.lang.AbstractStringBuilder.append(Ljava/lang/String;)Ljava/lang/AbstractStringBuilder; @ 1
Event: 2.350 Thread 0x00007f320c00b000 Uncommon trap: reason=unstable_if action=reinterpret pc=0x00007f31fd28dc08 method=sun.misc.URLClassPath$JarLoader.getResource(Ljava/lang/String;Z)Lsun/misc/Resource; @ 15
Event: 2.672 Thread 0x00007f320c00b000 Uncommon trap: reason=unstable_if action=reinterpret pc=0x00007f31fd5528ec method=org.jacoco.agent.rt.internal_b0d6a23.asm.tree.MethodNode.accept(Lorg/jacoco/agent/rt/internal_b0d6a23/asm/MethodVisitor;)V @ 164

Internal exceptions (10 events):
Event: 3.096 Thread 0x00007f320c00b000 Exception <a 'java/lang/ClassNotFoundException': org/apache/log4j/ConsoleAppenderCustomizer> (0x00000000ecbf59a0) thrown at [/HUDSON3/workspace/8-2-build-linux-amd64/jdk8u144/9417/hotspot/src/share/vm/classfile/systemDictionary.cpp, line 210]
Event: 3.350 Thread 0x00007f320c00b000 Exception <a 'java/security/PrivilegedActionException'> (0x00000000ed5b7a38) thrown at [/HUDSON3/workspace/8-2-build-linux-amd64/jdk8u144/9417/hotspot/src/share/vm/prims/jvm.cpp, line 1390]
Event: 3.351 Thread 0x00007f320c00b000 Exception <a 'java/security/PrivilegedActionException'> (0x00000000ed5b7e30) thrown at [/HUDSON3/workspace/8-2-build-linux-amd64/jdk8u144/9417/hotspot/src/share/vm/prims/jvm.cpp, line 1390]
Event: 3.356 Thread 0x00007f320c00b000 Exception <a 'java/security/PrivilegedActionException'> (0x00000000ed5bbfc8) thrown at [/HUDSON3/workspace/8-2-build-linux-amd64/jdk8u144/9417/hotspot/src/share/vm/prims/jvm.cpp, line 1390]
Event: 3.356 Thread 0x00007f320c00b000 Exception <a 'java/security/PrivilegedActionException'> (0x00000000ed5bc3c0) thrown at [/HUDSON3/workspace/8-2-build-linux-amd64/jdk8u144/9417/hotspot/src/share/vm/prims/jvm.cpp, line 1390]
Event: 3.377 Thread 0x00007f320c00b000 Exception <a 'java/security/PrivilegedActionException'> (0x00000000ed6cb460) thrown at [/HUDSON3/workspace/8-2-build-linux-amd64/jdk8u144/9417/hotspot/src/share/vm/prims/jvm.cpp, line 1390]
Event: 3.377 Thread 0x00007f320c00b000 Exception <a 'java/security/PrivilegedActionException'> (0x00000000ed6cb858) thrown at [/HUDSON3/workspace/8-2-build-linux-amd64/jdk8u144/9417/hotspot/src/share/vm/prims/jvm.cpp, line 1390]
Event: 3.377 Thread 0x00007f320c00b000 Exception <a 'java/security/PrivilegedActionException'> (0x00000000ed6cf9f0) thrown at [/HUDSON3/workspace/8-2-build-linux-amd64/jdk8u144/9417/hotspot/src/share/vm/prims/jvm.cpp, line 1390]
Event: 3.377 Thread 0x00007f320c00b000 Exception <a 'java/security/PrivilegedActionException'> (0x00000000ed6cfde8) thrown at [/HUDSON3/workspace/8-2-build-linux-amd64/jdk8u144/9417/hotspot/src/share/vm/prims/jvm.cpp, line 1390]
Event: 5.281 Thread 0x00007f320c00b000 Exception <a 'java/lang/ArrayIndexOutOfBoundsException'> (0x00000000eefc6bc0) thrown at [/HUDSON3/workspace/8-2-build-linux-amd64/jdk8u144/9417/hotspot/src/share/vm/runtime/sharedRuntime.cpp, line 605]

Events (10 events):
Event: 9.686 loading class org/hibernate/validator/internal/util/logging/Log_$logger_en done
Event: 9.732 loading class org/hibernate/validator/internal/metadata/aggregated/rule/ParallelMethodsMustNotDefineParameterConstraints
Event: 9.737 loading class org/hibernate/validator/internal/metadata/aggregated/rule/ParallelMethodsMustNotDefineParameterConstraints done
Event: 9.806 loading class org/hibernate/validator/internal/metadata/aggregated/rule/VoidMethodsMustNotBeReturnValueConstrained
Event: 9.808 loading class org/hibernate/validator/internal/metadata/aggregated/rule/VoidMethodsMustNotBeReturnValueConstrained done
Event: 9.927 loading class org/hibernate/validator/internal/metadata/aggregated/rule/ReturnValueMayOnlyBeMarkedOnceAsCascadedPerHierarchyLine
Event: 9.927 loading class org/hibernate/validator/internal/metadata/aggregated/rule/ReturnValueMayOnlyBeMarkedOnceAsCascadedPerHierarchyLine done
Event: 10.080 loading class org/hibernate/validator/internal/metadata/aggregated/rule/ParallelMethodsMustNotDefineGroupConversionForCascadedReturnValue
Event: 10.083 loading class org/hibernate/validator/internal/metadata/aggregated/rule/ParallelMethodsMustNotDefineGroupConversionForCascadedReturnValue done
Event: 10.160 Executing VM operation: ParallelGCFailedAllocation


Dynamic libraries:
00400000-00401000 r-xp 00000000 08:01 2106691                            /usr/lib/jvm/java-8-oracle/jre/bin/java
00600000-00601000 rw-p 00000000 08:01 2106691                            /usr/lib/jvm/java-8-oracle/jre/bin/java
0105e000-0107f000 rw-p 00000000 00:00 0                                  [heap]
c2400000-c4d80000 rw-p 00000000 00:00 0 
c4d80000-eb700000 ---p 00000000 00:00 0 
eb700000-efd00000 rw-p 00000000 00:00 0 
f3b00000-100000000 ---p 00000000 00:00 0 
100000000-1001a0000 rw-p 00000000 00:00 0 
1001a0000-140000000 ---p 00000000 00:00 0 
7f31c8000000-7f31c8021000 rw-p 00000000 00:00 0 
7f31c8021000-7f31cc000000 ---p 00000000 00:00 0 
7f31d0000000-7f31d0ae3000 rw-p 00000000 00:00 0 
7f31d0ae3000-7f31d4000000 ---p 00000000 00:00 0 
7f31d4000000-7f31d4021000 rw-p 00000000 00:00 0 
7f31d4021000-7f31d8000000 ---p 00000000 00:00 0 
7f31d8000000-7f31d99c9000 rw-p 00000000 00:00 0 
7f31d99c9000-7f31dc000000 ---p 00000000 00:00 0 
7f31dc000000-7f31dc021000 rw-p 00000000 00:00 0 
7f31dc021000-7f31e0000000 ---p 00000000 00:00 0 
7f31e0774000-7f31e0974000 rw-p 00000000 00:00 0 
7f31e097e000-7f31e0afe000 rw-p 00000000 00:00 0 
7f31e0afe000-7f31e0b7e000 ---p 00000000 00:00 0 
7f31e0b7e000-7f31e0b91000 r--s 00345000 08:01 1976712                    /usr/lib/jvm/java-8-oracle/jre/lib/resources.jar
7f31e0b91000-7f31e0bad000 r--s 00393000 08:01 2106535                    /usr/lib/jvm/java-8-oracle/jre/lib/ext/cldrdata.jar
7f31e0bad000-7f31e0bb7000 r--s 00116000 08:01 2106532                    /usr/lib/jvm/java-8-oracle/jre/lib/ext/localedata.jar
7f31e0bb7000-7f31e0db7000 rw-p 00000000 00:00 0 
7f31e0db7000-7f31e0db9000 r--s 00007000 08:01 791719                     /home/madunlap/.m2/repository/org/apache/maven/surefire/surefire-junit4/2.10/surefire-junit4-2.10.jar
7f31e0db9000-7f31e0dbb000 r--s 0000b000 08:01 921145                     /home/madunlap/.m2/repository/org/json/json/20160212/json-20160212.jar
7f31e0dbb000-7f31e0dbd000 r--s 00009000 08:01 921147                     /home/madunlap/.m2/repository/com/mashape/unirest/unirest-java/1.4.9/unirest-java-1.4.9.jar
7f31e0dbd000-7f31e0dbf000 r--s 0000e000 08:01 921141                     /home/madunlap/.m2/repository/org/jvnet/mimepull/mimepull/1.9.6/mimepull-1.9.6.jar
7f31e0dbf000-7f31e0dc2000 r--s 0000e000 08:01 921143                     /home/madunlap/.m2/repository/org/glassfish/jersey/media/jersey-media-multipart/2.23.2/jersey-media-multipart-2.23.2.jar
7f31e0dc2000-7f31e0dc6000 r--s 00019000 08:01 921137                     /home/madunlap/.m2/repository/javax/ws/rs/javax.ws.rs-api/2.0.1/javax.ws.rs-api-2.0.1.jar
7f31e0dc6000-7f31e0dc8000 r--s 00010000 08:01 921134                     /home/madunlap/.m2/repository/org/glassfish/jersey/media/jersey-media-jaxb/2.23.2/jersey-media-jaxb-2.23.2.jar
7f31e0dc8000-7f31e0dcd000 r--s 00025000 08:01 921138                     /home/madunlap/.m2/repository/org/glassfish/jersey/core/jersey-client/2.23.2/jersey-client-2.23.2.jar
7f31e0dcd000-7f31e0de3000 r--s 000d3000 08:01 921133                     /home/madunlap/.m2/repository/org/glassfish/jersey/core/jersey-server/2.23.2/jersey-server-2.23.2.jar
7f31e0de3000-7f31e0ded000 r--s 000ae000 08:01 921127                     /home/madunlap/.m2/repository/org/javassist/javassist/3.20.0-GA/javassist-3.20.0-GA.jar
7f31e0ded000-7f31e0df0000 r--s 0002a000 08:01 921123                     /home/madunlap/.m2/repository/org/glassfish/hk2/hk2-locator/2.5.0-b05/hk2-locator-2.5.0-b05.jar
7f31e0df0000-7f31e0df2000 r--s 00002000 08:01 921128                     /home/madunlap/.m2/repository/org/glassfish/hk2/external/aopalliance-repackaged/2.5.0-b05/aopalliance-repackaged-2.5.0-b05.jar
7f31e0df2000-7f31e0df6000 r--s 0001a000 08:01 921125                     /home/madunlap/.m2/repository/org/glassfish/hk2/hk2-utils/2.5.0-b05/hk2-utils-2.5.0-b05.jar
7f31e0df6000-7f31e0dfb000 r--s 00027000 08:01 921118                     /home/madunlap/.m2/repository/org/glassfish/hk2/hk2-api/2.5.0-b05/hk2-api-2.5.0-b05.jar
7f31e0dfb000-7f31e0e13000 r--s 000d6000 08:01 921120                     /home/madunlap/.m2/repository/org/glassfish/jersey/bundles/repackaged/jersey-guava/2.23.2/jersey-guava-2.23.2.jar
7f31e0e13000-7f31e0e15000 r--s 00005000 08:01 921116                     /home/madunlap/.m2/repository/javax/annotation/javax.annotation-api/1.2/javax.annotation-api-1.2.jar
7f31e0e15000-7f31e0e24000 r--s 000a0000 08:01 921111                     /home/madunlap/.m2/repository/org/glassfish/jersey/core/jersey-common/2.23.2/jersey-common-2.23.2.jar
7f31e0e24000-7f31e0e27000 r--s 0000e000 08:01 921110                     /home/madunlap/.m2/repository/org/glassfish/jersey/containers/jersey-container-servlet-core/2.23.2/jersey-container-servlet-core-2.23.2.jar
7f31e0e27000-7f31e0efe000 r--s 007aa000 08:01 921093                     /home/madunlap/.m2/repository/net/sf/ehcache/ehcache/2.10.1/ehcache-2.10.1.jar
7f31e0efe000-7f31e0eff000 ---p 00000000 00:00 0 
7f31e0eff000-7f31e4000000 rw-p 00000000 00:00 0 
7f31e4000000-7f31e4021000 rw-p 00000000 00:00 0 
7f31e4021000-7f31e8000000 ---p 00000000 00:00 0 
7f31e8000000-7f31e8021000 rw-p 00000000 00:00 0 
7f31e8021000-7f31ec000000 ---p 00000000 00:00 0 
7f31ec000000-7f31ec021000 rw-p 00000000 00:00 0 
7f31ec021000-7f31f0000000 ---p 00000000 00:00 0 
7f31f0000000-7f31f028e000 rw-p 00000000 00:00 0 
7f31f028e000-7f31f4000000 ---p 00000000 00:00 0 
7f31f4000000-7f31f4021000 rw-p 00000000 00:00 0 
7f31f4021000-7f31f8000000 ---p 00000000 00:00 0 
7f31f8000000-7f31f8001000 r--s 00004000 08:01 921129                     /home/madunlap/.m2/repository/org/glassfish/hk2/osgi-resource-locator/1.0.1/osgi-resource-locator-1.0.1.jar
7f31f8001000-7f31f8002000 r--s 00001000 08:01 921113                     /home/madunlap/.m2/repository/org/glassfish/hk2/external/javax.inject/2.5.0-b05/javax.inject-2.5.0-b05.jar
7f31f8002000-7f31f8004000 r--s 00003000 08:01 921107                     /home/madunlap/.m2/repository/org/glassfish/jersey/containers/jersey-container-servlet/2.23.2/jersey-container-servlet-2.23.2.jar
7f31f8004000-7f31f8006000 r--s 00008000 08:01 921112                     /home/madunlap/.m2/repository/com/google/auto/auto-common/0.3/auto-common-0.3.jar
7f31f8006000-7f31f8007000 r--s 00002000 08:01 921105                     /home/madunlap/.m2/repository/com/google/auto/service/auto-service/1.0-rc2/auto-service-1.0-rc2.jar
7f31f8007000-7f31f8009000 r--s 0000c000 08:01 921153                     /home/madunlap/.m2/repository/com/lyncode/xoai-service-provider/4.1.0-header-patch/xoai-service-provider-4.1.0-header-patch.jar
7f31f8009000-7f31f800a000 r--s 00001000 08:01 921104                     /home/madunlap/.m2/repository/com/lyncode/builder-commons/1.0.2/builder-commons-1.0.2.jar
7f31f800a000-7f31f800d000 r--s 00012000 08:01 921152                     /home/madunlap/.m2/repository/com/lyncode/xoai-data-provider/4.1.0-header-patch/xoai-data-provider-4.1.0-header-patch.jar
7f31f800d000-7f31f800f000 r--s 00005000 08:01 791390                     /home/madunlap/.m2/repository/stax/stax-api/1.0.1/stax-api-1.0.1.jar
7f31f800f000-7f31f8015000 r--s 00048000 08:01 921101                     /home/madunlap/.m2/repository/org/apache/commons/commons-lang3/3.1/commons-lang3-3.1.jar
7f31f8015000-7f31f8017000 r--s 00004000 08:01 921097                     /home/madunlap/.m2/repository/javax/xml/stream/stax-api/1.0-2/stax-api-1.0-2.jar
7f31f8017000-7f31f801b000 r--s 00029000 08:01 921098                     /home/madunlap/.m2/repository/org/codehaus/woodstox/stax2-api/3.0.4/stax2-api-3.0.4.jar
7f31f801b000-7f31f8021000 r--s 00045000 08:01 921095                     /home/madunlap/.m2/repository/org/hamcrest/hamcrest-all/1.3/hamcrest-all-1.3.jar
7f31f8021000-7f31f8026000 r--s 00016000 08:01 791388                     /home/madunlap/.m2/repository/xml-apis/xml-apis/1.0.b2/xml-apis-1.0.b2.jar
7f31f8026000-7f31f8027000 r--s 00003000 08:01 921092                     /home/madunlap/.m2/repository/com/lyncode/test-support/1.0.4/test-support-1.0.4.jar
7f31f8027000-7f31f8029000 r--s 00004000 08:01 921090                     /home/madunlap/.m2/repository/com/lyncode/xml-io/1.0.3/xml-io-1.0.3.jar
7f31f8029000-7f31f802b000 r--s 0000d000 08:01 921151                     /home/madunlap/.m2/repository/com/lyncode/xoai-common/4.1.0-header-patch/xoai-common-4.1.0-header-patch.jar
7f31f802b000-7f31f802e000 r--s 00011000 08:01 921088                     /home/madunlap/.m2/repository/com/github/scribejava/scribejava-core/3.1.0/scribejava-core-3.1.0.jar
7f31f802e000-7f31f8031000 r--s 00010000 08:01 921084                     /home/madunlap/.m2/repository/com/github/scribejava/scribejava-apis/3.1.0/scribejava-apis-3.1.0.jar
7f31f8031000-7f31f803a000 r--s 0006f000 08:01 921083                     /home/madunlap/.m2/repository/log4j/log4j/1.2.17/log4j-1.2.17.jar
7f31f803a000-7f31f803c000 r--s 00008000 08:01 921082                     /home/madunlap/.m2/repository/org/apache/commons/commons-csv/1.2/commons-csv-1.2.jar
7f31f803c000-7f31f8040000 r--s 00035000 08:01 921081                     /home/madunlap/.m2/repository/com/fasterxml/jackson/core/jackson-core/2.5.3/jackson-core-2.5.3.jar
7f31f8040000-7f31f8042000 r--s 00008000 08:01 921075                     /home/madunlap/.m2/repository/com/fasterxml/jackson/core/jackson-annotations/2.5.0/jackson-annotations-2.5.0.jar
7f31f8042000-7f31f8054000 r--s 00106000 08:01 921073                     /home/madunlap/.m2/repository/com/fasterxml/jackson/core/jackson-databind/2.5.3/jackson-databind-2.5.3.jar
7f31f8054000-7f31f8057000 r--s 00006000 08:01 921070                     /home/madunlap/.m2/repository/com/google/code/findbugs/jsr305/1.3.9/jsr305-1.3.9.jar
7f31f8057000-7f31f805d000 r--s 00040000 08:01 921074                     /home/madunlap/.m2/repository/com/google/http-client/google-http-client/1.20.0/google-http-client-1.20.0.jar
7f31f805d000-7f31f805e000 r--s 00004000 08:01 921066                     /home/madunlap/.m2/repository/com/maxmind/db/maxmind-db/1.0.0/maxmind-db-1.0.0.jar
7f31f805e000-7f31f8060000 r--s 00007000 08:01 921064                     /home/madunlap/.m2/repository/com/maxmind/geoip2/geoip2/2.3.1/geoip2-2.3.1.jar
7f31f8060000-7f31f8062000 r--s 00003000 08:01 921062                     /home/madunlap/.m2/repository/org/slf4j/jcl-over-slf4j/1.7.2/jcl-over-slf4j-1.7.2.jar
7f31f8062000-7f31f8066000 r--s 00034000 08:01 921067                     /home/madunlap/.m2/repository/org/codehaus/jackson/jackson-core-asl/1.9.7/jackson-core-asl-1.9.7.jar
7f31f8066000-7f31f8075000 r--s 000b0000 08:01 921065                     /home/madunlap/.m2/repository/org/codehaus/jackson/jackson-mapper-asl/1.9.7/jackson-mapper-asl-1.9.7.jar
7f31f8075000-7f31f807f000 r--s 0003d000 08:01 921060                     /home/madunlap/.m2/repository/org/javaswift/joss/0.9.10/joss-0.9.10.jar
7f31f807f000-7f31f8086000 r--s 0003a000 08:01 921056                     /home/madunlap/.m2/repository/commons-codec/commons-codec/1.9/commons-codec-1.9.jar
7f31f8086000-7f31f808d000 r--s 00048000 08:01 921054                     /home/madunlap/.m2/repository/org/apache/httpcomponents/httpcore/4.4.1/httpcore-4.4.1.jar
7f31f808d000-7f31f809a000 r--s 000a4000 08:01 921052                     /home/madunlap/.m2/repository/org/apache/httpcomponents/httpclient/4.4.1/httpclient-4.4.1.jar
7f31f809a000-7f31f809e000 r--s 00028000 08:01 921050                     /home/madunlap/.m2/repository/org/apache/httpcomponents/httpasyncclient/4.1/httpasyncclient-4.1.jar
7f31f809e000-7f31f80a5000 r--s 00050000 08:01 921049                     /home/madunlap/.m2/repository/org/apache/httpcomponents/httpcore-nio/4.4.1/httpcore-nio-4.4.1.jar
7f31f80a5000-7f31f80ab000 r--s 00033000 08:01 921046                     /home/madunlap/.m2/repository/io/searchbox/jest-common/0.1.7/jest-common-0.1.7.jar
7f31f80ab000-7f31f80ac000 r--s 00004000 08:01 921045                     /home/madunlap/.m2/repository/io/searchbox/jest/0.1.7/jest-0.1.7.jar
7f31f80ac000-7f31f80af000 r--s 0000f000 08:01 921042                     /home/madunlap/.m2/repository/commons-discovery/commons-discovery/0.2/commons-discovery-0.2.jar
7f31f80af000-7f31f80b2000 r--s 0001c000 08:01 921043                     /home/madunlap/.m2/repository/axis/axis-wsdl4j/1.5.1/axis-wsdl4j-1.5.1.jar
7f31f80b2000-7f31f80b3000 r--s 00004000 08:01 921039                     /home/madunlap/.m2/repository/org/apache/axis/axis-saaj/1.4/axis-saaj-1.4.jar
7f31f80b3000-7f31f80b5000 r--s 00006000 08:01 921036                     /home/madunlap/.m2/repository/org/apache/axis/axis-jaxrpc/1.4/axis-jaxrpc-1.4.jar
7f31f80b5000-7f31f80c9000 r--s 00173000 08:01 921038                     /home/madunlap/.m2/repository/axis/axis/1.4/axis-1.4.jar
7f31f80c9000-7f31f80cb000 r--s 00009000 08:01 921034                     /home/madunlap/.m2/repository/org/objenesis/objenesis/2.1/objenesis-2.1.jar
7f31f80cb000-7f31f80e7000 r--s 00103000 08:01 921030                     /home/madunlap/.m2/repository/org/mockito/mockito-core/1.10.19/mockito-core-1.10.19.jar
7f31f80e7000-7f31f80e9000 r--s 00001000 08:01 921031                     /home/madunlap/.m2/repository/org/slf4j/slf4j-log4j12/1.7.7/slf4j-log4j12-1.7.7.jar
7f31f80e9000-7f31f80eb000 r--s 00006000 08:01 791385                     /home/madunlap/.m2/repository/org/slf4j/slf4j-api/1.7.7/slf4j-api-1.7.7.jar
7f31f80eb000-7f31f80ef000 r--s 0001f000 08:01 921028                     /home/madunlap/.m2/repository/org/jacoco/org.jacoco.report/0.7.5.201505241946/org.jacoco.report-0.7.5.201505241946.jar
7f31f80ef000-7f31f80f4000 r--s 00058000 08:01 921027                     /home/madunlap/.m2/repository/org/ow2/asm/asm-debug-all/5.0.1/asm-debug-all-5.0.1.jar
7f31f80f4000-7f31f80f8000 r--s 0001d000 08:01 791383                     /home/madunlap/.m2/repository/org/jacoco/org.jacoco.core/0.7.5.201505241946/org.jacoco.core-0.7.5.201505241946.jar
7f31f80f8000-7f31f80fb000 ---p 00000000 00:00 0 
7f31f80fb000-7f31f81f9000 rw-p 00000000 00:00 0 
7f31f81f9000-7f31f81fc000 ---p 00000000 00:00 0 
7f31f81fc000-7f31f82fa000 rw-p 00000000 00:00 0 
7f31f82fa000-7f31f82fd000 ---p 00000000 00:00 0 
7f31f82fd000-7f31f83fb000 rw-p 00000000 00:00 0 
7f31f83fb000-7f31f840c000 r-xp 00000000 08:01 2106483                    /usr/lib/jvm/java-8-oracle/jre/lib/amd64/libnio.so
7f31f840c000-7f31f860b000 ---p 00011000 08:01 2106483                    /usr/lib/jvm/java-8-oracle/jre/lib/amd64/libnio.so
7f31f860b000-7f31f860c000 rw-p 00010000 08:01 2106483                    /usr/lib/jvm/java-8-oracle/jre/lib/amd64/libnio.so
7f31f860c000-7f31f8622000 r-xp 00000000 08:01 2106458                    /usr/lib/jvm/java-8-oracle/jre/lib/amd64/libnet.so
7f31f8622000-7f31f8822000 ---p 00016000 08:01 2106458                    /usr/lib/jvm/java-8-oracle/jre/lib/amd64/libnet.so
7f31f8822000-7f31f8823000 rw-p 00016000 08:01 2106458                    /usr/lib/jvm/java-8-oracle/jre/lib/amd64/libnet.so
7f31f8823000-7f31f8826000 r--s 0001a000 08:01 1976716                    /usr/lib/jvm/java-8-oracle/jre/lib/jce.jar
7f31f8826000-7f31f882b000 r--s 0009a000 08:01 1976643                    /usr/lib/jvm/java-8-oracle/jre/lib/jsse.jar
7f31f882b000-7f31f8831000 r--s 00041000 08:01 661360                     /home/madunlap/.m2/repository/org/jacoco/org.jacoco.agent/0.7.5.201505241946/org.jacoco.agent-0.7.5.201505241946-runtime.jar
7f31f8831000-7f31f8833000 r--s 0000e000 08:01 921023                     /home/madunlap/.m2/repository/oro/oro/2.0.8/oro-2.0.8.jar
7f31f8833000-7f31f883b000 r--s 00058000 08:01 921019                     /home/madunlap/.m2/repository/org/apache/velocity/velocity/1.5/velocity-1.5.jar
7f31f883b000-7f31f883c000 r--s 00001000 08:01 921022                     /home/madunlap/.m2/repository/org/codehaus/plexus/plexus-velocity/1.1.7/plexus-velocity-1.1.7.jar
7f31f883c000-7f31f883d000 r--s 00002000 08:01 921017                     /home/madunlap/.m2/repository/org/codehaus/plexus/plexus-i18n/1.0-beta-7/plexus-i18n-1.0-beta-7.jar
7f31f883d000-7f31f883f000 r--s 00008000 08:01 921015                     /home/madunlap/.m2/repository/org/apache/maven/doxia/doxia-module-fml/1.1.2/doxia-module-fml-1.1.2.jar
7f31f883f000-7f31f8840000 r--s 00003000 08:01 921016                     /home/madunlap/.m2/repository/org/apache/maven/doxia/doxia-module-xhtml/1.1.2/doxia-module-xhtml-1.1.2.jar
7f31f8840000-7f31f8842000 r--s 0000b000 08:01 921011                     /home/madunlap/.m2/repository/org/apache/maven/doxia/doxia-decoration-model/1.1.2/doxia-decoration-model-1.1.2.jar
7f31f8842000-7f31f8844000 r--s 0000b000 08:01 921008                     /home/madunlap/.m2/repository/org/apache/maven/doxia/doxia-site-renderer/1.1.2/doxia-site-renderer-1.1.2.jar
7f31f8844000-7f31f8848000 r--s 00023000 08:01 921010                     /home/madunlap/.m2/repository/org/apache/maven/doxia/doxia-core/1.1.2/doxia-core-1.1.2.jar
7f31f8848000-7f31f884a000 r--s 00003000 08:01 921007                     /home/madunlap/.m2/repository/org/apache/maven/reporting/maven-reporting-impl/2.1/maven-reporting-impl-2.1.jar
7f31f884a000-7f31f884b000 r--s 00002000 08:01 921004                     /home/madunlap/.m2/repository/org/apache/maven/doxia/doxia-logging-api/1.1/doxia-logging-api-1.1.jar
7f31f884b000-7f31f884d000 r--s 00002000 08:01 921001                     /home/madunlap/.m2/repository/org/apache/maven/doxia/doxia-sink-api/1.1/doxia-sink-api-1.1.jar
7f31f884d000-7f31f884e000 r--s 00002000 08:01 920999                     /home/madunlap/.m2/repository/org/apache/maven/reporting/maven-reporting-api/2.2.1/maven-reporting-api-2.2.1.jar
7f31f884e000-7f31f8850000 r--s 00008000 08:01 920995                     /home/madunlap/.m2/repository/org/apache/maven/shared/maven-shared-io/1.1/maven-shared-io-1.1.jar
7f31f8850000-7f31f8852000 r--s 00008000 08:01 920998                     /home/madunlap/.m2/repository/org/apache/maven/shared/file-management/1.2.1/file-management-1.2.1.jar
7f31f8852000-7f31f8857000 r--s 00039000 08:01 920997                     /home/madunlap/.m2/repository/org/codehaus/plexus/plexus-utils/1.5.6/plexus-utils-1.5.6.jar
7f31f8857000-7f31f8859000 r--s 00008000 08:01 920991                     /home/madunlap/.m2/repository/classworlds/classworlds/1.1-alpha-2/classworlds-1.1-alpha-2.jar
7f31f8859000-7f31f8860000 r--s 00029000 08:01 920988                     /home/madunlap/.m2/repository/org/codehaus/plexus/plexus-container-default/1.0-alpha-9-stable-1/plexus-container-default-1.0-alpha-9-stable-1.jar
7f31f8860000-7f31f8863000 r--s 00011000 08:01 920989                     /home/madunlap/.m2/repository/org/apache/maven/maven-artifact/2.2.1/maven-artifact-2.2.1.jar
7f31f8863000-7f31f8865000 r--s 0000b000 08:01 920985                     /home/madunlap/.m2/repository/org/codehaus/plexus/plexus-interpolation/1.11/plexus-interpolation-1.11.jar
7f31f8865000-7f31f8867000 r--s 00006000 08:01 920982                     /home/madunlap/.m2/repository/org/apache/maven/maven-plugin-registry/2.2.1/maven-plugin-registry-2.2.1.jar
7f31f8867000-7f31f886f000 r--s 00049000 08:01 920984                     /home/madunlap/.m2/repository/backport-util-concurrent/backport-util-concurrent/3.1/backport-util-concurrent-3.1.jar
7f31f886f000-7f31f8871000 r--s 0000b000 08:01 920978                     /home/madunlap/.m2/repository/org/apache/maven/wagon/wagon-provider-api/1.0-beta-6/wagon-provider-api-1.0-beta-6.jar
7f31f8871000-7f31f8873000 r--s 00005000 08:01 920980                     /home/madunlap/.m2/repository/org/apache/maven/maven-repository-metadata/2.2.1/maven-repository-metadata-2.2.1.jar
7f31f8873000-7f31f8875000 r--s 0000f000 08:01 920975                     /home/madunlap/.m2/repository/org/apache/maven/maven-artifact-manager/2.2.1/maven-artifact-manager-2.2.1.jar
7f31f8875000-7f31f8877000 r--s 00014000 08:01 920971                     /home/madunlap/.m2/repository/org/apache/maven/maven-model/2.2.1/maven-model-2.2.1.jar
7f31f8877000-7f31f8879000 r--s 00007000 08:01 920969                     /home/madunlap/.m2/repository/org/apache/maven/maven-profile/2.2.1/maven-profile-2.2.1.jar
7f31f8879000-7f31f887a000 r--s 0000b000 08:01 920972                     /home/madunlap/.m2/repository/org/apache/maven/maven-settings/2.2.1/maven-settings-2.2.1.jar
7f31f887a000-7f31f887e000 r--s 00023000 08:01 920973                     /home/madunlap/.m2/repository/org/apache/maven/maven-project/2.2.1/maven-project-2.2.1.jar
7f31f887e000-7f31f8880000 r--s 00002000 08:01 661356                     /home/madunlap/.m2/repository/org/apache/maven/maven-plugin-api/2.2.1/maven-plugin-api-2.2.1.jar
7f31f8880000-7f31f8882000 r--s 0000b000 08:01 660606                     /home/madunlap/.m2/repository/org/jacoco/jacoco-maven-plugin/0.7.5.201505241946/jacoco-maven-plugin-0.7.5.201505241946.jar
7f31f8882000-7f31f8884000 r--s 00013000 08:01 791380                     /home/madunlap/.m2/repository/com/jayway/restassured/xml-path/2.4.0/xml-path-2.4.0.jar
7f31f8884000-7f31f8886000 r--s 00007000 08:01 791379                     /home/madunlap/.m2/repository/com/jayway/restassured/rest-assured-common/2.4.0/rest-assured-common-2.4.0.jar
7f31f8886000-7f31f8888000 r--s 0001e000 08:01 661355                     /home/madunlap/.m2/repository/org/codehaus/groovy/groovy-json/2.3.7/groovy-json-2.3.7.jar
7f31f8888000-7f31f888a000 r--s 0000d000 08:01 791376                     /home/madunlap/.m2/repository/com/jayway/restassured/json-path/2.4.0/json-path-2.4.0.jar
7f31f888a000-7f31f888c000 r--s 00015000 08:01 791373                     /home/madunlap/.m2/repository/org/ccil/cowan/tagsoup/tagsoup/1.2.1/tagsoup-1.2.1.jar
7f31f888c000-7f31f888d000 r--s 0000c000 08:01 791372                     /home/madunlap/.m2/repository/org/hamcrest/hamcrest-library/1.3/hamcrest-library-1.3.jar
7f31f888d000-7f31f888f000 r--s 00009000 08:01 791370                     /home/madunlap/.m2/repository/org/hamcrest/hamcrest-core/1.3/hamcrest-core-1.3.jar
7f31f888f000-7f31f8894000 r--s 00034000 08:01 661352                     /home/madunlap/.m2/repository/org/codehaus/groovy/groovy-xml/2.3.7/groovy-xml-2.3.7.jar
7f31f8894000-7f31f88dd000 r--s 003fb000 08:01 661354                     /home/madunlap/.m2/repository/org/codehaus/groovy/groovy/2.3.7/groovy-2.3.7.jar
7f31f88dd000-7f31f88e7000 r--s 0008c000 08:01 791368                     /home/madunlap/.m2/repository/com/jayway/restassured/rest-assured/2.4.0/rest-assured-2.4.0.jar
7f31f88e7000-7f31f88ed000 r--s 00044000 08:01 791367                     /home/madunlap/.m2/repository/org/jsoup/jsoup/1.8.1/jsoup-1.8.1.jar
7f31f88ed000-7f31f88ef000 r--s 00004000 08:01 791401                     /home/madunlap/.m2/repository/edu/ucsb/nceas/ezid/1.0.0/ezid-1.0.0.jar
7f31f88ef000-7f31f88f2000 r--s 0000b000 08:01 791362                     /home/madunlap/.m2/repository/org/ocpsoft/rewrite/rewrite-integration-faces/2.0.12.Final/rewrite-integration-faces-2.0.12.Final.jar
7f31f88f2000-7f31f88f4000 r--s 00001000 08:01 791360                     /home/madunlap/.m2/repository/org/ocpsoft/rewrite/rewrite-annotations-api/2.0.12.Final/rewrite-annotations-api-2.0.12.Final.jar
7f31f88f4000-7f31f88f5000 r--s 00005000 08:01 791359                     /home/madunlap/.m2/repository/org/ocpsoft/rewrite/rewrite-addressbuilder/2.0.12.Final/rewrite-addressbuilder-2.0.12.Final.jar
7f31f88f5000-7f31f88f7000 r--s 00008000 08:01 791357                     /home/madunlap/.m2/repository/org/ocpsoft/rewrite/rewrite-api-servlet/2.0.12.Final/rewrite-api-servlet-2.0.12.Final.jar
7f31f88f7000-7f31f88f9000 r--s 00001000 08:01 791354                     /home/madunlap/.m2/repository/org/ocpsoft/logging/logging-api/1.0.2.Final/logging-api-1.0.2.Final.jar
7f31f88f9000-7f31f88fa000 r--s 00003000 08:01 791353                     /home/madunlap/.m2/repository/org/ocpsoft/common/common-api/1.0.5.Final/common-api-1.0.5.Final.jar
7f31f88fa000-7f31f88fe000 r--s 00018000 08:01 791351                     /home/madunlap/.m2/repository/org/ocpsoft/rewrite/rewrite-api/2.0.12.Final/rewrite-api-2.0.12.Final.jar
7f31f88fe000-7f31f8900000 r--s 00005000 08:01 791349                     /home/madunlap/.m2/repository/org/ocpsoft/rewrite/rewrite-annotations-impl/2.0.12.Final/rewrite-annotations-impl-2.0.12.Final.jar
7f31f8900000-7f31f890e000 r--s 00092000 08:01 791352                     /home/madunlap/.m2/repository/org/ocpsoft/rewrite/rewrite-config-prettyfaces/2.0.12.Final/rewrite-config-prettyfaces-2.0.12.Final.jar
7f31f890e000-7f31f891c000 r--s 0005f000 08:01 791345                     /home/madunlap/.m2/repository/org/ocpsoft/rewrite/rewrite-servlet/2.0.12.Final/rewrite-servlet-2.0.12.Final.jar
7f31f891c000-7f31f8920000 r--s 0003c000 08:01 791218                     /home/madunlap/.m2/repository/javax/media/jai_codec/1.1.3/jai_codec-1.1.3.jar
7f31f8920000-7f31f8934000 r--s 001bd000 08:01 791220                     /home/madunlap/.m2/repository/javax/media/jai_core/1.1.3/jai_core-1.1.3.jar
7f31f8934000-7f31f8945000 r--s 00106000 08:01 791219                     /home/madunlap/.m2/repository/javax/media/jai_imageio/1.1.1/jai_imageio-1.1.1.jar
7f31f8945000-7f31f8947000 r--s 00009000 08:01 791399                     /home/madunlap/.m2/repository/edu/harvard/hul/ois/jhove/jhove-handler/1.11.0/jhove-handler-1.11.0.jar
7f31f8947000-7f31f8950000 r--s 00079000 08:01 791398                     /home/madunlap/.m2/repository/edu/harvard/hul/ois/jhove/jhove-module/1.11.0/jhove-module-1.11.0.jar
7f31f8950000-7f31f8953000 r--s 00011000 08:01 791396                     /home/madunlap/.m2/repository/edu/harvard/hul/ois/jhove/jhove/1.11.0/jhove-1.11.0.jar
7f31f8953000-7f31f8963000 r--s 0011f000 08:01 791342                     /home/madunlap/.m2/repository/org/apache/poi/poi-scratchpad/3.10-FINAL/poi-scratchpad-3.10-FINAL.jar
7f31f8963000-7f31f8969000 r--s 00047000 08:01 791341                     /home/madunlap/.m2/repository/org/apache/poi/poi-examples/3.10-FINAL/poi-examples-3.10-FINAL.jar
7f31f8969000-7f31f896e000 r--s 00048000 08:01 791338                     /home/madunlap/.m2/repository/dom4j/dom4j/1.6.1/dom4j-1.6.1.jar
7f31f896e000-7f31f89ab000 r--s 0024f000 08:01 791336                     /home/madunlap/.m2/repository/org/apache/xmlbeans/xmlbeans/2.3.0/xmlbeans-2.3.0.jar
7f31f89ab000-7f31f8a43000 r--s 00420000 08:01 791334                     /home/madunlap/.m2/repository/org/apache/poi/poi-ooxml-schemas/3.10-FINAL/poi-ooxml-schemas-3.10-FINAL.jar
7f31f8a43000-7f31f8a51000 r--s 000ee000 08:01 791333                     /home/madunlap/.m2/repository/org/apache/poi/poi-ooxml/3.10-FINAL/poi-ooxml-3.10-FINAL.jar
7f31f8a51000-7f31f8a73000 r--s 001bb000 08:01 791332                     /home/madunlap/.m2/repository/org/apache/poi/poi/3.10-FINAL/poi-3.10-FINAL.jar
7f31f8a73000-7f31f8a75000 r--s 00006000 08:01 791331                     /home/madunlap/.m2/repository/org/nuiton/thirdparty/Rserve/0.6-1/Rserve-0.6-1.jar
7f31f8a75000-7f31f8a77000 r--s 00006000 08:01 791328                     /home/madunlap/.m2/repository/org/nuiton/thirdparty/REngine/0.6-1/REngine-0.6-1.jar
7f31f8a77000-7f31f8a78000 r--s 0000c000 08:01 791397                     /home/madunlap/.m2/repository/org/dataverse/unf/6.0/unf-6.0.jar
7f31f8a78000-7f31f8a79000 r--s 00018000 08:01 791394                     /home/madunlap/.m2/repository/edu/harvard/iq/dvn/unf5/5.0/unf5-5.0.jar
7f31f8a79000-7f31f8a82000 r--s 000a6000 08:01 791393                     /home/madunlap/.m2/repository/net/handle/handle/2006-06-16-generated/handle-2006-06-16-generated.jar
7f31f8a82000-7f31f8a85000 r--s 00035000 08:01 791395                     /home/madunlap/.m2/repository/nom/tam/fits/fits/2012-10-25-generated/fits-2012-10-25-generated.jar
7f31f8a85000-7f31f8a8c000 r--s 00028000 08:01 791326                     /home/madunlap/.m2/repository/concurrent/concurrent/1.3.4/concurrent-1.3.4.jar
7f31f8a8c000-7f31f8a9a000 r--s 00081000 08:01 791324                     /home/madunlap/.m2/repository/colt/colt/1.2.0/colt-1.2.0.jar
7f31f8a9a000-7f31f8aa7000 r--s 00083000 08:01 791320                     /home/madunlap/.m2/repository/commons-collections/commons-collections/3.2.2/commons-collections-3.2.2.jar
7f31f8aa7000-7f31f8aab000 r--s 00020000 08:01 791319                     /home/madunlap/.m2/repository/commons-digester/commons-digester/1.8.1/commons-digester-1.8.1.jar
7f31f8aab000-7f31f8ab0000 r--s 00035000 08:01 791317                     /home/madunlap/.m2/repository/commons-beanutils/commons-beanutils/1.9.2/commons-beanutils-1.9.2.jar
7f31f8ab0000-7f31f8ab4000 r--s 0002a000 08:01 791315                     /home/madunlap/.m2/repository/commons-validator/commons-validator/1.6/commons-validator-1.6.jar
7f31f8ab4000-7f31f8ac7000 r--s 000df000 08:01 791313                     /home/madunlap/.m2/repository/org/apache/commons/commons-math/2.2/commons-math-2.2.jar
7f31f8ac7000-7f31f8ac9000 r--s 0000e000 08:01 791309                     /home/madunlap/.m2/repository/commons-logging/commons-logging/1.1.3/commons-logging-1.1.3.jar
7f31f8ac9000-7f31f8acb000 r--s 00005000 08:01 791311                     /home/madunlap/.m2/repository/org/apache/httpcomponents/httpmime/4.2.6/httpmime-4.2.6.jar
7f31f8acb000-7f31f8ad7000 r--s 000b3000 08:01 791304                     /home/madunlap/.m2/repository/org/apache/zookeeper/zookeeper/3.4.5/zookeeper-3.4.5.jar
7f31f8ad7000-7f31f8adf000 r--s 0005b000 08:01 791305                     /home/madunlap/.m2/repository/org/apache/solr/solr-solrj/4.6.0/solr-solrj-4.6.0.jar
7f31f8adf000-7f31f8ae4000 r--s 00041000 08:01 791300                     /home/madunlap/.m2/repository/commons-lang/commons-lang/2.6/commons-lang-2.6.jar
7f31f8ae4000-7f31f8ae6000 r--s 0000d000 08:01 791302                     /home/madunlap/.m2/repository/com/fasterxml/classmate/1.0.0/classmate-1.0.0.jar
7f31f8ae6000-7f31f8ae8000 r--s 0000d000 08:01 791296                     /home/madunlap/.m2/repository/org/jboss/logging/jboss-logging/3.1.1.GA/jboss-logging-3.1.1.GA.jar
7f31f8ae8000-7f31f8aec000 r--s 0000c000 08:01 791294                     /home/madunlap/.m2/repository/javax/validation/validation-api/1.1.0.Final/validation-api-1.1.0.Final.jar
7f31f8aec000-7f31f8af9000 r--s 00080000 08:01 791293                     /home/madunlap/.m2/repository/org/hibernate/hibernate-validator/5.0.3.Final/hibernate-validator-5.0.3.Final.jar
7f31f8af9000-7f31f8b03000 r--s 0006b000 08:01 791289                     /home/madunlap/.m2/repository/org/omnifaces/omnifaces/1.7/omnifaces-1.7.jar
7f31f8b03000-7f31f8b12000 r--s 000c4000 08:01 791290                     /home/madunlap/.m2/repository/org/atmosphere/atmosphere-runtime/2.4.2/atmosphere-runtime-2.4.2.jar
7f31f8b12000-7f31f8b26000 r--s 0013a000 08:01 791121                     /home/madunlap/.m2/repository/org/primefaces/themes/all-themes/1.0.10/all-themes-1.0.10.jar
7f31f8b26000-7f31f8b52000 r--s 00318000 08:01 791288                     /home/madunlap/.m2/repository/org/primefaces/primefaces/5.3/primefaces-5.3.jar
7f31f8b52000-7f31f8b74000 r--s 00120000 08:01 791284                     /home/madunlap/.m2/repository/javax/javaee-web-api/7.0/javaee-web-api-7.0.jar
7f31f8b74000-7f31f8b76000 r--s 0000e000 08:01 791282                     /home/madunlap/.m2/repository/javax/activation/activation/1.1/activation-1.1.jar
7f31f8b76000-7f31f8b7e000 r--s 00078000 08:01 791280                     /home/madunlap/.m2/repository/com/sun/mail/javax.mail/1.5.0/javax.mail-1.5.0.jar
7f31f8b7e000-7f31f8bb2000 r--s 001a4000 08:01 791278                     /home/madunlap/.m2/repository/javax/javaee-api/7.0/javaee-api-7.0.jar
7f31f8bb2000-7f31f8bdd000 r--s 001f5000 08:01 791277                     /home/madunlap/.m2/repository/com/google/guava/guava/16.0.1/guava-16.0.1.jar
7f31f8bdd000-7f31f8bfb000 r--s 0027d000 08:01 791273                     /home/madunlap/.m2/repository/xalan/xalan/2.7.0/xalan-2.7.0.jar
7f31f8bfb000-7f31f8c0f000 r--s 000e3000 08:01 791272                     /home/madunlap/.m2/repository/xerces/xercesImpl/2.6.2/xercesImpl-2.6.2.jar
7f31f8c0f000-7f31f8c15000 r--s 00019000 08:01 791270                     /home/madunlap/.m2/repository/xerces/xmlParserAPIs/2.6.2/xmlParserAPIs-2.6.2.jar
7f31f8c15000-7f31f8c1c000 r--s 00063000 08:01 791268                     /home/madunlap/.m2/repository/xom/xom/1.1/xom-1.1.jar
7f31f8c1c000-7f31f8c21000 r--s 0002a000 08:01 791265                     /home/madunlap/.m2/repository/com/google/code/gson/gson/2.2.4/gson-2.2.4.jar
7f31f8c21000-7f31f8c25000 r--s 00027000 08:01 791263                     /home/madunlap/.m2/repository/commons-io/commons-io/2.2/commons-io-2.2.jar
7f31f8c25000-7f31f8c27000 r--s 0000f000 08:01 791260                     /home/madunlap/.m2/repository/commons-fileupload/commons-fileupload/1.3.1/commons-fileupload-1.3.1.jar
7f31f8c27000-7f31f8c2d000 r--s 00032000 08:01 791261                     /home/madunlap/.m2/repository/jaxen/jaxen/1.1.1/jaxen-1.1.1.jar
7f31f8c2d000-7f31f8c34000 r--s 00079000 08:01 661348                     /home/madunlap/.m2/repository/org/codehaus/woodstox/wstx-asl/3.2.6/wstx-asl-3.2.6.jar
7f31f8c34000-7f31f8c39000 r--s 00070000 08:01 661349                     /home/madunlap/.m2/repository/org/codehaus/woodstox/woodstox-core-asl/4.1.4/woodstox-core-asl-4.1.4.jar
7f31f8c39000-7f31f8c3d000 r--s 00026000 08:01 791256                     /home/madunlap/.m2/repository/org/apache/ws/commons/axiom/axiom-impl/1.2.14/axiom-impl-1.2.14.jar
7f31f8c3d000-7f31f8c40000 r--s 00015000 08:01 791254                     /home/madunlap/.m2/repository/org/apache/james/apache-mime4j-core/0.7.2/apache-mime4j-core-0.7.2.jar
7f31f8c40000-7f31f8c45000 r--s 00032000 08:01 791252                     /home/madunlap/.m2/repository/org/apache/geronimo/specs/geronimo-javamail_1.4_spec/1.7.1/geronimo-javamail_1.4_spec-1.7.1.jar
7f31f8c45000-7f31f8c4f000 r--s 0005d000 08:01 791250                     /home/madunlap/.m2/repository/org/apache/ws/commons/axiom/axiom-api/1.2.14/axiom-api-1.2.14.jar
7f31f8c4f000-7f31f8c52000 r--s 0014e000 08:01 791249                     /home/madunlap/.m2/repository/org/apache/abdera/abdera-parser/1.1.3/abdera-parser-1.1.3.jar
7f31f8c52000-7f31f8c54000 r--s 00006000 08:01 791245                     /home/madunlap/.m2/repository/org/apache/geronimo/specs/geronimo-stax-api_1.0_spec/1.0.1/geronimo-stax-api_1.0_spec-1.0.1.jar
7f31f8c54000-7f31f8c56000 r--s 0000a000 08:01 791243                     /home/madunlap/.m2/repository/org/apache/geronimo/specs/geronimo-activation_1.1_spec/1.1/geronimo-activation_1.1_spec-1.1.jar
7f31f8c56000-7f31f8c5a000 r--s 00094000 08:01 791246                     /home/madunlap/.m2/repository/org/apache/abdera/abdera-i18n/1.1.3/abdera-i18n-1.1.3.jar
7f31f8c5a000-7f31f8c5e000 r--s 00024000 08:01 791241                     /home/madunlap/.m2/repository/org/apache/abdera/abdera-core/1.1.3/abdera-core-1.1.3.jar
7f31f8c5e000-7f31f8c77000 r--s 002fd000 08:01 791240                     /home/madunlap/.m2/repository/com/ibm/icu/icu4j/3.4.4/icu4j-3.4.4.jar
7f31f8c77000-7f31f8c7a000 r--s 00023000 08:01 791237                     /home/madunlap/.m2/repository/com/hp/hpl/jena/iri/0.8/iri-0.8.jar
7f31f8c7a000-7f31f8c9d000 r--s 001ae000 08:01 791235                     /home/madunlap/.m2/repository/com/hp/hpl/jena/jena/2.6.4/jena-2.6.4.jar
7f31f8c9d000-7f31f8c9f000 r--s 0000d000 08:01 791233                     /home/madunlap/.m2/repository/org/apache/abdera/abdera-client/1.1.1/abdera-client-1.1.1.jar
7f31f8c9f000-7f31f8ca1000 r--s 00016000 08:01 791230                     /home/madunlap/.m2/repository/javax/servlet/servlet-api/2.4/servlet-api-2.4.jar
7f31f8ca1000-7f31f8ca4000 r--s 0000f000 08:01 791226                     /home/madunlap/.m2/repository/org/swordapp/sword2-server/1.0/sword2-server-1.0-classes.jar
7f31f8ca4000-7f31f8ca9000 r--s 00040000 08:01 791224                     /home/madunlap/.m2/repository/commons-httpclient/commons-httpclient/3.0.1/commons-httpclient-3.0.1.jar
7f31f8ca9000-7f31f8cac000 r--s 00012000 08:01 791228                     /home/madunlap/.m2/repository/org/glassfish/javax.json/1.0.4/javax.json-1.0.4.jar
7f31f8cac000-7f31f8cec000 r--s 00285000 08:01 925253                     /home/madunlap/.m2/repository/org/bouncycastle/bcprov-jdk15on/1.52/bcprov-jdk15on-1.52.jar
7f31f8cec000-7f31f8d73000 rw-p 00000000 00:00 0 
7f31f8d73000-7f31f917f000 r--s 03c80000 08:01 791225                     /home/madunlap/.m2/repository/com/amazonaws/aws-java-sdk-bundle/1.11.172/aws-java-sdk-bundle-1.11.172.jar
7f31f917f000-7f31f9182000 ---p 00000000 00:00 0 
7f31f9182000-7f31f9280000 rw-p 00000000 00:00 0 
7f31f9280000-7f31f955b000 r--p 00000000 08:01 1441812                    /usr/lib/locale/locale-archive
7f31f955b000-7f31f955e000 ---p 00000000 00:00 0 
7f31f955e000-7f31f965c000 rw-p 00000000 00:00 0 
7f31f965c000-7f31f965f000 ---p 00000000 00:00 0 
7f31f965f000-7f31f975d000 rw-p 00000000 00:00 0 
7f31f975d000-7f31f975e000 ---p 00000000 00:00 0 
7f31f975e000-7f31fa167000 rw-p 00000000 00:00 0 
7f31fa167000-7f31fa341000 r--s 03d4d000 08:01 1976682                    /usr/lib/jvm/java-8-oracle/jre/lib/rt.jar
7f31fa341000-7f31fcc0f000 rw-p 00000000 00:00 0 
7f31fcc0f000-7f31fcc10000 ---p 00000000 00:00 0 
7f31fcc10000-7f31fcd10000 rw-p 00000000 00:00 0 
7f31fcd10000-7f31fcd11000 ---p 00000000 00:00 0 
7f31fcd11000-7f31fce26000 rw-p 00000000 00:00 0 
7f31fce26000-7f31fcf5a000 ---p 00000000 00:00 0 
7f31fcf5a000-7f31fcf7e000 rw-p 00000000 00:00 0 
7f31fcf7e000-7f31fcfff000 ---p 00000000 00:00 0 
7f31fcfff000-7f31fd000000 rw-p 00000000 00:00 0 
7f31fd000000-7f31fd5f0000 rwxp 00000000 00:00 0 
7f31fd5f0000-7f320c000000 ---p 00000000 00:00 0 
7f320c000000-7f320cf4d000 rw-p 00000000 00:00 0 
7f320cf4d000-7f3210000000 ---p 00000000 00:00 0 
7f3210000000-7f3210006000 r--s 00034000 08:01 791227                     /home/madunlap/.m2/repository/junit/junit/4.8.1/junit-4.8.1.jar
7f3210006000-7f321000a000 r--s 00021000 08:01 925254                     /home/madunlap/.m2/repository/org/cryptacular/cryptacular/1.1.0/cryptacular-1.1.0.jar
7f321000a000-7f321000d000 r--s 00011000 08:01 925252                     /home/madunlap/.m2/repository/org/passay/passay/1.1.0/passay-1.1.0.jar
7f321000d000-7f3210071000 rw-p 00000000 00:00 0 
7f3210071000-7f32101a6000 ---p 00000000 00:00 0 
7f32101a6000-7f32101be000 rw-p 00000000 00:00 0 
7f32101be000-7f3210566000 ---p 00000000 00:00 0 
7f3210566000-7f3210580000 r-xp 00000000 08:01 2106481                    /usr/lib/jvm/java-8-oracle/jre/lib/amd64/libzip.so
7f3210580000-7f3210780000 ---p 0001a000 08:01 2106481                    /usr/lib/jvm/java-8-oracle/jre/lib/amd64/libzip.so
7f3210780000-7f3210781000 rw-p 0001a000 08:01 2106481                    /usr/lib/jvm/java-8-oracle/jre/lib/amd64/libzip.so
7f3210781000-7f321078c000 r-xp 00000000 08:01 663303                     /lib/x86_64-linux-gnu/libnss_files-2.24.so
7f321078c000-7f321098b000 ---p 0000b000 08:01 663303                     /lib/x86_64-linux-gnu/libnss_files-2.24.so
7f321098b000-7f321098c000 r--p 0000a000 08:01 663303                     /lib/x86_64-linux-gnu/libnss_files-2.24.so
7f321098c000-7f321098d000 rw-p 0000b000 08:01 663303                     /lib/x86_64-linux-gnu/libnss_files-2.24.so
7f321098d000-7f3210993000 rw-p 00000000 00:00 0 
7f3210993000-7f321099e000 r-xp 00000000 08:01 663305                     /lib/x86_64-linux-gnu/libnss_nis-2.24.so
7f321099e000-7f3210b9d000 ---p 0000b000 08:01 663305                     /lib/x86_64-linux-gnu/libnss_nis-2.24.so
7f3210b9d000-7f3210b9e000 r--p 0000a000 08:01 663305                     /lib/x86_64-linux-gnu/libnss_nis-2.24.so
7f3210b9e000-7f3210b9f000 rw-p 0000b000 08:01 663305                     /lib/x86_64-linux-gnu/libnss_nis-2.24.so
7f3210b9f000-7f3210bb5000 r-xp 00000000 08:01 663300                     /lib/x86_64-linux-gnu/libnsl-2.24.so
7f3210bb5000-7f3210db4000 ---p 00016000 08:01 663300                     /lib/x86_64-linux-gnu/libnsl-2.24.so
7f3210db4000-7f3210db5000 r--p 00015000 08:01 663300                     /lib/x86_64-linux-gnu/libnsl-2.24.so
7f3210db5000-7f3210db6000 rw-p 00016000 08:01 663300                     /lib/x86_64-linux-gnu/libnsl-2.24.so
7f3210db6000-7f3210db8000 rw-p 00000000 00:00 0 
7f3210db8000-7f3210dc0000 r-xp 00000000 08:01 663301                     /lib/x86_64-linux-gnu/libnss_compat-2.24.so
7f3210dc0000-7f3210fbf000 ---p 00008000 08:01 663301                     /lib/x86_64-linux-gnu/libnss_compat-2.24.so
7f3210fbf000-7f3210fc0000 r--p 00007000 08:01 663301                     /lib/x86_64-linux-gnu/libnss_compat-2.24.so
7f3210fc0000-7f3210fc1000 rw-p 00008000 08:01 663301                     /lib/x86_64-linux-gnu/libnss_compat-2.24.so
7f3210fc1000-7f3210fcb000 r-xp 00000000 08:01 2106519                    /usr/lib/jvm/java-8-oracle/jre/lib/amd64/libinstrument.so
7f3210fcb000-7f32111ca000 ---p 0000a000 08:01 2106519                    /usr/lib/jvm/java-8-oracle/jre/lib/amd64/libinstrument.so
7f32111ca000-7f32111cb000 rw-p 00009000 08:01 2106519                    /usr/lib/jvm/java-8-oracle/jre/lib/amd64/libinstrument.so
7f32111cb000-7f32111f6000 r-xp 00000000 08:01 2106508                    /usr/lib/jvm/java-8-oracle/jre/lib/amd64/libjava.so
7f32111f6000-7f32113f5000 ---p 0002b000 08:01 2106508                    /usr/lib/jvm/java-8-oracle/jre/lib/amd64/libjava.so
7f32113f5000-7f32113f7000 rw-p 0002a000 08:01 2106508                    /usr/lib/jvm/java-8-oracle/jre/lib/amd64/libjava.so
7f32113f7000-7f3211404000 r-xp 00000000 08:01 2106459                    /usr/lib/jvm/java-8-oracle/jre/lib/amd64/libverify.so
7f3211404000-7f3211604000 ---p 0000d000 08:01 2106459                    /usr/lib/jvm/java-8-oracle/jre/lib/amd64/libverify.so
7f3211604000-7f3211606000 rw-p 0000d000 08:01 2106459                    /usr/lib/jvm/java-8-oracle/jre/lib/amd64/libverify.so
7f3211606000-7f321160d000 r-xp 00000000 08:01 663310                     /lib/x86_64-linux-gnu/librt-2.24.so
7f321160d000-7f321180c000 ---p 00007000 08:01 663310                     /lib/x86_64-linux-gnu/librt-2.24.so
7f321180c000-7f321180d000 r--p 00006000 08:01 663310                     /lib/x86_64-linux-gnu/librt-2.24.so
7f321180d000-7f321180e000 rw-p 00007000 08:01 663310                     /lib/x86_64-linux-gnu/librt-2.24.so
7f321180e000-7f3211916000 r-xp 00000000 08:01 663297                     /lib/x86_64-linux-gnu/libm-2.24.so
7f3211916000-7f3211b15000 ---p 00108000 08:01 663297                     /lib/x86_64-linux-gnu/libm-2.24.so
7f3211b15000-7f3211b16000 r--p 00107000 08:01 663297                     /lib/x86_64-linux-gnu/libm-2.24.so
7f3211b16000-7f3211b17000 rw-p 00108000 08:01 663297                     /lib/x86_64-linux-gnu/libm-2.24.so
7f3211b17000-7f32127ea000 r-xp 00000000 08:01 2106512                    /usr/lib/jvm/java-8-oracle/jre/lib/amd64/server/libjvm.so
7f32127ea000-7f32129e9000 ---p 00cd3000 08:01 2106512                    /usr/lib/jvm/java-8-oracle/jre/lib/amd64/server/libjvm.so
7f32129e9000-7f3212ac3000 rw-p 00cd2000 08:01 2106512                    /usr/lib/jvm/java-8-oracle/jre/lib/amd64/server/libjvm.so
7f3212ac3000-7f3212b0e000 rw-p 00000000 00:00 0 
7f3212b0e000-7f3212ccc000 r-xp 00000000 08:01 663293                     /lib/x86_64-linux-gnu/libc-2.24.so
7f3212ccc000-7f3212ecb000 ---p 001be000 08:01 663293                     /lib/x86_64-linux-gnu/libc-2.24.so
7f3212ecb000-7f3212ecf000 r--p 001bd000 08:01 663293                     /lib/x86_64-linux-gnu/libc-2.24.so
7f3212ecf000-7f3212ed1000 rw-p 001c1000 08:01 663293                     /lib/x86_64-linux-gnu/libc-2.24.so
7f3212ed1000-7f3212ed5000 rw-p 00000000 00:00 0 
7f3212ed5000-7f3212ed8000 r-xp 00000000 08:01 663296                     /lib/x86_64-linux-gnu/libdl-2.24.so
7f3212ed8000-7f32130d7000 ---p 00003000 08:01 663296                     /lib/x86_64-linux-gnu/libdl-2.24.so
7f32130d7000-7f32130d8000 r--p 00002000 08:01 663296                     /lib/x86_64-linux-gnu/libdl-2.24.so
7f32130d8000-7f32130d9000 rw-p 00003000 08:01 663296                     /lib/x86_64-linux-gnu/libdl-2.24.so
7f32130d9000-7f32130ee000 r-xp 00000000 08:01 2106497                    /usr/lib/jvm/java-8-oracle/jre/lib/amd64/jli/libjli.so
7f32130ee000-7f32132ee000 ---p 00015000 08:01 2106497                    /usr/lib/jvm/java-8-oracle/jre/lib/amd64/jli/libjli.so
7f32132ee000-7f32132ef000 rw-p 00015000 08:01 2106497                    /usr/lib/jvm/java-8-oracle/jre/lib/amd64/jli/libjli.so
7f32132ef000-7f3213307000 r-xp 00000000 08:01 663308                     /lib/x86_64-linux-gnu/libpthread-2.24.so
7f3213307000-7f3213507000 ---p 00018000 08:01 663308                     /lib/x86_64-linux-gnu/libpthread-2.24.so
7f3213507000-7f3213508000 r--p 00018000 08:01 663308                     /lib/x86_64-linux-gnu/libpthread-2.24.so
7f3213508000-7f3213509000 rw-p 00019000 08:01 663308                     /lib/x86_64-linux-gnu/libpthread-2.24.so
7f3213509000-7f321350d000 rw-p 00000000 00:00 0 
7f321350d000-7f3213533000 r-xp 00000000 08:01 663288                     /lib/x86_64-linux-gnu/ld-2.24.so
7f3213533000-7f3213534000 r--s 00005000 08:01 791308                     /home/madunlap/.m2/repository/org/noggit/noggit/0.5/noggit-0.5.jar
7f3213534000-7f3213605000 rw-p 00000000 00:00 0 
7f3213605000-7f3213608000 ---p 00000000 00:00 0 
7f3213608000-7f3213708000 rw-p 00000000 00:00 0 
7f3213708000-7f3213709000 r--s 00004000 08:01 791275                     /home/madunlap/.m2/repository/org/mindrot/jbcrypt/0.3m/jbcrypt-0.3m.jar
7f3213709000-7f321370e000 r--s 00023000 08:01 791711                     /home/madunlap/.m2/repository/org/apache/maven/surefire/surefire-api/2.10/surefire-api-2.10.jar
7f321370e000-7f3213710000 r--s 00007000 08:01 791708                     /home/madunlap/.m2/repository/org/apache/maven/surefire/surefire-booter/2.10/surefire-booter-2.10.jar
7f3213710000-7f3213711000 r--s 00005000 08:01 925900                     /home/madunlap/Documents/github/dataverse/target/surefire/surefirebooter8307095275744982274.jar
7f3213711000-7f3213725000 rw-p 00000000 00:00 0 
7f3213725000-7f321372d000 rw-s 00000000 08:01 2635447                    /tmp/hsperfdata_madunlap/29449
7f321372d000-7f321372e000 rw-p 00000000 00:00 0 
7f321372e000-7f321372f000 ---p 00000000 00:00 0 
7f321372f000-7f3213732000 rw-p 00000000 00:00 0 
7f3213732000-7f3213733000 r--p 00025000 08:01 663288                     /lib/x86_64-linux-gnu/ld-2.24.so
7f3213733000-7f3213734000 rw-p 00026000 08:01 663288                     /lib/x86_64-linux-gnu/ld-2.24.so
7f3213734000-7f3213735000 rw-p 00000000 00:00 0 
7fffec97a000-7fffec99b000 rw-p 00000000 00:00 0                          [stack]
7fffec9b6000-7fffec9b8000 r--p 00000000 00:00 0                          [vvar]
7fffec9b8000-7fffec9ba000 r-xp 00000000 00:00 0                          [vdso]
ffffffffff600000-ffffffffff601000 r-xp 00000000 00:00 0                  [vsyscall]

VM Arguments:
jvm_args: -javaagent:/home/madunlap/.m2/repository/org/jacoco/org.jacoco.agent/0.7.5.201505241946/org.jacoco.agent-0.7.5.201505241946-runtime.jar=destfile=/home/madunlap/Documents/github/dataverse/target/jacoco.exec 
java_command: /home/madunlap/Documents/github/dataverse/target/surefire/surefirebooter8307095275744982274.jar /home/madunlap/Documents/github/dataverse/target/surefire/surefire5687734128338925698tmp /home/madunlap/Documents/github/dataverse/target/surefire/surefire2772280149307791103tmp
java_class_path (initial): /home/madunlap/Documents/github/dataverse/target/surefire/surefirebooter8307095275744982274.jar:/home/madunlap/.m2/repository/org/jacoco/org.jacoco.agent/0.7.5.201505241946/org.jacoco.agent-0.7.5.201505241946-runtime.jar
Launcher Type: SUN_STANDARD

Environment Variables:
JAVA_HOME=/usr/lib/jvm/java-8-oracle
PATH=/usr/local/sbin:/usr/local/bin:/usr/sbin:/usr/bin:/sbin:/bin:/usr/games:/usr/local/games:/snap/bin:/usr/lib/jvm/java-8-oracle/bin:/usr/lib/jvm/java-8-oracle/db/bin:/usr/lib/jvm/java-8-oracle/jre/bin
LD_LIBRARY_PATH=/usr/lib/jvm/java-8-oracle/jre/lib/amd64:/usr/lib/jvm/java-8-oracle/jre/lib/i386:
SHELL=/bin/bash
DISPLAY=:0

Signal Handlers:
SIGSEGV: [libjvm.so+0xacba10], sa_mask[0]=11111111011111111101111111111110, sa_flags=SA_RESTART|SA_SIGINFO
SIGBUS: [libjvm.so+0xacba10], sa_mask[0]=11111111011111111101111111111110, sa_flags=SA_RESTART|SA_SIGINFO
SIGFPE: [libjvm.so+0x924ba0], sa_mask[0]=11111111011111111101111111111110, sa_flags=SA_RESTART|SA_SIGINFO
SIGPIPE: [libjvm.so+0x924ba0], sa_mask[0]=11111111011111111101111111111110, sa_flags=SA_RESTART|SA_SIGINFO
SIGXFSZ: [libjvm.so+0x924ba0], sa_mask[0]=11111111011111111101111111111110, sa_flags=SA_RESTART|SA_SIGINFO
SIGILL: [libjvm.so+0x924ba0], sa_mask[0]=11111111011111111101111111111110, sa_flags=SA_RESTART|SA_SIGINFO
SIGUSR1: SIG_DFL, sa_mask[0]=00000000000000000000000000000000, sa_flags=none
SIGUSR2: [libjvm.so+0x9263e0], sa_mask[0]=00100000000000000000000000000000, sa_flags=SA_RESTART|SA_SIGINFO
SIGHUP: [libjvm.so+0x9277e0], sa_mask[0]=11111111011111111101111111111110, sa_flags=SA_RESTART|SA_SIGINFO
SIGINT: SIG_IGN, sa_mask[0]=00000000000000000000000000000000, sa_flags=none
SIGTERM: [libjvm.so+0x9277e0], sa_mask[0]=11111111011111111101111111111110, sa_flags=SA_RESTART|SA_SIGINFO
SIGQUIT: [libjvm.so+0x9277e0], sa_mask[0]=11111111011111111101111111111110, sa_flags=SA_RESTART|SA_SIGINFO


---------------  S Y S T E M  ---------------

OS:DISTRIB_ID=Ubuntu
DISTRIB_RELEASE=17.04
DISTRIB_CODENAME=zesty
DISTRIB_DESCRIPTION="Ubuntu 17.04"

uname:Linux 4.10.0-33-generic #37-Ubuntu SMP Fri Aug 11 10:55:28 UTC 2017 x86_64
libc:glibc 2.24 NPTL 2.24 
rlimit: STACK 8192k, CORE 0k, NPROC 15602, NOFILE 1048576, AS infinity
load average:1.65 1.41 0.85

/proc/meminfo:
MemTotal:        4039872 kB
MemFree:          626956 kB
MemAvailable:     551760 kB
Buffers:            4164 kB
Cached:            75040 kB
SwapCached:         1624 kB
Active:          2891260 kB
Inactive:         317508 kB
Active(anon):    2880588 kB
Inactive(anon):   277068 kB
Active(file):      10672 kB
Inactive(file):    40440 kB
Unevictable:          32 kB
Mlocked:              32 kB
SwapTotal:       2097148 kB
SwapFree:           5248 kB
Dirty:                16 kB
Writeback:             0 kB
AnonPages:       3128404 kB
Mapped:            34184 kB
Shmem:             27844 kB
Slab:              87456 kB
SReclaimable:      41904 kB
SUnreclaim:        45552 kB
KernelStack:       13904 kB
PageTables:        65760 kB
NFS_Unstable:          0 kB
Bounce:                0 kB
WritebackTmp:          0 kB
CommitLimit:     4117084 kB
Committed_AS:    8685584 kB
VmallocTotal:   34359738367 kB
VmallocUsed:           0 kB
VmallocChunk:          0 kB
HardwareCorrupted:     0 kB
AnonHugePages:   1011712 kB
ShmemHugePages:        0 kB
ShmemPmdMapped:        0 kB
CmaTotal:              0 kB
CmaFree:               0 kB
HugePages_Total:       0
HugePages_Free:        0
HugePages_Rsvd:        0
HugePages_Surp:        0
Hugepagesize:       2048 kB
DirectMap4k:      153520 kB
DirectMap2M:     4040704 kB


CPU:total 2 (initial active 2) (2 cores per cpu, 1 threads per core) family 6 model 70 stepping 1, cmov, cx8, fxsr, mmx, sse, sse2, sse3, ssse3, sse4.1, sse4.2, popcnt, avx, avx2, aes, clmul, erms, lzcnt, tsc, tscinvbit, bmi1, bmi2

/proc/cpuinfo:
processor	: 0
vendor_id	: GenuineIntel
cpu family	: 6
model		: 70
model name	: Intel(R) Core(TM) i7-4870HQ CPU @ 2.50GHz
stepping	: 1
microcode	: 0x13
cpu MHz		: 2494.226
cache size	: 6144 KB
physical id	: 0
siblings	: 2
core id		: 0
cpu cores	: 2
apicid		: 0
initial apicid	: 0
fpu		: yes
fpu_exception	: yes
cpuid level	: 13
wp		: yes
flags		: fpu vme de pse tsc msr pae mce cx8 apic sep mtrr pge mca cmov pat pse36 clflush mmx fxsr sse sse2 ss ht syscall nx rdtscp lm constant_tsc nopl xtopology nonstop_tsc pni pclmulqdq ssse3 fma cx16 pcid sse4_1 sse4_2 x2apic movbe popcnt tsc_deadline_timer aes xsave avx f16c rdrand hypervisor lahf_lm abm fsgsbase tsc_adjust bmi1 avx2 smep bmi2 invpcid xsaveopt dtherm arat pln pts
bugs		:
bogomips	: 4988.45
clflush size	: 64
cache_alignment	: 64
address sizes	: 36 bits physical, 48 bits virtual
power management:

processor	: 1
vendor_id	: GenuineIntel
cpu family	: 6
model		: 70
model name	: Intel(R) Core(TM) i7-4870HQ CPU @ 2.50GHz
stepping	: 1
microcode	: 0x13
cpu MHz		: 2494.226
cache size	: 6144 KB
physical id	: 0
siblings	: 2
core id		: 1
cpu cores	: 2
apicid		: 1
initial apicid	: 1
fpu		: yes
fpu_exception	: yes
cpuid level	: 13
wp		: yes
flags		: fpu vme de pse tsc msr pae mce cx8 apic sep mtrr pge mca cmov pat pse36 clflush mmx fxsr sse sse2 ss ht syscall nx rdtscp lm constant_tsc nopl xtopology nonstop_tsc pni pclmulqdq ssse3 fma cx16 pcid sse4_1 sse4_2 x2apic movbe popcnt tsc_deadline_timer aes xsave avx f16c rdrand hypervisor lahf_lm abm fsgsbase tsc_adjust bmi1 avx2 smep bmi2 invpcid xsaveopt dtherm arat pln pts
bugs		:
bogomips	: 4988.45
clflush size	: 64
cache_alignment	: 64
address sizes	: 36 bits physical, 48 bits virtual
power management:



Memory: 4k page, physical 4039872k(625468k free), swap 2097148k(5248k free)

vm_info: Java HotSpot(TM) 64-Bit Server VM (25.144-b01) for linux-amd64 JRE (1.8.0_144-b01), built on Jul 21 2017 21:57:33 by "java_re" with gcc 4.3.0 20080428 (Red Hat 4.3.0-8)

time: Mon Sep  4 16:17:08 2017
elapsed time: 10 seconds (0d 0h 0m 10s)

