#
# There is insufficient memory for the Java Runtime Environment to continue.
# Native memory allocation (mmap) failed to map 94371840 bytes for committing reserved memory.
# Possible reasons:
#   The system is out of physical RAM or swap space
#   In 32 bit mode, the process size limit was hit
# Possible solutions:
#   Reduce memory load on the system
#   Increase physical memory or swap space
#   Check if swap backing store is full
#   Use 64 bit Java on a 64 bit OS
#   Decrease Java heap size (-Xmx/-Xms)
#   Decrease number of Java threads
#   Decrease Java thread stack sizes (-Xss)
#   Set larger code cache with -XX:ReservedCodeCacheSize=
# This output file may be truncated or incomplete.
#
#  Out of Memory Error (os_linux.cpp:2640), pid=16183, tid=0x00007f47e50f6700
#
# JRE version: Java(TM) SE Runtime Environment (8.0_144-b01) (build 1.8.0_144-b01)
# Java VM: Java HotSpot(TM) 64-Bit Server VM (25.144-b01 mixed mode linux-amd64 compressed oops)
# Failed to write core dump. Core dumps have been disabled. To enable core dumping, try "ulimit -c unlimited" before starting Java again
#

---------------  T H R E A D  ---------------

Current thread (0x00007f47f8073800):  VMThread [stack: 0x00007f47e4ff6000,0x00007f47e50f7000] [id=16189]

Stack: [0x00007f47e4ff6000,0x00007f47e50f7000],  sp=0x00007f47e50f5120,  free space=1020k
Native frames: (J=compiled Java code, j=interpreted, Vv=VM code, C=native code)
V  [libjvm.so+0xacb18a]  VMError::report_and_die()+0x2ba
V  [libjvm.so+0x4ff4db]  report_vm_out_of_memory(char const*, int, unsigned long, VMErrorType, char const*)+0x8b
V  [libjvm.so+0x927d23]  os::Linux::commit_memory_impl(char*, unsigned long, bool)+0x103
V  [libjvm.so+0x928279]  os::pd_commit_memory(char*, unsigned long, unsigned long, bool)+0x29
V  [libjvm.so+0x92249a]  os::commit_memory(char*, unsigned long, unsigned long, bool)+0x2a
V  [libjvm.so+0x996ff3]  PSVirtualSpace::expand_by(unsigned long)+0x53
V  [libjvm.so+0x9878b0]  PSOldGen::expand(unsigned long)+0x170
V  [libjvm.so+0x987abb]  PSOldGen::resize(unsigned long)+0x1cb
V  [libjvm.so+0x98f7c1]  PSParallelCompact::invoke_no_policy(bool)+0x991
V  [libjvm.so+0x99511d]  PSScavenge::invoke()+0x1ad
V  [libjvm.so+0x94bce0]  ParallelScavengeHeap::failed_mem_allocate(unsigned long)+0x70
V  [libjvm.so+0xaccba7]  VM_ParallelGCFailedAllocation::doit()+0x97
V  [libjvm.so+0xad4685]  VM_Operation::evaluate()+0x55
V  [libjvm.so+0xad2a5a]  VMThread::evaluate_operation(VM_Operation*)+0xba
V  [libjvm.so+0xad2dde]  VMThread::loop()+0x1ce
V  [libjvm.so+0xad3250]  VMThread::run()+0x70
V  [libjvm.so+0x92a338]  java_start(Thread*)+0x108

VM_Operation (0x00007f47fee23ee0): ParallelGCFailedAllocation, mode: safepoint, requested by thread 0x00007f47f800a000


---------------  P R O C E S S  ---------------

Java Threads: ( => current thread )
  0x00007f47f864a000 JavaThread "process reaper" daemon [_thread_blocked, id=16201, stack(0x00007f47e412f000,0x00007f47e4168000)]
  0x00007f47f80ba800 JavaThread "Service Thread" daemon [_thread_blocked, id=16195, stack(0x00007f47e4715000,0x00007f47e4816000)]
  0x00007f47f80b7800 JavaThread "C1 CompilerThread1" daemon [_thread_blocked, id=16194, stack(0x00007f47e4816000,0x00007f47e4917000)]
  0x00007f47f80b4800 JavaThread "C2 CompilerThread0" daemon [_thread_blocked, id=16193, stack(0x00007f47e4917000,0x00007f47e4a18000)]
  0x00007f47f80b3000 JavaThread "Signal Dispatcher" daemon [_thread_blocked, id=16192, stack(0x00007f47e4a18000,0x00007f47e4b19000)]
  0x00007f47f8080000 JavaThread "Finalizer" daemon [_thread_blocked, id=16191, stack(0x00007f47e4df4000,0x00007f47e4ef5000)]
  0x00007f47f807b800 JavaThread "Reference Handler" daemon [_thread_blocked, id=16190, stack(0x00007f47e4ef5000,0x00007f47e4ff6000)]
  0x00007f47f800a000 JavaThread "main" [_thread_blocked, id=16186, stack(0x00007f47fed28000,0x00007f47fee29000)]

Other Threads:
=>0x00007f47f8073800 VMThread [stack: 0x00007f47e4ff6000,0x00007f47e50f7000] [id=16189]
  0x00007f47f80bd000 WatcherThread [stack: 0x00007f47e4614000,0x00007f47e4715000] [id=16196]

VM state:at safepoint (normal execution)

VM Mutex/Monitor currently owned by a thread:  ([mutex/lock_event])
[0x00007f47f8005b20] ExpandHeap_lock - owner thread: 0x00007f47f8073800
[0x00007f47f80061a0] Threads_lock - owner thread: 0x00007f47f8073800
[0x00007f47f80066a0] Heap_lock - owner thread: 0x00007f47f800a000

Heap:
 PSYoungGen      total 271360K, used 0K [0x00000000eb700000, 0x0000000100000000, 0x0000000100000000)
  eden space 243712K, 0% used [0x00000000eb700000,0x00000000eb700000,0x00000000fa500000)
  from space 27648K, 0% used [0x00000000fa500000,0x00000000fa500000,0x00000000fc000000)
  to   space 47616K, 0% used [0x00000000fd180000,0x00000000fd180000,0x0000000100000000)
 ParOldGen       total 133632K, used 133353K [0x00000000c2400000, 0x00000000ca680000, 0x00000000eb700000)
  object space 133632K, 99% used [0x00000000c2400000,0x00000000ca63a638,0x00000000ca680000)
 Metaspace       used 24885K, capacity 25576K, committed 25856K, reserved 1073152K
  class space    used 2744K, capacity 2946K, committed 3072K, reserved 1048576K

Card table byte_map: [0x00007f47e8836000,0x00007f47e8a25000] byte_map_base: 0x00007f47e8224000

Marking Bits: (ParMarkBitMap*) 0x00007f47fe203dc0
 Begin Bits: [0x00007f47e660a000, 0x00007f47e757a000)
 End Bits:   [0x00007f47e757a000, 0x00007f47e84ea000)

Polling page: 0x00007f47fee51000

CodeCache: size=245760Kb used=19968Kb max_used=19968Kb free=225791Kb
 bounds [0x00007f47e8de5000, 0x00007f47ea185000, 0x00007f47f7de5000]
 total_blobs=6517 nmethods=6133 adapters=296
 compilation: enabled

Compilation events (10 events):
Event: 10.723 Thread 0x00007f47f80b7800 6930       2       com.sun.tools.javac.code.Types::returnTypeSubstitutable (107 bytes)
Event: 10.724 Thread 0x00007f47f80b7800 nmethod 6930 0x00007f47ea1709d0 code [0x00007f47ea170c40, 0x00007f47ea1712e8]
Event: 10.724 Thread 0x00007f47f80b7800 6931       2       com.sun.tools.javac.code.Types::subst (15 bytes)
Event: 10.724 Thread 0x00007f47f80b7800 nmethod 6931 0x00007f47ea170590 code [0x00007f47ea170700, 0x00007f47ea1708f8]
Event: 10.724 Thread 0x00007f47f80b7800 6932       2       com.sun.tools.javac.comp.Check::isDeprecatedOverrideIgnorable (119 bytes)
Event: 10.724 Thread 0x00007f47f80b7800 nmethod 6932 0x00007f47ea179c90 code [0x00007f47ea179e80, 0x00007f47ea17a328]
Event: 10.728 Thread 0x00007f47f80b7800 6933       2       com.sun.tools.javac.code.Symbol$MethodSymbol::getReturnType (8 bytes)
Event: 10.728 Thread 0x00007f47f80b7800 nmethod 6933 0x00007f47ea1701d0 code [0x00007f47ea170340, 0x00007f47ea1704c8]
Event: 10.730 Thread 0x00007f47f80b7800 6935       2       com.sun.tools.javac.comp.DeferredAttr$DeferredChecker$3::process (6 bytes)
Event: 10.731 Thread 0x00007f47f80b7800 nmethod 6935 0x00007f47ea17a810 code [0x00007f47ea17a980, 0x00007f47ea17aae8]

GC Heap History (10 events):
Event: 4.438 GC heap after
Heap after GC invocations=11 (full 1):
 PSYoungGen      total 211456K, used 0K [0x00000000eb700000, 0x00000000f9200000, 0x0000000100000000)
  eden space 200192K, 0% used [0x00000000eb700000,0x00000000eb700000,0x00000000f7a80000)
  from space 11264K, 0% used [0x00000000f8600000,0x00000000f8600000,0x00000000f9100000)
  to   space 11776K, 0% used [0x00000000f7a80000,0x00000000f7a80000,0x00000000f8600000)
 ParOldGen       total 50176K, used 20249K [0x00000000c2400000, 0x00000000c5500000, 0x00000000eb700000)
  object space 50176K, 40% used [0x00000000c2400000,0x00000000c37c6648,0x00000000c5500000)
 Metaspace       used 20516K, capacity 21136K, committed 21296K, reserved 1069056K
  class space    used 2429K, capacity 2618K, committed 2688K, reserved 1048576K
}
Event: 6.215 GC heap before
{Heap before GC invocations=12 (full 1):
 PSYoungGen      total 211456K, used 200192K [0x00000000eb700000, 0x00000000f9200000, 0x0000000100000000)
  eden space 200192K, 100% used [0x00000000eb700000,0x00000000f7a80000,0x00000000f7a80000)
  from space 11264K, 0% used [0x00000000f8600000,0x00000000f8600000,0x00000000f9100000)
  to   space 11776K, 0% used [0x00000000f7a80000,0x00000000f7a80000,0x00000000f8600000)
 ParOldGen       total 50176K, used 20249K [0x00000000c2400000, 0x00000000c5500000, 0x00000000eb700000)
  object space 50176K, 40% used [0x00000000c2400000,0x00000000c37c6648,0x00000000c5500000)
 Metaspace       used 21342K, capacity 22000K, committed 22320K, reserved 1069056K
  class space    used 2481K, capacity 2650K, committed 2688K, reserved 1048576K
Event: 6.345 GC heap after
Heap after GC invocations=12 (full 1):
 PSYoungGen      total 211968K, used 11763K [0x00000000eb700000, 0x00000000ff600000, 0x0000000100000000)
  eden space 200192K, 0% used [0x00000000eb700000,0x00000000eb700000,0x00000000f7a80000)
  from space 11776K, 99% used [0x00000000f7a80000,0x00000000f85fcdd0,0x00000000f8600000)
  to   space 31744K, 0% used [0x00000000fd700000,0x00000000fd700000,0x00000000ff600000)
 ParOldGen       total 69632K, used 69531K [0x00000000c2400000, 0x00000000c6800000, 0x00000000eb700000)
  object space 69632K, 99% used [0x00000000c2400000,0x00000000c67e6e20,0x00000000c6800000)
 Metaspace       used 21342K, capacity 22000K, committed 22320K, reserved 1069056K
  class space    used 2481K, capacity 2650K, committed 2688K, reserved 1048576K
}
Event: 6.351 GC heap before
{Heap before GC invocations=13 (full 2):
 PSYoungGen      total 211968K, used 11763K [0x00000000eb700000, 0x00000000ff600000, 0x0000000100000000)
  eden space 200192K, 0% used [0x00000000eb700000,0x00000000eb700000,0x00000000f7a80000)
  from space 11776K, 99% used [0x00000000f7a80000,0x00000000f85fcdd0,0x00000000f8600000)
  to   space 31744K, 0% used [0x00000000fd700000,0x00000000fd700000,0x00000000ff600000)
 ParOldGen       total 69632K, used 69531K [0x00000000c2400000, 0x00000000c6800000, 0x00000000eb700000)
  object space 69632K, 99% used [0x00000000c2400000,0x00000000c67e6e20,0x00000000c6800000)
 Metaspace       used 21342K, capacity 22000K, committed 22320K, reserved 1069056K
  class space    used 2481K, capacity 2650K, committed 2688K, reserved 1048576K
Event: 6.682 GC heap after
Heap after GC invocations=13 (full 2):
 PSYoungGen      total 211968K, used 9679K [0x00000000eb700000, 0x00000000ff600000, 0x0000000100000000)
  eden space 200192K, 0% used [0x00000000eb700000,0x00000000eb700000,0x00000000f7a80000)
  from space 11776K, 82% used [0x00000000f7a80000,0x00000000f83f3c68,0x00000000f8600000)
  to   space 31744K, 0% used [0x00000000fd700000,0x00000000fd700000,0x00000000ff600000)
 ParOldGen       total 133632K, used 69239K [0x00000000c2400000, 0x00000000ca680000, 0x00000000eb700000)
  object space 133632K, 51% used [0x00000000c2400000,0x00000000c679dff8,0x00000000ca680000)
 Metaspace       used 21342K, capacity 22000K, committed 22320K, reserved 1069056K
  class space    used 2481K, capacity 2650K, committed 2688K, reserved 1048576K
}
Event: 8.523 GC heap before
{Heap before GC invocations=14 (full 2):
 PSYoungGen      total 211968K, used 209871K [0x00000000eb700000, 0x00000000ff600000, 0x0000000100000000)
  eden space 200192K, 100% used [0x00000000eb700000,0x00000000f7a80000,0x00000000f7a80000)
  from space 11776K, 82% used [0x00000000f7a80000,0x00000000f83f3c68,0x00000000f8600000)
  to   space 31744K, 0% used [0x00000000fd700000,0x00000000fd700000,0x00000000ff600000)
 ParOldGen       total 133632K, used 69239K [0x00000000c2400000, 0x00000000ca680000, 0x00000000eb700000)
  object space 133632K, 51% used [0x00000000c2400000,0x00000000c679dff8,0x00000000ca680000)
 Metaspace       used 22954K, capacity 23656K, committed 23936K, reserved 1071104K
  class space    used 2594K, capacity 2818K, committed 2944K, reserved 1048576K
Event: 8.743 GC heap after
Heap after GC invocations=14 (full 2):
 PSYoungGen      total 275456K, used 31718K [0x00000000eb700000, 0x00000000fff00000, 0x0000000100000000)
  eden space 243712K, 0% used [0x00000000eb700000,0x00000000eb700000,0x00000000fa500000)
  from space 31744K, 99% used [0x00000000fd700000,0x00000000ff5f9848,0x00000000ff600000)
  to   space 46080K, 0% used [0x00000000fa500000,0x00000000fa500000,0x00000000fd200000)
 ParOldGen       total 133632K, used 93865K [0x00000000c2400000, 0x00000000ca680000, 0x00000000eb700000)
  object space 133632K, 70% used [0x00000000c2400000,0x00000000c7faa688,0x00000000ca680000)
 Metaspace       used 22954K, capacity 23656K, committed 23936K, reserved 1071104K
  class space    used 2594K, capacity 2818K, committed 2944K, reserved 1048576K
}
Event: 10.731 GC heap before
{Heap before GC invocations=15 (full 2):
 PSYoungGen      total 275456K, used 275430K [0x00000000eb700000, 0x00000000fff00000, 0x0000000100000000)
  eden space 243712K, 100% used [0x00000000eb700000,0x00000000fa500000,0x00000000fa500000)
  from space 31744K, 99% used [0x00000000fd700000,0x00000000ff5f9848,0x00000000ff600000)
  to   space 46080K, 0% used [0x00000000fa500000,0x00000000fa500000,0x00000000fd200000)
 ParOldGen       total 133632K, used 93865K [0x00000000c2400000, 0x00000000ca680000, 0x00000000eb700000)
  object space 133632K, 70% used [0x00000000c2400000,0x00000000c7faa688,0x00000000ca680000)
 Metaspace       used 24885K, capacity 25576K, committed 25856K, reserved 1073152K
  class space    used 2744K, capacity 2946K, committed 3072K, reserved 1048576K
Event: 10.940 GC heap after
Heap after GC invocations=15 (full 2):
 PSYoungGen      total 271360K, used 27621K [0x00000000eb700000, 0x0000000100000000, 0x0000000100000000)
  eden space 243712K, 0% used [0x00000000eb700000,0x00000000eb700000,0x00000000fa500000)
  from space 27648K, 99% used [0x00000000fa500000,0x00000000fbff9448,0x00000000fc000000)
  to   space 47616K, 0% used [0x00000000fd180000,0x00000000fd180000,0x0000000100000000)
 ParOldGen       total 133632K, used 124379K [0x00000000c2400000, 0x00000000ca680000, 0x00000000eb700000)
  object space 133632K, 93% used [0x00000000c2400000,0x00000000c9d76d80,0x00000000ca680000)
 Metaspace       used 24885K, capacity 25576K, committed 25856K, reserved 1073152K
  class space    used 2744K, capacity 2946K, committed 3072K, reserved 1048576K
}
Event: 10.941 GC heap before
{Heap before GC invocations=16 (full 3):
 PSYoungGen      total 271360K, used 27621K [0x00000000eb700000, 0x0000000100000000, 0x0000000100000000)
  eden space 243712K, 0% used [0x00000000eb700000,0x00000000eb700000,0x00000000fa500000)
  from space 27648K, 99% used [0x00000000fa500000,0x00000000fbff9448,0x00000000fc000000)
  to   space 47616K, 0% used [0x00000000fd180000,0x00000000fd180000,0x0000000100000000)
 ParOldGen       total 133632K, used 124379K [0x00000000c2400000, 0x00000000ca680000, 0x00000000eb700000)
  object space 133632K, 93% used [0x00000000c2400000,0x00000000c9d76d80,0x00000000ca680000)
 Metaspace       used 24885K, capacity 25576K, committed 25856K, reserved 1073152K
  class space    used 2744K, capacity 2946K, committed 3072K, reserved 1048576K

Deoptimization events (10 events):
Event: 10.367 Thread 0x00007f47f800a000 Uncommon trap: reason=bimorphic action=maybe_recompile pc=0x00007f47e9ad5508 method=com.sun.tools.javac.code.Types$UnaryVisitor.visit(Lcom/sun/tools/javac/code/Type;)Ljava/lang/Object; @ 3
Event: 10.376 Thread 0x00007f47f800a000 Uncommon trap: reason=bimorphic action=maybe_recompile pc=0x00007f47e90a0624 method=com.sun.tools.javac.code.Types$UnaryVisitor.visit(Lcom/sun/tools/javac/code/Type;)Ljava/lang/Object; @ 3
Event: 10.413 Thread 0x00007f47f800a000 Uncommon trap: reason=unstable_if action=reinterpret pc=0x00007f47e90dc378 method=com.sun.tools.javac.util.IntHashTable.rehash()V @ 88
Event: 10.488 Thread 0x00007f47f800a000 Uncommon trap: reason=bimorphic action=maybe_recompile pc=0x00007f47e9a6a8a4 method=com.sun.tools.javac.comp.Resolve$AbstractMethodCheck.argumentsAcceptable(Lcom/sun/tools/javac/comp/Env;Lcom/sun/tools/javac/comp/DeferredAttr$DeferredAttrContext;Lcom/sun/
Event: 10.488 Thread 0x00007f47f800a000 Uncommon trap: reason=bimorphic action=maybe_recompile pc=0x00007f47e9a6a8a4 method=com.sun.tools.javac.comp.Resolve$AbstractMethodCheck.argumentsAcceptable(Lcom/sun/tools/javac/comp/Env;Lcom/sun/tools/javac/comp/DeferredAttr$DeferredAttrContext;Lcom/sun/
Event: 10.557 Thread 0x00007f47f800a000 Uncommon trap: reason=unstable_if action=reinterpret pc=0x00007f47e9a30cfc method=com.sun.tools.javac.code.Types$SameTypeVisitor.visitClassType(Lcom/sun/tools/javac/code/Type$ClassType;Lcom/sun/tools/javac/code/Type;)Ljava/lang/Boolean; @ 98
Event: 10.578 Thread 0x00007f47f800a000 Uncommon trap: reason=bimorphic action=maybe_recompile pc=0x00007f47e9a60bb4 method=com.sun.tools.javac.code.Types$UnaryVisitor.visit(Lcom/sun/tools/javac/code/Type;)Ljava/lang/Object; @ 3
Event: 10.578 Thread 0x00007f47f800a000 Uncommon trap: reason=bimorphic action=maybe_recompile pc=0x00007f47e9ad5508 method=com.sun.tools.javac.code.Types$UnaryVisitor.visit(Lcom/sun/tools/javac/code/Type;)Ljava/lang/Object; @ 3
Event: 10.641 Thread 0x00007f47f800a000 Uncommon trap: reason=speculate_class_check action=maybe_recompile pc=0x00007f47e9bae1e4 method=com.sun.tools.javac.code.Type.hasTag(Lcom/sun/tools/javac/code/TypeTag;)Z @ 2
Event: 10.641 Thread 0x00007f47f800a000 Uncommon trap: reason=speculate_class_check action=maybe_recompile pc=0x00007f47e9bae1e4 method=com.sun.tools.javac.code.Type.hasTag(Lcom/sun/tools/javac/code/TypeTag;)Z @ 2

Internal exceptions (10 events):
Event: 4.770 Thread 0x00007f47f800a000 Exception <a 'java/security/PrivilegedActionException'> (0x00000000edc90358) thrown at [/HUDSON3/workspace/8-2-build-linux-amd64/jdk8u144/9417/hotspot/src/share/vm/prims/jvm.cpp, line 1390]
Event: 6.093 Thread 0x00007f47f800a000 Exception <a 'java/io/FileNotFoundException'> (0x00000000f684a990) thrown at [/HUDSON3/workspace/8-2-build-linux-amd64/jdk8u144/9417/hotspot/src/share/vm/prims/jni.cpp, line 709]
Event: 6.097 Thread 0x00007f47f800a000 Exception <a 'java/io/FileNotFoundException'> (0x00000000f687f9c0) thrown at [/HUDSON3/workspace/8-2-build-linux-amd64/jdk8u144/9417/hotspot/src/share/vm/prims/jni.cpp, line 709]
Event: 6.210 Thread 0x00007f47f800a000 Exception <a 'java/io/FileNotFoundException'> (0x00000000f798da30) thrown at [/HUDSON3/workspace/8-2-build-linux-amd64/jdk8u144/9417/hotspot/src/share/vm/prims/jni.cpp, line 709]
Event: 6.210 Thread 0x00007f47f800a000 Exception <a 'java/io/FileNotFoundException'> (0x00000000f798e750) thrown at [/HUDSON3/workspace/8-2-build-linux-amd64/jdk8u144/9417/hotspot/src/share/vm/prims/jni.cpp, line 709]
Event: 6.210 Thread 0x00007f47f800a000 Exception <a 'java/io/FileNotFoundException'> (0x00000000f798f478) thrown at [/HUDSON3/workspace/8-2-build-linux-amd64/jdk8u144/9417/hotspot/src/share/vm/prims/jni.cpp, line 709]
Event: 6.729 Thread 0x00007f47f800a000 Exception <a 'java/io/FileNotFoundException'> (0x00000000eba7bb00) thrown at [/HUDSON3/workspace/8-2-build-linux-amd64/jdk8u144/9417/hotspot/src/share/vm/prims/jni.cpp, line 709]
Event: 6.731 Thread 0x00007f47f800a000 Exception <a 'java/io/FileNotFoundException'> (0x00000000eba9b098) thrown at [/HUDSON3/workspace/8-2-build-linux-amd64/jdk8u144/9417/hotspot/src/share/vm/prims/jni.cpp, line 709]
Event: 8.191 Thread 0x00007f47f800a000 Implicit null exception at 0x00007f47e9d7e710 to 0x00007f47e9d7ec31
Event: 8.947 Thread 0x00007f47f800a000 Exception <a 'java/io/FileNotFoundException'> (0x00000000ed234038) thrown at [/HUDSON3/workspace/8-2-build-linux-amd64/jdk8u144/9417/hotspot/src/share/vm/prims/jni.cpp, line 709]

Events (10 events):
Event: 10.641 Thread 0x00007f47f800a000 DEOPT UNPACKING pc=0x00007f47e8dea229 sp=0x00007f47fee24dc0 mode 2
Event: 10.694 Thread 0x00007f47f800a000 DEOPT PACKING pc=0x00007f47e9eba389 sp=0x00007f47fee24330
Event: 10.694 Thread 0x00007f47f800a000 DEOPT UNPACKING pc=0x00007f47e8e2c633 sp=0x00007f47fee240a8 mode 0
Event: 10.717 loading class com/sun/tools/javac/comp/Infer$InferenceContext$7
Event: 10.717 loading class com/sun/tools/javac/comp/Infer$InferenceContext$7 done
Event: 10.717 loading class com/sun/tools/javac/comp/Infer$BestLeafSolver
Event: 10.717 loading class com/sun/tools/javac/comp/Infer$BestLeafSolver done
Event: 10.718 Executing VM operation: Deoptimize
Event: 10.718 Executing VM operation: Deoptimize done
Event: 10.731 Executing VM operation: ParallelGCFailedAllocation


Dynamic libraries:
00400000-00401000 r-xp 00000000 08:01 1711591                            /usr/lib/jvm/java-8-oracle/bin/java
00600000-00601000 rw-p 00000000 08:01 1711591                            /usr/lib/jvm/java-8-oracle/bin/java
025dd000-025fe000 rw-p 00000000 00:00 0                                  [heap]
c2400000-ca680000 rw-p 00000000 00:00 0 
d0080000-eb700000 ---p 00000000 00:00 0 
eb700000-100000000 rw-p 00000000 00:00 0 
100000000-100300000 rw-p 00000000 00:00 0 
100300000-140000000 ---p 00000000 00:00 0 
7f47b3521000-7f47b3561000 rw-p 00000000 00:00 0 
7f47b3561000-7f47b3721000 ---p 00000000 00:00 0 
7f47b3721000-7f47b3723000 r--s 0000b000 08:01 921145                     /home/madunlap/.m2/repository/org/json/json/20160212/json-20160212.jar
7f47b3723000-7f47b3725000 r--s 00009000 08:01 921147                     /home/madunlap/.m2/repository/com/mashape/unirest/unirest-java/1.4.9/unirest-java-1.4.9.jar
7f47b3725000-7f47b3727000 r--s 0000e000 08:01 921141                     /home/madunlap/.m2/repository/org/jvnet/mimepull/mimepull/1.9.6/mimepull-1.9.6.jar
7f47b3727000-7f47b372a000 r--s 0000e000 08:01 921143                     /home/madunlap/.m2/repository/org/glassfish/jersey/media/jersey-media-multipart/2.23.2/jersey-media-multipart-2.23.2.jar
7f47b372a000-7f47b372e000 r--s 00019000 08:01 921137                     /home/madunlap/.m2/repository/javax/ws/rs/javax.ws.rs-api/2.0.1/javax.ws.rs-api-2.0.1.jar
7f47b372e000-7f47b3730000 r--s 00010000 08:01 921134                     /home/madunlap/.m2/repository/org/glassfish/jersey/media/jersey-media-jaxb/2.23.2/jersey-media-jaxb-2.23.2.jar
7f47b3730000-7f47b3735000 r--s 00025000 08:01 921138                     /home/madunlap/.m2/repository/org/glassfish/jersey/core/jersey-client/2.23.2/jersey-client-2.23.2.jar
7f47b3735000-7f47b374b000 r--s 000d3000 08:01 921133                     /home/madunlap/.m2/repository/org/glassfish/jersey/core/jersey-server/2.23.2/jersey-server-2.23.2.jar
7f47b374b000-7f47b374c000 r--s 00004000 08:01 921129                     /home/madunlap/.m2/repository/org/glassfish/hk2/osgi-resource-locator/1.0.1/osgi-resource-locator-1.0.1.jar
7f47b374c000-7f47b3756000 r--s 000ae000 08:01 921127                     /home/madunlap/.m2/repository/org/javassist/javassist/3.20.0-GA/javassist-3.20.0-GA.jar
7f47b3756000-7f47b3759000 r--s 0002a000 08:01 921123                     /home/madunlap/.m2/repository/org/glassfish/hk2/hk2-locator/2.5.0-b05/hk2-locator-2.5.0-b05.jar
7f47b3759000-7f47b375b000 r--s 00002000 08:01 921128                     /home/madunlap/.m2/repository/org/glassfish/hk2/external/aopalliance-repackaged/2.5.0-b05/aopalliance-repackaged-2.5.0-b05.jar
7f47b375b000-7f47b375f000 r--s 0001a000 08:01 921125                     /home/madunlap/.m2/repository/org/glassfish/hk2/hk2-utils/2.5.0-b05/hk2-utils-2.5.0-b05.jar
7f47b375f000-7f47b3764000 r--s 00027000 08:01 921118                     /home/madunlap/.m2/repository/org/glassfish/hk2/hk2-api/2.5.0-b05/hk2-api-2.5.0-b05.jar
7f47b3764000-7f47b377c000 r--s 000d6000 08:01 921120                     /home/madunlap/.m2/repository/org/glassfish/jersey/bundles/repackaged/jersey-guava/2.23.2/jersey-guava-2.23.2.jar
7f47b377c000-7f47b377e000 r--s 00005000 08:01 921116                     /home/madunlap/.m2/repository/javax/annotation/javax.annotation-api/1.2/javax.annotation-api-1.2.jar
7f47b377e000-7f47b378d000 r--s 000a0000 08:01 921111                     /home/madunlap/.m2/repository/org/glassfish/jersey/core/jersey-common/2.23.2/jersey-common-2.23.2.jar
7f47b378d000-7f47b378e000 r--s 00001000 08:01 921113                     /home/madunlap/.m2/repository/org/glassfish/hk2/external/javax.inject/2.5.0-b05/javax.inject-2.5.0-b05.jar
7f47b378e000-7f47b3791000 r--s 0000e000 08:01 921110                     /home/madunlap/.m2/repository/org/glassfish/jersey/containers/jersey-container-servlet-core/2.23.2/jersey-container-servlet-core-2.23.2.jar
7f47b3791000-7f47b3793000 r--s 00003000 08:01 921107                     /home/madunlap/.m2/repository/org/glassfish/jersey/containers/jersey-container-servlet/2.23.2/jersey-container-servlet-2.23.2.jar
7f47b3793000-7f47b3795000 r--s 00008000 08:01 921112                     /home/madunlap/.m2/repository/com/google/auto/auto-common/0.3/auto-common-0.3.jar
7f47b3795000-7f47b3995000 rw-p 00000000 00:00 0 
7f47b3995000-7f47b3996000 r--s 00002000 08:01 921105                     /home/madunlap/.m2/repository/com/google/auto/service/auto-service/1.0-rc2/auto-service-1.0-rc2.jar
7f47b3996000-7f47b3998000 r--s 0000c000 08:01 921153                     /home/madunlap/.m2/repository/com/lyncode/xoai-service-provider/4.1.0-header-patch/xoai-service-provider-4.1.0-header-patch.jar
7f47b3998000-7f47b3999000 r--s 00001000 08:01 921104                     /home/madunlap/.m2/repository/com/lyncode/builder-commons/1.0.2/builder-commons-1.0.2.jar
7f47b3999000-7f47b399c000 r--s 00012000 08:01 921152                     /home/madunlap/.m2/repository/com/lyncode/xoai-data-provider/4.1.0-header-patch/xoai-data-provider-4.1.0-header-patch.jar
7f47b399c000-7f47b399e000 r--s 00005000 08:01 791390                     /home/madunlap/.m2/repository/stax/stax-api/1.0.1/stax-api-1.0.1.jar
7f47b399e000-7f47b39a4000 r--s 00048000 08:01 921101                     /home/madunlap/.m2/repository/org/apache/commons/commons-lang3/3.1/commons-lang3-3.1.jar
7f47b39a4000-7f47b39a6000 r--s 00004000 08:01 921097                     /home/madunlap/.m2/repository/javax/xml/stream/stax-api/1.0-2/stax-api-1.0-2.jar
7f47b39a6000-7f47b39aa000 r--s 00029000 08:01 921098                     /home/madunlap/.m2/repository/org/codehaus/woodstox/stax2-api/3.0.4/stax2-api-3.0.4.jar
7f47b39aa000-7f47b39b0000 r--s 00045000 08:01 921095                     /home/madunlap/.m2/repository/org/hamcrest/hamcrest-all/1.3/hamcrest-all-1.3.jar
7f47b39b0000-7f47b39b1000 r--s 00003000 08:01 921092                     /home/madunlap/.m2/repository/com/lyncode/test-support/1.0.4/test-support-1.0.4.jar
7f47b39b1000-7f47b39b3000 r--s 00004000 08:01 921090                     /home/madunlap/.m2/repository/com/lyncode/xml-io/1.0.3/xml-io-1.0.3.jar
7f47b39b3000-7f47b39b5000 r--s 0000d000 08:01 921151                     /home/madunlap/.m2/repository/com/lyncode/xoai-common/4.1.0-header-patch/xoai-common-4.1.0-header-patch.jar
7f47b39b5000-7f47b39b8000 r--s 00011000 08:01 921088                     /home/madunlap/.m2/repository/com/github/scribejava/scribejava-core/3.1.0/scribejava-core-3.1.0.jar
7f47b39b8000-7f47b39bb000 r--s 00010000 08:01 921084                     /home/madunlap/.m2/repository/com/github/scribejava/scribejava-apis/3.1.0/scribejava-apis-3.1.0.jar
7f47b39bb000-7f47b39c4000 r--s 0006f000 08:01 921083                     /home/madunlap/.m2/repository/log4j/log4j/1.2.17/log4j-1.2.17.jar
7f47b39c4000-7f47b3a9b000 r--s 007aa000 08:01 921093                     /home/madunlap/.m2/repository/net/sf/ehcache/ehcache/2.10.1/ehcache-2.10.1.jar
7f47b3a9b000-7f47b3a9d000 r--s 00008000 08:01 921082                     /home/madunlap/.m2/repository/org/apache/commons/commons-csv/1.2/commons-csv-1.2.jar
7f47b3a9d000-7f47b3aa1000 r--s 00035000 08:01 921081                     /home/madunlap/.m2/repository/com/fasterxml/jackson/core/jackson-core/2.5.3/jackson-core-2.5.3.jar
7f47b3aa1000-7f47b3aa3000 r--s 00008000 08:01 921075                     /home/madunlap/.m2/repository/com/fasterxml/jackson/core/jackson-annotations/2.5.0/jackson-annotations-2.5.0.jar
7f47b3aa3000-7f47b3ab5000 r--s 00106000 08:01 921073                     /home/madunlap/.m2/repository/com/fasterxml/jackson/core/jackson-databind/2.5.3/jackson-databind-2.5.3.jar
7f47b3ab5000-7f47b3ab8000 r--s 00006000 08:01 921070                     /home/madunlap/.m2/repository/com/google/code/findbugs/jsr305/1.3.9/jsr305-1.3.9.jar
7f47b3ab8000-7f47b3abe000 r--s 00040000 08:01 921074                     /home/madunlap/.m2/repository/com/google/http-client/google-http-client/1.20.0/google-http-client-1.20.0.jar
7f47b3abe000-7f47b3abf000 r--s 00004000 08:01 921066                     /home/madunlap/.m2/repository/com/maxmind/db/maxmind-db/1.0.0/maxmind-db-1.0.0.jar
7f47b3abf000-7f47b3ac1000 r--s 00007000 08:01 921064                     /home/madunlap/.m2/repository/com/maxmind/geoip2/geoip2/2.3.1/geoip2-2.3.1.jar
7f47b3ac1000-7f47b3ac5000 r--s 00034000 08:01 921067                     /home/madunlap/.m2/repository/org/codehaus/jackson/jackson-core-asl/1.9.7/jackson-core-asl-1.9.7.jar
7f47b3ac5000-7f47b3ad4000 r--s 000b0000 08:01 921065                     /home/madunlap/.m2/repository/org/codehaus/jackson/jackson-mapper-asl/1.9.7/jackson-mapper-asl-1.9.7.jar
7f47b3ad4000-7f47b3ade000 r--s 0003d000 08:01 921060                     /home/madunlap/.m2/repository/org/javaswift/joss/0.9.10/joss-0.9.10.jar
7f47b3ade000-7f47b3ae5000 r--s 0003a000 08:01 921056                     /home/madunlap/.m2/repository/commons-codec/commons-codec/1.9/commons-codec-1.9.jar
7f47b3ae5000-7f47b3aec000 r--s 00048000 08:01 921054                     /home/madunlap/.m2/repository/org/apache/httpcomponents/httpcore/4.4.1/httpcore-4.4.1.jar
7f47b3aec000-7f47b3af9000 r--s 000a4000 08:01 921052                     /home/madunlap/.m2/repository/org/apache/httpcomponents/httpclient/4.4.1/httpclient-4.4.1.jar
7f47b3af9000-7f47b3afd000 r--s 00028000 08:01 921050                     /home/madunlap/.m2/repository/org/apache/httpcomponents/httpasyncclient/4.1/httpasyncclient-4.1.jar
7f47b3afd000-7f47b3b04000 r--s 00050000 08:01 921049                     /home/madunlap/.m2/repository/org/apache/httpcomponents/httpcore-nio/4.4.1/httpcore-nio-4.4.1.jar
7f47b3b04000-7f47b3b0a000 r--s 00033000 08:01 921046                     /home/madunlap/.m2/repository/io/searchbox/jest-common/0.1.7/jest-common-0.1.7.jar
7f47b3b0a000-7f47b3b0b000 r--s 00004000 08:01 921045                     /home/madunlap/.m2/repository/io/searchbox/jest/0.1.7/jest-0.1.7.jar
7f47b3b0b000-7f47b3b0c000 r--s 00004000 08:01 921039                     /home/madunlap/.m2/repository/org/apache/axis/axis-saaj/1.4/axis-saaj-1.4.jar
7f47b3b0c000-7f47b3b0e000 r--s 00006000 08:01 921036                     /home/madunlap/.m2/repository/org/apache/axis/axis-jaxrpc/1.4/axis-jaxrpc-1.4.jar
7f47b3b0e000-7f47b3b22000 r--s 00173000 08:01 921038                     /home/madunlap/.m2/repository/axis/axis/1.4/axis-1.4.jar
7f47b3b22000-7f47b3b3e000 r--s 00103000 08:01 921030                     /home/madunlap/.m2/repository/org/mockito/mockito-core/1.10.19/mockito-core-1.10.19.jar
7f47b3b3e000-7f47b3b40000 r--s 00001000 08:01 921031                     /home/madunlap/.m2/repository/org/slf4j/slf4j-log4j12/1.7.7/slf4j-log4j12-1.7.7.jar
7f47b3b40000-7f47b3b42000 r--s 00006000 08:01 791385                     /home/madunlap/.m2/repository/org/slf4j/slf4j-api/1.7.7/slf4j-api-1.7.7.jar
7f47b3b42000-7f47b3b44000 r--s 00008000 08:01 920991                     /home/madunlap/.m2/repository/classworlds/classworlds/1.1-alpha-2/classworlds-1.1-alpha-2.jar
7f47b3b44000-7f47b3b4b000 r--s 00029000 08:01 920988                     /home/madunlap/.m2/repository/org/codehaus/plexus/plexus-container-default/1.0-alpha-9-stable-1/plexus-container-default-1.0-alpha-9-stable-1.jar
7f47b3b4b000-7f47b3b4e000 r--s 00011000 08:01 920989                     /home/madunlap/.m2/repository/org/apache/maven/maven-artifact/2.2.1/maven-artifact-2.2.1.jar
7f47b3b4e000-7f47b3b50000 r--s 00006000 08:01 920982                     /home/madunlap/.m2/repository/org/apache/maven/maven-plugin-registry/2.2.1/maven-plugin-registry-2.2.1.jar
7f47b3b50000-7f47b3b52000 r--s 0000b000 08:01 920978                     /home/madunlap/.m2/repository/org/apache/maven/wagon/wagon-provider-api/1.0-beta-6/wagon-provider-api-1.0-beta-6.jar
7f47b3b52000-7f47b3b54000 r--s 00005000 08:01 920980                     /home/madunlap/.m2/repository/org/apache/maven/maven-repository-metadata/2.2.1/maven-repository-metadata-2.2.1.jar
7f47b3b54000-7f47b3b56000 r--s 0000f000 08:01 920975                     /home/madunlap/.m2/repository/org/apache/maven/maven-artifact-manager/2.2.1/maven-artifact-manager-2.2.1.jar
7f47b3b56000-7f47b3b58000 r--s 00014000 08:01 920971                     /home/madunlap/.m2/repository/org/apache/maven/maven-model/2.2.1/maven-model-2.2.1.jar
7f47b3b58000-7f47b3b5a000 r--s 00007000 08:01 920969                     /home/madunlap/.m2/repository/org/apache/maven/maven-profile/2.2.1/maven-profile-2.2.1.jar
7f47b3b5a000-7f47b3b5b000 r--s 0000b000 08:01 920972                     /home/madunlap/.m2/repository/org/apache/maven/maven-settings/2.2.1/maven-settings-2.2.1.jar
7f47b3b5b000-7f47b3b5f000 r--s 00023000 08:01 920973                     /home/madunlap/.m2/repository/org/apache/maven/maven-project/2.2.1/maven-project-2.2.1.jar
7f47b3b5f000-7f47b3b61000 r--s 00002000 08:01 661356                     /home/madunlap/.m2/repository/org/apache/maven/maven-plugin-api/2.2.1/maven-plugin-api-2.2.1.jar
7f47b3b61000-7f47b3b63000 r--s 00015000 08:01 791373                     /home/madunlap/.m2/repository/org/ccil/cowan/tagsoup/tagsoup/1.2.1/tagsoup-1.2.1.jar
7f47b3b63000-7f47b3b69000 r--s 00044000 08:01 791367                     /home/madunlap/.m2/repository/org/jsoup/jsoup/1.8.1/jsoup-1.8.1.jar
7f47b3b69000-7f47b3b6b000 r--s 00004000 08:01 791401                     /home/madunlap/.m2/repository/edu/ucsb/nceas/ezid/1.0.0/ezid-1.0.0.jar
7f47b3b6b000-7f47b3b6e000 r--s 0000b000 08:01 791362                     /home/madunlap/.m2/repository/org/ocpsoft/rewrite/rewrite-integration-faces/2.0.12.Final/rewrite-integration-faces-2.0.12.Final.jar
7f47b3b6e000-7f47b3b70000 r--s 00001000 08:01 791360                     /home/madunlap/.m2/repository/org/ocpsoft/rewrite/rewrite-annotations-api/2.0.12.Final/rewrite-annotations-api-2.0.12.Final.jar
7f47b3b70000-7f47b3b71000 r--s 00005000 08:01 791359                     /home/madunlap/.m2/repository/org/ocpsoft/rewrite/rewrite-addressbuilder/2.0.12.Final/rewrite-addressbuilder-2.0.12.Final.jar
7f47b3b71000-7f47b3b73000 r--s 00008000 08:01 791357                     /home/madunlap/.m2/repository/org/ocpsoft/rewrite/rewrite-api-servlet/2.0.12.Final/rewrite-api-servlet-2.0.12.Final.jar
7f47b3b73000-7f47b3b75000 r--s 00001000 08:01 791354                     /home/madunlap/.m2/repository/org/ocpsoft/logging/logging-api/1.0.2.Final/logging-api-1.0.2.Final.jar
7f47b3b75000-7f47b3b76000 r--s 00003000 08:01 791353                     /home/madunlap/.m2/repository/org/ocpsoft/common/common-api/1.0.5.Final/common-api-1.0.5.Final.jar
7f47b3b76000-7f47b3b7a000 r--s 00018000 08:01 791351                     /home/madunlap/.m2/repository/org/ocpsoft/rewrite/rewrite-api/2.0.12.Final/rewrite-api-2.0.12.Final.jar
7f47b3b7a000-7f47b3b7c000 r--s 00005000 08:01 791349                     /home/madunlap/.m2/repository/org/ocpsoft/rewrite/rewrite-annotations-impl/2.0.12.Final/rewrite-annotations-impl-2.0.12.Final.jar
7f47b3b7c000-7f47b3b8a000 r--s 00092000 08:01 791352                     /home/madunlap/.m2/repository/org/ocpsoft/rewrite/rewrite-config-prettyfaces/2.0.12.Final/rewrite-config-prettyfaces-2.0.12.Final.jar
7f47b3b8a000-7f47b3b98000 r--s 0005f000 08:01 791345                     /home/madunlap/.m2/repository/org/ocpsoft/rewrite/rewrite-servlet/2.0.12.Final/rewrite-servlet-2.0.12.Final.jar
7f47b3b98000-7f47b3b9c000 r--s 0003c000 08:01 791218                     /home/madunlap/.m2/repository/javax/media/jai_codec/1.1.3/jai_codec-1.1.3.jar
7f47b3b9c000-7f47b3bb0000 r--s 001bd000 08:01 791220                     /home/madunlap/.m2/repository/javax/media/jai_core/1.1.3/jai_core-1.1.3.jar
7f47b3bb0000-7f47b3bc1000 r--s 00106000 08:01 791219                     /home/madunlap/.m2/repository/javax/media/jai_imageio/1.1.1/jai_imageio-1.1.1.jar
7f47b3bc1000-7f47b3bc3000 r--s 00009000 08:01 791399                     /home/madunlap/.m2/repository/edu/harvard/hul/ois/jhove/jhove-handler/1.11.0/jhove-handler-1.11.0.jar
7f47b3bc3000-7f47b3bcc000 r--s 00079000 08:01 791398                     /home/madunlap/.m2/repository/edu/harvard/hul/ois/jhove/jhove-module/1.11.0/jhove-module-1.11.0.jar
7f47b3bcc000-7f47b3bcf000 r--s 00011000 08:01 791396                     /home/madunlap/.m2/repository/edu/harvard/hul/ois/jhove/jhove/1.11.0/jhove-1.11.0.jar
7f47b3bcf000-7f47b3bdf000 r--s 0011f000 08:01 791342                     /home/madunlap/.m2/repository/org/apache/poi/poi-scratchpad/3.10-FINAL/poi-scratchpad-3.10-FINAL.jar
7f47b3bdf000-7f47b3be5000 r--s 00047000 08:01 791341                     /home/madunlap/.m2/repository/org/apache/poi/poi-examples/3.10-FINAL/poi-examples-3.10-FINAL.jar
7f47b3be5000-7f47b3bea000 r--s 00048000 08:01 791338                     /home/madunlap/.m2/repository/dom4j/dom4j/1.6.1/dom4j-1.6.1.jar
7f47b3bea000-7f47b3c27000 r--s 0024f000 08:01 791336                     /home/madunlap/.m2/repository/org/apache/xmlbeans/xmlbeans/2.3.0/xmlbeans-2.3.0.jar
7f47b3c27000-7f47b3cbf000 r--s 00420000 08:01 791334                     /home/madunlap/.m2/repository/org/apache/poi/poi-ooxml-schemas/3.10-FINAL/poi-ooxml-schemas-3.10-FINAL.jar
7f47b3cbf000-7f47b3ccd000 r--s 000ee000 08:01 791333                     /home/madunlap/.m2/repository/org/apache/poi/poi-ooxml/3.10-FINAL/poi-ooxml-3.10-FINAL.jar
7f47b3ccd000-7f47b3cef000 r--s 001bb000 08:01 791332                     /home/madunlap/.m2/repository/org/apache/poi/poi/3.10-FINAL/poi-3.10-FINAL.jar
7f47b3cef000-7f47b3cf1000 r--s 00006000 08:01 791331                     /home/madunlap/.m2/repository/org/nuiton/thirdparty/Rserve/0.6-1/Rserve-0.6-1.jar
7f47b3cf1000-7f47b3cf3000 r--s 00006000 08:01 791328                     /home/madunlap/.m2/repository/org/nuiton/thirdparty/REngine/0.6-1/REngine-0.6-1.jar
7f47b3cf3000-7f47b3cf4000 r--s 0000c000 08:01 791397                     /home/madunlap/.m2/repository/org/dataverse/unf/6.0/unf-6.0.jar
7f47b3cf4000-7f47b3cf5000 r--s 00018000 08:01 791394                     /home/madunlap/.m2/repository/edu/harvard/iq/dvn/unf5/5.0/unf5-5.0.jar
7f47b3cf5000-7f47b3cfe000 r--s 000a6000 08:01 791393                     /home/madunlap/.m2/repository/net/handle/handle/2006-06-16-generated/handle-2006-06-16-generated.jar
7f47b3cfe000-7f47b3d01000 r--s 00035000 08:01 791395                     /home/madunlap/.m2/repository/nom/tam/fits/fits/2012-10-25-generated/fits-2012-10-25-generated.jar
7f47b3d01000-7f47b3d08000 r--s 00028000 08:01 791326                     /home/madunlap/.m2/repository/concurrent/concurrent/1.3.4/concurrent-1.3.4.jar
7f47b3d08000-7f47b3d16000 r--s 00081000 08:01 791324                     /home/madunlap/.m2/repository/colt/colt/1.2.0/colt-1.2.0.jar
7f47b3d16000-7f47b3d23000 r--s 00083000 08:01 791320                     /home/madunlap/.m2/repository/commons-collections/commons-collections/3.2.2/commons-collections-3.2.2.jar
7f47b3d23000-7f47b3d27000 r--s 00020000 08:01 791319                     /home/madunlap/.m2/repository/commons-digester/commons-digester/1.8.1/commons-digester-1.8.1.jar
7f47b3d27000-7f47b3d2c000 r--s 00035000 08:01 791317                     /home/madunlap/.m2/repository/commons-beanutils/commons-beanutils/1.9.2/commons-beanutils-1.9.2.jar
7f47b3d2c000-7f47b3d30000 r--s 0002a000 08:01 791315                     /home/madunlap/.m2/repository/commons-validator/commons-validator/1.6/commons-validator-1.6.jar
7f47b3d30000-7f47b3d43000 r--s 000df000 08:01 791313                     /home/madunlap/.m2/repository/org/apache/commons/commons-math/2.2/commons-math-2.2.jar
7f47b3d43000-7f47b3d45000 r--s 0000e000 08:01 791309                     /home/madunlap/.m2/repository/commons-logging/commons-logging/1.1.3/commons-logging-1.1.3.jar
7f47b3d45000-7f47b3d47000 r--s 00005000 08:01 791311                     /home/madunlap/.m2/repository/org/apache/httpcomponents/httpmime/4.2.6/httpmime-4.2.6.jar
7f47b3d47000-7f47b3d48000 r--s 00005000 08:01 791308                     /home/madunlap/.m2/repository/org/noggit/noggit/0.5/noggit-0.5.jar
7f47b3d48000-7f47b3d54000 r--s 000b3000 08:01 791304                     /home/madunlap/.m2/repository/org/apache/zookeeper/zookeeper/3.4.5/zookeeper-3.4.5.jar
7f47b3d54000-7f47b3d5c000 r--s 0005b000 08:01 791305                     /home/madunlap/.m2/repository/org/apache/solr/solr-solrj/4.6.0/solr-solrj-4.6.0.jar
7f47b3d5c000-7f47b3d5e000 r--s 0000d000 08:01 791302                     /home/madunlap/.m2/repository/com/fasterxml/classmate/1.0.0/classmate-1.0.0.jar
7f47b3d5e000-7f47b3d60000 r--s 0000d000 08:01 791296                     /home/madunlap/.m2/repository/org/jboss/logging/jboss-logging/3.1.1.GA/jboss-logging-3.1.1.GA.jar
7f47b3d60000-7f47b3d6d000 r--s 00080000 08:01 791293                     /home/madunlap/.m2/repository/org/hibernate/hibernate-validator/5.0.3.Final/hibernate-validator-5.0.3.Final.jar
7f47b3d6d000-7f47b3d7c000 r--s 000c4000 08:01 791290                     /home/madunlap/.m2/repository/org/atmosphere/atmosphere-runtime/2.4.2/atmosphere-runtime-2.4.2.jar
7f47b3d7c000-7f47b3da8000 r--s 00318000 08:01 791288                     /home/madunlap/.m2/repository/org/primefaces/primefaces/5.3/primefaces-5.3.jar
7f47b3da8000-7f47b41b4000 r--s 03c80000 08:01 791225                     /home/madunlap/.m2/repository/com/amazonaws/aws-java-sdk-bundle/1.11.172/aws-java-sdk-bundle-1.11.172.jar
7f47b41b4000-7f47b43b4000 rw-p 00000000 00:00 0 
7f47b43b4000-7f47b45b4000 rw-p 00000000 00:00 0 
7f47b45b4000-7f47b462e000 r--s 010f7000 08:01 1582200                    /usr/lib/jvm/java-8-oracle/lib/tools.jar
7f47b462e000-7f47b4632000 r--s 0000c000 08:01 791294                     /home/madunlap/.m2/repository/javax/validation/validation-api/1.1.0.Final/validation-api-1.1.0.Final.jar
7f47b4632000-7f47b463c000 r--s 0006b000 08:01 791289                     /home/madunlap/.m2/repository/org/omnifaces/omnifaces/1.7/omnifaces-1.7.jar
7f47b463c000-7f47b4650000 r--s 0013a000 08:01 791121                     /home/madunlap/.m2/repository/org/primefaces/themes/all-themes/1.0.10/all-themes-1.0.10.jar
7f47b4650000-7f47b4672000 r--s 00120000 08:01 791284                     /home/madunlap/.m2/repository/javax/javaee-web-api/7.0/javaee-web-api-7.0.jar
7f47b4672000-7f47b4674000 r--s 0000e000 08:01 791282                     /home/madunlap/.m2/repository/javax/activation/activation/1.1/activation-1.1.jar
7f47b4674000-7f47b467c000 r--s 00078000 08:01 791280                     /home/madunlap/.m2/repository/com/sun/mail/javax.mail/1.5.0/javax.mail-1.5.0.jar
7f47b467c000-7f47b46b0000 r--s 001a4000 08:01 791278                     /home/madunlap/.m2/repository/javax/javaee-api/7.0/javaee-api-7.0.jar
7f47b46b0000-7f47b46db000 r--s 001f5000 08:01 791277                     /home/madunlap/.m2/repository/com/google/guava/guava/16.0.1/guava-16.0.1.jar
7f47b46db000-7f47b46dc000 r--s 00004000 08:01 791275                     /home/madunlap/.m2/repository/org/mindrot/jbcrypt/0.3m/jbcrypt-0.3m.jar
7f47b46dc000-7f47b46fa000 r--s 0027d000 08:01 791273                     /home/madunlap/.m2/repository/xalan/xalan/2.7.0/xalan-2.7.0.jar
7f47b46fa000-7f47b470e000 r--s 000e3000 08:01 791272                     /home/madunlap/.m2/repository/xerces/xercesImpl/2.6.2/xercesImpl-2.6.2.jar
7f47b470e000-7f47b4714000 r--s 00019000 08:01 791270                     /home/madunlap/.m2/repository/xerces/xmlParserAPIs/2.6.2/xmlParserAPIs-2.6.2.jar
7f47b4714000-7f47b471b000 r--s 00063000 08:01 791268                     /home/madunlap/.m2/repository/xom/xom/1.1/xom-1.1.jar
7f47b471b000-7f47b4720000 r--s 0002a000 08:01 791265                     /home/madunlap/.m2/repository/com/google/code/gson/gson/2.2.4/gson-2.2.4.jar
7f47b4720000-7f47b4724000 r--s 00027000 08:01 791263                     /home/madunlap/.m2/repository/commons-io/commons-io/2.2/commons-io-2.2.jar
7f47b4724000-7f47b4726000 r--s 0000f000 08:01 791260                     /home/madunlap/.m2/repository/commons-fileupload/commons-fileupload/1.3.1/commons-fileupload-1.3.1.jar
7f47b4726000-7f47b472c000 r--s 00032000 08:01 791261                     /home/madunlap/.m2/repository/jaxen/jaxen/1.1.1/jaxen-1.1.1.jar
7f47b472c000-7f47b4733000 r--s 00079000 08:01 661348                     /home/madunlap/.m2/repository/org/codehaus/woodstox/wstx-asl/3.2.6/wstx-asl-3.2.6.jar
7f47b4733000-7f47b4738000 r--s 00070000 08:01 661349                     /home/madunlap/.m2/repository/org/codehaus/woodstox/woodstox-core-asl/4.1.4/woodstox-core-asl-4.1.4.jar
7f47b4738000-7f47b473c000 r--s 00026000 08:01 791256                     /home/madunlap/.m2/repository/org/apache/ws/commons/axiom/axiom-impl/1.2.14/axiom-impl-1.2.14.jar
7f47b473c000-7f47b473f000 r--s 00015000 08:01 791254                     /home/madunlap/.m2/repository/org/apache/james/apache-mime4j-core/0.7.2/apache-mime4j-core-0.7.2.jar
7f47b473f000-7f47b4744000 r--s 00032000 08:01 791252                     /home/madunlap/.m2/repository/org/apache/geronimo/specs/geronimo-javamail_1.4_spec/1.7.1/geronimo-javamail_1.4_spec-1.7.1.jar
7f47b4744000-7f47b474e000 r--s 0005d000 08:01 791250                     /home/madunlap/.m2/repository/org/apache/ws/commons/axiom/axiom-api/1.2.14/axiom-api-1.2.14.jar
7f47b474e000-7f47b4751000 r--s 0014e000 08:01 791249                     /home/madunlap/.m2/repository/org/apache/abdera/abdera-parser/1.1.3/abdera-parser-1.1.3.jar
7f47b4751000-7f47b4753000 r--s 00006000 08:01 791245                     /home/madunlap/.m2/repository/org/apache/geronimo/specs/geronimo-stax-api_1.0_spec/1.0.1/geronimo-stax-api_1.0_spec-1.0.1.jar
7f47b4753000-7f47b4757000 r--s 00094000 08:01 791246                     /home/madunlap/.m2/repository/org/apache/abdera/abdera-i18n/1.1.3/abdera-i18n-1.1.3.jar
7f47b4757000-7f47b475b000 r--s 00024000 08:01 791241                     /home/madunlap/.m2/repository/org/apache/abdera/abdera-core/1.1.3/abdera-core-1.1.3.jar
7f47b475b000-7f47b4774000 r--s 002fd000 08:01 791240                     /home/madunlap/.m2/repository/com/ibm/icu/icu4j/3.4.4/icu4j-3.4.4.jar
7f47b4774000-7f47b4797000 r--s 001ae000 08:01 791235                     /home/madunlap/.m2/repository/com/hp/hpl/jena/jena/2.6.4/jena-2.6.4.jar
7f47b4797000-7f47b47d7000 r--s 00285000 08:01 925253                     /home/madunlap/.m2/repository/org/bouncycastle/bcprov-jdk15on/1.52/bcprov-jdk15on-1.52.jar
7f47b47d7000-7f47b49d7000 rw-p 00000000 00:00 0 
7f47b49d7000-7f47b4bd7000 rw-p 00000000 00:00 0 
7f47b4bd7000-7f47b4be8000 r-xp 00000000 08:01 2106483                    /usr/lib/jvm/java-8-oracle/jre/lib/amd64/libnio.so
7f47b4be8000-7f47b4de7000 ---p 00011000 08:01 2106483                    /usr/lib/jvm/java-8-oracle/jre/lib/amd64/libnio.so
7f47b4de7000-7f47b4de8000 rw-p 00010000 08:01 2106483                    /usr/lib/jvm/java-8-oracle/jre/lib/amd64/libnio.so
7f47b4de8000-7f47b7de9000 rw-p 00000000 00:00 0 
7f47b7de9000-7f47b7dff000 r-xp 00000000 08:01 2106458                    /usr/lib/jvm/java-8-oracle/jre/lib/amd64/libnet.so
7f47b7dff000-7f47b7fff000 ---p 00016000 08:01 2106458                    /usr/lib/jvm/java-8-oracle/jre/lib/amd64/libnet.so
7f47b7fff000-7f47b8000000 rw-p 00016000 08:01 2106458                    /usr/lib/jvm/java-8-oracle/jre/lib/amd64/libnet.so
7f47b8000000-7f47b8021000 rw-p 00000000 00:00 0 
7f47b8021000-7f47bc000000 ---p 00000000 00:00 0 
7f47bc000000-7f47bc021000 rw-p 00000000 00:00 0 
7f47bc021000-7f47c0000000 ---p 00000000 00:00 0 
7f47c0000000-7f47c10db000 rw-p 00000000 00:00 0 
7f47c10db000-7f47c4000000 ---p 00000000 00:00 0 
7f47c4000000-7f47c4021000 rw-p 00000000 00:00 0 
7f47c4021000-7f47c8000000 ---p 00000000 00:00 0 
7f47c8000000-7f47c8021000 rw-p 00000000 00:00 0 
7f47c8021000-7f47cc000000 ---p 00000000 00:00 0 
7f47cc000000-7f47cd561000 rw-p 00000000 00:00 0 
7f47cd561000-7f47d0000000 ---p 00000000 00:00 0 
7f47d0000000-7f47d0021000 rw-p 00000000 00:00 0 
7f47d0021000-7f47d4000000 ---p 00000000 00:00 0 
7f47d4000000-7f47d4021000 rw-p 00000000 00:00 0 
7f47d4021000-7f47d8000000 ---p 00000000 00:00 0 
7f47d8000000-7f47d8036000 rw-p 00000000 00:00 0 
7f47d8036000-7f47dc000000 ---p 00000000 00:00 0 
7f47dc000000-7f47dc28f000 rw-p 00000000 00:00 0 
7f47dc28f000-7f47e0000000 ---p 00000000 00:00 0 
7f47e0000000-7f47e0021000 rw-p 00000000 00:00 0 
7f47e0021000-7f47e4000000 ---p 00000000 00:00 0 
7f47e4000000-7f47e4002000 r--s 0000a000 08:01 791243                     /home/madunlap/.m2/repository/org/apache/geronimo/specs/geronimo-activation_1.1_spec/1.1/geronimo-activation_1.1_spec-1.1.jar
7f47e4002000-7f47e4005000 r--s 00023000 08:01 791237                     /home/madunlap/.m2/repository/com/hp/hpl/jena/iri/0.8/iri-0.8.jar
7f47e4005000-7f47e4007000 r--s 0000d000 08:01 791233                     /home/madunlap/.m2/repository/org/apache/abdera/abdera-client/1.1.1/abdera-client-1.1.1.jar
7f47e4007000-7f47e4009000 r--s 00016000 08:01 791230                     /home/madunlap/.m2/repository/javax/servlet/servlet-api/2.4/servlet-api-2.4.jar
7f47e4009000-7f47e400c000 r--s 0000f000 08:01 791226                     /home/madunlap/.m2/repository/org/swordapp/sword2-server/1.0/sword2-server-1.0-classes.jar
7f47e400c000-7f47e4011000 r--s 00040000 08:01 791224                     /home/madunlap/.m2/repository/commons-httpclient/commons-httpclient/3.0.1/commons-httpclient-3.0.1.jar
7f47e4011000-7f47e4015000 r--s 00021000 08:01 925254                     /home/madunlap/.m2/repository/org/cryptacular/cryptacular/1.1.0/cryptacular-1.1.0.jar
7f47e4015000-7f47e4018000 r--s 00011000 08:01 925252                     /home/madunlap/.m2/repository/org/passay/passay/1.1.0/passay-1.1.0.jar
7f47e4018000-7f47e401b000 r--s 0001b000 08:01 791438                     /home/madunlap/.m2/repository/junit/junit/3.8.2/junit-3.8.2.jar
7f47e401b000-7f47e4029000 r--s 0008f000 08:01 921892                     /home/madunlap/.m2/repository/com/google/collections/google-collections/1.0/google-collections-1.0.jar
7f47e4029000-7f47e402a000 r--s 0000a000 08:01 921891                     /home/madunlap/.m2/repository/commons-logging/commons-logging-api/1.1/commons-logging-api-1.1.jar
7f47e402a000-7f47e4031000 r--s 00051000 08:01 921889                     /home/madunlap/.m2/repository/log4j/log4j/1.2.12/log4j-1.2.12.jar
7f47e4031000-7f47e4035000 r--s 0001d000 08:01 921886                     /home/madunlap/.m2/repository/org/apache/xbean/xbean-reflect/3.4/xbean-reflect-3.4.jar
7f47e4035000-7f47e4036000 r--s 00004000 08:01 921885                     /home/madunlap/.m2/repository/org/codehaus/plexus/plexus-compiler-javac/2.2/plexus-compiler-javac-2.2.jar
7f47e4036000-7f47e4038000 r--s 00000000 08:01 921883                     /home/madunlap/.m2/repository/org/codehaus/plexus/plexus-compiler-manager/2.2/plexus-compiler-manager-2.2.jar
7f47e4038000-7f47e403a000 r--s 00005000 08:01 921878                     /home/madunlap/.m2/repository/org/codehaus/plexus/plexus-compiler-api/2.2/plexus-compiler-api-2.2.jar
7f47e403a000-7f47e403c000 r--s 00002000 08:01 921877                     /home/madunlap/.m2/repository/org/apache/maven/shared/maven-shared-incremental/1.1/maven-shared-incremental-1.1.jar
7f47e403c000-7f47e403e000 r--s 00006000 08:01 921876                     /home/madunlap/.m2/repository/com/google/code/findbugs/jsr305/2.0.1/jsr305-2.0.1.jar
7f47e403e000-7f47e4041000 r--s 00023000 08:01 921882                     /home/madunlap/.m2/repository/org/apache/maven/shared/maven-shared-utils/0.1/maven-shared-utils-0.1.jar
7f47e4041000-7f47e4045000 r--s 00030000 08:01 921884                     /home/madunlap/.m2/repository/org/codehaus/plexus/plexus-utils/1.5.1/plexus-utils-1.5.1.jar
7f47e4045000-7f47e4047000 r--s 00009000 08:01 660601                     /home/madunlap/.m2/repository/org/apache/maven/plugins/maven-compiler-plugin/3.1/maven-compiler-plugin-3.1.jar
7f47e4047000-7f47e4049000 r--s 0000d000 08:01 921763                     /home/madunlap/.m2/repository/org/codehaus/plexus/plexus-interpolation/1.13/plexus-interpolation-1.13.jar
7f47e4049000-7f47e404a000 r--s 00001000 08:01 921761                     /home/madunlap/.m2/repository/org/sonatype/plexus/plexus-build-api/0.0.4/plexus-build-api-0.0.4.jar
7f47e404a000-7f47e404c000 r--s 00009000 08:01 921767                     /home/madunlap/.m2/repository/org/apache/maven/shared/maven-filtering/1.0/maven-filtering-1.0.jar
7f47e404c000-7f47e404d000 r--s 00001000 08:01 921765                     /home/madunlap/.m2/repository/org/apache/maven/doxia/doxia-sink-api/1.0-alpha-7/doxia-sink-api-1.0-alpha-7.jar
7f47e404d000-7f47e404e000 r--s 00002000 08:01 921760                     /home/madunlap/.m2/repository/org/apache/maven/reporting/maven-reporting-api/2.0.6/maven-reporting-api-2.0.6.jar
7f47e404e000-7f47e4050000 r--s 00005000 08:01 660590                     /home/madunlap/.m2/repository/org/apache/maven/plugins/maven-resources-plugin/2.5/maven-resources-plugin-2.5.jar
7f47e4050000-7f47e4054000 r--s 0001f000 08:01 921028                     /home/madunlap/.m2/repository/org/jacoco/org.jacoco.report/0.7.5.201505241946/org.jacoco.report-0.7.5.201505241946.jar
7f47e4054000-7f47e4059000 r--s 00058000 08:01 921027                     /home/madunlap/.m2/repository/org/ow2/asm/asm-debug-all/5.0.1/asm-debug-all-5.0.1.jar
7f47e4059000-7f47e405d000 r--s 0001d000 08:01 791383                     /home/madunlap/.m2/repository/org/jacoco/org.jacoco.core/0.7.5.201505241946/org.jacoco.core-0.7.5.201505241946.jar
7f47e405d000-7f47e4063000 r--s 00041000 08:01 661360                     /home/madunlap/.m2/repository/org/jacoco/org.jacoco.agent/0.7.5.201505241946/org.jacoco.agent-0.7.5.201505241946-runtime.jar
7f47e4063000-7f47e4070000 r--s 0007f000 08:01 921702                     /home/madunlap/.m2/repository/commons-collections/commons-collections/3.2/commons-collections-3.2.jar
7f47e4070000-7f47e4072000 r--s 00008000 08:01 921015                     /home/madunlap/.m2/repository/org/apache/maven/doxia/doxia-module-fml/1.1.2/doxia-module-fml-1.1.2.jar
7f47e4072000-7f47e4073000 r--s 00003000 08:01 921016                     /home/madunlap/.m2/repository/org/apache/maven/doxia/doxia-module-xhtml/1.1.2/doxia-module-xhtml-1.1.2.jar
7f47e4073000-7f47e4075000 r--s 0000b000 08:01 921011                     /home/madunlap/.m2/repository/org/apache/maven/doxia/doxia-decoration-model/1.1.2/doxia-decoration-model-1.1.2.jar
7f47e4075000-7f47e4077000 r--s 0000b000 08:01 921008                     /home/madunlap/.m2/repository/org/apache/maven/doxia/doxia-site-renderer/1.1.2/doxia-site-renderer-1.1.2.jar
7f47e4077000-7f47e4079000 r--s 00006000 08:01 791430                     /home/madunlap/.m2/repository/commons-codec/commons-codec/1.2/commons-codec-1.2.jar
7f47e4079000-7f47e407f000 r--s 00045000 08:01 791428                     /home/madunlap/.m2/repository/commons-httpclient/commons-httpclient/3.1/commons-httpclient-3.1.jar
7f47e407f000-7f47e4083000 r--s 0003c000 08:01 791427                     /home/madunlap/.m2/repository/commons-lang/commons-lang/2.4/commons-lang-2.4.jar
7f47e4083000-7f47e409a000 r--s 00112000 08:01 791426                     /home/madunlap/.m2/repository/xerces/xercesImpl/2.8.1/xercesImpl-2.8.1.jar
7f47e409a000-7f47e409e000 r--s 00023000 08:01 921010                     /home/madunlap/.m2/repository/org/apache/maven/doxia/doxia-core/1.1.2/doxia-core-1.1.2.jar
7f47e409e000-7f47e40a0000 r--s 00003000 08:01 921007                     /home/madunlap/.m2/repository/org/apache/maven/reporting/maven-reporting-impl/2.1/maven-reporting-impl-2.1.jar
7f47e40a0000-7f47e40a1000 r--s 00002000 08:01 921004                     /home/madunlap/.m2/repository/org/apache/maven/doxia/doxia-logging-api/1.1/doxia-logging-api-1.1.jar
7f47e40a1000-7f47e40a3000 r--s 00002000 08:01 921001                     /home/madunlap/.m2/repository/org/apache/maven/doxia/doxia-sink-api/1.1/doxia-sink-api-1.1.jar
7f47e40a3000-7f47e40a4000 r--s 00002000 08:01 920999                     /home/madunlap/.m2/repository/org/apache/maven/reporting/maven-reporting-api/2.2.1/maven-reporting-api-2.2.1.jar
7f47e40a4000-7f47e40a9000 r--s 00039000 08:01 920997                     /home/madunlap/.m2/repository/org/codehaus/plexus/plexus-utils/1.5.6/plexus-utils-1.5.6.jar
7f47e40a9000-7f47e40af000 r--s 00034000 08:01 921701                     /home/madunlap/.m2/repository/junit/junit/4.8.2/junit-4.8.2.jar
7f47e40af000-7f47e40b1000 r--s 0000b000 08:01 920985                     /home/madunlap/.m2/repository/org/codehaus/plexus/plexus-interpolation/1.11/plexus-interpolation-1.11.jar
7f47e40b1000-7f47e40b9000 r--s 00049000 08:01 920984                     /home/madunlap/.m2/repository/backport-util-concurrent/backport-util-concurrent/3.1/backport-util-concurrent-3.1.jar
7f47e40b9000-7f47e40bc000 r--s 0001a000 08:01 1976716                    /usr/lib/jvm/java-8-oracle/jre/lib/jce.jar
7f47e40bc000-7f47e40be000 r--s 0000b000 08:01 660606                     /home/madunlap/.m2/repository/org/jacoco/jacoco-maven-plugin/0.7.5.201505241946/jacoco-maven-plugin-0.7.5.201505241946.jar
7f47e40be000-7f47e40cc000 r--s 0007f000 08:01 791424                     /home/madunlap/.m2/repository/commons-collections/commons-collections/3.2.1/commons-collections-3.2.1.jar
7f47e40cc000-7f47e40d1000 r--s 00041000 08:01 791300                     /home/madunlap/.m2/repository/commons-lang/commons-lang/2.6/commons-lang-2.6.jar
7f47e40d1000-7f47e40d3000 r--s 00006000 08:01 921678                     /home/madunlap/.m2/repository/org/apache/maven/shared/maven-invoker/2.0.11/maven-invoker-2.0.11.jar
7f47e40d3000-7f47e40d5000 r--s 00006000 08:01 921677                     /home/madunlap/.m2/repository/org/apache/maven/shared/maven-common-artifact-filters/1.4/maven-common-artifact-filters-1.4.jar
7f47e40d5000-7f47e40d7000 r--s 0000c000 08:01 921676                     /home/madunlap/.m2/repository/org/apache/maven/shared/maven-dependency-tree/2.0/maven-dependency-tree-2.0.jar
7f47e40d7000-7f47e40d9000 r--s 00000000 08:01 921682                     /home/madunlap/.m2/repository/org/codehaus/plexus/plexus-component-annotations/1.5.5/plexus-component-annotations-1.5.5.jar
7f47e40d9000-7f47e40da000 r--s 0000a000 08:01 921680                     /home/madunlap/.m2/repository/asm/asm/3.3.1/asm-3.3.1.jar
7f47e40da000-7f47e40dc000 r--s 00005000 08:01 921672                     /home/madunlap/.m2/repository/org/apache/maven/shared/maven-dependency-analyzer/1.3/maven-dependency-analyzer-1.3.jar
7f47e40dc000-7f47e40df000 r--s 0000c000 08:01 921669                     /home/madunlap/.m2/repository/org/codehaus/plexus/plexus-io/2.0.6/plexus-io-2.0.6.jar
7f47e40df000-7f47e40e2000 r--s 0001b000 08:01 791422                     /home/madunlap/.m2/repository/junit/junit/3.8.1/junit-3.8.1.jar
7f47e40e2000-7f47e40e4000 r--s 00008000 08:01 920995                     /home/madunlap/.m2/repository/org/apache/maven/shared/maven-shared-io/1.1/maven-shared-io-1.1.jar
7f47e40e4000-7f47e40e6000 r--s 00008000 08:01 920998                     /home/madunlap/.m2/repository/org/apache/maven/shared/file-management/1.2.1/file-management-1.2.1.jar
7f47e40e6000-7f47e40ea000 r--s 00035000 08:01 921667                     /home/madunlap/.m2/repository/org/codehaus/plexus/plexus-utils/3.0.9/plexus-utils-3.0.9.jar
7f47e40ea000-7f47e40ef000 r--s 00029000 08:01 921665                     /home/madunlap/.m2/repository/org/codehaus/plexus/plexus-archiver/2.2/plexus-archiver-2.2.jar
7f47e40ef000-7f47e40f1000 r--s 00004000 08:01 921661                     /home/madunlap/.m2/repository/org/apache/maven/doxia/doxia-module-xhtml/1.0/doxia-module-xhtml-1.0.jar
7f47e40f1000-7f47e40f2000 r--s 00006000 08:01 921663                     /home/madunlap/.m2/repository/org/apache/maven/doxia/doxia-module-xdoc/1.0/doxia-module-xdoc-1.0.jar
7f47e40f2000-7f47e40f3000 r--s 00004000 08:01 921664                     /home/madunlap/.m2/repository/org/apache/maven/doxia/doxia-module-fml/1.0/doxia-module-fml-1.0.jar
7f47e40f3000-7f47e40f5000 r--s 0000a000 08:01 921659                     /home/madunlap/.m2/repository/org/apache/maven/doxia/doxia-module-apt/1.0/doxia-module-apt-1.0.jar
7f47e40f5000-7f47e40f6000 r--s 0000b000 08:01 921658                     /home/madunlap/.m2/repository/org/apache/maven/doxia/doxia-decoration-model/1.0/doxia-decoration-model-1.0.jar
7f47e40f6000-7f47e40fe000 r--s 00058000 08:01 921019                     /home/madunlap/.m2/repository/org/apache/velocity/velocity/1.5/velocity-1.5.jar
7f47e40fe000-7f47e40ff000 r--s 00001000 08:01 921022                     /home/madunlap/.m2/repository/org/codehaus/plexus/plexus-velocity/1.1.7/plexus-velocity-1.1.7.jar
7f47e40ff000-7f47e4100000 r--s 00002000 08:01 921017                     /home/madunlap/.m2/repository/org/codehaus/plexus/plexus-i18n/1.0-beta-7/plexus-i18n-1.0-beta-7.jar
7f47e4100000-7f47e4102000 r--s 0000a000 08:01 921654                     /home/madunlap/.m2/repository/org/apache/maven/doxia/doxia-site-renderer/1.0/doxia-site-renderer-1.0.jar
7f47e4102000-7f47e4103000 r--s 00002000 08:01 921653                     /home/madunlap/.m2/repository/org/apache/maven/doxia/doxia-sink-api/1.0/doxia-sink-api-1.0.jar
7f47e4103000-7f47e4108000 r--s 00016000 08:01 791388                     /home/madunlap/.m2/repository/xml-apis/xml-apis/1.0.b2/xml-apis-1.0.b2.jar
7f47e4108000-7f47e410a000 r--s 0000e000 08:01 921023                     /home/madunlap/.m2/repository/oro/oro/2.0.8/oro-2.0.8.jar
7f47e410a000-7f47e410c000 r--s 00008000 08:01 791420                     /home/madunlap/.m2/repository/commons-logging/commons-logging/1.0.4/commons-logging-1.0.4.jar
7f47e410c000-7f47e4110000 r--s 00026000 08:01 921649                     /home/madunlap/.m2/repository/commons-digester/commons-digester/1.6/commons-digester-1.6.jar
7f47e4110000-7f47e4115000 r--s 0002a000 08:01 921644                     /home/madunlap/.m2/repository/commons-beanutils/commons-beanutils/1.7.0/commons-beanutils-1.7.0.jar
7f47e4115000-7f47e4118000 r--s 00014000 08:01 921646                     /home/madunlap/.m2/repository/commons-validator/commons-validator/1.2.0/commons-validator-1.2.0.jar
7f47e4118000-7f47e411b000 r--s 00018000 08:01 791418                     /home/madunlap/.m2/repository/commons-io/commons-io/1.4/commons-io-1.4.jar
7f47e411b000-7f47e411d000 r--s 00009000 08:01 921639                     /home/madunlap/.m2/repository/org/apache/maven/shared/maven-doxia-tools/1.0.2/maven-doxia-tools-1.0.2.jar
7f47e411d000-7f47e4120000 r--s 0000b000 08:01 921640                     /home/madunlap/.m2/repository/org/apache/maven/doxia/doxia-core/1.0/doxia-core-1.0.jar
7f47e4120000-7f47e4122000 r--s 00004000 08:01 921647                     /home/madunlap/.m2/repository/org/apache/maven/reporting/maven-reporting-impl/2.0.5/maven-reporting-impl-2.0.5.jar
7f47e4122000-7f47e4123000 r--s 00002000 08:01 921638                     /home/madunlap/.m2/repository/org/apache/maven/reporting/maven-reporting-api/3.0/maven-reporting-api-3.0.jar
7f47e4123000-7f47e4125000 r--s 00002000 08:01 921645                     /home/madunlap/.m2/repository/org/codehaus/plexus/plexus-interactivity-api/1.0-alpha-4/plexus-interactivity-api-1.0-alpha-4.jar
7f47e4125000-7f47e4127000 r--s 00006000 08:01 921636                     /home/madunlap/.m2/repository/commons-cli/commons-cli/1.0/commons-cli-1.0.jar
7f47e4127000-7f47e412a000 r--s 00021000 08:01 660560                     /home/madunlap/.m2/repository/org/apache/maven/plugins/maven-dependency-plugin/2.6/maven-dependency-plugin-2.6.jar
7f47e412a000-7f47e412e000 r--s 00033000 08:01 921162                     /home/madunlap/.m2/repository/org/codehaus/plexus/plexus-utils/2.0.5/plexus-utils-2.0.5.jar
7f47e412e000-7f47e412f000 r--s 00005000 08:01 660568                     /home/madunlap/.m2/repository/org/apache/maven/plugins/maven-clean-plugin/2.4.1/maven-clean-plugin-2.4.1.jar
7f47e412f000-7f47e4132000 ---p 00000000 00:00 0 
7f47e4132000-7f47e4168000 rw-p 00000000 00:00 0 
7f47e4168000-7f47e4169000 r--p 00000000 00:00 0 
7f47e4169000-7f47e4369000 rw-p 00000000 00:00 0 
7f47e4369000-7f47e436e000 r--s 0009a000 08:01 1976643                    /usr/lib/jvm/java-8-oracle/jre/lib/jsse.jar
7f47e436e000-7f47e456e000 rw-p 00000000 00:00 0 
7f47e456e000-7f47e4570000 r--s 0000c000 08:01 2112577                    /usr/local/netbeans-8.1/java/maven-nblib/netbeans-eventspy.jar
7f47e4570000-7f47e4572000 r--s 00002000 08:01 2112587                    /usr/local/netbeans-8.1/java/maven/lib/plexus-cipher-1.7.jar
7f47e4572000-7f47e4573000 r--s 0000a000 08:01 2112568                    /usr/local/netbeans-8.1/java/maven/lib/maven-embedder-3.0.5.jar
7f47e4573000-7f47e4575000 r--s 00000000 08:01 2112237                    /usr/local/netbeans-8.1/java/maven/lib/plexus-component-annotations-1.5.5.jar
7f47e4575000-7f47e4577000 r--s 0000a000 08:01 2112569                    /usr/local/netbeans-8.1/java/maven/lib/maven-settings-3.0.5.jar
7f47e4577000-7f47e457b000 r--s 0001c000 08:01 2112582                    /usr/local/netbeans-8.1/java/maven/lib/aether-util-1.13.1.jar
7f47e457b000-7f47e4582000 r--s 0003f000 08:01 2112554                    /usr/local/netbeans-8.1/java/maven/lib/sisu-inject-bean-2.3.0.jar
7f47e4582000-7f47e4586000 r--s 00021000 08:01 2112506                    /usr/local/netbeans-8.1/java/maven/lib/maven-model-builder-3.0.5.jar
7f47e4586000-7f47e4588000 r--s 0000b000 08:01 2112552                    /usr/local/netbeans-8.1/java/maven/lib/wagon-provider-api-2.4.jar
7f47e4588000-7f47e458c000 r--s 00033000 08:01 2112580                    /usr/local/netbeans-8.1/java/maven/lib/plexus-utils-2.0.6.jar
7f47e458c000-7f47e4590000 r--s 00013000 08:01 2112588                    /usr/local/netbeans-8.1/java/maven/lib/aether-api-1.13.1.jar
7f47e4590000-7f47e4592000 r--s 0000d000 08:01 2112510                    /usr/local/netbeans-8.1/java/maven/lib/plexus-interpolation-1.14.jar
7f47e4592000-7f47e45ad000 r--s 000e4000 08:01 2112562                    /usr/local/netbeans-8.1/java/maven/lib/wagon-http-2.4-shaded.jar
7f47e45ad000-7f47e45cc000 r--s 00154000 08:01 2112595                    /usr/local/netbeans-8.1/java/maven/lib/sisu-guava-0.9.9.jar
7f47e45cc000-7f47e45cd000 r--s 00002000 08:01 2112599                    /usr/local/netbeans-8.1/java/maven/lib/wagon-file-2.4.jar
7f47e45cd000-7f47e45ce000 r--s 00003000 08:01 2112589                    /usr/local/netbeans-8.1/java/maven/lib/aether-spi-1.13.1.jar
7f47e45ce000-7f47e45d6000 r--s 00050000 08:01 2112540                    /usr/local/netbeans-8.1/java/maven/lib/sisu-guice-3.1.0-no_aop.jar
7f47e45d6000-7f47e45d8000 r--s 0000b000 08:01 2112567                    /usr/local/netbeans-8.1/java/maven/lib/maven-artifact-3.0.5.jar
7f47e45d8000-7f47e45df000 r--s 0002b000 08:01 2112529                    /usr/local/netbeans-8.1/java/maven/lib/sisu-inject-plexus-2.3.0.jar
7f47e45df000-7f47e45e2000 r--s 0001d000 08:01 2112581                    /usr/local/netbeans-8.1/java/maven/lib/aether-impl-1.13.1.jar
7f47e45e2000-7f47e45e4000 r--s 00006000 08:01 2112424                    /usr/local/netbeans-8.1/java/maven/lib/aether-connector-wagon-1.13.1.jar
7f47e45e4000-7f47e45e6000 r--s 00009000 08:01 2112597                    /usr/local/netbeans-8.1/java/maven/lib/commons-cli-1.2.jar
7f47e45e6000-7f47e4614000 r--s 001c9000 08:01 2112509                    /usr/local/netbeans-8.1/java/maven/lib/ext/wagon-http-2.8-shaded.jar
7f47e4614000-7f47e4615000 ---p 00000000 00:00 0 
7f47e4615000-7f47e4715000 rw-p 00000000 00:00 0 
7f47e4715000-7f47e4718000 ---p 00000000 00:00 0 
7f47e4718000-7f47e4816000 rw-p 00000000 00:00 0 
7f47e4816000-7f47e4819000 ---p 00000000 00:00 0 
7f47e4819000-7f47e4917000 rw-p 00000000 00:00 0 
7f47e4917000-7f47e491a000 ---p 00000000 00:00 0 
7f47e491a000-7f47e4a18000 rw-p 00000000 00:00 0 
7f47e4a18000-7f47e4a1b000 ---p 00000000 00:00 0 
7f47e4a1b000-7f47e4b19000 rw-p 00000000 00:00 0 
7f47e4b19000-7f47e4df4000 r--p 00000000 08:01 1441812                    /usr/lib/locale/locale-archive
7f47e4df4000-7f47e4df7000 ---p 00000000 00:00 0 
7f47e4df7000-7f47e4ef5000 rw-p 00000000 00:00 0 
7f47e4ef5000-7f47e4ef8000 ---p 00000000 00:00 0 
7f47e4ef8000-7f47e4ff6000 rw-p 00000000 00:00 0 
7f47e4ff6000-7f47e4ff7000 ---p 00000000 00:00 0 
7f47e4ff7000-7f47e5a42000 rw-p 00000000 00:00 0 
7f47e5a42000-7f47e5c1c000 r--s 03d4d000 08:01 1976682                    /usr/lib/jvm/java-8-oracle/jre/lib/rt.jar
7f47e5c1c000-7f47e84ea000 rw-p 00000000 00:00 0 
7f47e84ea000-7f47e84eb000 ---p 00000000 00:00 0 
7f47e84eb000-7f47e85eb000 rw-p 00000000 00:00 0 
7f47e85eb000-7f47e85ec000 ---p 00000000 00:00 0 
7f47e85ec000-7f47e872e000 rw-p 00000000 00:00 0 
7f47e872e000-7f47e8836000 ---p 00000000 00:00 0 
7f47e8836000-7f47e8878000 rw-p 00000000 00:00 0 
7f47e8878000-7f47e897f000 ---p 00000000 00:00 0 
7f47e897f000-7f47e8a24000 rw-p 00000000 00:00 0 
7f47e8a24000-7f47e8a74000 rw-p 00000000 00:00 0 
7f47e8a74000-7f47e8de5000 ---p 00000000 00:00 0 
7f47e8de5000-7f47ea185000 rwxp 00000000 00:00 0 
7f47ea185000-7f47f7de5000 ---p 00000000 00:00 0 
7f47f7de5000-7f47f7dff000 r-xp 00000000 08:01 2106481                    /usr/lib/jvm/java-8-oracle/jre/lib/amd64/libzip.so
7f47f7dff000-7f47f7fff000 ---p 0001a000 08:01 2106481                    /usr/lib/jvm/java-8-oracle/jre/lib/amd64/libzip.so
7f47f7fff000-7f47f8000000 rw-p 0001a000 08:01 2106481                    /usr/lib/jvm/java-8-oracle/jre/lib/amd64/libzip.so
7f47f8000000-7f47f9904000 rw-p 00000000 00:00 0 
7f47f9904000-7f47fc000000 ---p 00000000 00:00 0 
7f47fc000000-7f47fc003000 r--s 00008000 08:01 2112453                    /usr/local/netbeans-8.1/java/maven/lib/maven-settings-builder-3.0.5.jar
7f47fc003000-7f47fc005000 r--s 00006000 08:01 2112358                    /usr/local/netbeans-8.1/java/maven/lib/maven-repository-metadata-3.0.5.jar
7f47fc005000-7f47fc011000 r--s 0007d000 08:01 2112594                    /usr/local/netbeans-8.1/java/maven/lib/maven-core-3.0.5.jar
7f47fc011000-7f47fc017000 r--s 0003f000 08:01 2112583                    /usr/local/netbeans-8.1/java/maven/lib/maven-compat-3.0.5.jar
7f47fc017000-7f47fc0ae000 rw-p 00000000 00:00 0 
7f47fc0ae000-7f47fc0b9000 r-xp 00000000 08:01 663303                     /lib/x86_64-linux-gnu/libnss_files-2.24.so
7f47fc0b9000-7f47fc2b8000 ---p 0000b000 08:01 663303                     /lib/x86_64-linux-gnu/libnss_files-2.24.so
7f47fc2b8000-7f47fc2b9000 r--p 0000a000 08:01 663303                     /lib/x86_64-linux-gnu/libnss_files-2.24.so
7f47fc2b9000-7f47fc2ba000 rw-p 0000b000 08:01 663303                     /lib/x86_64-linux-gnu/libnss_files-2.24.so
7f47fc2ba000-7f47fc2c0000 rw-p 00000000 00:00 0 
7f47fc2c0000-7f47fc2cb000 r-xp 00000000 08:01 663305                     /lib/x86_64-linux-gnu/libnss_nis-2.24.so
7f47fc2cb000-7f47fc4ca000 ---p 0000b000 08:01 663305                     /lib/x86_64-linux-gnu/libnss_nis-2.24.so
7f47fc4ca000-7f47fc4cb000 r--p 0000a000 08:01 663305                     /lib/x86_64-linux-gnu/libnss_nis-2.24.so
7f47fc4cb000-7f47fc4cc000 rw-p 0000b000 08:01 663305                     /lib/x86_64-linux-gnu/libnss_nis-2.24.so
7f47fc4cc000-7f47fc4e2000 r-xp 00000000 08:01 663300                     /lib/x86_64-linux-gnu/libnsl-2.24.so
7f47fc4e2000-7f47fc6e1000 ---p 00016000 08:01 663300                     /lib/x86_64-linux-gnu/libnsl-2.24.so
7f47fc6e1000-7f47fc6e2000 r--p 00015000 08:01 663300                     /lib/x86_64-linux-gnu/libnsl-2.24.so
7f47fc6e2000-7f47fc6e3000 rw-p 00016000 08:01 663300                     /lib/x86_64-linux-gnu/libnsl-2.24.so
7f47fc6e3000-7f47fc6e5000 rw-p 00000000 00:00 0 
7f47fc6e5000-7f47fc6ed000 r-xp 00000000 08:01 663301                     /lib/x86_64-linux-gnu/libnss_compat-2.24.so
7f47fc6ed000-7f47fc8ec000 ---p 00008000 08:01 663301                     /lib/x86_64-linux-gnu/libnss_compat-2.24.so
7f47fc8ec000-7f47fc8ed000 r--p 00007000 08:01 663301                     /lib/x86_64-linux-gnu/libnss_compat-2.24.so
7f47fc8ed000-7f47fc8ee000 rw-p 00008000 08:01 663301                     /lib/x86_64-linux-gnu/libnss_compat-2.24.so
7f47fc8ee000-7f47fc919000 r-xp 00000000 08:01 2106508                    /usr/lib/jvm/java-8-oracle/jre/lib/amd64/libjava.so
7f47fc919000-7f47fcb18000 ---p 0002b000 08:01 2106508                    /usr/lib/jvm/java-8-oracle/jre/lib/amd64/libjava.so
7f47fcb18000-7f47fcb1a000 rw-p 0002a000 08:01 2106508                    /usr/lib/jvm/java-8-oracle/jre/lib/amd64/libjava.so
7f47fcb1a000-7f47fcb27000 r-xp 00000000 08:01 2106459                    /usr/lib/jvm/java-8-oracle/jre/lib/amd64/libverify.so
7f47fcb27000-7f47fcd27000 ---p 0000d000 08:01 2106459                    /usr/lib/jvm/java-8-oracle/jre/lib/amd64/libverify.so
7f47fcd27000-7f47fcd29000 rw-p 0000d000 08:01 2106459                    /usr/lib/jvm/java-8-oracle/jre/lib/amd64/libverify.so
7f47fcd29000-7f47fcd30000 r-xp 00000000 08:01 663310                     /lib/x86_64-linux-gnu/librt-2.24.so
7f47fcd30000-7f47fcf2f000 ---p 00007000 08:01 663310                     /lib/x86_64-linux-gnu/librt-2.24.so
7f47fcf2f000-7f47fcf30000 r--p 00006000 08:01 663310                     /lib/x86_64-linux-gnu/librt-2.24.so
7f47fcf30000-7f47fcf31000 rw-p 00007000 08:01 663310                     /lib/x86_64-linux-gnu/librt-2.24.so
7f47fcf31000-7f47fd039000 r-xp 00000000 08:01 663297                     /lib/x86_64-linux-gnu/libm-2.24.so
7f47fd039000-7f47fd238000 ---p 00108000 08:01 663297                     /lib/x86_64-linux-gnu/libm-2.24.so
7f47fd238000-7f47fd239000 r--p 00107000 08:01 663297                     /lib/x86_64-linux-gnu/libm-2.24.so
7f47fd239000-7f47fd23a000 rw-p 00108000 08:01 663297                     /lib/x86_64-linux-gnu/libm-2.24.so
7f47fd23a000-7f47fdf0d000 r-xp 00000000 08:01 2106512                    /usr/lib/jvm/java-8-oracle/jre/lib/amd64/server/libjvm.so
7f47fdf0d000-7f47fe10c000 ---p 00cd3000 08:01 2106512                    /usr/lib/jvm/java-8-oracle/jre/lib/amd64/server/libjvm.so
7f47fe10c000-7f47fe1e6000 rw-p 00cd2000 08:01 2106512                    /usr/lib/jvm/java-8-oracle/jre/lib/amd64/server/libjvm.so
7f47fe1e6000-7f47fe231000 rw-p 00000000 00:00 0 
7f47fe231000-7f47fe3ef000 r-xp 00000000 08:01 663293                     /lib/x86_64-linux-gnu/libc-2.24.so
7f47fe3ef000-7f47fe5ee000 ---p 001be000 08:01 663293                     /lib/x86_64-linux-gnu/libc-2.24.so
7f47fe5ee000-7f47fe5f2000 r--p 001bd000 08:01 663293                     /lib/x86_64-linux-gnu/libc-2.24.so
7f47fe5f2000-7f47fe5f4000 rw-p 001c1000 08:01 663293                     /lib/x86_64-linux-gnu/libc-2.24.so
7f47fe5f4000-7f47fe5f8000 rw-p 00000000 00:00 0 
7f47fe5f8000-7f47fe5fb000 r-xp 00000000 08:01 663296                     /lib/x86_64-linux-gnu/libdl-2.24.so
7f47fe5fb000-7f47fe7fa000 ---p 00003000 08:01 663296                     /lib/x86_64-linux-gnu/libdl-2.24.so
7f47fe7fa000-7f47fe7fb000 r--p 00002000 08:01 663296                     /lib/x86_64-linux-gnu/libdl-2.24.so
7f47fe7fb000-7f47fe7fc000 rw-p 00003000 08:01 663296                     /lib/x86_64-linux-gnu/libdl-2.24.so
7f47fe7fc000-7f47fe811000 r-xp 00000000 08:01 1711533                    /usr/lib/jvm/java-8-oracle/lib/amd64/jli/libjli.so
7f47fe811000-7f47fea11000 ---p 00015000 08:01 1711533                    /usr/lib/jvm/java-8-oracle/lib/amd64/jli/libjli.so
7f47fea11000-7f47fea12000 rw-p 00015000 08:01 1711533                    /usr/lib/jvm/java-8-oracle/lib/amd64/jli/libjli.so
7f47fea12000-7f47fea2a000 r-xp 00000000 08:01 663308                     /lib/x86_64-linux-gnu/libpthread-2.24.so
7f47fea2a000-7f47fec2a000 ---p 00018000 08:01 663308                     /lib/x86_64-linux-gnu/libpthread-2.24.so
7f47fec2a000-7f47fec2b000 r--p 00018000 08:01 663308                     /lib/x86_64-linux-gnu/libpthread-2.24.so
7f47fec2b000-7f47fec2c000 rw-p 00019000 08:01 663308                     /lib/x86_64-linux-gnu/libpthread-2.24.so
7f47fec2c000-7f47fec30000 rw-p 00000000 00:00 0 
7f47fec30000-7f47fec56000 r-xp 00000000 08:01 663288                     /lib/x86_64-linux-gnu/ld-2.24.so
7f47fec56000-7f47fed28000 rw-p 00000000 00:00 0 
7f47fed28000-7f47fed2b000 ---p 00000000 00:00 0 
7f47fed2b000-7f47fee2b000 rw-p 00000000 00:00 0 
7f47fee2b000-7f47fee2d000 r--s 00026000 08:01 2112586                    /usr/local/netbeans-8.1/java/maven/lib/maven-model-3.0.5.jar
7f47fee2d000-7f47fee2f000 r--s 0000b000 08:01 2112553                    /usr/local/netbeans-8.1/java/maven/lib/maven-plugin-api-3.0.5.jar
7f47fee2f000-7f47fee30000 r--s 00006000 08:01 2112507                    /usr/local/netbeans-8.1/java/maven/lib/plexus-sec-dispatcher-1.3.jar
7f47fee30000-7f47fee32000 r--s 0000c000 08:01 2112471                    /usr/local/netbeans-8.1/java/maven/lib/maven-aether-provider-3.0.5.jar
7f47fee32000-7f47fee34000 r--s 0000a000 08:01 2112542                    /usr/local/netbeans-8.1/java/maven/boot/plexus-classworlds-2.4.jar
7f47fee34000-7f47fee48000 rw-p 00000000 00:00 0 
7f47fee48000-7f47fee50000 rw-s 00000000 08:01 1835014                    /tmp/hsperfdata_madunlap/16183
7f47fee50000-7f47fee51000 rw-p 00000000 00:00 0 
7f47fee51000-7f47fee52000 ---p 00000000 00:00 0 
7f47fee52000-7f47fee55000 rw-p 00000000 00:00 0 
7f47fee55000-7f47fee56000 r--p 00025000 08:01 663288                     /lib/x86_64-linux-gnu/ld-2.24.so
7f47fee56000-7f47fee57000 rw-p 00026000 08:01 663288                     /lib/x86_64-linux-gnu/ld-2.24.so
7f47fee57000-7f47fee58000 rw-p 00000000 00:00 0 
7fffa2914000-7fffa2935000 rw-p 00000000 00:00 0                          [stack]
7fffa294d000-7fffa294f000 r--p 00000000 00:00 0                          [vvar]
7fffa294f000-7fffa2951000 r-xp 00000000 00:00 0                          [vdso]
ffffffffff600000-ffffffffff601000 r-xp 00000000 00:00 0                  [vsyscall]

VM Arguments:
jvm_args: -Dclassworlds.conf=/usr/local/netbeans-8.1/java/maven/bin/m2.conf -Dmaven.home=/usr/local/netbeans-8.1/java/maven 
java_command: org.codehaus.plexus.classworlds.launcher.Launcher -Dmaven.ext.class.path=/usr/local/netbeans-8.1/java/maven-nblib/netbeans-eventspy.jar clean install
java_class_path (initial): /usr/local/netbeans-8.1/java/maven/boot/plexus-classworlds-2.4.jar
Launcher Type: SUN_STANDARD

Environment Variables:
JAVA_HOME=/usr/lib/jvm/java-8-oracle
PATH=/usr/local/sbin:/usr/local/bin:/usr/sbin:/usr/bin:/sbin:/bin:/usr/games:/usr/local/games:/snap/bin:/usr/lib/jvm/java-8-oracle/bin:/usr/lib/jvm/java-8-oracle/db/bin:/usr/lib/jvm/java-8-oracle/jre/bin
LD_LIBRARY_PATH=/usr/lib/jvm/java-8-oracle/jre/lib/amd64:/usr/lib/jvm/java-8-oracle/jre/lib/i386:
SHELL=/bin/bash
DISPLAY=:0

Signal Handlers:
SIGSEGV: [libjvm.so+0xacba10], sa_mask[0]=11111111011111111101111111111110, sa_flags=SA_RESTART|SA_SIGINFO
SIGBUS: [libjvm.so+0xacba10], sa_mask[0]=11111111011111111101111111111110, sa_flags=SA_RESTART|SA_SIGINFO
SIGFPE: [libjvm.so+0x924ba0], sa_mask[0]=11111111011111111101111111111110, sa_flags=SA_RESTART|SA_SIGINFO
SIGPIPE: [libjvm.so+0x924ba0], sa_mask[0]=11111111011111111101111111111110, sa_flags=SA_RESTART|SA_SIGINFO
SIGXFSZ: [libjvm.so+0x924ba0], sa_mask[0]=11111111011111111101111111111110, sa_flags=SA_RESTART|SA_SIGINFO
SIGILL: [libjvm.so+0x924ba0], sa_mask[0]=11111111011111111101111111111110, sa_flags=SA_RESTART|SA_SIGINFO
SIGUSR1: SIG_DFL, sa_mask[0]=00000000000000000000000000000000, sa_flags=none
SIGUSR2: [libjvm.so+0x9263e0], sa_mask[0]=00100000000000000000000000000000, sa_flags=SA_RESTART|SA_SIGINFO
SIGHUP: [libjvm.so+0x9277e0], sa_mask[0]=11111111011111111101111111111110, sa_flags=SA_RESTART|SA_SIGINFO
SIGINT: SIG_IGN, sa_mask[0]=00000000000000000000000000000000, sa_flags=none
SIGTERM: [libjvm.so+0x9277e0], sa_mask[0]=11111111011111111101111111111110, sa_flags=SA_RESTART|SA_SIGINFO
SIGQUIT: [libjvm.so+0x9277e0], sa_mask[0]=11111111011111111101111111111110, sa_flags=SA_RESTART|SA_SIGINFO


---------------  S Y S T E M  ---------------

OS:DISTRIB_ID=Ubuntu
DISTRIB_RELEASE=17.04
DISTRIB_CODENAME=zesty
DISTRIB_DESCRIPTION="Ubuntu 17.04"

uname:Linux 4.10.0-37-generic #41-Ubuntu SMP Fri Oct 6 20:20:37 UTC 2017 x86_64
libc:glibc 2.24 NPTL 2.24 
rlimit: STACK 8192k, CORE 0k, NPROC 15602, NOFILE 1048576, AS infinity
load average:1.10 0.77 0.52

/proc/meminfo:
MemTotal:        4039872 kB
MemFree:          114924 kB
MemAvailable:      27820 kB
Buffers:             772 kB
Cached:            48984 kB
SwapCached:        13464 kB
Active:          3078256 kB
Inactive:         628552 kB
Active(anon):    3063884 kB
Inactive(anon):   615064 kB
Active(file):      14372 kB
Inactive(file):    13488 kB
Unevictable:          32 kB
Mlocked:              32 kB
SwapTotal:       2097148 kB
SwapFree:            564 kB
Dirty:              1280 kB
Writeback:             0 kB
AnonPages:       3646128 kB
Mapped:            33768 kB
Shmem:             21896 kB
Slab:              90260 kB
SReclaimable:      41336 kB
SUnreclaim:        48924 kB
KernelStack:       15360 kB
PageTables:        72864 kB
NFS_Unstable:          0 kB
Bounce:                0 kB
WritebackTmp:          0 kB
CommitLimit:     4117084 kB
Committed_AS:   10488744 kB
VmallocTotal:   34359738367 kB
VmallocUsed:           0 kB
VmallocChunk:          0 kB
HardwareCorrupted:     0 kB
AnonHugePages:   1050624 kB
ShmemHugePages:        0 kB
ShmemPmdMapped:        0 kB
CmaTotal:              0 kB
CmaFree:               0 kB
HugePages_Total:       0
HugePages_Free:        0
HugePages_Rsvd:        0
HugePages_Surp:        0
Hugepagesize:       2048 kB
DirectMap4k:      159664 kB
DirectMap2M:     4034560 kB


CPU:total 2 (initial active 2) (2 cores per cpu, 1 threads per core) family 6 model 70 stepping 1, cmov, cx8, fxsr, mmx, sse, sse2, sse3, ssse3, sse4.1, sse4.2, popcnt, avx, avx2, aes, clmul, erms, lzcnt, tsc, tscinvbit, bmi1, bmi2

/proc/cpuinfo:
processor	: 0
vendor_id	: GenuineIntel
cpu family	: 6
model		: 70
model name	: Intel(R) Core(TM) i7-4870HQ CPU @ 2.50GHz
stepping	: 1
microcode	: 0x13
cpu MHz		: 2494.226
cache size	: 6144 KB
physical id	: 0
siblings	: 2
core id		: 0
cpu cores	: 2
apicid		: 0
initial apicid	: 0
fpu		: yes
fpu_exception	: yes
cpuid level	: 13
wp		: yes
flags		: fpu vme de pse tsc msr pae mce cx8 apic sep mtrr pge mca cmov pat pse36 clflush mmx fxsr sse sse2 ss ht syscall nx rdtscp lm constant_tsc nopl xtopology nonstop_tsc pni pclmulqdq ssse3 fma cx16 pcid sse4_1 sse4_2 x2apic movbe popcnt tsc_deadline_timer aes xsave avx f16c rdrand hypervisor lahf_lm abm fsgsbase tsc_adjust bmi1 avx2 smep bmi2 invpcid xsaveopt dtherm arat pln pts
bugs		:
bogomips	: 4988.45
clflush size	: 64
cache_alignment	: 64
address sizes	: 36 bits physical, 48 bits virtual
power management:

processor	: 1
vendor_id	: GenuineIntel
cpu family	: 6
model		: 70
model name	: Intel(R) Core(TM) i7-4870HQ CPU @ 2.50GHz
stepping	: 1
microcode	: 0x13
cpu MHz		: 2494.226
cache size	: 6144 KB
physical id	: 0
siblings	: 2
core id		: 1
cpu cores	: 2
apicid		: 1
initial apicid	: 1
fpu		: yes
fpu_exception	: yes
cpuid level	: 13
wp		: yes
flags		: fpu vme de pse tsc msr pae mce cx8 apic sep mtrr pge mca cmov pat pse36 clflush mmx fxsr sse sse2 ss ht syscall nx rdtscp lm constant_tsc nopl xtopology nonstop_tsc pni pclmulqdq ssse3 fma cx16 pcid sse4_1 sse4_2 x2apic movbe popcnt tsc_deadline_timer aes xsave avx f16c rdrand hypervisor lahf_lm abm fsgsbase tsc_adjust bmi1 avx2 smep bmi2 invpcid xsaveopt dtherm arat pln pts
bugs		:
bogomips	: 4988.45
clflush size	: 64
cache_alignment	: 64
address sizes	: 36 bits physical, 48 bits virtual
power management:



Memory: 4k page, physical 4039872k(114676k free), swap 2097148k(712k free)

vm_info: Java HotSpot(TM) 64-Bit Server VM (25.144-b01) for linux-amd64 JRE (1.8.0_144-b01), built on Jul 21 2017 21:57:33 by "java_re" with gcc 4.3.0 20080428 (Red Hat 4.3.0-8)

time: Tue Oct 17 15:12:43 2017
elapsed time: 11 seconds (0d 0h 0m 11s)

