#
# There is insufficient memory for the Java Runtime Environment to continue.
# Native memory allocation (mmap) failed to map 111149056 bytes for committing reserved memory.
# Possible reasons:
#   The system is out of physical RAM or swap space
#   In 32 bit mode, the process size limit was hit
# Possible solutions:
#   Reduce memory load on the system
#   Increase physical memory or swap space
#   Check if swap backing store is full
#   Use 64 bit Java on a 64 bit OS
#   Decrease Java heap size (-Xmx/-Xms)
#   Decrease number of Java threads
#   Decrease Java thread stack sizes (-Xss)
#   Set larger code cache with -XX:ReservedCodeCacheSize=
# This output file may be truncated or incomplete.
#
#  Out of Memory Error (os_linux.cpp:2640), pid=13663, tid=0x00007f043838c700
#
# JRE version: Java(TM) SE Runtime Environment (8.0_144-b01) (build 1.8.0_144-b01)
# Java VM: Java HotSpot(TM) 64-Bit Server VM (25.144-b01 mixed mode linux-amd64 compressed oops)
# Failed to write core dump. Core dumps have been disabled. To enable core dumping, try "ulimit -c unlimited" before starting Java again
#

---------------  T H R E A D  ---------------

Current thread (0x00007f0434073800):  VMThread [stack: 0x00007f043828c000,0x00007f043838d000] [id=13669]

Stack: [0x00007f043828c000,0x00007f043838d000],  sp=0x00007f043838b0a0,  free space=1020k
Native frames: (J=compiled Java code, j=interpreted, Vv=VM code, C=native code)
V  [libjvm.so+0xacb18a]  VMError::report_and_die()+0x2ba
V  [libjvm.so+0x4ff4db]  report_vm_out_of_memory(char const*, int, unsigned long, VMErrorType, char const*)+0x8b
V  [libjvm.so+0x927d23]  os::Linux::commit_memory_impl(char*, unsigned long, bool)+0x103
V  [libjvm.so+0x928279]  os::pd_commit_memory(char*, unsigned long, unsigned long, bool)+0x29
V  [libjvm.so+0x92249a]  os::commit_memory(char*, unsigned long, unsigned long, bool)+0x2a
V  [libjvm.so+0x996ff3]  PSVirtualSpace::expand_by(unsigned long)+0x53
V  [libjvm.so+0x9983f8]  PSYoungGen::resize_generation(unsigned long, unsigned long)+0xf8
V  [libjvm.so+0x997552]  PSYoungGen::resize(unsigned long, unsigned long)+0x22
V  [libjvm.so+0x99482b]  PSScavenge::invoke_no_policy()+0xf3b
V  [libjvm.so+0x994fb1]  PSScavenge::invoke()+0x41
V  [libjvm.so+0x94bce0]  ParallelScavengeHeap::failed_mem_allocate(unsigned long)+0x70
V  [libjvm.so+0xaccba7]  VM_ParallelGCFailedAllocation::doit()+0x97
V  [libjvm.so+0xad4685]  VM_Operation::evaluate()+0x55
V  [libjvm.so+0xad2a5a]  VMThread::evaluate_operation(VM_Operation*)+0xba
V  [libjvm.so+0xad2dde]  VMThread::loop()+0x1ce
V  [libjvm.so+0xad3250]  VMThread::run()+0x70
V  [libjvm.so+0x92a338]  java_start(Thread*)+0x108

VM_Operation (0x00007f043d1c3320): ParallelGCFailedAllocation, mode: safepoint, requested by thread 0x00007f043400a000


---------------  P R O C E S S  ---------------

Java Threads: ( => current thread )
  0x00007f04345de800 JavaThread "process reaper" daemon [_thread_blocked, id=13681, stack(0x00007f04224ce000,0x00007f0422507000)]
  0x00007f04340ba800 JavaThread "Service Thread" daemon [_thread_blocked, id=13675, stack(0x00007f0422a41000,0x00007f0422b42000)]
  0x00007f04340b7800 JavaThread "C1 CompilerThread1" daemon [_thread_blocked, id=13674, stack(0x00007f0422b42000,0x00007f0422c43000)]
  0x00007f04340b4800 JavaThread "C2 CompilerThread0" daemon [_thread_blocked, id=13673, stack(0x00007f0422c43000,0x00007f0422d44000)]
  0x00007f04340b3000 JavaThread "Signal Dispatcher" daemon [_thread_blocked, id=13672, stack(0x00007f0422d44000,0x00007f0422e45000)]
  0x00007f0434080000 JavaThread "Finalizer" daemon [_thread_blocked, id=13671, stack(0x00007f043808a000,0x00007f043818b000)]
  0x00007f043407b800 JavaThread "Reference Handler" daemon [_thread_blocked, id=13670, stack(0x00007f043818b000,0x00007f043828c000)]
  0x00007f043400a000 JavaThread "main" [_thread_blocked, id=13666, stack(0x00007f043d0c7000,0x00007f043d1c8000)]

Other Threads:
=>0x00007f0434073800 VMThread [stack: 0x00007f043828c000,0x00007f043838d000] [id=13669]
  0x00007f04340bd000 WatcherThread [stack: 0x00007f0422940000,0x00007f0422a41000] [id=13676]

VM state:at safepoint (normal execution)

VM Mutex/Monitor currently owned by a thread:  ([mutex/lock_event])
[0x00007f04340061a0] Threads_lock - owner thread: 0x00007f0434073800
[0x00007f04340066a0] Heap_lock - owner thread: 0x00007f043400a000

Heap:
 PSYoungGen      total 214528K, used 12792K [0x00000000eb700000, 0x00000000f9600000, 0x0000000100000000)
  eden space 201728K, 0% used [0x00000000eb700000,0x00000000eb700000,0x00000000f7c00000)
  from space 12800K, 99% used [0x00000000f7c00000,0x00000000f887e070,0x00000000f8880000)
  to   space 11776K, 0% used [0x00000000f8880000,0x00000000f8880000,0x00000000f9400000)
 ParOldGen       total 78848K, used 78741K [0x00000000c2400000, 0x00000000c7100000, 0x00000000eb700000)
  object space 78848K, 99% used [0x00000000c2400000,0x00000000c70e5588,0x00000000c7100000)
 Metaspace       used 21829K, capacity 22416K, committed 22576K, reserved 1069056K
  class space    used 2498K, capacity 2682K, committed 2688K, reserved 1048576K

Card table byte_map: [0x00007f0439c83000,0x00007f0439e72000] byte_map_base: 0x00007f0439671000

Marking Bits: (ParMarkBitMap*) 0x00007f043c5a2dc0
 Begin Bits: [0x00007f0423120000, 0x00007f0424090000)
 End Bits:   [0x00007f0424090000, 0x00007f0425000000)

Polling page: 0x00007f043d1f0000

CodeCache: size=245760Kb used=12905Kb max_used=14027Kb free=232854Kb
 bounds [0x00007f0425000000, 0x00007f0425dc0000, 0x00007f0434000000]
 total_blobs=4298 nmethods=3918 adapters=292
 compilation: enabled

Compilation events (10 events):
Event: 6.462 Thread 0x00007f04340b4800 nmethod 4197 0x00007f0425178f10 code [0x00007f0425179080, 0x00007f0425179208]
Event: 6.462 Thread 0x00007f04340b4800 4131       4       java.lang.Enum::compareTo (44 bytes)
Event: 6.462 Thread 0x00007f04340b4800 nmethod 4131 0x00007f04254de3d0 code [0x00007f04254de520, 0x00007f04254de5d8]
Event: 6.462 Thread 0x00007f04340b4800 4141       4       com.sun.tools.javac.parser.JavacParser::typeArgumentsOpt (49 bytes)
Event: 6.462 Thread 0x00007f04340b7800 4556       2       java.util.RegularEnumSet::add (40 bytes)
Event: 6.462 Thread 0x00007f04340b7800 nmethod 4556 0x00007f0425178b10 code [0x00007f0425178c80, 0x00007f0425178e48]
Event: 6.463 Thread 0x00007f04340b7800 4558       2       com.sun.tools.javac.file.ZipFileIndex$DirectoryEntry::getFiles (75 bytes)
Event: 6.463 Thread 0x00007f04340b7800 nmethod 4558 0x00007f04251dec90 code [0x00007f04251dee40, 0x00007f04251df208]
Event: 6.464 Thread 0x00007f04340b7800 4560       2       com.sun.tools.javac.file.JavacFileManager::listDirectory (172 bytes)
Event: 6.464 Thread 0x00007f04340b7800 nmethod 4560 0x00007f042556a5d0 code [0x00007f042556a840, 0x00007f042556b0f8]

GC Heap History (10 events):
Event: 2.590 GC heap after
Heap after GC invocations=7 (full 0):
 PSYoungGen      total 69632K, used 6128K [0x00000000eb700000, 0x00000000f4200000, 0x0000000100000000)
  eden space 63488K, 0% used [0x00000000eb700000,0x00000000eb700000,0x00000000ef500000)
  from space 6144K, 99% used [0x00000000ef500000,0x00000000efafc030,0x00000000efb00000)
  to   space 7680K, 0% used [0x00000000f3a80000,0x00000000f3a80000,0x00000000f4200000)
 ParOldGen       total 42496K, used 8580K [0x00000000c2400000, 0x00000000c4d80000, 0x00000000eb700000)
  object space 42496K, 20% used [0x00000000c2400000,0x00000000c2c61380,0x00000000c4d80000)
 Metaspace       used 14007K, capacity 14356K, committed 14592K, reserved 1062912K
  class space    used 1642K, capacity 1766K, committed 1792K, reserved 1048576K
}
Event: 2.973 GC heap before
{Heap before GC invocations=8 (full 0):
 PSYoungGen      total 69632K, used 69616K [0x00000000eb700000, 0x00000000f4200000, 0x0000000100000000)
  eden space 63488K, 100% used [0x00000000eb700000,0x00000000ef500000,0x00000000ef500000)
  from space 6144K, 99% used [0x00000000ef500000,0x00000000efafc030,0x00000000efb00000)
  to   space 7680K, 0% used [0x00000000f3a80000,0x00000000f3a80000,0x00000000f4200000)
 ParOldGen       total 42496K, used 8580K [0x00000000c2400000, 0x00000000c4d80000, 0x00000000eb700000)
  object space 42496K, 20% used [0x00000000c2400000,0x00000000c2c61380,0x00000000c4d80000)
 Metaspace       used 14315K, capacity 14694K, committed 14848K, reserved 1062912K
  class space    used 1646K, capacity 1769K, committed 1792K, reserved 1048576K
Event: 2.993 GC heap after
Heap after GC invocations=8 (full 0):
 PSYoungGen      total 134144K, used 7511K [0x00000000eb700000, 0x00000000f4300000, 0x0000000100000000)
  eden space 126464K, 0% used [0x00000000eb700000,0x00000000eb700000,0x00000000f3280000)
  from space 7680K, 97% used [0x00000000f3a80000,0x00000000f41d5cc0,0x00000000f4200000)
  to   space 8192K, 0% used [0x00000000f3280000,0x00000000f3280000,0x00000000f3a80000)
 ParOldGen       total 42496K, used 9798K [0x00000000c2400000, 0x00000000c4d80000, 0x00000000eb700000)
  object space 42496K, 23% used [0x00000000c2400000,0x00000000c2d91bb0,0x00000000c4d80000)
 Metaspace       used 14315K, capacity 14694K, committed 14848K, reserved 1062912K
  class space    used 1646K, capacity 1769K, committed 1792K, reserved 1048576K
}
Event: 4.004 GC heap before
{Heap before GC invocations=9 (full 0):
 PSYoungGen      total 134144K, used 133975K [0x00000000eb700000, 0x00000000f4300000, 0x0000000100000000)
  eden space 126464K, 100% used [0x00000000eb700000,0x00000000f3280000,0x00000000f3280000)
  from space 7680K, 97% used [0x00000000f3a80000,0x00000000f41d5cc0,0x00000000f4200000)
  to   space 8192K, 0% used [0x00000000f3280000,0x00000000f3280000,0x00000000f3a80000)
 ParOldGen       total 42496K, used 9798K [0x00000000c2400000, 0x00000000c4d80000, 0x00000000eb700000)
  object space 42496K, 23% used [0x00000000c2400000,0x00000000c2d91bb0,0x00000000c4d80000)
 Metaspace       used 16361K, capacity 16852K, committed 16896K, reserved 1064960K
  class space    used 1881K, capacity 2018K, committed 2048K, reserved 1048576K
Event: 4.030 GC heap after
Heap after GC invocations=9 (full 0):
 PSYoungGen      total 134656K, used 8192K [0x00000000eb700000, 0x00000000f9400000, 0x0000000100000000)
  eden space 126464K, 0% used [0x00000000eb700000,0x00000000eb700000,0x00000000f3280000)
  from space 8192K, 100% used [0x00000000f3280000,0x00000000f3a80000,0x00000000f3a80000)
  to   space 11776K, 0% used [0x00000000f8880000,0x00000000f8880000,0x00000000f9400000)
 ParOldGen       total 42496K, used 15613K [0x00000000c2400000, 0x00000000c4d80000, 0x00000000eb700000)
  object space 42496K, 36% used [0x00000000c2400000,0x00000000c333f5a0,0x00000000c4d80000)
 Metaspace       used 16361K, capacity 16852K, committed 16896K, reserved 1064960K
  class space    used 1881K, capacity 2018K, committed 2048K, reserved 1048576K
}
Event: 4.536 GC heap before
{Heap before GC invocations=10 (full 0):
 PSYoungGen      total 134656K, used 111229K [0x00000000eb700000, 0x00000000f9400000, 0x0000000100000000)
  eden space 126464K, 81% used [0x00000000eb700000,0x00000000f1b9f6b0,0x00000000f3280000)
  from space 8192K, 100% used [0x00000000f3280000,0x00000000f3a80000,0x00000000f3a80000)
  to   space 11776K, 0% used [0x00000000f8880000,0x00000000f8880000,0x00000000f9400000)
 ParOldGen       total 42496K, used 15613K [0x00000000c2400000, 0x00000000c4d80000, 0x00000000eb700000)
  object space 42496K, 36% used [0x00000000c2400000,0x00000000c333f5a0,0x00000000c4d80000)
 Metaspace       used 20588K, capacity 21136K, committed 21296K, reserved 1069056K
  class space    used 2439K, capacity 2618K, committed 2688K, reserved 1048576K
Event: 4.567 GC heap after
Heap after GC invocations=10 (full 0):
 PSYoungGen      total 213504K, used 10493K [0x00000000eb700000, 0x00000000f9600000, 0x0000000100000000)
  eden space 201728K, 0% used [0x00000000eb700000,0x00000000eb700000,0x00000000f7c00000)
  from space 11776K, 89% used [0x00000000f8880000,0x00000000f92bf6e8,0x00000000f9400000)
  to   space 12800K, 0% used [0x00000000f7c00000,0x00000000f7c00000,0x00000000f8880000)
 ParOldGen       total 42496K, used 19669K [0x00000000c2400000, 0x00000000c4d80000, 0x00000000eb700000)
  object space 42496K, 46% used [0x00000000c2400000,0x00000000c37355a0,0x00000000c4d80000)
 Metaspace       used 20588K, capacity 21136K, committed 21296K, reserved 1069056K
  class space    used 2439K, capacity 2618K, committed 2688K, reserved 1048576K
}
Event: 4.567 GC heap before
{Heap before GC invocations=11 (full 1):
 PSYoungGen      total 213504K, used 10493K [0x00000000eb700000, 0x00000000f9600000, 0x0000000100000000)
  eden space 201728K, 0% used [0x00000000eb700000,0x00000000eb700000,0x00000000f7c00000)
  from space 11776K, 89% used [0x00000000f8880000,0x00000000f92bf6e8,0x00000000f9400000)
  to   space 12800K, 0% used [0x00000000f7c00000,0x00000000f7c00000,0x00000000f8880000)
 ParOldGen       total 42496K, used 19669K [0x00000000c2400000, 0x00000000c4d80000, 0x00000000eb700000)
  object space 42496K, 46% used [0x00000000c2400000,0x00000000c37355a0,0x00000000c4d80000)
 Metaspace       used 20588K, capacity 21136K, committed 21296K, reserved 1069056K
  class space    used 2439K, capacity 2618K, committed 2688K, reserved 1048576K
Event: 4.670 GC heap after
Heap after GC invocations=11 (full 1):
 PSYoungGen      total 213504K, used 0K [0x00000000eb700000, 0x00000000f9600000, 0x0000000100000000)
  eden space 201728K, 0% used [0x00000000eb700000,0x00000000eb700000,0x00000000f7c00000)
  from space 11776K, 0% used [0x00000000f8880000,0x00000000f8880000,0x00000000f9400000)
  to   space 12800K, 0% used [0x00000000f7c00000,0x00000000f7c00000,0x00000000f8880000)
 ParOldGen       total 50688K, used 23337K [0x00000000c2400000, 0x00000000c5580000, 0x00000000eb700000)
  object space 50688K, 46% used [0x00000000c2400000,0x00000000c3aca560,0x00000000c5580000)
 Metaspace       used 20588K, capacity 21136K, committed 21296K, reserved 1069056K
  class space    used 2439K, capacity 2618K, committed 2688K, reserved 1048576K
}
Event: 6.467 GC heap before
{Heap before GC invocations=12 (full 1):
 PSYoungGen      total 213504K, used 201728K [0x00000000eb700000, 0x00000000f9600000, 0x0000000100000000)
  eden space 201728K, 100% used [0x00000000eb700000,0x00000000f7c00000,0x00000000f7c00000)
  from space 11776K, 0% used [0x00000000f8880000,0x00000000f8880000,0x00000000f9400000)
  to   space 12800K, 0% used [0x00000000f7c00000,0x00000000f7c00000,0x00000000f8880000)
 ParOldGen       total 50688K, used 23337K [0x00000000c2400000, 0x00000000c5580000, 0x00000000eb700000)
  object space 50688K, 46% used [0x00000000c2400000,0x00000000c3aca560,0x00000000c5580000)
 Metaspace       used 21829K, capacity 22416K, committed 22576K, reserved 1069056K
  class space    used 2498K, capacity 2682K, committed 2688K, reserved 1048576K

Deoptimization events (10 events):
Event: 4.109 Thread 0x00007f043400a000 Uncommon trap: reason=unstable_if action=reinterpret pc=0x00007f04259e94a0 method=org.apache.maven.model.io.xpp3.MavenXpp3Reader.nextTag(Lorg/codehaus/plexus/util/xml/pull/XmlPullParser;)I @ 9
Event: 4.156 Thread 0x00007f043400a000 Uncommon trap: reason=bimorphic action=maybe_recompile pc=0x00007f042594aedc method=com.google.inject.internal.InjectorImpl.callInContext(Lcom/google/inject/internal/ContextualCallable;)Ljava/lang/Object; @ 62
Event: 4.309 Thread 0x00007f043400a000 Uncommon trap: reason=unstable_if action=reinterpret pc=0x00007f042579a1e4 method=java.util.regex.Pattern.compile()V @ 271
Event: 4.675 Thread 0x00007f043400a000 Uncommon trap: reason=class_check action=maybe_recompile pc=0x00007f04251babf8 method=sun.misc.URLClassPath.getLoader(I)Lsun/misc/URLClassPath$Loader; @ 94
Event: 4.675 Thread 0x00007f043400a000 Uncommon trap: reason=unstable_if action=reinterpret pc=0x00007f0425a87a18 method=java.lang.String.regionMatches(ZILjava/lang/String;II)Z @ 41
Event: 4.694 Thread 0x00007f043400a000 Uncommon trap: reason=unstable_if action=reinterpret pc=0x00007f0425b11e98 method=sun.misc.URLClassPath$JarLoader.getResource(Ljava/lang/String;Z)Lsun/misc/Resource; @ 62
Event: 4.702 Thread 0x00007f043400a000 Uncommon trap: reason=unstable_if action=reinterpret pc=0x00007f04259a9938 method=java.io.BufferedReader.readLine(Z)Ljava/lang/String; @ 192
Event: 4.706 Thread 0x00007f043400a000 Uncommon trap: reason=unstable_if action=reinterpret pc=0x00007f04251bade0 method=java.util.HashMap.putVal(ILjava/lang/Object;Ljava/lang/Object;ZZ)Ljava/lang/Object; @ 193
Event: 4.727 Thread 0x00007f043400a000 Uncommon trap: reason=unstable_if action=reinterpret pc=0x00007f0425613bf0 method=java.nio.charset.CharsetDecoder.decode(Ljava/nio/ByteBuffer;Ljava/nio/CharBuffer;Z)Ljava/nio/charset/CoderResult; @ 1
Event: 5.899 Thread 0x00007f043400a000 Uncommon trap: reason=unstable_if action=reinterpret pc=0x00007f04251226cc method=com.sun.tools.javac.parser.JavadocTokenizer$DocReader.scanCommentChar()V @ 10

Internal exceptions (10 events):
Event: 4.696 Thread 0x00007f043400a000 Exception <a 'java/security/PrivilegedActionException'> (0x00000000eb8af428) thrown at [/HUDSON3/workspace/8-2-build-linux-amd64/jdk8u144/9417/hotspot/src/share/vm/prims/jvm.cpp, line 1390]
Event: 4.707 Thread 0x00007f043400a000 Exception <a 'java/security/PrivilegedActionException'> (0x00000000eb930638) thrown at [/HUDSON3/workspace/8-2-build-linux-amd64/jdk8u144/9417/hotspot/src/share/vm/prims/jvm.cpp, line 1390]
Event: 4.707 Thread 0x00007f043400a000 Exception <a 'java/security/PrivilegedActionException'> (0x00000000eb930a30) thrown at [/HUDSON3/workspace/8-2-build-linux-amd64/jdk8u144/9417/hotspot/src/share/vm/prims/jvm.cpp, line 1390]
Event: 6.024 Thread 0x00007f043400a000 Exception <a 'java/io/FileNotFoundException'> (0x00000000f426bca8) thrown at [/HUDSON3/workspace/8-2-build-linux-amd64/jdk8u144/9417/hotspot/src/share/vm/prims/jni.cpp, line 709]
Event: 6.029 Thread 0x00007f043400a000 Exception <a 'java/io/FileNotFoundException'> (0x00000000f42a0cc0) thrown at [/HUDSON3/workspace/8-2-build-linux-amd64/jdk8u144/9417/hotspot/src/share/vm/prims/jni.cpp, line 709]
Event: 6.133 Thread 0x00007f043400a000 Exception <a 'java/io/FileNotFoundException'> (0x00000000f53bbd20) thrown at [/HUDSON3/workspace/8-2-build-linux-amd64/jdk8u144/9417/hotspot/src/share/vm/prims/jni.cpp, line 709]
Event: 6.133 Thread 0x00007f043400a000 Exception <a 'java/io/FileNotFoundException'> (0x00000000f53bca40) thrown at [/HUDSON3/workspace/8-2-build-linux-amd64/jdk8u144/9417/hotspot/src/share/vm/prims/jni.cpp, line 709]
Event: 6.133 Thread 0x00007f043400a000 Exception <a 'java/io/FileNotFoundException'> (0x00000000f53bd768) thrown at [/HUDSON3/workspace/8-2-build-linux-amd64/jdk8u144/9417/hotspot/src/share/vm/prims/jni.cpp, line 709]
Event: 6.148 Thread 0x00007f043400a000 Exception <a 'java/io/FileNotFoundException'> (0x00000000f5829e30) thrown at [/HUDSON3/workspace/8-2-build-linux-amd64/jdk8u144/9417/hotspot/src/share/vm/prims/jni.cpp, line 709]
Event: 6.149 Thread 0x00007f043400a000 Exception <a 'java/io/FileNotFoundException'> (0x00000000f58493c8) thrown at [/HUDSON3/workspace/8-2-build-linux-amd64/jdk8u144/9417/hotspot/src/share/vm/prims/jni.cpp, line 709]

Events (10 events):
Event: 6.377 Thread 0x00007f043400a000 DEOPT UNPACKING pc=0x00007f0425047633 sp=0x00007f043d1c2ca8 mode 0
Event: 6.406 loading class com/sun/tools/javac/code/Symbol$VarSymbol$2
Event: 6.406 loading class com/sun/tools/javac/code/Symbol$VarSymbol$2 done
Event: 6.429 loading class com/sun/tools/javac/tree/TreeMaker$1
Event: 6.429 loading class com/sun/tools/javac/tree/TreeMaker$1 done
Event: 6.430 loading class com/sun/tools/javac/code/TypeAnnotations$1
Event: 6.430 loading class com/sun/tools/javac/code/TypeAnnotations$1 done
Event: 6.430 loading class com/sun/tools/javac/code/TypeAnnotations$2
Event: 6.430 loading class com/sun/tools/javac/code/TypeAnnotations$2 done
Event: 6.467 Executing VM operation: ParallelGCFailedAllocation


Dynamic libraries:
00400000-00401000 r-xp 00000000 08:01 1711591                            /usr/lib/jvm/java-8-oracle/bin/java
00600000-00601000 rw-p 00000000 08:01 1711591                            /usr/lib/jvm/java-8-oracle/bin/java
0153a000-0155b000 rw-p 00000000 00:00 0                                  [heap]
c2400000-c7100000 rw-p 00000000 00:00 0 
c7100000-eb700000 ---p 00000000 00:00 0 
eb700000-f9600000 rw-p 00000000 00:00 0 
100000000-1002a0000 rw-p 00000000 00:00 0 
1002a0000-140000000 ---p 00000000 00:00 0 
7f03f0fff000-7f03f4000000 rw-p 00000000 00:00 0 
7f03f4000000-7f03f4021000 rw-p 00000000 00:00 0 
7f03f4021000-7f03f8000000 ---p 00000000 00:00 0 
7f03f8000000-7f03f8021000 rw-p 00000000 00:00 0 
7f03f8021000-7f03fc000000 ---p 00000000 00:00 0 
7f03fc000000-7f03fd245000 rw-p 00000000 00:00 0 
7f03fd245000-7f0400000000 ---p 00000000 00:00 0 
7f0400000000-7f0400021000 rw-p 00000000 00:00 0 
7f0400021000-7f0404000000 ---p 00000000 00:00 0 
7f0404000000-7f0404021000 rw-p 00000000 00:00 0 
7f0404021000-7f0408000000 ---p 00000000 00:00 0 
7f0408000000-7f04094cb000 rw-p 00000000 00:00 0 
7f04094cb000-7f040c000000 ---p 00000000 00:00 0 
7f040c000000-7f040c021000 rw-p 00000000 00:00 0 
7f040c021000-7f0410000000 ---p 00000000 00:00 0 
7f0410000000-7f0410021000 rw-p 00000000 00:00 0 
7f0410021000-7f0414000000 ---p 00000000 00:00 0 
7f0414000000-7f0414024000 rw-p 00000000 00:00 0 
7f0414024000-7f0418000000 ---p 00000000 00:00 0 
7f0418000000-7f041828f000 rw-p 00000000 00:00 0 
7f041828f000-7f041c000000 ---p 00000000 00:00 0 
7f041c000000-7f041c021000 rw-p 00000000 00:00 0 
7f041c021000-7f0420000000 ---p 00000000 00:00 0 
7f0420d35000-7f0420d36000 r--s 00002000 08:01 921105                     /home/madunlap/.m2/repository/com/google/auto/service/auto-service/1.0-rc2/auto-service-1.0-rc2.jar
7f0420d36000-7f0420d38000 r--s 0000c000 08:01 921153                     /home/madunlap/.m2/repository/com/lyncode/xoai-service-provider/4.1.0-header-patch/xoai-service-provider-4.1.0-header-patch.jar
7f0420d38000-7f0420d39000 r--s 00001000 08:01 921104                     /home/madunlap/.m2/repository/com/lyncode/builder-commons/1.0.2/builder-commons-1.0.2.jar
7f0420d39000-7f0420d3c000 r--s 00012000 08:01 921152                     /home/madunlap/.m2/repository/com/lyncode/xoai-data-provider/4.1.0-header-patch/xoai-data-provider-4.1.0-header-patch.jar
7f0420d3c000-7f0420d3e000 r--s 00005000 08:01 791390                     /home/madunlap/.m2/repository/stax/stax-api/1.0.1/stax-api-1.0.1.jar
7f0420d3e000-7f0420d44000 r--s 00048000 08:01 921101                     /home/madunlap/.m2/repository/org/apache/commons/commons-lang3/3.1/commons-lang3-3.1.jar
7f0420d44000-7f0420d46000 r--s 00004000 08:01 921097                     /home/madunlap/.m2/repository/javax/xml/stream/stax-api/1.0-2/stax-api-1.0-2.jar
7f0420d46000-7f0420d4a000 r--s 00029000 08:01 921098                     /home/madunlap/.m2/repository/org/codehaus/woodstox/stax2-api/3.0.4/stax2-api-3.0.4.jar
7f0420d4a000-7f0420d50000 r--s 00045000 08:01 921095                     /home/madunlap/.m2/repository/org/hamcrest/hamcrest-all/1.3/hamcrest-all-1.3.jar
7f0420d50000-7f0420d51000 r--s 00003000 08:01 921092                     /home/madunlap/.m2/repository/com/lyncode/test-support/1.0.4/test-support-1.0.4.jar
7f0420d51000-7f0420d53000 r--s 00004000 08:01 921090                     /home/madunlap/.m2/repository/com/lyncode/xml-io/1.0.3/xml-io-1.0.3.jar
7f0420d53000-7f0420d55000 r--s 0000d000 08:01 921151                     /home/madunlap/.m2/repository/com/lyncode/xoai-common/4.1.0-header-patch/xoai-common-4.1.0-header-patch.jar
7f0420d55000-7f0420d58000 r--s 00011000 08:01 921088                     /home/madunlap/.m2/repository/com/github/scribejava/scribejava-core/3.1.0/scribejava-core-3.1.0.jar
7f0420d58000-7f0420d5b000 r--s 00010000 08:01 921084                     /home/madunlap/.m2/repository/com/github/scribejava/scribejava-apis/3.1.0/scribejava-apis-3.1.0.jar
7f0420d5b000-7f0420d64000 r--s 0006f000 08:01 921083                     /home/madunlap/.m2/repository/log4j/log4j/1.2.17/log4j-1.2.17.jar
7f0420d64000-7f0420e3b000 r--s 007aa000 08:01 921093                     /home/madunlap/.m2/repository/net/sf/ehcache/ehcache/2.10.1/ehcache-2.10.1.jar
7f0420e3b000-7f0420e3d000 r--s 00008000 08:01 921082                     /home/madunlap/.m2/repository/org/apache/commons/commons-csv/1.2/commons-csv-1.2.jar
7f0420e3d000-7f0420e41000 r--s 00035000 08:01 921081                     /home/madunlap/.m2/repository/com/fasterxml/jackson/core/jackson-core/2.5.3/jackson-core-2.5.3.jar
7f0420e41000-7f0420e43000 r--s 00008000 08:01 921075                     /home/madunlap/.m2/repository/com/fasterxml/jackson/core/jackson-annotations/2.5.0/jackson-annotations-2.5.0.jar
7f0420e43000-7f0420e55000 r--s 00106000 08:01 921073                     /home/madunlap/.m2/repository/com/fasterxml/jackson/core/jackson-databind/2.5.3/jackson-databind-2.5.3.jar
7f0420e55000-7f0420e58000 r--s 00006000 08:01 921070                     /home/madunlap/.m2/repository/com/google/code/findbugs/jsr305/1.3.9/jsr305-1.3.9.jar
7f0420e58000-7f0420e5e000 r--s 00040000 08:01 921074                     /home/madunlap/.m2/repository/com/google/http-client/google-http-client/1.20.0/google-http-client-1.20.0.jar
7f0420e5e000-7f0420e5f000 r--s 00004000 08:01 921066                     /home/madunlap/.m2/repository/com/maxmind/db/maxmind-db/1.0.0/maxmind-db-1.0.0.jar
7f0420e5f000-7f0420e61000 r--s 00007000 08:01 921064                     /home/madunlap/.m2/repository/com/maxmind/geoip2/geoip2/2.3.1/geoip2-2.3.1.jar
7f0420e61000-7f0420e65000 r--s 00034000 08:01 921067                     /home/madunlap/.m2/repository/org/codehaus/jackson/jackson-core-asl/1.9.7/jackson-core-asl-1.9.7.jar
7f0420e65000-7f0420e74000 r--s 000b0000 08:01 921065                     /home/madunlap/.m2/repository/org/codehaus/jackson/jackson-mapper-asl/1.9.7/jackson-mapper-asl-1.9.7.jar
7f0420e74000-7f0420e7e000 r--s 0003d000 08:01 921060                     /home/madunlap/.m2/repository/org/javaswift/joss/0.9.10/joss-0.9.10.jar
7f0420e7e000-7f0420e85000 r--s 0003a000 08:01 921056                     /home/madunlap/.m2/repository/commons-codec/commons-codec/1.9/commons-codec-1.9.jar
7f0420e85000-7f0420e8c000 r--s 00048000 08:01 921054                     /home/madunlap/.m2/repository/org/apache/httpcomponents/httpcore/4.4.1/httpcore-4.4.1.jar
7f0420e8c000-7f0420e99000 r--s 000a4000 08:01 921052                     /home/madunlap/.m2/repository/org/apache/httpcomponents/httpclient/4.4.1/httpclient-4.4.1.jar
7f0420e99000-7f0420e9d000 r--s 00028000 08:01 921050                     /home/madunlap/.m2/repository/org/apache/httpcomponents/httpasyncclient/4.1/httpasyncclient-4.1.jar
7f0420e9d000-7f0420ea4000 r--s 00050000 08:01 921049                     /home/madunlap/.m2/repository/org/apache/httpcomponents/httpcore-nio/4.4.1/httpcore-nio-4.4.1.jar
7f0420ea4000-7f0420eaa000 r--s 00033000 08:01 921046                     /home/madunlap/.m2/repository/io/searchbox/jest-common/0.1.7/jest-common-0.1.7.jar
7f0420eaa000-7f0420eab000 r--s 00004000 08:01 921045                     /home/madunlap/.m2/repository/io/searchbox/jest/0.1.7/jest-0.1.7.jar
7f0420eab000-7f0420eac000 r--s 00004000 08:01 921039                     /home/madunlap/.m2/repository/org/apache/axis/axis-saaj/1.4/axis-saaj-1.4.jar
7f0420eac000-7f0420eae000 r--s 00006000 08:01 921036                     /home/madunlap/.m2/repository/org/apache/axis/axis-jaxrpc/1.4/axis-jaxrpc-1.4.jar
7f0420eae000-7f0420ec2000 r--s 00173000 08:01 921038                     /home/madunlap/.m2/repository/axis/axis/1.4/axis-1.4.jar
7f0420ec2000-7f0420ede000 r--s 00103000 08:01 921030                     /home/madunlap/.m2/repository/org/mockito/mockito-core/1.10.19/mockito-core-1.10.19.jar
7f0420ede000-7f0420ee0000 r--s 00001000 08:01 921031                     /home/madunlap/.m2/repository/org/slf4j/slf4j-log4j12/1.7.7/slf4j-log4j12-1.7.7.jar
7f0420ee0000-7f0420ee2000 r--s 00006000 08:01 791385                     /home/madunlap/.m2/repository/org/slf4j/slf4j-api/1.7.7/slf4j-api-1.7.7.jar
7f0420ee2000-7f0420ee4000 r--s 00008000 08:01 920991                     /home/madunlap/.m2/repository/classworlds/classworlds/1.1-alpha-2/classworlds-1.1-alpha-2.jar
7f0420ee4000-7f0420eeb000 r--s 00029000 08:01 920988                     /home/madunlap/.m2/repository/org/codehaus/plexus/plexus-container-default/1.0-alpha-9-stable-1/plexus-container-default-1.0-alpha-9-stable-1.jar
7f0420eeb000-7f0420eee000 r--s 00011000 08:01 920989                     /home/madunlap/.m2/repository/org/apache/maven/maven-artifact/2.2.1/maven-artifact-2.2.1.jar
7f0420eee000-7f0420ef0000 r--s 00006000 08:01 920982                     /home/madunlap/.m2/repository/org/apache/maven/maven-plugin-registry/2.2.1/maven-plugin-registry-2.2.1.jar
7f0420ef0000-7f0420ef2000 r--s 0000b000 08:01 920978                     /home/madunlap/.m2/repository/org/apache/maven/wagon/wagon-provider-api/1.0-beta-6/wagon-provider-api-1.0-beta-6.jar
7f0420ef2000-7f0420ef4000 r--s 00005000 08:01 920980                     /home/madunlap/.m2/repository/org/apache/maven/maven-repository-metadata/2.2.1/maven-repository-metadata-2.2.1.jar
7f0420ef4000-7f0420ef6000 r--s 0000f000 08:01 920975                     /home/madunlap/.m2/repository/org/apache/maven/maven-artifact-manager/2.2.1/maven-artifact-manager-2.2.1.jar
7f0420ef6000-7f0420ef8000 r--s 00014000 08:01 920971                     /home/madunlap/.m2/repository/org/apache/maven/maven-model/2.2.1/maven-model-2.2.1.jar
7f0420ef8000-7f0420efa000 r--s 00007000 08:01 920969                     /home/madunlap/.m2/repository/org/apache/maven/maven-profile/2.2.1/maven-profile-2.2.1.jar
7f0420efa000-7f0420efb000 r--s 0000b000 08:01 920972                     /home/madunlap/.m2/repository/org/apache/maven/maven-settings/2.2.1/maven-settings-2.2.1.jar
7f0420efb000-7f0420eff000 r--s 00023000 08:01 920973                     /home/madunlap/.m2/repository/org/apache/maven/maven-project/2.2.1/maven-project-2.2.1.jar
7f0420eff000-7f0420f01000 r--s 00002000 08:01 661356                     /home/madunlap/.m2/repository/org/apache/maven/maven-plugin-api/2.2.1/maven-plugin-api-2.2.1.jar
7f0420f01000-7f0420f03000 r--s 00015000 08:01 791373                     /home/madunlap/.m2/repository/org/ccil/cowan/tagsoup/tagsoup/1.2.1/tagsoup-1.2.1.jar
7f0420f03000-7f0420f09000 r--s 00044000 08:01 791367                     /home/madunlap/.m2/repository/org/jsoup/jsoup/1.8.1/jsoup-1.8.1.jar
7f0420f09000-7f0420f0b000 r--s 00004000 08:01 791401                     /home/madunlap/.m2/repository/edu/ucsb/nceas/ezid/1.0.0/ezid-1.0.0.jar
7f0420f0b000-7f0420f0e000 r--s 0000b000 08:01 791362                     /home/madunlap/.m2/repository/org/ocpsoft/rewrite/rewrite-integration-faces/2.0.12.Final/rewrite-integration-faces-2.0.12.Final.jar
7f0420f0e000-7f0420f10000 r--s 00001000 08:01 791360                     /home/madunlap/.m2/repository/org/ocpsoft/rewrite/rewrite-annotations-api/2.0.12.Final/rewrite-annotations-api-2.0.12.Final.jar
7f0420f10000-7f0420f11000 r--s 00005000 08:01 791359                     /home/madunlap/.m2/repository/org/ocpsoft/rewrite/rewrite-addressbuilder/2.0.12.Final/rewrite-addressbuilder-2.0.12.Final.jar
7f0420f11000-7f0420f13000 r--s 00008000 08:01 791357                     /home/madunlap/.m2/repository/org/ocpsoft/rewrite/rewrite-api-servlet/2.0.12.Final/rewrite-api-servlet-2.0.12.Final.jar
7f0420f13000-7f0420f15000 r--s 00001000 08:01 791354                     /home/madunlap/.m2/repository/org/ocpsoft/logging/logging-api/1.0.2.Final/logging-api-1.0.2.Final.jar
7f0420f15000-7f0420f16000 r--s 00003000 08:01 791353                     /home/madunlap/.m2/repository/org/ocpsoft/common/common-api/1.0.5.Final/common-api-1.0.5.Final.jar
7f0420f16000-7f0420f1a000 r--s 00018000 08:01 791351                     /home/madunlap/.m2/repository/org/ocpsoft/rewrite/rewrite-api/2.0.12.Final/rewrite-api-2.0.12.Final.jar
7f0420f1a000-7f0420f1c000 r--s 00005000 08:01 791349                     /home/madunlap/.m2/repository/org/ocpsoft/rewrite/rewrite-annotations-impl/2.0.12.Final/rewrite-annotations-impl-2.0.12.Final.jar
7f0420f1c000-7f0420f2a000 r--s 00092000 08:01 791352                     /home/madunlap/.m2/repository/org/ocpsoft/rewrite/rewrite-config-prettyfaces/2.0.12.Final/rewrite-config-prettyfaces-2.0.12.Final.jar
7f0420f2a000-7f0420f38000 r--s 0005f000 08:01 791345                     /home/madunlap/.m2/repository/org/ocpsoft/rewrite/rewrite-servlet/2.0.12.Final/rewrite-servlet-2.0.12.Final.jar
7f0420f38000-7f0420f3c000 r--s 0003c000 08:01 791218                     /home/madunlap/.m2/repository/javax/media/jai_codec/1.1.3/jai_codec-1.1.3.jar
7f0420f3c000-7f0420f50000 r--s 001bd000 08:01 791220                     /home/madunlap/.m2/repository/javax/media/jai_core/1.1.3/jai_core-1.1.3.jar
7f0420f50000-7f0420f61000 r--s 00106000 08:01 791219                     /home/madunlap/.m2/repository/javax/media/jai_imageio/1.1.1/jai_imageio-1.1.1.jar
7f0420f61000-7f0420f63000 r--s 00009000 08:01 791399                     /home/madunlap/.m2/repository/edu/harvard/hul/ois/jhove/jhove-handler/1.11.0/jhove-handler-1.11.0.jar
7f0420f63000-7f0420f6c000 r--s 00079000 08:01 791398                     /home/madunlap/.m2/repository/edu/harvard/hul/ois/jhove/jhove-module/1.11.0/jhove-module-1.11.0.jar
7f0420f6c000-7f0420f6f000 r--s 00011000 08:01 791396                     /home/madunlap/.m2/repository/edu/harvard/hul/ois/jhove/jhove/1.11.0/jhove-1.11.0.jar
7f0420f6f000-7f0420f7f000 r--s 0011f000 08:01 791342                     /home/madunlap/.m2/repository/org/apache/poi/poi-scratchpad/3.10-FINAL/poi-scratchpad-3.10-FINAL.jar
7f0420f7f000-7f0420f85000 r--s 00047000 08:01 791341                     /home/madunlap/.m2/repository/org/apache/poi/poi-examples/3.10-FINAL/poi-examples-3.10-FINAL.jar
7f0420f85000-7f0420f8a000 r--s 00048000 08:01 791338                     /home/madunlap/.m2/repository/dom4j/dom4j/1.6.1/dom4j-1.6.1.jar
7f0420f8a000-7f0420fc7000 r--s 0024f000 08:01 791336                     /home/madunlap/.m2/repository/org/apache/xmlbeans/xmlbeans/2.3.0/xmlbeans-2.3.0.jar
7f0420fc7000-7f042105f000 r--s 00420000 08:01 791334                     /home/madunlap/.m2/repository/org/apache/poi/poi-ooxml-schemas/3.10-FINAL/poi-ooxml-schemas-3.10-FINAL.jar
7f042105f000-7f042106d000 r--s 000ee000 08:01 791333                     /home/madunlap/.m2/repository/org/apache/poi/poi-ooxml/3.10-FINAL/poi-ooxml-3.10-FINAL.jar
7f042106d000-7f042108f000 r--s 001bb000 08:01 791332                     /home/madunlap/.m2/repository/org/apache/poi/poi/3.10-FINAL/poi-3.10-FINAL.jar
7f042108f000-7f0421091000 r--s 00006000 08:01 791331                     /home/madunlap/.m2/repository/org/nuiton/thirdparty/Rserve/0.6-1/Rserve-0.6-1.jar
7f0421091000-7f0421093000 r--s 00006000 08:01 791328                     /home/madunlap/.m2/repository/org/nuiton/thirdparty/REngine/0.6-1/REngine-0.6-1.jar
7f0421093000-7f0421094000 r--s 0000c000 08:01 791397                     /home/madunlap/.m2/repository/org/dataverse/unf/6.0/unf-6.0.jar
7f0421094000-7f0421095000 r--s 00018000 08:01 791394                     /home/madunlap/.m2/repository/edu/harvard/iq/dvn/unf5/5.0/unf5-5.0.jar
7f0421095000-7f042109e000 r--s 000a6000 08:01 791393                     /home/madunlap/.m2/repository/net/handle/handle/2006-06-16-generated/handle-2006-06-16-generated.jar
7f042109e000-7f04210a1000 r--s 00035000 08:01 791395                     /home/madunlap/.m2/repository/nom/tam/fits/fits/2012-10-25-generated/fits-2012-10-25-generated.jar
7f04210a1000-7f04210a8000 r--s 00028000 08:01 791326                     /home/madunlap/.m2/repository/concurrent/concurrent/1.3.4/concurrent-1.3.4.jar
7f04210a8000-7f04210b6000 r--s 00081000 08:01 791324                     /home/madunlap/.m2/repository/colt/colt/1.2.0/colt-1.2.0.jar
7f04210b6000-7f04210c3000 r--s 00083000 08:01 791320                     /home/madunlap/.m2/repository/commons-collections/commons-collections/3.2.2/commons-collections-3.2.2.jar
7f04210c3000-7f04210c7000 r--s 00020000 08:01 791319                     /home/madunlap/.m2/repository/commons-digester/commons-digester/1.8.1/commons-digester-1.8.1.jar
7f04210c7000-7f04210cc000 r--s 00035000 08:01 791317                     /home/madunlap/.m2/repository/commons-beanutils/commons-beanutils/1.9.2/commons-beanutils-1.9.2.jar
7f04210cc000-7f04210d0000 r--s 0002a000 08:01 791315                     /home/madunlap/.m2/repository/commons-validator/commons-validator/1.6/commons-validator-1.6.jar
7f04210d0000-7f04210e3000 r--s 000df000 08:01 791313                     /home/madunlap/.m2/repository/org/apache/commons/commons-math/2.2/commons-math-2.2.jar
7f04210e3000-7f04210e5000 r--s 0000e000 08:01 791309                     /home/madunlap/.m2/repository/commons-logging/commons-logging/1.1.3/commons-logging-1.1.3.jar
7f04210e5000-7f04210e7000 r--s 00005000 08:01 791311                     /home/madunlap/.m2/repository/org/apache/httpcomponents/httpmime/4.2.6/httpmime-4.2.6.jar
7f04210e7000-7f04210e8000 r--s 00005000 08:01 791308                     /home/madunlap/.m2/repository/org/noggit/noggit/0.5/noggit-0.5.jar
7f04210e8000-7f04210f4000 r--s 000b3000 08:01 791304                     /home/madunlap/.m2/repository/org/apache/zookeeper/zookeeper/3.4.5/zookeeper-3.4.5.jar
7f04210f4000-7f04210fc000 r--s 0005b000 08:01 791305                     /home/madunlap/.m2/repository/org/apache/solr/solr-solrj/4.6.0/solr-solrj-4.6.0.jar
7f04210fc000-7f04210fe000 r--s 0000d000 08:01 791302                     /home/madunlap/.m2/repository/com/fasterxml/classmate/1.0.0/classmate-1.0.0.jar
7f04210fe000-7f0421100000 r--s 0000d000 08:01 791296                     /home/madunlap/.m2/repository/org/jboss/logging/jboss-logging/3.1.1.GA/jboss-logging-3.1.1.GA.jar
7f0421100000-7f0421104000 r--s 0000c000 08:01 791294                     /home/madunlap/.m2/repository/javax/validation/validation-api/1.1.0.Final/validation-api-1.1.0.Final.jar
7f0421104000-7f0421111000 r--s 00080000 08:01 791293                     /home/madunlap/.m2/repository/org/hibernate/hibernate-validator/5.0.3.Final/hibernate-validator-5.0.3.Final.jar
7f0421111000-7f042111b000 r--s 0006b000 08:01 791289                     /home/madunlap/.m2/repository/org/omnifaces/omnifaces/1.7/omnifaces-1.7.jar
7f042111b000-7f042112a000 r--s 000c4000 08:01 791290                     /home/madunlap/.m2/repository/org/atmosphere/atmosphere-runtime/2.4.2/atmosphere-runtime-2.4.2.jar
7f042112a000-7f042113e000 r--s 0013a000 08:01 791121                     /home/madunlap/.m2/repository/org/primefaces/themes/all-themes/1.0.10/all-themes-1.0.10.jar
7f042113e000-7f042116a000 r--s 00318000 08:01 791288                     /home/madunlap/.m2/repository/org/primefaces/primefaces/5.3/primefaces-5.3.jar
7f042116a000-7f042118c000 r--s 00120000 08:01 791284                     /home/madunlap/.m2/repository/javax/javaee-web-api/7.0/javaee-web-api-7.0.jar
7f042118c000-7f042118e000 r--s 0000e000 08:01 791282                     /home/madunlap/.m2/repository/javax/activation/activation/1.1/activation-1.1.jar
7f042118e000-7f0421196000 r--s 00078000 08:01 791280                     /home/madunlap/.m2/repository/com/sun/mail/javax.mail/1.5.0/javax.mail-1.5.0.jar
7f0421196000-7f04211ca000 r--s 001a4000 08:01 791278                     /home/madunlap/.m2/repository/javax/javaee-api/7.0/javaee-api-7.0.jar
7f04211ca000-7f04211f5000 r--s 001f5000 08:01 791277                     /home/madunlap/.m2/repository/com/google/guava/guava/16.0.1/guava-16.0.1.jar
7f04211f5000-7f04211f6000 r--s 00004000 08:01 791275                     /home/madunlap/.m2/repository/org/mindrot/jbcrypt/0.3m/jbcrypt-0.3m.jar
7f04211f6000-7f0421214000 r--s 0027d000 08:01 791273                     /home/madunlap/.m2/repository/xalan/xalan/2.7.0/xalan-2.7.0.jar
7f0421214000-7f0421228000 r--s 000e3000 08:01 791272                     /home/madunlap/.m2/repository/xerces/xercesImpl/2.6.2/xercesImpl-2.6.2.jar
7f0421228000-7f042122e000 r--s 00019000 08:01 791270                     /home/madunlap/.m2/repository/xerces/xmlParserAPIs/2.6.2/xmlParserAPIs-2.6.2.jar
7f042122e000-7f0421235000 r--s 00063000 08:01 791268                     /home/madunlap/.m2/repository/xom/xom/1.1/xom-1.1.jar
7f0421235000-7f042123a000 r--s 0002a000 08:01 791265                     /home/madunlap/.m2/repository/com/google/code/gson/gson/2.2.4/gson-2.2.4.jar
7f042123a000-7f042123e000 r--s 00027000 08:01 791263                     /home/madunlap/.m2/repository/commons-io/commons-io/2.2/commons-io-2.2.jar
7f042123e000-7f0421240000 r--s 0000f000 08:01 791260                     /home/madunlap/.m2/repository/commons-fileupload/commons-fileupload/1.3.1/commons-fileupload-1.3.1.jar
7f0421240000-7f0421246000 r--s 00032000 08:01 791261                     /home/madunlap/.m2/repository/jaxen/jaxen/1.1.1/jaxen-1.1.1.jar
7f0421246000-7f042124d000 r--s 00079000 08:01 661348                     /home/madunlap/.m2/repository/org/codehaus/woodstox/wstx-asl/3.2.6/wstx-asl-3.2.6.jar
7f042124d000-7f0421252000 r--s 00070000 08:01 661349                     /home/madunlap/.m2/repository/org/codehaus/woodstox/woodstox-core-asl/4.1.4/woodstox-core-asl-4.1.4.jar
7f0421252000-7f0421256000 r--s 00026000 08:01 791256                     /home/madunlap/.m2/repository/org/apache/ws/commons/axiom/axiom-impl/1.2.14/axiom-impl-1.2.14.jar
7f0421256000-7f0421259000 r--s 00015000 08:01 791254                     /home/madunlap/.m2/repository/org/apache/james/apache-mime4j-core/0.7.2/apache-mime4j-core-0.7.2.jar
7f0421259000-7f042125e000 r--s 00032000 08:01 791252                     /home/madunlap/.m2/repository/org/apache/geronimo/specs/geronimo-javamail_1.4_spec/1.7.1/geronimo-javamail_1.4_spec-1.7.1.jar
7f042125e000-7f0421268000 r--s 0005d000 08:01 791250                     /home/madunlap/.m2/repository/org/apache/ws/commons/axiom/axiom-api/1.2.14/axiom-api-1.2.14.jar
7f0421268000-7f042126b000 r--s 0014e000 08:01 791249                     /home/madunlap/.m2/repository/org/apache/abdera/abdera-parser/1.1.3/abdera-parser-1.1.3.jar
7f042126b000-7f042126d000 r--s 00006000 08:01 791245                     /home/madunlap/.m2/repository/org/apache/geronimo/specs/geronimo-stax-api_1.0_spec/1.0.1/geronimo-stax-api_1.0_spec-1.0.1.jar
7f042126d000-7f042126f000 r--s 0000a000 08:01 791243                     /home/madunlap/.m2/repository/org/apache/geronimo/specs/geronimo-activation_1.1_spec/1.1/geronimo-activation_1.1_spec-1.1.jar
7f042126f000-7f0421273000 r--s 00094000 08:01 791246                     /home/madunlap/.m2/repository/org/apache/abdera/abdera-i18n/1.1.3/abdera-i18n-1.1.3.jar
7f0421273000-7f0421277000 r--s 00024000 08:01 791241                     /home/madunlap/.m2/repository/org/apache/abdera/abdera-core/1.1.3/abdera-core-1.1.3.jar
7f0421277000-7f0421290000 r--s 002fd000 08:01 791240                     /home/madunlap/.m2/repository/com/ibm/icu/icu4j/3.4.4/icu4j-3.4.4.jar
7f0421290000-7f0421293000 r--s 00023000 08:01 791237                     /home/madunlap/.m2/repository/com/hp/hpl/jena/iri/0.8/iri-0.8.jar
7f0421293000-7f04212b6000 r--s 001ae000 08:01 791235                     /home/madunlap/.m2/repository/com/hp/hpl/jena/jena/2.6.4/jena-2.6.4.jar
7f04212b6000-7f04212b8000 r--s 0000d000 08:01 791233                     /home/madunlap/.m2/repository/org/apache/abdera/abdera-client/1.1.1/abdera-client-1.1.1.jar
7f04212b8000-7f04212ba000 r--s 00016000 08:01 791230                     /home/madunlap/.m2/repository/javax/servlet/servlet-api/2.4/servlet-api-2.4.jar
7f04212ba000-7f04212bd000 r--s 0000f000 08:01 791226                     /home/madunlap/.m2/repository/org/swordapp/sword2-server/1.0/sword2-server-1.0-classes.jar
7f04212bd000-7f04212c2000 r--s 00040000 08:01 791224                     /home/madunlap/.m2/repository/commons-httpclient/commons-httpclient/3.0.1/commons-httpclient-3.0.1.jar
7f04212c2000-7f0421302000 r--s 00285000 08:01 925253                     /home/madunlap/.m2/repository/org/bouncycastle/bcprov-jdk15on/1.52/bcprov-jdk15on-1.52.jar
7f0421302000-7f0421306000 r--s 00021000 08:01 925254                     /home/madunlap/.m2/repository/org/cryptacular/cryptacular/1.1.0/cryptacular-1.1.0.jar
7f0421306000-7f0421309000 r--s 00011000 08:01 925252                     /home/madunlap/.m2/repository/org/passay/passay/1.1.0/passay-1.1.0.jar
7f0421309000-7f0421715000 r--s 03c80000 08:01 791225                     /home/madunlap/.m2/repository/com/amazonaws/aws-java-sdk-bundle/1.11.172/aws-java-sdk-bundle-1.11.172.jar
7f0421715000-7f0421881000 rw-p 00000000 00:00 0 
7f0421881000-7f0421915000 ---p 00000000 00:00 0 
7f0421915000-7f0421b15000 rw-p 00000000 00:00 0 
7f0421b15000-7f0421b8f000 r--s 010f7000 08:01 1582200                    /usr/lib/jvm/java-8-oracle/lib/tools.jar
7f0421b8f000-7f0421b92000 r--s 0001b000 08:01 791438                     /home/madunlap/.m2/repository/junit/junit/3.8.2/junit-3.8.2.jar
7f0421b92000-7f0421ba0000 r--s 0008f000 08:01 921892                     /home/madunlap/.m2/repository/com/google/collections/google-collections/1.0/google-collections-1.0.jar
7f0421ba0000-7f0421ba1000 r--s 0000a000 08:01 921891                     /home/madunlap/.m2/repository/commons-logging/commons-logging-api/1.1/commons-logging-api-1.1.jar
7f0421ba1000-7f0421ba8000 r--s 00051000 08:01 921889                     /home/madunlap/.m2/repository/log4j/log4j/1.2.12/log4j-1.2.12.jar
7f0421ba8000-7f0421bac000 r--s 0001d000 08:01 921886                     /home/madunlap/.m2/repository/org/apache/xbean/xbean-reflect/3.4/xbean-reflect-3.4.jar
7f0421bac000-7f0421bad000 r--s 00004000 08:01 921885                     /home/madunlap/.m2/repository/org/codehaus/plexus/plexus-compiler-javac/2.2/plexus-compiler-javac-2.2.jar
7f0421bad000-7f0421baf000 r--s 00000000 08:01 921883                     /home/madunlap/.m2/repository/org/codehaus/plexus/plexus-compiler-manager/2.2/plexus-compiler-manager-2.2.jar
7f0421baf000-7f0421bb1000 r--s 00005000 08:01 921878                     /home/madunlap/.m2/repository/org/codehaus/plexus/plexus-compiler-api/2.2/plexus-compiler-api-2.2.jar
7f0421bb1000-7f0421bb3000 r--s 00002000 08:01 921877                     /home/madunlap/.m2/repository/org/apache/maven/shared/maven-shared-incremental/1.1/maven-shared-incremental-1.1.jar
7f0421bb3000-7f0421bb5000 r--s 00006000 08:01 921876                     /home/madunlap/.m2/repository/com/google/code/findbugs/jsr305/2.0.1/jsr305-2.0.1.jar
7f0421bb5000-7f0421bb8000 r--s 00023000 08:01 921882                     /home/madunlap/.m2/repository/org/apache/maven/shared/maven-shared-utils/0.1/maven-shared-utils-0.1.jar
7f0421bb8000-7f0421bbc000 r--s 00030000 08:01 921884                     /home/madunlap/.m2/repository/org/codehaus/plexus/plexus-utils/1.5.1/plexus-utils-1.5.1.jar
7f0421bbc000-7f0421bbe000 r--s 00009000 08:01 660601                     /home/madunlap/.m2/repository/org/apache/maven/plugins/maven-compiler-plugin/3.1/maven-compiler-plugin-3.1.jar
7f0421bbe000-7f0421bc0000 r--s 0000d000 08:01 921763                     /home/madunlap/.m2/repository/org/codehaus/plexus/plexus-interpolation/1.13/plexus-interpolation-1.13.jar
7f0421bc0000-7f0421bc1000 r--s 00001000 08:01 921761                     /home/madunlap/.m2/repository/org/sonatype/plexus/plexus-build-api/0.0.4/plexus-build-api-0.0.4.jar
7f0421bc1000-7f0421bc3000 r--s 00009000 08:01 921767                     /home/madunlap/.m2/repository/org/apache/maven/shared/maven-filtering/1.0/maven-filtering-1.0.jar
7f0421bc3000-7f0421bc4000 r--s 00001000 08:01 921765                     /home/madunlap/.m2/repository/org/apache/maven/doxia/doxia-sink-api/1.0-alpha-7/doxia-sink-api-1.0-alpha-7.jar
7f0421bc4000-7f0421bc5000 r--s 00002000 08:01 921760                     /home/madunlap/.m2/repository/org/apache/maven/reporting/maven-reporting-api/2.0.6/maven-reporting-api-2.0.6.jar
7f0421bc5000-7f0421bc7000 r--s 00005000 08:01 660590                     /home/madunlap/.m2/repository/org/apache/maven/plugins/maven-resources-plugin/2.5/maven-resources-plugin-2.5.jar
7f0421bc7000-7f0421bcb000 r--s 0001f000 08:01 921028                     /home/madunlap/.m2/repository/org/jacoco/org.jacoco.report/0.7.5.201505241946/org.jacoco.report-0.7.5.201505241946.jar
7f0421bcb000-7f0421bd0000 r--s 00058000 08:01 921027                     /home/madunlap/.m2/repository/org/ow2/asm/asm-debug-all/5.0.1/asm-debug-all-5.0.1.jar
7f0421bd0000-7f0421bd4000 r--s 0001d000 08:01 791383                     /home/madunlap/.m2/repository/org/jacoco/org.jacoco.core/0.7.5.201505241946/org.jacoco.core-0.7.5.201505241946.jar
7f0421bd4000-7f0421bda000 r--s 00041000 08:01 661360                     /home/madunlap/.m2/repository/org/jacoco/org.jacoco.agent/0.7.5.201505241946/org.jacoco.agent-0.7.5.201505241946-runtime.jar
7f0421bda000-7f0421be7000 r--s 0007f000 08:01 921702                     /home/madunlap/.m2/repository/commons-collections/commons-collections/3.2/commons-collections-3.2.jar
7f0421be7000-7f0421be9000 r--s 00008000 08:01 921015                     /home/madunlap/.m2/repository/org/apache/maven/doxia/doxia-module-fml/1.1.2/doxia-module-fml-1.1.2.jar
7f0421be9000-7f0421bea000 r--s 00003000 08:01 921016                     /home/madunlap/.m2/repository/org/apache/maven/doxia/doxia-module-xhtml/1.1.2/doxia-module-xhtml-1.1.2.jar
7f0421bea000-7f0421bec000 r--s 0000b000 08:01 921011                     /home/madunlap/.m2/repository/org/apache/maven/doxia/doxia-decoration-model/1.1.2/doxia-decoration-model-1.1.2.jar
7f0421bec000-7f0421bee000 r--s 0000b000 08:01 921008                     /home/madunlap/.m2/repository/org/apache/maven/doxia/doxia-site-renderer/1.1.2/doxia-site-renderer-1.1.2.jar
7f0421bee000-7f0421bf0000 r--s 00006000 08:01 791430                     /home/madunlap/.m2/repository/commons-codec/commons-codec/1.2/commons-codec-1.2.jar
7f0421bf0000-7f0421bf6000 r--s 00045000 08:01 791428                     /home/madunlap/.m2/repository/commons-httpclient/commons-httpclient/3.1/commons-httpclient-3.1.jar
7f0421bf6000-7f0421bfa000 r--s 0003c000 08:01 791427                     /home/madunlap/.m2/repository/commons-lang/commons-lang/2.4/commons-lang-2.4.jar
7f0421bfa000-7f0421c11000 r--s 00112000 08:01 791426                     /home/madunlap/.m2/repository/xerces/xercesImpl/2.8.1/xercesImpl-2.8.1.jar
7f0421c11000-7f0421c15000 r--s 00023000 08:01 921010                     /home/madunlap/.m2/repository/org/apache/maven/doxia/doxia-core/1.1.2/doxia-core-1.1.2.jar
7f0421c15000-7f0421c17000 r--s 00003000 08:01 921007                     /home/madunlap/.m2/repository/org/apache/maven/reporting/maven-reporting-impl/2.1/maven-reporting-impl-2.1.jar
7f0421c17000-7f0421c18000 r--s 00002000 08:01 921004                     /home/madunlap/.m2/repository/org/apache/maven/doxia/doxia-logging-api/1.1/doxia-logging-api-1.1.jar
7f0421c18000-7f0421c1a000 r--s 00002000 08:01 921001                     /home/madunlap/.m2/repository/org/apache/maven/doxia/doxia-sink-api/1.1/doxia-sink-api-1.1.jar
7f0421c1a000-7f0421c1b000 r--s 00002000 08:01 920999                     /home/madunlap/.m2/repository/org/apache/maven/reporting/maven-reporting-api/2.2.1/maven-reporting-api-2.2.1.jar
7f0421c1b000-7f0421c20000 r--s 00039000 08:01 920997                     /home/madunlap/.m2/repository/org/codehaus/plexus/plexus-utils/1.5.6/plexus-utils-1.5.6.jar
7f0421c20000-7f0421c26000 r--s 00034000 08:01 921701                     /home/madunlap/.m2/repository/junit/junit/4.8.2/junit-4.8.2.jar
7f0421c26000-7f0421c28000 r--s 0000b000 08:01 920985                     /home/madunlap/.m2/repository/org/codehaus/plexus/plexus-interpolation/1.11/plexus-interpolation-1.11.jar
7f0421c28000-7f0421c30000 r--s 00049000 08:01 920984                     /home/madunlap/.m2/repository/backport-util-concurrent/backport-util-concurrent/3.1/backport-util-concurrent-3.1.jar
7f0421c30000-7f0421c33000 r--s 0001a000 08:01 1976716                    /usr/lib/jvm/java-8-oracle/jre/lib/jce.jar
7f0421c33000-7f0421e33000 rw-p 00000000 00:00 0 
7f0421e33000-7f0421e35000 r--s 0000b000 08:01 660606                     /home/madunlap/.m2/repository/org/jacoco/jacoco-maven-plugin/0.7.5.201505241946/jacoco-maven-plugin-0.7.5.201505241946.jar
7f0421e35000-7f0421e43000 r--s 0007f000 08:01 791424                     /home/madunlap/.m2/repository/commons-collections/commons-collections/3.2.1/commons-collections-3.2.1.jar
7f0421e43000-7f0421e48000 r--s 00041000 08:01 791300                     /home/madunlap/.m2/repository/commons-lang/commons-lang/2.6/commons-lang-2.6.jar
7f0421e48000-7f0421e4a000 r--s 00006000 08:01 921678                     /home/madunlap/.m2/repository/org/apache/maven/shared/maven-invoker/2.0.11/maven-invoker-2.0.11.jar
7f0421e4a000-7f0421e4c000 r--s 00006000 08:01 921677                     /home/madunlap/.m2/repository/org/apache/maven/shared/maven-common-artifact-filters/1.4/maven-common-artifact-filters-1.4.jar
7f0421e4c000-7f0421e4e000 r--s 0000c000 08:01 921676                     /home/madunlap/.m2/repository/org/apache/maven/shared/maven-dependency-tree/2.0/maven-dependency-tree-2.0.jar
7f0421e4e000-7f0421e50000 r--s 00000000 08:01 921682                     /home/madunlap/.m2/repository/org/codehaus/plexus/plexus-component-annotations/1.5.5/plexus-component-annotations-1.5.5.jar
7f0421e50000-7f0421e51000 r--s 0000a000 08:01 921680                     /home/madunlap/.m2/repository/asm/asm/3.3.1/asm-3.3.1.jar
7f0421e51000-7f0421e53000 r--s 00005000 08:01 921672                     /home/madunlap/.m2/repository/org/apache/maven/shared/maven-dependency-analyzer/1.3/maven-dependency-analyzer-1.3.jar
7f0421e53000-7f0421e56000 r--s 0000c000 08:01 921669                     /home/madunlap/.m2/repository/org/codehaus/plexus/plexus-io/2.0.6/plexus-io-2.0.6.jar
7f0421e56000-7f0421e59000 r--s 0001b000 08:01 791422                     /home/madunlap/.m2/repository/junit/junit/3.8.1/junit-3.8.1.jar
7f0421e59000-7f0421e5b000 r--s 00008000 08:01 920995                     /home/madunlap/.m2/repository/org/apache/maven/shared/maven-shared-io/1.1/maven-shared-io-1.1.jar
7f0421e5b000-7f0421e5d000 r--s 00008000 08:01 920998                     /home/madunlap/.m2/repository/org/apache/maven/shared/file-management/1.2.1/file-management-1.2.1.jar
7f0421e5d000-7f0421e61000 r--s 00035000 08:01 921667                     /home/madunlap/.m2/repository/org/codehaus/plexus/plexus-utils/3.0.9/plexus-utils-3.0.9.jar
7f0421e61000-7f0421e66000 r--s 00029000 08:01 921665                     /home/madunlap/.m2/repository/org/codehaus/plexus/plexus-archiver/2.2/plexus-archiver-2.2.jar
7f0421e66000-7f0421e68000 r--s 00004000 08:01 921661                     /home/madunlap/.m2/repository/org/apache/maven/doxia/doxia-module-xhtml/1.0/doxia-module-xhtml-1.0.jar
7f0421e68000-7f0421e69000 r--s 00006000 08:01 921663                     /home/madunlap/.m2/repository/org/apache/maven/doxia/doxia-module-xdoc/1.0/doxia-module-xdoc-1.0.jar
7f0421e69000-7f0421e6a000 r--s 00004000 08:01 921664                     /home/madunlap/.m2/repository/org/apache/maven/doxia/doxia-module-fml/1.0/doxia-module-fml-1.0.jar
7f0421e6a000-7f0421e6c000 r--s 0000a000 08:01 921659                     /home/madunlap/.m2/repository/org/apache/maven/doxia/doxia-module-apt/1.0/doxia-module-apt-1.0.jar
7f0421e6c000-7f0421e6d000 r--s 0000b000 08:01 921658                     /home/madunlap/.m2/repository/org/apache/maven/doxia/doxia-decoration-model/1.0/doxia-decoration-model-1.0.jar
7f0421e6d000-7f0421e75000 r--s 00058000 08:01 921019                     /home/madunlap/.m2/repository/org/apache/velocity/velocity/1.5/velocity-1.5.jar
7f0421e75000-7f0421e76000 r--s 00001000 08:01 921022                     /home/madunlap/.m2/repository/org/codehaus/plexus/plexus-velocity/1.1.7/plexus-velocity-1.1.7.jar
7f0421e76000-7f0421e77000 r--s 00002000 08:01 921017                     /home/madunlap/.m2/repository/org/codehaus/plexus/plexus-i18n/1.0-beta-7/plexus-i18n-1.0-beta-7.jar
7f0421e77000-7f0421e79000 r--s 0000a000 08:01 921654                     /home/madunlap/.m2/repository/org/apache/maven/doxia/doxia-site-renderer/1.0/doxia-site-renderer-1.0.jar
7f0421e79000-7f0421e7a000 r--s 00002000 08:01 921653                     /home/madunlap/.m2/repository/org/apache/maven/doxia/doxia-sink-api/1.0/doxia-sink-api-1.0.jar
7f0421e7a000-7f0421e7f000 r--s 00016000 08:01 791388                     /home/madunlap/.m2/repository/xml-apis/xml-apis/1.0.b2/xml-apis-1.0.b2.jar
7f0421e7f000-7f0421e81000 r--s 0000e000 08:01 921023                     /home/madunlap/.m2/repository/oro/oro/2.0.8/oro-2.0.8.jar
7f0421e81000-7f0421e83000 r--s 00008000 08:01 791420                     /home/madunlap/.m2/repository/commons-logging/commons-logging/1.0.4/commons-logging-1.0.4.jar
7f0421e83000-7f0421e87000 r--s 00026000 08:01 921649                     /home/madunlap/.m2/repository/commons-digester/commons-digester/1.6/commons-digester-1.6.jar
7f0421e87000-7f0421e8c000 r--s 0002a000 08:01 921644                     /home/madunlap/.m2/repository/commons-beanutils/commons-beanutils/1.7.0/commons-beanutils-1.7.0.jar
7f0421e8c000-7f0421e8f000 r--s 00014000 08:01 921646                     /home/madunlap/.m2/repository/commons-validator/commons-validator/1.2.0/commons-validator-1.2.0.jar
7f0421e8f000-7f0421e92000 r--s 00018000 08:01 791418                     /home/madunlap/.m2/repository/commons-io/commons-io/1.4/commons-io-1.4.jar
7f0421e92000-7f0421e94000 r--s 00009000 08:01 921639                     /home/madunlap/.m2/repository/org/apache/maven/shared/maven-doxia-tools/1.0.2/maven-doxia-tools-1.0.2.jar
7f0421e94000-7f0421e97000 r--s 0000b000 08:01 921640                     /home/madunlap/.m2/repository/org/apache/maven/doxia/doxia-core/1.0/doxia-core-1.0.jar
7f0421e97000-7f0421e99000 r--s 00004000 08:01 921647                     /home/madunlap/.m2/repository/org/apache/maven/reporting/maven-reporting-impl/2.0.5/maven-reporting-impl-2.0.5.jar
7f0421e99000-7f0421e9a000 r--s 00002000 08:01 921638                     /home/madunlap/.m2/repository/org/apache/maven/reporting/maven-reporting-api/3.0/maven-reporting-api-3.0.jar
7f0421e9a000-7f0421e9c000 r--s 00002000 08:01 921645                     /home/madunlap/.m2/repository/org/codehaus/plexus/plexus-interactivity-api/1.0-alpha-4/plexus-interactivity-api-1.0-alpha-4.jar
7f0421e9c000-7f0421e9e000 r--s 00006000 08:01 921636                     /home/madunlap/.m2/repository/commons-cli/commons-cli/1.0/commons-cli-1.0.jar
7f0421e9e000-7f0421ea1000 r--s 00021000 08:01 660560                     /home/madunlap/.m2/repository/org/apache/maven/plugins/maven-dependency-plugin/2.6/maven-dependency-plugin-2.6.jar
7f0421ea1000-7f0421ea5000 r--s 00033000 08:01 921162                     /home/madunlap/.m2/repository/org/codehaus/plexus/plexus-utils/2.0.5/plexus-utils-2.0.5.jar
7f0421ea5000-7f0421ea6000 r--s 00005000 08:01 660568                     /home/madunlap/.m2/repository/org/apache/maven/plugins/maven-clean-plugin/2.4.1/maven-clean-plugin-2.4.1.jar
7f0421ea6000-7f04220a6000 rw-p 00000000 00:00 0 
7f04220a6000-7f04220b7000 r-xp 00000000 08:01 2106483                    /usr/lib/jvm/java-8-oracle/jre/lib/amd64/libnio.so
7f04220b7000-7f04222b6000 ---p 00011000 08:01 2106483                    /usr/lib/jvm/java-8-oracle/jre/lib/amd64/libnio.so
7f04222b6000-7f04222b7000 rw-p 00010000 08:01 2106483                    /usr/lib/jvm/java-8-oracle/jre/lib/amd64/libnio.so
7f04222b7000-7f04222cd000 r-xp 00000000 08:01 2106458                    /usr/lib/jvm/java-8-oracle/jre/lib/amd64/libnet.so
7f04222cd000-7f04224cd000 ---p 00016000 08:01 2106458                    /usr/lib/jvm/java-8-oracle/jre/lib/amd64/libnet.so
7f04224cd000-7f04224ce000 rw-p 00016000 08:01 2106458                    /usr/lib/jvm/java-8-oracle/jre/lib/amd64/libnet.so
7f04224ce000-7f04224d1000 ---p 00000000 00:00 0 
7f04224d1000-7f0422507000 rw-p 00000000 00:00 0 
7f0422507000-7f0422508000 r--p 00000000 00:00 0 
7f0422508000-7f0422708000 rw-p 00000000 00:00 0 
7f0422708000-7f042270d000 r--s 0009a000 08:01 1976643                    /usr/lib/jvm/java-8-oracle/jre/lib/jsse.jar
7f042270d000-7f042290d000 rw-p 00000000 00:00 0 
7f042290d000-7f042290f000 r--s 0000c000 08:01 2112577                    /usr/local/netbeans-8.1/java/maven-nblib/netbeans-eventspy.jar
7f042290f000-7f0422911000 r--s 00002000 08:01 2112587                    /usr/local/netbeans-8.1/java/maven/lib/plexus-cipher-1.7.jar
7f0422911000-7f0422912000 r--s 0000a000 08:01 2112568                    /usr/local/netbeans-8.1/java/maven/lib/maven-embedder-3.0.5.jar
7f0422912000-7f0422914000 r--s 00000000 08:01 2112237                    /usr/local/netbeans-8.1/java/maven/lib/plexus-component-annotations-1.5.5.jar
7f0422914000-7f0422916000 r--s 0000a000 08:01 2112569                    /usr/local/netbeans-8.1/java/maven/lib/maven-settings-3.0.5.jar
7f0422916000-7f042291a000 r--s 0001c000 08:01 2112582                    /usr/local/netbeans-8.1/java/maven/lib/aether-util-1.13.1.jar
7f042291a000-7f0422921000 r--s 0003f000 08:01 2112554                    /usr/local/netbeans-8.1/java/maven/lib/sisu-inject-bean-2.3.0.jar
7f0422921000-7f0422925000 r--s 00021000 08:01 2112506                    /usr/local/netbeans-8.1/java/maven/lib/maven-model-builder-3.0.5.jar
7f0422925000-7f0422940000 r--s 000e4000 08:01 2112562                    /usr/local/netbeans-8.1/java/maven/lib/wagon-http-2.4-shaded.jar
7f0422940000-7f0422941000 ---p 00000000 00:00 0 
7f0422941000-7f0422a41000 rw-p 00000000 00:00 0 
7f0422a41000-7f0422a44000 ---p 00000000 00:00 0 
7f0422a44000-7f0422b42000 rw-p 00000000 00:00 0 
7f0422b42000-7f0422b45000 ---p 00000000 00:00 0 
7f0422b45000-7f0422c43000 rw-p 00000000 00:00 0 
7f0422c43000-7f0422c46000 ---p 00000000 00:00 0 
7f0422c46000-7f0422d44000 rw-p 00000000 00:00 0 
7f0422d44000-7f0422d47000 ---p 00000000 00:00 0 
7f0422d47000-7f0422e45000 rw-p 00000000 00:00 0 
7f0422e45000-7f0423120000 r--p 00000000 08:01 1441812                    /usr/lib/locale/locale-archive
7f0423120000-7f0425000000 rw-p 00000000 00:00 0 
7f0425000000-7f0425dc0000 rwxp 00000000 00:00 0 
7f0425dc0000-7f0434000000 ---p 00000000 00:00 0 
7f0434000000-7f0435726000 rw-p 00000000 00:00 0 
7f0435726000-7f0438000000 ---p 00000000 00:00 0 
7f0438000000-7f0438002000 r--s 0000b000 08:01 2112552                    /usr/local/netbeans-8.1/java/maven/lib/wagon-provider-api-2.4.jar
7f0438002000-7f0438006000 r--s 00033000 08:01 2112580                    /usr/local/netbeans-8.1/java/maven/lib/plexus-utils-2.0.6.jar
7f0438006000-7f043800a000 r--s 00013000 08:01 2112588                    /usr/local/netbeans-8.1/java/maven/lib/aether-api-1.13.1.jar
7f043800a000-7f043800c000 r--s 0000d000 08:01 2112510                    /usr/local/netbeans-8.1/java/maven/lib/plexus-interpolation-1.14.jar
7f043800c000-7f043802b000 r--s 00154000 08:01 2112595                    /usr/local/netbeans-8.1/java/maven/lib/sisu-guava-0.9.9.jar
7f043802b000-7f043802c000 r--s 00002000 08:01 2112599                    /usr/local/netbeans-8.1/java/maven/lib/wagon-file-2.4.jar
7f043802c000-7f043802d000 r--s 00003000 08:01 2112589                    /usr/local/netbeans-8.1/java/maven/lib/aether-spi-1.13.1.jar
7f043802d000-7f0438035000 r--s 00050000 08:01 2112540                    /usr/local/netbeans-8.1/java/maven/lib/sisu-guice-3.1.0-no_aop.jar
7f0438035000-7f0438037000 r--s 0000b000 08:01 2112567                    /usr/local/netbeans-8.1/java/maven/lib/maven-artifact-3.0.5.jar
7f0438037000-7f043803e000 r--s 0002b000 08:01 2112529                    /usr/local/netbeans-8.1/java/maven/lib/sisu-inject-plexus-2.3.0.jar
7f043803e000-7f0438041000 r--s 0001d000 08:01 2112581                    /usr/local/netbeans-8.1/java/maven/lib/aether-impl-1.13.1.jar
7f0438041000-7f0438043000 r--s 00006000 08:01 2112424                    /usr/local/netbeans-8.1/java/maven/lib/aether-connector-wagon-1.13.1.jar
7f0438043000-7f0438045000 r--s 00009000 08:01 2112597                    /usr/local/netbeans-8.1/java/maven/lib/commons-cli-1.2.jar
7f0438045000-7f0438048000 r--s 00008000 08:01 2112453                    /usr/local/netbeans-8.1/java/maven/lib/maven-settings-builder-3.0.5.jar
7f0438048000-7f043804a000 r--s 00006000 08:01 2112358                    /usr/local/netbeans-8.1/java/maven/lib/maven-repository-metadata-3.0.5.jar
7f043804a000-7f0438056000 r--s 0007d000 08:01 2112594                    /usr/local/netbeans-8.1/java/maven/lib/maven-core-3.0.5.jar
7f0438056000-7f043805c000 r--s 0003f000 08:01 2112583                    /usr/local/netbeans-8.1/java/maven/lib/maven-compat-3.0.5.jar
7f043805c000-7f043808a000 r--s 001c9000 08:01 2112509                    /usr/local/netbeans-8.1/java/maven/lib/ext/wagon-http-2.8-shaded.jar
7f043808a000-7f043808d000 ---p 00000000 00:00 0 
7f043808d000-7f043818b000 rw-p 00000000 00:00 0 
7f043818b000-7f043818e000 ---p 00000000 00:00 0 
7f043818e000-7f043828c000 rw-p 00000000 00:00 0 
7f043828c000-7f043828d000 ---p 00000000 00:00 0 
7f043828d000-7f0438cf9000 rw-p 00000000 00:00 0 
7f0438cf9000-7f0438ed3000 r--s 03d4d000 08:01 1976682                    /usr/lib/jvm/java-8-oracle/jre/lib/rt.jar
7f0438ed3000-7f0439937000 rw-p 00000000 00:00 0 
7f0439937000-7f0439938000 ---p 00000000 00:00 0 
7f0439938000-7f0439a38000 rw-p 00000000 00:00 0 
7f0439a38000-7f0439a39000 ---p 00000000 00:00 0 
7f0439a39000-7f0439b60000 rw-p 00000000 00:00 0 
7f0439b60000-7f0439c83000 ---p 00000000 00:00 0 
7f0439c83000-7f0439caa000 rw-p 00000000 00:00 0 
7f0439caa000-7f0439dcc000 ---p 00000000 00:00 0 
7f0439dcc000-7f0439e3c000 rw-p 00000000 00:00 0 
7f0439e3c000-7f0439e71000 ---p 00000000 00:00 0 
7f0439e71000-7f0439ea9000 rw-p 00000000 00:00 0 
7f0439ea9000-7f043a232000 ---p 00000000 00:00 0 
7f043a232000-7f043a24c000 r-xp 00000000 08:01 2106481                    /usr/lib/jvm/java-8-oracle/jre/lib/amd64/libzip.so
7f043a24c000-7f043a44c000 ---p 0001a000 08:01 2106481                    /usr/lib/jvm/java-8-oracle/jre/lib/amd64/libzip.so
7f043a44c000-7f043a44d000 rw-p 0001a000 08:01 2106481                    /usr/lib/jvm/java-8-oracle/jre/lib/amd64/libzip.so
7f043a44d000-7f043a458000 r-xp 00000000 08:01 663303                     /lib/x86_64-linux-gnu/libnss_files-2.24.so
7f043a458000-7f043a657000 ---p 0000b000 08:01 663303                     /lib/x86_64-linux-gnu/libnss_files-2.24.so
7f043a657000-7f043a658000 r--p 0000a000 08:01 663303                     /lib/x86_64-linux-gnu/libnss_files-2.24.so
7f043a658000-7f043a659000 rw-p 0000b000 08:01 663303                     /lib/x86_64-linux-gnu/libnss_files-2.24.so
7f043a659000-7f043a65f000 rw-p 00000000 00:00 0 
7f043a65f000-7f043a66a000 r-xp 00000000 08:01 663305                     /lib/x86_64-linux-gnu/libnss_nis-2.24.so
7f043a66a000-7f043a869000 ---p 0000b000 08:01 663305                     /lib/x86_64-linux-gnu/libnss_nis-2.24.so
7f043a869000-7f043a86a000 r--p 0000a000 08:01 663305                     /lib/x86_64-linux-gnu/libnss_nis-2.24.so
7f043a86a000-7f043a86b000 rw-p 0000b000 08:01 663305                     /lib/x86_64-linux-gnu/libnss_nis-2.24.so
7f043a86b000-7f043a881000 r-xp 00000000 08:01 663300                     /lib/x86_64-linux-gnu/libnsl-2.24.so
7f043a881000-7f043aa80000 ---p 00016000 08:01 663300                     /lib/x86_64-linux-gnu/libnsl-2.24.so
7f043aa80000-7f043aa81000 r--p 00015000 08:01 663300                     /lib/x86_64-linux-gnu/libnsl-2.24.so
7f043aa81000-7f043aa82000 rw-p 00016000 08:01 663300                     /lib/x86_64-linux-gnu/libnsl-2.24.so
7f043aa82000-7f043aa84000 rw-p 00000000 00:00 0 
7f043aa84000-7f043aa8c000 r-xp 00000000 08:01 663301                     /lib/x86_64-linux-gnu/libnss_compat-2.24.so
7f043aa8c000-7f043ac8b000 ---p 00008000 08:01 663301                     /lib/x86_64-linux-gnu/libnss_compat-2.24.so
7f043ac8b000-7f043ac8c000 r--p 00007000 08:01 663301                     /lib/x86_64-linux-gnu/libnss_compat-2.24.so
7f043ac8c000-7f043ac8d000 rw-p 00008000 08:01 663301                     /lib/x86_64-linux-gnu/libnss_compat-2.24.so
7f043ac8d000-7f043acb8000 r-xp 00000000 08:01 2106508                    /usr/lib/jvm/java-8-oracle/jre/lib/amd64/libjava.so
7f043acb8000-7f043aeb7000 ---p 0002b000 08:01 2106508                    /usr/lib/jvm/java-8-oracle/jre/lib/amd64/libjava.so
7f043aeb7000-7f043aeb9000 rw-p 0002a000 08:01 2106508                    /usr/lib/jvm/java-8-oracle/jre/lib/amd64/libjava.so
7f043aeb9000-7f043aec6000 r-xp 00000000 08:01 2106459                    /usr/lib/jvm/java-8-oracle/jre/lib/amd64/libverify.so
7f043aec6000-7f043b0c6000 ---p 0000d000 08:01 2106459                    /usr/lib/jvm/java-8-oracle/jre/lib/amd64/libverify.so
7f043b0c6000-7f043b0c8000 rw-p 0000d000 08:01 2106459                    /usr/lib/jvm/java-8-oracle/jre/lib/amd64/libverify.so
7f043b0c8000-7f043b0cf000 r-xp 00000000 08:01 663310                     /lib/x86_64-linux-gnu/librt-2.24.so
7f043b0cf000-7f043b2ce000 ---p 00007000 08:01 663310                     /lib/x86_64-linux-gnu/librt-2.24.so
7f043b2ce000-7f043b2cf000 r--p 00006000 08:01 663310                     /lib/x86_64-linux-gnu/librt-2.24.so
7f043b2cf000-7f043b2d0000 rw-p 00007000 08:01 663310                     /lib/x86_64-linux-gnu/librt-2.24.so
7f043b2d0000-7f043b3d8000 r-xp 00000000 08:01 663297                     /lib/x86_64-linux-gnu/libm-2.24.so
7f043b3d8000-7f043b5d7000 ---p 00108000 08:01 663297                     /lib/x86_64-linux-gnu/libm-2.24.so
7f043b5d7000-7f043b5d8000 r--p 00107000 08:01 663297                     /lib/x86_64-linux-gnu/libm-2.24.so
7f043b5d8000-7f043b5d9000 rw-p 00108000 08:01 663297                     /lib/x86_64-linux-gnu/libm-2.24.so
7f043b5d9000-7f043c2ac000 r-xp 00000000 08:01 2106512                    /usr/lib/jvm/java-8-oracle/jre/lib/amd64/server/libjvm.so
7f043c2ac000-7f043c4ab000 ---p 00cd3000 08:01 2106512                    /usr/lib/jvm/java-8-oracle/jre/lib/amd64/server/libjvm.so
7f043c4ab000-7f043c585000 rw-p 00cd2000 08:01 2106512                    /usr/lib/jvm/java-8-oracle/jre/lib/amd64/server/libjvm.so
7f043c585000-7f043c5d0000 rw-p 00000000 00:00 0 
7f043c5d0000-7f043c78e000 r-xp 00000000 08:01 663293                     /lib/x86_64-linux-gnu/libc-2.24.so
7f043c78e000-7f043c98d000 ---p 001be000 08:01 663293                     /lib/x86_64-linux-gnu/libc-2.24.so
7f043c98d000-7f043c991000 r--p 001bd000 08:01 663293                     /lib/x86_64-linux-gnu/libc-2.24.so
7f043c991000-7f043c993000 rw-p 001c1000 08:01 663293                     /lib/x86_64-linux-gnu/libc-2.24.so
7f043c993000-7f043c997000 rw-p 00000000 00:00 0 
7f043c997000-7f043c99a000 r-xp 00000000 08:01 663296                     /lib/x86_64-linux-gnu/libdl-2.24.so
7f043c99a000-7f043cb99000 ---p 00003000 08:01 663296                     /lib/x86_64-linux-gnu/libdl-2.24.so
7f043cb99000-7f043cb9a000 r--p 00002000 08:01 663296                     /lib/x86_64-linux-gnu/libdl-2.24.so
7f043cb9a000-7f043cb9b000 rw-p 00003000 08:01 663296                     /lib/x86_64-linux-gnu/libdl-2.24.so
7f043cb9b000-7f043cbb0000 r-xp 00000000 08:01 1711533                    /usr/lib/jvm/java-8-oracle/lib/amd64/jli/libjli.so
7f043cbb0000-7f043cdb0000 ---p 00015000 08:01 1711533                    /usr/lib/jvm/java-8-oracle/lib/amd64/jli/libjli.so
7f043cdb0000-7f043cdb1000 rw-p 00015000 08:01 1711533                    /usr/lib/jvm/java-8-oracle/lib/amd64/jli/libjli.so
7f043cdb1000-7f043cdc9000 r-xp 00000000 08:01 663308                     /lib/x86_64-linux-gnu/libpthread-2.24.so
7f043cdc9000-7f043cfc9000 ---p 00018000 08:01 663308                     /lib/x86_64-linux-gnu/libpthread-2.24.so
7f043cfc9000-7f043cfca000 r--p 00018000 08:01 663308                     /lib/x86_64-linux-gnu/libpthread-2.24.so
7f043cfca000-7f043cfcb000 rw-p 00019000 08:01 663308                     /lib/x86_64-linux-gnu/libpthread-2.24.so
7f043cfcb000-7f043cfcf000 rw-p 00000000 00:00 0 
7f043cfcf000-7f043cff5000 r-xp 00000000 08:01 663288                     /lib/x86_64-linux-gnu/ld-2.24.so
7f043cff5000-7f043d0c7000 rw-p 00000000 00:00 0 
7f043d0c7000-7f043d0ca000 ---p 00000000 00:00 0 
7f043d0ca000-7f043d1ca000 rw-p 00000000 00:00 0 
7f043d1ca000-7f043d1cc000 r--s 00026000 08:01 2112586                    /usr/local/netbeans-8.1/java/maven/lib/maven-model-3.0.5.jar
7f043d1cc000-7f043d1ce000 r--s 0000b000 08:01 2112553                    /usr/local/netbeans-8.1/java/maven/lib/maven-plugin-api-3.0.5.jar
7f043d1ce000-7f043d1cf000 r--s 00006000 08:01 2112507                    /usr/local/netbeans-8.1/java/maven/lib/plexus-sec-dispatcher-1.3.jar
7f043d1cf000-7f043d1d1000 r--s 0000c000 08:01 2112471                    /usr/local/netbeans-8.1/java/maven/lib/maven-aether-provider-3.0.5.jar
7f043d1d1000-7f043d1d3000 r--s 0000a000 08:01 2112542                    /usr/local/netbeans-8.1/java/maven/boot/plexus-classworlds-2.4.jar
7f043d1d3000-7f043d1e7000 rw-p 00000000 00:00 0 
7f043d1e7000-7f043d1ef000 rw-s 00000000 08:01 2635446                    /tmp/hsperfdata_madunlap/13663
7f043d1ef000-7f043d1f0000 rw-p 00000000 00:00 0 
7f043d1f0000-7f043d1f1000 ---p 00000000 00:00 0 
7f043d1f1000-7f043d1f4000 rw-p 00000000 00:00 0 
7f043d1f4000-7f043d1f5000 r--p 00025000 08:01 663288                     /lib/x86_64-linux-gnu/ld-2.24.so
7f043d1f5000-7f043d1f6000 rw-p 00026000 08:01 663288                     /lib/x86_64-linux-gnu/ld-2.24.so
7f043d1f6000-7f043d1f7000 rw-p 00000000 00:00 0 
7fffd2c32000-7fffd2c53000 rw-p 00000000 00:00 0                          [stack]
7fffd2ca2000-7fffd2ca4000 r--p 00000000 00:00 0                          [vvar]
7fffd2ca4000-7fffd2ca6000 r-xp 00000000 00:00 0                          [vdso]
ffffffffff600000-ffffffffff601000 r-xp 00000000 00:00 0                  [vsyscall]

VM Arguments:
jvm_args: -Dclassworlds.conf=/usr/local/netbeans-8.1/java/maven/bin/m2.conf -Dmaven.home=/usr/local/netbeans-8.1/java/maven 
java_command: org.codehaus.plexus.classworlds.launcher.Launcher -Dmaven.ext.class.path=/usr/local/netbeans-8.1/java/maven-nblib/netbeans-eventspy.jar clean install
java_class_path (initial): /usr/local/netbeans-8.1/java/maven/boot/plexus-classworlds-2.4.jar
Launcher Type: SUN_STANDARD

Environment Variables:
JAVA_HOME=/usr/lib/jvm/java-8-oracle
PATH=/usr/local/sbin:/usr/local/bin:/usr/sbin:/usr/bin:/sbin:/bin:/usr/games:/usr/local/games:/snap/bin:/usr/lib/jvm/java-8-oracle/bin:/usr/lib/jvm/java-8-oracle/db/bin:/usr/lib/jvm/java-8-oracle/jre/bin
LD_LIBRARY_PATH=/usr/lib/jvm/java-8-oracle/jre/lib/amd64:/usr/lib/jvm/java-8-oracle/jre/lib/i386:
SHELL=/bin/bash
DISPLAY=:0

Signal Handlers:
SIGSEGV: [libjvm.so+0xacba10], sa_mask[0]=11111111011111111101111111111110, sa_flags=SA_RESTART|SA_SIGINFO
SIGBUS: [libjvm.so+0xacba10], sa_mask[0]=11111111011111111101111111111110, sa_flags=SA_RESTART|SA_SIGINFO
SIGFPE: [libjvm.so+0x924ba0], sa_mask[0]=11111111011111111101111111111110, sa_flags=SA_RESTART|SA_SIGINFO
SIGPIPE: [libjvm.so+0x924ba0], sa_mask[0]=11111111011111111101111111111110, sa_flags=SA_RESTART|SA_SIGINFO
SIGXFSZ: [libjvm.so+0x924ba0], sa_mask[0]=11111111011111111101111111111110, sa_flags=SA_RESTART|SA_SIGINFO
SIGILL: [libjvm.so+0x924ba0], sa_mask[0]=11111111011111111101111111111110, sa_flags=SA_RESTART|SA_SIGINFO
SIGUSR1: SIG_DFL, sa_mask[0]=00000000000000000000000000000000, sa_flags=none
SIGUSR2: [libjvm.so+0x9263e0], sa_mask[0]=00100000000000000000000000000000, sa_flags=SA_RESTART|SA_SIGINFO
SIGHUP: [libjvm.so+0x9277e0], sa_mask[0]=11111111011111111101111111111110, sa_flags=SA_RESTART|SA_SIGINFO
SIGINT: SIG_IGN, sa_mask[0]=00000000000000000000000000000000, sa_flags=none
SIGTERM: [libjvm.so+0x9277e0], sa_mask[0]=11111111011111111101111111111110, sa_flags=SA_RESTART|SA_SIGINFO
SIGQUIT: [libjvm.so+0x9277e0], sa_mask[0]=11111111011111111101111111111110, sa_flags=SA_RESTART|SA_SIGINFO


---------------  S Y S T E M  ---------------

OS:DISTRIB_ID=Ubuntu
DISTRIB_RELEASE=17.04
DISTRIB_CODENAME=zesty
DISTRIB_DESCRIPTION="Ubuntu 17.04"

uname:Linux 4.10.0-33-generic #37-Ubuntu SMP Fri Aug 11 10:55:28 UTC 2017 x86_64
libc:glibc 2.24 NPTL 2.24 
rlimit: STACK 8192k, CORE 0k, NPROC 15602, NOFILE 1048576, AS infinity
load average:0.70 0.59 0.54

/proc/meminfo:
MemTotal:        4039872 kB
MemFree:          109912 kB
MemAvailable:      26872 kB
Buffers:            2504 kB
Cached:            65256 kB
SwapCached:        47220 kB
Active:          3083052 kB
Inactive:         632504 kB
Active(anon):    3065544 kB
Inactive(anon):   614476 kB
Active(file):      17508 kB
Inactive(file):    18028 kB
Unevictable:          32 kB
Mlocked:              32 kB
SwapTotal:       2097148 kB
SwapFree:              0 kB
Dirty:               864 kB
Writeback:             0 kB
AnonPages:       3601412 kB
Mapped:            40168 kB
Shmem:             32132 kB
Slab:              89704 kB
SReclaimable:      41792 kB
SUnreclaim:        47912 kB
KernelStack:       15056 kB
PageTables:        71916 kB
NFS_Unstable:          0 kB
Bounce:                0 kB
WritebackTmp:          0 kB
CommitLimit:     4117084 kB
Committed_AS:    9771584 kB
VmallocTotal:   34359738367 kB
VmallocUsed:           0 kB
VmallocChunk:          0 kB
HardwareCorrupted:     0 kB
AnonHugePages:   1081344 kB
ShmemHugePages:        0 kB
ShmemPmdMapped:        0 kB
CmaTotal:              0 kB
CmaFree:               0 kB
HugePages_Total:       0
HugePages_Free:        0
HugePages_Rsvd:        0
HugePages_Surp:        0
Hugepagesize:       2048 kB
DirectMap4k:      159664 kB
DirectMap2M:     4034560 kB


CPU:total 2 (initial active 2) (2 cores per cpu, 1 threads per core) family 6 model 70 stepping 1, cmov, cx8, fxsr, mmx, sse, sse2, sse3, ssse3, sse4.1, sse4.2, popcnt, avx, avx2, aes, clmul, erms, lzcnt, tsc, tscinvbit, bmi1, bmi2

/proc/cpuinfo:
processor	: 0
vendor_id	: GenuineIntel
cpu family	: 6
model		: 70
model name	: Intel(R) Core(TM) i7-4870HQ CPU @ 2.50GHz
stepping	: 1
microcode	: 0x13
cpu MHz		: 2494.226
cache size	: 6144 KB
physical id	: 0
siblings	: 2
core id		: 0
cpu cores	: 2
apicid		: 0
initial apicid	: 0
fpu		: yes
fpu_exception	: yes
cpuid level	: 13
wp		: yes
flags		: fpu vme de pse tsc msr pae mce cx8 apic sep mtrr pge mca cmov pat pse36 clflush mmx fxsr sse sse2 ss ht syscall nx rdtscp lm constant_tsc nopl xtopology nonstop_tsc pni pclmulqdq ssse3 fma cx16 pcid sse4_1 sse4_2 x2apic movbe popcnt tsc_deadline_timer aes xsave avx f16c rdrand hypervisor lahf_lm abm fsgsbase tsc_adjust bmi1 avx2 smep bmi2 invpcid xsaveopt dtherm arat pln pts
bugs		:
bogomips	: 4988.45
clflush size	: 64
cache_alignment	: 64
address sizes	: 36 bits physical, 48 bits virtual
power management:

processor	: 1
vendor_id	: GenuineIntel
cpu family	: 6
model		: 70
model name	: Intel(R) Core(TM) i7-4870HQ CPU @ 2.50GHz
stepping	: 1
microcode	: 0x13
cpu MHz		: 2494.226
cache size	: 6144 KB
physical id	: 0
siblings	: 2
core id		: 1
cpu cores	: 2
apicid		: 1
initial apicid	: 1
fpu		: yes
fpu_exception	: yes
cpuid level	: 13
wp		: yes
flags		: fpu vme de pse tsc msr pae mce cx8 apic sep mtrr pge mca cmov pat pse36 clflush mmx fxsr sse sse2 ss ht syscall nx rdtscp lm constant_tsc nopl xtopology nonstop_tsc pni pclmulqdq ssse3 fma cx16 pcid sse4_1 sse4_2 x2apic movbe popcnt tsc_deadline_timer aes xsave avx f16c rdrand hypervisor lahf_lm abm fsgsbase tsc_adjust bmi1 avx2 smep bmi2 invpcid xsaveopt dtherm arat pln pts
bugs		:
bogomips	: 4988.45
clflush size	: 64
cache_alignment	: 64
address sizes	: 36 bits physical, 48 bits virtual
power management:



Memory: 4k page, physical 4039872k(109912k free), swap 2097148k(0k free)

vm_info: Java HotSpot(TM) 64-Bit Server VM (25.144-b01) for linux-amd64 JRE (1.8.0_144-b01), built on Jul 21 2017 21:57:33 by "java_re" with gcc 4.3.0 20080428 (Red Hat 4.3.0-8)

time: Mon Sep  4 20:51:12 2017
elapsed time: 6 seconds (0d 0h 0m 6s)

