#
# There is insufficient memory for the Java Runtime Environment to continue.
# Native memory allocation (mmap) failed to map 60817408 bytes for committing reserved memory.
# Possible reasons:
#   The system is out of physical RAM or swap space
#   In 32 bit mode, the process size limit was hit
# Possible solutions:
#   Reduce memory load on the system
#   Increase physical memory or swap space
#   Check if swap backing store is full
#   Use 64 bit Java on a 64 bit OS
#   Decrease Java heap size (-Xmx/-Xms)
#   Decrease number of Java threads
#   Decrease Java thread stack sizes (-Xss)
#   Set larger code cache with -XX:ReservedCodeCacheSize=
# This output file may be truncated or incomplete.
#
#  Out of Memory Error (os_linux.cpp:2640), pid=15891, tid=0x00007f7a18473700
#
# JRE version: Java(TM) SE Runtime Environment (8.0_151-b12) (build 1.8.0_151-b12)
# Java VM: Java HotSpot(TM) 64-Bit Server VM (25.151-b12 mixed mode linux-amd64 compressed oops)
# Failed to write core dump. Core dumps have been disabled. To enable core dumping, try "ulimit -c unlimited" before starting Java again
#

---------------  T H R E A D  ---------------

Current thread (0x00007f7a2c0fc000):  VMThread [stack: 0x00007f7a18373000,0x00007f7a18474000] [id=15896]

Stack: [0x00007f7a18373000,0x00007f7a18474000],  sp=0x00007f7a184722a0,  free space=1020k
Native frames: (J=compiled Java code, j=interpreted, Vv=VM code, C=native code)
V  [libjvm.so+0xacb58a]  VMError::report_and_die()+0x2ba
V  [libjvm.so+0x4ff4ab]  report_vm_out_of_memory(char const*, int, unsigned long, VMErrorType, char const*)+0x8b
V  [libjvm.so+0x928113]  os::Linux::commit_memory_impl(char*, unsigned long, bool)+0x103
V  [libjvm.so+0x928669]  os::pd_commit_memory(char*, unsigned long, unsigned long, bool)+0x29
V  [libjvm.so+0x92288a]  os::commit_memory(char*, unsigned long, unsigned long, bool)+0x2a
V  [libjvm.so+0x9973e3]  PSVirtualSpace::expand_by(unsigned long)+0x53
V  [libjvm.so+0x9987e8]  PSYoungGen::resize_generation(unsigned long, unsigned long)+0xf8
V  [libjvm.so+0x997942]  PSYoungGen::resize(unsigned long, unsigned long)+0x22
V  [libjvm.so+0x994c1b]  PSScavenge::invoke_no_policy()+0xf3b
V  [libjvm.so+0x9953a1]  PSScavenge::invoke()+0x41
V  [libjvm.so+0x94c0d0]  ParallelScavengeHeap::failed_mem_allocate(unsigned long)+0x70
V  [libjvm.so+0xaccfa7]  VM_ParallelGCFailedAllocation::doit()+0x97
V  [libjvm.so+0xad4a85]  VM_Operation::evaluate()+0x55
V  [libjvm.so+0xad2e5a]  VMThread::evaluate_operation(VM_Operation*)+0xba
V  [libjvm.so+0xad31de]  VMThread::loop()+0x1ce
V  [libjvm.so+0xad3650]  VMThread::run()+0x70
V  [libjvm.so+0x92a728]  java_start(Thread*)+0x108

VM_Operation (0x00007f7a32348e00): ParallelGCFailedAllocation, mode: safepoint, requested by thread 0x00007f7a2c00b000


---------------  P R O C E S S  ---------------

Java Threads: ( => current thread )
  0x00007f7a2c8f9000 JavaThread "Service Thread" daemon [_thread_blocked, id=15905, stack(0x00007f79fbcfd000,0x00007f79fbdfe000)]
  0x00007f7a2c82b800 JavaThread "C1 CompilerThread1" daemon [_thread_blocked, id=15904, stack(0x00007f79fbdfe000,0x00007f79fbeff000)]
  0x00007f7a2c831800 JavaThread "C2 CompilerThread0" daemon [_thread_blocked, id=15903, stack(0x00007f79fbeff000,0x00007f79fc000000)]
  0x00007f7a2c13b800 JavaThread "Signal Dispatcher" daemon [_thread_blocked, id=15902, stack(0x00007f7a18070000,0x00007f7a18171000)]
  0x00007f7a2c108000 JavaThread "Finalizer" daemon [_thread_blocked, id=15898, stack(0x00007f7a18171000,0x00007f7a18272000)]
  0x00007f7a2c103800 JavaThread "Reference Handler" daemon [_thread_blocked, id=15897, stack(0x00007f7a18272000,0x00007f7a18373000)]
  0x00007f7a2c00b000 JavaThread "main" [_thread_blocked, id=15893, stack(0x00007f7a3224c000,0x00007f7a3234d000)]

Other Threads:
=>0x00007f7a2c0fc000 VMThread [stack: 0x00007f7a18373000,0x00007f7a18474000] [id=15896]
  0x00007f7a2c877000 WatcherThread [stack: 0x00007f79fbbfc000,0x00007f79fbcfd000] [id=15906]

VM state:at safepoint (normal execution)

VM Mutex/Monitor currently owned by a thread:  ([mutex/lock_event])
[0x00007f7a2c0072e0] Threads_lock - owner thread: 0x00007f7a2c0fc000
[0x00007f7a2c0077e0] Heap_lock - owner thread: 0x00007f7a2c00b000

Heap:
 PSYoungGen      total 103936K, used 153K [0x00000000eb700000, 0x00000000f2100000, 0x0000000100000000)
  eden space 99840K, 0% used [0x00000000eb700000,0x00000000eb700000,0x00000000f1880000)
  from space 4096K, 3% used [0x00000000f1880000,0x00000000f18a6650,0x00000000f1c80000)
  to   space 3584K, 0% used [0x00000000f1c80000,0x00000000f1c80000,0x00000000f2000000)
 ParOldGen       total 42496K, used 5119K [0x00000000c2400000, 0x00000000c4d80000, 0x00000000eb700000)
  object space 42496K, 12% used [0x00000000c2400000,0x00000000c28ffc38,0x00000000c4d80000)
 Metaspace       used 15920K, capacity 16180K, committed 16384K, reserved 1064960K
  class space    used 1619K, capacity 1712K, committed 1792K, reserved 1048576K

Card table byte_map: [0x00007f7a1bbbf000,0x00007f7a1bdae000] byte_map_base: 0x00007f7a1b5ad000

Marking Bits: (ParMarkBitMap*) 0x00007f7a31727f80
 Begin Bits: [0x00007f7a19993000, 0x00007f7a1a903000)
 End Bits:   [0x00007f7a1a903000, 0x00007f7a1b873000)

Polling page: 0x00007f7a32375000

CodeCache: size=245760Kb used=6736Kb max_used=6780Kb free=239023Kb
 bounds [0x00007f7a1c16e000, 0x00007f7a1c81e000, 0x00007f7a2b16e000]
 total_blobs=2602 nmethods=2216 adapters=299
 compilation: enabled

Compilation events (10 events):
Event: 3.165 Thread 0x00007f7a2c82b800 2245       2       sun.text.normalizer.TrieIterator::checkTrailBlock (50 bytes)
Event: 3.165 Thread 0x00007f7a2c82b800 nmethod 2245 0x00007f7a1c7ea4d0 code [0x00007f7a1c7ea640, 0x00007f7a1c7ea868]
Event: 3.219 Thread 0x00007f7a2c82b800 2247 %     3       sun.text.normalizer.UCharacterProperty::upropsvec_addPropertyStarts @ 27 (48 bytes)
Event: 3.220 Thread 0x00007f7a2c82b800 nmethod 2247% 0x00007f7a1c7ea950 code [0x00007f7a1c7eab20, 0x00007f7a1c7eb168]
Event: 3.220 Thread 0x00007f7a2c82b800 2248       3       sun.text.normalizer.UCharacterProperty::upropsvec_addPropertyStarts (48 bytes)
Event: 3.221 Thread 0x00007f7a2c82b800 nmethod 2248 0x00007f7a1c7eb410 code [0x00007f7a1c7eb5c0, 0x00007f7a1c7ebb88]
Event: 3.236 Thread 0x00007f7a2c82b800 2249       2       sun.text.normalizer.Trie$DefaultGetFoldingOffset::getFoldingOffset (2 bytes)
Event: 3.236 Thread 0x00007f7a2c82b800 nmethod 2249 0x00007f7a1c7ebdd0 code [0x00007f7a1c7ebf20, 0x00007f7a1c7ec070]
Event: 3.291 Thread 0x00007f7a2c831800 nmethod 1706 0x00007f7a1c7f6e90 code [0x00007f7a1c7f7be0, 0x00007f7a1c8017b8]
Event: 3.291 Thread 0x00007f7a2c831800 1756       4       org.jacoco.agent.rt.internal_b0d6a23.asm.commons.AnalyzerAdapter::pushDesc (263 bytes)

GC Heap History (10 events):
Event: 1.755 GC heap after
Heap after GC invocations=6 (full 0):
 PSYoungGen      total 34304K, used 3060K [0x00000000eb700000, 0x00000000edd00000, 0x0000000100000000)
  eden space 31232K, 0% used [0x00000000eb700000,0x00000000eb700000,0x00000000ed580000)
  from space 3072K, 99% used [0x00000000ed900000,0x00000000edbfd3d0,0x00000000edc00000)
  to   space 3584K, 0% used [0x00000000ed580000,0x00000000ed580000,0x00000000ed900000)
 ParOldGen       total 42496K, used 341K [0x00000000c2400000, 0x00000000c4d80000, 0x00000000eb700000)
  object space 42496K, 0% used [0x00000000c2400000,0x00000000c2455540,0x00000000c4d80000)
 Metaspace       used 10231K, capacity 10408K, committed 10624K, reserved 1058816K
  class space    used 1031K, capacity 1050K, committed 1152K, reserved 1048576K
}
Event: 2.277 GC heap before
{Heap before GC invocations=7 (full 0):
 PSYoungGen      total 34304K, used 34292K [0x00000000eb700000, 0x00000000edd00000, 0x0000000100000000)
  eden space 31232K, 100% used [0x00000000eb700000,0x00000000ed580000,0x00000000ed580000)
  from space 3072K, 99% used [0x00000000ed900000,0x00000000edbfd3d0,0x00000000edc00000)
  to   space 3584K, 0% used [0x00000000ed580000,0x00000000ed580000,0x00000000ed900000)
 ParOldGen       total 42496K, used 341K [0x00000000c2400000, 0x00000000c4d80000, 0x00000000eb700000)
  object space 42496K, 0% used [0x00000000c2400000,0x00000000c2455540,0x00000000c4d80000)
 Metaspace       used 12628K, capacity 12892K, committed 13184K, reserved 1060864K
  class space    used 1239K, capacity 1324K, committed 1408K, reserved 1048576K
Event: 2.290 GC heap after
Heap after GC invocations=7 (full 0):
 PSYoungGen      total 34816K, used 2280K [0x00000000eb700000, 0x00000000efb00000, 0x0000000100000000)
  eden space 31232K, 0% used [0x00000000eb700000,0x00000000eb700000,0x00000000ed580000)
  from space 3584K, 63% used [0x00000000ed580000,0x00000000ed7ba028,0x00000000ed900000)
  to   space 3584K, 0% used [0x00000000ef780000,0x00000000ef780000,0x00000000efb00000)
 ParOldGen       total 42496K, used 1918K [0x00000000c2400000, 0x00000000c4d80000, 0x00000000eb700000)
  object space 42496K, 4% used [0x00000000c2400000,0x00000000c25dfb80,0x00000000c4d80000)
 Metaspace       used 12628K, capacity 12892K, committed 13184K, reserved 1060864K
  class space    used 1239K, capacity 1324K, committed 1408K, reserved 1048576K
}
Event: 2.593 GC heap before
{Heap before GC invocations=8 (full 0):
 PSYoungGen      total 34816K, used 33512K [0x00000000eb700000, 0x00000000efb00000, 0x0000000100000000)
  eden space 31232K, 100% used [0x00000000eb700000,0x00000000ed580000,0x00000000ed580000)
  from space 3584K, 63% used [0x00000000ed580000,0x00000000ed7ba028,0x00000000ed900000)
  to   space 3584K, 0% used [0x00000000ef780000,0x00000000ef780000,0x00000000efb00000)
 ParOldGen       total 42496K, used 1918K [0x00000000c2400000, 0x00000000c4d80000, 0x00000000eb700000)
  object space 42496K, 4% used [0x00000000c2400000,0x00000000c25dfb80,0x00000000c4d80000)
 Metaspace       used 13918K, capacity 14204K, committed 14336K, reserved 1062912K
  class space    used 1389K, capacity 1484K, committed 1536K, reserved 1048576K
Event: 2.596 GC heap after
Heap after GC invocations=8 (full 0):
 PSYoungGen      total 66048K, used 2892K [0x00000000eb700000, 0x00000000efb00000, 0x0000000100000000)
  eden space 62464K, 0% used [0x00000000eb700000,0x00000000eb700000,0x00000000ef400000)
  from space 3584K, 80% used [0x00000000ef780000,0x00000000efa53128,0x00000000efb00000)
  to   space 3584K, 0% used [0x00000000ef400000,0x00000000ef400000,0x00000000ef780000)
 ParOldGen       total 42496K, used 2246K [0x00000000c2400000, 0x00000000c4d80000, 0x00000000eb700000)
  object space 42496K, 5% used [0x00000000c2400000,0x00000000c2631b80,0x00000000c4d80000)
 Metaspace       used 13918K, capacity 14204K, committed 14336K, reserved 1062912K
  class space    used 1389K, capacity 1484K, committed 1536K, reserved 1048576K
}
Event: 3.183 GC heap before
{Heap before GC invocations=9 (full 0):
 PSYoungGen      total 66048K, used 65356K [0x00000000eb700000, 0x00000000efb00000, 0x0000000100000000)
  eden space 62464K, 100% used [0x00000000eb700000,0x00000000ef400000,0x00000000ef400000)
  from space 3584K, 80% used [0x00000000ef780000,0x00000000efa53128,0x00000000efb00000)
  to   space 3584K, 0% used [0x00000000ef400000,0x00000000ef400000,0x00000000ef780000)
 ParOldGen       total 42496K, used 2246K [0x00000000c2400000, 0x00000000c4d80000, 0x00000000eb700000)
  object space 42496K, 5% used [0x00000000c2400000,0x00000000c2631b80,0x00000000c4d80000)
 Metaspace       used 15918K, capacity 16180K, committed 16384K, reserved 1064960K
  class space    used 1619K, capacity 1712K, committed 1792K, reserved 1048576K
Event: 3.194 GC heap after
Heap after GC invocations=9 (full 0):
 PSYoungGen      total 66048K, used 3356K [0x00000000eb700000, 0x00000000f2000000, 0x0000000100000000)
  eden space 62464K, 0% used [0x00000000eb700000,0x00000000eb700000,0x00000000ef400000)
  from space 3584K, 93% used [0x00000000ef400000,0x00000000ef747128,0x00000000ef780000)
  to   space 3584K, 0% used [0x00000000f1c80000,0x00000000f1c80000,0x00000000f2000000)
 ParOldGen       total 42496K, used 2998K [0x00000000c2400000, 0x00000000c4d80000, 0x00000000eb700000)
  object space 42496K, 7% used [0x00000000c2400000,0x00000000c26edbc0,0x00000000c4d80000)
 Metaspace       used 15918K, capacity 16180K, committed 16384K, reserved 1064960K
  class space    used 1619K, capacity 1712K, committed 1792K, reserved 1048576K
}
Event: 3.251 GC heap before
{Heap before GC invocations=10 (full 0):
 PSYoungGen      total 66048K, used 65811K [0x00000000eb700000, 0x00000000f2000000, 0x0000000100000000)
  eden space 62464K, 99% used [0x00000000eb700000,0x00000000ef3fdb88,0x00000000ef400000)
  from space 3584K, 93% used [0x00000000ef400000,0x00000000ef747128,0x00000000ef780000)
  to   space 3584K, 0% used [0x00000000f1c80000,0x00000000f1c80000,0x00000000f2000000)
 ParOldGen       total 42496K, used 2998K [0x00000000c2400000, 0x00000000c4d80000, 0x00000000eb700000)
  object space 42496K, 7% used [0x00000000c2400000,0x00000000c26edbc0,0x00000000c4d80000)
 Metaspace       used 15920K, capacity 16180K, committed 16384K, reserved 1064960K
  class space    used 1619K, capacity 1712K, committed 1792K, reserved 1048576K
Event: 3.254 GC heap after
Heap after GC invocations=10 (full 0):
 PSYoungGen      total 103424K, used 887K [0x00000000eb700000, 0x00000000f2100000, 0x0000000100000000)
  eden space 99840K, 0% used [0x00000000eb700000,0x00000000eb700000,0x00000000f1880000)
  from space 3584K, 24% used [0x00000000f1c80000,0x00000000f1d5dea8,0x00000000f2000000)
  to   space 4096K, 0% used [0x00000000f1880000,0x00000000f1880000,0x00000000f1c80000)
 ParOldGen       total 42496K, used 4371K [0x00000000c2400000, 0x00000000c4d80000, 0x00000000eb700000)
  object space 42496K, 10% used [0x00000000c2400000,0x00000000c2844d40,0x00000000c4d80000)
 Metaspace       used 15920K, capacity 16180K, committed 16384K, reserved 1064960K
  class space    used 1619K, capacity 1712K, committed 1792K, reserved 1048576K
}
Event: 3.325 GC heap before
{Heap before GC invocations=11 (full 0):
 PSYoungGen      total 103424K, used 100579K [0x00000000eb700000, 0x00000000f2100000, 0x0000000100000000)
  eden space 99840K, 99% used [0x00000000eb700000,0x00000000f185adc8,0x00000000f1880000)
  from space 3584K, 24% used [0x00000000f1c80000,0x00000000f1d5dea8,0x00000000f2000000)
  to   space 4096K, 0% used [0x00000000f1880000,0x00000000f1880000,0x00000000f1c80000)
 ParOldGen       total 42496K, used 4371K [0x00000000c2400000, 0x00000000c4d80000, 0x00000000eb700000)
  object space 42496K, 10% used [0x00000000c2400000,0x00000000c2844d40,0x00000000c4d80000)
 Metaspace       used 15920K, capacity 16180K, committed 16384K, reserved 1064960K
  class space    used 1619K, capacity 1712K, committed 1792K, reserved 1048576K

Deoptimization events (10 events):
Event: 1.221 Thread 0x00007f7a2c00b000 Uncommon trap: reason=unstable_if action=reinterpret pc=0x00007f7a1c483714 method=org.jacoco.agent.rt.internal_b0d6a23.asm.MethodVisitor.visitMethodInsn(ILjava/lang/String;Ljava/lang/String;Ljava/lang/String;Z)V @ 50
Event: 1.221 Thread 0x00007f7a2c00b000 Uncommon trap: reason=bimorphic action=maybe_recompile pc=0x00007f7a1c4c74a4 method=org.jacoco.agent.rt.internal_b0d6a23.asm.tree.LabelNode.accept(Lorg/jacoco/agent/rt/internal_b0d6a23/asm/MethodVisitor;)V @ 5
Event: 1.221 Thread 0x00007f7a2c00b000 Uncommon trap: reason=bimorphic action=maybe_recompile pc=0x00007f7a1c4c74a4 method=org.jacoco.agent.rt.internal_b0d6a23.asm.tree.LabelNode.accept(Lorg/jacoco/agent/rt/internal_b0d6a23/asm/MethodVisitor;)V @ 5
Event: 1.221 Thread 0x00007f7a2c00b000 Uncommon trap: reason=bimorphic action=maybe_recompile pc=0x00007f7a1c4c74a4 method=org.jacoco.agent.rt.internal_b0d6a23.asm.tree.LabelNode.accept(Lorg/jacoco/agent/rt/internal_b0d6a23/asm/MethodVisitor;)V @ 5
Event: 1.221 Thread 0x00007f7a2c00b000 Uncommon trap: reason=bimorphic action=maybe_recompile pc=0x00007f7a1c4390c0 method=org.jacoco.agent.rt.internal_b0d6a23.asm.tree.InsnNode.accept(Lorg/jacoco/agent/rt/internal_b0d6a23/asm/MethodVisitor;)V @ 5
Event: 1.221 Thread 0x00007f7a2c00b000 Uncommon trap: reason=bimorphic action=maybe_recompile pc=0x00007f7a1c4390c0 method=org.jacoco.agent.rt.internal_b0d6a23.asm.tree.InsnNode.accept(Lorg/jacoco/agent/rt/internal_b0d6a23/asm/MethodVisitor;)V @ 5
Event: 1.221 Thread 0x00007f7a2c00b000 Uncommon trap: reason=bimorphic action=maybe_recompile pc=0x00007f7a1c4390c0 method=org.jacoco.agent.rt.internal_b0d6a23.asm.tree.InsnNode.accept(Lorg/jacoco/agent/rt/internal_b0d6a23/asm/MethodVisitor;)V @ 5
Event: 1.662 Thread 0x00007f7a2c00b000 Uncommon trap: reason=null_check action=make_not_entrant pc=0x00007f7a1c283a44 method=java.lang.String.equals(Ljava/lang/Object;)Z @ 8
Event: 2.000 Thread 0x00007f7a2c00b000 Uncommon trap: reason=unstable_if action=reinterpret pc=0x00007f7a1c33edb8 method=java.lang.AbstractStringBuilder.append(Ljava/lang/String;)Ljava/lang/AbstractStringBuilder; @ 1
Event: 2.447 Thread 0x00007f7a2c00b000 Uncommon trap: reason=unstable_if action=reinterpret pc=0x00007f7a1c55986c method=org.jacoco.agent.rt.internal_b0d6a23.asm.Item.isEqualTo(Lorg/jacoco/agent/rt/internal_b0d6a23/asm/Item;)Z @ 186

Internal exceptions (10 events):
Event: 3.070 Thread 0x00007f7a2c00b000 Exception <a 'java/security/PrivilegedActionException'> (0x00000000eea9ab18) thrown at [/HUDSON/workspace/8-2-build-linux-amd64/jdk8u151/9699/hotspot/src/share/vm/prims/jvm.cpp, line 1390]
Event: 3.070 Thread 0x00007f7a2c00b000 Exception <a 'java/security/PrivilegedActionException'> (0x00000000eea9ecb0) thrown at [/HUDSON/workspace/8-2-build-linux-amd64/jdk8u151/9699/hotspot/src/share/vm/prims/jvm.cpp, line 1390]
Event: 3.070 Thread 0x00007f7a2c00b000 Exception <a 'java/security/PrivilegedActionException'> (0x00000000eea9f0a8) thrown at [/HUDSON/workspace/8-2-build-linux-amd64/jdk8u151/9699/hotspot/src/share/vm/prims/jvm.cpp, line 1390]
Event: 3.071 Thread 0x00007f7a2c00b000 Exception <a 'java/security/PrivilegedActionException'> (0x00000000eeab06d0) thrown at [/HUDSON/workspace/8-2-build-linux-amd64/jdk8u151/9699/hotspot/src/share/vm/prims/jvm.cpp, line 1390]
Event: 3.071 Thread 0x00007f7a2c00b000 Exception <a 'java/security/PrivilegedActionException'> (0x00000000eeab0ac8) thrown at [/HUDSON/workspace/8-2-build-linux-amd64/jdk8u151/9699/hotspot/src/share/vm/prims/jvm.cpp, line 1390]
Event: 3.073 Thread 0x00007f7a2c00b000 Exception <a 'java/security/PrivilegedActionException'> (0x00000000eeab4c60) thrown at [/HUDSON/workspace/8-2-build-linux-amd64/jdk8u151/9699/hotspot/src/share/vm/prims/jvm.cpp, line 1390]
Event: 3.073 Thread 0x00007f7a2c00b000 Exception <a 'java/security/PrivilegedActionException'> (0x00000000eeab5058) thrown at [/HUDSON/workspace/8-2-build-linux-amd64/jdk8u151/9699/hotspot/src/share/vm/prims/jvm.cpp, line 1390]
Event: 3.083 Thread 0x00007f7a2c00b000 Exception <a 'java/lang/ArrayIndexOutOfBoundsException'> (0x00000000eeb359c8) thrown at [/HUDSON/workspace/8-2-build-linux-amd64/jdk8u151/9699/hotspot/src/share/vm/runtime/sharedRuntime.cpp, line 605]
Event: 3.083 Thread 0x00007f7a2c00b000 Exception <a 'java/lang/ArrayIndexOutOfBoundsException'> (0x00000000eeb39ae0) thrown at [/HUDSON/workspace/8-2-build-linux-amd64/jdk8u151/9699/hotspot/src/share/vm/runtime/sharedRuntime.cpp, line 605]
Event: 3.083 Thread 0x00007f7a2c00b000 Exception <a 'java/lang/ArrayIndexOutOfBoundsException'> (0x00000000eeb424c8) thrown at [/HUDSON/workspace/8-2-build-linux-amd64/jdk8u151/9699/hotspot/src/share/vm/runtime/sharedRuntime.cpp, line 605]

Events (10 events):
Event: 3.157 loading class sun/text/normalizer/TrieIterator done
Event: 3.157 loading class sun/text/normalizer/RangeValueIterator$Element
Event: 3.157 loading class sun/text/normalizer/RangeValueIterator$Element done
Event: 3.163 Thread 0x00007f7a2c00b000 DEOPT PACKING pc=0x00007f7a1c7e4e7c sp=0x00007f7a323490a0
Event: 3.163 Thread 0x00007f7a2c00b000 DEOPT UNPACKING pc=0x00007f7a1c1b5633 sp=0x00007f7a32348e20 mode 0
Event: 3.183 Executing VM operation: ParallelGCFailedAllocation
Event: 3.194 Executing VM operation: ParallelGCFailedAllocation done
Event: 3.251 Executing VM operation: ParallelGCFailedAllocation
Event: 3.254 Executing VM operation: ParallelGCFailedAllocation done
Event: 3.324 Executing VM operation: ParallelGCFailedAllocation


Dynamic libraries:
00400000-00401000 r-xp 00000000 08:01 2233027                            /usr/lib/jvm/java-8-oracle/jre/bin/java
00600000-00601000 rw-p 00000000 08:01 2233027                            /usr/lib/jvm/java-8-oracle/jre/bin/java
011ce000-011ef000 rw-p 00000000 00:00 0                                  [heap]
c2400000-c4d80000 rw-p 00000000 00:00 0 
c4d80000-eb700000 ---p 00000000 00:00 0 
eb700000-f2100000 rw-p 00000000 00:00 0 
f5b00000-100000000 ---p 00000000 00:00 0 
100000000-1001c0000 rw-p 00000000 00:00 0 
1001c0000-140000000 ---p 00000000 00:00 0 
7f79e4000000-7f79e4021000 rw-p 00000000 00:00 0 
7f79e4021000-7f79e8000000 ---p 00000000 00:00 0 
7f79ec000000-7f79ece50000 rw-p 00000000 00:00 0 
7f79ece50000-7f79f0000000 ---p 00000000 00:00 0 
7f79f0000000-7f79f0021000 rw-p 00000000 00:00 0 
7f79f0021000-7f79f4000000 ---p 00000000 00:00 0 
7f79f4000000-7f79f5748000 rw-p 00000000 00:00 0 
7f79f5748000-7f79f8000000 ---p 00000000 00:00 0 
7f79fb136000-7f79fb176000 rw-p 00000000 00:00 0 
7f79fb176000-7f79fb336000 ---p 00000000 00:00 0 
7f79fb336000-7f79fb536000 rw-p 00000000 00:00 0 
7f79fb5c5000-7f79fb5e1000 r--s 00393000 08:01 2233198                    /usr/lib/jvm/java-8-oracle/jre/lib/ext/cldrdata.jar
7f79fb5e1000-7f79fb5eb000 r--s 00116000 08:01 2233205                    /usr/lib/jvm/java-8-oracle/jre/lib/ext/localedata.jar
7f79fb5eb000-7f79fb7eb000 rw-p 00000000 00:00 0 
7f79fb7eb000-7f79fb7fe000 r--s 00345000 08:01 2233175                    /usr/lib/jvm/java-8-oracle/jre/lib/resources.jar
7f79fb7fe000-7f79fb9fe000 rw-p 00000000 00:00 0 
7f79fb9fe000-7f79fba00000 r--s 00007000 08:01 791719                     /home/madunlap/.m2/repository/org/apache/maven/surefire/surefire-junit4/2.10/surefire-junit4-2.10.jar
7f79fba00000-7f79fba02000 r--s 0000b000 08:01 921145                     /home/madunlap/.m2/repository/org/json/json/20160212/json-20160212.jar
7f79fba02000-7f79fba04000 r--s 00009000 08:01 921147                     /home/madunlap/.m2/repository/com/mashape/unirest/unirest-java/1.4.9/unirest-java-1.4.9.jar
7f79fba04000-7f79fba06000 r--s 0000e000 08:01 921141                     /home/madunlap/.m2/repository/org/jvnet/mimepull/mimepull/1.9.6/mimepull-1.9.6.jar
7f79fba06000-7f79fba09000 r--s 0000e000 08:01 921143                     /home/madunlap/.m2/repository/org/glassfish/jersey/media/jersey-media-multipart/2.23.2/jersey-media-multipart-2.23.2.jar
7f79fba09000-7f79fba0d000 r--s 00019000 08:01 921137                     /home/madunlap/.m2/repository/javax/ws/rs/javax.ws.rs-api/2.0.1/javax.ws.rs-api-2.0.1.jar
7f79fba0d000-7f79fba0f000 r--s 00010000 08:01 921134                     /home/madunlap/.m2/repository/org/glassfish/jersey/media/jersey-media-jaxb/2.23.2/jersey-media-jaxb-2.23.2.jar
7f79fba0f000-7f79fba14000 r--s 00025000 08:01 921138                     /home/madunlap/.m2/repository/org/glassfish/jersey/core/jersey-client/2.23.2/jersey-client-2.23.2.jar
7f79fba14000-7f79fba2a000 r--s 000d3000 08:01 921133                     /home/madunlap/.m2/repository/org/glassfish/jersey/core/jersey-server/2.23.2/jersey-server-2.23.2.jar
7f79fba2a000-7f79fba2b000 r--s 00004000 08:01 921129                     /home/madunlap/.m2/repository/org/glassfish/hk2/osgi-resource-locator/1.0.1/osgi-resource-locator-1.0.1.jar
7f79fba2b000-7f79fba35000 r--s 000ae000 08:01 921127                     /home/madunlap/.m2/repository/org/javassist/javassist/3.20.0-GA/javassist-3.20.0-GA.jar
7f79fba35000-7f79fba38000 r--s 0002a000 08:01 921123                     /home/madunlap/.m2/repository/org/glassfish/hk2/hk2-locator/2.5.0-b05/hk2-locator-2.5.0-b05.jar
7f79fba38000-7f79fba3a000 r--s 00002000 08:01 921128                     /home/madunlap/.m2/repository/org/glassfish/hk2/external/aopalliance-repackaged/2.5.0-b05/aopalliance-repackaged-2.5.0-b05.jar
7f79fba3a000-7f79fba3e000 r--s 0001a000 08:01 921125                     /home/madunlap/.m2/repository/org/glassfish/hk2/hk2-utils/2.5.0-b05/hk2-utils-2.5.0-b05.jar
7f79fba3e000-7f79fba43000 r--s 00027000 08:01 921118                     /home/madunlap/.m2/repository/org/glassfish/hk2/hk2-api/2.5.0-b05/hk2-api-2.5.0-b05.jar
7f79fba43000-7f79fba5b000 r--s 000d6000 08:01 921120                     /home/madunlap/.m2/repository/org/glassfish/jersey/bundles/repackaged/jersey-guava/2.23.2/jersey-guava-2.23.2.jar
7f79fba5b000-7f79fba5d000 r--s 00005000 08:01 921116                     /home/madunlap/.m2/repository/javax/annotation/javax.annotation-api/1.2/javax.annotation-api-1.2.jar
7f79fba5d000-7f79fba6c000 r--s 000a0000 08:01 921111                     /home/madunlap/.m2/repository/org/glassfish/jersey/core/jersey-common/2.23.2/jersey-common-2.23.2.jar
7f79fba6c000-7f79fba6d000 r--s 00001000 08:01 921113                     /home/madunlap/.m2/repository/org/glassfish/hk2/external/javax.inject/2.5.0-b05/javax.inject-2.5.0-b05.jar
7f79fba6d000-7f79fba70000 r--s 0000e000 08:01 921110                     /home/madunlap/.m2/repository/org/glassfish/jersey/containers/jersey-container-servlet-core/2.23.2/jersey-container-servlet-core-2.23.2.jar
7f79fba70000-7f79fba72000 r--s 00003000 08:01 921107                     /home/madunlap/.m2/repository/org/glassfish/jersey/containers/jersey-container-servlet/2.23.2/jersey-container-servlet-2.23.2.jar
7f79fba72000-7f79fba74000 r--s 00008000 08:01 921112                     /home/madunlap/.m2/repository/com/google/auto/auto-common/0.3/auto-common-0.3.jar
7f79fba74000-7f79fba75000 r--s 00002000 08:01 921105                     /home/madunlap/.m2/repository/com/google/auto/service/auto-service/1.0-rc2/auto-service-1.0-rc2.jar
7f79fba75000-7f79fba77000 r--s 0000c000 08:01 921153                     /home/madunlap/.m2/repository/com/lyncode/xoai-service-provider/4.1.0-header-patch/xoai-service-provider-4.1.0-header-patch.jar
7f79fba77000-7f79fba78000 r--s 00001000 08:01 921104                     /home/madunlap/.m2/repository/com/lyncode/builder-commons/1.0.2/builder-commons-1.0.2.jar
7f79fba78000-7f79fba7b000 r--s 00012000 08:01 921152                     /home/madunlap/.m2/repository/com/lyncode/xoai-data-provider/4.1.0-header-patch/xoai-data-provider-4.1.0-header-patch.jar
7f79fba7b000-7f79fba7d000 r--s 00005000 08:01 791390                     /home/madunlap/.m2/repository/stax/stax-api/1.0.1/stax-api-1.0.1.jar
7f79fba7d000-7f79fba83000 r--s 00048000 08:01 921101                     /home/madunlap/.m2/repository/org/apache/commons/commons-lang3/3.1/commons-lang3-3.1.jar
7f79fba83000-7f79fba85000 r--s 00004000 08:01 921097                     /home/madunlap/.m2/repository/javax/xml/stream/stax-api/1.0-2/stax-api-1.0-2.jar
7f79fba85000-7f79fba89000 r--s 00029000 08:01 921098                     /home/madunlap/.m2/repository/org/codehaus/woodstox/stax2-api/3.0.4/stax2-api-3.0.4.jar
7f79fba89000-7f79fba8f000 r--s 00045000 08:01 921095                     /home/madunlap/.m2/repository/org/hamcrest/hamcrest-all/1.3/hamcrest-all-1.3.jar
7f79fba8f000-7f79fba94000 r--s 00016000 08:01 791388                     /home/madunlap/.m2/repository/xml-apis/xml-apis/1.0.b2/xml-apis-1.0.b2.jar
7f79fba94000-7f79fba95000 r--s 00003000 08:01 921092                     /home/madunlap/.m2/repository/com/lyncode/test-support/1.0.4/test-support-1.0.4.jar
7f79fba95000-7f79fba97000 r--s 00004000 08:01 921090                     /home/madunlap/.m2/repository/com/lyncode/xml-io/1.0.3/xml-io-1.0.3.jar
7f79fba97000-7f79fba99000 r--s 0000d000 08:01 921151                     /home/madunlap/.m2/repository/com/lyncode/xoai-common/4.1.0-header-patch/xoai-common-4.1.0-header-patch.jar
7f79fba99000-7f79fba9c000 r--s 00011000 08:01 921088                     /home/madunlap/.m2/repository/com/github/scribejava/scribejava-core/3.1.0/scribejava-core-3.1.0.jar
7f79fba9c000-7f79fba9f000 r--s 00010000 08:01 921084                     /home/madunlap/.m2/repository/com/github/scribejava/scribejava-apis/3.1.0/scribejava-apis-3.1.0.jar
7f79fba9f000-7f79fbaa8000 r--s 0006f000 08:01 921083                     /home/madunlap/.m2/repository/log4j/log4j/1.2.17/log4j-1.2.17.jar
7f79fbaa8000-7f79fbb7f000 r--s 007aa000 08:01 921093                     /home/madunlap/.m2/repository/net/sf/ehcache/ehcache/2.10.1/ehcache-2.10.1.jar
7f79fbb7f000-7f79fbb81000 r--s 00008000 08:01 921082                     /home/madunlap/.m2/repository/org/apache/commons/commons-csv/1.2/commons-csv-1.2.jar
7f79fbb81000-7f79fbb85000 r--s 00035000 08:01 921081                     /home/madunlap/.m2/repository/com/fasterxml/jackson/core/jackson-core/2.5.3/jackson-core-2.5.3.jar
7f79fbb85000-7f79fbb87000 r--s 00008000 08:01 921075                     /home/madunlap/.m2/repository/com/fasterxml/jackson/core/jackson-annotations/2.5.0/jackson-annotations-2.5.0.jar
7f79fbb87000-7f79fbb99000 r--s 00106000 08:01 921073                     /home/madunlap/.m2/repository/com/fasterxml/jackson/core/jackson-databind/2.5.3/jackson-databind-2.5.3.jar
7f79fbb99000-7f79fbb9c000 r--s 00006000 08:01 921070                     /home/madunlap/.m2/repository/com/google/code/findbugs/jsr305/1.3.9/jsr305-1.3.9.jar
7f79fbb9c000-7f79fbba2000 r--s 00040000 08:01 921074                     /home/madunlap/.m2/repository/com/google/http-client/google-http-client/1.20.0/google-http-client-1.20.0.jar
7f79fbba2000-7f79fbba3000 r--s 00004000 08:01 921066                     /home/madunlap/.m2/repository/com/maxmind/db/maxmind-db/1.0.0/maxmind-db-1.0.0.jar
7f79fbba3000-7f79fbba5000 r--s 00007000 08:01 921064                     /home/madunlap/.m2/repository/com/maxmind/geoip2/geoip2/2.3.1/geoip2-2.3.1.jar
7f79fbba5000-7f79fbba9000 r--s 00034000 08:01 921067                     /home/madunlap/.m2/repository/org/codehaus/jackson/jackson-core-asl/1.9.7/jackson-core-asl-1.9.7.jar
7f79fbba9000-7f79fbbb8000 r--s 000b0000 08:01 921065                     /home/madunlap/.m2/repository/org/codehaus/jackson/jackson-mapper-asl/1.9.7/jackson-mapper-asl-1.9.7.jar
7f79fbbb8000-7f79fbbc2000 r--s 0003d000 08:01 921060                     /home/madunlap/.m2/repository/org/javaswift/joss/0.9.10/joss-0.9.10.jar
7f79fbbc2000-7f79fbbc9000 r--s 0003a000 08:01 921056                     /home/madunlap/.m2/repository/commons-codec/commons-codec/1.9/commons-codec-1.9.jar
7f79fbbc9000-7f79fbbd0000 r--s 00048000 08:01 921054                     /home/madunlap/.m2/repository/org/apache/httpcomponents/httpcore/4.4.1/httpcore-4.4.1.jar
7f79fbbd0000-7f79fbbdd000 r--s 000a4000 08:01 921052                     /home/madunlap/.m2/repository/org/apache/httpcomponents/httpclient/4.4.1/httpclient-4.4.1.jar
7f79fbbdd000-7f79fbbe1000 r--s 00028000 08:01 921050                     /home/madunlap/.m2/repository/org/apache/httpcomponents/httpasyncclient/4.1/httpasyncclient-4.1.jar
7f79fbbe1000-7f79fbbe8000 r--s 00050000 08:01 921049                     /home/madunlap/.m2/repository/org/apache/httpcomponents/httpcore-nio/4.4.1/httpcore-nio-4.4.1.jar
7f79fbbe8000-7f79fbbfc000 r--s 00173000 08:01 921038                     /home/madunlap/.m2/repository/axis/axis/1.4/axis-1.4.jar
7f79fbbfc000-7f79fbbfd000 ---p 00000000 00:00 0 
7f79fbbfd000-7f79fbcfd000 rw-p 00000000 00:00 0 
7f79fbcfd000-7f79fbd00000 ---p 00000000 00:00 0 
7f79fbd00000-7f79fbdfe000 rw-p 00000000 00:00 0 
7f79fbdfe000-7f79fbe01000 ---p 00000000 00:00 0 
7f79fbe01000-7f79fbeff000 rw-p 00000000 00:00 0 
7f79fbeff000-7f79fbf02000 ---p 00000000 00:00 0 
7f79fbf02000-7f79fc000000 rw-p 00000000 00:00 0 
7f79fc000000-7f79fc021000 rw-p 00000000 00:00 0 
7f79fc021000-7f7a00000000 ---p 00000000 00:00 0 
7f7a00000000-7f7a00021000 rw-p 00000000 00:00 0 
7f7a00021000-7f7a04000000 ---p 00000000 00:00 0 
7f7a04000000-7f7a04296000 rw-p 00000000 00:00 0 
7f7a04296000-7f7a08000000 ---p 00000000 00:00 0 
7f7a08000000-7f7a08021000 rw-p 00000000 00:00 0 
7f7a08021000-7f7a0c000000 ---p 00000000 00:00 0 
7f7a0c000000-7f7a0c021000 rw-p 00000000 00:00 0 
7f7a0c021000-7f7a10000000 ---p 00000000 00:00 0 
7f7a10000000-7f7a10002000 r--s 00003000 08:01 921062                     /home/madunlap/.m2/repository/org/slf4j/jcl-over-slf4j/1.7.2/jcl-over-slf4j-1.7.2.jar
7f7a10002000-7f7a10008000 r--s 00033000 08:01 921046                     /home/madunlap/.m2/repository/io/searchbox/jest-common/0.1.7/jest-common-0.1.7.jar
7f7a10008000-7f7a10009000 r--s 00004000 08:01 921045                     /home/madunlap/.m2/repository/io/searchbox/jest/0.1.7/jest-0.1.7.jar
7f7a10009000-7f7a1000c000 r--s 0000f000 08:01 921042                     /home/madunlap/.m2/repository/commons-discovery/commons-discovery/0.2/commons-discovery-0.2.jar
7f7a1000c000-7f7a1000f000 r--s 0001c000 08:01 921043                     /home/madunlap/.m2/repository/axis/axis-wsdl4j/1.5.1/axis-wsdl4j-1.5.1.jar
7f7a1000f000-7f7a10010000 r--s 00004000 08:01 921039                     /home/madunlap/.m2/repository/org/apache/axis/axis-saaj/1.4/axis-saaj-1.4.jar
7f7a10010000-7f7a10012000 r--s 00006000 08:01 921036                     /home/madunlap/.m2/repository/org/apache/axis/axis-jaxrpc/1.4/axis-jaxrpc-1.4.jar
7f7a10012000-7f7a10014000 r--s 00009000 08:01 921034                     /home/madunlap/.m2/repository/org/objenesis/objenesis/2.1/objenesis-2.1.jar
7f7a10014000-7f7a10030000 r--s 00103000 08:01 921030                     /home/madunlap/.m2/repository/org/mockito/mockito-core/1.10.19/mockito-core-1.10.19.jar
7f7a10030000-7f7a10032000 r--s 00001000 08:01 921031                     /home/madunlap/.m2/repository/org/slf4j/slf4j-log4j12/1.7.7/slf4j-log4j12-1.7.7.jar
7f7a10032000-7f7a10034000 r--s 00006000 08:01 791385                     /home/madunlap/.m2/repository/org/slf4j/slf4j-api/1.7.7/slf4j-api-1.7.7.jar
7f7a10034000-7f7a10038000 r--s 0001f000 08:01 921028                     /home/madunlap/.m2/repository/org/jacoco/org.jacoco.report/0.7.5.201505241946/org.jacoco.report-0.7.5.201505241946.jar
7f7a10038000-7f7a1003d000 r--s 00058000 08:01 921027                     /home/madunlap/.m2/repository/org/ow2/asm/asm-debug-all/5.0.1/asm-debug-all-5.0.1.jar
7f7a1003d000-7f7a10041000 r--s 0001d000 08:01 791383                     /home/madunlap/.m2/repository/org/jacoco/org.jacoco.core/0.7.5.201505241946/org.jacoco.core-0.7.5.201505241946.jar
7f7a10041000-7f7a10052000 r-xp 00000000 08:01 2233354                    /usr/lib/jvm/java-8-oracle/jre/lib/amd64/libnio.so
7f7a10052000-7f7a10251000 ---p 00011000 08:01 2233354                    /usr/lib/jvm/java-8-oracle/jre/lib/amd64/libnio.so
7f7a10251000-7f7a10252000 rw-p 00010000 08:01 2233354                    /usr/lib/jvm/java-8-oracle/jre/lib/amd64/libnio.so
7f7a10252000-7f7a13253000 rw-p 00000000 00:00 0 
7f7a13253000-7f7a1326a000 r-xp 00000000 08:01 2233351                    /usr/lib/jvm/java-8-oracle/jre/lib/amd64/libnet.so
7f7a1326a000-7f7a13469000 ---p 00017000 08:01 2233351                    /usr/lib/jvm/java-8-oracle/jre/lib/amd64/libnet.so
7f7a13469000-7f7a1346a000 rw-p 00016000 08:01 2233351                    /usr/lib/jvm/java-8-oracle/jre/lib/amd64/libnet.so
7f7a1346a000-7f7a1346d000 r--s 0001a000 08:01 2233367                    /usr/lib/jvm/java-8-oracle/jre/lib/jce.jar
7f7a1346d000-7f7a13472000 r--s 0009a000 08:01 2233194                    /usr/lib/jvm/java-8-oracle/jre/lib/jsse.jar
7f7a13472000-7f7a13478000 r--s 00041000 08:01 661360                     /home/madunlap/.m2/repository/org/jacoco/org.jacoco.agent/0.7.5.201505241946/org.jacoco.agent-0.7.5.201505241946-runtime.jar
7f7a13478000-7f7a1347a000 r--s 0000e000 08:01 921023                     /home/madunlap/.m2/repository/oro/oro/2.0.8/oro-2.0.8.jar
7f7a1347a000-7f7a13482000 r--s 00058000 08:01 921019                     /home/madunlap/.m2/repository/org/apache/velocity/velocity/1.5/velocity-1.5.jar
7f7a13482000-7f7a13483000 r--s 00001000 08:01 921022                     /home/madunlap/.m2/repository/org/codehaus/plexus/plexus-velocity/1.1.7/plexus-velocity-1.1.7.jar
7f7a13483000-7f7a13484000 r--s 00002000 08:01 921017                     /home/madunlap/.m2/repository/org/codehaus/plexus/plexus-i18n/1.0-beta-7/plexus-i18n-1.0-beta-7.jar
7f7a13484000-7f7a13486000 r--s 00008000 08:01 921015                     /home/madunlap/.m2/repository/org/apache/maven/doxia/doxia-module-fml/1.1.2/doxia-module-fml-1.1.2.jar
7f7a13486000-7f7a13487000 r--s 00003000 08:01 921016                     /home/madunlap/.m2/repository/org/apache/maven/doxia/doxia-module-xhtml/1.1.2/doxia-module-xhtml-1.1.2.jar
7f7a13487000-7f7a13489000 r--s 0000b000 08:01 921011                     /home/madunlap/.m2/repository/org/apache/maven/doxia/doxia-decoration-model/1.1.2/doxia-decoration-model-1.1.2.jar
7f7a13489000-7f7a1348b000 r--s 0000b000 08:01 921008                     /home/madunlap/.m2/repository/org/apache/maven/doxia/doxia-site-renderer/1.1.2/doxia-site-renderer-1.1.2.jar
7f7a1348b000-7f7a1348f000 r--s 00023000 08:01 921010                     /home/madunlap/.m2/repository/org/apache/maven/doxia/doxia-core/1.1.2/doxia-core-1.1.2.jar
7f7a1348f000-7f7a13491000 r--s 00003000 08:01 921007                     /home/madunlap/.m2/repository/org/apache/maven/reporting/maven-reporting-impl/2.1/maven-reporting-impl-2.1.jar
7f7a13491000-7f7a13492000 r--s 00002000 08:01 921004                     /home/madunlap/.m2/repository/org/apache/maven/doxia/doxia-logging-api/1.1/doxia-logging-api-1.1.jar
7f7a13492000-7f7a13494000 r--s 00002000 08:01 921001                     /home/madunlap/.m2/repository/org/apache/maven/doxia/doxia-sink-api/1.1/doxia-sink-api-1.1.jar
7f7a13494000-7f7a13495000 r--s 00002000 08:01 920999                     /home/madunlap/.m2/repository/org/apache/maven/reporting/maven-reporting-api/2.2.1/maven-reporting-api-2.2.1.jar
7f7a13495000-7f7a13497000 r--s 00008000 08:01 920995                     /home/madunlap/.m2/repository/org/apache/maven/shared/maven-shared-io/1.1/maven-shared-io-1.1.jar
7f7a13497000-7f7a13499000 r--s 00008000 08:01 920998                     /home/madunlap/.m2/repository/org/apache/maven/shared/file-management/1.2.1/file-management-1.2.1.jar
7f7a13499000-7f7a1349e000 r--s 00039000 08:01 920997                     /home/madunlap/.m2/repository/org/codehaus/plexus/plexus-utils/1.5.6/plexus-utils-1.5.6.jar
7f7a1349e000-7f7a134a0000 r--s 00008000 08:01 920991                     /home/madunlap/.m2/repository/classworlds/classworlds/1.1-alpha-2/classworlds-1.1-alpha-2.jar
7f7a134a0000-7f7a134a7000 r--s 00029000 08:01 920988                     /home/madunlap/.m2/repository/org/codehaus/plexus/plexus-container-default/1.0-alpha-9-stable-1/plexus-container-default-1.0-alpha-9-stable-1.jar
7f7a134a7000-7f7a134aa000 r--s 00011000 08:01 920989                     /home/madunlap/.m2/repository/org/apache/maven/maven-artifact/2.2.1/maven-artifact-2.2.1.jar
7f7a134aa000-7f7a134ac000 r--s 0000b000 08:01 920985                     /home/madunlap/.m2/repository/org/codehaus/plexus/plexus-interpolation/1.11/plexus-interpolation-1.11.jar
7f7a134ac000-7f7a134ae000 r--s 00006000 08:01 920982                     /home/madunlap/.m2/repository/org/apache/maven/maven-plugin-registry/2.2.1/maven-plugin-registry-2.2.1.jar
7f7a134ae000-7f7a134b6000 r--s 00049000 08:01 920984                     /home/madunlap/.m2/repository/backport-util-concurrent/backport-util-concurrent/3.1/backport-util-concurrent-3.1.jar
7f7a134b6000-7f7a134b8000 r--s 0000b000 08:01 920978                     /home/madunlap/.m2/repository/org/apache/maven/wagon/wagon-provider-api/1.0-beta-6/wagon-provider-api-1.0-beta-6.jar
7f7a134b8000-7f7a134ba000 r--s 00005000 08:01 920980                     /home/madunlap/.m2/repository/org/apache/maven/maven-repository-metadata/2.2.1/maven-repository-metadata-2.2.1.jar
7f7a134ba000-7f7a134bc000 r--s 0000f000 08:01 920975                     /home/madunlap/.m2/repository/org/apache/maven/maven-artifact-manager/2.2.1/maven-artifact-manager-2.2.1.jar
7f7a134bc000-7f7a134be000 r--s 00014000 08:01 920971                     /home/madunlap/.m2/repository/org/apache/maven/maven-model/2.2.1/maven-model-2.2.1.jar
7f7a134be000-7f7a134c0000 r--s 00007000 08:01 920969                     /home/madunlap/.m2/repository/org/apache/maven/maven-profile/2.2.1/maven-profile-2.2.1.jar
7f7a134c0000-7f7a134c1000 r--s 0000b000 08:01 920972                     /home/madunlap/.m2/repository/org/apache/maven/maven-settings/2.2.1/maven-settings-2.2.1.jar
7f7a134c1000-7f7a134c5000 r--s 00023000 08:01 920973                     /home/madunlap/.m2/repository/org/apache/maven/maven-project/2.2.1/maven-project-2.2.1.jar
7f7a134c5000-7f7a134c7000 r--s 00002000 08:01 661356                     /home/madunlap/.m2/repository/org/apache/maven/maven-plugin-api/2.2.1/maven-plugin-api-2.2.1.jar
7f7a134c7000-7f7a134c9000 r--s 0000b000 08:01 660606                     /home/madunlap/.m2/repository/org/jacoco/jacoco-maven-plugin/0.7.5.201505241946/jacoco-maven-plugin-0.7.5.201505241946.jar
7f7a134c9000-7f7a134cb000 r--s 00013000 08:01 791380                     /home/madunlap/.m2/repository/com/jayway/restassured/xml-path/2.4.0/xml-path-2.4.0.jar
7f7a134cb000-7f7a134cd000 r--s 00007000 08:01 791379                     /home/madunlap/.m2/repository/com/jayway/restassured/rest-assured-common/2.4.0/rest-assured-common-2.4.0.jar
7f7a134cd000-7f7a134cf000 r--s 0001e000 08:01 661355                     /home/madunlap/.m2/repository/org/codehaus/groovy/groovy-json/2.3.7/groovy-json-2.3.7.jar
7f7a134cf000-7f7a134d1000 r--s 0000d000 08:01 791376                     /home/madunlap/.m2/repository/com/jayway/restassured/json-path/2.4.0/json-path-2.4.0.jar
7f7a134d1000-7f7a134d3000 r--s 00015000 08:01 791373                     /home/madunlap/.m2/repository/org/ccil/cowan/tagsoup/tagsoup/1.2.1/tagsoup-1.2.1.jar
7f7a134d3000-7f7a134d4000 r--s 0000c000 08:01 791372                     /home/madunlap/.m2/repository/org/hamcrest/hamcrest-library/1.3/hamcrest-library-1.3.jar
7f7a134d4000-7f7a134d6000 r--s 00009000 08:01 791370                     /home/madunlap/.m2/repository/org/hamcrest/hamcrest-core/1.3/hamcrest-core-1.3.jar
7f7a134d6000-7f7a134db000 r--s 00034000 08:01 661352                     /home/madunlap/.m2/repository/org/codehaus/groovy/groovy-xml/2.3.7/groovy-xml-2.3.7.jar
7f7a134db000-7f7a13524000 r--s 003fb000 08:01 661354                     /home/madunlap/.m2/repository/org/codehaus/groovy/groovy/2.3.7/groovy-2.3.7.jar
7f7a13524000-7f7a1352e000 r--s 0008c000 08:01 791368                     /home/madunlap/.m2/repository/com/jayway/restassured/rest-assured/2.4.0/rest-assured-2.4.0.jar
7f7a1352e000-7f7a13534000 r--s 00044000 08:01 791367                     /home/madunlap/.m2/repository/org/jsoup/jsoup/1.8.1/jsoup-1.8.1.jar
7f7a13534000-7f7a13536000 r--s 00004000 08:01 791401                     /home/madunlap/.m2/repository/edu/ucsb/nceas/ezid/1.0.0/ezid-1.0.0.jar
7f7a13536000-7f7a13539000 r--s 0000b000 08:01 791362                     /home/madunlap/.m2/repository/org/ocpsoft/rewrite/rewrite-integration-faces/2.0.12.Final/rewrite-integration-faces-2.0.12.Final.jar
7f7a13539000-7f7a1353b000 r--s 00001000 08:01 791360                     /home/madunlap/.m2/repository/org/ocpsoft/rewrite/rewrite-annotations-api/2.0.12.Final/rewrite-annotations-api-2.0.12.Final.jar
7f7a1353b000-7f7a1353c000 r--s 00005000 08:01 791359                     /home/madunlap/.m2/repository/org/ocpsoft/rewrite/rewrite-addressbuilder/2.0.12.Final/rewrite-addressbuilder-2.0.12.Final.jar
7f7a1353c000-7f7a1353e000 r--s 00008000 08:01 791357                     /home/madunlap/.m2/repository/org/ocpsoft/rewrite/rewrite-api-servlet/2.0.12.Final/rewrite-api-servlet-2.0.12.Final.jar
7f7a1353e000-7f7a13540000 r--s 00001000 08:01 791354                     /home/madunlap/.m2/repository/org/ocpsoft/logging/logging-api/1.0.2.Final/logging-api-1.0.2.Final.jar
7f7a13540000-7f7a13541000 r--s 00003000 08:01 791353                     /home/madunlap/.m2/repository/org/ocpsoft/common/common-api/1.0.5.Final/common-api-1.0.5.Final.jar
7f7a13541000-7f7a13545000 r--s 00018000 08:01 791351                     /home/madunlap/.m2/repository/org/ocpsoft/rewrite/rewrite-api/2.0.12.Final/rewrite-api-2.0.12.Final.jar
7f7a13545000-7f7a13547000 r--s 00005000 08:01 791349                     /home/madunlap/.m2/repository/org/ocpsoft/rewrite/rewrite-annotations-impl/2.0.12.Final/rewrite-annotations-impl-2.0.12.Final.jar
7f7a13547000-7f7a13555000 r--s 00092000 08:01 791352                     /home/madunlap/.m2/repository/org/ocpsoft/rewrite/rewrite-config-prettyfaces/2.0.12.Final/rewrite-config-prettyfaces-2.0.12.Final.jar
7f7a13555000-7f7a13563000 r--s 0005f000 08:01 791345                     /home/madunlap/.m2/repository/org/ocpsoft/rewrite/rewrite-servlet/2.0.12.Final/rewrite-servlet-2.0.12.Final.jar
7f7a13563000-7f7a13567000 r--s 0003c000 08:01 791218                     /home/madunlap/.m2/repository/javax/media/jai_codec/1.1.3/jai_codec-1.1.3.jar
7f7a13567000-7f7a1357b000 r--s 001bd000 08:01 791220                     /home/madunlap/.m2/repository/javax/media/jai_core/1.1.3/jai_core-1.1.3.jar
7f7a1357b000-7f7a1358c000 r--s 00106000 08:01 791219                     /home/madunlap/.m2/repository/javax/media/jai_imageio/1.1.1/jai_imageio-1.1.1.jar
7f7a1358c000-7f7a1358e000 r--s 00009000 08:01 791399                     /home/madunlap/.m2/repository/edu/harvard/hul/ois/jhove/jhove-handler/1.11.0/jhove-handler-1.11.0.jar
7f7a1358e000-7f7a13597000 r--s 00079000 08:01 791398                     /home/madunlap/.m2/repository/edu/harvard/hul/ois/jhove/jhove-module/1.11.0/jhove-module-1.11.0.jar
7f7a13597000-7f7a1359a000 r--s 00011000 08:01 791396                     /home/madunlap/.m2/repository/edu/harvard/hul/ois/jhove/jhove/1.11.0/jhove-1.11.0.jar
7f7a1359a000-7f7a135aa000 r--s 0011f000 08:01 791342                     /home/madunlap/.m2/repository/org/apache/poi/poi-scratchpad/3.10-FINAL/poi-scratchpad-3.10-FINAL.jar
7f7a135aa000-7f7a135b0000 r--s 00047000 08:01 791341                     /home/madunlap/.m2/repository/org/apache/poi/poi-examples/3.10-FINAL/poi-examples-3.10-FINAL.jar
7f7a135b0000-7f7a135b5000 r--s 00048000 08:01 791338                     /home/madunlap/.m2/repository/dom4j/dom4j/1.6.1/dom4j-1.6.1.jar
7f7a135b5000-7f7a135f2000 r--s 0024f000 08:01 791336                     /home/madunlap/.m2/repository/org/apache/xmlbeans/xmlbeans/2.3.0/xmlbeans-2.3.0.jar
7f7a135f2000-7f7a1368a000 r--s 00420000 08:01 791334                     /home/madunlap/.m2/repository/org/apache/poi/poi-ooxml-schemas/3.10-FINAL/poi-ooxml-schemas-3.10-FINAL.jar
7f7a1368a000-7f7a13698000 r--s 000ee000 08:01 791333                     /home/madunlap/.m2/repository/org/apache/poi/poi-ooxml/3.10-FINAL/poi-ooxml-3.10-FINAL.jar
7f7a13698000-7f7a136ba000 r--s 001bb000 08:01 791332                     /home/madunlap/.m2/repository/org/apache/poi/poi/3.10-FINAL/poi-3.10-FINAL.jar
7f7a136ba000-7f7a136bc000 r--s 00006000 08:01 791331                     /home/madunlap/.m2/repository/org/nuiton/thirdparty/Rserve/0.6-1/Rserve-0.6-1.jar
7f7a136bc000-7f7a136be000 r--s 00006000 08:01 791328                     /home/madunlap/.m2/repository/org/nuiton/thirdparty/REngine/0.6-1/REngine-0.6-1.jar
7f7a136be000-7f7a136bf000 r--s 0000c000 08:01 791397                     /home/madunlap/.m2/repository/org/dataverse/unf/6.0/unf-6.0.jar
7f7a136bf000-7f7a136c8000 r--s 000a6000 08:01 791393                     /home/madunlap/.m2/repository/net/handle/handle/2006-06-16-generated/handle-2006-06-16-generated.jar
7f7a136c8000-7f7a136cb000 r--s 00035000 08:01 791395                     /home/madunlap/.m2/repository/nom/tam/fits/fits/2012-10-25-generated/fits-2012-10-25-generated.jar
7f7a136cb000-7f7a136d2000 r--s 00028000 08:01 791326                     /home/madunlap/.m2/repository/concurrent/concurrent/1.3.4/concurrent-1.3.4.jar
7f7a136d2000-7f7a136e0000 r--s 00081000 08:01 791324                     /home/madunlap/.m2/repository/colt/colt/1.2.0/colt-1.2.0.jar
7f7a136e0000-7f7a136ed000 r--s 00083000 08:01 791320                     /home/madunlap/.m2/repository/commons-collections/commons-collections/3.2.2/commons-collections-3.2.2.jar
7f7a136ed000-7f7a136f1000 r--s 00020000 08:01 791319                     /home/madunlap/.m2/repository/commons-digester/commons-digester/1.8.1/commons-digester-1.8.1.jar
7f7a136f1000-7f7a136f6000 r--s 00035000 08:01 791317                     /home/madunlap/.m2/repository/commons-beanutils/commons-beanutils/1.9.2/commons-beanutils-1.9.2.jar
7f7a136f6000-7f7a136fa000 r--s 0002a000 08:01 791315                     /home/madunlap/.m2/repository/commons-validator/commons-validator/1.6/commons-validator-1.6.jar
7f7a136fa000-7f7a1370d000 r--s 000df000 08:01 791313                     /home/madunlap/.m2/repository/org/apache/commons/commons-math/2.2/commons-math-2.2.jar
7f7a1370d000-7f7a1370f000 r--s 0000e000 08:01 791309                     /home/madunlap/.m2/repository/commons-logging/commons-logging/1.1.3/commons-logging-1.1.3.jar
7f7a1370f000-7f7a13711000 r--s 00005000 08:01 791311                     /home/madunlap/.m2/repository/org/apache/httpcomponents/httpmime/4.2.6/httpmime-4.2.6.jar
7f7a13711000-7f7a1371d000 r--s 000b3000 08:01 791304                     /home/madunlap/.m2/repository/org/apache/zookeeper/zookeeper/3.4.5/zookeeper-3.4.5.jar
7f7a1371d000-7f7a13725000 r--s 0005b000 08:01 791305                     /home/madunlap/.m2/repository/org/apache/solr/solr-solrj/4.6.0/solr-solrj-4.6.0.jar
7f7a13725000-7f7a1372a000 r--s 00041000 08:01 791300                     /home/madunlap/.m2/repository/commons-lang/commons-lang/2.6/commons-lang-2.6.jar
7f7a1372a000-7f7a1372c000 r--s 0000d000 08:01 791302                     /home/madunlap/.m2/repository/com/fasterxml/classmate/1.0.0/classmate-1.0.0.jar
7f7a1372c000-7f7a1372e000 r--s 0000d000 08:01 791296                     /home/madunlap/.m2/repository/org/jboss/logging/jboss-logging/3.1.1.GA/jboss-logging-3.1.1.GA.jar
7f7a1372e000-7f7a13732000 r--s 0000c000 08:01 791294                     /home/madunlap/.m2/repository/javax/validation/validation-api/1.1.0.Final/validation-api-1.1.0.Final.jar
7f7a13732000-7f7a1373f000 r--s 00080000 08:01 791293                     /home/madunlap/.m2/repository/org/hibernate/hibernate-validator/5.0.3.Final/hibernate-validator-5.0.3.Final.jar
7f7a1373f000-7f7a13749000 r--s 0006b000 08:01 791289                     /home/madunlap/.m2/repository/org/omnifaces/omnifaces/1.7/omnifaces-1.7.jar
7f7a13749000-7f7a13758000 r--s 000c4000 08:01 791290                     /home/madunlap/.m2/repository/org/atmosphere/atmosphere-runtime/2.4.2/atmosphere-runtime-2.4.2.jar
7f7a13758000-7f7a1376c000 r--s 0013a000 08:01 791121                     /home/madunlap/.m2/repository/org/primefaces/themes/all-themes/1.0.10/all-themes-1.0.10.jar
7f7a1376c000-7f7a13798000 r--s 00318000 08:01 791288                     /home/madunlap/.m2/repository/org/primefaces/primefaces/5.3/primefaces-5.3.jar
7f7a13798000-7f7a137ba000 r--s 00120000 08:01 791284                     /home/madunlap/.m2/repository/javax/javaee-web-api/7.0/javaee-web-api-7.0.jar
7f7a137ba000-7f7a137bc000 r--s 0000e000 08:01 791282                     /home/madunlap/.m2/repository/javax/activation/activation/1.1/activation-1.1.jar
7f7a137bc000-7f7a137c4000 r--s 00078000 08:01 791280                     /home/madunlap/.m2/repository/com/sun/mail/javax.mail/1.5.0/javax.mail-1.5.0.jar
7f7a137c4000-7f7a137f8000 r--s 001a4000 08:01 791278                     /home/madunlap/.m2/repository/javax/javaee-api/7.0/javaee-api-7.0.jar
7f7a137f8000-7f7a13823000 r--s 001f5000 08:01 791277                     /home/madunlap/.m2/repository/com/google/guava/guava/16.0.1/guava-16.0.1.jar
7f7a13823000-7f7a13841000 r--s 0027d000 08:01 791273                     /home/madunlap/.m2/repository/xalan/xalan/2.7.0/xalan-2.7.0.jar
7f7a13841000-7f7a13855000 r--s 000e3000 08:01 791272                     /home/madunlap/.m2/repository/xerces/xercesImpl/2.6.2/xercesImpl-2.6.2.jar
7f7a13855000-7f7a1385b000 r--s 00019000 08:01 791270                     /home/madunlap/.m2/repository/xerces/xmlParserAPIs/2.6.2/xmlParserAPIs-2.6.2.jar
7f7a1385b000-7f7a13862000 r--s 00063000 08:01 791268                     /home/madunlap/.m2/repository/xom/xom/1.1/xom-1.1.jar
7f7a13862000-7f7a13867000 r--s 0002a000 08:01 791265                     /home/madunlap/.m2/repository/com/google/code/gson/gson/2.2.4/gson-2.2.4.jar
7f7a13867000-7f7a1386b000 r--s 00027000 08:01 791263                     /home/madunlap/.m2/repository/commons-io/commons-io/2.2/commons-io-2.2.jar
7f7a1386b000-7f7a1386d000 r--s 0000f000 08:01 791260                     /home/madunlap/.m2/repository/commons-fileupload/commons-fileupload/1.3.1/commons-fileupload-1.3.1.jar
7f7a1386d000-7f7a13873000 r--s 00032000 08:01 791261                     /home/madunlap/.m2/repository/jaxen/jaxen/1.1.1/jaxen-1.1.1.jar
7f7a13873000-7f7a1387a000 r--s 00079000 08:01 661348                     /home/madunlap/.m2/repository/org/codehaus/woodstox/wstx-asl/3.2.6/wstx-asl-3.2.6.jar
7f7a1387a000-7f7a1387f000 r--s 00070000 08:01 661349                     /home/madunlap/.m2/repository/org/codehaus/woodstox/woodstox-core-asl/4.1.4/woodstox-core-asl-4.1.4.jar
7f7a1387f000-7f7a13883000 r--s 00026000 08:01 791256                     /home/madunlap/.m2/repository/org/apache/ws/commons/axiom/axiom-impl/1.2.14/axiom-impl-1.2.14.jar
7f7a13883000-7f7a13888000 r--s 00032000 08:01 791252                     /home/madunlap/.m2/repository/org/apache/geronimo/specs/geronimo-javamail_1.4_spec/1.7.1/geronimo-javamail_1.4_spec-1.7.1.jar
7f7a13888000-7f7a13892000 r--s 0005d000 08:01 791250                     /home/madunlap/.m2/repository/org/apache/ws/commons/axiom/axiom-api/1.2.14/axiom-api-1.2.14.jar
7f7a13892000-7f7a13919000 rw-p 00000000 00:00 0 
7f7a13919000-7f7a13d25000 r--s 03c80000 08:01 791225                     /home/madunlap/.m2/repository/com/amazonaws/aws-java-sdk-bundle/1.11.172/aws-java-sdk-bundle-1.11.172.jar
7f7a13d25000-7f7a14000000 r--p 00000000 08:01 1441812                    /usr/lib/locale/locale-archive
7f7a14000000-7f7a14021000 rw-p 00000000 00:00 0 
7f7a14021000-7f7a18000000 ---p 00000000 00:00 0 
7f7a18000000-7f7a18001000 r--s 00018000 08:01 791394                     /home/madunlap/.m2/repository/edu/harvard/iq/dvn/unf5/5.0/unf5-5.0.jar
7f7a18001000-7f7a18004000 r--s 00015000 08:01 791254                     /home/madunlap/.m2/repository/org/apache/james/apache-mime4j-core/0.7.2/apache-mime4j-core-0.7.2.jar
7f7a18004000-7f7a18007000 r--s 0014e000 08:01 791249                     /home/madunlap/.m2/repository/org/apache/abdera/abdera-parser/1.1.3/abdera-parser-1.1.3.jar
7f7a18007000-7f7a18009000 r--s 00006000 08:01 791245                     /home/madunlap/.m2/repository/org/apache/geronimo/specs/geronimo-stax-api_1.0_spec/1.0.1/geronimo-stax-api_1.0_spec-1.0.1.jar
7f7a18009000-7f7a1800d000 r--s 00094000 08:01 791246                     /home/madunlap/.m2/repository/org/apache/abdera/abdera-i18n/1.1.3/abdera-i18n-1.1.3.jar
7f7a1800d000-7f7a18030000 r--s 001ae000 08:01 791235                     /home/madunlap/.m2/repository/com/hp/hpl/jena/jena/2.6.4/jena-2.6.4.jar
7f7a18030000-7f7a18070000 r--s 00285000 08:01 925253                     /home/madunlap/.m2/repository/org/bouncycastle/bcprov-jdk15on/1.52/bcprov-jdk15on-1.52.jar
7f7a18070000-7f7a18073000 ---p 00000000 00:00 0 
7f7a18073000-7f7a18171000 rw-p 00000000 00:00 0 
7f7a18171000-7f7a18174000 ---p 00000000 00:00 0 
7f7a18174000-7f7a18272000 rw-p 00000000 00:00 0 
7f7a18272000-7f7a18275000 ---p 00000000 00:00 0 
7f7a18275000-7f7a18373000 rw-p 00000000 00:00 0 
7f7a18373000-7f7a18374000 ---p 00000000 00:00 0 
7f7a18374000-7f7a18dcc000 rw-p 00000000 00:00 0 
7f7a18dcc000-7f7a18fa5000 r--s 03d5a000 08:01 2233137                    /usr/lib/jvm/java-8-oracle/jre/lib/rt.jar
7f7a18fa5000-7f7a1b873000 rw-p 00000000 00:00 0 
7f7a1b873000-7f7a1b874000 ---p 00000000 00:00 0 
7f7a1b874000-7f7a1b974000 rw-p 00000000 00:00 0 
7f7a1b974000-7f7a1b975000 ---p 00000000 00:00 0 
7f7a1b975000-7f7a1ba8a000 rw-p 00000000 00:00 0 
7f7a1ba8a000-7f7a1bbbf000 ---p 00000000 00:00 0 
7f7a1bbbf000-7f7a1bbd4000 rw-p 00000000 00:00 0 
7f7a1bbd4000-7f7a1bd08000 ---p 00000000 00:00 0 
7f7a1bd08000-7f7a1bd3e000 rw-p 00000000 00:00 0 
7f7a1bd3e000-7f7a1bdad000 ---p 00000000 00:00 0 
7f7a1bdad000-7f7a1bdc9000 rw-p 00000000 00:00 0 
7f7a1bdc9000-7f7a1c16e000 ---p 00000000 00:00 0 
7f7a1c16e000-7f7a1c81e000 rwxp 00000000 00:00 0 
7f7a1c81e000-7f7a2b16e000 ---p 00000000 00:00 0 
7f7a2b16e000-7f7a2b189000 r-xp 00000000 08:01 2233347                    /usr/lib/jvm/java-8-oracle/jre/lib/amd64/libzip.so
7f7a2b189000-7f7a2b389000 ---p 0001b000 08:01 2233347                    /usr/lib/jvm/java-8-oracle/jre/lib/amd64/libzip.so
7f7a2b389000-7f7a2b38a000 rw-p 0001b000 08:01 2233347                    /usr/lib/jvm/java-8-oracle/jre/lib/amd64/libzip.so
7f7a2b38a000-7f7a2b395000 r-xp 00000000 08:01 663303                     /lib/x86_64-linux-gnu/libnss_files-2.24.so
7f7a2b395000-7f7a2b594000 ---p 0000b000 08:01 663303                     /lib/x86_64-linux-gnu/libnss_files-2.24.so
7f7a2b594000-7f7a2b595000 r--p 0000a000 08:01 663303                     /lib/x86_64-linux-gnu/libnss_files-2.24.so
7f7a2b595000-7f7a2b596000 rw-p 0000b000 08:01 663303                     /lib/x86_64-linux-gnu/libnss_files-2.24.so
7f7a2b596000-7f7a2b59c000 rw-p 00000000 00:00 0 
7f7a2b59c000-7f7a2b5a7000 r-xp 00000000 08:01 663305                     /lib/x86_64-linux-gnu/libnss_nis-2.24.so
7f7a2b5a7000-7f7a2b7a6000 ---p 0000b000 08:01 663305                     /lib/x86_64-linux-gnu/libnss_nis-2.24.so
7f7a2b7a6000-7f7a2b7a7000 r--p 0000a000 08:01 663305                     /lib/x86_64-linux-gnu/libnss_nis-2.24.so
7f7a2b7a7000-7f7a2b7a8000 rw-p 0000b000 08:01 663305                     /lib/x86_64-linux-gnu/libnss_nis-2.24.so
7f7a2b7a8000-7f7a2b7be000 r-xp 00000000 08:01 663300                     /lib/x86_64-linux-gnu/libnsl-2.24.so
7f7a2b7be000-7f7a2b9bd000 ---p 00016000 08:01 663300                     /lib/x86_64-linux-gnu/libnsl-2.24.so
7f7a2b9bd000-7f7a2b9be000 r--p 00015000 08:01 663300                     /lib/x86_64-linux-gnu/libnsl-2.24.so
7f7a2b9be000-7f7a2b9bf000 rw-p 00016000 08:01 663300                     /lib/x86_64-linux-gnu/libnsl-2.24.so
7f7a2b9bf000-7f7a2b9c1000 rw-p 00000000 00:00 0 
7f7a2b9c1000-7f7a2b9c9000 r-xp 00000000 08:01 663301                     /lib/x86_64-linux-gnu/libnss_compat-2.24.so
7f7a2b9c9000-7f7a2bbc8000 ---p 00008000 08:01 663301                     /lib/x86_64-linux-gnu/libnss_compat-2.24.so
7f7a2bbc8000-7f7a2bbc9000 r--p 00007000 08:01 663301                     /lib/x86_64-linux-gnu/libnss_compat-2.24.so
7f7a2bbc9000-7f7a2bbca000 rw-p 00008000 08:01 663301                     /lib/x86_64-linux-gnu/libnss_compat-2.24.so
7f7a2bbca000-7f7a2bbd4000 r-xp 00000000 08:01 2233356                    /usr/lib/jvm/java-8-oracle/jre/lib/amd64/libinstrument.so
7f7a2bbd4000-7f7a2bdd3000 ---p 0000a000 08:01 2233356                    /usr/lib/jvm/java-8-oracle/jre/lib/amd64/libinstrument.so
7f7a2bdd3000-7f7a2bdd4000 rw-p 00009000 08:01 2233356                    /usr/lib/jvm/java-8-oracle/jre/lib/amd64/libinstrument.so
7f7a2bdd4000-7f7a2bdff000 r-xp 00000000 08:01 2233341                    /usr/lib/jvm/java-8-oracle/jre/lib/amd64/libjava.so
7f7a2bdff000-7f7a2bffe000 ---p 0002b000 08:01 2233341                    /usr/lib/jvm/java-8-oracle/jre/lib/amd64/libjava.so
7f7a2bffe000-7f7a2c000000 rw-p 0002a000 08:01 2233341                    /usr/lib/jvm/java-8-oracle/jre/lib/amd64/libjava.so
7f7a2c000000-7f7a2cf94000 rw-p 00000000 00:00 0 
7f7a2cf94000-7f7a30000000 ---p 00000000 00:00 0 
7f7a30000000-7f7a30002000 r--s 0000a000 08:01 791243                     /home/madunlap/.m2/repository/org/apache/geronimo/specs/geronimo-activation_1.1_spec/1.1/geronimo-activation_1.1_spec-1.1.jar
7f7a30002000-7f7a30006000 r--s 00024000 08:01 791241                     /home/madunlap/.m2/repository/org/apache/abdera/abdera-core/1.1.3/abdera-core-1.1.3.jar
7f7a30006000-7f7a3001f000 r--s 002fd000 08:01 791240                     /home/madunlap/.m2/repository/com/ibm/icu/icu4j/3.4.4/icu4j-3.4.4.jar
7f7a3001f000-7f7a30022000 r--s 00023000 08:01 791237                     /home/madunlap/.m2/repository/com/hp/hpl/jena/iri/0.8/iri-0.8.jar
7f7a30022000-7f7a30024000 r--s 0000d000 08:01 791233                     /home/madunlap/.m2/repository/org/apache/abdera/abdera-client/1.1.1/abdera-client-1.1.1.jar
7f7a30024000-7f7a30026000 r--s 00016000 08:01 791230                     /home/madunlap/.m2/repository/javax/servlet/servlet-api/2.4/servlet-api-2.4.jar
7f7a30026000-7f7a30029000 r--s 0000f000 08:01 791226                     /home/madunlap/.m2/repository/org/swordapp/sword2-server/1.0/sword2-server-1.0-classes.jar
7f7a30029000-7f7a3002e000 r--s 00040000 08:01 791224                     /home/madunlap/.m2/repository/commons-httpclient/commons-httpclient/3.0.1/commons-httpclient-3.0.1.jar
7f7a3002e000-7f7a30031000 r--s 00012000 08:01 791228                     /home/madunlap/.m2/repository/org/glassfish/javax.json/1.0.4/javax.json-1.0.4.jar
7f7a30031000-7f7a30037000 r--s 00034000 08:01 791227                     /home/madunlap/.m2/repository/junit/junit/4.8.1/junit-4.8.1.jar
7f7a30037000-7f7a3003b000 r--s 00021000 08:01 925254                     /home/madunlap/.m2/repository/org/cryptacular/cryptacular/1.1.0/cryptacular-1.1.0.jar
7f7a3003b000-7f7a3003e000 r--s 00011000 08:01 925252                     /home/madunlap/.m2/repository/org/passay/passay/1.1.0/passay-1.1.0.jar
7f7a3003e000-7f7a3004b000 r-xp 00000000 08:01 2233346                    /usr/lib/jvm/java-8-oracle/jre/lib/amd64/libverify.so
7f7a3004b000-7f7a3024b000 ---p 0000d000 08:01 2233346                    /usr/lib/jvm/java-8-oracle/jre/lib/amd64/libverify.so
7f7a3024b000-7f7a3024d000 rw-p 0000d000 08:01 2233346                    /usr/lib/jvm/java-8-oracle/jre/lib/amd64/libverify.so
7f7a3024d000-7f7a30254000 r-xp 00000000 08:01 663310                     /lib/x86_64-linux-gnu/librt-2.24.so
7f7a30254000-7f7a30453000 ---p 00007000 08:01 663310                     /lib/x86_64-linux-gnu/librt-2.24.so
7f7a30453000-7f7a30454000 r--p 00006000 08:01 663310                     /lib/x86_64-linux-gnu/librt-2.24.so
7f7a30454000-7f7a30455000 rw-p 00007000 08:01 663310                     /lib/x86_64-linux-gnu/librt-2.24.so
7f7a30455000-7f7a3055d000 r-xp 00000000 08:01 663297                     /lib/x86_64-linux-gnu/libm-2.24.so
7f7a3055d000-7f7a3075c000 ---p 00108000 08:01 663297                     /lib/x86_64-linux-gnu/libm-2.24.so
7f7a3075c000-7f7a3075d000 r--p 00107000 08:01 663297                     /lib/x86_64-linux-gnu/libm-2.24.so
7f7a3075d000-7f7a3075e000 rw-p 00108000 08:01 663297                     /lib/x86_64-linux-gnu/libm-2.24.so
7f7a3075e000-7f7a31431000 r-xp 00000000 08:01 2233324                    /usr/lib/jvm/java-8-oracle/jre/lib/amd64/server/libjvm.so
7f7a31431000-7f7a31630000 ---p 00cd3000 08:01 2233324                    /usr/lib/jvm/java-8-oracle/jre/lib/amd64/server/libjvm.so
7f7a31630000-7f7a3170a000 rw-p 00cd2000 08:01 2233324                    /usr/lib/jvm/java-8-oracle/jre/lib/amd64/server/libjvm.so
7f7a3170a000-7f7a31755000 rw-p 00000000 00:00 0 
7f7a31755000-7f7a31913000 r-xp 00000000 08:01 663293                     /lib/x86_64-linux-gnu/libc-2.24.so
7f7a31913000-7f7a31b12000 ---p 001be000 08:01 663293                     /lib/x86_64-linux-gnu/libc-2.24.so
7f7a31b12000-7f7a31b16000 r--p 001bd000 08:01 663293                     /lib/x86_64-linux-gnu/libc-2.24.so
7f7a31b16000-7f7a31b18000 rw-p 001c1000 08:01 663293                     /lib/x86_64-linux-gnu/libc-2.24.so
7f7a31b18000-7f7a31b1c000 rw-p 00000000 00:00 0 
7f7a31b1c000-7f7a31b1f000 r-xp 00000000 08:01 663296                     /lib/x86_64-linux-gnu/libdl-2.24.so
7f7a31b1f000-7f7a31d1e000 ---p 00003000 08:01 663296                     /lib/x86_64-linux-gnu/libdl-2.24.so
7f7a31d1e000-7f7a31d1f000 r--p 00002000 08:01 663296                     /lib/x86_64-linux-gnu/libdl-2.24.so
7f7a31d1f000-7f7a31d20000 rw-p 00003000 08:01 663296                     /lib/x86_64-linux-gnu/libdl-2.24.so
7f7a31d20000-7f7a31d36000 r-xp 00000000 08:01 2233319                    /usr/lib/jvm/java-8-oracle/jre/lib/amd64/jli/libjli.so
7f7a31d36000-7f7a31f35000 ---p 00016000 08:01 2233319                    /usr/lib/jvm/java-8-oracle/jre/lib/amd64/jli/libjli.so
7f7a31f35000-7f7a31f36000 rw-p 00015000 08:01 2233319                    /usr/lib/jvm/java-8-oracle/jre/lib/amd64/jli/libjli.so
7f7a31f36000-7f7a31f4e000 r-xp 00000000 08:01 663308                     /lib/x86_64-linux-gnu/libpthread-2.24.so
7f7a31f4e000-7f7a3214e000 ---p 00018000 08:01 663308                     /lib/x86_64-linux-gnu/libpthread-2.24.so
7f7a3214e000-7f7a3214f000 r--p 00018000 08:01 663308                     /lib/x86_64-linux-gnu/libpthread-2.24.so
7f7a3214f000-7f7a32150000 rw-p 00019000 08:01 663308                     /lib/x86_64-linux-gnu/libpthread-2.24.so
7f7a32150000-7f7a32154000 rw-p 00000000 00:00 0 
7f7a32154000-7f7a3217a000 r-xp 00000000 08:01 663288                     /lib/x86_64-linux-gnu/ld-2.24.so
7f7a3217a000-7f7a3217b000 r--s 00005000 08:01 791308                     /home/madunlap/.m2/repository/org/noggit/noggit/0.5/noggit-0.5.jar
7f7a3217b000-7f7a3224c000 rw-p 00000000 00:00 0 
7f7a3224c000-7f7a3224f000 ---p 00000000 00:00 0 
7f7a3224f000-7f7a3234f000 rw-p 00000000 00:00 0 
7f7a3234f000-7f7a32350000 r--s 00004000 08:01 791275                     /home/madunlap/.m2/repository/org/mindrot/jbcrypt/0.3m/jbcrypt-0.3m.jar
7f7a32350000-7f7a32355000 r--s 00023000 08:01 791711                     /home/madunlap/.m2/repository/org/apache/maven/surefire/surefire-api/2.10/surefire-api-2.10.jar
7f7a32355000-7f7a32357000 r--s 00007000 08:01 791708                     /home/madunlap/.m2/repository/org/apache/maven/surefire/surefire-booter/2.10/surefire-booter-2.10.jar
7f7a32357000-7f7a32358000 r--s 00005000 08:01 1068549                    /home/madunlap/Documents/github/dataverse/target/surefire/surefirebooter4938302335241060218.jar
7f7a32358000-7f7a3236c000 rw-p 00000000 00:00 0 
7f7a3236c000-7f7a32374000 rw-s 00000000 08:01 1972671                    /tmp/hsperfdata_madunlap/15891
7f7a32374000-7f7a32375000 rw-p 00000000 00:00 0 
7f7a32375000-7f7a32376000 ---p 00000000 00:00 0 
7f7a32376000-7f7a32379000 rw-p 00000000 00:00 0 
7f7a32379000-7f7a3237a000 r--p 00025000 08:01 663288                     /lib/x86_64-linux-gnu/ld-2.24.so
7f7a3237a000-7f7a3237b000 rw-p 00026000 08:01 663288                     /lib/x86_64-linux-gnu/ld-2.24.so
7f7a3237b000-7f7a3237c000 rw-p 00000000 00:00 0 
7ffc23962000-7ffc23983000 rw-p 00000000 00:00 0                          [stack]
7ffc239e9000-7ffc239eb000 r--p 00000000 00:00 0                          [vvar]
7ffc239eb000-7ffc239ed000 r-xp 00000000 00:00 0                          [vdso]
ffffffffff600000-ffffffffff601000 r-xp 00000000 00:00 0                  [vsyscall]

VM Arguments:
jvm_args: -javaagent:/home/madunlap/.m2/repository/org/jacoco/org.jacoco.agent/0.7.5.201505241946/org.jacoco.agent-0.7.5.201505241946-runtime.jar=destfile=/home/madunlap/Documents/github/dataverse/target/jacoco.exec 
java_command: /home/madunlap/Documents/github/dataverse/target/surefire/surefirebooter4938302335241060218.jar /home/madunlap/Documents/github/dataverse/target/surefire/surefire6224537011377742629tmp /home/madunlap/Documents/github/dataverse/target/surefire/surefire4149369209805916361tmp
java_class_path (initial): /home/madunlap/Documents/github/dataverse/target/surefire/surefirebooter4938302335241060218.jar:/home/madunlap/.m2/repository/org/jacoco/org.jacoco.agent/0.7.5.201505241946/org.jacoco.agent-0.7.5.201505241946-runtime.jar
Launcher Type: SUN_STANDARD

Environment Variables:
JAVA_HOME=/usr/lib/jvm/java-8-oracle
PATH=/home/madunlap/bin:/usr/local/sbin:/usr/local/bin:/usr/sbin:/usr/bin:/sbin:/bin:/usr/games:/usr/local/games:/snap/bin:/usr/lib/jvm/java-8-oracle/bin:/usr/lib/jvm/java-8-oracle/db/bin:/usr/lib/jvm/java-8-oracle/jre/bin
LD_LIBRARY_PATH=/usr/lib/jvm/java-8-oracle/jre/lib/amd64:/usr/lib/jvm/java-8-oracle/jre/lib/i386:
SHELL=/bin/bash
DISPLAY=:0

Signal Handlers:
SIGSEGV: [libjvm.so+0xacbe10], sa_mask[0]=11111111011111111101111111111110, sa_flags=SA_RESTART|SA_SIGINFO
SIGBUS: [libjvm.so+0xacbe10], sa_mask[0]=11111111011111111101111111111110, sa_flags=SA_RESTART|SA_SIGINFO
SIGFPE: [libjvm.so+0x924f90], sa_mask[0]=11111111011111111101111111111110, sa_flags=SA_RESTART|SA_SIGINFO
SIGPIPE: [libjvm.so+0x924f90], sa_mask[0]=11111111011111111101111111111110, sa_flags=SA_RESTART|SA_SIGINFO
SIGXFSZ: [libjvm.so+0x924f90], sa_mask[0]=11111111011111111101111111111110, sa_flags=SA_RESTART|SA_SIGINFO
SIGILL: [libjvm.so+0x924f90], sa_mask[0]=11111111011111111101111111111110, sa_flags=SA_RESTART|SA_SIGINFO
SIGUSR1: SIG_DFL, sa_mask[0]=00000000000000000000000000000000, sa_flags=none
SIGUSR2: [libjvm.so+0x9267d0], sa_mask[0]=00100000000000000000000000000000, sa_flags=SA_RESTART|SA_SIGINFO
SIGHUP: [libjvm.so+0x927bd0], sa_mask[0]=11111111011111111101111111111110, sa_flags=SA_RESTART|SA_SIGINFO
SIGINT: SIG_IGN, sa_mask[0]=00000000000000000000000000000000, sa_flags=none
SIGTERM: [libjvm.so+0x927bd0], sa_mask[0]=11111111011111111101111111111110, sa_flags=SA_RESTART|SA_SIGINFO
SIGQUIT: [libjvm.so+0x927bd0], sa_mask[0]=11111111011111111101111111111110, sa_flags=SA_RESTART|SA_SIGINFO


---------------  S Y S T E M  ---------------

OS:DISTRIB_ID=Ubuntu
DISTRIB_RELEASE=17.04
DISTRIB_CODENAME=zesty
DISTRIB_DESCRIPTION="Ubuntu 17.04"

uname:Linux 4.10.0-38-generic #42-Ubuntu SMP Tue Oct 10 13:24:27 UTC 2017 x86_64
libc:glibc 2.24 NPTL 2.24 
rlimit: STACK 8192k, CORE 0k, NPROC 15602, NOFILE 1048576, AS infinity
load average:1.23 0.63 0.41

/proc/meminfo:
MemTotal:        4039872 kB
MemFree:          102096 kB
MemAvailable:       3956 kB
Buffers:             672 kB
Cached:            41132 kB
SwapCached:        33716 kB
Active:          3100316 kB
Inactive:         622792 kB
Active(anon):    3096884 kB
Inactive(anon):   619388 kB
Active(file):       3432 kB
Inactive(file):     3404 kB
Unevictable:          32 kB
Mlocked:              32 kB
SwapTotal:       2097148 kB
SwapFree:              0 kB
Dirty:                96 kB
Writeback:             0 kB
AnonPages:       3649192 kB
Mapped:            39104 kB
Shmem:             34728 kB
Slab:              87996 kB
SReclaimable:      40284 kB
SUnreclaim:        47712 kB
KernelStack:       14896 kB
PageTables:        73336 kB
NFS_Unstable:          0 kB
Bounce:                0 kB
WritebackTmp:          0 kB
CommitLimit:     4117084 kB
Committed_AS:   10117584 kB
VmallocTotal:   34359738367 kB
VmallocUsed:           0 kB
VmallocChunk:          0 kB
HardwareCorrupted:     0 kB
AnonHugePages:   1212416 kB
ShmemHugePages:        0 kB
ShmemPmdMapped:        0 kB
CmaTotal:              0 kB
CmaFree:               0 kB
HugePages_Total:       0
HugePages_Free:        0
HugePages_Rsvd:        0
HugePages_Surp:        0
Hugepagesize:       2048 kB
DirectMap4k:      139184 kB
DirectMap2M:     4055040 kB


CPU:total 2 (initial active 2) (2 cores per cpu, 1 threads per core) family 6 model 70 stepping 1, cmov, cx8, fxsr, mmx, sse, sse2, sse3, ssse3, sse4.1, sse4.2, popcnt, avx, avx2, aes, clmul, erms, lzcnt, tsc, tscinvbit, bmi1, bmi2

/proc/cpuinfo:
processor	: 0
vendor_id	: GenuineIntel
cpu family	: 6
model		: 70
model name	: Intel(R) Core(TM) i7-4870HQ CPU @ 2.50GHz
stepping	: 1
microcode	: 0x13
cpu MHz		: 2494.226
cache size	: 6144 KB
physical id	: 0
siblings	: 2
core id		: 0
cpu cores	: 2
apicid		: 0
initial apicid	: 0
fpu		: yes
fpu_exception	: yes
cpuid level	: 13
wp		: yes
flags		: fpu vme de pse tsc msr pae mce cx8 apic sep mtrr pge mca cmov pat pse36 clflush mmx fxsr sse sse2 ss ht syscall nx rdtscp lm constant_tsc nopl xtopology nonstop_tsc pni pclmulqdq ssse3 fma cx16 pcid sse4_1 sse4_2 x2apic movbe popcnt tsc_deadline_timer aes xsave avx f16c rdrand hypervisor lahf_lm abm fsgsbase tsc_adjust bmi1 avx2 smep bmi2 invpcid xsaveopt dtherm arat pln pts
bugs		:
bogomips	: 4988.45
clflush size	: 64
cache_alignment	: 64
address sizes	: 36 bits physical, 48 bits virtual
power management:

processor	: 1
vendor_id	: GenuineIntel
cpu family	: 6
model		: 70
model name	: Intel(R) Core(TM) i7-4870HQ CPU @ 2.50GHz
stepping	: 1
microcode	: 0x13
cpu MHz		: 2494.226
cache size	: 6144 KB
physical id	: 0
siblings	: 2
core id		: 1
cpu cores	: 2
apicid		: 1
initial apicid	: 1
fpu		: yes
fpu_exception	: yes
cpuid level	: 13
wp		: yes
flags		: fpu vme de pse tsc msr pae mce cx8 apic sep mtrr pge mca cmov pat pse36 clflush mmx fxsr sse sse2 ss ht syscall nx rdtscp lm constant_tsc nopl xtopology nonstop_tsc pni pclmulqdq ssse3 fma cx16 pcid sse4_1 sse4_2 x2apic movbe popcnt tsc_deadline_timer aes xsave avx f16c rdrand hypervisor lahf_lm abm fsgsbase tsc_adjust bmi1 avx2 smep bmi2 invpcid xsaveopt dtherm arat pln pts
bugs		:
bogomips	: 4988.45
clflush size	: 64
cache_alignment	: 64
address sizes	: 36 bits physical, 48 bits virtual
power management:



Memory: 4k page, physical 4039872k(102140k free), swap 2097148k(0k free)

vm_info: Java HotSpot(TM) 64-Bit Server VM (25.151-b12) for linux-amd64 JRE (1.8.0_151-b12), built on Sep  5 2017 19:20:58 by "java_re" with gcc 4.3.0 20080428 (Red Hat 4.3.0-8)

time: Fri Nov  3 15:26:09 2017
elapsed time: 3 seconds (0d 0h 0m 3s)

