#
# There is insufficient memory for the Java Runtime Environment to continue.
# Native memory allocation (mmap) failed to map 120586240 bytes for committing reserved memory.
# Possible reasons:
#   The system is out of physical RAM or swap space
#   In 32 bit mode, the process size limit was hit
# Possible solutions:
#   Reduce memory load on the system
#   Increase physical memory or swap space
#   Check if swap backing store is full
#   Use 64 bit Java on a 64 bit OS
#   Decrease Java heap size (-Xmx/-Xms)
#   Decrease number of Java threads
#   Decrease Java thread stack sizes (-Xss)
#   Set larger code cache with -XX:ReservedCodeCacheSize=
# This output file may be truncated or incomplete.
#
#  Out of Memory Error (os_linux.cpp:2640), pid=12555, tid=0x00007fab0145a700
#
# JRE version: Java(TM) SE Runtime Environment (8.0_151-b12) (build 1.8.0_151-b12)
# Java VM: Java HotSpot(TM) 64-Bit Server VM (25.151-b12 mixed mode linux-amd64 compressed oops)
# Failed to write core dump. Core dumps have been disabled. To enable core dumping, try "ulimit -c unlimited" before starting Java again
#

---------------  T H R E A D  ---------------

Current thread (0x00007fab140fc000):  VMThread [stack: 0x00007fab0135a000,0x00007fab0145b000] [id=12560]

Stack: [0x00007fab0135a000,0x00007fab0145b000],  sp=0x00007fab01459280,  free space=1020k
Native frames: (J=compiled Java code, j=interpreted, Vv=VM code, C=native code)
V  [libjvm.so+0xacb58a]  VMError::report_and_die()+0x2ba
V  [libjvm.so+0x4ff4ab]  report_vm_out_of_memory(char const*, int, unsigned long, VMErrorType, char const*)+0x8b
V  [libjvm.so+0x928113]  os::Linux::commit_memory_impl(char*, unsigned long, bool)+0x103
V  [libjvm.so+0x928669]  os::pd_commit_memory(char*, unsigned long, unsigned long, bool)+0x29
V  [libjvm.so+0x92288a]  os::commit_memory(char*, unsigned long, unsigned long, bool)+0x2a
V  [libjvm.so+0x9973e3]  PSVirtualSpace::expand_by(unsigned long)+0x53
V  [libjvm.so+0x9987e8]  PSYoungGen::resize_generation(unsigned long, unsigned long)+0xf8
V  [libjvm.so+0x997942]  PSYoungGen::resize(unsigned long, unsigned long)+0x22
V  [libjvm.so+0x994c1b]  PSScavenge::invoke_no_policy()+0xf3b
V  [libjvm.so+0x98fec5]  PSParallelCompact::invoke(bool)+0x85
V  [libjvm.so+0x485ee4]  CollectedHeap::collect_as_vm_thread(GCCause::Cause)+0x114
V  [libjvm.so+0xacca01]  VM_CollectForMetadataAllocation::doit()+0x161
V  [libjvm.so+0xad4a85]  VM_Operation::evaluate()+0x55
V  [libjvm.so+0xad2e5a]  VMThread::evaluate_operation(VM_Operation*)+0xba
V  [libjvm.so+0xad31de]  VMThread::loop()+0x1ce
V  [libjvm.so+0xad3650]  VMThread::run()+0x70
V  [libjvm.so+0x92a728]  java_start(Thread*)+0x108

VM_Operation (0x00007fab1c645270): CollectForMetadataAllocation, mode: safepoint, requested by thread 0x00007fab1400b000


---------------  P R O C E S S  ---------------

Java Threads: ( => current thread )
  0x00007fab148f9000 JavaThread "Service Thread" daemon [_thread_blocked, id=12569, stack(0x00007faae8cfc000,0x00007faae8dfd000)]
  0x00007fab1482b800 JavaThread "C1 CompilerThread1" daemon [_thread_blocked, id=12568, stack(0x00007faae8dfd000,0x00007faae8efe000)]
  0x00007fab14831800 JavaThread "C2 CompilerThread0" daemon [_thread_blocked, id=12567, stack(0x00007faae8efe000,0x00007faae8fff000)]
  0x00007fab1413b800 JavaThread "Signal Dispatcher" daemon [_thread_blocked, id=12563, stack(0x00007fab00d7c000,0x00007fab00e7d000)]
  0x00007fab14108000 JavaThread "Finalizer" daemon [_thread_blocked, id=12562, stack(0x00007fab01158000,0x00007fab01259000)]
  0x00007fab14103800 JavaThread "Reference Handler" daemon [_thread_blocked, id=12561, stack(0x00007fab01259000,0x00007fab0135a000)]
  0x00007fab1400b000 JavaThread "main" [_thread_blocked, id=12557, stack(0x00007fab1c54a000,0x00007fab1c64b000)]

Other Threads:
=>0x00007fab140fc000 VMThread [stack: 0x00007fab0135a000,0x00007fab0145b000] [id=12560]
  0x00007fab14877800 WatcherThread [stack: 0x00007faae8bfb000,0x00007faae8cfc000] [id=12570]

VM state:at safepoint (normal execution)

VM Mutex/Monitor currently owned by a thread:  ([mutex/lock_event])
[0x00007fab140072e0] Threads_lock - owner thread: 0x00007fab140fc000
[0x00007fab140077e0] Heap_lock - owner thread: 0x00007fab1400b000

Heap:
 PSYoungGen      total 199680K, used 4494K [0x00000000e0f00000, 0x00000000ed700000, 0x0000000100000000)
  eden space 194560K, 0% used [0x00000000e0f00000,0x00000000e0f00000,0x00000000ecd00000)
  from space 5120K, 87% used [0x00000000ecd00000,0x00000000ed163928,0x00000000ed200000)
  to   space 5120K, 0% used [0x00000000ed200000,0x00000000ed200000,0x00000000ed700000)
 ParOldGen       total 64512K, used 5267K [0x00000000a2c00000, 0x00000000a6b00000, 0x00000000e0f00000)
  object space 64512K, 8% used [0x00000000a2c00000,0x00000000a3124da0,0x00000000a6b00000)
 Metaspace       used 20933K, capacity 21136K, committed 21248K, reserved 1069056K
  class space    used 2213K, capacity 2298K, committed 2304K, reserved 1048576K

Card table byte_map: [0x00007fab18dff000,0x00007fab190ea000] byte_map_base: 0x00007fab188e9000

Marking Bits: (ParMarkBitMap*) 0x00007fab1ba25f80
 Begin Bits: [0x00007fab02160000, 0x00007fab038b0000)
 End Bits:   [0x00007fab038b0000, 0x00007fab05000000)

Polling page: 0x00007fab1c673000

CodeCache: size=245760Kb used=8055Kb max_used=8067Kb free=237704Kb
 bounds [0x00007fab05000000, 0x00007fab057f0000, 0x00007fab14000000]
 total_blobs=3054 nmethods=2644 adapters=323
 compilation: enabled

Compilation events (10 events):
Event: 11.201 Thread 0x00007fab14831800 nmethod 2648 0x00007fab057d7b10 code [0x00007fab057d7c80, 0x00007fab057d7d98]
Event: 11.201 Thread 0x00007fab14831800 2656       4       org.jacoco.agent.rt.internal_b0d6a23.asm.commons.JSRInlinerAdapter::visitJumpInsn (59 bytes)
Event: 11.210 Thread 0x00007fab14831800 nmethod 2656 0x00007fab057d4350 code [0x00007fab057d4520, 0x00007fab057d4c28]
Event: 11.210 Thread 0x00007fab14831800 2663       4       org.jacoco.agent.rt.internal_b0d6a23.asm.MethodWriter::visitLdcInsn (176 bytes)
Event: 11.218 Thread 0x00007fab14831800 nmethod 2663 0x00007fab057e0210 code [0x00007fab057e03c0, 0x00007fab057e0d48]
Event: 11.218 Thread 0x00007fab14831800 2685       4       java.util.HashMap::containsKey (18 bytes)
Event: 11.221 Thread 0x00007fab14831800 nmethod 2685 0x00007fab057d6f90 code [0x00007fab057d7100, 0x00007fab057d73d8]
Event: 11.221 Thread 0x00007fab14831800 2662       4       java.util.ArrayList::set (20 bytes)
Event: 11.222 Thread 0x00007fab14831800 nmethod 2662 0x00007fab057e1850 code [0x00007fab057e19a0, 0x00007fab057e1ad8]
Event: 11.222 Thread 0x00007fab14831800 2657       4       org.jacoco.agent.rt.internal_b0d6a23.core.internal.instr.ClassInstrumenter::visitMethod (71 bytes)

GC Heap History (10 events):
Event: 2.020 GC heap after
Heap after GC invocations=4 (full 0):
 PSYoungGen      total 52736K, used 3166K [0x00000000e0f00000, 0x00000000e4600000, 0x0000000100000000)
  eden space 49152K, 0% used [0x00000000e0f00000,0x00000000e0f00000,0x00000000e3f00000)
  from space 3584K, 88% used [0x00000000e4280000,0x00000000e45979b0,0x00000000e4600000)
  to   space 3584K, 0% used [0x00000000e3f00000,0x00000000e3f00000,0x00000000e4280000)
 ParOldGen       total 64512K, used 24K [0x00000000a2c00000, 0x00000000a6b00000, 0x00000000e0f00000)
  object space 64512K, 0% used [0x00000000a2c00000,0x00000000a2c06000,0x00000000a6b00000)
 Metaspace       used 10426K, capacity 10646K, committed 10880K, reserved 1058816K
  class space    used 1052K, capacity 1111K, committed 1152K, reserved 1048576K
}
Event: 2.738 GC heap before
{Heap before GC invocations=5 (full 0):
 PSYoungGen      total 52736K, used 52318K [0x00000000e0f00000, 0x00000000e4600000, 0x0000000100000000)
  eden space 49152K, 100% used [0x00000000e0f00000,0x00000000e3f00000,0x00000000e3f00000)
  from space 3584K, 88% used [0x00000000e4280000,0x00000000e45979b0,0x00000000e4600000)
  to   space 3584K, 0% used [0x00000000e3f00000,0x00000000e3f00000,0x00000000e4280000)
 ParOldGen       total 64512K, used 24K [0x00000000a2c00000, 0x00000000a6b00000, 0x00000000e0f00000)
  object space 64512K, 0% used [0x00000000a2c00000,0x00000000a2c06000,0x00000000a6b00000)
 Metaspace       used 12411K, capacity 12534K, committed 12544K, reserved 1060864K
  class space    used 1235K, capacity 1271K, committed 1280K, reserved 1048576K
Event: 2.763 GC heap after
Heap after GC invocations=5 (full 0):
 PSYoungGen      total 52736K, used 3558K [0x00000000e0f00000, 0x00000000e7800000, 0x0000000100000000)
  eden space 49152K, 0% used [0x00000000e0f00000,0x00000000e0f00000,0x00000000e3f00000)
  from space 3584K, 99% used [0x00000000e3f00000,0x00000000e4279b40,0x00000000e4280000)
  to   space 4608K, 0% used [0x00000000e7380000,0x00000000e7380000,0x00000000e7800000)
 ParOldGen       total 64512K, used 830K [0x00000000a2c00000, 0x00000000a6b00000, 0x00000000e0f00000)
  object space 64512K, 1% used [0x00000000a2c00000,0x00000000a2ccf8b8,0x00000000a6b00000)
 Metaspace       used 12411K, capacity 12534K, committed 12544K, reserved 1060864K
  class space    used 1235K, capacity 1271K, committed 1280K, reserved 1048576K
}
Event: 4.657 GC heap before
{Heap before GC invocations=6 (full 0):
 PSYoungGen      total 52736K, used 52710K [0x00000000e0f00000, 0x00000000e7800000, 0x0000000100000000)
  eden space 49152K, 100% used [0x00000000e0f00000,0x00000000e3f00000,0x00000000e3f00000)
  from space 3584K, 99% used [0x00000000e3f00000,0x00000000e4279b40,0x00000000e4280000)
  to   space 4608K, 0% used [0x00000000e7380000,0x00000000e7380000,0x00000000e7800000)
 ParOldGen       total 64512K, used 830K [0x00000000a2c00000, 0x00000000a6b00000, 0x00000000e0f00000)
  object space 64512K, 1% used [0x00000000a2c00000,0x00000000a2ccf8b8,0x00000000a6b00000)
 Metaspace       used 14120K, capacity 14216K, committed 14336K, reserved 1062912K
  class space    used 1450K, capacity 1466K, committed 1536K, reserved 1048576K
Event: 4.711 GC heap after
Heap after GC invocations=6 (full 0):
 PSYoungGen      total 101888K, used 4589K [0x00000000e0f00000, 0x00000000e7a00000, 0x0000000100000000)
  eden space 97280K, 0% used [0x00000000e0f00000,0x00000000e0f00000,0x00000000e6e00000)
  from space 4608K, 99% used [0x00000000e7380000,0x00000000e77fb448,0x00000000e7800000)
  to   space 5632K, 0% used [0x00000000e6e00000,0x00000000e6e00000,0x00000000e7380000)
 ParOldGen       total 64512K, used 1456K [0x00000000a2c00000, 0x00000000a6b00000, 0x00000000e0f00000)
  object space 64512K, 2% used [0x00000000a2c00000,0x00000000a2d6c1e0,0x00000000a6b00000)
 Metaspace       used 14120K, capacity 14216K, committed 14336K, reserved 1062912K
  class space    used 1450K, capacity 1466K, committed 1536K, reserved 1048576K
}
Event: 9.505 GC heap before
{Heap before GC invocations=7 (full 0):
 PSYoungGen      total 101888K, used 101869K [0x00000000e0f00000, 0x00000000e7a00000, 0x0000000100000000)
  eden space 97280K, 100% used [0x00000000e0f00000,0x00000000e6e00000,0x00000000e6e00000)
  from space 4608K, 99% used [0x00000000e7380000,0x00000000e77fb448,0x00000000e7800000)
  to   space 5632K, 0% used [0x00000000e6e00000,0x00000000e6e00000,0x00000000e7380000)
 ParOldGen       total 64512K, used 1456K [0x00000000a2c00000, 0x00000000a6b00000, 0x00000000e0f00000)
  object space 64512K, 2% used [0x00000000a2c00000,0x00000000a2d6c1e0,0x00000000a6b00000)
 Metaspace       used 15799K, capacity 16098K, committed 16384K, reserved 1064960K
  class space    used 1616K, capacity 1709K, committed 1792K, reserved 1048576K
Event: 9.514 GC heap after
Heap after GC invocations=7 (full 0):
 PSYoungGen      total 102912K, used 3288K [0x00000000e0f00000, 0x00000000ed700000, 0x0000000100000000)
  eden space 97280K, 0% used [0x00000000e0f00000,0x00000000e0f00000,0x00000000e6e00000)
  from space 5632K, 58% used [0x00000000e6e00000,0x00000000e7136178,0x00000000e7380000)
  to   space 5120K, 0% used [0x00000000ed200000,0x00000000ed200000,0x00000000ed700000)
 ParOldGen       total 64512K, used 3138K [0x00000000a2c00000, 0x00000000a6b00000, 0x00000000e0f00000)
  object space 64512K, 4% used [0x00000000a2c00000,0x00000000a2f10820,0x00000000a6b00000)
 Metaspace       used 15799K, capacity 16098K, committed 16384K, reserved 1064960K
  class space    used 1616K, capacity 1709K, committed 1792K, reserved 1048576K
}
Event: 9.568 GC heap before
{Heap before GC invocations=8 (full 0):
 PSYoungGen      total 102912K, used 100422K [0x00000000e0f00000, 0x00000000ed700000, 0x0000000100000000)
  eden space 97280K, 99% used [0x00000000e0f00000,0x00000000e6ddb840,0x00000000e6e00000)
  from space 5632K, 58% used [0x00000000e6e00000,0x00000000e7136178,0x00000000e7380000)
  to   space 5120K, 0% used [0x00000000ed200000,0x00000000ed200000,0x00000000ed700000)
 ParOldGen       total 64512K, used 3138K [0x00000000a2c00000, 0x00000000a6b00000, 0x00000000e0f00000)
  object space 64512K, 4% used [0x00000000a2c00000,0x00000000a2f10820,0x00000000a6b00000)
 Metaspace       used 15799K, capacity 16098K, committed 16384K, reserved 1064960K
  class space    used 1616K, capacity 1709K, committed 1792K, reserved 1048576K
Event: 9.573 GC heap after
Heap after GC invocations=8 (full 0):
 PSYoungGen      total 199680K, used 2228K [0x00000000e0f00000, 0x00000000ed700000, 0x0000000100000000)
  eden space 194560K, 0% used [0x00000000e0f00000,0x00000000e0f00000,0x00000000ecd00000)
  from space 5120K, 43% used [0x00000000ed200000,0x00000000ed42d3d8,0x00000000ed700000)
  to   space 5120K, 0% used [0x00000000ecd00000,0x00000000ecd00000,0x00000000ed200000)
 ParOldGen       total 64512K, used 4082K [0x00000000a2c00000, 0x00000000a6b00000, 0x00000000e0f00000)
  object space 64512K, 6% used [0x00000000a2c00000,0x00000000a2ffc860,0x00000000a6b00000)
 Metaspace       used 15799K, capacity 16098K, committed 16384K, reserved 1064960K
  class space    used 1616K, capacity 1709K, committed 1792K, reserved 1048576K
}
Event: 11.224 GC heap before
{Heap before GC invocations=9 (full 0):
 PSYoungGen      total 199680K, used 167247K [0x00000000e0f00000, 0x00000000ed700000, 0x0000000100000000)
  eden space 194560K, 84% used [0x00000000e0f00000,0x00000000eb026890,0x00000000ecd00000)
  from space 5120K, 43% used [0x00000000ed200000,0x00000000ed42d3d8,0x00000000ed700000)
  to   space 5120K, 0% used [0x00000000ecd00000,0x00000000ecd00000,0x00000000ed200000)
 ParOldGen       total 64512K, used 4082K [0x00000000a2c00000, 0x00000000a6b00000, 0x00000000e0f00000)
  object space 64512K, 6% used [0x00000000a2c00000,0x00000000a2ffc860,0x00000000a6b00000)
 Metaspace       used 20933K, capacity 21136K, committed 21248K, reserved 1069056K
  class space    used 2213K, capacity 2298K, committed 2304K, reserved 1048576K

Deoptimization events (10 events):
Event: 5.002 Thread 0x00007fab1400b000 Uncommon trap: reason=bimorphic action=maybe_recompile pc=0x00007fab05515f24 method=java.util.regex.Pattern$CharProperty.match(Ljava/util/regex/Matcher;ILjava/lang/CharSequence;)Z @ 37
Event: 5.608 Thread 0x00007fab1400b000 Uncommon trap: reason=bimorphic action=maybe_recompile pc=0x00007fab05515f24 method=java.util.regex.Pattern$CharProperty.match(Ljava/util/regex/Matcher;ILjava/lang/CharSequence;)Z @ 37
Event: 9.117 Thread 0x00007fab1400b000 Uncommon trap: reason=bimorphic action=maybe_recompile pc=0x00007fab05515f24 method=java.util.regex.Pattern$CharProperty.match(Ljava/util/regex/Matcher;ILjava/lang/CharSequence;)Z @ 37
Event: 10.763 Thread 0x00007fab1400b000 Uncommon trap: reason=unstable_if action=reinterpret pc=0x00007fab056ad148 method=org.jacoco.agent.rt.internal_b0d6a23.asm.Item.isEqualTo(Lorg/jacoco/agent/rt/internal_b0d6a23/asm/Item;)Z @ 251
Event: 10.889 Thread 0x00007fab1400b000 Uncommon trap: reason=unstable_if action=reinterpret pc=0x00007fab056fbd50 method=org.jacoco.agent.rt.internal_b0d6a23.asm.commons.JSRInlinerAdapter.visitEnd()V @ 9
Event: 10.891 Thread 0x00007fab1400b000 Uncommon trap: reason=unstable_if action=reinterpret pc=0x00007fab0555de30 method=org.jacoco.agent.rt.internal_b0d6a23.asm.commons.AnalyzerAdapter.visitLabel(Lorg/jacoco/agent/rt/internal_b0d6a23/asm/Label;)V @ 19
Event: 11.013 Thread 0x00007fab1400b000 Uncommon trap: reason=unstable_if action=reinterpret pc=0x00007fab05580f70 method=org.jacoco.agent.rt.internal_b0d6a23.core.internal.flow.LabelFlowAnalyzer.markMethodInvocationLine()V @ 4
Event: 11.141 Thread 0x00007fab1400b000 Uncommon trap: reason=unstable_if action=reinterpret pc=0x00007fab057c72b0 method=org.jacoco.agent.rt.internal_b0d6a23.asm.Item.isEqualTo(Lorg/jacoco/agent/rt/internal_b0d6a23/asm/Item;)Z @ 186
Event: 11.145 Thread 0x00007fab1400b000 Uncommon trap: reason=unstable_if action=reinterpret pc=0x00007fab0576c1f8 method=java.util.Properties$LineReader.readLine()I @ 174
Event: 11.178 Thread 0x00007fab1400b000 Uncommon trap: reason=unstable_if action=reinterpret pc=0x00007fab057ca278 method=sun.misc.MetaIndex.mayContain(Ljava/lang/String;)Z @ 38

Internal exceptions (10 events):
Event: 10.854 Thread 0x00007fab1400b000 Exception <a 'sun/nio/fs/UnixException'> (0x00000000e8ee8018) thrown at [/HUDSON/workspace/8-2-build-linux-amd64/jdk8u151/9699/hotspot/src/share/vm/prims/jni.cpp, line 709]
Event: 10.855 Thread 0x00007fab1400b000 Exception <a 'sun/nio/fs/UnixException'> (0x00000000e8ee9008) thrown at [/HUDSON/workspace/8-2-build-linux-amd64/jdk8u151/9699/hotspot/src/share/vm/prims/jni.cpp, line 709]
Event: 10.855 Thread 0x00007fab1400b000 Exception <a 'sun/nio/fs/UnixException'> (0x00000000e8ee9fa8) thrown at [/HUDSON/workspace/8-2-build-linux-amd64/jdk8u151/9699/hotspot/src/share/vm/prims/jni.cpp, line 709]
Event: 10.856 Thread 0x00007fab1400b000 Exception <a 'sun/nio/fs/UnixException'> (0x00000000e8eee918) thrown at [/HUDSON/workspace/8-2-build-linux-amd64/jdk8u151/9699/hotspot/src/share/vm/prims/jni.cpp, line 709]
Event: 10.867 Thread 0x00007fab1400b000 Exception <a 'sun/nio/fs/UnixException'> (0x00000000e8f1add0) thrown at [/HUDSON/workspace/8-2-build-linux-amd64/jdk8u151/9699/hotspot/src/share/vm/prims/jni.cpp, line 709]
Event: 10.868 Thread 0x00007fab1400b000 Exception <a 'sun/nio/fs/UnixException'> (0x00000000e8f20f08) thrown at [/HUDSON/workspace/8-2-build-linux-amd64/jdk8u151/9699/hotspot/src/share/vm/prims/jni.cpp, line 709]
Event: 10.874 Thread 0x00007fab1400b000 Exception <a 'sun/nio/fs/UnixException'> (0x00000000e8f224d0) thrown at [/HUDSON/workspace/8-2-build-linux-amd64/jdk8u151/9699/hotspot/src/share/vm/prims/jni.cpp, line 709]
Event: 11.013 Thread 0x00007fab1400b000 Implicit null exception at 0x00007fab05580e98 to 0x00007fab05580f5d
Event: 11.175 Thread 0x00007fab1400b000 Exception <a 'java/security/PrivilegedActionException'> (0x00000000eac98e58) thrown at [/HUDSON/workspace/8-2-build-linux-amd64/jdk8u151/9699/hotspot/src/share/vm/prims/jvm.cpp, line 1390]
Event: 11.175 Thread 0x00007fab1400b000 Exception <a 'java/security/PrivilegedActionException'> (0x00000000eac99250) thrown at [/HUDSON/workspace/8-2-build-linux-amd64/jdk8u151/9699/hotspot/src/share/vm/prims/jvm.cpp, line 1390]

Events (10 events):
Event: 11.221 loading class com/sun/org/apache/xerces/internal/impl/dv/xs/IDDV
Event: 11.221 loading class com/sun/org/apache/xerces/internal/impl/dv/xs/IDDV done
Event: 11.221 loading class com/sun/org/apache/xerces/internal/impl/dv/xs/IDREFDV
Event: 11.221 loading class com/sun/org/apache/xerces/internal/impl/dv/xs/IDREFDV done
Event: 11.221 loading class com/sun/org/apache/xerces/internal/impl/dv/xs/EntityDV
Event: 11.221 loading class com/sun/org/apache/xerces/internal/impl/dv/xs/EntityDV done
Event: 11.221 loading class com/sun/org/apache/xerces/internal/impl/dv/xs/IntegerDV
Event: 11.221 loading class com/sun/org/apache/xerces/internal/impl/dv/xs/IntegerDV done
Event: 11.221 loading class com/sun/org/apache/xerces/internal/impl/dv/xs/ListDV
Event: 11.223 Executing VM operation: CollectForMetadataAllocation


Dynamic libraries:
00400000-00401000 r-xp 00000000 08:01 2233027                            /usr/lib/jvm/java-8-oracle/jre/bin/java
00600000-00601000 rw-p 00000000 08:01 2233027                            /usr/lib/jvm/java-8-oracle/jre/bin/java
02097000-020b8000 rw-p 00000000 00:00 0                                  [heap]
a2c00000-a6b00000 rw-p 00000000 00:00 0 
a6b00000-e0f00000 ---p 00000000 00:00 0 
e0f00000-ed700000 rw-p 00000000 00:00 0 
f4a00000-100000000 ---p 00000000 00:00 0 
100000000-100240000 rw-p 00000000 00:00 0 
100240000-140000000 ---p 00000000 00:00 0 
7faad0000000-7faad0021000 rw-p 00000000 00:00 0 
7faad0021000-7faad4000000 ---p 00000000 00:00 0 
7faad7e00000-7faad7e80000 rw-p 00000000 00:00 0 
7faad7e80000-7faad8000000 ---p 00000000 00:00 0 
7faad8000000-7faad8cd1000 rw-p 00000000 00:00 0 
7faad8cd1000-7faadc000000 ---p 00000000 00:00 0 
7faadc000000-7faadc021000 rw-p 00000000 00:00 0 
7faadc021000-7faae0000000 ---p 00000000 00:00 0 
7faae0000000-7faae17a5000 rw-p 00000000 00:00 0 
7faae17a5000-7faae4000000 ---p 00000000 00:00 0 
7faae4000000-7faae4021000 rw-p 00000000 00:00 0 
7faae4021000-7faae8000000 ---p 00000000 00:00 0 
7faae8055000-7faae8255000 rw-p 00000000 00:00 0 
7faae8255000-7faae8455000 rw-p 00000000 00:00 0 
7faae8455000-7faae8468000 r--s 00345000 08:01 2233175                    /usr/lib/jvm/java-8-oracle/jre/lib/resources.jar
7faae8468000-7faae8484000 r--s 00393000 08:01 2233198                    /usr/lib/jvm/java-8-oracle/jre/lib/ext/cldrdata.jar
7faae8484000-7faae848e000 r--s 00116000 08:01 2233205                    /usr/lib/jvm/java-8-oracle/jre/lib/ext/localedata.jar
7faae848e000-7faae868e000 rw-p 00000000 00:00 0 
7faae868e000-7faae888e000 rw-p 00000000 00:00 0 
7faae8892000-7faae8a92000 rw-p 00000000 00:00 0 
7faae8a92000-7faae8a94000 r--s 00007000 08:01 791719                     /home/madunlap/.m2/repository/org/apache/maven/surefire/surefire-junit4/2.10/surefire-junit4-2.10.jar
7faae8a94000-7faae8a96000 r--s 0000b000 08:01 921145                     /home/madunlap/.m2/repository/org/json/json/20160212/json-20160212.jar
7faae8a96000-7faae8a98000 r--s 00009000 08:01 921147                     /home/madunlap/.m2/repository/com/mashape/unirest/unirest-java/1.4.9/unirest-java-1.4.9.jar
7faae8a98000-7faae8a9a000 r--s 0000e000 08:01 921141                     /home/madunlap/.m2/repository/org/jvnet/mimepull/mimepull/1.9.6/mimepull-1.9.6.jar
7faae8a9a000-7faae8a9d000 r--s 0000e000 08:01 921143                     /home/madunlap/.m2/repository/org/glassfish/jersey/media/jersey-media-multipart/2.23.2/jersey-media-multipart-2.23.2.jar
7faae8a9d000-7faae8aa1000 r--s 00019000 08:01 921137                     /home/madunlap/.m2/repository/javax/ws/rs/javax.ws.rs-api/2.0.1/javax.ws.rs-api-2.0.1.jar
7faae8aa1000-7faae8aa3000 r--s 00010000 08:01 921134                     /home/madunlap/.m2/repository/org/glassfish/jersey/media/jersey-media-jaxb/2.23.2/jersey-media-jaxb-2.23.2.jar
7faae8aa3000-7faae8aa8000 r--s 00025000 08:01 921138                     /home/madunlap/.m2/repository/org/glassfish/jersey/core/jersey-client/2.23.2/jersey-client-2.23.2.jar
7faae8aa8000-7faae8abe000 r--s 000d3000 08:01 921133                     /home/madunlap/.m2/repository/org/glassfish/jersey/core/jersey-server/2.23.2/jersey-server-2.23.2.jar
7faae8abe000-7faae8abf000 r--s 00004000 08:01 921129                     /home/madunlap/.m2/repository/org/glassfish/hk2/osgi-resource-locator/1.0.1/osgi-resource-locator-1.0.1.jar
7faae8abf000-7faae8ac9000 r--s 000ae000 08:01 921127                     /home/madunlap/.m2/repository/org/javassist/javassist/3.20.0-GA/javassist-3.20.0-GA.jar
7faae8ac9000-7faae8acc000 r--s 0002a000 08:01 921123                     /home/madunlap/.m2/repository/org/glassfish/hk2/hk2-locator/2.5.0-b05/hk2-locator-2.5.0-b05.jar
7faae8acc000-7faae8ace000 r--s 00002000 08:01 921128                     /home/madunlap/.m2/repository/org/glassfish/hk2/external/aopalliance-repackaged/2.5.0-b05/aopalliance-repackaged-2.5.0-b05.jar
7faae8ace000-7faae8ad2000 r--s 0001a000 08:01 921125                     /home/madunlap/.m2/repository/org/glassfish/hk2/hk2-utils/2.5.0-b05/hk2-utils-2.5.0-b05.jar
7faae8ad2000-7faae8ad7000 r--s 00027000 08:01 921118                     /home/madunlap/.m2/repository/org/glassfish/hk2/hk2-api/2.5.0-b05/hk2-api-2.5.0-b05.jar
7faae8ad7000-7faae8aef000 r--s 000d6000 08:01 921120                     /home/madunlap/.m2/repository/org/glassfish/jersey/bundles/repackaged/jersey-guava/2.23.2/jersey-guava-2.23.2.jar
7faae8aef000-7faae8af1000 r--s 00005000 08:01 921116                     /home/madunlap/.m2/repository/javax/annotation/javax.annotation-api/1.2/javax.annotation-api-1.2.jar
7faae8af1000-7faae8b00000 r--s 000a0000 08:01 921111                     /home/madunlap/.m2/repository/org/glassfish/jersey/core/jersey-common/2.23.2/jersey-common-2.23.2.jar
7faae8b00000-7faae8b01000 r--s 00001000 08:01 921113                     /home/madunlap/.m2/repository/org/glassfish/hk2/external/javax.inject/2.5.0-b05/javax.inject-2.5.0-b05.jar
7faae8b01000-7faae8b04000 r--s 0000e000 08:01 921110                     /home/madunlap/.m2/repository/org/glassfish/jersey/containers/jersey-container-servlet-core/2.23.2/jersey-container-servlet-core-2.23.2.jar
7faae8b04000-7faae8b06000 r--s 00003000 08:01 921107                     /home/madunlap/.m2/repository/org/glassfish/jersey/containers/jersey-container-servlet/2.23.2/jersey-container-servlet-2.23.2.jar
7faae8b06000-7faae8b08000 r--s 00008000 08:01 921112                     /home/madunlap/.m2/repository/com/google/auto/auto-common/0.3/auto-common-0.3.jar
7faae8b08000-7faae8b09000 r--s 00002000 08:01 921105                     /home/madunlap/.m2/repository/com/google/auto/service/auto-service/1.0-rc2/auto-service-1.0-rc2.jar
7faae8b09000-7faae8b0b000 r--s 0000c000 08:01 921153                     /home/madunlap/.m2/repository/com/lyncode/xoai-service-provider/4.1.0-header-patch/xoai-service-provider-4.1.0-header-patch.jar
7faae8b0b000-7faae8b0c000 r--s 00001000 08:01 921104                     /home/madunlap/.m2/repository/com/lyncode/builder-commons/1.0.2/builder-commons-1.0.2.jar
7faae8b0c000-7faae8b0f000 r--s 00012000 08:01 921152                     /home/madunlap/.m2/repository/com/lyncode/xoai-data-provider/4.1.0-header-patch/xoai-data-provider-4.1.0-header-patch.jar
7faae8b0f000-7faae8b11000 r--s 00005000 08:01 791390                     /home/madunlap/.m2/repository/stax/stax-api/1.0.1/stax-api-1.0.1.jar
7faae8b11000-7faae8b17000 r--s 00048000 08:01 921101                     /home/madunlap/.m2/repository/org/apache/commons/commons-lang3/3.1/commons-lang3-3.1.jar
7faae8b17000-7faae8b19000 r--s 00004000 08:01 921097                     /home/madunlap/.m2/repository/javax/xml/stream/stax-api/1.0-2/stax-api-1.0-2.jar
7faae8b19000-7faae8b1f000 r--s 00045000 08:01 921095                     /home/madunlap/.m2/repository/org/hamcrest/hamcrest-all/1.3/hamcrest-all-1.3.jar
7faae8b1f000-7faae8b24000 r--s 00016000 08:01 791388                     /home/madunlap/.m2/repository/xml-apis/xml-apis/1.0.b2/xml-apis-1.0.b2.jar
7faae8b24000-7faae8bfb000 r--s 007aa000 08:01 921093                     /home/madunlap/.m2/repository/net/sf/ehcache/ehcache/2.10.1/ehcache-2.10.1.jar
7faae8bfb000-7faae8bfc000 ---p 00000000 00:00 0 
7faae8bfc000-7faae8cfc000 rw-p 00000000 00:00 0 
7faae8cfc000-7faae8cff000 ---p 00000000 00:00 0 
7faae8cff000-7faae8dfd000 rw-p 00000000 00:00 0 
7faae8dfd000-7faae8e00000 ---p 00000000 00:00 0 
7faae8e00000-7faae8efe000 rw-p 00000000 00:00 0 
7faae8efe000-7faae8f01000 ---p 00000000 00:00 0 
7faae8f01000-7faaec000000 rw-p 00000000 00:00 0 
7faaec000000-7faaec021000 rw-p 00000000 00:00 0 
7faaec021000-7faaf0000000 ---p 00000000 00:00 0 
7faaf0000000-7faaf0021000 rw-p 00000000 00:00 0 
7faaf0021000-7faaf4000000 ---p 00000000 00:00 0 
7faaf4000000-7faaf4021000 rw-p 00000000 00:00 0 
7faaf4021000-7faaf8000000 ---p 00000000 00:00 0 
7faaf8000000-7faaf828e000 rw-p 00000000 00:00 0 
7faaf828e000-7faafc000000 ---p 00000000 00:00 0 
7faafc000000-7faafc021000 rw-p 00000000 00:00 0 
7faafc021000-7fab00000000 ---p 00000000 00:00 0 
7fab00000000-7fab00004000 r--s 00029000 08:01 921098                     /home/madunlap/.m2/repository/org/codehaus/woodstox/stax2-api/3.0.4/stax2-api-3.0.4.jar
7fab00004000-7fab00005000 r--s 00003000 08:01 921092                     /home/madunlap/.m2/repository/com/lyncode/test-support/1.0.4/test-support-1.0.4.jar
7fab00005000-7fab00007000 r--s 00004000 08:01 921090                     /home/madunlap/.m2/repository/com/lyncode/xml-io/1.0.3/xml-io-1.0.3.jar
7fab00007000-7fab00009000 r--s 0000d000 08:01 921151                     /home/madunlap/.m2/repository/com/lyncode/xoai-common/4.1.0-header-patch/xoai-common-4.1.0-header-patch.jar
7fab00009000-7fab0000c000 r--s 00011000 08:01 921088                     /home/madunlap/.m2/repository/com/github/scribejava/scribejava-core/3.1.0/scribejava-core-3.1.0.jar
7fab0000c000-7fab0000f000 r--s 00010000 08:01 921084                     /home/madunlap/.m2/repository/com/github/scribejava/scribejava-apis/3.1.0/scribejava-apis-3.1.0.jar
7fab0000f000-7fab00018000 r--s 0006f000 08:01 921083                     /home/madunlap/.m2/repository/log4j/log4j/1.2.17/log4j-1.2.17.jar
7fab00018000-7fab0001a000 r--s 00008000 08:01 921082                     /home/madunlap/.m2/repository/org/apache/commons/commons-csv/1.2/commons-csv-1.2.jar
7fab0001a000-7fab0001e000 r--s 00035000 08:01 921081                     /home/madunlap/.m2/repository/com/fasterxml/jackson/core/jackson-core/2.5.3/jackson-core-2.5.3.jar
7fab0001e000-7fab00020000 r--s 00008000 08:01 921075                     /home/madunlap/.m2/repository/com/fasterxml/jackson/core/jackson-annotations/2.5.0/jackson-annotations-2.5.0.jar
7fab00020000-7fab00032000 r--s 00106000 08:01 921073                     /home/madunlap/.m2/repository/com/fasterxml/jackson/core/jackson-databind/2.5.3/jackson-databind-2.5.3.jar
7fab00032000-7fab00035000 r--s 00006000 08:01 921070                     /home/madunlap/.m2/repository/com/google/code/findbugs/jsr305/1.3.9/jsr305-1.3.9.jar
7fab00035000-7fab0003b000 r--s 00040000 08:01 921074                     /home/madunlap/.m2/repository/com/google/http-client/google-http-client/1.20.0/google-http-client-1.20.0.jar
7fab0003b000-7fab0003c000 r--s 00004000 08:01 921066                     /home/madunlap/.m2/repository/com/maxmind/db/maxmind-db/1.0.0/maxmind-db-1.0.0.jar
7fab0003c000-7fab0003e000 r--s 00007000 08:01 921064                     /home/madunlap/.m2/repository/com/maxmind/geoip2/geoip2/2.3.1/geoip2-2.3.1.jar
7fab0003e000-7fab00040000 r--s 00003000 08:01 921062                     /home/madunlap/.m2/repository/org/slf4j/jcl-over-slf4j/1.7.2/jcl-over-slf4j-1.7.2.jar
7fab00040000-7fab00044000 r--s 00034000 08:01 921067                     /home/madunlap/.m2/repository/org/codehaus/jackson/jackson-core-asl/1.9.7/jackson-core-asl-1.9.7.jar
7fab00044000-7fab00053000 r--s 000b0000 08:01 921065                     /home/madunlap/.m2/repository/org/codehaus/jackson/jackson-mapper-asl/1.9.7/jackson-mapper-asl-1.9.7.jar
7fab00053000-7fab0005d000 r--s 0003d000 08:01 921060                     /home/madunlap/.m2/repository/org/javaswift/joss/0.9.10/joss-0.9.10.jar
7fab0005d000-7fab00064000 r--s 0003a000 08:01 921056                     /home/madunlap/.m2/repository/commons-codec/commons-codec/1.9/commons-codec-1.9.jar
7fab00064000-7fab0006b000 r--s 00048000 08:01 921054                     /home/madunlap/.m2/repository/org/apache/httpcomponents/httpcore/4.4.1/httpcore-4.4.1.jar
7fab0006b000-7fab00078000 r--s 000a4000 08:01 921052                     /home/madunlap/.m2/repository/org/apache/httpcomponents/httpclient/4.4.1/httpclient-4.4.1.jar
7fab00078000-7fab0007c000 r--s 00028000 08:01 921050                     /home/madunlap/.m2/repository/org/apache/httpcomponents/httpasyncclient/4.1/httpasyncclient-4.1.jar
7fab0007c000-7fab00083000 r--s 00050000 08:01 921049                     /home/madunlap/.m2/repository/org/apache/httpcomponents/httpcore-nio/4.4.1/httpcore-nio-4.4.1.jar
7fab00083000-7fab00089000 r--s 00033000 08:01 921046                     /home/madunlap/.m2/repository/io/searchbox/jest-common/0.1.7/jest-common-0.1.7.jar
7fab00089000-7fab0008a000 r--s 00004000 08:01 921045                     /home/madunlap/.m2/repository/io/searchbox/jest/0.1.7/jest-0.1.7.jar
7fab0008a000-7fab0008d000 r--s 0000f000 08:01 921042                     /home/madunlap/.m2/repository/commons-discovery/commons-discovery/0.2/commons-discovery-0.2.jar
7fab0008d000-7fab00090000 r--s 0001c000 08:01 921043                     /home/madunlap/.m2/repository/axis/axis-wsdl4j/1.5.1/axis-wsdl4j-1.5.1.jar
7fab00090000-7fab00091000 r--s 00004000 08:01 921039                     /home/madunlap/.m2/repository/org/apache/axis/axis-saaj/1.4/axis-saaj-1.4.jar
7fab00091000-7fab00093000 r--s 00006000 08:01 921036                     /home/madunlap/.m2/repository/org/apache/axis/axis-jaxrpc/1.4/axis-jaxrpc-1.4.jar
7fab00093000-7fab000a7000 r--s 00173000 08:01 921038                     /home/madunlap/.m2/repository/axis/axis/1.4/axis-1.4.jar
7fab000a7000-7fab000a9000 r--s 00009000 08:01 921034                     /home/madunlap/.m2/repository/org/objenesis/objenesis/2.1/objenesis-2.1.jar
7fab000a9000-7fab000c5000 r--s 00103000 08:01 921030                     /home/madunlap/.m2/repository/org/mockito/mockito-core/1.10.19/mockito-core-1.10.19.jar
7fab000c5000-7fab000c7000 r--s 00001000 08:01 921031                     /home/madunlap/.m2/repository/org/slf4j/slf4j-log4j12/1.7.7/slf4j-log4j12-1.7.7.jar
7fab000c7000-7fab000c9000 r--s 00006000 08:01 791385                     /home/madunlap/.m2/repository/org/slf4j/slf4j-api/1.7.7/slf4j-api-1.7.7.jar
7fab000c9000-7fab000cd000 r--s 0001f000 08:01 921028                     /home/madunlap/.m2/repository/org/jacoco/org.jacoco.report/0.7.5.201505241946/org.jacoco.report-0.7.5.201505241946.jar
7fab000cd000-7fab000d2000 r--s 00058000 08:01 921027                     /home/madunlap/.m2/repository/org/ow2/asm/asm-debug-all/5.0.1/asm-debug-all-5.0.1.jar
7fab000d2000-7fab000d6000 r--s 0001d000 08:01 791383                     /home/madunlap/.m2/repository/org/jacoco/org.jacoco.core/0.7.5.201505241946/org.jacoco.core-0.7.5.201505241946.jar
7fab000d6000-7fab000e7000 r-xp 00000000 08:01 2233354                    /usr/lib/jvm/java-8-oracle/jre/lib/amd64/libnio.so
7fab000e7000-7fab002e6000 ---p 00011000 08:01 2233354                    /usr/lib/jvm/java-8-oracle/jre/lib/amd64/libnio.so
7fab002e6000-7fab002e7000 rw-p 00010000 08:01 2233354                    /usr/lib/jvm/java-8-oracle/jre/lib/amd64/libnio.so
7fab002e7000-7fab002fe000 r-xp 00000000 08:01 2233351                    /usr/lib/jvm/java-8-oracle/jre/lib/amd64/libnet.so
7fab002fe000-7fab004fd000 ---p 00017000 08:01 2233351                    /usr/lib/jvm/java-8-oracle/jre/lib/amd64/libnet.so
7fab004fd000-7fab004fe000 rw-p 00016000 08:01 2233351                    /usr/lib/jvm/java-8-oracle/jre/lib/amd64/libnet.so
7fab004fe000-7fab00501000 r--s 0001a000 08:01 2233367                    /usr/lib/jvm/java-8-oracle/jre/lib/jce.jar
7fab00501000-7fab00506000 r--s 0009a000 08:01 2233194                    /usr/lib/jvm/java-8-oracle/jre/lib/jsse.jar
7fab00506000-7fab0050c000 r--s 00041000 08:01 661360                     /home/madunlap/.m2/repository/org/jacoco/org.jacoco.agent/0.7.5.201505241946/org.jacoco.agent-0.7.5.201505241946-runtime.jar
7fab0050c000-7fab0050e000 r--s 0000e000 08:01 921023                     /home/madunlap/.m2/repository/oro/oro/2.0.8/oro-2.0.8.jar
7fab0050e000-7fab00516000 r--s 00058000 08:01 921019                     /home/madunlap/.m2/repository/org/apache/velocity/velocity/1.5/velocity-1.5.jar
7fab00516000-7fab00517000 r--s 00001000 08:01 921022                     /home/madunlap/.m2/repository/org/codehaus/plexus/plexus-velocity/1.1.7/plexus-velocity-1.1.7.jar
7fab00517000-7fab00518000 r--s 00002000 08:01 921017                     /home/madunlap/.m2/repository/org/codehaus/plexus/plexus-i18n/1.0-beta-7/plexus-i18n-1.0-beta-7.jar
7fab00518000-7fab0051a000 r--s 00008000 08:01 921015                     /home/madunlap/.m2/repository/org/apache/maven/doxia/doxia-module-fml/1.1.2/doxia-module-fml-1.1.2.jar
7fab0051a000-7fab0051b000 r--s 00003000 08:01 921016                     /home/madunlap/.m2/repository/org/apache/maven/doxia/doxia-module-xhtml/1.1.2/doxia-module-xhtml-1.1.2.jar
7fab0051b000-7fab0051d000 r--s 0000b000 08:01 921011                     /home/madunlap/.m2/repository/org/apache/maven/doxia/doxia-decoration-model/1.1.2/doxia-decoration-model-1.1.2.jar
7fab0051d000-7fab0051f000 r--s 0000b000 08:01 921008                     /home/madunlap/.m2/repository/org/apache/maven/doxia/doxia-site-renderer/1.1.2/doxia-site-renderer-1.1.2.jar
7fab0051f000-7fab00523000 r--s 00023000 08:01 921010                     /home/madunlap/.m2/repository/org/apache/maven/doxia/doxia-core/1.1.2/doxia-core-1.1.2.jar
7fab00523000-7fab00525000 r--s 00003000 08:01 921007                     /home/madunlap/.m2/repository/org/apache/maven/reporting/maven-reporting-impl/2.1/maven-reporting-impl-2.1.jar
7fab00525000-7fab00526000 r--s 00002000 08:01 921004                     /home/madunlap/.m2/repository/org/apache/maven/doxia/doxia-logging-api/1.1/doxia-logging-api-1.1.jar
7fab00526000-7fab00528000 r--s 00002000 08:01 921001                     /home/madunlap/.m2/repository/org/apache/maven/doxia/doxia-sink-api/1.1/doxia-sink-api-1.1.jar
7fab00528000-7fab00529000 r--s 00002000 08:01 920999                     /home/madunlap/.m2/repository/org/apache/maven/reporting/maven-reporting-api/2.2.1/maven-reporting-api-2.2.1.jar
7fab00529000-7fab0052b000 r--s 00008000 08:01 920995                     /home/madunlap/.m2/repository/org/apache/maven/shared/maven-shared-io/1.1/maven-shared-io-1.1.jar
7fab0052b000-7fab0052d000 r--s 00008000 08:01 920998                     /home/madunlap/.m2/repository/org/apache/maven/shared/file-management/1.2.1/file-management-1.2.1.jar
7fab0052d000-7fab00532000 r--s 00039000 08:01 920997                     /home/madunlap/.m2/repository/org/codehaus/plexus/plexus-utils/1.5.6/plexus-utils-1.5.6.jar
7fab00532000-7fab00534000 r--s 00008000 08:01 920991                     /home/madunlap/.m2/repository/classworlds/classworlds/1.1-alpha-2/classworlds-1.1-alpha-2.jar
7fab00534000-7fab0053b000 r--s 00029000 08:01 920988                     /home/madunlap/.m2/repository/org/codehaus/plexus/plexus-container-default/1.0-alpha-9-stable-1/plexus-container-default-1.0-alpha-9-stable-1.jar
7fab0053b000-7fab0053e000 r--s 00011000 08:01 920989                     /home/madunlap/.m2/repository/org/apache/maven/maven-artifact/2.2.1/maven-artifact-2.2.1.jar
7fab0053e000-7fab00540000 r--s 0000b000 08:01 920985                     /home/madunlap/.m2/repository/org/codehaus/plexus/plexus-interpolation/1.11/plexus-interpolation-1.11.jar
7fab00540000-7fab00542000 r--s 00006000 08:01 920982                     /home/madunlap/.m2/repository/org/apache/maven/maven-plugin-registry/2.2.1/maven-plugin-registry-2.2.1.jar
7fab00542000-7fab0054a000 r--s 00049000 08:01 920984                     /home/madunlap/.m2/repository/backport-util-concurrent/backport-util-concurrent/3.1/backport-util-concurrent-3.1.jar
7fab0054a000-7fab0054c000 r--s 0000b000 08:01 920978                     /home/madunlap/.m2/repository/org/apache/maven/wagon/wagon-provider-api/1.0-beta-6/wagon-provider-api-1.0-beta-6.jar
7fab0054c000-7fab0054e000 r--s 00005000 08:01 920980                     /home/madunlap/.m2/repository/org/apache/maven/maven-repository-metadata/2.2.1/maven-repository-metadata-2.2.1.jar
7fab0054e000-7fab00550000 r--s 0000f000 08:01 920975                     /home/madunlap/.m2/repository/org/apache/maven/maven-artifact-manager/2.2.1/maven-artifact-manager-2.2.1.jar
7fab00550000-7fab00552000 r--s 00014000 08:01 920971                     /home/madunlap/.m2/repository/org/apache/maven/maven-model/2.2.1/maven-model-2.2.1.jar
7fab00552000-7fab00554000 r--s 00007000 08:01 920969                     /home/madunlap/.m2/repository/org/apache/maven/maven-profile/2.2.1/maven-profile-2.2.1.jar
7fab00554000-7fab00555000 r--s 0000b000 08:01 920972                     /home/madunlap/.m2/repository/org/apache/maven/maven-settings/2.2.1/maven-settings-2.2.1.jar
7fab00555000-7fab00559000 r--s 00023000 08:01 920973                     /home/madunlap/.m2/repository/org/apache/maven/maven-project/2.2.1/maven-project-2.2.1.jar
7fab00559000-7fab0055b000 r--s 00002000 08:01 661356                     /home/madunlap/.m2/repository/org/apache/maven/maven-plugin-api/2.2.1/maven-plugin-api-2.2.1.jar
7fab0055b000-7fab0055d000 r--s 0000b000 08:01 660606                     /home/madunlap/.m2/repository/org/jacoco/jacoco-maven-plugin/0.7.5.201505241946/jacoco-maven-plugin-0.7.5.201505241946.jar
7fab0055d000-7fab0055f000 r--s 00013000 08:01 791380                     /home/madunlap/.m2/repository/com/jayway/restassured/xml-path/2.4.0/xml-path-2.4.0.jar
7fab0055f000-7fab00561000 r--s 00007000 08:01 791379                     /home/madunlap/.m2/repository/com/jayway/restassured/rest-assured-common/2.4.0/rest-assured-common-2.4.0.jar
7fab00561000-7fab00563000 r--s 0001e000 08:01 661355                     /home/madunlap/.m2/repository/org/codehaus/groovy/groovy-json/2.3.7/groovy-json-2.3.7.jar
7fab00563000-7fab00565000 r--s 0000d000 08:01 791376                     /home/madunlap/.m2/repository/com/jayway/restassured/json-path/2.4.0/json-path-2.4.0.jar
7fab00565000-7fab00567000 r--s 00015000 08:01 791373                     /home/madunlap/.m2/repository/org/ccil/cowan/tagsoup/tagsoup/1.2.1/tagsoup-1.2.1.jar
7fab00567000-7fab00568000 r--s 0000c000 08:01 791372                     /home/madunlap/.m2/repository/org/hamcrest/hamcrest-library/1.3/hamcrest-library-1.3.jar
7fab00568000-7fab0056a000 r--s 00009000 08:01 791370                     /home/madunlap/.m2/repository/org/hamcrest/hamcrest-core/1.3/hamcrest-core-1.3.jar
7fab0056a000-7fab0056f000 r--s 00034000 08:01 661352                     /home/madunlap/.m2/repository/org/codehaus/groovy/groovy-xml/2.3.7/groovy-xml-2.3.7.jar
7fab0056f000-7fab005b8000 r--s 003fb000 08:01 661354                     /home/madunlap/.m2/repository/org/codehaus/groovy/groovy/2.3.7/groovy-2.3.7.jar
7fab005b8000-7fab005c2000 r--s 0008c000 08:01 791368                     /home/madunlap/.m2/repository/com/jayway/restassured/rest-assured/2.4.0/rest-assured-2.4.0.jar
7fab005c2000-7fab005c8000 r--s 00044000 08:01 791367                     /home/madunlap/.m2/repository/org/jsoup/jsoup/1.8.1/jsoup-1.8.1.jar
7fab005c8000-7fab005ca000 r--s 00004000 08:01 791401                     /home/madunlap/.m2/repository/edu/ucsb/nceas/ezid/1.0.0/ezid-1.0.0.jar
7fab005ca000-7fab005cd000 r--s 0000b000 08:01 791362                     /home/madunlap/.m2/repository/org/ocpsoft/rewrite/rewrite-integration-faces/2.0.12.Final/rewrite-integration-faces-2.0.12.Final.jar
7fab005cd000-7fab005cf000 r--s 00001000 08:01 791360                     /home/madunlap/.m2/repository/org/ocpsoft/rewrite/rewrite-annotations-api/2.0.12.Final/rewrite-annotations-api-2.0.12.Final.jar
7fab005cf000-7fab005d0000 r--s 00005000 08:01 791359                     /home/madunlap/.m2/repository/org/ocpsoft/rewrite/rewrite-addressbuilder/2.0.12.Final/rewrite-addressbuilder-2.0.12.Final.jar
7fab005d0000-7fab005d2000 r--s 00008000 08:01 791357                     /home/madunlap/.m2/repository/org/ocpsoft/rewrite/rewrite-api-servlet/2.0.12.Final/rewrite-api-servlet-2.0.12.Final.jar
7fab005d2000-7fab005d4000 r--s 00001000 08:01 791354                     /home/madunlap/.m2/repository/org/ocpsoft/logging/logging-api/1.0.2.Final/logging-api-1.0.2.Final.jar
7fab005d4000-7fab005d5000 r--s 00003000 08:01 791353                     /home/madunlap/.m2/repository/org/ocpsoft/common/common-api/1.0.5.Final/common-api-1.0.5.Final.jar
7fab005d5000-7fab005d9000 r--s 00018000 08:01 791351                     /home/madunlap/.m2/repository/org/ocpsoft/rewrite/rewrite-api/2.0.12.Final/rewrite-api-2.0.12.Final.jar
7fab005d9000-7fab005db000 r--s 00005000 08:01 791349                     /home/madunlap/.m2/repository/org/ocpsoft/rewrite/rewrite-annotations-impl/2.0.12.Final/rewrite-annotations-impl-2.0.12.Final.jar
7fab005db000-7fab005e9000 r--s 00092000 08:01 791352                     /home/madunlap/.m2/repository/org/ocpsoft/rewrite/rewrite-config-prettyfaces/2.0.12.Final/rewrite-config-prettyfaces-2.0.12.Final.jar
7fab005e9000-7fab005f7000 r--s 0005f000 08:01 791345                     /home/madunlap/.m2/repository/org/ocpsoft/rewrite/rewrite-servlet/2.0.12.Final/rewrite-servlet-2.0.12.Final.jar
7fab005f7000-7fab005fb000 r--s 0003c000 08:01 791218                     /home/madunlap/.m2/repository/javax/media/jai_codec/1.1.3/jai_codec-1.1.3.jar
7fab005fb000-7fab0060f000 r--s 001bd000 08:01 791220                     /home/madunlap/.m2/repository/javax/media/jai_core/1.1.3/jai_core-1.1.3.jar
7fab0060f000-7fab00620000 r--s 00106000 08:01 791219                     /home/madunlap/.m2/repository/javax/media/jai_imageio/1.1.1/jai_imageio-1.1.1.jar
7fab00620000-7fab00622000 r--s 00009000 08:01 791399                     /home/madunlap/.m2/repository/edu/harvard/hul/ois/jhove/jhove-handler/1.11.0/jhove-handler-1.11.0.jar
7fab00622000-7fab0062b000 r--s 00079000 08:01 791398                     /home/madunlap/.m2/repository/edu/harvard/hul/ois/jhove/jhove-module/1.11.0/jhove-module-1.11.0.jar
7fab0062b000-7fab0062e000 r--s 00011000 08:01 791396                     /home/madunlap/.m2/repository/edu/harvard/hul/ois/jhove/jhove/1.11.0/jhove-1.11.0.jar
7fab0062e000-7fab0063e000 r--s 0011f000 08:01 791342                     /home/madunlap/.m2/repository/org/apache/poi/poi-scratchpad/3.10-FINAL/poi-scratchpad-3.10-FINAL.jar
7fab0063e000-7fab00644000 r--s 00047000 08:01 791341                     /home/madunlap/.m2/repository/org/apache/poi/poi-examples/3.10-FINAL/poi-examples-3.10-FINAL.jar
7fab00644000-7fab00649000 r--s 00048000 08:01 791338                     /home/madunlap/.m2/repository/dom4j/dom4j/1.6.1/dom4j-1.6.1.jar
7fab00649000-7fab00686000 r--s 0024f000 08:01 791336                     /home/madunlap/.m2/repository/org/apache/xmlbeans/xmlbeans/2.3.0/xmlbeans-2.3.0.jar
7fab00686000-7fab0071e000 r--s 00420000 08:01 791334                     /home/madunlap/.m2/repository/org/apache/poi/poi-ooxml-schemas/3.10-FINAL/poi-ooxml-schemas-3.10-FINAL.jar
7fab0071e000-7fab0072c000 r--s 000ee000 08:01 791333                     /home/madunlap/.m2/repository/org/apache/poi/poi-ooxml/3.10-FINAL/poi-ooxml-3.10-FINAL.jar
7fab0072c000-7fab0074e000 r--s 001bb000 08:01 791332                     /home/madunlap/.m2/repository/org/apache/poi/poi/3.10-FINAL/poi-3.10-FINAL.jar
7fab0074e000-7fab00750000 r--s 00006000 08:01 791331                     /home/madunlap/.m2/repository/org/nuiton/thirdparty/Rserve/0.6-1/Rserve-0.6-1.jar
7fab00750000-7fab00752000 r--s 00006000 08:01 791328                     /home/madunlap/.m2/repository/org/nuiton/thirdparty/REngine/0.6-1/REngine-0.6-1.jar
7fab00752000-7fab00753000 r--s 0000c000 08:01 791397                     /home/madunlap/.m2/repository/org/dataverse/unf/6.0/unf-6.0.jar
7fab00753000-7fab00754000 r--s 00018000 08:01 791394                     /home/madunlap/.m2/repository/edu/harvard/iq/dvn/unf5/5.0/unf5-5.0.jar
7fab00754000-7fab0075d000 r--s 000a6000 08:01 791393                     /home/madunlap/.m2/repository/net/handle/handle/2006-06-16-generated/handle-2006-06-16-generated.jar
7fab0075d000-7fab00760000 r--s 00035000 08:01 791395                     /home/madunlap/.m2/repository/nom/tam/fits/fits/2012-10-25-generated/fits-2012-10-25-generated.jar
7fab00760000-7fab00767000 r--s 00028000 08:01 791326                     /home/madunlap/.m2/repository/concurrent/concurrent/1.3.4/concurrent-1.3.4.jar
7fab00767000-7fab00775000 r--s 00081000 08:01 791324                     /home/madunlap/.m2/repository/colt/colt/1.2.0/colt-1.2.0.jar
7fab00775000-7fab00782000 r--s 00083000 08:01 791320                     /home/madunlap/.m2/repository/commons-collections/commons-collections/3.2.2/commons-collections-3.2.2.jar
7fab00782000-7fab00786000 r--s 00020000 08:01 791319                     /home/madunlap/.m2/repository/commons-digester/commons-digester/1.8.1/commons-digester-1.8.1.jar
7fab00786000-7fab0078b000 r--s 00035000 08:01 791317                     /home/madunlap/.m2/repository/commons-beanutils/commons-beanutils/1.9.2/commons-beanutils-1.9.2.jar
7fab0078b000-7fab0078f000 r--s 0002a000 08:01 791315                     /home/madunlap/.m2/repository/commons-validator/commons-validator/1.6/commons-validator-1.6.jar
7fab0078f000-7fab007a2000 r--s 000df000 08:01 791313                     /home/madunlap/.m2/repository/org/apache/commons/commons-math/2.2/commons-math-2.2.jar
7fab007a2000-7fab007a4000 r--s 0000e000 08:01 791309                     /home/madunlap/.m2/repository/commons-logging/commons-logging/1.1.3/commons-logging-1.1.3.jar
7fab007a4000-7fab007a6000 r--s 00005000 08:01 791311                     /home/madunlap/.m2/repository/org/apache/httpcomponents/httpmime/4.2.6/httpmime-4.2.6.jar
7fab007a6000-7fab007a7000 r--s 00005000 08:01 791308                     /home/madunlap/.m2/repository/org/noggit/noggit/0.5/noggit-0.5.jar
7fab007a7000-7fab007b3000 r--s 000b3000 08:01 791304                     /home/madunlap/.m2/repository/org/apache/zookeeper/zookeeper/3.4.5/zookeeper-3.4.5.jar
7fab007b3000-7fab007bb000 r--s 0005b000 08:01 791305                     /home/madunlap/.m2/repository/org/apache/solr/solr-solrj/4.6.0/solr-solrj-4.6.0.jar
7fab007bb000-7fab007c0000 r--s 00041000 08:01 791300                     /home/madunlap/.m2/repository/commons-lang/commons-lang/2.6/commons-lang-2.6.jar
7fab007c0000-7fab007c2000 r--s 0000d000 08:01 791302                     /home/madunlap/.m2/repository/com/fasterxml/classmate/1.0.0/classmate-1.0.0.jar
7fab007c2000-7fab007c4000 r--s 0000d000 08:01 791296                     /home/madunlap/.m2/repository/org/jboss/logging/jboss-logging/3.1.1.GA/jboss-logging-3.1.1.GA.jar
7fab007c4000-7fab007c8000 r--s 0000c000 08:01 791294                     /home/madunlap/.m2/repository/javax/validation/validation-api/1.1.0.Final/validation-api-1.1.0.Final.jar
7fab007c8000-7fab007d5000 r--s 00080000 08:01 791293                     /home/madunlap/.m2/repository/org/hibernate/hibernate-validator/5.0.3.Final/hibernate-validator-5.0.3.Final.jar
7fab007d5000-7fab007df000 r--s 0006b000 08:01 791289                     /home/madunlap/.m2/repository/org/omnifaces/omnifaces/1.7/omnifaces-1.7.jar
7fab007df000-7fab007ee000 r--s 000c4000 08:01 791290                     /home/madunlap/.m2/repository/org/atmosphere/atmosphere-runtime/2.4.2/atmosphere-runtime-2.4.2.jar
7fab007ee000-7fab00802000 r--s 0013a000 08:01 791121                     /home/madunlap/.m2/repository/org/primefaces/themes/all-themes/1.0.10/all-themes-1.0.10.jar
7fab00802000-7fab0082e000 r--s 00318000 08:01 791288                     /home/madunlap/.m2/repository/org/primefaces/primefaces/5.3/primefaces-5.3.jar
7fab0082e000-7fab00850000 r--s 00120000 08:01 791284                     /home/madunlap/.m2/repository/javax/javaee-web-api/7.0/javaee-web-api-7.0.jar
7fab00850000-7fab00852000 r--s 0000e000 08:01 791282                     /home/madunlap/.m2/repository/javax/activation/activation/1.1/activation-1.1.jar
7fab00852000-7fab0085a000 r--s 00078000 08:01 791280                     /home/madunlap/.m2/repository/com/sun/mail/javax.mail/1.5.0/javax.mail-1.5.0.jar
7fab0085a000-7fab0088e000 r--s 001a4000 08:01 791278                     /home/madunlap/.m2/repository/javax/javaee-api/7.0/javaee-api-7.0.jar
7fab0088e000-7fab008b9000 r--s 001f5000 08:01 791277                     /home/madunlap/.m2/repository/com/google/guava/guava/16.0.1/guava-16.0.1.jar
7fab008b9000-7fab008d7000 r--s 0027d000 08:01 791273                     /home/madunlap/.m2/repository/xalan/xalan/2.7.0/xalan-2.7.0.jar
7fab008d7000-7fab008eb000 r--s 000e3000 08:01 791272                     /home/madunlap/.m2/repository/xerces/xercesImpl/2.6.2/xercesImpl-2.6.2.jar
7fab008eb000-7fab008f1000 r--s 00019000 08:01 791270                     /home/madunlap/.m2/repository/xerces/xmlParserAPIs/2.6.2/xmlParserAPIs-2.6.2.jar
7fab008f1000-7fab008f8000 r--s 00063000 08:01 791268                     /home/madunlap/.m2/repository/xom/xom/1.1/xom-1.1.jar
7fab008f8000-7fab008fd000 r--s 0002a000 08:01 791265                     /home/madunlap/.m2/repository/com/google/code/gson/gson/2.2.4/gson-2.2.4.jar
7fab008fd000-7fab00901000 r--s 00027000 08:01 791263                     /home/madunlap/.m2/repository/commons-io/commons-io/2.2/commons-io-2.2.jar
7fab00901000-7fab00903000 r--s 0000f000 08:01 791260                     /home/madunlap/.m2/repository/commons-fileupload/commons-fileupload/1.3.1/commons-fileupload-1.3.1.jar
7fab00903000-7fab00909000 r--s 00032000 08:01 791261                     /home/madunlap/.m2/repository/jaxen/jaxen/1.1.1/jaxen-1.1.1.jar
7fab00909000-7fab00910000 r--s 00079000 08:01 661348                     /home/madunlap/.m2/repository/org/codehaus/woodstox/wstx-asl/3.2.6/wstx-asl-3.2.6.jar
7fab00910000-7fab00915000 r--s 00070000 08:01 661349                     /home/madunlap/.m2/repository/org/codehaus/woodstox/woodstox-core-asl/4.1.4/woodstox-core-asl-4.1.4.jar
7fab00915000-7fab00919000 r--s 00026000 08:01 791256                     /home/madunlap/.m2/repository/org/apache/ws/commons/axiom/axiom-impl/1.2.14/axiom-impl-1.2.14.jar
7fab00919000-7fab0091c000 r--s 00015000 08:01 791254                     /home/madunlap/.m2/repository/org/apache/james/apache-mime4j-core/0.7.2/apache-mime4j-core-0.7.2.jar
7fab0091c000-7fab00921000 r--s 00032000 08:01 791252                     /home/madunlap/.m2/repository/org/apache/geronimo/specs/geronimo-javamail_1.4_spec/1.7.1/geronimo-javamail_1.4_spec-1.7.1.jar
7fab00921000-7fab0092b000 r--s 0005d000 08:01 791250                     /home/madunlap/.m2/repository/org/apache/ws/commons/axiom/axiom-api/1.2.14/axiom-api-1.2.14.jar
7fab0092b000-7fab0092e000 r--s 0014e000 08:01 791249                     /home/madunlap/.m2/repository/org/apache/abdera/abdera-parser/1.1.3/abdera-parser-1.1.3.jar
7fab0092e000-7fab00930000 r--s 00006000 08:01 791245                     /home/madunlap/.m2/repository/org/apache/geronimo/specs/geronimo-stax-api_1.0_spec/1.0.1/geronimo-stax-api_1.0_spec-1.0.1.jar
7fab00930000-7fab00934000 r--s 00094000 08:01 791246                     /home/madunlap/.m2/repository/org/apache/abdera/abdera-i18n/1.1.3/abdera-i18n-1.1.3.jar
7fab00934000-7fab0094d000 r--s 002fd000 08:01 791240                     /home/madunlap/.m2/repository/com/ibm/icu/icu4j/3.4.4/icu4j-3.4.4.jar
7fab0094d000-7fab00970000 r--s 001ae000 08:01 791235                     /home/madunlap/.m2/repository/com/hp/hpl/jena/jena/2.6.4/jena-2.6.4.jar
7fab00970000-7fab00d7c000 r--s 03c80000 08:01 791225                     /home/madunlap/.m2/repository/com/amazonaws/aws-java-sdk-bundle/1.11.172/aws-java-sdk-bundle-1.11.172.jar
7fab00d7c000-7fab00d7f000 ---p 00000000 00:00 0 
7fab00d7f000-7fab00e7d000 rw-p 00000000 00:00 0 
7fab00e7d000-7fab01158000 r--p 00000000 08:01 1441812                    /usr/lib/locale/locale-archive
7fab01158000-7fab0115b000 ---p 00000000 00:00 0 
7fab0115b000-7fab01259000 rw-p 00000000 00:00 0 
7fab01259000-7fab0125c000 ---p 00000000 00:00 0 
7fab0125c000-7fab0135a000 rw-p 00000000 00:00 0 
7fab0135a000-7fab0135b000 ---p 00000000 00:00 0 
7fab0135b000-7fab05000000 rw-p 00000000 00:00 0 
7fab05000000-7fab057f0000 rwxp 00000000 00:00 0 
7fab057f0000-7fab14000000 ---p 00000000 00:00 0 
7fab14000000-7fab152c4000 rw-p 00000000 00:00 0 
7fab152c4000-7fab18000000 ---p 00000000 00:00 0 
7fab18000000-7fab18001000 r--s 00004000 08:01 791275                     /home/madunlap/.m2/repository/org/mindrot/jbcrypt/0.3m/jbcrypt-0.3m.jar
7fab18001000-7fab18003000 r--s 0000a000 08:01 791243                     /home/madunlap/.m2/repository/org/apache/geronimo/specs/geronimo-activation_1.1_spec/1.1/geronimo-activation_1.1_spec-1.1.jar
7fab18003000-7fab18007000 r--s 00024000 08:01 791241                     /home/madunlap/.m2/repository/org/apache/abdera/abdera-core/1.1.3/abdera-core-1.1.3.jar
7fab18007000-7fab18047000 r--s 00285000 08:01 925253                     /home/madunlap/.m2/repository/org/bouncycastle/bcprov-jdk15on/1.52/bcprov-jdk15on-1.52.jar
7fab18047000-7fab184d2000 rw-p 00000000 00:00 0 
7fab184d2000-7fab186ab000 r--s 03d5a000 08:01 2233137                    /usr/lib/jvm/java-8-oracle/jre/lib/rt.jar
7fab186ab000-7fab18a0b000 rw-p 00000000 00:00 0 
7fab18a0b000-7fab18a0c000 ---p 00000000 00:00 0 
7fab18a0c000-7fab18b0c000 rw-p 00000000 00:00 0 
7fab18b0c000-7fab18b0d000 ---p 00000000 00:00 0 
7fab18b0d000-7fab18c2d000 rw-p 00000000 00:00 0 
7fab18c2d000-7fab18dff000 ---p 00000000 00:00 0 
7fab18dff000-7fab18e1f000 rw-p 00000000 00:00 0 
7fab18e1f000-7fab18ff0000 ---p 00000000 00:00 0 
7fab18ff0000-7fab19055000 rw-p 00000000 00:00 0 
7fab19055000-7fab190e9000 ---p 00000000 00:00 0 
7fab190e9000-7fab1910a000 rw-p 00000000 00:00 0 
7fab1910a000-7fab194aa000 ---p 00000000 00:00 0 
7fab194aa000-7fab194c5000 r-xp 00000000 08:01 2233347                    /usr/lib/jvm/java-8-oracle/jre/lib/amd64/libzip.so
7fab194c5000-7fab196c5000 ---p 0001b000 08:01 2233347                    /usr/lib/jvm/java-8-oracle/jre/lib/amd64/libzip.so
7fab196c5000-7fab196c6000 rw-p 0001b000 08:01 2233347                    /usr/lib/jvm/java-8-oracle/jre/lib/amd64/libzip.so
7fab196c6000-7fab196d1000 r-xp 00000000 08:01 663303                     /lib/x86_64-linux-gnu/libnss_files-2.24.so
7fab196d1000-7fab198d0000 ---p 0000b000 08:01 663303                     /lib/x86_64-linux-gnu/libnss_files-2.24.so
7fab198d0000-7fab198d1000 r--p 0000a000 08:01 663303                     /lib/x86_64-linux-gnu/libnss_files-2.24.so
7fab198d1000-7fab198d2000 rw-p 0000b000 08:01 663303                     /lib/x86_64-linux-gnu/libnss_files-2.24.so
7fab198d2000-7fab198d8000 rw-p 00000000 00:00 0 
7fab198d8000-7fab198e3000 r-xp 00000000 08:01 663305                     /lib/x86_64-linux-gnu/libnss_nis-2.24.so
7fab198e3000-7fab19ae2000 ---p 0000b000 08:01 663305                     /lib/x86_64-linux-gnu/libnss_nis-2.24.so
7fab19ae2000-7fab19ae3000 r--p 0000a000 08:01 663305                     /lib/x86_64-linux-gnu/libnss_nis-2.24.so
7fab19ae3000-7fab19ae4000 rw-p 0000b000 08:01 663305                     /lib/x86_64-linux-gnu/libnss_nis-2.24.so
7fab19ae4000-7fab19afa000 r-xp 00000000 08:01 663300                     /lib/x86_64-linux-gnu/libnsl-2.24.so
7fab19afa000-7fab19cf9000 ---p 00016000 08:01 663300                     /lib/x86_64-linux-gnu/libnsl-2.24.so
7fab19cf9000-7fab19cfa000 r--p 00015000 08:01 663300                     /lib/x86_64-linux-gnu/libnsl-2.24.so
7fab19cfa000-7fab19cfb000 rw-p 00016000 08:01 663300                     /lib/x86_64-linux-gnu/libnsl-2.24.so
7fab19cfb000-7fab19cfd000 rw-p 00000000 00:00 0 
7fab19cfd000-7fab19d05000 r-xp 00000000 08:01 663301                     /lib/x86_64-linux-gnu/libnss_compat-2.24.so
7fab19d05000-7fab19f04000 ---p 00008000 08:01 663301                     /lib/x86_64-linux-gnu/libnss_compat-2.24.so
7fab19f04000-7fab19f05000 r--p 00007000 08:01 663301                     /lib/x86_64-linux-gnu/libnss_compat-2.24.so
7fab19f05000-7fab19f06000 rw-p 00008000 08:01 663301                     /lib/x86_64-linux-gnu/libnss_compat-2.24.so
7fab19f06000-7fab19f10000 r-xp 00000000 08:01 2233356                    /usr/lib/jvm/java-8-oracle/jre/lib/amd64/libinstrument.so
7fab19f10000-7fab1a10f000 ---p 0000a000 08:01 2233356                    /usr/lib/jvm/java-8-oracle/jre/lib/amd64/libinstrument.so
7fab1a10f000-7fab1a110000 rw-p 00009000 08:01 2233356                    /usr/lib/jvm/java-8-oracle/jre/lib/amd64/libinstrument.so
7fab1a110000-7fab1a13b000 r-xp 00000000 08:01 2233341                    /usr/lib/jvm/java-8-oracle/jre/lib/amd64/libjava.so
7fab1a13b000-7fab1a33a000 ---p 0002b000 08:01 2233341                    /usr/lib/jvm/java-8-oracle/jre/lib/amd64/libjava.so
7fab1a33a000-7fab1a33c000 rw-p 0002a000 08:01 2233341                    /usr/lib/jvm/java-8-oracle/jre/lib/amd64/libjava.so
7fab1a33c000-7fab1a349000 r-xp 00000000 08:01 2233346                    /usr/lib/jvm/java-8-oracle/jre/lib/amd64/libverify.so
7fab1a349000-7fab1a549000 ---p 0000d000 08:01 2233346                    /usr/lib/jvm/java-8-oracle/jre/lib/amd64/libverify.so
7fab1a549000-7fab1a54b000 rw-p 0000d000 08:01 2233346                    /usr/lib/jvm/java-8-oracle/jre/lib/amd64/libverify.so
7fab1a54b000-7fab1a552000 r-xp 00000000 08:01 663310                     /lib/x86_64-linux-gnu/librt-2.24.so
7fab1a552000-7fab1a751000 ---p 00007000 08:01 663310                     /lib/x86_64-linux-gnu/librt-2.24.so
7fab1a751000-7fab1a752000 r--p 00006000 08:01 663310                     /lib/x86_64-linux-gnu/librt-2.24.so
7fab1a752000-7fab1a753000 rw-p 00007000 08:01 663310                     /lib/x86_64-linux-gnu/librt-2.24.so
7fab1a753000-7fab1a85b000 r-xp 00000000 08:01 663297                     /lib/x86_64-linux-gnu/libm-2.24.so
7fab1a85b000-7fab1aa5a000 ---p 00108000 08:01 663297                     /lib/x86_64-linux-gnu/libm-2.24.so
7fab1aa5a000-7fab1aa5b000 r--p 00107000 08:01 663297                     /lib/x86_64-linux-gnu/libm-2.24.so
7fab1aa5b000-7fab1aa5c000 rw-p 00108000 08:01 663297                     /lib/x86_64-linux-gnu/libm-2.24.so
7fab1aa5c000-7fab1b72f000 r-xp 00000000 08:01 2233324                    /usr/lib/jvm/java-8-oracle/jre/lib/amd64/server/libjvm.so
7fab1b72f000-7fab1b92e000 ---p 00cd3000 08:01 2233324                    /usr/lib/jvm/java-8-oracle/jre/lib/amd64/server/libjvm.so
7fab1b92e000-7fab1ba08000 rw-p 00cd2000 08:01 2233324                    /usr/lib/jvm/java-8-oracle/jre/lib/amd64/server/libjvm.so
7fab1ba08000-7fab1ba53000 rw-p 00000000 00:00 0 
7fab1ba53000-7fab1bc11000 r-xp 00000000 08:01 663293                     /lib/x86_64-linux-gnu/libc-2.24.so
7fab1bc11000-7fab1be10000 ---p 001be000 08:01 663293                     /lib/x86_64-linux-gnu/libc-2.24.so
7fab1be10000-7fab1be14000 r--p 001bd000 08:01 663293                     /lib/x86_64-linux-gnu/libc-2.24.so
7fab1be14000-7fab1be16000 rw-p 001c1000 08:01 663293                     /lib/x86_64-linux-gnu/libc-2.24.so
7fab1be16000-7fab1be1a000 rw-p 00000000 00:00 0 
7fab1be1a000-7fab1be1d000 r-xp 00000000 08:01 663296                     /lib/x86_64-linux-gnu/libdl-2.24.so
7fab1be1d000-7fab1c01c000 ---p 00003000 08:01 663296                     /lib/x86_64-linux-gnu/libdl-2.24.so
7fab1c01c000-7fab1c01d000 r--p 00002000 08:01 663296                     /lib/x86_64-linux-gnu/libdl-2.24.so
7fab1c01d000-7fab1c01e000 rw-p 00003000 08:01 663296                     /lib/x86_64-linux-gnu/libdl-2.24.so
7fab1c01e000-7fab1c034000 r-xp 00000000 08:01 2233319                    /usr/lib/jvm/java-8-oracle/jre/lib/amd64/jli/libjli.so
7fab1c034000-7fab1c233000 ---p 00016000 08:01 2233319                    /usr/lib/jvm/java-8-oracle/jre/lib/amd64/jli/libjli.so
7fab1c233000-7fab1c234000 rw-p 00015000 08:01 2233319                    /usr/lib/jvm/java-8-oracle/jre/lib/amd64/jli/libjli.so
7fab1c234000-7fab1c24c000 r-xp 00000000 08:01 663308                     /lib/x86_64-linux-gnu/libpthread-2.24.so
7fab1c24c000-7fab1c44c000 ---p 00018000 08:01 663308                     /lib/x86_64-linux-gnu/libpthread-2.24.so
7fab1c44c000-7fab1c44d000 r--p 00018000 08:01 663308                     /lib/x86_64-linux-gnu/libpthread-2.24.so
7fab1c44d000-7fab1c44e000 rw-p 00019000 08:01 663308                     /lib/x86_64-linux-gnu/libpthread-2.24.so
7fab1c44e000-7fab1c452000 rw-p 00000000 00:00 0 
7fab1c452000-7fab1c478000 r-xp 00000000 08:01 663288                     /lib/x86_64-linux-gnu/ld-2.24.so
7fab1c478000-7fab1c47b000 r--s 00023000 08:01 791237                     /home/madunlap/.m2/repository/com/hp/hpl/jena/iri/0.8/iri-0.8.jar
7fab1c47b000-7fab1c47d000 r--s 0000d000 08:01 791233                     /home/madunlap/.m2/repository/org/apache/abdera/abdera-client/1.1.1/abdera-client-1.1.1.jar
7fab1c47d000-7fab1c47f000 r--s 00016000 08:01 791230                     /home/madunlap/.m2/repository/javax/servlet/servlet-api/2.4/servlet-api-2.4.jar
7fab1c47f000-7fab1c482000 r--s 0000f000 08:01 791226                     /home/madunlap/.m2/repository/org/swordapp/sword2-server/1.0/sword2-server-1.0-classes.jar
7fab1c482000-7fab1c54a000 rw-p 00000000 00:00 0 
7fab1c54a000-7fab1c54d000 ---p 00000000 00:00 0 
7fab1c54d000-7fab1c64d000 rw-p 00000000 00:00 0 
7fab1c64d000-7fab1c652000 r--s 00040000 08:01 791224                     /home/madunlap/.m2/repository/commons-httpclient/commons-httpclient/3.0.1/commons-httpclient-3.0.1.jar
7fab1c652000-7fab1c655000 r--s 00012000 08:01 791228                     /home/madunlap/.m2/repository/org/glassfish/javax.json/1.0.4/javax.json-1.0.4.jar
7fab1c655000-7fab1c65b000 r--s 00034000 08:01 791227                     /home/madunlap/.m2/repository/junit/junit/4.8.1/junit-4.8.1.jar
7fab1c65b000-7fab1c65f000 r--s 00021000 08:01 925254                     /home/madunlap/.m2/repository/org/cryptacular/cryptacular/1.1.0/cryptacular-1.1.0.jar
7fab1c65f000-7fab1c662000 r--s 00011000 08:01 925252                     /home/madunlap/.m2/repository/org/passay/passay/1.1.0/passay-1.1.0.jar
7fab1c662000-7fab1c667000 r--s 00023000 08:01 791711                     /home/madunlap/.m2/repository/org/apache/maven/surefire/surefire-api/2.10/surefire-api-2.10.jar
7fab1c667000-7fab1c669000 r--s 00007000 08:01 791708                     /home/madunlap/.m2/repository/org/apache/maven/surefire/surefire-booter/2.10/surefire-booter-2.10.jar
7fab1c669000-7fab1c66a000 r--s 00005000 08:01 924905                     /home/madunlap/Documents/github/dataverse/target/surefire/surefirebooter6444501293547627178.jar
7fab1c66a000-7fab1c672000 rw-s 00000000 08:01 1315085                    /tmp/hsperfdata_madunlap/12555
7fab1c672000-7fab1c673000 rw-p 00000000 00:00 0 
7fab1c673000-7fab1c674000 ---p 00000000 00:00 0 
7fab1c674000-7fab1c677000 rw-p 00000000 00:00 0 
7fab1c677000-7fab1c678000 r--p 00025000 08:01 663288                     /lib/x86_64-linux-gnu/ld-2.24.so
7fab1c678000-7fab1c679000 rw-p 00026000 08:01 663288                     /lib/x86_64-linux-gnu/ld-2.24.so
7fab1c679000-7fab1c67a000 rw-p 00000000 00:00 0 
7ffd5b5d5000-7ffd5b5f6000 rw-p 00000000 00:00 0                          [stack]
7ffd5b5fc000-7ffd5b5fe000 r--p 00000000 00:00 0                          [vvar]
7ffd5b5fe000-7ffd5b600000 r-xp 00000000 00:00 0                          [vdso]
ffffffffff600000-ffffffffff601000 r-xp 00000000 00:00 0                  [vsyscall]

VM Arguments:
jvm_args: -javaagent:/home/madunlap/.m2/repository/org/jacoco/org.jacoco.agent/0.7.5.201505241946/org.jacoco.agent-0.7.5.201505241946-runtime.jar=destfile=/home/madunlap/Documents/github/dataverse/target/jacoco.exec 
java_command: /home/madunlap/Documents/github/dataverse/target/surefire/surefirebooter6444501293547627178.jar /home/madunlap/Documents/github/dataverse/target/surefire/surefire7833587772029300056tmp /home/madunlap/Documents/github/dataverse/target/surefire/surefire3025822265198073482tmp
java_class_path (initial): /home/madunlap/Documents/github/dataverse/target/surefire/surefirebooter6444501293547627178.jar:/home/madunlap/.m2/repository/org/jacoco/org.jacoco.agent/0.7.5.201505241946/org.jacoco.agent-0.7.5.201505241946-runtime.jar
Launcher Type: SUN_STANDARD

Environment Variables:
JAVA_HOME=/usr/lib/jvm/java-8-oracle
PATH=/home/madunlap/bin:/usr/local/sbin:/usr/local/bin:/usr/sbin:/usr/bin:/sbin:/bin:/usr/games:/usr/local/games:/snap/bin:/usr/lib/jvm/java-8-oracle/bin:/usr/lib/jvm/java-8-oracle/db/bin:/usr/lib/jvm/java-8-oracle/jre/bin
LD_LIBRARY_PATH=/usr/lib/jvm/java-8-oracle/jre/lib/amd64:/usr/lib/jvm/java-8-oracle/jre/lib/i386:
SHELL=/bin/bash
DISPLAY=:0

Signal Handlers:
SIGSEGV: [libjvm.so+0xacbe10], sa_mask[0]=11111111011111111101111111111110, sa_flags=SA_RESTART|SA_SIGINFO
SIGBUS: [libjvm.so+0xacbe10], sa_mask[0]=11111111011111111101111111111110, sa_flags=SA_RESTART|SA_SIGINFO
SIGFPE: [libjvm.so+0x924f90], sa_mask[0]=11111111011111111101111111111110, sa_flags=SA_RESTART|SA_SIGINFO
SIGPIPE: [libjvm.so+0x924f90], sa_mask[0]=11111111011111111101111111111110, sa_flags=SA_RESTART|SA_SIGINFO
SIGXFSZ: [libjvm.so+0x924f90], sa_mask[0]=11111111011111111101111111111110, sa_flags=SA_RESTART|SA_SIGINFO
SIGILL: [libjvm.so+0x924f90], sa_mask[0]=11111111011111111101111111111110, sa_flags=SA_RESTART|SA_SIGINFO
SIGUSR1: SIG_DFL, sa_mask[0]=00000000000000000000000000000000, sa_flags=none
SIGUSR2: [libjvm.so+0x9267d0], sa_mask[0]=00100000000000000000000000000000, sa_flags=SA_RESTART|SA_SIGINFO
SIGHUP: [libjvm.so+0x927bd0], sa_mask[0]=11111111011111111101111111111110, sa_flags=SA_RESTART|SA_SIGINFO
SIGINT: SIG_IGN, sa_mask[0]=00000000000000000000000000000000, sa_flags=none
SIGTERM: [libjvm.so+0x927bd0], sa_mask[0]=11111111011111111101111111111110, sa_flags=SA_RESTART|SA_SIGINFO
SIGQUIT: [libjvm.so+0x927bd0], sa_mask[0]=11111111011111111101111111111110, sa_flags=SA_RESTART|SA_SIGINFO


---------------  S Y S T E M  ---------------

OS:DISTRIB_ID=Ubuntu
DISTRIB_RELEASE=17.04
DISTRIB_CODENAME=zesty
DISTRIB_DESCRIPTION="Ubuntu 17.04"

uname:Linux 4.10.0-38-generic #42-Ubuntu SMP Tue Oct 10 13:24:27 UTC 2017 x86_64
libc:glibc 2.24 NPTL 2.24 
rlimit: STACK 8192k, CORE 0k, NPROC 23666, NOFILE 1048576, AS infinity
load average:1.89 0.65 0.69

/proc/meminfo:
MemTotal:        6104256 kB
MemFree:          103984 kB
MemAvailable:      14648 kB
Buffers:             832 kB
Cached:           159376 kB
SwapCached:        22664 kB
Active:          4995292 kB
Inactive:         728156 kB
Active(anon):    4978340 kB
Inactive(anon):   711216 kB
Active(file):      16952 kB
Inactive(file):    16940 kB
Unevictable:          32 kB
Mlocked:              32 kB
SwapTotal:       2097148 kB
SwapFree:              0 kB
Dirty:                 0 kB
Writeback:             0 kB
AnonPages:       5543940 kB
Mapped:           147400 kB
Shmem:            126056 kB
Slab:             105444 kB
SReclaimable:      47252 kB
SUnreclaim:        58192 kB
KernelStack:       19424 kB
PageTables:        96728 kB
NFS_Unstable:          0 kB
Bounce:                0 kB
WritebackTmp:          0 kB
CommitLimit:     5149276 kB
Committed_AS:   15468972 kB
VmallocTotal:   34359738367 kB
VmallocUsed:           0 kB
VmallocChunk:          0 kB
HardwareCorrupted:     0 kB
AnonHugePages:   1710080 kB
ShmemHugePages:        0 kB
ShmemPmdMapped:        0 kB
CmaTotal:              0 kB
CmaFree:               0 kB
HugePages_Total:       0
HugePages_Free:        0
HugePages_Rsvd:        0
HugePages_Surp:        0
Hugepagesize:       2048 kB
DirectMap4k:      223152 kB
DirectMap2M:     6068224 kB


CPU:total 2 (initial active 2) (2 cores per cpu, 1 threads per core) family 6 model 70 stepping 1, cmov, cx8, fxsr, mmx, sse, sse2, sse3, ssse3, sse4.1, sse4.2, popcnt, avx, avx2, aes, clmul, erms, lzcnt, tsc, tscinvbit, bmi1, bmi2

/proc/cpuinfo:
processor	: 0
vendor_id	: GenuineIntel
cpu family	: 6
model		: 70
model name	: Intel(R) Core(TM) i7-4870HQ CPU @ 2.50GHz
stepping	: 1
microcode	: 0x13
cpu MHz		: 2494.226
cache size	: 6144 KB
physical id	: 0
siblings	: 2
core id		: 0
cpu cores	: 2
apicid		: 0
initial apicid	: 0
fpu		: yes
fpu_exception	: yes
cpuid level	: 13
wp		: yes
flags		: fpu vme de pse tsc msr pae mce cx8 apic sep mtrr pge mca cmov pat pse36 clflush mmx fxsr sse sse2 ss ht syscall nx rdtscp lm constant_tsc nopl xtopology nonstop_tsc pni pclmulqdq ssse3 fma cx16 pcid sse4_1 sse4_2 x2apic movbe popcnt tsc_deadline_timer aes xsave avx f16c rdrand hypervisor lahf_lm abm fsgsbase tsc_adjust bmi1 avx2 smep bmi2 invpcid xsaveopt dtherm arat pln pts
bugs		:
bogomips	: 4988.45
clflush size	: 64
cache_alignment	: 64
address sizes	: 36 bits physical, 48 bits virtual
power management:

processor	: 1
vendor_id	: GenuineIntel
cpu family	: 6
model		: 70
model name	: Intel(R) Core(TM) i7-4870HQ CPU @ 2.50GHz
stepping	: 1
microcode	: 0x13
cpu MHz		: 2494.226
cache size	: 6144 KB
physical id	: 0
siblings	: 2
core id		: 1
cpu cores	: 2
apicid		: 1
initial apicid	: 1
fpu		: yes
fpu_exception	: yes
cpuid level	: 13
wp		: yes
flags		: fpu vme de pse tsc msr pae mce cx8 apic sep mtrr pge mca cmov pat pse36 clflush mmx fxsr sse sse2 ss ht syscall nx rdtscp lm constant_tsc nopl xtopology nonstop_tsc pni pclmulqdq ssse3 fma cx16 pcid sse4_1 sse4_2 x2apic movbe popcnt tsc_deadline_timer aes xsave avx f16c rdrand hypervisor lahf_lm abm fsgsbase tsc_adjust bmi1 avx2 smep bmi2 invpcid xsaveopt dtherm arat pln pts
bugs		:
bogomips	: 4988.45
clflush size	: 64
cache_alignment	: 64
address sizes	: 36 bits physical, 48 bits virtual
power management:



Memory: 4k page, physical 6104256k(103984k free), swap 2097148k(0k free)

vm_info: Java HotSpot(TM) 64-Bit Server VM (25.151-b12) for linux-amd64 JRE (1.8.0_151-b12), built on Sep  5 2017 19:20:58 by "java_re" with gcc 4.3.0 20080428 (Red Hat 4.3.0-8)

time: Thu Nov 16 14:05:00 2017
elapsed time: 11 seconds (0d 0h 0m 11s)

