#
# There is insufficient memory for the Java Runtime Environment to continue.
# Native memory allocation (mmap) failed to map 77594624 bytes for committing reserved memory.
# Possible reasons:
#   The system is out of physical RAM or swap space
#   In 32 bit mode, the process size limit was hit
# Possible solutions:
#   Reduce memory load on the system
#   Increase physical memory or swap space
#   Check if swap backing store is full
#   Use 64 bit Java on a 64 bit OS
#   Decrease Java heap size (-Xmx/-Xms)
#   Decrease number of Java threads
#   Decrease Java thread stack sizes (-Xss)
#   Set larger code cache with -XX:ReservedCodeCacheSize=
# This output file may be truncated or incomplete.
#
#  Out of Memory Error (os_linux.cpp:2640), pid=10295, tid=0x00007fc8ac6a7700
#
# JRE version: Java(TM) SE Runtime Environment (8.0_144-b01) (build 1.8.0_144-b01)
# Java VM: Java HotSpot(TM) 64-Bit Server VM (25.144-b01 mixed mode linux-amd64 compressed oops)
# Failed to write core dump. Core dumps have been disabled. To enable core dumping, try "ulimit -c unlimited" before starting Java again
#

---------------  T H R E A D  ---------------

Current thread (0x00007fc8bc0fc000):  VMThread [stack: 0x00007fc8ac5a7000,0x00007fc8ac6a8000] [id=10299]

Stack: [0x00007fc8ac5a7000,0x00007fc8ac6a8000],  sp=0x00007fc8ac6a60a0,  free space=1020k
Native frames: (J=compiled Java code, j=interpreted, Vv=VM code, C=native code)
V  [libjvm.so+0xacb18a]  VMError::report_and_die()+0x2ba
V  [libjvm.so+0x4ff4db]  report_vm_out_of_memory(char const*, int, unsigned long, VMErrorType, char const*)+0x8b
V  [libjvm.so+0x927d23]  os::Linux::commit_memory_impl(char*, unsigned long, bool)+0x103
V  [libjvm.so+0x928279]  os::pd_commit_memory(char*, unsigned long, unsigned long, bool)+0x29
V  [libjvm.so+0x92249a]  os::commit_memory(char*, unsigned long, unsigned long, bool)+0x2a
V  [libjvm.so+0x996ff3]  PSVirtualSpace::expand_by(unsigned long)+0x53
V  [libjvm.so+0x9983f8]  PSYoungGen::resize_generation(unsigned long, unsigned long)+0xf8
V  [libjvm.so+0x997552]  PSYoungGen::resize(unsigned long, unsigned long)+0x22
V  [libjvm.so+0x99482b]  PSScavenge::invoke_no_policy()+0xf3b
V  [libjvm.so+0x994fb1]  PSScavenge::invoke()+0x41
V  [libjvm.so+0x94bce0]  ParallelScavengeHeap::failed_mem_allocate(unsigned long)+0x70
V  [libjvm.so+0xaccba7]  VM_ParallelGCFailedAllocation::doit()+0x97
V  [libjvm.so+0xad4685]  VM_Operation::evaluate()+0x55
V  [libjvm.so+0xad2a5a]  VMThread::evaluate_operation(VM_Operation*)+0xba
V  [libjvm.so+0xad2dde]  VMThread::loop()+0x1ce
V  [libjvm.so+0xad3250]  VMThread::run()+0x70
V  [libjvm.so+0x92a338]  java_start(Thread*)+0x108

VM_Operation (0x00007fc8c469ce90): ParallelGCFailedAllocation, mode: safepoint, requested by thread 0x00007fc8bc00b000


---------------  P R O C E S S  ---------------

Java Threads: ( => current thread )
  0x00007fc8bc81b000 JavaThread "Service Thread" daemon [_thread_blocked, id=10306, stack(0x00007fc8a50da000,0x00007fc8a51db000)]
  0x00007fc8bc817000 JavaThread "C1 CompilerThread1" daemon [_thread_blocked, id=10305, stack(0x00007fc8a51db000,0x00007fc8a52dc000)]
  0x00007fc8bc801000 JavaThread "C2 CompilerThread0" daemon [_thread_blocked, id=10303, stack(0x00007fc8a52dc000,0x00007fc8a53dd000)]
  0x00007fc8bc13b800 JavaThread "Signal Dispatcher" daemon [_thread_blocked, id=10302, stack(0x00007fc8a601f000,0x00007fc8a6120000)]
  0x00007fc8bc108000 JavaThread "Finalizer" daemon [_thread_blocked, id=10301, stack(0x00007fc8ac3a5000,0x00007fc8ac4a6000)]
  0x00007fc8bc103800 JavaThread "Reference Handler" daemon [_thread_blocked, id=10300, stack(0x00007fc8ac4a6000,0x00007fc8ac5a7000)]
  0x00007fc8bc00b000 JavaThread "main" [_thread_blocked, id=10296, stack(0x00007fc8c45a0000,0x00007fc8c46a1000)]

Other Threads:
=>0x00007fc8bc0fc000 VMThread [stack: 0x00007fc8ac5a7000,0x00007fc8ac6a8000] [id=10299]
  0x00007fc8bc84e000 WatcherThread [stack: 0x00007fc8a4fd9000,0x00007fc8a50da000] [id=10307]

VM state:at safepoint (normal execution)

VM Mutex/Monitor currently owned by a thread:  ([mutex/lock_event])
[0x00007fc8bc0072e0] Threads_lock - owner thread: 0x00007fc8bc0fc000
[0x00007fc8bc0077e0] Heap_lock - owner thread: 0x00007fc8bc00b000

Heap:
 PSYoungGen      total 130560K, used 1166K [0x00000000eb700000, 0x00000000f3b00000, 0x0000000100000000)
  eden space 125952K, 0% used [0x00000000eb700000,0x00000000eb700000,0x00000000f3200000)
  from space 4608K, 25% used [0x00000000f3200000,0x00000000f33238a0,0x00000000f3680000)
  to   space 4608K, 0% used [0x00000000f3680000,0x00000000f3680000,0x00000000f3b00000)
 ParOldGen       total 42496K, used 4655K [0x00000000c2400000, 0x00000000c4d80000, 0x00000000eb700000)
  object space 42496K, 10% used [0x00000000c2400000,0x00000000c288be18,0x00000000c4d80000)
 Metaspace       used 15789K, capacity 16020K, committed 16384K, reserved 1064960K
  class space    used 1611K, capacity 1680K, committed 1792K, reserved 1048576K

Card table byte_map: [0x00007fc8c0f52000,0x00007fc8c1141000] byte_map_base: 0x00007fc8c0940000

Marking Bits: (ParMarkBitMap*) 0x00007fc8c3a7bdc0
 Begin Bits: [0x00007fc8a6120000, 0x00007fc8a7090000)
 End Bits:   [0x00007fc8a7090000, 0x00007fc8a8000000)

Polling page: 0x00007fc8c46c9000

CodeCache: size=245760Kb used=6984Kb max_used=6989Kb free=238775Kb
 bounds [0x00007fc8ad000000, 0x00007fc8ad6e0000, 0x00007fc8bc000000]
 total_blobs=2613 nmethods=2227 adapters=299
 compilation: enabled

Compilation events (10 events):
Event: 9.166 Thread 0x00007fc8bc817000 2256       2       sun.text.normalizer.Trie$DefaultGetFoldingOffset::getFoldingOffset (2 bytes)
Event: 9.166 Thread 0x00007fc8bc817000 nmethod 2256 0x00007fc8ad6cea10 code [0x00007fc8ad6ceb60, 0x00007fc8ad6cecb0]
Event: 9.313 Thread 0x00007fc8bc801000 nmethod 2230 0x00007fc8ad6d3590 code [0x00007fc8ad6d3840, 0x00007fc8ad6d4de0]
Event: 9.325 Thread 0x00007fc8bc801000 2257 %     4       sun.text.normalizer.UCharacterProperty::upropsvec_addPropertyStarts @ 27 (48 bytes)
Event: 9.333 Thread 0x00007fc8bc817000 2258       3       sun.text.normalizer.TrieIterator::next (37 bytes)
Event: 9.349 Thread 0x00007fc8bc817000 nmethod 2258 0x00007fc8ad6ce510 code [0x00007fc8ad6ce6a0, 0x00007fc8ad6ce958]
Event: 9.349 Thread 0x00007fc8bc817000 2259       3       sun.text.normalizer.UnicodeSet::findCodePoint (89 bytes)
Event: 9.350 Thread 0x00007fc8bc817000 nmethod 2259 0x00007fc8ad6cde50 code [0x00007fc8ad6cdfe0, 0x00007fc8ad6ce370]
Event: 9.350 Thread 0x00007fc8bc817000 2260       3       sun.text.normalizer.UnicodeSet::add_unchecked (317 bytes)
Event: 9.352 Thread 0x00007fc8bc817000 nmethod 2260 0x00007fc8ad6d1450 code [0x00007fc8ad6d1720, 0x00007fc8ad6d2b78]

GC Heap History (10 events):
Event: 1.709 GC heap after
Heap after GC invocations=4 (full 0):
 PSYoungGen      total 34304K, used 2121K [0x00000000eb700000, 0x00000000edb00000, 0x0000000100000000)
  eden space 31744K, 0% used [0x00000000eb700000,0x00000000eb700000,0x00000000ed600000)
  from space 2560K, 82% used [0x00000000ed880000,0x00000000eda92700,0x00000000edb00000)
  to   space 2560K, 0% used [0x00000000ed600000,0x00000000ed600000,0x00000000ed880000)
 ParOldGen       total 42496K, used 41K [0x00000000c2400000, 0x00000000c4d80000, 0x00000000eb700000)
  object space 42496K, 0% used [0x00000000c2400000,0x00000000c240a588,0x00000000c4d80000)
 Metaspace       used 7810K, capacity 8008K, committed 8320K, reserved 1056768K
  class space    used 792K, capacity 826K, committed 896K, reserved 1048576K
}
Event: 2.301 GC heap before
{Heap before GC invocations=5 (full 0):
 PSYoungGen      total 34304K, used 33865K [0x00000000eb700000, 0x00000000edb00000, 0x0000000100000000)
  eden space 31744K, 100% used [0x00000000eb700000,0x00000000ed600000,0x00000000ed600000)
  from space 2560K, 82% used [0x00000000ed880000,0x00000000eda92700,0x00000000edb00000)
  to   space 2560K, 0% used [0x00000000ed600000,0x00000000ed600000,0x00000000ed880000)
 ParOldGen       total 42496K, used 41K [0x00000000c2400000, 0x00000000c4d80000, 0x00000000eb700000)
  object space 42496K, 0% used [0x00000000c2400000,0x00000000c240a588,0x00000000c4d80000)
 Metaspace       used 10372K, capacity 10568K, committed 10880K, reserved 1058816K
  class space    used 1048K, capacity 1082K, committed 1152K, reserved 1048576K
Event: 2.312 GC heap after
Heap after GC invocations=5 (full 0):
 PSYoungGen      total 34304K, used 2536K [0x00000000eb700000, 0x00000000efc00000, 0x0000000100000000)
  eden space 31744K, 0% used [0x00000000eb700000,0x00000000eb700000,0x00000000ed600000)
  from space 2560K, 99% used [0x00000000ed600000,0x00000000ed87a2f0,0x00000000ed880000)
  to   space 3584K, 0% used [0x00000000ef880000,0x00000000ef880000,0x00000000efc00000)
 ParOldGen       total 42496K, used 689K [0x00000000c2400000, 0x00000000c4d80000, 0x00000000eb700000)
  object space 42496K, 1% used [0x00000000c2400000,0x00000000c24ac628,0x00000000c4d80000)
 Metaspace       used 10372K, capacity 10568K, committed 10880K, reserved 1058816K
  class space    used 1048K, capacity 1082K, committed 1152K, reserved 1048576K
}
Event: 2.959 GC heap before
{Heap before GC invocations=6 (full 0):
 PSYoungGen      total 34304K, used 34280K [0x00000000eb700000, 0x00000000efc00000, 0x0000000100000000)
  eden space 31744K, 100% used [0x00000000eb700000,0x00000000ed600000,0x00000000ed600000)
  from space 2560K, 99% used [0x00000000ed600000,0x00000000ed87a2f0,0x00000000ed880000)
  to   space 3584K, 0% used [0x00000000ef880000,0x00000000ef880000,0x00000000efc00000)
 ParOldGen       total 42496K, used 689K [0x00000000c2400000, 0x00000000c4d80000, 0x00000000eb700000)
  object space 42496K, 1% used [0x00000000c2400000,0x00000000c24ac628,0x00000000c4d80000)
 Metaspace       used 12642K, capacity 12892K, committed 13184K, reserved 1060864K
  class space    used 1253K, capacity 1324K, committed 1408K, reserved 1048576K
Event: 2.988 GC heap after
Heap after GC invocations=6 (full 0):
 PSYoungGen      total 66560K, used 3555K [0x00000000eb700000, 0x00000000efd00000, 0x0000000100000000)
  eden space 62976K, 0% used [0x00000000eb700000,0x00000000eb700000,0x00000000ef480000)
  from space 3584K, 99% used [0x00000000ef880000,0x00000000efbf8ed8,0x00000000efc00000)
  to   space 4096K, 0% used [0x00000000ef480000,0x00000000ef480000,0x00000000ef880000)
 ParOldGen       total 42496K, used 1339K [0x00000000c2400000, 0x00000000c4d80000, 0x00000000eb700000)
  object space 42496K, 3% used [0x00000000c2400000,0x00000000c254ed48,0x00000000c4d80000)
 Metaspace       used 12642K, capacity 12892K, committed 13184K, reserved 1060864K
  class space    used 1253K, capacity 1324K, committed 1408K, reserved 1048576K
}
Event: 8.440 GC heap before
{Heap before GC invocations=7 (full 0):
 PSYoungGen      total 66560K, used 66531K [0x00000000eb700000, 0x00000000efd00000, 0x0000000100000000)
  eden space 62976K, 100% used [0x00000000eb700000,0x00000000ef480000,0x00000000ef480000)
  from space 3584K, 99% used [0x00000000ef880000,0x00000000efbf8ed8,0x00000000efc00000)
  to   space 4096K, 0% used [0x00000000ef480000,0x00000000ef480000,0x00000000ef880000)
 ParOldGen       total 42496K, used 1339K [0x00000000c2400000, 0x00000000c4d80000, 0x00000000eb700000)
  object space 42496K, 3% used [0x00000000c2400000,0x00000000c254ed48,0x00000000c4d80000)
 Metaspace       used 15041K, capacity 15246K, committed 15488K, reserved 1062912K
  class space    used 1543K, capacity 1615K, committed 1664K, reserved 1048576K
Event: 8.458 GC heap after
Heap after GC invocations=7 (full 0):
 PSYoungGen      total 67072K, used 4032K [0x00000000eb700000, 0x00000000f3b00000, 0x0000000100000000)
  eden space 62976K, 0% used [0x00000000eb700000,0x00000000eb700000,0x00000000ef480000)
  from space 4096K, 98% used [0x00000000ef480000,0x00000000ef870240,0x00000000ef880000)
  to   space 4608K, 0% used [0x00000000f3680000,0x00000000f3680000,0x00000000f3b00000)
 ParOldGen       total 42496K, used 2792K [0x00000000c2400000, 0x00000000c4d80000, 0x00000000eb700000)
  object space 42496K, 6% used [0x00000000c2400000,0x00000000c26ba078,0x00000000c4d80000)
 Metaspace       used 15041K, capacity 15246K, committed 15488K, reserved 1062912K
  class space    used 1543K, capacity 1615K, committed 1664K, reserved 1048576K
}
Event: 9.157 GC heap before
{Heap before GC invocations=8 (full 0):
 PSYoungGen      total 67072K, used 66954K [0x00000000eb700000, 0x00000000f3b00000, 0x0000000100000000)
  eden space 62976K, 99% used [0x00000000eb700000,0x00000000ef472878,0x00000000ef480000)
  from space 4096K, 98% used [0x00000000ef480000,0x00000000ef870240,0x00000000ef880000)
  to   space 4608K, 0% used [0x00000000f3680000,0x00000000f3680000,0x00000000f3b00000)
 ParOldGen       total 42496K, used 2792K [0x00000000c2400000, 0x00000000c4d80000, 0x00000000eb700000)
  object space 42496K, 6% used [0x00000000c2400000,0x00000000c26ba078,0x00000000c4d80000)
 Metaspace       used 15789K, capacity 16020K, committed 16384K, reserved 1064960K
  class space    used 1611K, capacity 1680K, committed 1792K, reserved 1048576K
Event: 9.165 GC heap after
Heap after GC invocations=8 (full 0):
 PSYoungGen      total 130560K, used 2949K [0x00000000eb700000, 0x00000000f3b00000, 0x0000000100000000)
  eden space 125952K, 0% used [0x00000000eb700000,0x00000000eb700000,0x00000000f3200000)
  from space 4608K, 64% used [0x00000000f3680000,0x00000000f39617a0,0x00000000f3b00000)
  to   space 4608K, 0% used [0x00000000f3200000,0x00000000f3200000,0x00000000f3680000)
 ParOldGen       total 42496K, used 3112K [0x00000000c2400000, 0x00000000c4d80000, 0x00000000eb700000)
  object space 42496K, 7% used [0x00000000c2400000,0x00000000c270a078,0x00000000c4d80000)
 Metaspace       used 15789K, capacity 16020K, committed 16384K, reserved 1064960K
  class space    used 1611K, capacity 1680K, committed 1792K, reserved 1048576K
}
Event: 9.391 GC heap before
{Heap before GC invocations=9 (full 0):
 PSYoungGen      total 130560K, used 128882K [0x00000000eb700000, 0x00000000f3b00000, 0x0000000100000000)
  eden space 125952K, 99% used [0x00000000eb700000,0x00000000f31fb458,0x00000000f3200000)
  from space 4608K, 64% used [0x00000000f3680000,0x00000000f39617a0,0x00000000f3b00000)
  to   space 4608K, 0% used [0x00000000f3200000,0x00000000f3200000,0x00000000f3680000)
 ParOldGen       total 42496K, used 3112K [0x00000000c2400000, 0x00000000c4d80000, 0x00000000eb700000)
  object space 42496K, 7% used [0x00000000c2400000,0x00000000c270a078,0x00000000c4d80000)
 Metaspace       used 15789K, capacity 16020K, committed 16384K, reserved 1064960K
  class space    used 1611K, capacity 1680K, committed 1792K, reserved 1048576K

Deoptimization events (10 events):
Event: 2.242 Thread 0x00007fc8bc00b000 Uncommon trap: reason=class_check action=maybe_recompile pc=0x00007fc8ad3b1cdc method=java.lang.Character.codePointAt(Ljava/lang/CharSequence;I)I @ 2
Event: 2.242 Thread 0x00007fc8bc00b000 Uncommon trap: reason=class_check action=maybe_recompile pc=0x00007fc8ad3b1cdc method=java.lang.Character.codePointAt(Ljava/lang/CharSequence;I)I @ 2
Event: 2.242 Thread 0x00007fc8bc00b000 Uncommon trap: reason=class_check action=maybe_recompile pc=0x00007fc8ad3b1cdc method=java.lang.Character.codePointAt(Ljava/lang/CharSequence;I)I @ 2
Event: 2.833 Thread 0x00007fc8bc00b000 Uncommon trap: reason=bimorphic action=maybe_recompile pc=0x00007fc8ad540c24 method=java.util.regex.Pattern$CharProperty.match(Ljava/util/regex/Matcher;ILjava/lang/CharSequence;)Z @ 37
Event: 2.833 Thread 0x00007fc8bc00b000 Uncommon trap: reason=bimorphic action=maybe_recompile pc=0x00007fc8ad540c24 method=java.util.regex.Pattern$CharProperty.match(Ljava/util/regex/Matcher;ILjava/lang/CharSequence;)Z @ 37
Event: 2.835 Thread 0x00007fc8bc00b000 Uncommon trap: reason=bimorphic action=maybe_recompile pc=0x00007fc8ad540c24 method=java.util.regex.Pattern$CharProperty.match(Ljava/util/regex/Matcher;ILjava/lang/CharSequence;)Z @ 37
Event: 2.835 Thread 0x00007fc8bc00b000 Uncommon trap: reason=bimorphic action=maybe_recompile pc=0x00007fc8ad540c24 method=java.util.regex.Pattern$CharProperty.match(Ljava/util/regex/Matcher;ILjava/lang/CharSequence;)Z @ 37
Event: 3.209 Thread 0x00007fc8bc00b000 Uncommon trap: reason=unstable_if action=reinterpret pc=0x00007fc8ad4e7aac method=org.jacoco.agent.rt.internal_b0d6a23.asm.Item.isEqualTo(Lorg/jacoco/agent/rt/internal_b0d6a23/asm/Item;)Z @ 186
Event: 3.389 Thread 0x00007fc8bc00b000 Uncommon trap: reason=unstable_if action=reinterpret pc=0x00007fc8ad5458f0 method=org.jacoco.agent.rt.internal_b0d6a23.asm.Type.getArgumentsAndReturnSizes(Ljava/lang/String;)I @ 47
Event: 8.934 Thread 0x00007fc8bc00b000 Uncommon trap: reason=range_check action=make_not_entrant pc=0x00007fc8ad65e100 method=sun.reflect.generics.parser.SignatureParser.current()C @ 34

Internal exceptions (10 events):
Event: 9.018 Thread 0x00007fc8bc00b000 Exception <a 'java/security/PrivilegedActionException'> (0x00000000ec9d5268) thrown at [/HUDSON3/workspace/8-2-build-linux-amd64/jdk8u144/9417/hotspot/src/share/vm/prims/jvm.cpp, line 1390]
Event: 9.018 Thread 0x00007fc8bc00b000 Exception <a 'java/security/PrivilegedActionException'> (0x00000000ec9d5660) thrown at [/HUDSON3/workspace/8-2-build-linux-amd64/jdk8u144/9417/hotspot/src/share/vm/prims/jvm.cpp, line 1390]
Event: 9.019 Thread 0x00007fc8bc00b000 Exception <a 'java/security/PrivilegedActionException'> (0x00000000eca38e38) thrown at [/HUDSON3/workspace/8-2-build-linux-amd64/jdk8u144/9417/hotspot/src/share/vm/prims/jvm.cpp, line 1390]
Event: 9.019 Thread 0x00007fc8bc00b000 Exception <a 'java/security/PrivilegedActionException'> (0x00000000eca39230) thrown at [/HUDSON3/workspace/8-2-build-linux-amd64/jdk8u144/9417/hotspot/src/share/vm/prims/jvm.cpp, line 1390]
Event: 9.022 Thread 0x00007fc8bc00b000 Exception <a 'java/security/PrivilegedActionException'> (0x00000000eca3d3c8) thrown at [/HUDSON3/workspace/8-2-build-linux-amd64/jdk8u144/9417/hotspot/src/share/vm/prims/jvm.cpp, line 1390]
Event: 9.022 Thread 0x00007fc8bc00b000 Exception <a 'java/security/PrivilegedActionException'> (0x00000000eca3d7c0) thrown at [/HUDSON3/workspace/8-2-build-linux-amd64/jdk8u144/9417/hotspot/src/share/vm/prims/jvm.cpp, line 1390]
Event: 9.022 Thread 0x00007fc8bc00b000 Exception <a 'java/security/PrivilegedActionException'> (0x00000000eca4eba8) thrown at [/HUDSON3/workspace/8-2-build-linux-amd64/jdk8u144/9417/hotspot/src/share/vm/prims/jvm.cpp, line 1390]
Event: 9.022 Thread 0x00007fc8bc00b000 Exception <a 'java/security/PrivilegedActionException'> (0x00000000eca4efa0) thrown at [/HUDSON3/workspace/8-2-build-linux-amd64/jdk8u144/9417/hotspot/src/share/vm/prims/jvm.cpp, line 1390]
Event: 9.023 Thread 0x00007fc8bc00b000 Exception <a 'java/security/PrivilegedActionException'> (0x00000000eca53138) thrown at [/HUDSON3/workspace/8-2-build-linux-amd64/jdk8u144/9417/hotspot/src/share/vm/prims/jvm.cpp, line 1390]
Event: 9.023 Thread 0x00007fc8bc00b000 Exception <a 'java/security/PrivilegedActionException'> (0x00000000eca53530) thrown at [/HUDSON3/workspace/8-2-build-linux-amd64/jdk8u144/9417/hotspot/src/share/vm/prims/jvm.cpp, line 1390]

Events (10 events):
Event: 9.136 Thread 0x00007fc8bc00b000 DEOPT UNPACKING pc=0x00007fc8ad047633 sp=0x00007fc8c469ceb0 mode 0
Event: 9.157 Executing VM operation: ParallelGCFailedAllocation
Event: 9.165 Executing VM operation: ParallelGCFailedAllocation done
Event: 9.165 Executing VM operation: RevokeBias
Event: 9.165 Executing VM operation: RevokeBias done
Event: 9.165 Executing VM operation: RevokeBias
Event: 9.165 Executing VM operation: RevokeBias done
Event: 9.165 Executing VM operation: RevokeBias
Event: 9.165 Executing VM operation: RevokeBias done
Event: 9.380 Executing VM operation: ParallelGCFailedAllocation


Dynamic libraries:
00400000-00401000 r-xp 00000000 08:01 2106691                            /usr/lib/jvm/java-8-oracle/jre/bin/java
00600000-00601000 rw-p 00000000 08:01 2106691                            /usr/lib/jvm/java-8-oracle/jre/bin/java
01298000-012b9000 rw-p 00000000 00:00 0                                  [heap]
c2400000-c4d80000 rw-p 00000000 00:00 0 
c4d80000-eb700000 ---p 00000000 00:00 0 
eb700000-f3b00000 rw-p 00000000 00:00 0 
f8500000-100000000 ---p 00000000 00:00 0 
100000000-1001c0000 rw-p 00000000 00:00 0 
1001c0000-140000000 ---p 00000000 00:00 0 
7fc878000000-7fc878021000 rw-p 00000000 00:00 0 
7fc878021000-7fc87c000000 ---p 00000000 00:00 0 
7fc880000000-7fc880fe3000 rw-p 00000000 00:00 0 
7fc880fe3000-7fc884000000 ---p 00000000 00:00 0 
7fc884000000-7fc884021000 rw-p 00000000 00:00 0 
7fc884021000-7fc888000000 ---p 00000000 00:00 0 
7fc888000000-7fc8892e8000 rw-p 00000000 00:00 0 
7fc8892e8000-7fc88c000000 ---p 00000000 00:00 0 
7fc88c000000-7fc88c021000 rw-p 00000000 00:00 0 
7fc88c021000-7fc890000000 ---p 00000000 00:00 0 
7fc890fff000-7fc894000000 rw-p 00000000 00:00 0 
7fc894000000-7fc894021000 rw-p 00000000 00:00 0 
7fc894021000-7fc898000000 ---p 00000000 00:00 0 
7fc898000000-7fc898021000 rw-p 00000000 00:00 0 
7fc898021000-7fc89c000000 ---p 00000000 00:00 0 
7fc89c000000-7fc89c296000 rw-p 00000000 00:00 0 
7fc89c296000-7fc8a0000000 ---p 00000000 00:00 0 
7fc8a0000000-7fc8a0021000 rw-p 00000000 00:00 0 
7fc8a0021000-7fc8a4000000 ---p 00000000 00:00 0 
7fc8a439a000-7fc8a43da000 rw-p 00000000 00:00 0 
7fc8a43da000-7fc8a459a000 ---p 00000000 00:00 0 
7fc8a459a000-7fc8a479a000 rw-p 00000000 00:00 0 
7fc8a479a000-7fc8a499a000 rw-p 00000000 00:00 0 
7fc8a499a000-7fc8a4b9a000 rw-p 00000000 00:00 0 
7fc8a4d5c000-7fc8a4d78000 r--s 00393000 08:01 2106535                    /usr/lib/jvm/java-8-oracle/jre/lib/ext/cldrdata.jar
7fc8a4d78000-7fc8a4d82000 r--s 00116000 08:01 2106532                    /usr/lib/jvm/java-8-oracle/jre/lib/ext/localedata.jar
7fc8a4d82000-7fc8a4d95000 r--s 00345000 08:01 1976712                    /usr/lib/jvm/java-8-oracle/jre/lib/resources.jar
7fc8a4d9a000-7fc8a4d9c000 r--s 00007000 08:01 791719                     /home/madunlap/.m2/repository/org/apache/maven/surefire/surefire-junit4/2.10/surefire-junit4-2.10.jar
7fc8a4d9c000-7fc8a4d9e000 r--s 0000b000 08:01 921145                     /home/madunlap/.m2/repository/org/json/json/20160212/json-20160212.jar
7fc8a4d9e000-7fc8a4da0000 r--s 00009000 08:01 921147                     /home/madunlap/.m2/repository/com/mashape/unirest/unirest-java/1.4.9/unirest-java-1.4.9.jar
7fc8a4da0000-7fc8a4da2000 r--s 0000e000 08:01 921141                     /home/madunlap/.m2/repository/org/jvnet/mimepull/mimepull/1.9.6/mimepull-1.9.6.jar
7fc8a4da2000-7fc8a4da5000 r--s 0000e000 08:01 921143                     /home/madunlap/.m2/repository/org/glassfish/jersey/media/jersey-media-multipart/2.23.2/jersey-media-multipart-2.23.2.jar
7fc8a4da5000-7fc8a4da9000 r--s 00019000 08:01 921137                     /home/madunlap/.m2/repository/javax/ws/rs/javax.ws.rs-api/2.0.1/javax.ws.rs-api-2.0.1.jar
7fc8a4da9000-7fc8a4dab000 r--s 00010000 08:01 921134                     /home/madunlap/.m2/repository/org/glassfish/jersey/media/jersey-media-jaxb/2.23.2/jersey-media-jaxb-2.23.2.jar
7fc8a4dab000-7fc8a4db0000 r--s 00025000 08:01 921138                     /home/madunlap/.m2/repository/org/glassfish/jersey/core/jersey-client/2.23.2/jersey-client-2.23.2.jar
7fc8a4db0000-7fc8a4dc6000 r--s 000d3000 08:01 921133                     /home/madunlap/.m2/repository/org/glassfish/jersey/core/jersey-server/2.23.2/jersey-server-2.23.2.jar
7fc8a4dc6000-7fc8a4dc7000 r--s 00004000 08:01 921129                     /home/madunlap/.m2/repository/org/glassfish/hk2/osgi-resource-locator/1.0.1/osgi-resource-locator-1.0.1.jar
7fc8a4dc7000-7fc8a4dd1000 r--s 000ae000 08:01 921127                     /home/madunlap/.m2/repository/org/javassist/javassist/3.20.0-GA/javassist-3.20.0-GA.jar
7fc8a4dd1000-7fc8a4dd4000 r--s 0002a000 08:01 921123                     /home/madunlap/.m2/repository/org/glassfish/hk2/hk2-locator/2.5.0-b05/hk2-locator-2.5.0-b05.jar
7fc8a4dd4000-7fc8a4dd6000 r--s 00002000 08:01 921128                     /home/madunlap/.m2/repository/org/glassfish/hk2/external/aopalliance-repackaged/2.5.0-b05/aopalliance-repackaged-2.5.0-b05.jar
7fc8a4dd6000-7fc8a4dda000 r--s 0001a000 08:01 921125                     /home/madunlap/.m2/repository/org/glassfish/hk2/hk2-utils/2.5.0-b05/hk2-utils-2.5.0-b05.jar
7fc8a4dda000-7fc8a4ddf000 r--s 00027000 08:01 921118                     /home/madunlap/.m2/repository/org/glassfish/hk2/hk2-api/2.5.0-b05/hk2-api-2.5.0-b05.jar
7fc8a4ddf000-7fc8a4df7000 r--s 000d6000 08:01 921120                     /home/madunlap/.m2/repository/org/glassfish/jersey/bundles/repackaged/jersey-guava/2.23.2/jersey-guava-2.23.2.jar
7fc8a4df7000-7fc8a4df9000 r--s 00005000 08:01 921116                     /home/madunlap/.m2/repository/javax/annotation/javax.annotation-api/1.2/javax.annotation-api-1.2.jar
7fc8a4df9000-7fc8a4e08000 r--s 000a0000 08:01 921111                     /home/madunlap/.m2/repository/org/glassfish/jersey/core/jersey-common/2.23.2/jersey-common-2.23.2.jar
7fc8a4e08000-7fc8a4e09000 r--s 00001000 08:01 921113                     /home/madunlap/.m2/repository/org/glassfish/hk2/external/javax.inject/2.5.0-b05/javax.inject-2.5.0-b05.jar
7fc8a4e09000-7fc8a4e0c000 r--s 0000e000 08:01 921110                     /home/madunlap/.m2/repository/org/glassfish/jersey/containers/jersey-container-servlet-core/2.23.2/jersey-container-servlet-core-2.23.2.jar
7fc8a4e0c000-7fc8a4e0e000 r--s 00003000 08:01 921107                     /home/madunlap/.m2/repository/org/glassfish/jersey/containers/jersey-container-servlet/2.23.2/jersey-container-servlet-2.23.2.jar
7fc8a4e0e000-7fc8a4e10000 r--s 00008000 08:01 921112                     /home/madunlap/.m2/repository/com/google/auto/auto-common/0.3/auto-common-0.3.jar
7fc8a4e10000-7fc8a4e11000 r--s 00002000 08:01 921105                     /home/madunlap/.m2/repository/com/google/auto/service/auto-service/1.0-rc2/auto-service-1.0-rc2.jar
7fc8a4e11000-7fc8a4e13000 r--s 0000c000 08:01 921153                     /home/madunlap/.m2/repository/com/lyncode/xoai-service-provider/4.1.0-header-patch/xoai-service-provider-4.1.0-header-patch.jar
7fc8a4e13000-7fc8a4e14000 r--s 00001000 08:01 921104                     /home/madunlap/.m2/repository/com/lyncode/builder-commons/1.0.2/builder-commons-1.0.2.jar
7fc8a4e14000-7fc8a4e17000 r--s 00012000 08:01 921152                     /home/madunlap/.m2/repository/com/lyncode/xoai-data-provider/4.1.0-header-patch/xoai-data-provider-4.1.0-header-patch.jar
7fc8a4e17000-7fc8a4e19000 r--s 00005000 08:01 791390                     /home/madunlap/.m2/repository/stax/stax-api/1.0.1/stax-api-1.0.1.jar
7fc8a4e19000-7fc8a4e1f000 r--s 00048000 08:01 921101                     /home/madunlap/.m2/repository/org/apache/commons/commons-lang3/3.1/commons-lang3-3.1.jar
7fc8a4e1f000-7fc8a4e21000 r--s 00004000 08:01 921097                     /home/madunlap/.m2/repository/javax/xml/stream/stax-api/1.0-2/stax-api-1.0-2.jar
7fc8a4e21000-7fc8a4e25000 r--s 00029000 08:01 921098                     /home/madunlap/.m2/repository/org/codehaus/woodstox/stax2-api/3.0.4/stax2-api-3.0.4.jar
7fc8a4e25000-7fc8a4e2b000 r--s 00045000 08:01 921095                     /home/madunlap/.m2/repository/org/hamcrest/hamcrest-all/1.3/hamcrest-all-1.3.jar
7fc8a4e2b000-7fc8a4e30000 r--s 00016000 08:01 791388                     /home/madunlap/.m2/repository/xml-apis/xml-apis/1.0.b2/xml-apis-1.0.b2.jar
7fc8a4e30000-7fc8a4e31000 r--s 00003000 08:01 921092                     /home/madunlap/.m2/repository/com/lyncode/test-support/1.0.4/test-support-1.0.4.jar
7fc8a4e31000-7fc8a4e33000 r--s 00004000 08:01 921090                     /home/madunlap/.m2/repository/com/lyncode/xml-io/1.0.3/xml-io-1.0.3.jar
7fc8a4e33000-7fc8a4e35000 r--s 0000d000 08:01 921151                     /home/madunlap/.m2/repository/com/lyncode/xoai-common/4.1.0-header-patch/xoai-common-4.1.0-header-patch.jar
7fc8a4e35000-7fc8a4e38000 r--s 00011000 08:01 921088                     /home/madunlap/.m2/repository/com/github/scribejava/scribejava-core/3.1.0/scribejava-core-3.1.0.jar
7fc8a4e38000-7fc8a4e3b000 r--s 00010000 08:01 921084                     /home/madunlap/.m2/repository/com/github/scribejava/scribejava-apis/3.1.0/scribejava-apis-3.1.0.jar
7fc8a4e3b000-7fc8a4e44000 r--s 0006f000 08:01 921083                     /home/madunlap/.m2/repository/log4j/log4j/1.2.17/log4j-1.2.17.jar
7fc8a4e44000-7fc8a4f1b000 r--s 007aa000 08:01 921093                     /home/madunlap/.m2/repository/net/sf/ehcache/ehcache/2.10.1/ehcache-2.10.1.jar
7fc8a4f1b000-7fc8a4f1d000 r--s 00008000 08:01 921082                     /home/madunlap/.m2/repository/org/apache/commons/commons-csv/1.2/commons-csv-1.2.jar
7fc8a4f1d000-7fc8a4f21000 r--s 00035000 08:01 921081                     /home/madunlap/.m2/repository/com/fasterxml/jackson/core/jackson-core/2.5.3/jackson-core-2.5.3.jar
7fc8a4f21000-7fc8a4f23000 r--s 00008000 08:01 921075                     /home/madunlap/.m2/repository/com/fasterxml/jackson/core/jackson-annotations/2.5.0/jackson-annotations-2.5.0.jar
7fc8a4f23000-7fc8a4f35000 r--s 00106000 08:01 921073                     /home/madunlap/.m2/repository/com/fasterxml/jackson/core/jackson-databind/2.5.3/jackson-databind-2.5.3.jar
7fc8a4f35000-7fc8a4f38000 r--s 00006000 08:01 921070                     /home/madunlap/.m2/repository/com/google/code/findbugs/jsr305/1.3.9/jsr305-1.3.9.jar
7fc8a4f38000-7fc8a4f3e000 r--s 00040000 08:01 921074                     /home/madunlap/.m2/repository/com/google/http-client/google-http-client/1.20.0/google-http-client-1.20.0.jar
7fc8a4f3e000-7fc8a4f3f000 r--s 00004000 08:01 921066                     /home/madunlap/.m2/repository/com/maxmind/db/maxmind-db/1.0.0/maxmind-db-1.0.0.jar
7fc8a4f3f000-7fc8a4f41000 r--s 00007000 08:01 921064                     /home/madunlap/.m2/repository/com/maxmind/geoip2/geoip2/2.3.1/geoip2-2.3.1.jar
7fc8a4f41000-7fc8a4f43000 r--s 00003000 08:01 921062                     /home/madunlap/.m2/repository/org/slf4j/jcl-over-slf4j/1.7.2/jcl-over-slf4j-1.7.2.jar
7fc8a4f43000-7fc8a4f47000 r--s 00034000 08:01 921067                     /home/madunlap/.m2/repository/org/codehaus/jackson/jackson-core-asl/1.9.7/jackson-core-asl-1.9.7.jar
7fc8a4f47000-7fc8a4f56000 r--s 000b0000 08:01 921065                     /home/madunlap/.m2/repository/org/codehaus/jackson/jackson-mapper-asl/1.9.7/jackson-mapper-asl-1.9.7.jar
7fc8a4f56000-7fc8a4f60000 r--s 0003d000 08:01 921060                     /home/madunlap/.m2/repository/org/javaswift/joss/0.9.10/joss-0.9.10.jar
7fc8a4f60000-7fc8a4f67000 r--s 0003a000 08:01 921056                     /home/madunlap/.m2/repository/commons-codec/commons-codec/1.9/commons-codec-1.9.jar
7fc8a4f67000-7fc8a4f6e000 r--s 00048000 08:01 921054                     /home/madunlap/.m2/repository/org/apache/httpcomponents/httpcore/4.4.1/httpcore-4.4.1.jar
7fc8a4f6e000-7fc8a4f7b000 r--s 000a4000 08:01 921052                     /home/madunlap/.m2/repository/org/apache/httpcomponents/httpclient/4.4.1/httpclient-4.4.1.jar
7fc8a4f7b000-7fc8a4f7f000 r--s 00028000 08:01 921050                     /home/madunlap/.m2/repository/org/apache/httpcomponents/httpasyncclient/4.1/httpasyncclient-4.1.jar
7fc8a4f7f000-7fc8a4f86000 r--s 00050000 08:01 921049                     /home/madunlap/.m2/repository/org/apache/httpcomponents/httpcore-nio/4.4.1/httpcore-nio-4.4.1.jar
7fc8a4f86000-7fc8a4f8c000 r--s 00033000 08:01 921046                     /home/madunlap/.m2/repository/io/searchbox/jest-common/0.1.7/jest-common-0.1.7.jar
7fc8a4f8c000-7fc8a4f8d000 r--s 00004000 08:01 921045                     /home/madunlap/.m2/repository/io/searchbox/jest/0.1.7/jest-0.1.7.jar
7fc8a4f8d000-7fc8a4f90000 r--s 0000f000 08:01 921042                     /home/madunlap/.m2/repository/commons-discovery/commons-discovery/0.2/commons-discovery-0.2.jar
7fc8a4f90000-7fc8a4f93000 r--s 0001c000 08:01 921043                     /home/madunlap/.m2/repository/axis/axis-wsdl4j/1.5.1/axis-wsdl4j-1.5.1.jar
7fc8a4f93000-7fc8a4f94000 r--s 00004000 08:01 921039                     /home/madunlap/.m2/repository/org/apache/axis/axis-saaj/1.4/axis-saaj-1.4.jar
7fc8a4f94000-7fc8a4f96000 r--s 00006000 08:01 921036                     /home/madunlap/.m2/repository/org/apache/axis/axis-jaxrpc/1.4/axis-jaxrpc-1.4.jar
7fc8a4f96000-7fc8a4faa000 r--s 00173000 08:01 921038                     /home/madunlap/.m2/repository/axis/axis/1.4/axis-1.4.jar
7fc8a4faa000-7fc8a4fac000 r--s 00009000 08:01 921034                     /home/madunlap/.m2/repository/org/objenesis/objenesis/2.1/objenesis-2.1.jar
7fc8a4fac000-7fc8a4fc8000 r--s 00103000 08:01 921030                     /home/madunlap/.m2/repository/org/mockito/mockito-core/1.10.19/mockito-core-1.10.19.jar
7fc8a4fc8000-7fc8a4fca000 r--s 00001000 08:01 921031                     /home/madunlap/.m2/repository/org/slf4j/slf4j-log4j12/1.7.7/slf4j-log4j12-1.7.7.jar
7fc8a4fca000-7fc8a4fcc000 r--s 00006000 08:01 791385                     /home/madunlap/.m2/repository/org/slf4j/slf4j-api/1.7.7/slf4j-api-1.7.7.jar
7fc8a4fcc000-7fc8a4fd0000 r--s 0001f000 08:01 921028                     /home/madunlap/.m2/repository/org/jacoco/org.jacoco.report/0.7.5.201505241946/org.jacoco.report-0.7.5.201505241946.jar
7fc8a4fd0000-7fc8a4fd5000 r--s 00058000 08:01 921027                     /home/madunlap/.m2/repository/org/ow2/asm/asm-debug-all/5.0.1/asm-debug-all-5.0.1.jar
7fc8a4fd5000-7fc8a4fd9000 r--s 0001d000 08:01 791383                     /home/madunlap/.m2/repository/org/jacoco/org.jacoco.core/0.7.5.201505241946/org.jacoco.core-0.7.5.201505241946.jar
7fc8a4fd9000-7fc8a4fda000 ---p 00000000 00:00 0 
7fc8a4fda000-7fc8a50da000 rw-p 00000000 00:00 0 
7fc8a50da000-7fc8a50dd000 ---p 00000000 00:00 0 
7fc8a50dd000-7fc8a51db000 rw-p 00000000 00:00 0 
7fc8a51db000-7fc8a51de000 ---p 00000000 00:00 0 
7fc8a51de000-7fc8a52dc000 rw-p 00000000 00:00 0 
7fc8a52dc000-7fc8a52df000 ---p 00000000 00:00 0 
7fc8a52df000-7fc8a53dd000 rw-p 00000000 00:00 0 
7fc8a53dd000-7fc8a53ee000 r-xp 00000000 08:01 2106483                    /usr/lib/jvm/java-8-oracle/jre/lib/amd64/libnio.so
7fc8a53ee000-7fc8a55ed000 ---p 00011000 08:01 2106483                    /usr/lib/jvm/java-8-oracle/jre/lib/amd64/libnio.so
7fc8a55ed000-7fc8a55ee000 rw-p 00010000 08:01 2106483                    /usr/lib/jvm/java-8-oracle/jre/lib/amd64/libnio.so
7fc8a55ee000-7fc8a5604000 r-xp 00000000 08:01 2106458                    /usr/lib/jvm/java-8-oracle/jre/lib/amd64/libnet.so
7fc8a5604000-7fc8a5804000 ---p 00016000 08:01 2106458                    /usr/lib/jvm/java-8-oracle/jre/lib/amd64/libnet.so
7fc8a5804000-7fc8a5805000 rw-p 00016000 08:01 2106458                    /usr/lib/jvm/java-8-oracle/jre/lib/amd64/libnet.so
7fc8a5805000-7fc8a5808000 r--s 0001a000 08:01 1976716                    /usr/lib/jvm/java-8-oracle/jre/lib/jce.jar
7fc8a5808000-7fc8a580d000 r--s 0009a000 08:01 1976643                    /usr/lib/jvm/java-8-oracle/jre/lib/jsse.jar
7fc8a580d000-7fc8a5813000 r--s 00041000 08:01 661360                     /home/madunlap/.m2/repository/org/jacoco/org.jacoco.agent/0.7.5.201505241946/org.jacoco.agent-0.7.5.201505241946-runtime.jar
7fc8a5813000-7fc8a5815000 r--s 0000e000 08:01 921023                     /home/madunlap/.m2/repository/oro/oro/2.0.8/oro-2.0.8.jar
7fc8a5815000-7fc8a581d000 r--s 00058000 08:01 921019                     /home/madunlap/.m2/repository/org/apache/velocity/velocity/1.5/velocity-1.5.jar
7fc8a581d000-7fc8a581e000 r--s 00001000 08:01 921022                     /home/madunlap/.m2/repository/org/codehaus/plexus/plexus-velocity/1.1.7/plexus-velocity-1.1.7.jar
7fc8a581e000-7fc8a581f000 r--s 00002000 08:01 921017                     /home/madunlap/.m2/repository/org/codehaus/plexus/plexus-i18n/1.0-beta-7/plexus-i18n-1.0-beta-7.jar
7fc8a581f000-7fc8a5821000 r--s 00008000 08:01 921015                     /home/madunlap/.m2/repository/org/apache/maven/doxia/doxia-module-fml/1.1.2/doxia-module-fml-1.1.2.jar
7fc8a5821000-7fc8a5822000 r--s 00003000 08:01 921016                     /home/madunlap/.m2/repository/org/apache/maven/doxia/doxia-module-xhtml/1.1.2/doxia-module-xhtml-1.1.2.jar
7fc8a5822000-7fc8a5824000 r--s 0000b000 08:01 921011                     /home/madunlap/.m2/repository/org/apache/maven/doxia/doxia-decoration-model/1.1.2/doxia-decoration-model-1.1.2.jar
7fc8a5824000-7fc8a5826000 r--s 0000b000 08:01 921008                     /home/madunlap/.m2/repository/org/apache/maven/doxia/doxia-site-renderer/1.1.2/doxia-site-renderer-1.1.2.jar
7fc8a5826000-7fc8a582a000 r--s 00023000 08:01 921010                     /home/madunlap/.m2/repository/org/apache/maven/doxia/doxia-core/1.1.2/doxia-core-1.1.2.jar
7fc8a582a000-7fc8a582c000 r--s 00003000 08:01 921007                     /home/madunlap/.m2/repository/org/apache/maven/reporting/maven-reporting-impl/2.1/maven-reporting-impl-2.1.jar
7fc8a582c000-7fc8a582d000 r--s 00002000 08:01 921004                     /home/madunlap/.m2/repository/org/apache/maven/doxia/doxia-logging-api/1.1/doxia-logging-api-1.1.jar
7fc8a582d000-7fc8a582f000 r--s 00002000 08:01 921001                     /home/madunlap/.m2/repository/org/apache/maven/doxia/doxia-sink-api/1.1/doxia-sink-api-1.1.jar
7fc8a582f000-7fc8a5830000 r--s 00002000 08:01 920999                     /home/madunlap/.m2/repository/org/apache/maven/reporting/maven-reporting-api/2.2.1/maven-reporting-api-2.2.1.jar
7fc8a5830000-7fc8a5832000 r--s 00008000 08:01 920995                     /home/madunlap/.m2/repository/org/apache/maven/shared/maven-shared-io/1.1/maven-shared-io-1.1.jar
7fc8a5832000-7fc8a5834000 r--s 00008000 08:01 920998                     /home/madunlap/.m2/repository/org/apache/maven/shared/file-management/1.2.1/file-management-1.2.1.jar
7fc8a5834000-7fc8a5839000 r--s 00039000 08:01 920997                     /home/madunlap/.m2/repository/org/codehaus/plexus/plexus-utils/1.5.6/plexus-utils-1.5.6.jar
7fc8a5839000-7fc8a583b000 r--s 00008000 08:01 920991                     /home/madunlap/.m2/repository/classworlds/classworlds/1.1-alpha-2/classworlds-1.1-alpha-2.jar
7fc8a583b000-7fc8a5842000 r--s 00029000 08:01 920988                     /home/madunlap/.m2/repository/org/codehaus/plexus/plexus-container-default/1.0-alpha-9-stable-1/plexus-container-default-1.0-alpha-9-stable-1.jar
7fc8a5842000-7fc8a5845000 r--s 00011000 08:01 920989                     /home/madunlap/.m2/repository/org/apache/maven/maven-artifact/2.2.1/maven-artifact-2.2.1.jar
7fc8a5845000-7fc8a5847000 r--s 0000b000 08:01 920985                     /home/madunlap/.m2/repository/org/codehaus/plexus/plexus-interpolation/1.11/plexus-interpolation-1.11.jar
7fc8a5847000-7fc8a5849000 r--s 00006000 08:01 920982                     /home/madunlap/.m2/repository/org/apache/maven/maven-plugin-registry/2.2.1/maven-plugin-registry-2.2.1.jar
7fc8a5849000-7fc8a5851000 r--s 00049000 08:01 920984                     /home/madunlap/.m2/repository/backport-util-concurrent/backport-util-concurrent/3.1/backport-util-concurrent-3.1.jar
7fc8a5851000-7fc8a5853000 r--s 0000b000 08:01 920978                     /home/madunlap/.m2/repository/org/apache/maven/wagon/wagon-provider-api/1.0-beta-6/wagon-provider-api-1.0-beta-6.jar
7fc8a5853000-7fc8a5855000 r--s 00005000 08:01 920980                     /home/madunlap/.m2/repository/org/apache/maven/maven-repository-metadata/2.2.1/maven-repository-metadata-2.2.1.jar
7fc8a5855000-7fc8a5857000 r--s 0000f000 08:01 920975                     /home/madunlap/.m2/repository/org/apache/maven/maven-artifact-manager/2.2.1/maven-artifact-manager-2.2.1.jar
7fc8a5857000-7fc8a5859000 r--s 00014000 08:01 920971                     /home/madunlap/.m2/repository/org/apache/maven/maven-model/2.2.1/maven-model-2.2.1.jar
7fc8a5859000-7fc8a585b000 r--s 00007000 08:01 920969                     /home/madunlap/.m2/repository/org/apache/maven/maven-profile/2.2.1/maven-profile-2.2.1.jar
7fc8a585b000-7fc8a585c000 r--s 0000b000 08:01 920972                     /home/madunlap/.m2/repository/org/apache/maven/maven-settings/2.2.1/maven-settings-2.2.1.jar
7fc8a585c000-7fc8a5860000 r--s 00023000 08:01 920973                     /home/madunlap/.m2/repository/org/apache/maven/maven-project/2.2.1/maven-project-2.2.1.jar
7fc8a5860000-7fc8a5862000 r--s 00002000 08:01 661356                     /home/madunlap/.m2/repository/org/apache/maven/maven-plugin-api/2.2.1/maven-plugin-api-2.2.1.jar
7fc8a5862000-7fc8a5864000 r--s 0000b000 08:01 660606                     /home/madunlap/.m2/repository/org/jacoco/jacoco-maven-plugin/0.7.5.201505241946/jacoco-maven-plugin-0.7.5.201505241946.jar
7fc8a5864000-7fc8a5866000 r--s 00013000 08:01 791380                     /home/madunlap/.m2/repository/com/jayway/restassured/xml-path/2.4.0/xml-path-2.4.0.jar
7fc8a5866000-7fc8a5868000 r--s 00007000 08:01 791379                     /home/madunlap/.m2/repository/com/jayway/restassured/rest-assured-common/2.4.0/rest-assured-common-2.4.0.jar
7fc8a5868000-7fc8a586a000 r--s 0001e000 08:01 661355                     /home/madunlap/.m2/repository/org/codehaus/groovy/groovy-json/2.3.7/groovy-json-2.3.7.jar
7fc8a586a000-7fc8a586c000 r--s 0000d000 08:01 791376                     /home/madunlap/.m2/repository/com/jayway/restassured/json-path/2.4.0/json-path-2.4.0.jar
7fc8a586c000-7fc8a586e000 r--s 00015000 08:01 791373                     /home/madunlap/.m2/repository/org/ccil/cowan/tagsoup/tagsoup/1.2.1/tagsoup-1.2.1.jar
7fc8a586e000-7fc8a586f000 r--s 0000c000 08:01 791372                     /home/madunlap/.m2/repository/org/hamcrest/hamcrest-library/1.3/hamcrest-library-1.3.jar
7fc8a586f000-7fc8a5871000 r--s 00009000 08:01 791370                     /home/madunlap/.m2/repository/org/hamcrest/hamcrest-core/1.3/hamcrest-core-1.3.jar
7fc8a5871000-7fc8a5876000 r--s 00034000 08:01 661352                     /home/madunlap/.m2/repository/org/codehaus/groovy/groovy-xml/2.3.7/groovy-xml-2.3.7.jar
7fc8a5876000-7fc8a58bf000 r--s 003fb000 08:01 661354                     /home/madunlap/.m2/repository/org/codehaus/groovy/groovy/2.3.7/groovy-2.3.7.jar
7fc8a58bf000-7fc8a58c9000 r--s 0008c000 08:01 791368                     /home/madunlap/.m2/repository/com/jayway/restassured/rest-assured/2.4.0/rest-assured-2.4.0.jar
7fc8a58c9000-7fc8a58cf000 r--s 00044000 08:01 791367                     /home/madunlap/.m2/repository/org/jsoup/jsoup/1.8.1/jsoup-1.8.1.jar
7fc8a58cf000-7fc8a58d1000 r--s 00004000 08:01 791401                     /home/madunlap/.m2/repository/edu/ucsb/nceas/ezid/1.0.0/ezid-1.0.0.jar
7fc8a58d1000-7fc8a58d4000 r--s 0000b000 08:01 791362                     /home/madunlap/.m2/repository/org/ocpsoft/rewrite/rewrite-integration-faces/2.0.12.Final/rewrite-integration-faces-2.0.12.Final.jar
7fc8a58d4000-7fc8a58d6000 r--s 00001000 08:01 791360                     /home/madunlap/.m2/repository/org/ocpsoft/rewrite/rewrite-annotations-api/2.0.12.Final/rewrite-annotations-api-2.0.12.Final.jar
7fc8a58d6000-7fc8a58d7000 r--s 00005000 08:01 791359                     /home/madunlap/.m2/repository/org/ocpsoft/rewrite/rewrite-addressbuilder/2.0.12.Final/rewrite-addressbuilder-2.0.12.Final.jar
7fc8a58d7000-7fc8a58d9000 r--s 00008000 08:01 791357                     /home/madunlap/.m2/repository/org/ocpsoft/rewrite/rewrite-api-servlet/2.0.12.Final/rewrite-api-servlet-2.0.12.Final.jar
7fc8a58d9000-7fc8a58db000 r--s 00001000 08:01 791354                     /home/madunlap/.m2/repository/org/ocpsoft/logging/logging-api/1.0.2.Final/logging-api-1.0.2.Final.jar
7fc8a58db000-7fc8a58dc000 r--s 00003000 08:01 791353                     /home/madunlap/.m2/repository/org/ocpsoft/common/common-api/1.0.5.Final/common-api-1.0.5.Final.jar
7fc8a58dc000-7fc8a58e0000 r--s 00018000 08:01 791351                     /home/madunlap/.m2/repository/org/ocpsoft/rewrite/rewrite-api/2.0.12.Final/rewrite-api-2.0.12.Final.jar
7fc8a58e0000-7fc8a58e2000 r--s 00005000 08:01 791349                     /home/madunlap/.m2/repository/org/ocpsoft/rewrite/rewrite-annotations-impl/2.0.12.Final/rewrite-annotations-impl-2.0.12.Final.jar
7fc8a58e2000-7fc8a58f0000 r--s 00092000 08:01 791352                     /home/madunlap/.m2/repository/org/ocpsoft/rewrite/rewrite-config-prettyfaces/2.0.12.Final/rewrite-config-prettyfaces-2.0.12.Final.jar
7fc8a58f0000-7fc8a58fe000 r--s 0005f000 08:01 791345                     /home/madunlap/.m2/repository/org/ocpsoft/rewrite/rewrite-servlet/2.0.12.Final/rewrite-servlet-2.0.12.Final.jar
7fc8a58fe000-7fc8a5902000 r--s 0003c000 08:01 791218                     /home/madunlap/.m2/repository/javax/media/jai_codec/1.1.3/jai_codec-1.1.3.jar
7fc8a5902000-7fc8a5916000 r--s 001bd000 08:01 791220                     /home/madunlap/.m2/repository/javax/media/jai_core/1.1.3/jai_core-1.1.3.jar
7fc8a5916000-7fc8a5927000 r--s 00106000 08:01 791219                     /home/madunlap/.m2/repository/javax/media/jai_imageio/1.1.1/jai_imageio-1.1.1.jar
7fc8a5927000-7fc8a5929000 r--s 00009000 08:01 791399                     /home/madunlap/.m2/repository/edu/harvard/hul/ois/jhove/jhove-handler/1.11.0/jhove-handler-1.11.0.jar
7fc8a5929000-7fc8a5932000 r--s 00079000 08:01 791398                     /home/madunlap/.m2/repository/edu/harvard/hul/ois/jhove/jhove-module/1.11.0/jhove-module-1.11.0.jar
7fc8a5932000-7fc8a5935000 r--s 00011000 08:01 791396                     /home/madunlap/.m2/repository/edu/harvard/hul/ois/jhove/jhove/1.11.0/jhove-1.11.0.jar
7fc8a5935000-7fc8a5945000 r--s 0011f000 08:01 791342                     /home/madunlap/.m2/repository/org/apache/poi/poi-scratchpad/3.10-FINAL/poi-scratchpad-3.10-FINAL.jar
7fc8a5945000-7fc8a594b000 r--s 00047000 08:01 791341                     /home/madunlap/.m2/repository/org/apache/poi/poi-examples/3.10-FINAL/poi-examples-3.10-FINAL.jar
7fc8a594b000-7fc8a5950000 r--s 00048000 08:01 791338                     /home/madunlap/.m2/repository/dom4j/dom4j/1.6.1/dom4j-1.6.1.jar
7fc8a5950000-7fc8a598d000 r--s 0024f000 08:01 791336                     /home/madunlap/.m2/repository/org/apache/xmlbeans/xmlbeans/2.3.0/xmlbeans-2.3.0.jar
7fc8a598d000-7fc8a5a25000 r--s 00420000 08:01 791334                     /home/madunlap/.m2/repository/org/apache/poi/poi-ooxml-schemas/3.10-FINAL/poi-ooxml-schemas-3.10-FINAL.jar
7fc8a5a25000-7fc8a5a33000 r--s 000ee000 08:01 791333                     /home/madunlap/.m2/repository/org/apache/poi/poi-ooxml/3.10-FINAL/poi-ooxml-3.10-FINAL.jar
7fc8a5a33000-7fc8a5a55000 r--s 001bb000 08:01 791332                     /home/madunlap/.m2/repository/org/apache/poi/poi/3.10-FINAL/poi-3.10-FINAL.jar
7fc8a5a55000-7fc8a5a57000 r--s 00006000 08:01 791331                     /home/madunlap/.m2/repository/org/nuiton/thirdparty/Rserve/0.6-1/Rserve-0.6-1.jar
7fc8a5a57000-7fc8a5a59000 r--s 00006000 08:01 791328                     /home/madunlap/.m2/repository/org/nuiton/thirdparty/REngine/0.6-1/REngine-0.6-1.jar
7fc8a5a59000-7fc8a5a5a000 r--s 0000c000 08:01 791397                     /home/madunlap/.m2/repository/org/dataverse/unf/6.0/unf-6.0.jar
7fc8a5a5a000-7fc8a5a63000 r--s 000a6000 08:01 791393                     /home/madunlap/.m2/repository/net/handle/handle/2006-06-16-generated/handle-2006-06-16-generated.jar
7fc8a5a63000-7fc8a5a66000 r--s 00035000 08:01 791395                     /home/madunlap/.m2/repository/nom/tam/fits/fits/2012-10-25-generated/fits-2012-10-25-generated.jar
7fc8a5a66000-7fc8a5a6d000 r--s 00028000 08:01 791326                     /home/madunlap/.m2/repository/concurrent/concurrent/1.3.4/concurrent-1.3.4.jar
7fc8a5a6d000-7fc8a5a7b000 r--s 00081000 08:01 791324                     /home/madunlap/.m2/repository/colt/colt/1.2.0/colt-1.2.0.jar
7fc8a5a7b000-7fc8a5a88000 r--s 00083000 08:01 791320                     /home/madunlap/.m2/repository/commons-collections/commons-collections/3.2.2/commons-collections-3.2.2.jar
7fc8a5a88000-7fc8a5a8c000 r--s 00020000 08:01 791319                     /home/madunlap/.m2/repository/commons-digester/commons-digester/1.8.1/commons-digester-1.8.1.jar
7fc8a5a8c000-7fc8a5a91000 r--s 00035000 08:01 791317                     /home/madunlap/.m2/repository/commons-beanutils/commons-beanutils/1.9.2/commons-beanutils-1.9.2.jar
7fc8a5a91000-7fc8a5a95000 r--s 0002a000 08:01 791315                     /home/madunlap/.m2/repository/commons-validator/commons-validator/1.6/commons-validator-1.6.jar
7fc8a5a95000-7fc8a5aa8000 r--s 000df000 08:01 791313                     /home/madunlap/.m2/repository/org/apache/commons/commons-math/2.2/commons-math-2.2.jar
7fc8a5aa8000-7fc8a5aaa000 r--s 0000e000 08:01 791309                     /home/madunlap/.m2/repository/commons-logging/commons-logging/1.1.3/commons-logging-1.1.3.jar
7fc8a5aaa000-7fc8a5aac000 r--s 00005000 08:01 791311                     /home/madunlap/.m2/repository/org/apache/httpcomponents/httpmime/4.2.6/httpmime-4.2.6.jar
7fc8a5aac000-7fc8a5ab8000 r--s 000b3000 08:01 791304                     /home/madunlap/.m2/repository/org/apache/zookeeper/zookeeper/3.4.5/zookeeper-3.4.5.jar
7fc8a5ab8000-7fc8a5ac0000 r--s 0005b000 08:01 791305                     /home/madunlap/.m2/repository/org/apache/solr/solr-solrj/4.6.0/solr-solrj-4.6.0.jar
7fc8a5ac0000-7fc8a5ac5000 r--s 00041000 08:01 791300                     /home/madunlap/.m2/repository/commons-lang/commons-lang/2.6/commons-lang-2.6.jar
7fc8a5ac5000-7fc8a5ac7000 r--s 0000d000 08:01 791302                     /home/madunlap/.m2/repository/com/fasterxml/classmate/1.0.0/classmate-1.0.0.jar
7fc8a5ac7000-7fc8a5ac9000 r--s 0000d000 08:01 791296                     /home/madunlap/.m2/repository/org/jboss/logging/jboss-logging/3.1.1.GA/jboss-logging-3.1.1.GA.jar
7fc8a5ac9000-7fc8a5acd000 r--s 0000c000 08:01 791294                     /home/madunlap/.m2/repository/javax/validation/validation-api/1.1.0.Final/validation-api-1.1.0.Final.jar
7fc8a5acd000-7fc8a5ada000 r--s 00080000 08:01 791293                     /home/madunlap/.m2/repository/org/hibernate/hibernate-validator/5.0.3.Final/hibernate-validator-5.0.3.Final.jar
7fc8a5ada000-7fc8a5ae4000 r--s 0006b000 08:01 791289                     /home/madunlap/.m2/repository/org/omnifaces/omnifaces/1.7/omnifaces-1.7.jar
7fc8a5ae4000-7fc8a5af3000 r--s 000c4000 08:01 791290                     /home/madunlap/.m2/repository/org/atmosphere/atmosphere-runtime/2.4.2/atmosphere-runtime-2.4.2.jar
7fc8a5af3000-7fc8a5b07000 r--s 0013a000 08:01 791121                     /home/madunlap/.m2/repository/org/primefaces/themes/all-themes/1.0.10/all-themes-1.0.10.jar
7fc8a5b07000-7fc8a5b33000 r--s 00318000 08:01 791288                     /home/madunlap/.m2/repository/org/primefaces/primefaces/5.3/primefaces-5.3.jar
7fc8a5b33000-7fc8a5b55000 r--s 00120000 08:01 791284                     /home/madunlap/.m2/repository/javax/javaee-web-api/7.0/javaee-web-api-7.0.jar
7fc8a5b55000-7fc8a5b57000 r--s 0000e000 08:01 791282                     /home/madunlap/.m2/repository/javax/activation/activation/1.1/activation-1.1.jar
7fc8a5b57000-7fc8a5b5f000 r--s 00078000 08:01 791280                     /home/madunlap/.m2/repository/com/sun/mail/javax.mail/1.5.0/javax.mail-1.5.0.jar
7fc8a5b5f000-7fc8a5b93000 r--s 001a4000 08:01 791278                     /home/madunlap/.m2/repository/javax/javaee-api/7.0/javaee-api-7.0.jar
7fc8a5b93000-7fc8a5bbe000 r--s 001f5000 08:01 791277                     /home/madunlap/.m2/repository/com/google/guava/guava/16.0.1/guava-16.0.1.jar
7fc8a5bbe000-7fc8a5bdc000 r--s 0027d000 08:01 791273                     /home/madunlap/.m2/repository/xalan/xalan/2.7.0/xalan-2.7.0.jar
7fc8a5bdc000-7fc8a5bf0000 r--s 000e3000 08:01 791272                     /home/madunlap/.m2/repository/xerces/xercesImpl/2.6.2/xercesImpl-2.6.2.jar
7fc8a5bf0000-7fc8a5bf6000 r--s 00019000 08:01 791270                     /home/madunlap/.m2/repository/xerces/xmlParserAPIs/2.6.2/xmlParserAPIs-2.6.2.jar
7fc8a5bf6000-7fc8a5bfd000 r--s 00063000 08:01 791268                     /home/madunlap/.m2/repository/xom/xom/1.1/xom-1.1.jar
7fc8a5bfd000-7fc8a5c02000 r--s 0002a000 08:01 791265                     /home/madunlap/.m2/repository/com/google/code/gson/gson/2.2.4/gson-2.2.4.jar
7fc8a5c02000-7fc8a5c06000 r--s 00027000 08:01 791263                     /home/madunlap/.m2/repository/commons-io/commons-io/2.2/commons-io-2.2.jar
7fc8a5c06000-7fc8a5c0c000 r--s 00032000 08:01 791261                     /home/madunlap/.m2/repository/jaxen/jaxen/1.1.1/jaxen-1.1.1.jar
7fc8a5c0c000-7fc8a5c13000 r--s 00079000 08:01 661348                     /home/madunlap/.m2/repository/org/codehaus/woodstox/wstx-asl/3.2.6/wstx-asl-3.2.6.jar
7fc8a5c13000-7fc8a601f000 r--s 03c80000 08:01 791225                     /home/madunlap/.m2/repository/com/amazonaws/aws-java-sdk-bundle/1.11.172/aws-java-sdk-bundle-1.11.172.jar
7fc8a601f000-7fc8a6022000 ---p 00000000 00:00 0 
7fc8a6022000-7fc8a8000000 rw-p 00000000 00:00 0 
7fc8a8000000-7fc8a8021000 rw-p 00000000 00:00 0 
7fc8a8021000-7fc8ac000000 ---p 00000000 00:00 0 
7fc8ac000000-7fc8ac002000 r--s 0000f000 08:01 791260                     /home/madunlap/.m2/repository/commons-fileupload/commons-fileupload/1.3.1/commons-fileupload-1.3.1.jar
7fc8ac002000-7fc8ac007000 r--s 00070000 08:01 661349                     /home/madunlap/.m2/repository/org/codehaus/woodstox/woodstox-core-asl/4.1.4/woodstox-core-asl-4.1.4.jar
7fc8ac007000-7fc8ac00b000 r--s 00026000 08:01 791256                     /home/madunlap/.m2/repository/org/apache/ws/commons/axiom/axiom-impl/1.2.14/axiom-impl-1.2.14.jar
7fc8ac00b000-7fc8ac00e000 r--s 00015000 08:01 791254                     /home/madunlap/.m2/repository/org/apache/james/apache-mime4j-core/0.7.2/apache-mime4j-core-0.7.2.jar
7fc8ac00e000-7fc8ac013000 r--s 00032000 08:01 791252                     /home/madunlap/.m2/repository/org/apache/geronimo/specs/geronimo-javamail_1.4_spec/1.7.1/geronimo-javamail_1.4_spec-1.7.1.jar
7fc8ac013000-7fc8ac01d000 r--s 0005d000 08:01 791250                     /home/madunlap/.m2/repository/org/apache/ws/commons/axiom/axiom-api/1.2.14/axiom-api-1.2.14.jar
7fc8ac01d000-7fc8ac020000 r--s 0014e000 08:01 791249                     /home/madunlap/.m2/repository/org/apache/abdera/abdera-parser/1.1.3/abdera-parser-1.1.3.jar
7fc8ac020000-7fc8ac022000 r--s 00006000 08:01 791245                     /home/madunlap/.m2/repository/org/apache/geronimo/specs/geronimo-stax-api_1.0_spec/1.0.1/geronimo-stax-api_1.0_spec-1.0.1.jar
7fc8ac022000-7fc8ac026000 r--s 00094000 08:01 791246                     /home/madunlap/.m2/repository/org/apache/abdera/abdera-i18n/1.1.3/abdera-i18n-1.1.3.jar
7fc8ac026000-7fc8ac02a000 r--s 00024000 08:01 791241                     /home/madunlap/.m2/repository/org/apache/abdera/abdera-core/1.1.3/abdera-core-1.1.3.jar
7fc8ac02a000-7fc8ac043000 r--s 002fd000 08:01 791240                     /home/madunlap/.m2/repository/com/ibm/icu/icu4j/3.4.4/icu4j-3.4.4.jar
7fc8ac043000-7fc8ac0ca000 rw-p 00000000 00:00 0 
7fc8ac0ca000-7fc8ac3a5000 r--p 00000000 08:01 1441812                    /usr/lib/locale/locale-archive
7fc8ac3a5000-7fc8ac3a8000 ---p 00000000 00:00 0 
7fc8ac3a8000-7fc8ac4a6000 rw-p 00000000 00:00 0 
7fc8ac4a6000-7fc8ac4a9000 ---p 00000000 00:00 0 
7fc8ac4a9000-7fc8ac5a7000 rw-p 00000000 00:00 0 
7fc8ac5a7000-7fc8ac5a8000 ---p 00000000 00:00 0 
7fc8ac5a8000-7fc8ad000000 rw-p 00000000 00:00 0 
7fc8ad000000-7fc8ad6e0000 rwxp 00000000 00:00 0 
7fc8ad6e0000-7fc8bc000000 ---p 00000000 00:00 0 
7fc8bc000000-7fc8bcea5000 rw-p 00000000 00:00 0 
7fc8bcea5000-7fc8c0000000 ---p 00000000 00:00 0 
7fc8c0000000-7fc8c0001000 r--s 00018000 08:01 791394                     /home/madunlap/.m2/repository/edu/harvard/iq/dvn/unf5/5.0/unf5-5.0.jar
7fc8c0001000-7fc8c0003000 r--s 0000a000 08:01 791243                     /home/madunlap/.m2/repository/org/apache/geronimo/specs/geronimo-activation_1.1_spec/1.1/geronimo-activation_1.1_spec-1.1.jar
7fc8c0003000-7fc8c0006000 r--s 00023000 08:01 791237                     /home/madunlap/.m2/repository/com/hp/hpl/jena/iri/0.8/iri-0.8.jar
7fc8c0006000-7fc8c0029000 r--s 001ae000 08:01 791235                     /home/madunlap/.m2/repository/com/hp/hpl/jena/jena/2.6.4/jena-2.6.4.jar
7fc8c0029000-7fc8c002b000 r--s 0000d000 08:01 791233                     /home/madunlap/.m2/repository/org/apache/abdera/abdera-client/1.1.1/abdera-client-1.1.1.jar
7fc8c002b000-7fc8c002d000 r--s 00016000 08:01 791230                     /home/madunlap/.m2/repository/javax/servlet/servlet-api/2.4/servlet-api-2.4.jar
7fc8c002d000-7fc8c0030000 r--s 0000f000 08:01 791226                     /home/madunlap/.m2/repository/org/swordapp/sword2-server/1.0/sword2-server-1.0-classes.jar
7fc8c0030000-7fc8c0035000 r--s 00040000 08:01 791224                     /home/madunlap/.m2/repository/commons-httpclient/commons-httpclient/3.0.1/commons-httpclient-3.0.1.jar
7fc8c0035000-7fc8c0038000 r--s 00012000 08:01 791228                     /home/madunlap/.m2/repository/org/glassfish/javax.json/1.0.4/javax.json-1.0.4.jar
7fc8c0038000-7fc8c003e000 r--s 00034000 08:01 791227                     /home/madunlap/.m2/repository/junit/junit/4.8.1/junit-4.8.1.jar
7fc8c003e000-7fc8c0218000 r--s 03d4d000 08:01 1976682                    /usr/lib/jvm/java-8-oracle/jre/lib/rt.jar
7fc8c0218000-7fc8c0c06000 rw-p 00000000 00:00 0 
7fc8c0c06000-7fc8c0c07000 ---p 00000000 00:00 0 
7fc8c0c07000-7fc8c0d07000 rw-p 00000000 00:00 0 
7fc8c0d07000-7fc8c0d08000 ---p 00000000 00:00 0 
7fc8c0d08000-7fc8c0e1d000 rw-p 00000000 00:00 0 
7fc8c0e1d000-7fc8c0f52000 ---p 00000000 00:00 0 
7fc8c0f52000-7fc8c0f67000 rw-p 00000000 00:00 0 
7fc8c0f67000-7fc8c109b000 ---p 00000000 00:00 0 
7fc8c109b000-7fc8c10de000 rw-p 00000000 00:00 0 
7fc8c10de000-7fc8c1140000 ---p 00000000 00:00 0 
7fc8c1140000-7fc8c115d000 rw-p 00000000 00:00 0 
7fc8c115d000-7fc8c1501000 ---p 00000000 00:00 0 
7fc8c1501000-7fc8c151b000 r-xp 00000000 08:01 2106481                    /usr/lib/jvm/java-8-oracle/jre/lib/amd64/libzip.so
7fc8c151b000-7fc8c171b000 ---p 0001a000 08:01 2106481                    /usr/lib/jvm/java-8-oracle/jre/lib/amd64/libzip.so
7fc8c171b000-7fc8c171c000 rw-p 0001a000 08:01 2106481                    /usr/lib/jvm/java-8-oracle/jre/lib/amd64/libzip.so
7fc8c171c000-7fc8c1727000 r-xp 00000000 08:01 663303                     /lib/x86_64-linux-gnu/libnss_files-2.24.so
7fc8c1727000-7fc8c1926000 ---p 0000b000 08:01 663303                     /lib/x86_64-linux-gnu/libnss_files-2.24.so
7fc8c1926000-7fc8c1927000 r--p 0000a000 08:01 663303                     /lib/x86_64-linux-gnu/libnss_files-2.24.so
7fc8c1927000-7fc8c1928000 rw-p 0000b000 08:01 663303                     /lib/x86_64-linux-gnu/libnss_files-2.24.so
7fc8c1928000-7fc8c192e000 rw-p 00000000 00:00 0 
7fc8c192e000-7fc8c1939000 r-xp 00000000 08:01 663305                     /lib/x86_64-linux-gnu/libnss_nis-2.24.so
7fc8c1939000-7fc8c1b38000 ---p 0000b000 08:01 663305                     /lib/x86_64-linux-gnu/libnss_nis-2.24.so
7fc8c1b38000-7fc8c1b39000 r--p 0000a000 08:01 663305                     /lib/x86_64-linux-gnu/libnss_nis-2.24.so
7fc8c1b39000-7fc8c1b3a000 rw-p 0000b000 08:01 663305                     /lib/x86_64-linux-gnu/libnss_nis-2.24.so
7fc8c1b3a000-7fc8c1b50000 r-xp 00000000 08:01 663300                     /lib/x86_64-linux-gnu/libnsl-2.24.so
7fc8c1b50000-7fc8c1d4f000 ---p 00016000 08:01 663300                     /lib/x86_64-linux-gnu/libnsl-2.24.so
7fc8c1d4f000-7fc8c1d50000 r--p 00015000 08:01 663300                     /lib/x86_64-linux-gnu/libnsl-2.24.so
7fc8c1d50000-7fc8c1d51000 rw-p 00016000 08:01 663300                     /lib/x86_64-linux-gnu/libnsl-2.24.so
7fc8c1d51000-7fc8c1d53000 rw-p 00000000 00:00 0 
7fc8c1d53000-7fc8c1d5b000 r-xp 00000000 08:01 663301                     /lib/x86_64-linux-gnu/libnss_compat-2.24.so
7fc8c1d5b000-7fc8c1f5a000 ---p 00008000 08:01 663301                     /lib/x86_64-linux-gnu/libnss_compat-2.24.so
7fc8c1f5a000-7fc8c1f5b000 r--p 00007000 08:01 663301                     /lib/x86_64-linux-gnu/libnss_compat-2.24.so
7fc8c1f5b000-7fc8c1f5c000 rw-p 00008000 08:01 663301                     /lib/x86_64-linux-gnu/libnss_compat-2.24.so
7fc8c1f5c000-7fc8c1f66000 r-xp 00000000 08:01 2106519                    /usr/lib/jvm/java-8-oracle/jre/lib/amd64/libinstrument.so
7fc8c1f66000-7fc8c2165000 ---p 0000a000 08:01 2106519                    /usr/lib/jvm/java-8-oracle/jre/lib/amd64/libinstrument.so
7fc8c2165000-7fc8c2166000 rw-p 00009000 08:01 2106519                    /usr/lib/jvm/java-8-oracle/jre/lib/amd64/libinstrument.so
7fc8c2166000-7fc8c2191000 r-xp 00000000 08:01 2106508                    /usr/lib/jvm/java-8-oracle/jre/lib/amd64/libjava.so
7fc8c2191000-7fc8c2390000 ---p 0002b000 08:01 2106508                    /usr/lib/jvm/java-8-oracle/jre/lib/amd64/libjava.so
7fc8c2390000-7fc8c2392000 rw-p 0002a000 08:01 2106508                    /usr/lib/jvm/java-8-oracle/jre/lib/amd64/libjava.so
7fc8c2392000-7fc8c239f000 r-xp 00000000 08:01 2106459                    /usr/lib/jvm/java-8-oracle/jre/lib/amd64/libverify.so
7fc8c239f000-7fc8c259f000 ---p 0000d000 08:01 2106459                    /usr/lib/jvm/java-8-oracle/jre/lib/amd64/libverify.so
7fc8c259f000-7fc8c25a1000 rw-p 0000d000 08:01 2106459                    /usr/lib/jvm/java-8-oracle/jre/lib/amd64/libverify.so
7fc8c25a1000-7fc8c25a8000 r-xp 00000000 08:01 663310                     /lib/x86_64-linux-gnu/librt-2.24.so
7fc8c25a8000-7fc8c27a7000 ---p 00007000 08:01 663310                     /lib/x86_64-linux-gnu/librt-2.24.so
7fc8c27a7000-7fc8c27a8000 r--p 00006000 08:01 663310                     /lib/x86_64-linux-gnu/librt-2.24.so
7fc8c27a8000-7fc8c27a9000 rw-p 00007000 08:01 663310                     /lib/x86_64-linux-gnu/librt-2.24.so
7fc8c27a9000-7fc8c28b1000 r-xp 00000000 08:01 663297                     /lib/x86_64-linux-gnu/libm-2.24.so
7fc8c28b1000-7fc8c2ab0000 ---p 00108000 08:01 663297                     /lib/x86_64-linux-gnu/libm-2.24.so
7fc8c2ab0000-7fc8c2ab1000 r--p 00107000 08:01 663297                     /lib/x86_64-linux-gnu/libm-2.24.so
7fc8c2ab1000-7fc8c2ab2000 rw-p 00108000 08:01 663297                     /lib/x86_64-linux-gnu/libm-2.24.so
7fc8c2ab2000-7fc8c3785000 r-xp 00000000 08:01 2106512                    /usr/lib/jvm/java-8-oracle/jre/lib/amd64/server/libjvm.so
7fc8c3785000-7fc8c3984000 ---p 00cd3000 08:01 2106512                    /usr/lib/jvm/java-8-oracle/jre/lib/amd64/server/libjvm.so
7fc8c3984000-7fc8c3a5e000 rw-p 00cd2000 08:01 2106512                    /usr/lib/jvm/java-8-oracle/jre/lib/amd64/server/libjvm.so
7fc8c3a5e000-7fc8c3aa9000 rw-p 00000000 00:00 0 
7fc8c3aa9000-7fc8c3c67000 r-xp 00000000 08:01 663293                     /lib/x86_64-linux-gnu/libc-2.24.so
7fc8c3c67000-7fc8c3e66000 ---p 001be000 08:01 663293                     /lib/x86_64-linux-gnu/libc-2.24.so
7fc8c3e66000-7fc8c3e6a000 r--p 001bd000 08:01 663293                     /lib/x86_64-linux-gnu/libc-2.24.so
7fc8c3e6a000-7fc8c3e6c000 rw-p 001c1000 08:01 663293                     /lib/x86_64-linux-gnu/libc-2.24.so
7fc8c3e6c000-7fc8c3e70000 rw-p 00000000 00:00 0 
7fc8c3e70000-7fc8c3e73000 r-xp 00000000 08:01 663296                     /lib/x86_64-linux-gnu/libdl-2.24.so
7fc8c3e73000-7fc8c4072000 ---p 00003000 08:01 663296                     /lib/x86_64-linux-gnu/libdl-2.24.so
7fc8c4072000-7fc8c4073000 r--p 00002000 08:01 663296                     /lib/x86_64-linux-gnu/libdl-2.24.so
7fc8c4073000-7fc8c4074000 rw-p 00003000 08:01 663296                     /lib/x86_64-linux-gnu/libdl-2.24.so
7fc8c4074000-7fc8c4089000 r-xp 00000000 08:01 2106497                    /usr/lib/jvm/java-8-oracle/jre/lib/amd64/jli/libjli.so
7fc8c4089000-7fc8c4289000 ---p 00015000 08:01 2106497                    /usr/lib/jvm/java-8-oracle/jre/lib/amd64/jli/libjli.so
7fc8c4289000-7fc8c428a000 rw-p 00015000 08:01 2106497                    /usr/lib/jvm/java-8-oracle/jre/lib/amd64/jli/libjli.so
7fc8c428a000-7fc8c42a2000 r-xp 00000000 08:01 663308                     /lib/x86_64-linux-gnu/libpthread-2.24.so
7fc8c42a2000-7fc8c44a2000 ---p 00018000 08:01 663308                     /lib/x86_64-linux-gnu/libpthread-2.24.so
7fc8c44a2000-7fc8c44a3000 r--p 00018000 08:01 663308                     /lib/x86_64-linux-gnu/libpthread-2.24.so
7fc8c44a3000-7fc8c44a4000 rw-p 00019000 08:01 663308                     /lib/x86_64-linux-gnu/libpthread-2.24.so
7fc8c44a4000-7fc8c44a8000 rw-p 00000000 00:00 0 
7fc8c44a8000-7fc8c44ce000 r-xp 00000000 08:01 663288                     /lib/x86_64-linux-gnu/ld-2.24.so
7fc8c44ce000-7fc8c44cf000 r--s 00005000 08:01 791308                     /home/madunlap/.m2/repository/org/noggit/noggit/0.5/noggit-0.5.jar
7fc8c44cf000-7fc8c45a0000 rw-p 00000000 00:00 0 
7fc8c45a0000-7fc8c45a3000 ---p 00000000 00:00 0 
7fc8c45a3000-7fc8c46a3000 rw-p 00000000 00:00 0 
7fc8c46a3000-7fc8c46a4000 r--s 00004000 08:01 791275                     /home/madunlap/.m2/repository/org/mindrot/jbcrypt/0.3m/jbcrypt-0.3m.jar
7fc8c46a4000-7fc8c46a9000 r--s 00023000 08:01 791711                     /home/madunlap/.m2/repository/org/apache/maven/surefire/surefire-api/2.10/surefire-api-2.10.jar
7fc8c46a9000-7fc8c46ab000 r--s 00007000 08:01 791708                     /home/madunlap/.m2/repository/org/apache/maven/surefire/surefire-booter/2.10/surefire-booter-2.10.jar
7fc8c46ab000-7fc8c46ac000 r--s 00005000 08:01 926057                     /home/madunlap/Documents/github/dataverse/target/surefire/surefirebooter4510979101532735205.jar
7fc8c46ac000-7fc8c46c0000 rw-p 00000000 00:00 0 
7fc8c46c0000-7fc8c46c8000 rw-s 00000000 08:01 1972828                    /tmp/hsperfdata_madunlap/10295
7fc8c46c8000-7fc8c46c9000 rw-p 00000000 00:00 0 
7fc8c46c9000-7fc8c46ca000 ---p 00000000 00:00 0 
7fc8c46ca000-7fc8c46cd000 rw-p 00000000 00:00 0 
7fc8c46cd000-7fc8c46ce000 r--p 00025000 08:01 663288                     /lib/x86_64-linux-gnu/ld-2.24.so
7fc8c46ce000-7fc8c46cf000 rw-p 00026000 08:01 663288                     /lib/x86_64-linux-gnu/ld-2.24.so
7fc8c46cf000-7fc8c46d0000 rw-p 00000000 00:00 0 
7ffc4bd4b000-7ffc4bd6c000 rw-p 00000000 00:00 0                          [stack]
7ffc4bde7000-7ffc4bde9000 r--p 00000000 00:00 0                          [vvar]
7ffc4bde9000-7ffc4bdeb000 r-xp 00000000 00:00 0                          [vdso]
ffffffffff600000-ffffffffff601000 r-xp 00000000 00:00 0                  [vsyscall]

VM Arguments:
jvm_args: -javaagent:/home/madunlap/.m2/repository/org/jacoco/org.jacoco.agent/0.7.5.201505241946/org.jacoco.agent-0.7.5.201505241946-runtime.jar=destfile=/home/madunlap/Documents/github/dataverse/target/jacoco.exec 
java_command: /home/madunlap/Documents/github/dataverse/target/surefire/surefirebooter4510979101532735205.jar /home/madunlap/Documents/github/dataverse/target/surefire/surefire6898368880980189044tmp /home/madunlap/Documents/github/dataverse/target/surefire/surefire7581489494232511452tmp
java_class_path (initial): /home/madunlap/Documents/github/dataverse/target/surefire/surefirebooter4510979101532735205.jar:/home/madunlap/.m2/repository/org/jacoco/org.jacoco.agent/0.7.5.201505241946/org.jacoco.agent-0.7.5.201505241946-runtime.jar
Launcher Type: SUN_STANDARD

Environment Variables:
JAVA_HOME=/usr/lib/jvm/java-8-oracle
PATH=/usr/local/sbin:/usr/local/bin:/usr/sbin:/usr/bin:/sbin:/bin:/usr/games:/usr/local/games:/snap/bin:/usr/lib/jvm/java-8-oracle/bin:/usr/lib/jvm/java-8-oracle/db/bin:/usr/lib/jvm/java-8-oracle/jre/bin
LD_LIBRARY_PATH=/usr/lib/jvm/java-8-oracle/jre/lib/amd64:/usr/lib/jvm/java-8-oracle/jre/lib/i386:
SHELL=/bin/bash
DISPLAY=:0

Signal Handlers:
SIGSEGV: [libjvm.so+0xacba10], sa_mask[0]=11111111011111111101111111111110, sa_flags=SA_RESTART|SA_SIGINFO
SIGBUS: [libjvm.so+0xacba10], sa_mask[0]=11111111011111111101111111111110, sa_flags=SA_RESTART|SA_SIGINFO
SIGFPE: [libjvm.so+0x924ba0], sa_mask[0]=11111111011111111101111111111110, sa_flags=SA_RESTART|SA_SIGINFO
SIGPIPE: [libjvm.so+0x924ba0], sa_mask[0]=11111111011111111101111111111110, sa_flags=SA_RESTART|SA_SIGINFO
SIGXFSZ: [libjvm.so+0x924ba0], sa_mask[0]=11111111011111111101111111111110, sa_flags=SA_RESTART|SA_SIGINFO
SIGILL: [libjvm.so+0x924ba0], sa_mask[0]=11111111011111111101111111111110, sa_flags=SA_RESTART|SA_SIGINFO
SIGUSR1: SIG_DFL, sa_mask[0]=00000000000000000000000000000000, sa_flags=none
SIGUSR2: [libjvm.so+0x9263e0], sa_mask[0]=00100000000000000000000000000000, sa_flags=SA_RESTART|SA_SIGINFO
SIGHUP: [libjvm.so+0x9277e0], sa_mask[0]=11111111011111111101111111111110, sa_flags=SA_RESTART|SA_SIGINFO
SIGINT: SIG_IGN, sa_mask[0]=00000000000000000000000000000000, sa_flags=none
SIGTERM: [libjvm.so+0x9277e0], sa_mask[0]=11111111011111111101111111111110, sa_flags=SA_RESTART|SA_SIGINFO
SIGQUIT: [libjvm.so+0x9277e0], sa_mask[0]=11111111011111111101111111111110, sa_flags=SA_RESTART|SA_SIGINFO


---------------  S Y S T E M  ---------------

OS:DISTRIB_ID=Ubuntu
DISTRIB_RELEASE=17.04
DISTRIB_CODENAME=zesty
DISTRIB_DESCRIPTION="Ubuntu 17.04"

uname:Linux 4.10.0-33-generic #37-Ubuntu SMP Fri Aug 11 10:55:28 UTC 2017 x86_64
libc:glibc 2.24 NPTL 2.24 
rlimit: STACK 8192k, CORE 0k, NPROC 15602, NOFILE 1048576, AS infinity
load average:2.62 1.59 0.90

/proc/meminfo:
MemTotal:        4039880 kB
MemFree:           92932 kB
MemAvailable:      20464 kB
Buffers:            3304 kB
Cached:            64360 kB
SwapCached:         2080 kB
Active:          3064976 kB
Inactive:         632044 kB
Active(anon):    3042228 kB
Inactive(anon):   608508 kB
Active(file):      22748 kB
Inactive(file):    23536 kB
Unevictable:          32 kB
Mlocked:              32 kB
SwapTotal:       2097148 kB
SwapFree:           4952 kB
Dirty:                 0 kB
Writeback:           740 kB
AnonPages:       3627720 kB
Mapped:            41904 kB
Shmem:             21244 kB
Slab:             104056 kB
SReclaimable:      52028 kB
SUnreclaim:        52028 kB
KernelStack:       16620 kB
PageTables:        78368 kB
NFS_Unstable:          0 kB
Bounce:                0 kB
WritebackTmp:          0 kB
CommitLimit:     4117088 kB
Committed_AS:   11442696 kB
VmallocTotal:   34359738367 kB
VmallocUsed:           0 kB
VmallocChunk:          0 kB
HardwareCorrupted:     0 kB
AnonHugePages:   1011712 kB
ShmemHugePages:        0 kB
ShmemPmdMapped:        0 kB
CmaTotal:              0 kB
CmaFree:               0 kB
HugePages_Total:       0
HugePages_Free:        0
HugePages_Rsvd:        0
HugePages_Surp:        0
Hugepagesize:       2048 kB
DirectMap4k:      186288 kB
DirectMap2M:     4007936 kB


CPU:total 2 (initial active 2) (2 cores per cpu, 1 threads per core) family 6 model 70 stepping 1, cmov, cx8, fxsr, mmx, sse, sse2, sse3, ssse3, sse4.1, sse4.2, popcnt, avx, avx2, aes, clmul, erms, lzcnt, tsc, tscinvbit, bmi1, bmi2

/proc/cpuinfo:
processor	: 0
vendor_id	: GenuineIntel
cpu family	: 6
model		: 70
model name	: Intel(R) Core(TM) i7-4870HQ CPU @ 2.50GHz
stepping	: 1
microcode	: 0x13
cpu MHz		: 2494.226
cache size	: 6144 KB
physical id	: 0
siblings	: 2
core id		: 0
cpu cores	: 2
apicid		: 0
initial apicid	: 0
fpu		: yes
fpu_exception	: yes
cpuid level	: 13
wp		: yes
flags		: fpu vme de pse tsc msr pae mce cx8 apic sep mtrr pge mca cmov pat pse36 clflush mmx fxsr sse sse2 ss ht syscall nx rdtscp lm constant_tsc nopl xtopology nonstop_tsc pni pclmulqdq ssse3 fma cx16 pcid sse4_1 sse4_2 x2apic movbe popcnt tsc_deadline_timer aes xsave avx f16c rdrand hypervisor lahf_lm abm fsgsbase tsc_adjust bmi1 avx2 smep bmi2 invpcid xsaveopt dtherm arat pln pts
bugs		:
bogomips	: 4988.45
clflush size	: 64
cache_alignment	: 64
address sizes	: 36 bits physical, 48 bits virtual
power management:

processor	: 1
vendor_id	: GenuineIntel
cpu family	: 6
model		: 70
model name	: Intel(R) Core(TM) i7-4870HQ CPU @ 2.50GHz
stepping	: 1
microcode	: 0x13
cpu MHz		: 2494.226
cache size	: 6144 KB
physical id	: 0
siblings	: 2
core id		: 1
cpu cores	: 2
apicid		: 1
initial apicid	: 1
fpu		: yes
fpu_exception	: yes
cpuid level	: 13
wp		: yes
flags		: fpu vme de pse tsc msr pae mce cx8 apic sep mtrr pge mca cmov pat pse36 clflush mmx fxsr sse sse2 ss ht syscall nx rdtscp lm constant_tsc nopl xtopology nonstop_tsc pni pclmulqdq ssse3 fma cx16 pcid sse4_1 sse4_2 x2apic movbe popcnt tsc_deadline_timer aes xsave avx f16c rdrand hypervisor lahf_lm abm fsgsbase tsc_adjust bmi1 avx2 smep bmi2 invpcid xsaveopt dtherm arat pln pts
bugs		:
bogomips	: 4988.45
clflush size	: 64
cache_alignment	: 64
address sizes	: 36 bits physical, 48 bits virtual
power management:



Memory: 4k page, physical 4039880k(97296k free), swap 2097148k(0k free)

vm_info: Java HotSpot(TM) 64-Bit Server VM (25.144-b01) for linux-amd64 JRE (1.8.0_144-b01), built on Jul 21 2017 21:57:33 by "java_re" with gcc 4.3.0 20080428 (Red Hat 4.3.0-8)

time: Tue Sep 19 14:02:10 2017
elapsed time: 12 seconds (0d 0h 0m 12s)

