#
# There is insufficient memory for the Java Runtime Environment to continue.
# Native memory allocation (mmap) failed to map 60817408 bytes for committing reserved memory.
# Possible reasons:
#   The system is out of physical RAM or swap space
#   In 32 bit mode, the process size limit was hit
# Possible solutions:
#   Reduce memory load on the system
#   Increase physical memory or swap space
#   Check if swap backing store is full
#   Use 64 bit Java on a 64 bit OS
#   Decrease Java heap size (-Xmx/-Xms)
#   Decrease number of Java threads
#   Decrease Java thread stack sizes (-Xss)
#   Set larger code cache with -XX:ReservedCodeCacheSize=
# This output file may be truncated or incomplete.
#
#  Out of Memory Error (os_linux.cpp:2640), pid=21767, tid=0x00007f5532b19700
#
# JRE version: Java(TM) SE Runtime Environment (8.0_144-b01) (build 1.8.0_144-b01)
# Java VM: Java HotSpot(TM) 64-Bit Server VM (25.144-b01 mixed mode linux-amd64 compressed oops)
# Failed to write core dump. Core dumps have been disabled. To enable core dumping, try "ulimit -c unlimited" before starting Java again
#

---------------  T H R E A D  ---------------

Current thread (0x00007f55440fc000):  VMThread [stack: 0x00007f5532a19000,0x00007f5532b1a000] [id=21771]

Stack: [0x00007f5532a19000,0x00007f5532b1a000],  sp=0x00007f5532b180a0,  free space=1020k
Native frames: (J=compiled Java code, j=interpreted, Vv=VM code, C=native code)
V  [libjvm.so+0xacb18a]  VMError::report_and_die()+0x2ba
V  [libjvm.so+0x4ff4db]  report_vm_out_of_memory(char const*, int, unsigned long, VMErrorType, char const*)+0x8b
V  [libjvm.so+0x927d23]  os::Linux::commit_memory_impl(char*, unsigned long, bool)+0x103
V  [libjvm.so+0x928279]  os::pd_commit_memory(char*, unsigned long, unsigned long, bool)+0x29
V  [libjvm.so+0x92249a]  os::commit_memory(char*, unsigned long, unsigned long, bool)+0x2a
V  [libjvm.so+0x996ff3]  PSVirtualSpace::expand_by(unsigned long)+0x53
V  [libjvm.so+0x9983f8]  PSYoungGen::resize_generation(unsigned long, unsigned long)+0xf8
V  [libjvm.so+0x997552]  PSYoungGen::resize(unsigned long, unsigned long)+0x22
V  [libjvm.so+0x99482b]  PSScavenge::invoke_no_policy()+0xf3b
V  [libjvm.so+0x994fb1]  PSScavenge::invoke()+0x41
V  [libjvm.so+0x94bce0]  ParallelScavengeHeap::failed_mem_allocate(unsigned long)+0x70
V  [libjvm.so+0xaccba7]  VM_ParallelGCFailedAllocation::doit()+0x97
V  [libjvm.so+0xad4685]  VM_Operation::evaluate()+0x55
V  [libjvm.so+0xad2a5a]  VMThread::evaluate_operation(VM_Operation*)+0xba
V  [libjvm.so+0xad2dde]  VMThread::loop()+0x1ce
V  [libjvm.so+0xad3250]  VMThread::run()+0x70
V  [libjvm.so+0x92a338]  java_start(Thread*)+0x108

VM_Operation (0x00007f554c9e9e00): ParallelGCFailedAllocation, mode: safepoint, requested by thread 0x00007f554400b000


---------------  P R O C E S S  ---------------

Java Threads: ( => current thread )
  0x00007f5544847000 JavaThread "Service Thread" daemon [_thread_blocked, id=21781, stack(0x00007f55313d7000,0x00007f55314d8000)]
  0x00007f5544842800 JavaThread "C1 CompilerThread1" daemon [_thread_blocked, id=21780, stack(0x00007f55314d8000,0x00007f55315d9000)]
  0x00007f554482c800 JavaThread "C2 CompilerThread0" daemon [_thread_blocked, id=21779, stack(0x00007f55315d9000,0x00007f55316da000)]
  0x00007f554413b800 JavaThread "Signal Dispatcher" daemon [_thread_blocked, id=21775, stack(0x00007f553243b000,0x00007f553253c000)]
  0x00007f5544108000 JavaThread "Finalizer" daemon [_thread_blocked, id=21773, stack(0x00007f5532817000,0x00007f5532918000)]
  0x00007f5544103800 JavaThread "Reference Handler" daemon [_thread_blocked, id=21772, stack(0x00007f5532918000,0x00007f5532a19000)]
  0x00007f554400b000 JavaThread "main" [_thread_blocked, id=21768, stack(0x00007f554c8ed000,0x00007f554c9ee000)]

Other Threads:
=>0x00007f55440fc000 VMThread [stack: 0x00007f5532a19000,0x00007f5532b1a000] [id=21771]
  0x00007f5544839000 WatcherThread [stack: 0x00007f55312d6000,0x00007f55313d7000] [id=21782]

VM state:at safepoint (normal execution)

VM Mutex/Monitor currently owned by a thread:  ([mutex/lock_event])
[0x00007f55440072e0] Threads_lock - owner thread: 0x00007f55440fc000
[0x00007f55440077e0] Heap_lock - owner thread: 0x00007f554400b000

Heap:
 PSYoungGen      total 103936K, used 152K [0x00000000eb700000, 0x00000000f2100000, 0x0000000100000000)
  eden space 99840K, 0% used [0x00000000eb700000,0x00000000eb700000,0x00000000f1880000)
  from space 4096K, 3% used [0x00000000f1880000,0x00000000f18a6380,0x00000000f1c80000)
  to   space 3584K, 0% used [0x00000000f1c80000,0x00000000f1c80000,0x00000000f2000000)
 ParOldGen       total 42496K, used 5025K [0x00000000c2400000, 0x00000000c4d80000, 0x00000000eb700000)
  object space 42496K, 11% used [0x00000000c2400000,0x00000000c28e8620,0x00000000c4d80000)
 Metaspace       used 15934K, capacity 16180K, committed 16384K, reserved 1064960K
  class space    used 1624K, capacity 1712K, committed 1792K, reserved 1048576K

Card table byte_map: [0x00007f554929f000,0x00007f554948e000] byte_map_base: 0x00007f5548c8d000

Marking Bits: (ParMarkBitMap*) 0x00007f554bdc8dc0
 Begin Bits: [0x00007f5533120000, 0x00007f5534090000)
 End Bits:   [0x00007f5534090000, 0x00007f5535000000)

Polling page: 0x00007f554ca16000

CodeCache: size=245760Kb used=7047Kb max_used=7088Kb free=238712Kb
 bounds [0x00007f5535000000, 0x00007f55356f0000, 0x00007f5544000000]
 total_blobs=2638 nmethods=2252 adapters=299
 compilation: enabled

Compilation events (10 events):
Event: 3.162 Thread 0x00007f5544842800 nmethod 2278 0x00007f55356c8b50 code [0x00007f55356c8cc0, 0x00007f55356c8ee8]
Event: 3.203 Thread 0x00007f5544842800 2288 %     3       sun.text.normalizer.UCharacterProperty::upropsvec_addPropertyStarts @ 27 (48 bytes)
Event: 3.234 Thread 0x00007f5544842800 nmethod 2288% 0x00007f55356c9010 code [0x00007f55356c91e0, 0x00007f55356c9828]
Event: 3.236 Thread 0x00007f5544842800 2290       2       sun.text.normalizer.Trie$DefaultGetFoldingOffset::getFoldingOffset (2 bytes)
Event: 3.237 Thread 0x00007f5544842800 nmethod 2290 0x00007f55356c9ad0 code [0x00007f55356c9c20, 0x00007f55356c9d70]
Event: 3.238 Thread 0x00007f5544842800 2291       3       sun.text.normalizer.UCharacterProperty::upropsvec_addPropertyStarts (48 bytes)
Event: 3.239 Thread 0x00007f5544842800 nmethod 2291 0x00007f55356c9dd0 code [0x00007f55356c9f80, 0x00007f55356ca548]
Event: 4.499 Thread 0x00007f554482c800 nmethod 1881 0x00007f55356d5590 code [0x00007f55356d62e0, 0x00007f55356dfed8]
Event: 4.509 Thread 0x00007f554482c800 2008       4       java.lang.String::indexOf (166 bytes)
Event: 4.702 Thread 0x00007f554482c800 nmethod 2008 0x00007f55356d1ad0 code [0x00007f55356d1c40, 0x00007f55356d2198]

GC Heap History (10 events):
Event: 1.656 GC heap after
Heap after GC invocations=6 (full 0):
 PSYoungGen      total 34304K, used 3059K [0x00000000eb700000, 0x00000000edd00000, 0x0000000100000000)
  eden space 31232K, 0% used [0x00000000eb700000,0x00000000eb700000,0x00000000ed580000)
  from space 3072K, 99% used [0x00000000ed900000,0x00000000edbfcc18,0x00000000edc00000)
  to   space 3584K, 0% used [0x00000000ed580000,0x00000000ed580000,0x00000000ed900000)
 ParOldGen       total 42496K, used 269K [0x00000000c2400000, 0x00000000c4d80000, 0x00000000eb700000)
  object space 42496K, 0% used [0x00000000c2400000,0x00000000c2443500,0x00000000c4d80000)
 Metaspace       used 10229K, capacity 10344K, committed 10624K, reserved 1058816K
  class space    used 1032K, capacity 1050K, committed 1152K, reserved 1048576K
}
Event: 2.145 GC heap before
{Heap before GC invocations=7 (full 0):
 PSYoungGen      total 34304K, used 34291K [0x00000000eb700000, 0x00000000edd00000, 0x0000000100000000)
  eden space 31232K, 100% used [0x00000000eb700000,0x00000000ed580000,0x00000000ed580000)
  from space 3072K, 99% used [0x00000000ed900000,0x00000000edbfcc18,0x00000000edc00000)
  to   space 3584K, 0% used [0x00000000ed580000,0x00000000ed580000,0x00000000ed900000)
 ParOldGen       total 42496K, used 269K [0x00000000c2400000, 0x00000000c4d80000, 0x00000000eb700000)
  object space 42496K, 0% used [0x00000000c2400000,0x00000000c2443500,0x00000000c4d80000)
 Metaspace       used 12562K, capacity 12828K, committed 13184K, reserved 1060864K
  class space    used 1232K, capacity 1324K, committed 1408K, reserved 1048576K
Event: 2.153 GC heap after
Heap after GC invocations=7 (full 0):
 PSYoungGen      total 34816K, used 2562K [0x00000000eb700000, 0x00000000efb00000, 0x0000000100000000)
  eden space 31232K, 0% used [0x00000000eb700000,0x00000000eb700000,0x00000000ed580000)
  from space 3584K, 71% used [0x00000000ed580000,0x00000000ed800908,0x00000000ed900000)
  to   space 3584K, 0% used [0x00000000ef780000,0x00000000ef780000,0x00000000efb00000)
 ParOldGen       total 42496K, used 1830K [0x00000000c2400000, 0x00000000c4d80000, 0x00000000eb700000)
  object space 42496K, 4% used [0x00000000c2400000,0x00000000c25c9b40,0x00000000c4d80000)
 Metaspace       used 12562K, capacity 12828K, committed 13184K, reserved 1060864K
  class space    used 1232K, capacity 1324K, committed 1408K, reserved 1048576K
}
Event: 2.391 GC heap before
{Heap before GC invocations=8 (full 0):
 PSYoungGen      total 34816K, used 33794K [0x00000000eb700000, 0x00000000efb00000, 0x0000000100000000)
  eden space 31232K, 100% used [0x00000000eb700000,0x00000000ed580000,0x00000000ed580000)
  from space 3584K, 71% used [0x00000000ed580000,0x00000000ed800908,0x00000000ed900000)
  to   space 3584K, 0% used [0x00000000ef780000,0x00000000ef780000,0x00000000efb00000)
 ParOldGen       total 42496K, used 1830K [0x00000000c2400000, 0x00000000c4d80000, 0x00000000eb700000)
  object space 42496K, 4% used [0x00000000c2400000,0x00000000c25c9b40,0x00000000c4d80000)
 Metaspace       used 13923K, capacity 14204K, committed 14336K, reserved 1062912K
  class space    used 1388K, capacity 1484K, committed 1536K, reserved 1048576K
Event: 2.395 GC heap after
Heap after GC invocations=8 (full 0):
 PSYoungGen      total 66048K, used 2850K [0x00000000eb700000, 0x00000000efb00000, 0x0000000100000000)
  eden space 62464K, 0% used [0x00000000eb700000,0x00000000eb700000,0x00000000ef400000)
  from space 3584K, 79% used [0x00000000ef780000,0x00000000efa489b8,0x00000000efb00000)
  to   space 3584K, 0% used [0x00000000ef400000,0x00000000ef400000,0x00000000ef780000)
 ParOldGen       total 42496K, used 2142K [0x00000000c2400000, 0x00000000c4d80000, 0x00000000eb700000)
  object space 42496K, 5% used [0x00000000c2400000,0x00000000c2617b40,0x00000000c4d80000)
 Metaspace       used 13923K, capacity 14204K, committed 14336K, reserved 1062912K
  class space    used 1388K, capacity 1484K, committed 1536K, reserved 1048576K
}
Event: 3.174 GC heap before
{Heap before GC invocations=9 (full 0):
 PSYoungGen      total 66048K, used 65314K [0x00000000eb700000, 0x00000000efb00000, 0x0000000100000000)
  eden space 62464K, 100% used [0x00000000eb700000,0x00000000ef400000,0x00000000ef400000)
  from space 3584K, 79% used [0x00000000ef780000,0x00000000efa489b8,0x00000000efb00000)
  to   space 3584K, 0% used [0x00000000ef400000,0x00000000ef400000,0x00000000ef780000)
 ParOldGen       total 42496K, used 2142K [0x00000000c2400000, 0x00000000c4d80000, 0x00000000eb700000)
  object space 42496K, 5% used [0x00000000c2400000,0x00000000c2617b40,0x00000000c4d80000)
 Metaspace       used 15932K, capacity 16180K, committed 16384K, reserved 1064960K
  class space    used 1624K, capacity 1712K, committed 1792K, reserved 1048576K
Event: 3.189 GC heap after
Heap after GC invocations=9 (full 0):
 PSYoungGen      total 66048K, used 3418K [0x00000000eb700000, 0x00000000f2000000, 0x0000000100000000)
  eden space 62464K, 0% used [0x00000000eb700000,0x00000000eb700000,0x00000000ef400000)
  from space 3584K, 95% used [0x00000000ef400000,0x00000000ef756af8,0x00000000ef780000)
  to   space 3584K, 0% used [0x00000000f1c80000,0x00000000f1c80000,0x00000000f2000000)
 ParOldGen       total 42496K, used 2902K [0x00000000c2400000, 0x00000000c4d80000, 0x00000000eb700000)
  object space 42496K, 6% used [0x00000000c2400000,0x00000000c26d5b80,0x00000000c4d80000)
 Metaspace       used 15932K, capacity 16180K, committed 16384K, reserved 1064960K
  class space    used 1624K, capacity 1712K, committed 1792K, reserved 1048576K
}
Event: 3.265 GC heap before
{Heap before GC invocations=10 (full 0):
 PSYoungGen      total 66048K, used 65882K [0x00000000eb700000, 0x00000000f2000000, 0x0000000100000000)
  eden space 62464K, 100% used [0x00000000eb700000,0x00000000ef400000,0x00000000ef400000)
  from space 3584K, 95% used [0x00000000ef400000,0x00000000ef756af8,0x00000000ef780000)
  to   space 3584K, 0% used [0x00000000f1c80000,0x00000000f1c80000,0x00000000f2000000)
 ParOldGen       total 42496K, used 2902K [0x00000000c2400000, 0x00000000c4d80000, 0x00000000eb700000)
  object space 42496K, 6% used [0x00000000c2400000,0x00000000c26d5b80,0x00000000c4d80000)
 Metaspace       used 15934K, capacity 16180K, committed 16384K, reserved 1064960K
  class space    used 1624K, capacity 1712K, committed 1792K, reserved 1048576K
Event: 3.275 GC heap after
Heap after GC invocations=10 (full 0):
 PSYoungGen      total 103424K, used 886K [0x00000000eb700000, 0x00000000f2100000, 0x0000000100000000)
  eden space 99840K, 0% used [0x00000000eb700000,0x00000000eb700000,0x00000000f1880000)
  from space 3584K, 24% used [0x00000000f1c80000,0x00000000f1d5da70,0x00000000f2000000)
  to   space 4096K, 0% used [0x00000000f1880000,0x00000000f1880000,0x00000000f1c80000)
 ParOldGen       total 42496K, used 4275K [0x00000000c2400000, 0x00000000c4d80000, 0x00000000eb700000)
  object space 42496K, 10% used [0x00000000c2400000,0x00000000c282cd00,0x00000000c4d80000)
 Metaspace       used 15934K, capacity 16180K, committed 16384K, reserved 1064960K
  class space    used 1624K, capacity 1712K, committed 1792K, reserved 1048576K
}
Event: 4.703 GC heap before
{Heap before GC invocations=11 (full 0):
 PSYoungGen      total 103424K, used 100647K [0x00000000eb700000, 0x00000000f2100000, 0x0000000100000000)
  eden space 99840K, 99% used [0x00000000eb700000,0x00000000f186c588,0x00000000f1880000)
  from space 3584K, 24% used [0x00000000f1c80000,0x00000000f1d5da70,0x00000000f2000000)
  to   space 4096K, 0% used [0x00000000f1880000,0x00000000f1880000,0x00000000f1c80000)
 ParOldGen       total 42496K, used 4275K [0x00000000c2400000, 0x00000000c4d80000, 0x00000000eb700000)
  object space 42496K, 10% used [0x00000000c2400000,0x00000000c282cd00,0x00000000c4d80000)
 Metaspace       used 15934K, capacity 16180K, committed 16384K, reserved 1064960K
  class space    used 1624K, capacity 1712K, committed 1792K, reserved 1048576K

Deoptimization events (10 events):
Event: 0.774 Thread 0x00007f554400b000 Uncommon trap: reason=unstable_if action=reinterpret pc=0x00007f553516bb7c method=sun.misc.URLClassPath.getLoader(I)Lsun/misc/URLClassPath$Loader; @ 36
Event: 0.880 Thread 0x00007f554400b000 Uncommon trap: reason=unstable_if action=reinterpret pc=0x00007f553520f944 method=org.jacoco.agent.rt.internal_b0d6a23.asm.ClassReader.readUTF(II[C)Ljava/lang/String; @ 77
Event: 1.022 Thread 0x00007f554400b000 Uncommon trap: reason=unstable_if action=reinterpret pc=0x00007f55352f6b44 method=java.util.ArrayList.remove(I)Ljava/lang/Object; @ 31
Event: 1.032 Thread 0x00007f554400b000 Uncommon trap: reason=unstable_if action=reinterpret pc=0x00007f55352b8600 method=org.jacoco.agent.rt.internal_b0d6a23.asm.ClassReader.readUTF8(I[C)Ljava/lang/String; @ 11
Event: 1.086 Thread 0x00007f554400b000 Uncommon trap: reason=unstable_if action=reinterpret pc=0x00007f55352fe0e0 method=org.jacoco.agent.rt.internal_b0d6a23.asm.Item.isEqualTo(Lorg/jacoco/agent/rt/internal_b0d6a23/asm/Item;)Z @ 345
Event: 1.464 Thread 0x00007f554400b000 Uncommon trap: reason=unstable_if action=reinterpret pc=0x00007f5535428588 method=org.jacoco.agent.rt.internal_b0d6a23.asm.Type.getArgumentsAndReturnSizes(Ljava/lang/String;)I @ 47
Event: 1.546 Thread 0x00007f554400b000 Uncommon trap: reason=unstable_if action=reinterpret pc=0x00007f5535200f74 method=sun.misc.URLClassPath$JarLoader.ensureOpen()V @ 4
Event: 1.600 Thread 0x00007f554400b000 Uncommon trap: reason=null_check action=make_not_entrant pc=0x00007f5535115204 method=java.lang.String.equals(Ljava/lang/Object;)Z @ 8
Event: 2.178 Thread 0x00007f554400b000 Uncommon trap: reason=unstable_if action=reinterpret pc=0x00007f553527ba38 method=java.lang.String.indexOf([CII[CIII)I @ 134
Event: 2.713 Thread 0x00007f554400b000 Uncommon trap: reason=unstable_if action=reinterpret pc=0x00007f5535620e18 method=sun.misc.MetaIndex.mayContain(Ljava/lang/String;)Z @ 38

Internal exceptions (10 events):
Event: 2.896 Thread 0x00007f554400b000 Exception <a 'java/security/PrivilegedActionException'> (0x00000000eec18ed0) thrown at [/HUDSON3/workspace/8-2-build-linux-amd64/jdk8u144/9417/hotspot/src/share/vm/prims/jvm.cpp, line 1390]
Event: 2.896 Thread 0x00007f554400b000 Exception <a 'java/security/PrivilegedActionException'> (0x00000000eec1d068) thrown at [/HUDSON3/workspace/8-2-build-linux-amd64/jdk8u144/9417/hotspot/src/share/vm/prims/jvm.cpp, line 1390]
Event: 2.896 Thread 0x00007f554400b000 Exception <a 'java/security/PrivilegedActionException'> (0x00000000eec1d460) thrown at [/HUDSON3/workspace/8-2-build-linux-amd64/jdk8u144/9417/hotspot/src/share/vm/prims/jvm.cpp, line 1390]
Event: 2.897 Thread 0x00007f554400b000 Exception <a 'java/security/PrivilegedActionException'> (0x00000000eec2ea88) thrown at [/HUDSON3/workspace/8-2-build-linux-amd64/jdk8u144/9417/hotspot/src/share/vm/prims/jvm.cpp, line 1390]
Event: 2.897 Thread 0x00007f554400b000 Exception <a 'java/security/PrivilegedActionException'> (0x00000000eec2ee80) thrown at [/HUDSON3/workspace/8-2-build-linux-amd64/jdk8u144/9417/hotspot/src/share/vm/prims/jvm.cpp, line 1390]
Event: 2.913 Thread 0x00007f554400b000 Exception <a 'java/security/PrivilegedActionException'> (0x00000000eec33018) thrown at [/HUDSON3/workspace/8-2-build-linux-amd64/jdk8u144/9417/hotspot/src/share/vm/prims/jvm.cpp, line 1390]
Event: 2.913 Thread 0x00007f554400b000 Exception <a 'java/security/PrivilegedActionException'> (0x00000000eec33410) thrown at [/HUDSON3/workspace/8-2-build-linux-amd64/jdk8u144/9417/hotspot/src/share/vm/prims/jvm.cpp, line 1390]
Event: 2.964 Thread 0x00007f554400b000 Exception <a 'java/lang/ArrayIndexOutOfBoundsException'> (0x00000000eecaf910) thrown at [/HUDSON3/workspace/8-2-build-linux-amd64/jdk8u144/9417/hotspot/src/share/vm/runtime/sharedRuntime.cpp, line 605]
Event: 2.964 Thread 0x00007f554400b000 Exception <a 'java/lang/ArrayIndexOutOfBoundsException'> (0x00000000eecb46e0) thrown at [/HUDSON3/workspace/8-2-build-linux-amd64/jdk8u144/9417/hotspot/src/share/vm/runtime/sharedRuntime.cpp, line 605]
Event: 2.965 Thread 0x00007f554400b000 Exception <a 'java/lang/ArrayIndexOutOfBoundsException'> (0x00000000eecc5610) thrown at [/HUDSON3/workspace/8-2-build-linux-amd64/jdk8u144/9417/hotspot/src/share/vm/runtime/sharedRuntime.cpp, line 605]

Events (10 events):
Event: 3.133 loading class sun/text/normalizer/RangeValueIterator
Event: 3.136 loading class sun/text/normalizer/RangeValueIterator done
Event: 3.137 loading class sun/text/normalizer/TrieIterator done
Event: 3.137 loading class sun/text/normalizer/RangeValueIterator$Element
Event: 3.137 loading class sun/text/normalizer/RangeValueIterator$Element done
Event: 3.170 Executing VM operation: ParallelGCFailedAllocation
Event: 3.189 Executing VM operation: ParallelGCFailedAllocation done
Event: 3.257 Executing VM operation: ParallelGCFailedAllocation
Event: 3.277 Executing VM operation: ParallelGCFailedAllocation done
Event: 4.701 Executing VM operation: ParallelGCFailedAllocation


Dynamic libraries:
00400000-00401000 r-xp 00000000 08:01 2106691                            /usr/lib/jvm/java-8-oracle/jre/bin/java
00600000-00601000 rw-p 00000000 08:01 2106691                            /usr/lib/jvm/java-8-oracle/jre/bin/java
01698000-016b9000 rw-p 00000000 00:00 0                                  [heap]
c2400000-c4d80000 rw-p 00000000 00:00 0 
c4d80000-eb700000 ---p 00000000 00:00 0 
eb700000-f2100000 rw-p 00000000 00:00 0 
f5b00000-100000000 ---p 00000000 00:00 0 
100000000-1001c0000 rw-p 00000000 00:00 0 
1001c0000-140000000 ---p 00000000 00:00 0 
7f5500000000-7f5500021000 rw-p 00000000 00:00 0 
7f5500021000-7f5504000000 ---p 00000000 00:00 0 
7f5508000000-7f5508ff4000 rw-p 00000000 00:00 0 
7f5508ff4000-7f550c000000 ---p 00000000 00:00 0 
7f550c000000-7f550c021000 rw-p 00000000 00:00 0 
7f550c021000-7f5510000000 ---p 00000000 00:00 0 
7f5510000000-7f55115a5000 rw-p 00000000 00:00 0 
7f55115a5000-7f5514000000 ---p 00000000 00:00 0 
7f5514000000-7f5514021000 rw-p 00000000 00:00 0 
7f5514021000-7f5518000000 ---p 00000000 00:00 0 
7f5518fff000-7f551c000000 rw-p 00000000 00:00 0 
7f551c000000-7f551c021000 rw-p 00000000 00:00 0 
7f551c021000-7f5520000000 ---p 00000000 00:00 0 
7f5520000000-7f5520021000 rw-p 00000000 00:00 0 
7f5520021000-7f5524000000 ---p 00000000 00:00 0 
7f5524000000-7f5524021000 rw-p 00000000 00:00 0 
7f5524021000-7f5528000000 ---p 00000000 00:00 0 
7f5528000000-7f552828e000 rw-p 00000000 00:00 0 
7f552828e000-7f552c000000 ---p 00000000 00:00 0 
7f552c000000-7f552c021000 rw-p 00000000 00:00 0 
7f552c021000-7f5530000000 ---p 00000000 00:00 0 
7f5530859000-7f5530899000 rw-p 00000000 00:00 0 
7f5530899000-7f5530a59000 ---p 00000000 00:00 0 
7f5530a59000-7f5530a75000 r--s 00393000 08:01 2106535                    /usr/lib/jvm/java-8-oracle/jre/lib/ext/cldrdata.jar
7f5530a75000-7f5530a7f000 r--s 00116000 08:01 2106532                    /usr/lib/jvm/java-8-oracle/jre/lib/ext/localedata.jar
7f5530a7f000-7f5530c7f000 rw-p 00000000 00:00 0 
7f5530c7f000-7f5530c92000 r--s 00345000 08:01 1976712                    /usr/lib/jvm/java-8-oracle/jre/lib/resources.jar
7f5530c92000-7f5530e92000 rw-p 00000000 00:00 0 
7f5530e97000-7f5531097000 rw-p 00000000 00:00 0 
7f5531097000-7f5531099000 r--s 00007000 08:01 791719                     /home/madunlap/.m2/repository/org/apache/maven/surefire/surefire-junit4/2.10/surefire-junit4-2.10.jar
7f5531099000-7f553109b000 r--s 0000b000 08:01 921145                     /home/madunlap/.m2/repository/org/json/json/20160212/json-20160212.jar
7f553109b000-7f553109d000 r--s 00009000 08:01 921147                     /home/madunlap/.m2/repository/com/mashape/unirest/unirest-java/1.4.9/unirest-java-1.4.9.jar
7f553109d000-7f553109f000 r--s 0000e000 08:01 921141                     /home/madunlap/.m2/repository/org/jvnet/mimepull/mimepull/1.9.6/mimepull-1.9.6.jar
7f553109f000-7f55310a2000 r--s 0000e000 08:01 921143                     /home/madunlap/.m2/repository/org/glassfish/jersey/media/jersey-media-multipart/2.23.2/jersey-media-multipart-2.23.2.jar
7f55310a2000-7f55310a6000 r--s 00019000 08:01 921137                     /home/madunlap/.m2/repository/javax/ws/rs/javax.ws.rs-api/2.0.1/javax.ws.rs-api-2.0.1.jar
7f55310a6000-7f55310a8000 r--s 00010000 08:01 921134                     /home/madunlap/.m2/repository/org/glassfish/jersey/media/jersey-media-jaxb/2.23.2/jersey-media-jaxb-2.23.2.jar
7f55310a8000-7f55310ad000 r--s 00025000 08:01 921138                     /home/madunlap/.m2/repository/org/glassfish/jersey/core/jersey-client/2.23.2/jersey-client-2.23.2.jar
7f55310ad000-7f55310c3000 r--s 000d3000 08:01 921133                     /home/madunlap/.m2/repository/org/glassfish/jersey/core/jersey-server/2.23.2/jersey-server-2.23.2.jar
7f55310c3000-7f55310c4000 r--s 00004000 08:01 921129                     /home/madunlap/.m2/repository/org/glassfish/hk2/osgi-resource-locator/1.0.1/osgi-resource-locator-1.0.1.jar
7f55310c4000-7f55310ce000 r--s 000ae000 08:01 921127                     /home/madunlap/.m2/repository/org/javassist/javassist/3.20.0-GA/javassist-3.20.0-GA.jar
7f55310ce000-7f55310d1000 r--s 0002a000 08:01 921123                     /home/madunlap/.m2/repository/org/glassfish/hk2/hk2-locator/2.5.0-b05/hk2-locator-2.5.0-b05.jar
7f55310d1000-7f55310d3000 r--s 00002000 08:01 921128                     /home/madunlap/.m2/repository/org/glassfish/hk2/external/aopalliance-repackaged/2.5.0-b05/aopalliance-repackaged-2.5.0-b05.jar
7f55310d3000-7f55310d7000 r--s 0001a000 08:01 921125                     /home/madunlap/.m2/repository/org/glassfish/hk2/hk2-utils/2.5.0-b05/hk2-utils-2.5.0-b05.jar
7f55310d7000-7f55310dc000 r--s 00027000 08:01 921118                     /home/madunlap/.m2/repository/org/glassfish/hk2/hk2-api/2.5.0-b05/hk2-api-2.5.0-b05.jar
7f55310dc000-7f55310f4000 r--s 000d6000 08:01 921120                     /home/madunlap/.m2/repository/org/glassfish/jersey/bundles/repackaged/jersey-guava/2.23.2/jersey-guava-2.23.2.jar
7f55310f4000-7f55310f6000 r--s 00005000 08:01 921116                     /home/madunlap/.m2/repository/javax/annotation/javax.annotation-api/1.2/javax.annotation-api-1.2.jar
7f55310f6000-7f5531105000 r--s 000a0000 08:01 921111                     /home/madunlap/.m2/repository/org/glassfish/jersey/core/jersey-common/2.23.2/jersey-common-2.23.2.jar
7f5531105000-7f5531106000 r--s 00001000 08:01 921113                     /home/madunlap/.m2/repository/org/glassfish/hk2/external/javax.inject/2.5.0-b05/javax.inject-2.5.0-b05.jar
7f5531106000-7f5531109000 r--s 0000e000 08:01 921110                     /home/madunlap/.m2/repository/org/glassfish/jersey/containers/jersey-container-servlet-core/2.23.2/jersey-container-servlet-core-2.23.2.jar
7f5531109000-7f553110b000 r--s 00003000 08:01 921107                     /home/madunlap/.m2/repository/org/glassfish/jersey/containers/jersey-container-servlet/2.23.2/jersey-container-servlet-2.23.2.jar
7f553110b000-7f553110d000 r--s 00008000 08:01 921112                     /home/madunlap/.m2/repository/com/google/auto/auto-common/0.3/auto-common-0.3.jar
7f553110d000-7f553110e000 r--s 00002000 08:01 921105                     /home/madunlap/.m2/repository/com/google/auto/service/auto-service/1.0-rc2/auto-service-1.0-rc2.jar
7f553110e000-7f5531110000 r--s 0000c000 08:01 921153                     /home/madunlap/.m2/repository/com/lyncode/xoai-service-provider/4.1.0-header-patch/xoai-service-provider-4.1.0-header-patch.jar
7f5531110000-7f5531111000 r--s 00001000 08:01 921104                     /home/madunlap/.m2/repository/com/lyncode/builder-commons/1.0.2/builder-commons-1.0.2.jar
7f5531111000-7f5531114000 r--s 00012000 08:01 921152                     /home/madunlap/.m2/repository/com/lyncode/xoai-data-provider/4.1.0-header-patch/xoai-data-provider-4.1.0-header-patch.jar
7f5531114000-7f5531116000 r--s 00005000 08:01 791390                     /home/madunlap/.m2/repository/stax/stax-api/1.0.1/stax-api-1.0.1.jar
7f5531116000-7f553111c000 r--s 00048000 08:01 921101                     /home/madunlap/.m2/repository/org/apache/commons/commons-lang3/3.1/commons-lang3-3.1.jar
7f553111c000-7f553111e000 r--s 00004000 08:01 921097                     /home/madunlap/.m2/repository/javax/xml/stream/stax-api/1.0-2/stax-api-1.0-2.jar
7f553111e000-7f5531122000 r--s 00029000 08:01 921098                     /home/madunlap/.m2/repository/org/codehaus/woodstox/stax2-api/3.0.4/stax2-api-3.0.4.jar
7f5531122000-7f5531128000 r--s 00045000 08:01 921095                     /home/madunlap/.m2/repository/org/hamcrest/hamcrest-all/1.3/hamcrest-all-1.3.jar
7f5531128000-7f553112d000 r--s 00016000 08:01 791388                     /home/madunlap/.m2/repository/xml-apis/xml-apis/1.0.b2/xml-apis-1.0.b2.jar
7f553112d000-7f553112e000 r--s 00003000 08:01 921092                     /home/madunlap/.m2/repository/com/lyncode/test-support/1.0.4/test-support-1.0.4.jar
7f553112e000-7f5531130000 r--s 00004000 08:01 921090                     /home/madunlap/.m2/repository/com/lyncode/xml-io/1.0.3/xml-io-1.0.3.jar
7f5531130000-7f5531132000 r--s 0000d000 08:01 921151                     /home/madunlap/.m2/repository/com/lyncode/xoai-common/4.1.0-header-patch/xoai-common-4.1.0-header-patch.jar
7f5531132000-7f5531135000 r--s 00011000 08:01 921088                     /home/madunlap/.m2/repository/com/github/scribejava/scribejava-core/3.1.0/scribejava-core-3.1.0.jar
7f5531135000-7f5531138000 r--s 00010000 08:01 921084                     /home/madunlap/.m2/repository/com/github/scribejava/scribejava-apis/3.1.0/scribejava-apis-3.1.0.jar
7f5531138000-7f5531141000 r--s 0006f000 08:01 921083                     /home/madunlap/.m2/repository/log4j/log4j/1.2.17/log4j-1.2.17.jar
7f5531141000-7f5531218000 r--s 007aa000 08:01 921093                     /home/madunlap/.m2/repository/net/sf/ehcache/ehcache/2.10.1/ehcache-2.10.1.jar
7f5531218000-7f553121a000 r--s 00008000 08:01 921082                     /home/madunlap/.m2/repository/org/apache/commons/commons-csv/1.2/commons-csv-1.2.jar
7f553121a000-7f553121e000 r--s 00035000 08:01 921081                     /home/madunlap/.m2/repository/com/fasterxml/jackson/core/jackson-core/2.5.3/jackson-core-2.5.3.jar
7f553121e000-7f5531220000 r--s 00008000 08:01 921075                     /home/madunlap/.m2/repository/com/fasterxml/jackson/core/jackson-annotations/2.5.0/jackson-annotations-2.5.0.jar
7f5531220000-7f5531232000 r--s 00106000 08:01 921073                     /home/madunlap/.m2/repository/com/fasterxml/jackson/core/jackson-databind/2.5.3/jackson-databind-2.5.3.jar
7f5531232000-7f5531235000 r--s 00006000 08:01 921070                     /home/madunlap/.m2/repository/com/google/code/findbugs/jsr305/1.3.9/jsr305-1.3.9.jar
7f5531235000-7f553123b000 r--s 00040000 08:01 921074                     /home/madunlap/.m2/repository/com/google/http-client/google-http-client/1.20.0/google-http-client-1.20.0.jar
7f553123b000-7f553123c000 r--s 00004000 08:01 921066                     /home/madunlap/.m2/repository/com/maxmind/db/maxmind-db/1.0.0/maxmind-db-1.0.0.jar
7f553123c000-7f553123e000 r--s 00007000 08:01 921064                     /home/madunlap/.m2/repository/com/maxmind/geoip2/geoip2/2.3.1/geoip2-2.3.1.jar
7f553123e000-7f5531240000 r--s 00003000 08:01 921062                     /home/madunlap/.m2/repository/org/slf4j/jcl-over-slf4j/1.7.2/jcl-over-slf4j-1.7.2.jar
7f5531240000-7f5531244000 r--s 00034000 08:01 921067                     /home/madunlap/.m2/repository/org/codehaus/jackson/jackson-core-asl/1.9.7/jackson-core-asl-1.9.7.jar
7f5531244000-7f5531253000 r--s 000b0000 08:01 921065                     /home/madunlap/.m2/repository/org/codehaus/jackson/jackson-mapper-asl/1.9.7/jackson-mapper-asl-1.9.7.jar
7f5531253000-7f553125d000 r--s 0003d000 08:01 921060                     /home/madunlap/.m2/repository/org/javaswift/joss/0.9.10/joss-0.9.10.jar
7f553125d000-7f5531264000 r--s 0003a000 08:01 921056                     /home/madunlap/.m2/repository/commons-codec/commons-codec/1.9/commons-codec-1.9.jar
7f5531264000-7f553126b000 r--s 00048000 08:01 921054                     /home/madunlap/.m2/repository/org/apache/httpcomponents/httpcore/4.4.1/httpcore-4.4.1.jar
7f553126b000-7f5531278000 r--s 000a4000 08:01 921052                     /home/madunlap/.m2/repository/org/apache/httpcomponents/httpclient/4.4.1/httpclient-4.4.1.jar
7f5531278000-7f553127c000 r--s 00028000 08:01 921050                     /home/madunlap/.m2/repository/org/apache/httpcomponents/httpasyncclient/4.1/httpasyncclient-4.1.jar
7f553127c000-7f5531283000 r--s 00050000 08:01 921049                     /home/madunlap/.m2/repository/org/apache/httpcomponents/httpcore-nio/4.4.1/httpcore-nio-4.4.1.jar
7f5531283000-7f5531289000 r--s 00033000 08:01 921046                     /home/madunlap/.m2/repository/io/searchbox/jest-common/0.1.7/jest-common-0.1.7.jar
7f5531289000-7f553128a000 r--s 00004000 08:01 921045                     /home/madunlap/.m2/repository/io/searchbox/jest/0.1.7/jest-0.1.7.jar
7f553128a000-7f553128d000 r--s 0000f000 08:01 921042                     /home/madunlap/.m2/repository/commons-discovery/commons-discovery/0.2/commons-discovery-0.2.jar
7f553128d000-7f5531290000 r--s 0001c000 08:01 921043                     /home/madunlap/.m2/repository/axis/axis-wsdl4j/1.5.1/axis-wsdl4j-1.5.1.jar
7f5531290000-7f5531291000 r--s 00004000 08:01 921039                     /home/madunlap/.m2/repository/org/apache/axis/axis-saaj/1.4/axis-saaj-1.4.jar
7f5531291000-7f5531293000 r--s 00006000 08:01 921036                     /home/madunlap/.m2/repository/org/apache/axis/axis-jaxrpc/1.4/axis-jaxrpc-1.4.jar
7f5531293000-7f55312a7000 r--s 00173000 08:01 921038                     /home/madunlap/.m2/repository/axis/axis/1.4/axis-1.4.jar
7f55312a7000-7f55312a9000 r--s 00009000 08:01 921034                     /home/madunlap/.m2/repository/org/objenesis/objenesis/2.1/objenesis-2.1.jar
7f55312a9000-7f55312c5000 r--s 00103000 08:01 921030                     /home/madunlap/.m2/repository/org/mockito/mockito-core/1.10.19/mockito-core-1.10.19.jar
7f55312c5000-7f55312c7000 r--s 00001000 08:01 921031                     /home/madunlap/.m2/repository/org/slf4j/slf4j-log4j12/1.7.7/slf4j-log4j12-1.7.7.jar
7f55312c7000-7f55312c9000 r--s 00006000 08:01 791385                     /home/madunlap/.m2/repository/org/slf4j/slf4j-api/1.7.7/slf4j-api-1.7.7.jar
7f55312c9000-7f55312cd000 r--s 0001f000 08:01 921028                     /home/madunlap/.m2/repository/org/jacoco/org.jacoco.report/0.7.5.201505241946/org.jacoco.report-0.7.5.201505241946.jar
7f55312cd000-7f55312d2000 r--s 00058000 08:01 921027                     /home/madunlap/.m2/repository/org/ow2/asm/asm-debug-all/5.0.1/asm-debug-all-5.0.1.jar
7f55312d2000-7f55312d6000 r--s 0001d000 08:01 791383                     /home/madunlap/.m2/repository/org/jacoco/org.jacoco.core/0.7.5.201505241946/org.jacoco.core-0.7.5.201505241946.jar
7f55312d6000-7f55312d7000 ---p 00000000 00:00 0 
7f55312d7000-7f55313d7000 rw-p 00000000 00:00 0 
7f55313d7000-7f55313da000 ---p 00000000 00:00 0 
7f55313da000-7f55314d8000 rw-p 00000000 00:00 0 
7f55314d8000-7f55314db000 ---p 00000000 00:00 0 
7f55314db000-7f55315d9000 rw-p 00000000 00:00 0 
7f55315d9000-7f55315dc000 ---p 00000000 00:00 0 
7f55315dc000-7f55316da000 rw-p 00000000 00:00 0 
7f55316da000-7f55316eb000 r-xp 00000000 08:01 2106483                    /usr/lib/jvm/java-8-oracle/jre/lib/amd64/libnio.so
7f55316eb000-7f55318ea000 ---p 00011000 08:01 2106483                    /usr/lib/jvm/java-8-oracle/jre/lib/amd64/libnio.so
7f55318ea000-7f55318eb000 rw-p 00010000 08:01 2106483                    /usr/lib/jvm/java-8-oracle/jre/lib/amd64/libnio.so
7f55318eb000-7f5531901000 r-xp 00000000 08:01 2106458                    /usr/lib/jvm/java-8-oracle/jre/lib/amd64/libnet.so
7f5531901000-7f5531b01000 ---p 00016000 08:01 2106458                    /usr/lib/jvm/java-8-oracle/jre/lib/amd64/libnet.so
7f5531b01000-7f5531b02000 rw-p 00016000 08:01 2106458                    /usr/lib/jvm/java-8-oracle/jre/lib/amd64/libnet.so
7f5531b02000-7f5531b05000 r--s 0001a000 08:01 1976716                    /usr/lib/jvm/java-8-oracle/jre/lib/jce.jar
7f5531b05000-7f5531b0a000 r--s 0009a000 08:01 1976643                    /usr/lib/jvm/java-8-oracle/jre/lib/jsse.jar
7f5531b0a000-7f5531b10000 r--s 00041000 08:01 661360                     /home/madunlap/.m2/repository/org/jacoco/org.jacoco.agent/0.7.5.201505241946/org.jacoco.agent-0.7.5.201505241946-runtime.jar
7f5531b10000-7f5531b12000 r--s 0000e000 08:01 921023                     /home/madunlap/.m2/repository/oro/oro/2.0.8/oro-2.0.8.jar
7f5531b12000-7f5531b1a000 r--s 00058000 08:01 921019                     /home/madunlap/.m2/repository/org/apache/velocity/velocity/1.5/velocity-1.5.jar
7f5531b1a000-7f5531b1b000 r--s 00001000 08:01 921022                     /home/madunlap/.m2/repository/org/codehaus/plexus/plexus-velocity/1.1.7/plexus-velocity-1.1.7.jar
7f5531b1b000-7f5531b1c000 r--s 00002000 08:01 921017                     /home/madunlap/.m2/repository/org/codehaus/plexus/plexus-i18n/1.0-beta-7/plexus-i18n-1.0-beta-7.jar
7f5531b1c000-7f5531b1e000 r--s 00008000 08:01 921015                     /home/madunlap/.m2/repository/org/apache/maven/doxia/doxia-module-fml/1.1.2/doxia-module-fml-1.1.2.jar
7f5531b1e000-7f5531b1f000 r--s 00003000 08:01 921016                     /home/madunlap/.m2/repository/org/apache/maven/doxia/doxia-module-xhtml/1.1.2/doxia-module-xhtml-1.1.2.jar
7f5531b1f000-7f5531b21000 r--s 0000b000 08:01 921011                     /home/madunlap/.m2/repository/org/apache/maven/doxia/doxia-decoration-model/1.1.2/doxia-decoration-model-1.1.2.jar
7f5531b21000-7f5531b23000 r--s 0000b000 08:01 921008                     /home/madunlap/.m2/repository/org/apache/maven/doxia/doxia-site-renderer/1.1.2/doxia-site-renderer-1.1.2.jar
7f5531b23000-7f5531b27000 r--s 00023000 08:01 921010                     /home/madunlap/.m2/repository/org/apache/maven/doxia/doxia-core/1.1.2/doxia-core-1.1.2.jar
7f5531b27000-7f5531b29000 r--s 00003000 08:01 921007                     /home/madunlap/.m2/repository/org/apache/maven/reporting/maven-reporting-impl/2.1/maven-reporting-impl-2.1.jar
7f5531b29000-7f5531b2a000 r--s 00002000 08:01 921004                     /home/madunlap/.m2/repository/org/apache/maven/doxia/doxia-logging-api/1.1/doxia-logging-api-1.1.jar
7f5531b2a000-7f5531b2c000 r--s 00002000 08:01 921001                     /home/madunlap/.m2/repository/org/apache/maven/doxia/doxia-sink-api/1.1/doxia-sink-api-1.1.jar
7f5531b2c000-7f5531b2d000 r--s 00002000 08:01 920999                     /home/madunlap/.m2/repository/org/apache/maven/reporting/maven-reporting-api/2.2.1/maven-reporting-api-2.2.1.jar
7f5531b2d000-7f5531b2f000 r--s 00008000 08:01 920995                     /home/madunlap/.m2/repository/org/apache/maven/shared/maven-shared-io/1.1/maven-shared-io-1.1.jar
7f5531b2f000-7f5531b31000 r--s 00008000 08:01 920998                     /home/madunlap/.m2/repository/org/apache/maven/shared/file-management/1.2.1/file-management-1.2.1.jar
7f5531b31000-7f5531b36000 r--s 00039000 08:01 920997                     /home/madunlap/.m2/repository/org/codehaus/plexus/plexus-utils/1.5.6/plexus-utils-1.5.6.jar
7f5531b36000-7f5531b38000 r--s 00008000 08:01 920991                     /home/madunlap/.m2/repository/classworlds/classworlds/1.1-alpha-2/classworlds-1.1-alpha-2.jar
7f5531b38000-7f5531b3f000 r--s 00029000 08:01 920988                     /home/madunlap/.m2/repository/org/codehaus/plexus/plexus-container-default/1.0-alpha-9-stable-1/plexus-container-default-1.0-alpha-9-stable-1.jar
7f5531b3f000-7f5531b42000 r--s 00011000 08:01 920989                     /home/madunlap/.m2/repository/org/apache/maven/maven-artifact/2.2.1/maven-artifact-2.2.1.jar
7f5531b42000-7f5531b44000 r--s 0000b000 08:01 920985                     /home/madunlap/.m2/repository/org/codehaus/plexus/plexus-interpolation/1.11/plexus-interpolation-1.11.jar
7f5531b44000-7f5531b46000 r--s 00006000 08:01 920982                     /home/madunlap/.m2/repository/org/apache/maven/maven-plugin-registry/2.2.1/maven-plugin-registry-2.2.1.jar
7f5531b46000-7f5531b4e000 r--s 00049000 08:01 920984                     /home/madunlap/.m2/repository/backport-util-concurrent/backport-util-concurrent/3.1/backport-util-concurrent-3.1.jar
7f5531b4e000-7f5531b50000 r--s 0000b000 08:01 920978                     /home/madunlap/.m2/repository/org/apache/maven/wagon/wagon-provider-api/1.0-beta-6/wagon-provider-api-1.0-beta-6.jar
7f5531b50000-7f5531b52000 r--s 00005000 08:01 920980                     /home/madunlap/.m2/repository/org/apache/maven/maven-repository-metadata/2.2.1/maven-repository-metadata-2.2.1.jar
7f5531b52000-7f5531b54000 r--s 0000f000 08:01 920975                     /home/madunlap/.m2/repository/org/apache/maven/maven-artifact-manager/2.2.1/maven-artifact-manager-2.2.1.jar
7f5531b54000-7f5531b56000 r--s 00014000 08:01 920971                     /home/madunlap/.m2/repository/org/apache/maven/maven-model/2.2.1/maven-model-2.2.1.jar
7f5531b56000-7f5531b58000 r--s 00007000 08:01 920969                     /home/madunlap/.m2/repository/org/apache/maven/maven-profile/2.2.1/maven-profile-2.2.1.jar
7f5531b58000-7f5531b59000 r--s 0000b000 08:01 920972                     /home/madunlap/.m2/repository/org/apache/maven/maven-settings/2.2.1/maven-settings-2.2.1.jar
7f5531b59000-7f5531b5d000 r--s 00023000 08:01 920973                     /home/madunlap/.m2/repository/org/apache/maven/maven-project/2.2.1/maven-project-2.2.1.jar
7f5531b5d000-7f5531b5f000 r--s 00002000 08:01 661356                     /home/madunlap/.m2/repository/org/apache/maven/maven-plugin-api/2.2.1/maven-plugin-api-2.2.1.jar
7f5531b5f000-7f5531b61000 r--s 0000b000 08:01 660606                     /home/madunlap/.m2/repository/org/jacoco/jacoco-maven-plugin/0.7.5.201505241946/jacoco-maven-plugin-0.7.5.201505241946.jar
7f5531b61000-7f5531b63000 r--s 00013000 08:01 791380                     /home/madunlap/.m2/repository/com/jayway/restassured/xml-path/2.4.0/xml-path-2.4.0.jar
7f5531b63000-7f5531b65000 r--s 00007000 08:01 791379                     /home/madunlap/.m2/repository/com/jayway/restassured/rest-assured-common/2.4.0/rest-assured-common-2.4.0.jar
7f5531b65000-7f5531b67000 r--s 0001e000 08:01 661355                     /home/madunlap/.m2/repository/org/codehaus/groovy/groovy-json/2.3.7/groovy-json-2.3.7.jar
7f5531b67000-7f5531b69000 r--s 0000d000 08:01 791376                     /home/madunlap/.m2/repository/com/jayway/restassured/json-path/2.4.0/json-path-2.4.0.jar
7f5531b69000-7f5531b6b000 r--s 00015000 08:01 791373                     /home/madunlap/.m2/repository/org/ccil/cowan/tagsoup/tagsoup/1.2.1/tagsoup-1.2.1.jar
7f5531b6b000-7f5531b6c000 r--s 0000c000 08:01 791372                     /home/madunlap/.m2/repository/org/hamcrest/hamcrest-library/1.3/hamcrest-library-1.3.jar
7f5531b6c000-7f5531b6e000 r--s 00009000 08:01 791370                     /home/madunlap/.m2/repository/org/hamcrest/hamcrest-core/1.3/hamcrest-core-1.3.jar
7f5531b6e000-7f5531b73000 r--s 00034000 08:01 661352                     /home/madunlap/.m2/repository/org/codehaus/groovy/groovy-xml/2.3.7/groovy-xml-2.3.7.jar
7f5531b73000-7f5531bbc000 r--s 003fb000 08:01 661354                     /home/madunlap/.m2/repository/org/codehaus/groovy/groovy/2.3.7/groovy-2.3.7.jar
7f5531bbc000-7f5531bc6000 r--s 0008c000 08:01 791368                     /home/madunlap/.m2/repository/com/jayway/restassured/rest-assured/2.4.0/rest-assured-2.4.0.jar
7f5531bc6000-7f5531bcc000 r--s 00044000 08:01 791367                     /home/madunlap/.m2/repository/org/jsoup/jsoup/1.8.1/jsoup-1.8.1.jar
7f5531bcc000-7f5531bce000 r--s 00004000 08:01 791401                     /home/madunlap/.m2/repository/edu/ucsb/nceas/ezid/1.0.0/ezid-1.0.0.jar
7f5531bce000-7f5531bd1000 r--s 0000b000 08:01 791362                     /home/madunlap/.m2/repository/org/ocpsoft/rewrite/rewrite-integration-faces/2.0.12.Final/rewrite-integration-faces-2.0.12.Final.jar
7f5531bd1000-7f5531bd3000 r--s 00001000 08:01 791360                     /home/madunlap/.m2/repository/org/ocpsoft/rewrite/rewrite-annotations-api/2.0.12.Final/rewrite-annotations-api-2.0.12.Final.jar
7f5531bd3000-7f5531bd4000 r--s 00005000 08:01 791359                     /home/madunlap/.m2/repository/org/ocpsoft/rewrite/rewrite-addressbuilder/2.0.12.Final/rewrite-addressbuilder-2.0.12.Final.jar
7f5531bd4000-7f5531bd6000 r--s 00008000 08:01 791357                     /home/madunlap/.m2/repository/org/ocpsoft/rewrite/rewrite-api-servlet/2.0.12.Final/rewrite-api-servlet-2.0.12.Final.jar
7f5531bd6000-7f5531bd8000 r--s 00001000 08:01 791354                     /home/madunlap/.m2/repository/org/ocpsoft/logging/logging-api/1.0.2.Final/logging-api-1.0.2.Final.jar
7f5531bd8000-7f5531bd9000 r--s 00003000 08:01 791353                     /home/madunlap/.m2/repository/org/ocpsoft/common/common-api/1.0.5.Final/common-api-1.0.5.Final.jar
7f5531bd9000-7f5531bdd000 r--s 00018000 08:01 791351                     /home/madunlap/.m2/repository/org/ocpsoft/rewrite/rewrite-api/2.0.12.Final/rewrite-api-2.0.12.Final.jar
7f5531bdd000-7f5531bdf000 r--s 00005000 08:01 791349                     /home/madunlap/.m2/repository/org/ocpsoft/rewrite/rewrite-annotations-impl/2.0.12.Final/rewrite-annotations-impl-2.0.12.Final.jar
7f5531bdf000-7f5531bed000 r--s 00092000 08:01 791352                     /home/madunlap/.m2/repository/org/ocpsoft/rewrite/rewrite-config-prettyfaces/2.0.12.Final/rewrite-config-prettyfaces-2.0.12.Final.jar
7f5531bed000-7f5531bfb000 r--s 0005f000 08:01 791345                     /home/madunlap/.m2/repository/org/ocpsoft/rewrite/rewrite-servlet/2.0.12.Final/rewrite-servlet-2.0.12.Final.jar
7f5531bfb000-7f5531bff000 r--s 0003c000 08:01 791218                     /home/madunlap/.m2/repository/javax/media/jai_codec/1.1.3/jai_codec-1.1.3.jar
7f5531bff000-7f5531c13000 r--s 001bd000 08:01 791220                     /home/madunlap/.m2/repository/javax/media/jai_core/1.1.3/jai_core-1.1.3.jar
7f5531c13000-7f5531c24000 r--s 00106000 08:01 791219                     /home/madunlap/.m2/repository/javax/media/jai_imageio/1.1.1/jai_imageio-1.1.1.jar
7f5531c24000-7f5531c26000 r--s 00009000 08:01 791399                     /home/madunlap/.m2/repository/edu/harvard/hul/ois/jhove/jhove-handler/1.11.0/jhove-handler-1.11.0.jar
7f5531c26000-7f5531c2f000 r--s 00079000 08:01 791398                     /home/madunlap/.m2/repository/edu/harvard/hul/ois/jhove/jhove-module/1.11.0/jhove-module-1.11.0.jar
7f5531c2f000-7f5531c32000 r--s 00011000 08:01 791396                     /home/madunlap/.m2/repository/edu/harvard/hul/ois/jhove/jhove/1.11.0/jhove-1.11.0.jar
7f5531c32000-7f5531c42000 r--s 0011f000 08:01 791342                     /home/madunlap/.m2/repository/org/apache/poi/poi-scratchpad/3.10-FINAL/poi-scratchpad-3.10-FINAL.jar
7f5531c42000-7f5531c48000 r--s 00047000 08:01 791341                     /home/madunlap/.m2/repository/org/apache/poi/poi-examples/3.10-FINAL/poi-examples-3.10-FINAL.jar
7f5531c48000-7f5531c4d000 r--s 00048000 08:01 791338                     /home/madunlap/.m2/repository/dom4j/dom4j/1.6.1/dom4j-1.6.1.jar
7f5531c4d000-7f5531c8a000 r--s 0024f000 08:01 791336                     /home/madunlap/.m2/repository/org/apache/xmlbeans/xmlbeans/2.3.0/xmlbeans-2.3.0.jar
7f5531c8a000-7f5531d22000 r--s 00420000 08:01 791334                     /home/madunlap/.m2/repository/org/apache/poi/poi-ooxml-schemas/3.10-FINAL/poi-ooxml-schemas-3.10-FINAL.jar
7f5531d22000-7f5531d30000 r--s 000ee000 08:01 791333                     /home/madunlap/.m2/repository/org/apache/poi/poi-ooxml/3.10-FINAL/poi-ooxml-3.10-FINAL.jar
7f5531d30000-7f5531d52000 r--s 001bb000 08:01 791332                     /home/madunlap/.m2/repository/org/apache/poi/poi/3.10-FINAL/poi-3.10-FINAL.jar
7f5531d52000-7f5531d54000 r--s 00006000 08:01 791331                     /home/madunlap/.m2/repository/org/nuiton/thirdparty/Rserve/0.6-1/Rserve-0.6-1.jar
7f5531d54000-7f5531d56000 r--s 00006000 08:01 791328                     /home/madunlap/.m2/repository/org/nuiton/thirdparty/REngine/0.6-1/REngine-0.6-1.jar
7f5531d56000-7f5531d57000 r--s 0000c000 08:01 791397                     /home/madunlap/.m2/repository/org/dataverse/unf/6.0/unf-6.0.jar
7f5531d57000-7f5531d60000 r--s 000a6000 08:01 791393                     /home/madunlap/.m2/repository/net/handle/handle/2006-06-16-generated/handle-2006-06-16-generated.jar
7f5531d60000-7f5531d63000 r--s 00035000 08:01 791395                     /home/madunlap/.m2/repository/nom/tam/fits/fits/2012-10-25-generated/fits-2012-10-25-generated.jar
7f5531d63000-7f5531d6a000 r--s 00028000 08:01 791326                     /home/madunlap/.m2/repository/concurrent/concurrent/1.3.4/concurrent-1.3.4.jar
7f5531d6a000-7f5531d78000 r--s 00081000 08:01 791324                     /home/madunlap/.m2/repository/colt/colt/1.2.0/colt-1.2.0.jar
7f5531d78000-7f5531d85000 r--s 00083000 08:01 791320                     /home/madunlap/.m2/repository/commons-collections/commons-collections/3.2.2/commons-collections-3.2.2.jar
7f5531d85000-7f5531d89000 r--s 00020000 08:01 791319                     /home/madunlap/.m2/repository/commons-digester/commons-digester/1.8.1/commons-digester-1.8.1.jar
7f5531d89000-7f5531d8e000 r--s 00035000 08:01 791317                     /home/madunlap/.m2/repository/commons-beanutils/commons-beanutils/1.9.2/commons-beanutils-1.9.2.jar
7f5531d8e000-7f5531d92000 r--s 0002a000 08:01 791315                     /home/madunlap/.m2/repository/commons-validator/commons-validator/1.6/commons-validator-1.6.jar
7f5531d92000-7f5531da5000 r--s 000df000 08:01 791313                     /home/madunlap/.m2/repository/org/apache/commons/commons-math/2.2/commons-math-2.2.jar
7f5531da5000-7f5531da7000 r--s 0000e000 08:01 791309                     /home/madunlap/.m2/repository/commons-logging/commons-logging/1.1.3/commons-logging-1.1.3.jar
7f5531da7000-7f5531da9000 r--s 00005000 08:01 791311                     /home/madunlap/.m2/repository/org/apache/httpcomponents/httpmime/4.2.6/httpmime-4.2.6.jar
7f5531da9000-7f5531db5000 r--s 000b3000 08:01 791304                     /home/madunlap/.m2/repository/org/apache/zookeeper/zookeeper/3.4.5/zookeeper-3.4.5.jar
7f5531db5000-7f5531dbd000 r--s 0005b000 08:01 791305                     /home/madunlap/.m2/repository/org/apache/solr/solr-solrj/4.6.0/solr-solrj-4.6.0.jar
7f5531dbd000-7f5531dc2000 r--s 00041000 08:01 791300                     /home/madunlap/.m2/repository/commons-lang/commons-lang/2.6/commons-lang-2.6.jar
7f5531dc2000-7f5531dc4000 r--s 0000d000 08:01 791302                     /home/madunlap/.m2/repository/com/fasterxml/classmate/1.0.0/classmate-1.0.0.jar
7f5531dc4000-7f5531dc6000 r--s 0000d000 08:01 791296                     /home/madunlap/.m2/repository/org/jboss/logging/jboss-logging/3.1.1.GA/jboss-logging-3.1.1.GA.jar
7f5531dc6000-7f5531dca000 r--s 0000c000 08:01 791294                     /home/madunlap/.m2/repository/javax/validation/validation-api/1.1.0.Final/validation-api-1.1.0.Final.jar
7f5531dca000-7f5531dd7000 r--s 00080000 08:01 791293                     /home/madunlap/.m2/repository/org/hibernate/hibernate-validator/5.0.3.Final/hibernate-validator-5.0.3.Final.jar
7f5531dd7000-7f5531de1000 r--s 0006b000 08:01 791289                     /home/madunlap/.m2/repository/org/omnifaces/omnifaces/1.7/omnifaces-1.7.jar
7f5531de1000-7f5531df0000 r--s 000c4000 08:01 791290                     /home/madunlap/.m2/repository/org/atmosphere/atmosphere-runtime/2.4.2/atmosphere-runtime-2.4.2.jar
7f5531df0000-7f5531e04000 r--s 0013a000 08:01 791121                     /home/madunlap/.m2/repository/org/primefaces/themes/all-themes/1.0.10/all-themes-1.0.10.jar
7f5531e04000-7f5531e30000 r--s 00318000 08:01 791288                     /home/madunlap/.m2/repository/org/primefaces/primefaces/5.3/primefaces-5.3.jar
7f5531e30000-7f5531e58000 r--s 0014f000 08:01 1189874                    /home/madunlap/.m2/repository/javax/javaee-web-api/8.0/javaee-web-api-8.0.jar
7f5531e58000-7f5531e5a000 r--s 0000e000 08:01 791282                     /home/madunlap/.m2/repository/javax/activation/activation/1.1/activation-1.1.jar
7f5531e5a000-7f5531e63000 r--s 00097000 08:01 1189872                    /home/madunlap/.m2/repository/com/sun/mail/javax.mail/1.6.0/javax.mail-1.6.0.jar
7f5531e63000-7f5531e99000 r--s 001ae000 08:01 925739                     /home/madunlap/.m2/repository/javax/javaee-api/8.0/javaee-api-8.0.jar
7f5531e99000-7f5531ec4000 r--s 001f5000 08:01 791277                     /home/madunlap/.m2/repository/com/google/guava/guava/16.0.1/guava-16.0.1.jar
7f5531ec4000-7f5531ee2000 r--s 0027d000 08:01 791273                     /home/madunlap/.m2/repository/xalan/xalan/2.7.0/xalan-2.7.0.jar
7f5531ee2000-7f5531ef6000 r--s 000e3000 08:01 791272                     /home/madunlap/.m2/repository/xerces/xercesImpl/2.6.2/xercesImpl-2.6.2.jar
7f5531ef6000-7f5531efc000 r--s 00019000 08:01 791270                     /home/madunlap/.m2/repository/xerces/xmlParserAPIs/2.6.2/xmlParserAPIs-2.6.2.jar
7f5531efc000-7f5531f03000 r--s 00063000 08:01 791268                     /home/madunlap/.m2/repository/xom/xom/1.1/xom-1.1.jar
7f5531f03000-7f5531f08000 r--s 0002a000 08:01 791265                     /home/madunlap/.m2/repository/com/google/code/gson/gson/2.2.4/gson-2.2.4.jar
7f5531f08000-7f5531f0c000 r--s 00027000 08:01 791263                     /home/madunlap/.m2/repository/commons-io/commons-io/2.2/commons-io-2.2.jar
7f5531f0c000-7f5531f0e000 r--s 0000f000 08:01 791260                     /home/madunlap/.m2/repository/commons-fileupload/commons-fileupload/1.3.1/commons-fileupload-1.3.1.jar
7f5531f0e000-7f5531f14000 r--s 00032000 08:01 791261                     /home/madunlap/.m2/repository/jaxen/jaxen/1.1.1/jaxen-1.1.1.jar
7f5531f14000-7f5531f1b000 r--s 00079000 08:01 661348                     /home/madunlap/.m2/repository/org/codehaus/woodstox/wstx-asl/3.2.6/wstx-asl-3.2.6.jar
7f5531f1b000-7f5531f20000 r--s 00070000 08:01 661349                     /home/madunlap/.m2/repository/org/codehaus/woodstox/woodstox-core-asl/4.1.4/woodstox-core-asl-4.1.4.jar
7f5531f20000-7f5531f24000 r--s 00026000 08:01 791256                     /home/madunlap/.m2/repository/org/apache/ws/commons/axiom/axiom-impl/1.2.14/axiom-impl-1.2.14.jar
7f5531f24000-7f5531f27000 r--s 00015000 08:01 791254                     /home/madunlap/.m2/repository/org/apache/james/apache-mime4j-core/0.7.2/apache-mime4j-core-0.7.2.jar
7f5531f27000-7f5531f2c000 r--s 00032000 08:01 791252                     /home/madunlap/.m2/repository/org/apache/geronimo/specs/geronimo-javamail_1.4_spec/1.7.1/geronimo-javamail_1.4_spec-1.7.1.jar
7f5531f2c000-7f5531f36000 r--s 0005d000 08:01 791250                     /home/madunlap/.m2/repository/org/apache/ws/commons/axiom/axiom-api/1.2.14/axiom-api-1.2.14.jar
7f5531f36000-7f5531f39000 r--s 0014e000 08:01 791249                     /home/madunlap/.m2/repository/org/apache/abdera/abdera-parser/1.1.3/abdera-parser-1.1.3.jar
7f5531f39000-7f5531f3b000 r--s 00006000 08:01 791245                     /home/madunlap/.m2/repository/org/apache/geronimo/specs/geronimo-stax-api_1.0_spec/1.0.1/geronimo-stax-api_1.0_spec-1.0.1.jar
7f5531f3b000-7f5531f3d000 r--s 0000a000 08:01 791243                     /home/madunlap/.m2/repository/org/apache/geronimo/specs/geronimo-activation_1.1_spec/1.1/geronimo-activation_1.1_spec-1.1.jar
7f5531f3d000-7f5531f41000 r--s 00094000 08:01 791246                     /home/madunlap/.m2/repository/org/apache/abdera/abdera-i18n/1.1.3/abdera-i18n-1.1.3.jar
7f5531f41000-7f5531f45000 r--s 00024000 08:01 791241                     /home/madunlap/.m2/repository/org/apache/abdera/abdera-core/1.1.3/abdera-core-1.1.3.jar
7f5531f45000-7f5531f68000 r--s 001ae000 08:01 791235                     /home/madunlap/.m2/repository/com/hp/hpl/jena/jena/2.6.4/jena-2.6.4.jar
7f5531f68000-7f5531fa8000 r--s 00285000 08:01 925253                     /home/madunlap/.m2/repository/org/bouncycastle/bcprov-jdk15on/1.52/bcprov-jdk15on-1.52.jar
7f5531fa8000-7f553202f000 rw-p 00000000 00:00 0 
7f553202f000-7f553243b000 r--s 03c80000 08:01 791225                     /home/madunlap/.m2/repository/com/amazonaws/aws-java-sdk-bundle/1.11.172/aws-java-sdk-bundle-1.11.172.jar
7f553243b000-7f553243e000 ---p 00000000 00:00 0 
7f553243e000-7f553253c000 rw-p 00000000 00:00 0 
7f553253c000-7f5532817000 r--p 00000000 08:01 1441812                    /usr/lib/locale/locale-archive
7f5532817000-7f553281a000 ---p 00000000 00:00 0 
7f553281a000-7f5532918000 rw-p 00000000 00:00 0 
7f5532918000-7f553291b000 ---p 00000000 00:00 0 
7f553291b000-7f5532a19000 rw-p 00000000 00:00 0 
7f5532a19000-7f5532a1a000 ---p 00000000 00:00 0 
7f5532a1a000-7f5535000000 rw-p 00000000 00:00 0 
7f5535000000-7f55356f0000 rwxp 00000000 00:00 0 
7f55356f0000-7f5544000000 ---p 00000000 00:00 0 
7f5544000000-7f554527e000 rw-p 00000000 00:00 0 
7f554527e000-7f5548000000 ---p 00000000 00:00 0 
7f5548000000-7f5548001000 r--s 00018000 08:01 791394                     /home/madunlap/.m2/repository/edu/harvard/iq/dvn/unf5/5.0/unf5-5.0.jar
7f5548001000-7f554801a000 r--s 002fd000 08:01 791240                     /home/madunlap/.m2/repository/com/ibm/icu/icu4j/3.4.4/icu4j-3.4.4.jar
7f554801a000-7f554801d000 r--s 00023000 08:01 791237                     /home/madunlap/.m2/repository/com/hp/hpl/jena/iri/0.8/iri-0.8.jar
7f554801d000-7f554801f000 r--s 0000d000 08:01 791233                     /home/madunlap/.m2/repository/org/apache/abdera/abdera-client/1.1.1/abdera-client-1.1.1.jar
7f554801f000-7f5548021000 r--s 00016000 08:01 791230                     /home/madunlap/.m2/repository/javax/servlet/servlet-api/2.4/servlet-api-2.4.jar
7f5548021000-7f5548024000 r--s 0000f000 08:01 791226                     /home/madunlap/.m2/repository/org/swordapp/sword2-server/1.0/sword2-server-1.0-classes.jar
7f5548024000-7f5548029000 r--s 00040000 08:01 791224                     /home/madunlap/.m2/repository/commons-httpclient/commons-httpclient/3.0.1/commons-httpclient-3.0.1.jar
7f5548029000-7f554802c000 r--s 00012000 08:01 791228                     /home/madunlap/.m2/repository/org/glassfish/javax.json/1.0.4/javax.json-1.0.4.jar
7f554802c000-7f5548032000 r--s 00034000 08:01 791227                     /home/madunlap/.m2/repository/junit/junit/4.8.1/junit-4.8.1.jar
7f5548032000-7f5548036000 r--s 00021000 08:01 925254                     /home/madunlap/.m2/repository/org/cryptacular/cryptacular/1.1.0/cryptacular-1.1.0.jar
7f5548036000-7f5548039000 r--s 00011000 08:01 925252                     /home/madunlap/.m2/repository/org/passay/passay/1.1.0/passay-1.1.0.jar
7f5548039000-7f554838b000 rw-p 00000000 00:00 0 
7f554838b000-7f5548565000 r--s 03d4d000 08:01 1976682                    /usr/lib/jvm/java-8-oracle/jre/lib/rt.jar
7f5548565000-7f5548f53000 rw-p 00000000 00:00 0 
7f5548f53000-7f5548f54000 ---p 00000000 00:00 0 
7f5548f54000-7f5549054000 rw-p 00000000 00:00 0 
7f5549054000-7f5549055000 ---p 00000000 00:00 0 
7f5549055000-7f554916a000 rw-p 00000000 00:00 0 
7f554916a000-7f554929f000 ---p 00000000 00:00 0 
7f554929f000-7f55492b4000 rw-p 00000000 00:00 0 
7f55492b4000-7f55493e8000 ---p 00000000 00:00 0 
7f55493e8000-7f554941e000 rw-p 00000000 00:00 0 
7f554941e000-7f554948d000 ---p 00000000 00:00 0 
7f554948d000-7f55494aa000 rw-p 00000000 00:00 0 
7f55494aa000-7f554984e000 ---p 00000000 00:00 0 
7f554984e000-7f5549868000 r-xp 00000000 08:01 2106481                    /usr/lib/jvm/java-8-oracle/jre/lib/amd64/libzip.so
7f5549868000-7f5549a68000 ---p 0001a000 08:01 2106481                    /usr/lib/jvm/java-8-oracle/jre/lib/amd64/libzip.so
7f5549a68000-7f5549a69000 rw-p 0001a000 08:01 2106481                    /usr/lib/jvm/java-8-oracle/jre/lib/amd64/libzip.so
7f5549a69000-7f5549a74000 r-xp 00000000 08:01 663303                     /lib/x86_64-linux-gnu/libnss_files-2.24.so
7f5549a74000-7f5549c73000 ---p 0000b000 08:01 663303                     /lib/x86_64-linux-gnu/libnss_files-2.24.so
7f5549c73000-7f5549c74000 r--p 0000a000 08:01 663303                     /lib/x86_64-linux-gnu/libnss_files-2.24.so
7f5549c74000-7f5549c75000 rw-p 0000b000 08:01 663303                     /lib/x86_64-linux-gnu/libnss_files-2.24.so
7f5549c75000-7f5549c7b000 rw-p 00000000 00:00 0 
7f5549c7b000-7f5549c86000 r-xp 00000000 08:01 663305                     /lib/x86_64-linux-gnu/libnss_nis-2.24.so
7f5549c86000-7f5549e85000 ---p 0000b000 08:01 663305                     /lib/x86_64-linux-gnu/libnss_nis-2.24.so
7f5549e85000-7f5549e86000 r--p 0000a000 08:01 663305                     /lib/x86_64-linux-gnu/libnss_nis-2.24.so
7f5549e86000-7f5549e87000 rw-p 0000b000 08:01 663305                     /lib/x86_64-linux-gnu/libnss_nis-2.24.so
7f5549e87000-7f5549e9d000 r-xp 00000000 08:01 663300                     /lib/x86_64-linux-gnu/libnsl-2.24.so
7f5549e9d000-7f554a09c000 ---p 00016000 08:01 663300                     /lib/x86_64-linux-gnu/libnsl-2.24.so
7f554a09c000-7f554a09d000 r--p 00015000 08:01 663300                     /lib/x86_64-linux-gnu/libnsl-2.24.so
7f554a09d000-7f554a09e000 rw-p 00016000 08:01 663300                     /lib/x86_64-linux-gnu/libnsl-2.24.so
7f554a09e000-7f554a0a0000 rw-p 00000000 00:00 0 
7f554a0a0000-7f554a0a8000 r-xp 00000000 08:01 663301                     /lib/x86_64-linux-gnu/libnss_compat-2.24.so
7f554a0a8000-7f554a2a7000 ---p 00008000 08:01 663301                     /lib/x86_64-linux-gnu/libnss_compat-2.24.so
7f554a2a7000-7f554a2a8000 r--p 00007000 08:01 663301                     /lib/x86_64-linux-gnu/libnss_compat-2.24.so
7f554a2a8000-7f554a2a9000 rw-p 00008000 08:01 663301                     /lib/x86_64-linux-gnu/libnss_compat-2.24.so
7f554a2a9000-7f554a2b3000 r-xp 00000000 08:01 2106519                    /usr/lib/jvm/java-8-oracle/jre/lib/amd64/libinstrument.so
7f554a2b3000-7f554a4b2000 ---p 0000a000 08:01 2106519                    /usr/lib/jvm/java-8-oracle/jre/lib/amd64/libinstrument.so
7f554a4b2000-7f554a4b3000 rw-p 00009000 08:01 2106519                    /usr/lib/jvm/java-8-oracle/jre/lib/amd64/libinstrument.so
7f554a4b3000-7f554a4de000 r-xp 00000000 08:01 2106508                    /usr/lib/jvm/java-8-oracle/jre/lib/amd64/libjava.so
7f554a4de000-7f554a6dd000 ---p 0002b000 08:01 2106508                    /usr/lib/jvm/java-8-oracle/jre/lib/amd64/libjava.so
7f554a6dd000-7f554a6df000 rw-p 0002a000 08:01 2106508                    /usr/lib/jvm/java-8-oracle/jre/lib/amd64/libjava.so
7f554a6df000-7f554a6ec000 r-xp 00000000 08:01 2106459                    /usr/lib/jvm/java-8-oracle/jre/lib/amd64/libverify.so
7f554a6ec000-7f554a8ec000 ---p 0000d000 08:01 2106459                    /usr/lib/jvm/java-8-oracle/jre/lib/amd64/libverify.so
7f554a8ec000-7f554a8ee000 rw-p 0000d000 08:01 2106459                    /usr/lib/jvm/java-8-oracle/jre/lib/amd64/libverify.so
7f554a8ee000-7f554a8f5000 r-xp 00000000 08:01 663310                     /lib/x86_64-linux-gnu/librt-2.24.so
7f554a8f5000-7f554aaf4000 ---p 00007000 08:01 663310                     /lib/x86_64-linux-gnu/librt-2.24.so
7f554aaf4000-7f554aaf5000 r--p 00006000 08:01 663310                     /lib/x86_64-linux-gnu/librt-2.24.so
7f554aaf5000-7f554aaf6000 rw-p 00007000 08:01 663310                     /lib/x86_64-linux-gnu/librt-2.24.so
7f554aaf6000-7f554abfe000 r-xp 00000000 08:01 663297                     /lib/x86_64-linux-gnu/libm-2.24.so
7f554abfe000-7f554adfd000 ---p 00108000 08:01 663297                     /lib/x86_64-linux-gnu/libm-2.24.so
7f554adfd000-7f554adfe000 r--p 00107000 08:01 663297                     /lib/x86_64-linux-gnu/libm-2.24.so
7f554adfe000-7f554adff000 rw-p 00108000 08:01 663297                     /lib/x86_64-linux-gnu/libm-2.24.so
7f554adff000-7f554bad2000 r-xp 00000000 08:01 2106512                    /usr/lib/jvm/java-8-oracle/jre/lib/amd64/server/libjvm.so
7f554bad2000-7f554bcd1000 ---p 00cd3000 08:01 2106512                    /usr/lib/jvm/java-8-oracle/jre/lib/amd64/server/libjvm.so
7f554bcd1000-7f554bdab000 rw-p 00cd2000 08:01 2106512                    /usr/lib/jvm/java-8-oracle/jre/lib/amd64/server/libjvm.so
7f554bdab000-7f554bdf6000 rw-p 00000000 00:00 0 
7f554bdf6000-7f554bfb4000 r-xp 00000000 08:01 663293                     /lib/x86_64-linux-gnu/libc-2.24.so
7f554bfb4000-7f554c1b3000 ---p 001be000 08:01 663293                     /lib/x86_64-linux-gnu/libc-2.24.so
7f554c1b3000-7f554c1b7000 r--p 001bd000 08:01 663293                     /lib/x86_64-linux-gnu/libc-2.24.so
7f554c1b7000-7f554c1b9000 rw-p 001c1000 08:01 663293                     /lib/x86_64-linux-gnu/libc-2.24.so
7f554c1b9000-7f554c1bd000 rw-p 00000000 00:00 0 
7f554c1bd000-7f554c1c0000 r-xp 00000000 08:01 663296                     /lib/x86_64-linux-gnu/libdl-2.24.so
7f554c1c0000-7f554c3bf000 ---p 00003000 08:01 663296                     /lib/x86_64-linux-gnu/libdl-2.24.so
7f554c3bf000-7f554c3c0000 r--p 00002000 08:01 663296                     /lib/x86_64-linux-gnu/libdl-2.24.so
7f554c3c0000-7f554c3c1000 rw-p 00003000 08:01 663296                     /lib/x86_64-linux-gnu/libdl-2.24.so
7f554c3c1000-7f554c3d6000 r-xp 00000000 08:01 2106497                    /usr/lib/jvm/java-8-oracle/jre/lib/amd64/jli/libjli.so
7f554c3d6000-7f554c5d6000 ---p 00015000 08:01 2106497                    /usr/lib/jvm/java-8-oracle/jre/lib/amd64/jli/libjli.so
7f554c5d6000-7f554c5d7000 rw-p 00015000 08:01 2106497                    /usr/lib/jvm/java-8-oracle/jre/lib/amd64/jli/libjli.so
7f554c5d7000-7f554c5ef000 r-xp 00000000 08:01 663308                     /lib/x86_64-linux-gnu/libpthread-2.24.so
7f554c5ef000-7f554c7ef000 ---p 00018000 08:01 663308                     /lib/x86_64-linux-gnu/libpthread-2.24.so
7f554c7ef000-7f554c7f0000 r--p 00018000 08:01 663308                     /lib/x86_64-linux-gnu/libpthread-2.24.so
7f554c7f0000-7f554c7f1000 rw-p 00019000 08:01 663308                     /lib/x86_64-linux-gnu/libpthread-2.24.so
7f554c7f1000-7f554c7f5000 rw-p 00000000 00:00 0 
7f554c7f5000-7f554c81b000 r-xp 00000000 08:01 663288                     /lib/x86_64-linux-gnu/ld-2.24.so
7f554c81b000-7f554c81c000 r--s 00005000 08:01 791308                     /home/madunlap/.m2/repository/org/noggit/noggit/0.5/noggit-0.5.jar
7f554c81c000-7f554c8ed000 rw-p 00000000 00:00 0 
7f554c8ed000-7f554c8f0000 ---p 00000000 00:00 0 
7f554c8f0000-7f554c9f0000 rw-p 00000000 00:00 0 
7f554c9f0000-7f554c9f1000 r--s 00004000 08:01 791275                     /home/madunlap/.m2/repository/org/mindrot/jbcrypt/0.3m/jbcrypt-0.3m.jar
7f554c9f1000-7f554c9f6000 r--s 00023000 08:01 791711                     /home/madunlap/.m2/repository/org/apache/maven/surefire/surefire-api/2.10/surefire-api-2.10.jar
7f554c9f6000-7f554c9f8000 r--s 00007000 08:01 791708                     /home/madunlap/.m2/repository/org/apache/maven/surefire/surefire-booter/2.10/surefire-booter-2.10.jar
7f554c9f8000-7f554c9f9000 r--s 00005000 08:01 924379                     /home/madunlap/Documents/github/dataverse/target/surefire/surefirebooter3648121146496009763.jar
7f554c9f9000-7f554ca0d000 rw-p 00000000 00:00 0 
7f554ca0d000-7f554ca15000 rw-s 00000000 08:01 1311314                    /tmp/hsperfdata_madunlap/21767
7f554ca15000-7f554ca16000 rw-p 00000000 00:00 0 
7f554ca16000-7f554ca17000 ---p 00000000 00:00 0 
7f554ca17000-7f554ca1a000 rw-p 00000000 00:00 0 
7f554ca1a000-7f554ca1b000 r--p 00025000 08:01 663288                     /lib/x86_64-linux-gnu/ld-2.24.so
7f554ca1b000-7f554ca1c000 rw-p 00026000 08:01 663288                     /lib/x86_64-linux-gnu/ld-2.24.so
7f554ca1c000-7f554ca1d000 rw-p 00000000 00:00 0 
7fffae0d9000-7fffae0fa000 rw-p 00000000 00:00 0                          [stack]
7fffae1a8000-7fffae1aa000 r--p 00000000 00:00 0                          [vvar]
7fffae1aa000-7fffae1ac000 r-xp 00000000 00:00 0                          [vdso]
ffffffffff600000-ffffffffff601000 r-xp 00000000 00:00 0                  [vsyscall]

VM Arguments:
jvm_args: -javaagent:/home/madunlap/.m2/repository/org/jacoco/org.jacoco.agent/0.7.5.201505241946/org.jacoco.agent-0.7.5.201505241946-runtime.jar=destfile=/home/madunlap/Documents/github/dataverse/target/jacoco.exec 
java_command: /home/madunlap/Documents/github/dataverse/target/surefire/surefirebooter3648121146496009763.jar /home/madunlap/Documents/github/dataverse/target/surefire/surefire5256537952873085522tmp /home/madunlap/Documents/github/dataverse/target/surefire/surefire57099556024190241tmp
java_class_path (initial): /home/madunlap/Documents/github/dataverse/target/surefire/surefirebooter3648121146496009763.jar:/home/madunlap/.m2/repository/org/jacoco/org.jacoco.agent/0.7.5.201505241946/org.jacoco.agent-0.7.5.201505241946-runtime.jar
Launcher Type: SUN_STANDARD

Environment Variables:
JAVA_HOME=/usr/lib/jvm/java-8-oracle
PATH=/usr/local/sbin:/usr/local/bin:/usr/sbin:/usr/bin:/sbin:/bin:/usr/games:/usr/local/games:/snap/bin:/usr/lib/jvm/java-8-oracle/bin:/usr/lib/jvm/java-8-oracle/db/bin:/usr/lib/jvm/java-8-oracle/jre/bin
LD_LIBRARY_PATH=/usr/lib/jvm/java-8-oracle/jre/lib/amd64:/usr/lib/jvm/java-8-oracle/jre/lib/i386:
SHELL=/bin/bash
DISPLAY=:0

Signal Handlers:
SIGSEGV: [libjvm.so+0xacba10], sa_mask[0]=11111111011111111101111111111110, sa_flags=SA_RESTART|SA_SIGINFO
SIGBUS: [libjvm.so+0xacba10], sa_mask[0]=11111111011111111101111111111110, sa_flags=SA_RESTART|SA_SIGINFO
SIGFPE: [libjvm.so+0x924ba0], sa_mask[0]=11111111011111111101111111111110, sa_flags=SA_RESTART|SA_SIGINFO
SIGPIPE: [libjvm.so+0x924ba0], sa_mask[0]=11111111011111111101111111111110, sa_flags=SA_RESTART|SA_SIGINFO
SIGXFSZ: [libjvm.so+0x924ba0], sa_mask[0]=11111111011111111101111111111110, sa_flags=SA_RESTART|SA_SIGINFO
SIGILL: [libjvm.so+0x924ba0], sa_mask[0]=11111111011111111101111111111110, sa_flags=SA_RESTART|SA_SIGINFO
SIGUSR1: SIG_DFL, sa_mask[0]=00000000000000000000000000000000, sa_flags=none
SIGUSR2: [libjvm.so+0x9263e0], sa_mask[0]=00100000000000000000000000000000, sa_flags=SA_RESTART|SA_SIGINFO
SIGHUP: [libjvm.so+0x9277e0], sa_mask[0]=11111111011111111101111111111110, sa_flags=SA_RESTART|SA_SIGINFO
SIGINT: SIG_IGN, sa_mask[0]=00000000000000000000000000000000, sa_flags=none
SIGTERM: [libjvm.so+0x9277e0], sa_mask[0]=11111111011111111101111111111110, sa_flags=SA_RESTART|SA_SIGINFO
SIGQUIT: [libjvm.so+0x9277e0], sa_mask[0]=11111111011111111101111111111110, sa_flags=SA_RESTART|SA_SIGINFO


---------------  S Y S T E M  ---------------

OS:DISTRIB_ID=Ubuntu
DISTRIB_RELEASE=17.04
DISTRIB_CODENAME=zesty
DISTRIB_DESCRIPTION="Ubuntu 17.04"

uname:Linux 4.10.0-37-generic #41-Ubuntu SMP Fri Oct 6 20:20:37 UTC 2017 x86_64
libc:glibc 2.24 NPTL 2.24 
rlimit: STACK 8192k, CORE 0k, NPROC 15602, NOFILE 1048576, AS infinity
load average:1.43 0.79 0.54

/proc/meminfo:
MemTotal:        4039872 kB
MemFree:           89408 kB
MemAvailable:       2772 kB
Buffers:             404 kB
Cached:            45636 kB
SwapCached:        21388 kB
Active:          3076792 kB
Inactive:         622732 kB
Active(anon):    3067324 kB
Inactive(anon):   613412 kB
Active(file):       9468 kB
Inactive(file):     9320 kB
Unevictable:          32 kB
Mlocked:              32 kB
SwapTotal:       2097148 kB
SwapFree:             72 kB
Dirty:                 0 kB
Writeback:           148 kB
AnonPages:       3633828 kB
Mapped:            35204 kB
Shmem:             27064 kB
Slab:             102932 kB
SReclaimable:      51344 kB
SUnreclaim:        51588 kB
KernelStack:       16620 kB
PageTables:        82076 kB
NFS_Unstable:          0 kB
Bounce:                0 kB
WritebackTmp:          0 kB
CommitLimit:     4117084 kB
Committed_AS:   11653196 kB
VmallocTotal:   34359738367 kB
VmallocUsed:           0 kB
VmallocChunk:          0 kB
HardwareCorrupted:     0 kB
AnonHugePages:    708608 kB
ShmemHugePages:        0 kB
ShmemPmdMapped:        0 kB
CmaTotal:              0 kB
CmaFree:               0 kB
HugePages_Total:       0
HugePages_Free:        0
HugePages_Rsvd:        0
HugePages_Surp:        0
Hugepagesize:       2048 kB
DirectMap4k:      182192 kB
DirectMap2M:     4012032 kB


CPU:total 2 (initial active 2) (2 cores per cpu, 1 threads per core) family 6 model 70 stepping 1, cmov, cx8, fxsr, mmx, sse, sse2, sse3, ssse3, sse4.1, sse4.2, popcnt, avx, avx2, aes, clmul, erms, lzcnt, tsc, tscinvbit, bmi1, bmi2

/proc/cpuinfo:
processor	: 0
vendor_id	: GenuineIntel
cpu family	: 6
model		: 70
model name	: Intel(R) Core(TM) i7-4870HQ CPU @ 2.50GHz
stepping	: 1
microcode	: 0x13
cpu MHz		: 2494.226
cache size	: 6144 KB
physical id	: 0
siblings	: 2
core id		: 0
cpu cores	: 2
apicid		: 0
initial apicid	: 0
fpu		: yes
fpu_exception	: yes
cpuid level	: 13
wp		: yes
flags		: fpu vme de pse tsc msr pae mce cx8 apic sep mtrr pge mca cmov pat pse36 clflush mmx fxsr sse sse2 ss ht syscall nx rdtscp lm constant_tsc nopl xtopology nonstop_tsc pni pclmulqdq ssse3 fma cx16 pcid sse4_1 sse4_2 x2apic movbe popcnt tsc_deadline_timer aes xsave avx f16c rdrand hypervisor lahf_lm abm fsgsbase tsc_adjust bmi1 avx2 smep bmi2 invpcid xsaveopt dtherm arat pln pts
bugs		:
bogomips	: 4988.45
clflush size	: 64
cache_alignment	: 64
address sizes	: 36 bits physical, 48 bits virtual
power management:

processor	: 1
vendor_id	: GenuineIntel
cpu family	: 6
model		: 70
model name	: Intel(R) Core(TM) i7-4870HQ CPU @ 2.50GHz
stepping	: 1
microcode	: 0x13
cpu MHz		: 2494.226
cache size	: 6144 KB
physical id	: 0
siblings	: 2
core id		: 1
cpu cores	: 2
apicid		: 1
initial apicid	: 1
fpu		: yes
fpu_exception	: yes
cpuid level	: 13
wp		: yes
flags		: fpu vme de pse tsc msr pae mce cx8 apic sep mtrr pge mca cmov pat pse36 clflush mmx fxsr sse sse2 ss ht syscall nx rdtscp lm constant_tsc nopl xtopology nonstop_tsc pni pclmulqdq ssse3 fma cx16 pcid sse4_1 sse4_2 x2apic movbe popcnt tsc_deadline_timer aes xsave avx f16c rdrand hypervisor lahf_lm abm fsgsbase tsc_adjust bmi1 avx2 smep bmi2 invpcid xsaveopt dtherm arat pln pts
bugs		:
bogomips	: 4988.45
clflush size	: 64
cache_alignment	: 64
address sizes	: 36 bits physical, 48 bits virtual
power management:



Memory: 4k page, physical 4039872k(89036k free), swap 2097148k(8k free)

vm_info: Java HotSpot(TM) 64-Bit Server VM (25.144-b01) for linux-amd64 JRE (1.8.0_144-b01), built on Jul 21 2017 21:57:33 by "java_re" with gcc 4.3.0 20080428 (Red Hat 4.3.0-8)

time: Tue Oct 31 17:11:52 2017
elapsed time: 4 seconds (0d 0h 0m 4s)

