#
# There is insufficient memory for the Java Runtime Environment to continue.
# Native memory allocation (mmap) failed to map 67108864 bytes for committing reserved memory.
# Possible reasons:
#   The system is out of physical RAM or swap space
#   In 32 bit mode, the process size limit was hit
# Possible solutions:
#   Reduce memory load on the system
#   Increase physical memory or swap space
#   Check if swap backing store is full
#   Use 64 bit Java on a 64 bit OS
#   Decrease Java heap size (-Xmx/-Xms)
#   Decrease number of Java threads
#   Decrease Java thread stack sizes (-Xss)
#   Set larger code cache with -XX:ReservedCodeCacheSize=
# This output file may be truncated or incomplete.
#
#  Out of Memory Error (os_linux.cpp:2640), pid=11154, tid=0x00007ff0e1e3c700
#
# JRE version: Java(TM) SE Runtime Environment (8.0_144-b01) (build 1.8.0_144-b01)
# Java VM: Java HotSpot(TM) 64-Bit Server VM (25.144-b01 mixed mode linux-amd64 compressed oops)
# Failed to write core dump. Core dumps have been disabled. To enable core dumping, try "ulimit -c unlimited" before starting Java again
#

---------------  T H R E A D  ---------------

Current thread (0x00007ff0f40fc000):  VMThread [stack: 0x00007ff0e1d3c000,0x00007ff0e1e3d000] [id=11158]

Stack: [0x00007ff0e1d3c000,0x00007ff0e1e3d000],  sp=0x00007ff0e1e3b320,  free space=1020k
Native frames: (J=compiled Java code, j=interpreted, Vv=VM code, C=native code)
V  [libjvm.so+0xacb18a]  VMError::report_and_die()+0x2ba
V  [libjvm.so+0x4ff4db]  report_vm_out_of_memory(char const*, int, unsigned long, VMErrorType, char const*)+0x8b
V  [libjvm.so+0x927d23]  os::Linux::commit_memory_impl(char*, unsigned long, bool)+0x103
V  [libjvm.so+0x928279]  os::pd_commit_memory(char*, unsigned long, unsigned long, bool)+0x29
V  [libjvm.so+0x92249a]  os::commit_memory(char*, unsigned long, unsigned long, bool)+0x2a
V  [libjvm.so+0x996ff3]  PSVirtualSpace::expand_by(unsigned long)+0x53
V  [libjvm.so+0x9983f8]  PSYoungGen::resize_generation(unsigned long, unsigned long)+0xf8
V  [libjvm.so+0x997552]  PSYoungGen::resize(unsigned long, unsigned long)+0x22
V  [libjvm.so+0x99482b]  PSScavenge::invoke_no_policy()+0xf3b
V  [libjvm.so+0x994fb1]  PSScavenge::invoke()+0x41
V  [libjvm.so+0x94bce0]  ParallelScavengeHeap::failed_mem_allocate(unsigned long)+0x70
V  [libjvm.so+0xaccba7]  VM_ParallelGCFailedAllocation::doit()+0x97
V  [libjvm.so+0xad4685]  VM_Operation::evaluate()+0x55
V  [libjvm.so+0xad2a5a]  VMThread::evaluate_operation(VM_Operation*)+0xba
V  [libjvm.so+0xad2dde]  VMThread::loop()+0x1ce
V  [libjvm.so+0xad3250]  VMThread::run()+0x70
V  [libjvm.so+0x92a338]  java_start(Thread*)+0x108

VM_Operation (0x00007ff0fbd8f560): ParallelGCFailedAllocation, mode: safepoint, requested by thread 0x00007ff0f400b000


---------------  P R O C E S S  ---------------

Java Threads: ( => current thread )
  0x00007ff0f4845800 JavaThread "Service Thread" daemon [_thread_blocked, id=11164, stack(0x00007ff0e0787000,0x00007ff0e0888000)]
  0x00007ff0f4841000 JavaThread "C1 CompilerThread1" daemon [_thread_blocked, id=11163, stack(0x00007ff0e0888000,0x00007ff0e0989000)]
  0x00007ff0f482b000 JavaThread "C2 CompilerThread0" daemon [_thread_blocked, id=11162, stack(0x00007ff0e0989000,0x00007ff0e0a8a000)]
  0x00007ff0f413b800 JavaThread "Signal Dispatcher" daemon [_thread_blocked, id=11161, stack(0x00007ff0e175e000,0x00007ff0e185f000)]
  0x00007ff0f4108000 JavaThread "Finalizer" daemon [_thread_blocked, id=11160, stack(0x00007ff0e1b3a000,0x00007ff0e1c3b000)]
  0x00007ff0f4103800 JavaThread "Reference Handler" daemon [_thread_blocked, id=11159, stack(0x00007ff0e1c3b000,0x00007ff0e1d3c000)]
  0x00007ff0f400b000 JavaThread "main" [_thread_blocked, id=11155, stack(0x00007ff0fbc94000,0x00007ff0fbd95000)]

Other Threads:
=>0x00007ff0f40fc000 VMThread [stack: 0x00007ff0e1d3c000,0x00007ff0e1e3d000] [id=11158]
  0x00007ff0f4878000 WatcherThread [stack: 0x00007ff0e0686000,0x00007ff0e0787000] [id=11165]

VM state:at safepoint (normal execution)

VM Mutex/Monitor currently owned by a thread:  ([mutex/lock_event])
[0x00007ff0f40072e0] Threads_lock - owner thread: 0x00007ff0f40fc000
[0x00007ff0f40077e0] Heap_lock - owner thread: 0x00007ff0f400b000

Heap:
 PSYoungGen      total 67072K, used 4067K [0x00000000eb700000, 0x00000000efd00000, 0x0000000100000000)
  eden space 62976K, 0% used [0x00000000eb700000,0x00000000eb700000,0x00000000ef480000)
  from space 4096K, 99% used [0x00000000ef480000,0x00000000ef878cb0,0x00000000ef880000)
  to   space 3584K, 0% used [0x00000000ef880000,0x00000000ef880000,0x00000000efc00000)
 ParOldGen       total 42496K, used 2585K [0x00000000c2400000, 0x00000000c4d80000, 0x00000000eb700000)
  object space 42496K, 6% used [0x00000000c2400000,0x00000000c26867d0,0x00000000c4d80000)
 Metaspace       used 14975K, capacity 15246K, committed 15488K, reserved 1062912K
  class space    used 1537K, capacity 1615K, committed 1664K, reserved 1048576K

Card table byte_map: [0x00007ff0f8646000,0x00007ff0f8835000] byte_map_base: 0x00007ff0f8034000

Marking Bits: (ParMarkBitMap*) 0x00007ff0fb16fdc0
 Begin Bits: [0x00007ff0e3120000, 0x00007ff0e4090000)
 End Bits:   [0x00007ff0e4090000, 0x00007ff0e5000000)

Polling page: 0x00007ff0fbdbd000

CodeCache: size=245760Kb used=5879Kb max_used=5886Kb free=239880Kb
 bounds [0x00007ff0e5000000, 0x00007ff0e55d0000, 0x00007ff0f4000000]
 total_blobs=2220 nmethods=1844 adapters=289
 compilation: enabled

Compilation events (10 events):
Event: 2.363 Thread 0x00007ff0f482b000 nmethod 1837 0x00007ff0e55c0810 code [0x00007ff0e55c0980, 0x00007ff0e55c0e18]
Event: 2.363 Thread 0x00007ff0f482b000 1800       4       org.jacoco.agent.rt.internal_b0d6a23.asm.ClassReader::readCode (3263 bytes)
Event: 2.364 Thread 0x00007ff0f4841000 1871       2       java.lang.Class::annotationData (44 bytes)
Event: 2.364 Thread 0x00007ff0f4841000 nmethod 1871 0x00007ff0e55c0350 code [0x00007ff0e55c04c0, 0x00007ff0e55c0708]
Event: 2.365 Thread 0x00007ff0f4841000 1872       2       java.lang.Enum::hashCode (5 bytes)
Event: 2.365 Thread 0x00007ff0f4841000 nmethod 1872 0x00007ff0e55bffd0 code [0x00007ff0e55c0140, 0x00007ff0e55c02a8]
Event: 2.365 Thread 0x00007ff0f4841000 1873       2       java.lang.reflect.Method::getAnnotation (6 bytes)
Event: 2.365 Thread 0x00007ff0f4841000 nmethod 1873 0x00007ff0e55bf7d0 code [0x00007ff0e55bf980, 0x00007ff0e55bfd28]
Event: 2.365 Thread 0x00007ff0f4841000 1874       2       org.hibernate.validator.internal.util.CollectionHelper::newArrayList (17 bytes)
Event: 2.365 Thread 0x00007ff0f4841000 nmethod 1874 0x00007ff0e55bf350 code [0x00007ff0e55bf4c0, 0x00007ff0e55bf6a8]

GC Heap History (10 events):
Event: 0.854 GC heap after
Heap after GC invocations=2 (full 0):
 PSYoungGen      total 18432K, used 2559K [0x00000000eb700000, 0x00000000ecb80000, 0x0000000100000000)
  eden space 15872K, 0% used [0x00000000eb700000,0x00000000eb700000,0x00000000ec680000)
  from space 2560K, 99% used [0x00000000ec900000,0x00000000ecb7fd48,0x00000000ecb80000)
  to   space 2560K, 0% used [0x00000000ec680000,0x00000000ec680000,0x00000000ec900000)
 ParOldGen       total 42496K, used 180K [0x00000000c2400000, 0x00000000c4d80000, 0x00000000eb700000)
  object space 42496K, 0% used [0x00000000c2400000,0x00000000c242d210,0x00000000c4d80000)
 Metaspace       used 5995K, capacity 6154K, committed 6400K, reserved 1056768K
  class space    used 637K, capacity 661K, committed 768K, reserved 1048576K
}
Event: 1.006 GC heap before
{Heap before GC invocations=3 (full 0):
 PSYoungGen      total 18432K, used 18431K [0x00000000eb700000, 0x00000000ecb80000, 0x0000000100000000)
  eden space 15872K, 100% used [0x00000000eb700000,0x00000000ec680000,0x00000000ec680000)
  from space 2560K, 99% used [0x00000000ec900000,0x00000000ecb7fd48,0x00000000ecb80000)
  to   space 2560K, 0% used [0x00000000ec680000,0x00000000ec680000,0x00000000ec900000)
 ParOldGen       total 42496K, used 180K [0x00000000c2400000, 0x00000000c4d80000, 0x00000000eb700000)
  object space 42496K, 0% used [0x00000000c2400000,0x00000000c242d210,0x00000000c4d80000)
 Metaspace       used 6884K, capacity 7018K, committed 7168K, reserved 1056768K
  class space    used 713K, capacity 757K, committed 768K, reserved 1048576K
Event: 1.008 GC heap after
Heap after GC invocations=3 (full 0):
 PSYoungGen      total 18432K, used 1893K [0x00000000eb700000, 0x00000000edb00000, 0x0000000100000000)
  eden space 15872K, 0% used [0x00000000eb700000,0x00000000eb700000,0x00000000ec680000)
  from space 2560K, 73% used [0x00000000ec680000,0x00000000ec8595e0,0x00000000ec900000)
  to   space 2560K, 0% used [0x00000000ed880000,0x00000000ed880000,0x00000000edb00000)
 ParOldGen       total 42496K, used 188K [0x00000000c2400000, 0x00000000c4d80000, 0x00000000eb700000)
  object space 42496K, 0% used [0x00000000c2400000,0x00000000c242f210,0x00000000c4d80000)
 Metaspace       used 6884K, capacity 7018K, committed 7168K, reserved 1056768K
  class space    used 713K, capacity 757K, committed 768K, reserved 1048576K
}
Event: 1.137 GC heap before
{Heap before GC invocations=4 (full 0):
 PSYoungGen      total 18432K, used 17765K [0x00000000eb700000, 0x00000000edb00000, 0x0000000100000000)
  eden space 15872K, 100% used [0x00000000eb700000,0x00000000ec680000,0x00000000ec680000)
  from space 2560K, 73% used [0x00000000ec680000,0x00000000ec8595e0,0x00000000ec900000)
  to   space 2560K, 0% used [0x00000000ed880000,0x00000000ed880000,0x00000000edb00000)
 ParOldGen       total 42496K, used 188K [0x00000000c2400000, 0x00000000c4d80000, 0x00000000eb700000)
  object space 42496K, 0% used [0x00000000c2400000,0x00000000c242f210,0x00000000c4d80000)
 Metaspace       used 7683K, capacity 7856K, committed 8064K, reserved 1056768K
  class space    used 784K, capacity 822K, committed 896K, reserved 1048576K
Event: 1.140 GC heap after
Heap after GC invocations=4 (full 0):
 PSYoungGen      total 34304K, used 2069K [0x00000000eb700000, 0x00000000edb00000, 0x0000000100000000)
  eden space 31744K, 0% used [0x00000000eb700000,0x00000000eb700000,0x00000000ed600000)
  from space 2560K, 80% used [0x00000000ed880000,0x00000000eda855f0,0x00000000edb00000)
  to   space 2560K, 0% used [0x00000000ed600000,0x00000000ed600000,0x00000000ed880000)
 ParOldGen       total 42496K, used 196K [0x00000000c2400000, 0x00000000c4d80000, 0x00000000eb700000)
  object space 42496K, 0% used [0x00000000c2400000,0x00000000c2431210,0x00000000c4d80000)
 Metaspace       used 7683K, capacity 7856K, committed 8064K, reserved 1056768K
  class space    used 784K, capacity 822K, committed 896K, reserved 1048576K
}
Event: 1.514 GC heap before
{Heap before GC invocations=5 (full 0):
 PSYoungGen      total 34304K, used 33813K [0x00000000eb700000, 0x00000000edb00000, 0x0000000100000000)
  eden space 31744K, 100% used [0x00000000eb700000,0x00000000ed600000,0x00000000ed600000)
  from space 2560K, 80% used [0x00000000ed880000,0x00000000eda855f0,0x00000000edb00000)
  to   space 2560K, 0% used [0x00000000ed600000,0x00000000ed600000,0x00000000ed880000)
 ParOldGen       total 42496K, used 196K [0x00000000c2400000, 0x00000000c4d80000, 0x00000000eb700000)
  object space 42496K, 0% used [0x00000000c2400000,0x00000000c2431210,0x00000000c4d80000)
 Metaspace       used 10231K, capacity 10408K, committed 10624K, reserved 1058816K
  class space    used 1030K, capacity 1050K, committed 1152K, reserved 1048576K
Event: 1.518 GC heap after
Heap after GC invocations=5 (full 0):
 PSYoungGen      total 34304K, used 2533K [0x00000000eb700000, 0x00000000efc00000, 0x0000000100000000)
  eden space 31744K, 0% used [0x00000000eb700000,0x00000000eb700000,0x00000000ed600000)
  from space 2560K, 98% used [0x00000000ed600000,0x00000000ed879620,0x00000000ed880000)
  to   space 3584K, 0% used [0x00000000ef880000,0x00000000ef880000,0x00000000efc00000)
 ParOldGen       total 42496K, used 849K [0x00000000c2400000, 0x00000000c4d80000, 0x00000000eb700000)
  object space 42496K, 1% used [0x00000000c2400000,0x00000000c24d4698,0x00000000c4d80000)
 Metaspace       used 10231K, capacity 10408K, committed 10624K, reserved 1058816K
  class space    used 1030K, capacity 1050K, committed 1152K, reserved 1048576K
}
Event: 1.898 GC heap before
{Heap before GC invocations=6 (full 0):
 PSYoungGen      total 34304K, used 34277K [0x00000000eb700000, 0x00000000efc00000, 0x0000000100000000)
  eden space 31744K, 100% used [0x00000000eb700000,0x00000000ed600000,0x00000000ed600000)
  from space 2560K, 98% used [0x00000000ed600000,0x00000000ed879620,0x00000000ed880000)
  to   space 3584K, 0% used [0x00000000ef880000,0x00000000ef880000,0x00000000efc00000)
 ParOldGen       total 42496K, used 849K [0x00000000c2400000, 0x00000000c4d80000, 0x00000000eb700000)
  object space 42496K, 1% used [0x00000000c2400000,0x00000000c24d4698,0x00000000c4d80000)
 Metaspace       used 12538K, capacity 12828K, committed 13184K, reserved 1060864K
  class space    used 1233K, capacity 1324K, committed 1408K, reserved 1048576K
Event: 1.903 GC heap after
Heap after GC invocations=6 (full 0):
 PSYoungGen      total 66560K, used 3563K [0x00000000eb700000, 0x00000000efd00000, 0x0000000100000000)
  eden space 62976K, 0% used [0x00000000eb700000,0x00000000eb700000,0x00000000ef480000)
  from space 3584K, 99% used [0x00000000ef880000,0x00000000efbfaf30,0x00000000efc00000)
  to   space 4096K, 0% used [0x00000000ef480000,0x00000000ef480000,0x00000000ef880000)
 ParOldGen       total 42496K, used 932K [0x00000000c2400000, 0x00000000c4d80000, 0x00000000eb700000)
  object space 42496K, 2% used [0x00000000c2400000,0x00000000c24e92e0,0x00000000c4d80000)
 Metaspace       used 12538K, capacity 12828K, committed 13184K, reserved 1060864K
  class space    used 1233K, capacity 1324K, committed 1408K, reserved 1048576K
}
Event: 2.373 GC heap before
{Heap before GC invocations=7 (full 0):
 PSYoungGen      total 66560K, used 66539K [0x00000000eb700000, 0x00000000efd00000, 0x0000000100000000)
  eden space 62976K, 100% used [0x00000000eb700000,0x00000000ef480000,0x00000000ef480000)
  from space 3584K, 99% used [0x00000000ef880000,0x00000000efbfaf30,0x00000000efc00000)
  to   space 4096K, 0% used [0x00000000ef480000,0x00000000ef480000,0x00000000ef880000)
 ParOldGen       total 42496K, used 932K [0x00000000c2400000, 0x00000000c4d80000, 0x00000000eb700000)
  object space 42496K, 2% used [0x00000000c2400000,0x00000000c24e92e0,0x00000000c4d80000)
 Metaspace       used 14975K, capacity 15246K, committed 15488K, reserved 1062912K
  class space    used 1537K, capacity 1615K, committed 1664K, reserved 1048576K

Deoptimization events (10 events):
Event: 0.783 Thread 0x00007ff0f400b000 Uncommon trap: reason=unstable_if action=reinterpret pc=0x00007ff0e5150474 method=sun.misc.URLClassPath$JarLoader.ensureOpen()V @ 4
Event: 0.785 Thread 0x00007ff0f400b000 Uncommon trap: reason=unstable_if action=reinterpret pc=0x00007ff0e515a5fc method=sun.misc.URLClassPath.getLoader(I)Lsun/misc/URLClassPath$Loader; @ 36
Event: 0.788 Thread 0x00007ff0f400b000 Uncommon trap: reason=unstable_if action=reinterpret pc=0x00007ff0e5193bec method=java.lang.String.indexOf([CII[CIII)I @ 134
Event: 0.845 Thread 0x00007ff0f400b000 Uncommon trap: reason=unstable_if action=reinterpret pc=0x00007ff0e52458fc method=org.jacoco.agent.rt.internal_b0d6a23.asm.ClassReader.readUTF(II[C)Ljava/lang/String; @ 77
Event: 0.846 Thread 0x00007ff0f400b000 Uncommon trap: reason=unstable_if action=reinterpret pc=0x00007ff0e5206e44 method=org.jacoco.agent.rt.internal_b0d6a23.asm.ClassReader.readUTF(II[C)Ljava/lang/String; @ 77
Event: 0.940 Thread 0x00007ff0f400b000 Uncommon trap: reason=unstable_if action=reinterpret pc=0x00007ff0e52c0004 method=java.util.ArrayList.remove(I)Ljava/lang/Object; @ 31
Event: 0.962 Thread 0x00007ff0f400b000 Uncommon trap: reason=unstable_if action=reinterpret pc=0x00007ff0e52a9e50 method=org.jacoco.agent.rt.internal_b0d6a23.asm.MethodVisitor.visitLineNumber(ILorg/jacoco/agent/rt/internal_b0d6a23/asm/Label;)V @ 4
Event: 0.983 Thread 0x00007ff0f400b000 Uncommon trap: reason=unstable_if action=reinterpret pc=0x00007ff0e5250758 method=org.jacoco.agent.rt.internal_b0d6a23.asm.Item.isEqualTo(Lorg/jacoco/agent/rt/internal_b0d6a23/asm/Item;)Z @ 345
Event: 1.462 Thread 0x00007ff0f400b000 Uncommon trap: reason=null_check action=make_not_entrant pc=0x00007ff0e5115a44 method=java.lang.String.equals(Ljava/lang/Object;)Z @ 8
Event: 1.750 Thread 0x00007ff0f400b000 Uncommon trap: reason=unstable_if action=reinterpret pc=0x00007ff0e52bec78 method=java.lang.AbstractStringBuilder.append(Ljava/lang/String;)Ljava/lang/AbstractStringBuilder; @ 1

Internal exceptions (10 events):
Event: 2.087 Thread 0x00007ff0f400b000 Exception <a 'java/lang/ClassNotFoundException': org/apache/log4j/ConsoleAppenderCustomizer> (0x00000000ecc523f0) thrown at [/HUDSON3/workspace/8-2-build-linux-amd64/jdk8u144/9417/hotspot/src/share/vm/classfile/systemDictionary.cpp, line 210]
Event: 2.155 Thread 0x00007ff0f400b000 Exception <a 'java/security/PrivilegedActionException'> (0x00000000ed6144c8) thrown at [/HUDSON3/workspace/8-2-build-linux-amd64/jdk8u144/9417/hotspot/src/share/vm/prims/jvm.cpp, line 1390]
Event: 2.155 Thread 0x00007ff0f400b000 Exception <a 'java/security/PrivilegedActionException'> (0x00000000ed6148c0) thrown at [/HUDSON3/workspace/8-2-build-linux-amd64/jdk8u144/9417/hotspot/src/share/vm/prims/jvm.cpp, line 1390]
Event: 2.155 Thread 0x00007ff0f400b000 Exception <a 'java/security/PrivilegedActionException'> (0x00000000ed618a58) thrown at [/HUDSON3/workspace/8-2-build-linux-amd64/jdk8u144/9417/hotspot/src/share/vm/prims/jvm.cpp, line 1390]
Event: 2.155 Thread 0x00007ff0f400b000 Exception <a 'java/security/PrivilegedActionException'> (0x00000000ed618e50) thrown at [/HUDSON3/workspace/8-2-build-linux-amd64/jdk8u144/9417/hotspot/src/share/vm/prims/jvm.cpp, line 1390]
Event: 2.161 Thread 0x00007ff0f400b000 Exception <a 'java/security/PrivilegedActionException'> (0x00000000ed727ee0) thrown at [/HUDSON3/workspace/8-2-build-linux-amd64/jdk8u144/9417/hotspot/src/share/vm/prims/jvm.cpp, line 1390]
Event: 2.161 Thread 0x00007ff0f400b000 Exception <a 'java/security/PrivilegedActionException'> (0x00000000ed7282d8) thrown at [/HUDSON3/workspace/8-2-build-linux-amd64/jdk8u144/9417/hotspot/src/share/vm/prims/jvm.cpp, line 1390]
Event: 2.162 Thread 0x00007ff0f400b000 Exception <a 'java/security/PrivilegedActionException'> (0x00000000ed72c470) thrown at [/HUDSON3/workspace/8-2-build-linux-amd64/jdk8u144/9417/hotspot/src/share/vm/prims/jvm.cpp, line 1390]
Event: 2.162 Thread 0x00007ff0f400b000 Exception <a 'java/security/PrivilegedActionException'> (0x00000000ed72c868) thrown at [/HUDSON3/workspace/8-2-build-linux-amd64/jdk8u144/9417/hotspot/src/share/vm/prims/jvm.cpp, line 1390]
Event: 2.334 Thread 0x00007ff0f400b000 Exception <a 'java/lang/ArrayIndexOutOfBoundsException'> (0x00000000ef025c08) thrown at [/HUDSON3/workspace/8-2-build-linux-amd64/jdk8u144/9417/hotspot/src/share/vm/runtime/sharedRuntime.cpp, line 605]

Events (10 events):
Event: 2.371 loading class org/hibernate/validator/internal/util/logging/Log_$logger_en done
Event: 2.371 loading class org/hibernate/validator/internal/metadata/aggregated/rule/MethodConfigurationRule
Event: 2.371 loading class org/hibernate/validator/internal/metadata/aggregated/rule/MethodConfigurationRule done
Event: 2.372 loading class org/hibernate/validator/internal/metadata/aggregated/rule/OverridingMethodMustNotAlterParameterConstraints
Event: 2.372 loading class org/hibernate/validator/internal/metadata/aggregated/rule/OverridingMethodMustNotAlterParameterConstraints done
Event: 2.373 loading class org/hibernate/validator/internal/util/logging/Log_$logger_en_US
Event: 2.373 loading class org/hibernate/validator/internal/util/logging/Log_$logger_en_US done
Event: 2.373 loading class org/hibernate/validator/internal/util/logging/Log_$logger_en
Event: 2.373 loading class org/hibernate/validator/internal/util/logging/Log_$logger_en done
Event: 2.373 Executing VM operation: ParallelGCFailedAllocation


Dynamic libraries:
00400000-00401000 r-xp 00000000 08:01 2106691                            /usr/lib/jvm/java-8-oracle/jre/bin/java
00600000-00601000 rw-p 00000000 08:01 2106691                            /usr/lib/jvm/java-8-oracle/jre/bin/java
009e4000-00a05000 rw-p 00000000 00:00 0                                  [heap]
c2400000-c4d80000 rw-p 00000000 00:00 0 
c4d80000-eb700000 ---p 00000000 00:00 0 
eb700000-efd00000 rw-p 00000000 00:00 0 
f3d00000-100000000 ---p 00000000 00:00 0 
100000000-1001a0000 rw-p 00000000 00:00 0 
1001a0000-140000000 ---p 00000000 00:00 0 
7ff0b0000000-7ff0b0021000 rw-p 00000000 00:00 0 
7ff0b0021000-7ff0b4000000 ---p 00000000 00:00 0 
7ff0b8000000-7ff0b8c7a000 rw-p 00000000 00:00 0 
7ff0b8c7a000-7ff0bc000000 ---p 00000000 00:00 0 
7ff0bc000000-7ff0bc021000 rw-p 00000000 00:00 0 
7ff0bc021000-7ff0c0000000 ---p 00000000 00:00 0 
7ff0c0000000-7ff0c14a6000 rw-p 00000000 00:00 0 
7ff0c14a6000-7ff0c4000000 ---p 00000000 00:00 0 
7ff0c4000000-7ff0c4021000 rw-p 00000000 00:00 0 
7ff0c4021000-7ff0c8000000 ---p 00000000 00:00 0 
7ff0c8dff000-7ff0c8fff000 rw-p 00000000 00:00 0 
7ff0c8fff000-7ff0cc000000 rw-p 00000000 00:00 0 
7ff0cc000000-7ff0cc021000 rw-p 00000000 00:00 0 
7ff0cc021000-7ff0d0000000 ---p 00000000 00:00 0 
7ff0d0000000-7ff0d0021000 rw-p 00000000 00:00 0 
7ff0d0021000-7ff0d4000000 ---p 00000000 00:00 0 
7ff0d4000000-7ff0d4021000 rw-p 00000000 00:00 0 
7ff0d4021000-7ff0d8000000 ---p 00000000 00:00 0 
7ff0d8000000-7ff0d828e000 rw-p 00000000 00:00 0 
7ff0d828e000-7ff0dc000000 ---p 00000000 00:00 0 
7ff0dc000000-7ff0dc021000 rw-p 00000000 00:00 0 
7ff0dc021000-7ff0e0000000 ---p 00000000 00:00 0 
7ff0e0034000-7ff0e01b4000 rw-p 00000000 00:00 0 
7ff0e01b4000-7ff0e0234000 ---p 00000000 00:00 0 
7ff0e0234000-7ff0e0247000 r--s 00345000 08:01 1976712                    /usr/lib/jvm/java-8-oracle/jre/lib/resources.jar
7ff0e0247000-7ff0e0447000 rw-p 00000000 00:00 0 
7ff0e0447000-7ff0e0449000 r--s 00007000 08:01 791719                     /home/madunlap/.m2/repository/org/apache/maven/surefire/surefire-junit4/2.10/surefire-junit4-2.10.jar
7ff0e0449000-7ff0e044b000 r--s 0000b000 08:01 921145                     /home/madunlap/.m2/repository/org/json/json/20160212/json-20160212.jar
7ff0e044b000-7ff0e044d000 r--s 00009000 08:01 921147                     /home/madunlap/.m2/repository/com/mashape/unirest/unirest-java/1.4.9/unirest-java-1.4.9.jar
7ff0e044d000-7ff0e044f000 r--s 0000e000 08:01 921141                     /home/madunlap/.m2/repository/org/jvnet/mimepull/mimepull/1.9.6/mimepull-1.9.6.jar
7ff0e044f000-7ff0e0452000 r--s 0000e000 08:01 921143                     /home/madunlap/.m2/repository/org/glassfish/jersey/media/jersey-media-multipart/2.23.2/jersey-media-multipart-2.23.2.jar
7ff0e0452000-7ff0e0456000 r--s 00019000 08:01 921137                     /home/madunlap/.m2/repository/javax/ws/rs/javax.ws.rs-api/2.0.1/javax.ws.rs-api-2.0.1.jar
7ff0e0456000-7ff0e0458000 r--s 00010000 08:01 921134                     /home/madunlap/.m2/repository/org/glassfish/jersey/media/jersey-media-jaxb/2.23.2/jersey-media-jaxb-2.23.2.jar
7ff0e0458000-7ff0e045d000 r--s 00025000 08:01 921138                     /home/madunlap/.m2/repository/org/glassfish/jersey/core/jersey-client/2.23.2/jersey-client-2.23.2.jar
7ff0e045d000-7ff0e0473000 r--s 000d3000 08:01 921133                     /home/madunlap/.m2/repository/org/glassfish/jersey/core/jersey-server/2.23.2/jersey-server-2.23.2.jar
7ff0e0473000-7ff0e0474000 r--s 00004000 08:01 921129                     /home/madunlap/.m2/repository/org/glassfish/hk2/osgi-resource-locator/1.0.1/osgi-resource-locator-1.0.1.jar
7ff0e0474000-7ff0e047e000 r--s 000ae000 08:01 921127                     /home/madunlap/.m2/repository/org/javassist/javassist/3.20.0-GA/javassist-3.20.0-GA.jar
7ff0e047e000-7ff0e0481000 r--s 0002a000 08:01 921123                     /home/madunlap/.m2/repository/org/glassfish/hk2/hk2-locator/2.5.0-b05/hk2-locator-2.5.0-b05.jar
7ff0e0481000-7ff0e0483000 r--s 00002000 08:01 921128                     /home/madunlap/.m2/repository/org/glassfish/hk2/external/aopalliance-repackaged/2.5.0-b05/aopalliance-repackaged-2.5.0-b05.jar
7ff0e0483000-7ff0e0487000 r--s 0001a000 08:01 921125                     /home/madunlap/.m2/repository/org/glassfish/hk2/hk2-utils/2.5.0-b05/hk2-utils-2.5.0-b05.jar
7ff0e0487000-7ff0e048c000 r--s 00027000 08:01 921118                     /home/madunlap/.m2/repository/org/glassfish/hk2/hk2-api/2.5.0-b05/hk2-api-2.5.0-b05.jar
7ff0e048c000-7ff0e04a4000 r--s 000d6000 08:01 921120                     /home/madunlap/.m2/repository/org/glassfish/jersey/bundles/repackaged/jersey-guava/2.23.2/jersey-guava-2.23.2.jar
7ff0e04a4000-7ff0e04a6000 r--s 00005000 08:01 921116                     /home/madunlap/.m2/repository/javax/annotation/javax.annotation-api/1.2/javax.annotation-api-1.2.jar
7ff0e04a6000-7ff0e04b5000 r--s 000a0000 08:01 921111                     /home/madunlap/.m2/repository/org/glassfish/jersey/core/jersey-common/2.23.2/jersey-common-2.23.2.jar
7ff0e04b5000-7ff0e04b6000 r--s 00001000 08:01 921113                     /home/madunlap/.m2/repository/org/glassfish/hk2/external/javax.inject/2.5.0-b05/javax.inject-2.5.0-b05.jar
7ff0e04b6000-7ff0e04b9000 r--s 0000e000 08:01 921110                     /home/madunlap/.m2/repository/org/glassfish/jersey/containers/jersey-container-servlet-core/2.23.2/jersey-container-servlet-core-2.23.2.jar
7ff0e04b9000-7ff0e04bb000 r--s 00003000 08:01 921107                     /home/madunlap/.m2/repository/org/glassfish/jersey/containers/jersey-container-servlet/2.23.2/jersey-container-servlet-2.23.2.jar
7ff0e04bb000-7ff0e04bd000 r--s 00008000 08:01 921112                     /home/madunlap/.m2/repository/com/google/auto/auto-common/0.3/auto-common-0.3.jar
7ff0e04bd000-7ff0e04be000 r--s 00002000 08:01 921105                     /home/madunlap/.m2/repository/com/google/auto/service/auto-service/1.0-rc2/auto-service-1.0-rc2.jar
7ff0e04be000-7ff0e04c0000 r--s 0000c000 08:01 921153                     /home/madunlap/.m2/repository/com/lyncode/xoai-service-provider/4.1.0-header-patch/xoai-service-provider-4.1.0-header-patch.jar
7ff0e04c0000-7ff0e04c1000 r--s 00001000 08:01 921104                     /home/madunlap/.m2/repository/com/lyncode/builder-commons/1.0.2/builder-commons-1.0.2.jar
7ff0e04c1000-7ff0e04c4000 r--s 00012000 08:01 921152                     /home/madunlap/.m2/repository/com/lyncode/xoai-data-provider/4.1.0-header-patch/xoai-data-provider-4.1.0-header-patch.jar
7ff0e04c4000-7ff0e04c6000 r--s 00005000 08:01 791390                     /home/madunlap/.m2/repository/stax/stax-api/1.0.1/stax-api-1.0.1.jar
7ff0e04c6000-7ff0e04cc000 r--s 00048000 08:01 921101                     /home/madunlap/.m2/repository/org/apache/commons/commons-lang3/3.1/commons-lang3-3.1.jar
7ff0e04cc000-7ff0e04ce000 r--s 00004000 08:01 921097                     /home/madunlap/.m2/repository/javax/xml/stream/stax-api/1.0-2/stax-api-1.0-2.jar
7ff0e04ce000-7ff0e04d2000 r--s 00029000 08:01 921098                     /home/madunlap/.m2/repository/org/codehaus/woodstox/stax2-api/3.0.4/stax2-api-3.0.4.jar
7ff0e04d2000-7ff0e04d8000 r--s 00045000 08:01 921095                     /home/madunlap/.m2/repository/org/hamcrest/hamcrest-all/1.3/hamcrest-all-1.3.jar
7ff0e04d8000-7ff0e04dd000 r--s 00016000 08:01 791388                     /home/madunlap/.m2/repository/xml-apis/xml-apis/1.0.b2/xml-apis-1.0.b2.jar
7ff0e04dd000-7ff0e04de000 r--s 00003000 08:01 921092                     /home/madunlap/.m2/repository/com/lyncode/test-support/1.0.4/test-support-1.0.4.jar
7ff0e04de000-7ff0e04e0000 r--s 00004000 08:01 921090                     /home/madunlap/.m2/repository/com/lyncode/xml-io/1.0.3/xml-io-1.0.3.jar
7ff0e04e0000-7ff0e04e2000 r--s 0000d000 08:01 921151                     /home/madunlap/.m2/repository/com/lyncode/xoai-common/4.1.0-header-patch/xoai-common-4.1.0-header-patch.jar
7ff0e04e2000-7ff0e04e5000 r--s 00011000 08:01 921088                     /home/madunlap/.m2/repository/com/github/scribejava/scribejava-core/3.1.0/scribejava-core-3.1.0.jar
7ff0e04e5000-7ff0e04e8000 r--s 00010000 08:01 921084                     /home/madunlap/.m2/repository/com/github/scribejava/scribejava-apis/3.1.0/scribejava-apis-3.1.0.jar
7ff0e04e8000-7ff0e04f1000 r--s 0006f000 08:01 921083                     /home/madunlap/.m2/repository/log4j/log4j/1.2.17/log4j-1.2.17.jar
7ff0e04f1000-7ff0e05c8000 r--s 007aa000 08:01 921093                     /home/madunlap/.m2/repository/net/sf/ehcache/ehcache/2.10.1/ehcache-2.10.1.jar
7ff0e05c8000-7ff0e05ca000 r--s 00008000 08:01 921082                     /home/madunlap/.m2/repository/org/apache/commons/commons-csv/1.2/commons-csv-1.2.jar
7ff0e05ca000-7ff0e05ce000 r--s 00035000 08:01 921081                     /home/madunlap/.m2/repository/com/fasterxml/jackson/core/jackson-core/2.5.3/jackson-core-2.5.3.jar
7ff0e05ce000-7ff0e05d0000 r--s 00008000 08:01 921075                     /home/madunlap/.m2/repository/com/fasterxml/jackson/core/jackson-annotations/2.5.0/jackson-annotations-2.5.0.jar
7ff0e05d0000-7ff0e05e2000 r--s 00106000 08:01 921073                     /home/madunlap/.m2/repository/com/fasterxml/jackson/core/jackson-databind/2.5.3/jackson-databind-2.5.3.jar
7ff0e05e2000-7ff0e05e5000 r--s 00006000 08:01 921070                     /home/madunlap/.m2/repository/com/google/code/findbugs/jsr305/1.3.9/jsr305-1.3.9.jar
7ff0e05e5000-7ff0e05eb000 r--s 00040000 08:01 921074                     /home/madunlap/.m2/repository/com/google/http-client/google-http-client/1.20.0/google-http-client-1.20.0.jar
7ff0e05eb000-7ff0e05ec000 r--s 00004000 08:01 921066                     /home/madunlap/.m2/repository/com/maxmind/db/maxmind-db/1.0.0/maxmind-db-1.0.0.jar
7ff0e05ec000-7ff0e05ee000 r--s 00007000 08:01 921064                     /home/madunlap/.m2/repository/com/maxmind/geoip2/geoip2/2.3.1/geoip2-2.3.1.jar
7ff0e05ee000-7ff0e05f0000 r--s 00003000 08:01 921062                     /home/madunlap/.m2/repository/org/slf4j/jcl-over-slf4j/1.7.2/jcl-over-slf4j-1.7.2.jar
7ff0e05f0000-7ff0e05f4000 r--s 00034000 08:01 921067                     /home/madunlap/.m2/repository/org/codehaus/jackson/jackson-core-asl/1.9.7/jackson-core-asl-1.9.7.jar
7ff0e05f4000-7ff0e0603000 r--s 000b0000 08:01 921065                     /home/madunlap/.m2/repository/org/codehaus/jackson/jackson-mapper-asl/1.9.7/jackson-mapper-asl-1.9.7.jar
7ff0e0603000-7ff0e060d000 r--s 0003d000 08:01 921060                     /home/madunlap/.m2/repository/org/javaswift/joss/0.9.10/joss-0.9.10.jar
7ff0e060d000-7ff0e0614000 r--s 0003a000 08:01 921056                     /home/madunlap/.m2/repository/commons-codec/commons-codec/1.9/commons-codec-1.9.jar
7ff0e0614000-7ff0e061b000 r--s 00048000 08:01 921054                     /home/madunlap/.m2/repository/org/apache/httpcomponents/httpcore/4.4.1/httpcore-4.4.1.jar
7ff0e061b000-7ff0e0628000 r--s 000a4000 08:01 921052                     /home/madunlap/.m2/repository/org/apache/httpcomponents/httpclient/4.4.1/httpclient-4.4.1.jar
7ff0e0628000-7ff0e062c000 r--s 00028000 08:01 921050                     /home/madunlap/.m2/repository/org/apache/httpcomponents/httpasyncclient/4.1/httpasyncclient-4.1.jar
7ff0e062c000-7ff0e0633000 r--s 00050000 08:01 921049                     /home/madunlap/.m2/repository/org/apache/httpcomponents/httpcore-nio/4.4.1/httpcore-nio-4.4.1.jar
7ff0e0633000-7ff0e0639000 r--s 00033000 08:01 921046                     /home/madunlap/.m2/repository/io/searchbox/jest-common/0.1.7/jest-common-0.1.7.jar
7ff0e0639000-7ff0e063a000 r--s 00004000 08:01 921045                     /home/madunlap/.m2/repository/io/searchbox/jest/0.1.7/jest-0.1.7.jar
7ff0e063a000-7ff0e063d000 r--s 0000f000 08:01 921042                     /home/madunlap/.m2/repository/commons-discovery/commons-discovery/0.2/commons-discovery-0.2.jar
7ff0e063d000-7ff0e0640000 r--s 0001c000 08:01 921043                     /home/madunlap/.m2/repository/axis/axis-wsdl4j/1.5.1/axis-wsdl4j-1.5.1.jar
7ff0e0640000-7ff0e0641000 r--s 00004000 08:01 921039                     /home/madunlap/.m2/repository/org/apache/axis/axis-saaj/1.4/axis-saaj-1.4.jar
7ff0e0641000-7ff0e0643000 r--s 00006000 08:01 921036                     /home/madunlap/.m2/repository/org/apache/axis/axis-jaxrpc/1.4/axis-jaxrpc-1.4.jar
7ff0e0643000-7ff0e0657000 r--s 00173000 08:01 921038                     /home/madunlap/.m2/repository/axis/axis/1.4/axis-1.4.jar
7ff0e0657000-7ff0e0659000 r--s 00009000 08:01 921034                     /home/madunlap/.m2/repository/org/objenesis/objenesis/2.1/objenesis-2.1.jar
7ff0e0659000-7ff0e0675000 r--s 00103000 08:01 921030                     /home/madunlap/.m2/repository/org/mockito/mockito-core/1.10.19/mockito-core-1.10.19.jar
7ff0e0675000-7ff0e0677000 r--s 00001000 08:01 921031                     /home/madunlap/.m2/repository/org/slf4j/slf4j-log4j12/1.7.7/slf4j-log4j12-1.7.7.jar
7ff0e0677000-7ff0e0679000 r--s 00006000 08:01 791385                     /home/madunlap/.m2/repository/org/slf4j/slf4j-api/1.7.7/slf4j-api-1.7.7.jar
7ff0e0679000-7ff0e067d000 r--s 0001f000 08:01 921028                     /home/madunlap/.m2/repository/org/jacoco/org.jacoco.report/0.7.5.201505241946/org.jacoco.report-0.7.5.201505241946.jar
7ff0e067d000-7ff0e0682000 r--s 00058000 08:01 921027                     /home/madunlap/.m2/repository/org/ow2/asm/asm-debug-all/5.0.1/asm-debug-all-5.0.1.jar
7ff0e0682000-7ff0e0686000 r--s 0001d000 08:01 791383                     /home/madunlap/.m2/repository/org/jacoco/org.jacoco.core/0.7.5.201505241946/org.jacoco.core-0.7.5.201505241946.jar
7ff0e0686000-7ff0e0687000 ---p 00000000 00:00 0 
7ff0e0687000-7ff0e0787000 rw-p 00000000 00:00 0 
7ff0e0787000-7ff0e078a000 ---p 00000000 00:00 0 
7ff0e078a000-7ff0e0888000 rw-p 00000000 00:00 0 
7ff0e0888000-7ff0e088b000 ---p 00000000 00:00 0 
7ff0e088b000-7ff0e0989000 rw-p 00000000 00:00 0 
7ff0e0989000-7ff0e098c000 ---p 00000000 00:00 0 
7ff0e098c000-7ff0e0a8a000 rw-p 00000000 00:00 0 
7ff0e0a8a000-7ff0e0a9b000 r-xp 00000000 08:01 2106483                    /usr/lib/jvm/java-8-oracle/jre/lib/amd64/libnio.so
7ff0e0a9b000-7ff0e0c9a000 ---p 00011000 08:01 2106483                    /usr/lib/jvm/java-8-oracle/jre/lib/amd64/libnio.so
7ff0e0c9a000-7ff0e0c9b000 rw-p 00010000 08:01 2106483                    /usr/lib/jvm/java-8-oracle/jre/lib/amd64/libnio.so
7ff0e0c9b000-7ff0e0cb1000 r-xp 00000000 08:01 2106458                    /usr/lib/jvm/java-8-oracle/jre/lib/amd64/libnet.so
7ff0e0cb1000-7ff0e0eb1000 ---p 00016000 08:01 2106458                    /usr/lib/jvm/java-8-oracle/jre/lib/amd64/libnet.so
7ff0e0eb1000-7ff0e0eb2000 rw-p 00016000 08:01 2106458                    /usr/lib/jvm/java-8-oracle/jre/lib/amd64/libnet.so
7ff0e0eb2000-7ff0e0eb5000 r--s 0001a000 08:01 1976716                    /usr/lib/jvm/java-8-oracle/jre/lib/jce.jar
7ff0e0eb5000-7ff0e0eba000 r--s 0009a000 08:01 1976643                    /usr/lib/jvm/java-8-oracle/jre/lib/jsse.jar
7ff0e0eba000-7ff0e0ec0000 r--s 00041000 08:01 661360                     /home/madunlap/.m2/repository/org/jacoco/org.jacoco.agent/0.7.5.201505241946/org.jacoco.agent-0.7.5.201505241946-runtime.jar
7ff0e0ec0000-7ff0e0ec2000 r--s 0000e000 08:01 921023                     /home/madunlap/.m2/repository/oro/oro/2.0.8/oro-2.0.8.jar
7ff0e0ec2000-7ff0e0eca000 r--s 00058000 08:01 921019                     /home/madunlap/.m2/repository/org/apache/velocity/velocity/1.5/velocity-1.5.jar
7ff0e0eca000-7ff0e0ecb000 r--s 00001000 08:01 921022                     /home/madunlap/.m2/repository/org/codehaus/plexus/plexus-velocity/1.1.7/plexus-velocity-1.1.7.jar
7ff0e0ecb000-7ff0e0ecc000 r--s 00002000 08:01 921017                     /home/madunlap/.m2/repository/org/codehaus/plexus/plexus-i18n/1.0-beta-7/plexus-i18n-1.0-beta-7.jar
7ff0e0ecc000-7ff0e0ece000 r--s 00008000 08:01 921015                     /home/madunlap/.m2/repository/org/apache/maven/doxia/doxia-module-fml/1.1.2/doxia-module-fml-1.1.2.jar
7ff0e0ece000-7ff0e0ecf000 r--s 00003000 08:01 921016                     /home/madunlap/.m2/repository/org/apache/maven/doxia/doxia-module-xhtml/1.1.2/doxia-module-xhtml-1.1.2.jar
7ff0e0ecf000-7ff0e0ed1000 r--s 0000b000 08:01 921011                     /home/madunlap/.m2/repository/org/apache/maven/doxia/doxia-decoration-model/1.1.2/doxia-decoration-model-1.1.2.jar
7ff0e0ed1000-7ff0e0ed3000 r--s 0000b000 08:01 921008                     /home/madunlap/.m2/repository/org/apache/maven/doxia/doxia-site-renderer/1.1.2/doxia-site-renderer-1.1.2.jar
7ff0e0ed3000-7ff0e0ed7000 r--s 00023000 08:01 921010                     /home/madunlap/.m2/repository/org/apache/maven/doxia/doxia-core/1.1.2/doxia-core-1.1.2.jar
7ff0e0ed7000-7ff0e0ed9000 r--s 00003000 08:01 921007                     /home/madunlap/.m2/repository/org/apache/maven/reporting/maven-reporting-impl/2.1/maven-reporting-impl-2.1.jar
7ff0e0ed9000-7ff0e0eda000 r--s 00002000 08:01 921004                     /home/madunlap/.m2/repository/org/apache/maven/doxia/doxia-logging-api/1.1/doxia-logging-api-1.1.jar
7ff0e0eda000-7ff0e0edc000 r--s 00002000 08:01 921001                     /home/madunlap/.m2/repository/org/apache/maven/doxia/doxia-sink-api/1.1/doxia-sink-api-1.1.jar
7ff0e0edc000-7ff0e0edd000 r--s 00002000 08:01 920999                     /home/madunlap/.m2/repository/org/apache/maven/reporting/maven-reporting-api/2.2.1/maven-reporting-api-2.2.1.jar
7ff0e0edd000-7ff0e0edf000 r--s 00008000 08:01 920995                     /home/madunlap/.m2/repository/org/apache/maven/shared/maven-shared-io/1.1/maven-shared-io-1.1.jar
7ff0e0edf000-7ff0e0ee1000 r--s 00008000 08:01 920998                     /home/madunlap/.m2/repository/org/apache/maven/shared/file-management/1.2.1/file-management-1.2.1.jar
7ff0e0ee1000-7ff0e0ee6000 r--s 00039000 08:01 920997                     /home/madunlap/.m2/repository/org/codehaus/plexus/plexus-utils/1.5.6/plexus-utils-1.5.6.jar
7ff0e0ee6000-7ff0e0ee8000 r--s 00008000 08:01 920991                     /home/madunlap/.m2/repository/classworlds/classworlds/1.1-alpha-2/classworlds-1.1-alpha-2.jar
7ff0e0ee8000-7ff0e0eef000 r--s 00029000 08:01 920988                     /home/madunlap/.m2/repository/org/codehaus/plexus/plexus-container-default/1.0-alpha-9-stable-1/plexus-container-default-1.0-alpha-9-stable-1.jar
7ff0e0eef000-7ff0e0ef2000 r--s 00011000 08:01 920989                     /home/madunlap/.m2/repository/org/apache/maven/maven-artifact/2.2.1/maven-artifact-2.2.1.jar
7ff0e0ef2000-7ff0e0ef4000 r--s 0000b000 08:01 920985                     /home/madunlap/.m2/repository/org/codehaus/plexus/plexus-interpolation/1.11/plexus-interpolation-1.11.jar
7ff0e0ef4000-7ff0e0ef6000 r--s 00006000 08:01 920982                     /home/madunlap/.m2/repository/org/apache/maven/maven-plugin-registry/2.2.1/maven-plugin-registry-2.2.1.jar
7ff0e0ef6000-7ff0e0efe000 r--s 00049000 08:01 920984                     /home/madunlap/.m2/repository/backport-util-concurrent/backport-util-concurrent/3.1/backport-util-concurrent-3.1.jar
7ff0e0efe000-7ff0e0f00000 r--s 0000b000 08:01 920978                     /home/madunlap/.m2/repository/org/apache/maven/wagon/wagon-provider-api/1.0-beta-6/wagon-provider-api-1.0-beta-6.jar
7ff0e0f00000-7ff0e0f02000 r--s 00005000 08:01 920980                     /home/madunlap/.m2/repository/org/apache/maven/maven-repository-metadata/2.2.1/maven-repository-metadata-2.2.1.jar
7ff0e0f02000-7ff0e0f04000 r--s 0000f000 08:01 920975                     /home/madunlap/.m2/repository/org/apache/maven/maven-artifact-manager/2.2.1/maven-artifact-manager-2.2.1.jar
7ff0e0f04000-7ff0e0f06000 r--s 00014000 08:01 920971                     /home/madunlap/.m2/repository/org/apache/maven/maven-model/2.2.1/maven-model-2.2.1.jar
7ff0e0f06000-7ff0e0f08000 r--s 00007000 08:01 920969                     /home/madunlap/.m2/repository/org/apache/maven/maven-profile/2.2.1/maven-profile-2.2.1.jar
7ff0e0f08000-7ff0e0f09000 r--s 0000b000 08:01 920972                     /home/madunlap/.m2/repository/org/apache/maven/maven-settings/2.2.1/maven-settings-2.2.1.jar
7ff0e0f09000-7ff0e0f0d000 r--s 00023000 08:01 920973                     /home/madunlap/.m2/repository/org/apache/maven/maven-project/2.2.1/maven-project-2.2.1.jar
7ff0e0f0d000-7ff0e0f0f000 r--s 00002000 08:01 661356                     /home/madunlap/.m2/repository/org/apache/maven/maven-plugin-api/2.2.1/maven-plugin-api-2.2.1.jar
7ff0e0f0f000-7ff0e0f11000 r--s 0000b000 08:01 660606                     /home/madunlap/.m2/repository/org/jacoco/jacoco-maven-plugin/0.7.5.201505241946/jacoco-maven-plugin-0.7.5.201505241946.jar
7ff0e0f11000-7ff0e0f13000 r--s 00013000 08:01 791380                     /home/madunlap/.m2/repository/com/jayway/restassured/xml-path/2.4.0/xml-path-2.4.0.jar
7ff0e0f13000-7ff0e0f15000 r--s 00007000 08:01 791379                     /home/madunlap/.m2/repository/com/jayway/restassured/rest-assured-common/2.4.0/rest-assured-common-2.4.0.jar
7ff0e0f15000-7ff0e0f17000 r--s 0001e000 08:01 661355                     /home/madunlap/.m2/repository/org/codehaus/groovy/groovy-json/2.3.7/groovy-json-2.3.7.jar
7ff0e0f17000-7ff0e0f19000 r--s 0000d000 08:01 791376                     /home/madunlap/.m2/repository/com/jayway/restassured/json-path/2.4.0/json-path-2.4.0.jar
7ff0e0f19000-7ff0e0f1b000 r--s 00015000 08:01 791373                     /home/madunlap/.m2/repository/org/ccil/cowan/tagsoup/tagsoup/1.2.1/tagsoup-1.2.1.jar
7ff0e0f1b000-7ff0e0f1c000 r--s 0000c000 08:01 791372                     /home/madunlap/.m2/repository/org/hamcrest/hamcrest-library/1.3/hamcrest-library-1.3.jar
7ff0e0f1c000-7ff0e0f1e000 r--s 00009000 08:01 791370                     /home/madunlap/.m2/repository/org/hamcrest/hamcrest-core/1.3/hamcrest-core-1.3.jar
7ff0e0f1e000-7ff0e0f23000 r--s 00034000 08:01 661352                     /home/madunlap/.m2/repository/org/codehaus/groovy/groovy-xml/2.3.7/groovy-xml-2.3.7.jar
7ff0e0f23000-7ff0e0f6c000 r--s 003fb000 08:01 661354                     /home/madunlap/.m2/repository/org/codehaus/groovy/groovy/2.3.7/groovy-2.3.7.jar
7ff0e0f6c000-7ff0e0f76000 r--s 0008c000 08:01 791368                     /home/madunlap/.m2/repository/com/jayway/restassured/rest-assured/2.4.0/rest-assured-2.4.0.jar
7ff0e0f76000-7ff0e0f7c000 r--s 00044000 08:01 791367                     /home/madunlap/.m2/repository/org/jsoup/jsoup/1.8.1/jsoup-1.8.1.jar
7ff0e0f7c000-7ff0e0f7e000 r--s 00004000 08:01 791401                     /home/madunlap/.m2/repository/edu/ucsb/nceas/ezid/1.0.0/ezid-1.0.0.jar
7ff0e0f7e000-7ff0e0f81000 r--s 0000b000 08:01 791362                     /home/madunlap/.m2/repository/org/ocpsoft/rewrite/rewrite-integration-faces/2.0.12.Final/rewrite-integration-faces-2.0.12.Final.jar
7ff0e0f81000-7ff0e0f83000 r--s 00001000 08:01 791360                     /home/madunlap/.m2/repository/org/ocpsoft/rewrite/rewrite-annotations-api/2.0.12.Final/rewrite-annotations-api-2.0.12.Final.jar
7ff0e0f83000-7ff0e0f84000 r--s 00005000 08:01 791359                     /home/madunlap/.m2/repository/org/ocpsoft/rewrite/rewrite-addressbuilder/2.0.12.Final/rewrite-addressbuilder-2.0.12.Final.jar
7ff0e0f84000-7ff0e0f86000 r--s 00008000 08:01 791357                     /home/madunlap/.m2/repository/org/ocpsoft/rewrite/rewrite-api-servlet/2.0.12.Final/rewrite-api-servlet-2.0.12.Final.jar
7ff0e0f86000-7ff0e0f88000 r--s 00001000 08:01 791354                     /home/madunlap/.m2/repository/org/ocpsoft/logging/logging-api/1.0.2.Final/logging-api-1.0.2.Final.jar
7ff0e0f88000-7ff0e0f89000 r--s 00003000 08:01 791353                     /home/madunlap/.m2/repository/org/ocpsoft/common/common-api/1.0.5.Final/common-api-1.0.5.Final.jar
7ff0e0f89000-7ff0e0f8d000 r--s 00018000 08:01 791351                     /home/madunlap/.m2/repository/org/ocpsoft/rewrite/rewrite-api/2.0.12.Final/rewrite-api-2.0.12.Final.jar
7ff0e0f8d000-7ff0e0f8f000 r--s 00005000 08:01 791349                     /home/madunlap/.m2/repository/org/ocpsoft/rewrite/rewrite-annotations-impl/2.0.12.Final/rewrite-annotations-impl-2.0.12.Final.jar
7ff0e0f8f000-7ff0e0f9d000 r--s 00092000 08:01 791352                     /home/madunlap/.m2/repository/org/ocpsoft/rewrite/rewrite-config-prettyfaces/2.0.12.Final/rewrite-config-prettyfaces-2.0.12.Final.jar
7ff0e0f9d000-7ff0e0fab000 r--s 0005f000 08:01 791345                     /home/madunlap/.m2/repository/org/ocpsoft/rewrite/rewrite-servlet/2.0.12.Final/rewrite-servlet-2.0.12.Final.jar
7ff0e0fab000-7ff0e0faf000 r--s 0003c000 08:01 791218                     /home/madunlap/.m2/repository/javax/media/jai_codec/1.1.3/jai_codec-1.1.3.jar
7ff0e0faf000-7ff0e0fc3000 r--s 001bd000 08:01 791220                     /home/madunlap/.m2/repository/javax/media/jai_core/1.1.3/jai_core-1.1.3.jar
7ff0e0fc3000-7ff0e0fd4000 r--s 00106000 08:01 791219                     /home/madunlap/.m2/repository/javax/media/jai_imageio/1.1.1/jai_imageio-1.1.1.jar
7ff0e0fd4000-7ff0e0fd6000 r--s 00009000 08:01 791399                     /home/madunlap/.m2/repository/edu/harvard/hul/ois/jhove/jhove-handler/1.11.0/jhove-handler-1.11.0.jar
7ff0e0fd6000-7ff0e0fdf000 r--s 00079000 08:01 791398                     /home/madunlap/.m2/repository/edu/harvard/hul/ois/jhove/jhove-module/1.11.0/jhove-module-1.11.0.jar
7ff0e0fdf000-7ff0e0fe2000 r--s 00011000 08:01 791396                     /home/madunlap/.m2/repository/edu/harvard/hul/ois/jhove/jhove/1.11.0/jhove-1.11.0.jar
7ff0e0fe2000-7ff0e0ff2000 r--s 0011f000 08:01 791342                     /home/madunlap/.m2/repository/org/apache/poi/poi-scratchpad/3.10-FINAL/poi-scratchpad-3.10-FINAL.jar
7ff0e0ff2000-7ff0e0ff8000 r--s 00047000 08:01 791341                     /home/madunlap/.m2/repository/org/apache/poi/poi-examples/3.10-FINAL/poi-examples-3.10-FINAL.jar
7ff0e0ff8000-7ff0e0ffd000 r--s 00048000 08:01 791338                     /home/madunlap/.m2/repository/dom4j/dom4j/1.6.1/dom4j-1.6.1.jar
7ff0e0ffd000-7ff0e103a000 r--s 0024f000 08:01 791336                     /home/madunlap/.m2/repository/org/apache/xmlbeans/xmlbeans/2.3.0/xmlbeans-2.3.0.jar
7ff0e103a000-7ff0e10d2000 r--s 00420000 08:01 791334                     /home/madunlap/.m2/repository/org/apache/poi/poi-ooxml-schemas/3.10-FINAL/poi-ooxml-schemas-3.10-FINAL.jar
7ff0e10d2000-7ff0e10e0000 r--s 000ee000 08:01 791333                     /home/madunlap/.m2/repository/org/apache/poi/poi-ooxml/3.10-FINAL/poi-ooxml-3.10-FINAL.jar
7ff0e10e0000-7ff0e1102000 r--s 001bb000 08:01 791332                     /home/madunlap/.m2/repository/org/apache/poi/poi/3.10-FINAL/poi-3.10-FINAL.jar
7ff0e1102000-7ff0e1104000 r--s 00006000 08:01 791331                     /home/madunlap/.m2/repository/org/nuiton/thirdparty/Rserve/0.6-1/Rserve-0.6-1.jar
7ff0e1104000-7ff0e1106000 r--s 00006000 08:01 791328                     /home/madunlap/.m2/repository/org/nuiton/thirdparty/REngine/0.6-1/REngine-0.6-1.jar
7ff0e1106000-7ff0e1107000 r--s 0000c000 08:01 791397                     /home/madunlap/.m2/repository/org/dataverse/unf/6.0/unf-6.0.jar
7ff0e1107000-7ff0e1108000 r--s 00018000 08:01 791394                     /home/madunlap/.m2/repository/edu/harvard/iq/dvn/unf5/5.0/unf5-5.0.jar
7ff0e1108000-7ff0e1111000 r--s 000a6000 08:01 791393                     /home/madunlap/.m2/repository/net/handle/handle/2006-06-16-generated/handle-2006-06-16-generated.jar
7ff0e1111000-7ff0e1114000 r--s 00035000 08:01 791395                     /home/madunlap/.m2/repository/nom/tam/fits/fits/2012-10-25-generated/fits-2012-10-25-generated.jar
7ff0e1114000-7ff0e111b000 r--s 00028000 08:01 791326                     /home/madunlap/.m2/repository/concurrent/concurrent/1.3.4/concurrent-1.3.4.jar
7ff0e111b000-7ff0e1129000 r--s 00081000 08:01 791324                     /home/madunlap/.m2/repository/colt/colt/1.2.0/colt-1.2.0.jar
7ff0e1129000-7ff0e1136000 r--s 00083000 08:01 791320                     /home/madunlap/.m2/repository/commons-collections/commons-collections/3.2.2/commons-collections-3.2.2.jar
7ff0e1136000-7ff0e113a000 r--s 00020000 08:01 791319                     /home/madunlap/.m2/repository/commons-digester/commons-digester/1.8.1/commons-digester-1.8.1.jar
7ff0e113a000-7ff0e113f000 r--s 00035000 08:01 791317                     /home/madunlap/.m2/repository/commons-beanutils/commons-beanutils/1.9.2/commons-beanutils-1.9.2.jar
7ff0e113f000-7ff0e1143000 r--s 0002a000 08:01 791315                     /home/madunlap/.m2/repository/commons-validator/commons-validator/1.6/commons-validator-1.6.jar
7ff0e1143000-7ff0e1156000 r--s 000df000 08:01 791313                     /home/madunlap/.m2/repository/org/apache/commons/commons-math/2.2/commons-math-2.2.jar
7ff0e1156000-7ff0e1158000 r--s 0000e000 08:01 791309                     /home/madunlap/.m2/repository/commons-logging/commons-logging/1.1.3/commons-logging-1.1.3.jar
7ff0e1158000-7ff0e115a000 r--s 00005000 08:01 791311                     /home/madunlap/.m2/repository/org/apache/httpcomponents/httpmime/4.2.6/httpmime-4.2.6.jar
7ff0e115a000-7ff0e1166000 r--s 000b3000 08:01 791304                     /home/madunlap/.m2/repository/org/apache/zookeeper/zookeeper/3.4.5/zookeeper-3.4.5.jar
7ff0e1166000-7ff0e116e000 r--s 0005b000 08:01 791305                     /home/madunlap/.m2/repository/org/apache/solr/solr-solrj/4.6.0/solr-solrj-4.6.0.jar
7ff0e116e000-7ff0e1173000 r--s 00041000 08:01 791300                     /home/madunlap/.m2/repository/commons-lang/commons-lang/2.6/commons-lang-2.6.jar
7ff0e1173000-7ff0e1175000 r--s 0000d000 08:01 791302                     /home/madunlap/.m2/repository/com/fasterxml/classmate/1.0.0/classmate-1.0.0.jar
7ff0e1175000-7ff0e1177000 r--s 0000d000 08:01 791296                     /home/madunlap/.m2/repository/org/jboss/logging/jboss-logging/3.1.1.GA/jboss-logging-3.1.1.GA.jar
7ff0e1177000-7ff0e117b000 r--s 0000c000 08:01 791294                     /home/madunlap/.m2/repository/javax/validation/validation-api/1.1.0.Final/validation-api-1.1.0.Final.jar
7ff0e117b000-7ff0e1188000 r--s 00080000 08:01 791293                     /home/madunlap/.m2/repository/org/hibernate/hibernate-validator/5.0.3.Final/hibernate-validator-5.0.3.Final.jar
7ff0e1188000-7ff0e1192000 r--s 0006b000 08:01 791289                     /home/madunlap/.m2/repository/org/omnifaces/omnifaces/1.7/omnifaces-1.7.jar
7ff0e1192000-7ff0e11a1000 r--s 000c4000 08:01 791290                     /home/madunlap/.m2/repository/org/atmosphere/atmosphere-runtime/2.4.2/atmosphere-runtime-2.4.2.jar
7ff0e11a1000-7ff0e11b5000 r--s 0013a000 08:01 791121                     /home/madunlap/.m2/repository/org/primefaces/themes/all-themes/1.0.10/all-themes-1.0.10.jar
7ff0e11b5000-7ff0e11e1000 r--s 00318000 08:01 791288                     /home/madunlap/.m2/repository/org/primefaces/primefaces/5.3/primefaces-5.3.jar
7ff0e11e1000-7ff0e1203000 r--s 00120000 08:01 791284                     /home/madunlap/.m2/repository/javax/javaee-web-api/7.0/javaee-web-api-7.0.jar
7ff0e1203000-7ff0e1205000 r--s 0000e000 08:01 791282                     /home/madunlap/.m2/repository/javax/activation/activation/1.1/activation-1.1.jar
7ff0e1205000-7ff0e120d000 r--s 00078000 08:01 791280                     /home/madunlap/.m2/repository/com/sun/mail/javax.mail/1.5.0/javax.mail-1.5.0.jar
7ff0e120d000-7ff0e1241000 r--s 001a4000 08:01 791278                     /home/madunlap/.m2/repository/javax/javaee-api/7.0/javaee-api-7.0.jar
7ff0e1241000-7ff0e126c000 r--s 001f5000 08:01 791277                     /home/madunlap/.m2/repository/com/google/guava/guava/16.0.1/guava-16.0.1.jar
7ff0e126c000-7ff0e128a000 r--s 0027d000 08:01 791273                     /home/madunlap/.m2/repository/xalan/xalan/2.7.0/xalan-2.7.0.jar
7ff0e128a000-7ff0e129e000 r--s 000e3000 08:01 791272                     /home/madunlap/.m2/repository/xerces/xercesImpl/2.6.2/xercesImpl-2.6.2.jar
7ff0e129e000-7ff0e12a4000 r--s 00019000 08:01 791270                     /home/madunlap/.m2/repository/xerces/xmlParserAPIs/2.6.2/xmlParserAPIs-2.6.2.jar
7ff0e12a4000-7ff0e12ab000 r--s 00063000 08:01 791268                     /home/madunlap/.m2/repository/xom/xom/1.1/xom-1.1.jar
7ff0e12ab000-7ff0e12b0000 r--s 0002a000 08:01 791265                     /home/madunlap/.m2/repository/com/google/code/gson/gson/2.2.4/gson-2.2.4.jar
7ff0e12b0000-7ff0e12b4000 r--s 00027000 08:01 791263                     /home/madunlap/.m2/repository/commons-io/commons-io/2.2/commons-io-2.2.jar
7ff0e12b4000-7ff0e12b6000 r--s 0000f000 08:01 791260                     /home/madunlap/.m2/repository/commons-fileupload/commons-fileupload/1.3.1/commons-fileupload-1.3.1.jar
7ff0e12b6000-7ff0e12bc000 r--s 00032000 08:01 791261                     /home/madunlap/.m2/repository/jaxen/jaxen/1.1.1/jaxen-1.1.1.jar
7ff0e12bc000-7ff0e12c3000 r--s 00079000 08:01 661348                     /home/madunlap/.m2/repository/org/codehaus/woodstox/wstx-asl/3.2.6/wstx-asl-3.2.6.jar
7ff0e12c3000-7ff0e12c8000 r--s 00070000 08:01 661349                     /home/madunlap/.m2/repository/org/codehaus/woodstox/woodstox-core-asl/4.1.4/woodstox-core-asl-4.1.4.jar
7ff0e12c8000-7ff0e12cc000 r--s 00026000 08:01 791256                     /home/madunlap/.m2/repository/org/apache/ws/commons/axiom/axiom-impl/1.2.14/axiom-impl-1.2.14.jar
7ff0e12cc000-7ff0e12d6000 r--s 0005d000 08:01 791250                     /home/madunlap/.m2/repository/org/apache/ws/commons/axiom/axiom-api/1.2.14/axiom-api-1.2.14.jar
7ff0e12d6000-7ff0e12ef000 r--s 002fd000 08:01 791240                     /home/madunlap/.m2/repository/com/ibm/icu/icu4j/3.4.4/icu4j-3.4.4.jar
7ff0e12ef000-7ff0e1312000 r--s 001ae000 08:01 791235                     /home/madunlap/.m2/repository/com/hp/hpl/jena/jena/2.6.4/jena-2.6.4.jar
7ff0e1312000-7ff0e1352000 r--s 00285000 08:01 925253                     /home/madunlap/.m2/repository/org/bouncycastle/bcprov-jdk15on/1.52/bcprov-jdk15on-1.52.jar
7ff0e1352000-7ff0e175e000 r--s 03c80000 08:01 791225                     /home/madunlap/.m2/repository/com/amazonaws/aws-java-sdk-bundle/1.11.172/aws-java-sdk-bundle-1.11.172.jar
7ff0e175e000-7ff0e1761000 ---p 00000000 00:00 0 
7ff0e1761000-7ff0e185f000 rw-p 00000000 00:00 0 
7ff0e185f000-7ff0e1b3a000 r--p 00000000 08:01 1441812                    /usr/lib/locale/locale-archive
7ff0e1b3a000-7ff0e1b3d000 ---p 00000000 00:00 0 
7ff0e1b3d000-7ff0e1c3b000 rw-p 00000000 00:00 0 
7ff0e1c3b000-7ff0e1c3e000 ---p 00000000 00:00 0 
7ff0e1c3e000-7ff0e1d3c000 rw-p 00000000 00:00 0 
7ff0e1d3c000-7ff0e1d3d000 ---p 00000000 00:00 0 
7ff0e1d3d000-7ff0e2746000 rw-p 00000000 00:00 0 
7ff0e2746000-7ff0e2920000 r--s 03d4d000 08:01 1976682                    /usr/lib/jvm/java-8-oracle/jre/lib/rt.jar
7ff0e2920000-7ff0e5000000 rw-p 00000000 00:00 0 
7ff0e5000000-7ff0e55d0000 rwxp 00000000 00:00 0 
7ff0e55d0000-7ff0f4000000 ---p 00000000 00:00 0 
7ff0f4000000-7ff0f4f3d000 rw-p 00000000 00:00 0 
7ff0f4f3d000-7ff0f8000000 ---p 00000000 00:00 0 
7ff0f8000000-7ff0f8003000 r--s 00015000 08:01 791254                     /home/madunlap/.m2/repository/org/apache/james/apache-mime4j-core/0.7.2/apache-mime4j-core-0.7.2.jar
7ff0f8003000-7ff0f8008000 r--s 00032000 08:01 791252                     /home/madunlap/.m2/repository/org/apache/geronimo/specs/geronimo-javamail_1.4_spec/1.7.1/geronimo-javamail_1.4_spec-1.7.1.jar
7ff0f8008000-7ff0f800b000 r--s 0014e000 08:01 791249                     /home/madunlap/.m2/repository/org/apache/abdera/abdera-parser/1.1.3/abdera-parser-1.1.3.jar
7ff0f800b000-7ff0f800d000 r--s 00006000 08:01 791245                     /home/madunlap/.m2/repository/org/apache/geronimo/specs/geronimo-stax-api_1.0_spec/1.0.1/geronimo-stax-api_1.0_spec-1.0.1.jar
7ff0f800d000-7ff0f800f000 r--s 0000a000 08:01 791243                     /home/madunlap/.m2/repository/org/apache/geronimo/specs/geronimo-activation_1.1_spec/1.1/geronimo-activation_1.1_spec-1.1.jar
7ff0f800f000-7ff0f8013000 r--s 00094000 08:01 791246                     /home/madunlap/.m2/repository/org/apache/abdera/abdera-i18n/1.1.3/abdera-i18n-1.1.3.jar
7ff0f8013000-7ff0f8017000 r--s 00024000 08:01 791241                     /home/madunlap/.m2/repository/org/apache/abdera/abdera-core/1.1.3/abdera-core-1.1.3.jar
7ff0f8017000-7ff0f801a000 r--s 00023000 08:01 791237                     /home/madunlap/.m2/repository/com/hp/hpl/jena/iri/0.8/iri-0.8.jar
7ff0f801a000-7ff0f801c000 r--s 0000d000 08:01 791233                     /home/madunlap/.m2/repository/org/apache/abdera/abdera-client/1.1.1/abdera-client-1.1.1.jar
7ff0f801c000-7ff0f801e000 r--s 00016000 08:01 791230                     /home/madunlap/.m2/repository/javax/servlet/servlet-api/2.4/servlet-api-2.4.jar
7ff0f801e000-7ff0f8021000 r--s 0000f000 08:01 791226                     /home/madunlap/.m2/repository/org/swordapp/sword2-server/1.0/sword2-server-1.0-classes.jar
7ff0f8021000-7ff0f8026000 r--s 00040000 08:01 791224                     /home/madunlap/.m2/repository/commons-httpclient/commons-httpclient/3.0.1/commons-httpclient-3.0.1.jar
7ff0f8026000-7ff0f8029000 r--s 00012000 08:01 791228                     /home/madunlap/.m2/repository/org/glassfish/javax.json/1.0.4/javax.json-1.0.4.jar
7ff0f8029000-7ff0f802f000 r--s 00034000 08:01 791227                     /home/madunlap/.m2/repository/junit/junit/4.8.1/junit-4.8.1.jar
7ff0f802f000-7ff0f8033000 r--s 00021000 08:01 925254                     /home/madunlap/.m2/repository/org/cryptacular/cryptacular/1.1.0/cryptacular-1.1.0.jar
7ff0f8033000-7ff0f8036000 r--s 00011000 08:01 925252                     /home/madunlap/.m2/repository/org/passay/passay/1.1.0/passay-1.1.0.jar
7ff0f8036000-7ff0f82fa000 rw-p 00000000 00:00 0 
7ff0f82fa000-7ff0f82fb000 ---p 00000000 00:00 0 
7ff0f82fb000-7ff0f83fb000 rw-p 00000000 00:00 0 
7ff0f83fb000-7ff0f83fc000 ---p 00000000 00:00 0 
7ff0f83fc000-7ff0f8511000 rw-p 00000000 00:00 0 
7ff0f8511000-7ff0f8646000 ---p 00000000 00:00 0 
7ff0f8646000-7ff0f865b000 rw-p 00000000 00:00 0 
7ff0f865b000-7ff0f878f000 ---p 00000000 00:00 0 
7ff0f878f000-7ff0f87b3000 rw-p 00000000 00:00 0 
7ff0f87b3000-7ff0f8834000 ---p 00000000 00:00 0 
7ff0f8834000-7ff0f884d000 rw-p 00000000 00:00 0 
7ff0f884d000-7ff0f8bf5000 ---p 00000000 00:00 0 
7ff0f8bf5000-7ff0f8c0f000 r-xp 00000000 08:01 2106481                    /usr/lib/jvm/java-8-oracle/jre/lib/amd64/libzip.so
7ff0f8c0f000-7ff0f8e0f000 ---p 0001a000 08:01 2106481                    /usr/lib/jvm/java-8-oracle/jre/lib/amd64/libzip.so
7ff0f8e0f000-7ff0f8e10000 rw-p 0001a000 08:01 2106481                    /usr/lib/jvm/java-8-oracle/jre/lib/amd64/libzip.so
7ff0f8e10000-7ff0f8e1b000 r-xp 00000000 08:01 663303                     /lib/x86_64-linux-gnu/libnss_files-2.24.so
7ff0f8e1b000-7ff0f901a000 ---p 0000b000 08:01 663303                     /lib/x86_64-linux-gnu/libnss_files-2.24.so
7ff0f901a000-7ff0f901b000 r--p 0000a000 08:01 663303                     /lib/x86_64-linux-gnu/libnss_files-2.24.so
7ff0f901b000-7ff0f901c000 rw-p 0000b000 08:01 663303                     /lib/x86_64-linux-gnu/libnss_files-2.24.so
7ff0f901c000-7ff0f9022000 rw-p 00000000 00:00 0 
7ff0f9022000-7ff0f902d000 r-xp 00000000 08:01 663305                     /lib/x86_64-linux-gnu/libnss_nis-2.24.so
7ff0f902d000-7ff0f922c000 ---p 0000b000 08:01 663305                     /lib/x86_64-linux-gnu/libnss_nis-2.24.so
7ff0f922c000-7ff0f922d000 r--p 0000a000 08:01 663305                     /lib/x86_64-linux-gnu/libnss_nis-2.24.so
7ff0f922d000-7ff0f922e000 rw-p 0000b000 08:01 663305                     /lib/x86_64-linux-gnu/libnss_nis-2.24.so
7ff0f922e000-7ff0f9244000 r-xp 00000000 08:01 663300                     /lib/x86_64-linux-gnu/libnsl-2.24.so
7ff0f9244000-7ff0f9443000 ---p 00016000 08:01 663300                     /lib/x86_64-linux-gnu/libnsl-2.24.so
7ff0f9443000-7ff0f9444000 r--p 00015000 08:01 663300                     /lib/x86_64-linux-gnu/libnsl-2.24.so
7ff0f9444000-7ff0f9445000 rw-p 00016000 08:01 663300                     /lib/x86_64-linux-gnu/libnsl-2.24.so
7ff0f9445000-7ff0f9447000 rw-p 00000000 00:00 0 
7ff0f9447000-7ff0f944f000 r-xp 00000000 08:01 663301                     /lib/x86_64-linux-gnu/libnss_compat-2.24.so
7ff0f944f000-7ff0f964e000 ---p 00008000 08:01 663301                     /lib/x86_64-linux-gnu/libnss_compat-2.24.so
7ff0f964e000-7ff0f964f000 r--p 00007000 08:01 663301                     /lib/x86_64-linux-gnu/libnss_compat-2.24.so
7ff0f964f000-7ff0f9650000 rw-p 00008000 08:01 663301                     /lib/x86_64-linux-gnu/libnss_compat-2.24.so
7ff0f9650000-7ff0f965a000 r-xp 00000000 08:01 2106519                    /usr/lib/jvm/java-8-oracle/jre/lib/amd64/libinstrument.so
7ff0f965a000-7ff0f9859000 ---p 0000a000 08:01 2106519                    /usr/lib/jvm/java-8-oracle/jre/lib/amd64/libinstrument.so
7ff0f9859000-7ff0f985a000 rw-p 00009000 08:01 2106519                    /usr/lib/jvm/java-8-oracle/jre/lib/amd64/libinstrument.so
7ff0f985a000-7ff0f9885000 r-xp 00000000 08:01 2106508                    /usr/lib/jvm/java-8-oracle/jre/lib/amd64/libjava.so
7ff0f9885000-7ff0f9a84000 ---p 0002b000 08:01 2106508                    /usr/lib/jvm/java-8-oracle/jre/lib/amd64/libjava.so
7ff0f9a84000-7ff0f9a86000 rw-p 0002a000 08:01 2106508                    /usr/lib/jvm/java-8-oracle/jre/lib/amd64/libjava.so
7ff0f9a86000-7ff0f9a93000 r-xp 00000000 08:01 2106459                    /usr/lib/jvm/java-8-oracle/jre/lib/amd64/libverify.so
7ff0f9a93000-7ff0f9c93000 ---p 0000d000 08:01 2106459                    /usr/lib/jvm/java-8-oracle/jre/lib/amd64/libverify.so
7ff0f9c93000-7ff0f9c95000 rw-p 0000d000 08:01 2106459                    /usr/lib/jvm/java-8-oracle/jre/lib/amd64/libverify.so
7ff0f9c95000-7ff0f9c9c000 r-xp 00000000 08:01 663310                     /lib/x86_64-linux-gnu/librt-2.24.so
7ff0f9c9c000-7ff0f9e9b000 ---p 00007000 08:01 663310                     /lib/x86_64-linux-gnu/librt-2.24.so
7ff0f9e9b000-7ff0f9e9c000 r--p 00006000 08:01 663310                     /lib/x86_64-linux-gnu/librt-2.24.so
7ff0f9e9c000-7ff0f9e9d000 rw-p 00007000 08:01 663310                     /lib/x86_64-linux-gnu/librt-2.24.so
7ff0f9e9d000-7ff0f9fa5000 r-xp 00000000 08:01 663297                     /lib/x86_64-linux-gnu/libm-2.24.so
7ff0f9fa5000-7ff0fa1a4000 ---p 00108000 08:01 663297                     /lib/x86_64-linux-gnu/libm-2.24.so
7ff0fa1a4000-7ff0fa1a5000 r--p 00107000 08:01 663297                     /lib/x86_64-linux-gnu/libm-2.24.so
7ff0fa1a5000-7ff0fa1a6000 rw-p 00108000 08:01 663297                     /lib/x86_64-linux-gnu/libm-2.24.so
7ff0fa1a6000-7ff0fae79000 r-xp 00000000 08:01 2106512                    /usr/lib/jvm/java-8-oracle/jre/lib/amd64/server/libjvm.so
7ff0fae79000-7ff0fb078000 ---p 00cd3000 08:01 2106512                    /usr/lib/jvm/java-8-oracle/jre/lib/amd64/server/libjvm.so
7ff0fb078000-7ff0fb152000 rw-p 00cd2000 08:01 2106512                    /usr/lib/jvm/java-8-oracle/jre/lib/amd64/server/libjvm.so
7ff0fb152000-7ff0fb19d000 rw-p 00000000 00:00 0 
7ff0fb19d000-7ff0fb35b000 r-xp 00000000 08:01 663293                     /lib/x86_64-linux-gnu/libc-2.24.so
7ff0fb35b000-7ff0fb55a000 ---p 001be000 08:01 663293                     /lib/x86_64-linux-gnu/libc-2.24.so
7ff0fb55a000-7ff0fb55e000 r--p 001bd000 08:01 663293                     /lib/x86_64-linux-gnu/libc-2.24.so
7ff0fb55e000-7ff0fb560000 rw-p 001c1000 08:01 663293                     /lib/x86_64-linux-gnu/libc-2.24.so
7ff0fb560000-7ff0fb564000 rw-p 00000000 00:00 0 
7ff0fb564000-7ff0fb567000 r-xp 00000000 08:01 663296                     /lib/x86_64-linux-gnu/libdl-2.24.so
7ff0fb567000-7ff0fb766000 ---p 00003000 08:01 663296                     /lib/x86_64-linux-gnu/libdl-2.24.so
7ff0fb766000-7ff0fb767000 r--p 00002000 08:01 663296                     /lib/x86_64-linux-gnu/libdl-2.24.so
7ff0fb767000-7ff0fb768000 rw-p 00003000 08:01 663296                     /lib/x86_64-linux-gnu/libdl-2.24.so
7ff0fb768000-7ff0fb77d000 r-xp 00000000 08:01 2106497                    /usr/lib/jvm/java-8-oracle/jre/lib/amd64/jli/libjli.so
7ff0fb77d000-7ff0fb97d000 ---p 00015000 08:01 2106497                    /usr/lib/jvm/java-8-oracle/jre/lib/amd64/jli/libjli.so
7ff0fb97d000-7ff0fb97e000 rw-p 00015000 08:01 2106497                    /usr/lib/jvm/java-8-oracle/jre/lib/amd64/jli/libjli.so
7ff0fb97e000-7ff0fb996000 r-xp 00000000 08:01 663308                     /lib/x86_64-linux-gnu/libpthread-2.24.so
7ff0fb996000-7ff0fbb96000 ---p 00018000 08:01 663308                     /lib/x86_64-linux-gnu/libpthread-2.24.so
7ff0fbb96000-7ff0fbb97000 r--p 00018000 08:01 663308                     /lib/x86_64-linux-gnu/libpthread-2.24.so
7ff0fbb97000-7ff0fbb98000 rw-p 00019000 08:01 663308                     /lib/x86_64-linux-gnu/libpthread-2.24.so
7ff0fbb98000-7ff0fbb9c000 rw-p 00000000 00:00 0 
7ff0fbb9c000-7ff0fbbc2000 r-xp 00000000 08:01 663288                     /lib/x86_64-linux-gnu/ld-2.24.so
7ff0fbbc2000-7ff0fbbc3000 r--s 00005000 08:01 791308                     /home/madunlap/.m2/repository/org/noggit/noggit/0.5/noggit-0.5.jar
7ff0fbbc3000-7ff0fbc94000 rw-p 00000000 00:00 0 
7ff0fbc94000-7ff0fbc97000 ---p 00000000 00:00 0 
7ff0fbc97000-7ff0fbd97000 rw-p 00000000 00:00 0 
7ff0fbd97000-7ff0fbd98000 r--s 00004000 08:01 791275                     /home/madunlap/.m2/repository/org/mindrot/jbcrypt/0.3m/jbcrypt-0.3m.jar
7ff0fbd98000-7ff0fbd9d000 r--s 00023000 08:01 791711                     /home/madunlap/.m2/repository/org/apache/maven/surefire/surefire-api/2.10/surefire-api-2.10.jar
7ff0fbd9d000-7ff0fbd9f000 r--s 00007000 08:01 791708                     /home/madunlap/.m2/repository/org/apache/maven/surefire/surefire-booter/2.10/surefire-booter-2.10.jar
7ff0fbd9f000-7ff0fbda0000 r--s 00005000 08:01 926086                     /home/madunlap/Documents/github/dataverse/target/surefire/surefirebooter580825416360748404.jar
7ff0fbda0000-7ff0fbdb4000 rw-p 00000000 00:00 0 
7ff0fbdb4000-7ff0fbdbc000 rw-s 00000000 08:01 1835017                    /tmp/hsperfdata_madunlap/11154
7ff0fbdbc000-7ff0fbdbd000 rw-p 00000000 00:00 0 
7ff0fbdbd000-7ff0fbdbe000 ---p 00000000 00:00 0 
7ff0fbdbe000-7ff0fbdc1000 rw-p 00000000 00:00 0 
7ff0fbdc1000-7ff0fbdc2000 r--p 00025000 08:01 663288                     /lib/x86_64-linux-gnu/ld-2.24.so
7ff0fbdc2000-7ff0fbdc3000 rw-p 00026000 08:01 663288                     /lib/x86_64-linux-gnu/ld-2.24.so
7ff0fbdc3000-7ff0fbdc4000 rw-p 00000000 00:00 0 
7ffc38ad9000-7ffc38afa000 rw-p 00000000 00:00 0                          [stack]
7ffc38b92000-7ffc38b94000 r--p 00000000 00:00 0                          [vvar]
7ffc38b94000-7ffc38b96000 r-xp 00000000 00:00 0                          [vdso]
ffffffffff600000-ffffffffff601000 r-xp 00000000 00:00 0                  [vsyscall]

VM Arguments:
jvm_args: -javaagent:/home/madunlap/.m2/repository/org/jacoco/org.jacoco.agent/0.7.5.201505241946/org.jacoco.agent-0.7.5.201505241946-runtime.jar=destfile=/home/madunlap/Documents/github/dataverse/target/jacoco.exec 
java_command: /home/madunlap/Documents/github/dataverse/target/surefire/surefirebooter580825416360748404.jar /home/madunlap/Documents/github/dataverse/target/surefire/surefire339230070816259222tmp /home/madunlap/Documents/github/dataverse/target/surefire/surefire2243688909532259941tmp
java_class_path (initial): /home/madunlap/Documents/github/dataverse/target/surefire/surefirebooter580825416360748404.jar:/home/madunlap/.m2/repository/org/jacoco/org.jacoco.agent/0.7.5.201505241946/org.jacoco.agent-0.7.5.201505241946-runtime.jar
Launcher Type: SUN_STANDARD

Environment Variables:
JAVA_HOME=/usr/lib/jvm/java-8-oracle
PATH=/usr/local/sbin:/usr/local/bin:/usr/sbin:/usr/bin:/sbin:/bin:/usr/games:/usr/local/games:/snap/bin:/usr/lib/jvm/java-8-oracle/bin:/usr/lib/jvm/java-8-oracle/db/bin:/usr/lib/jvm/java-8-oracle/jre/bin
LD_LIBRARY_PATH=/usr/lib/jvm/java-8-oracle/jre/lib/amd64:/usr/lib/jvm/java-8-oracle/jre/lib/i386:
SHELL=/bin/bash
DISPLAY=:0

Signal Handlers:
SIGSEGV: [libjvm.so+0xacba10], sa_mask[0]=11111111011111111101111111111110, sa_flags=SA_RESTART|SA_SIGINFO
SIGBUS: [libjvm.so+0xacba10], sa_mask[0]=11111111011111111101111111111110, sa_flags=SA_RESTART|SA_SIGINFO
SIGFPE: [libjvm.so+0x924ba0], sa_mask[0]=11111111011111111101111111111110, sa_flags=SA_RESTART|SA_SIGINFO
SIGPIPE: [libjvm.so+0x924ba0], sa_mask[0]=11111111011111111101111111111110, sa_flags=SA_RESTART|SA_SIGINFO
SIGXFSZ: [libjvm.so+0x924ba0], sa_mask[0]=11111111011111111101111111111110, sa_flags=SA_RESTART|SA_SIGINFO
SIGILL: [libjvm.so+0x924ba0], sa_mask[0]=11111111011111111101111111111110, sa_flags=SA_RESTART|SA_SIGINFO
SIGUSR1: SIG_DFL, sa_mask[0]=00000000000000000000000000000000, sa_flags=none
SIGUSR2: [libjvm.so+0x9263e0], sa_mask[0]=00100000000000000000000000000000, sa_flags=SA_RESTART|SA_SIGINFO
SIGHUP: [libjvm.so+0x9277e0], sa_mask[0]=11111111011111111101111111111110, sa_flags=SA_RESTART|SA_SIGINFO
SIGINT: SIG_IGN, sa_mask[0]=00000000000000000000000000000000, sa_flags=none
SIGTERM: [libjvm.so+0x9277e0], sa_mask[0]=11111111011111111101111111111110, sa_flags=SA_RESTART|SA_SIGINFO
SIGQUIT: [libjvm.so+0x9277e0], sa_mask[0]=11111111011111111101111111111110, sa_flags=SA_RESTART|SA_SIGINFO


---------------  S Y S T E M  ---------------

OS:DISTRIB_ID=Ubuntu
DISTRIB_RELEASE=17.04
DISTRIB_CODENAME=zesty
DISTRIB_DESCRIPTION="Ubuntu 17.04"

uname:Linux 4.10.0-37-generic #41-Ubuntu SMP Fri Oct 6 20:20:37 UTC 2017 x86_64
libc:glibc 2.24 NPTL 2.24 
rlimit: STACK 8192k, CORE 0k, NPROC 15602, NOFILE 1048576, AS infinity
load average:0.52 0.17 0.13

/proc/meminfo:
MemTotal:        4039872 kB
MemFree:          105320 kB
MemAvailable:       6424 kB
Buffers:             268 kB
Cached:            66636 kB
SwapCached:        20280 kB
Active:          3100508 kB
Inactive:         621988 kB
Active(anon):    3098232 kB
Inactive(anon):   619644 kB
Active(file):       2276 kB
Inactive(file):     2344 kB
Unevictable:          32 kB
Mlocked:              32 kB
SwapTotal:       2097148 kB
SwapFree:              0 kB
Dirty:               112 kB
Writeback:             0 kB
AnonPages:       3636012 kB
Mapped:            54672 kB
Shmem:             61964 kB
Slab:              88876 kB
SReclaimable:      40988 kB
SUnreclaim:        47888 kB
KernelStack:       14752 kB
PageTables:        70004 kB
NFS_Unstable:          0 kB
Bounce:                0 kB
WritebackTmp:          0 kB
CommitLimit:     4117084 kB
Committed_AS:   10228172 kB
VmallocTotal:   34359738367 kB
VmallocUsed:           0 kB
VmallocChunk:          0 kB
HardwareCorrupted:     0 kB
AnonHugePages:   1710080 kB
ShmemHugePages:        0 kB
ShmemPmdMapped:        0 kB
CmaTotal:              0 kB
CmaFree:               0 kB
HugePages_Total:       0
HugePages_Free:        0
HugePages_Rsvd:        0
HugePages_Surp:        0
Hugepagesize:       2048 kB
DirectMap4k:      157616 kB
DirectMap2M:     4036608 kB


CPU:total 2 (initial active 2) (2 cores per cpu, 1 threads per core) family 6 model 70 stepping 1, cmov, cx8, fxsr, mmx, sse, sse2, sse3, ssse3, sse4.1, sse4.2, popcnt, avx, avx2, aes, clmul, erms, lzcnt, tsc, tscinvbit, bmi1, bmi2

/proc/cpuinfo:
processor	: 0
vendor_id	: GenuineIntel
cpu family	: 6
model		: 70
model name	: Intel(R) Core(TM) i7-4870HQ CPU @ 2.50GHz
stepping	: 1
microcode	: 0x13
cpu MHz		: 2494.226
cache size	: 6144 KB
physical id	: 0
siblings	: 2
core id		: 0
cpu cores	: 2
apicid		: 0
initial apicid	: 0
fpu		: yes
fpu_exception	: yes
cpuid level	: 13
wp		: yes
flags		: fpu vme de pse tsc msr pae mce cx8 apic sep mtrr pge mca cmov pat pse36 clflush mmx fxsr sse sse2 ss ht syscall nx rdtscp lm constant_tsc nopl xtopology nonstop_tsc pni pclmulqdq ssse3 fma cx16 pcid sse4_1 sse4_2 x2apic movbe popcnt tsc_deadline_timer aes xsave avx f16c rdrand hypervisor lahf_lm abm fsgsbase tsc_adjust bmi1 avx2 smep bmi2 invpcid xsaveopt dtherm arat pln pts
bugs		:
bogomips	: 4988.45
clflush size	: 64
cache_alignment	: 64
address sizes	: 36 bits physical, 48 bits virtual
power management:

processor	: 1
vendor_id	: GenuineIntel
cpu family	: 6
model		: 70
model name	: Intel(R) Core(TM) i7-4870HQ CPU @ 2.50GHz
stepping	: 1
microcode	: 0x13
cpu MHz		: 2494.226
cache size	: 6144 KB
physical id	: 0
siblings	: 2
core id		: 1
cpu cores	: 2
apicid		: 1
initial apicid	: 1
fpu		: yes
fpu_exception	: yes
cpuid level	: 13
wp		: yes
flags		: fpu vme de pse tsc msr pae mce cx8 apic sep mtrr pge mca cmov pat pse36 clflush mmx fxsr sse sse2 ss ht syscall nx rdtscp lm constant_tsc nopl xtopology nonstop_tsc pni pclmulqdq ssse3 fma cx16 pcid sse4_1 sse4_2 x2apic movbe popcnt tsc_deadline_timer aes xsave avx f16c rdrand hypervisor lahf_lm abm fsgsbase tsc_adjust bmi1 avx2 smep bmi2 invpcid xsaveopt dtherm arat pln pts
bugs		:
bogomips	: 4988.45
clflush size	: 64
cache_alignment	: 64
address sizes	: 36 bits physical, 48 bits virtual
power management:



Memory: 4k page, physical 4039872k(105616k free), swap 2097148k(0k free)

vm_info: Java HotSpot(TM) 64-Bit Server VM (25.144-b01) for linux-amd64 JRE (1.8.0_144-b01), built on Jul 21 2017 21:57:33 by "java_re" with gcc 4.3.0 20080428 (Red Hat 4.3.0-8)

time: Tue Oct 17 12:22:08 2017
elapsed time: 2 seconds (0d 0h 0m 2s)

