#
# There is insufficient memory for the Java Runtime Environment to continue.
# Native memory allocation (mmap) failed to map 132120576 bytes for committing reserved memory.
# Possible reasons:
#   The system is out of physical RAM or swap space
#   In 32 bit mode, the process size limit was hit
# Possible solutions:
#   Reduce memory load on the system
#   Increase physical memory or swap space
#   Check if swap backing store is full
#   Use 64 bit Java on a 64 bit OS
#   Decrease Java heap size (-Xmx/-Xms)
#   Decrease number of Java threads
#   Decrease Java thread stack sizes (-Xss)
#   Set larger code cache with -XX:ReservedCodeCacheSize=
# This output file may be truncated or incomplete.
#
#  Out of Memory Error (os_linux.cpp:2640), pid=22053, tid=0x00007f5551af0700
#
# JRE version: Java(TM) SE Runtime Environment (8.0_144-b01) (build 1.8.0_144-b01)
# Java VM: Java HotSpot(TM) 64-Bit Server VM (25.144-b01 mixed mode linux-amd64 compressed oops)
# Failed to write core dump. Core dumps have been disabled. To enable core dumping, try "ulimit -c unlimited" before starting Java again
#

---------------  T H R E A D  ---------------

Current thread (0x00007f55640fc000):  VMThread [stack: 0x00007f55519f0000,0x00007f5551af1000] [id=22057]

Stack: [0x00007f55519f0000,0x00007f5551af1000],  sp=0x00007f5551aeef80,  free space=1019k
Native frames: (J=compiled Java code, j=interpreted, Vv=VM code, C=native code)
V  [libjvm.so+0xacb18a]  VMError::report_and_die()+0x2ba
V  [libjvm.so+0x4ff4db]  report_vm_out_of_memory(char const*, int, unsigned long, VMErrorType, char const*)+0x8b
V  [libjvm.so+0x927d23]  os::Linux::commit_memory_impl(char*, unsigned long, bool)+0x103
V  [libjvm.so+0x928279]  os::pd_commit_memory(char*, unsigned long, unsigned long, bool)+0x29
V  [libjvm.so+0x92249a]  os::commit_memory(char*, unsigned long, unsigned long, bool)+0x2a
V  [libjvm.so+0x996ff3]  PSVirtualSpace::expand_by(unsigned long)+0x53
V  [libjvm.so+0x9983f8]  PSYoungGen::resize_generation(unsigned long, unsigned long)+0xf8
V  [libjvm.so+0x997552]  PSYoungGen::resize(unsigned long, unsigned long)+0x22
V  [libjvm.so+0x99482b]  PSScavenge::invoke_no_policy()+0xf3b
V  [libjvm.so+0x98fad5]  PSParallelCompact::invoke(bool)+0x85
V  [libjvm.so+0x485f14]  CollectedHeap::collect_as_vm_thread(GCCause::Cause)+0x114
V  [libjvm.so+0xacc601]  VM_CollectForMetadataAllocation::doit()+0x161
V  [libjvm.so+0xad4685]  VM_Operation::evaluate()+0x55
V  [libjvm.so+0xad2a5a]  VMThread::evaluate_operation(VM_Operation*)+0xba
V  [libjvm.so+0xad2dde]  VMThread::loop()+0x1ce
V  [libjvm.so+0xad3250]  VMThread::run()+0x70
V  [libjvm.so+0x92a338]  java_start(Thread*)+0x108

VM_Operation (0x00007f556b81bba0): CollectForMetadataAllocation, mode: safepoint, requested by thread 0x00007f556400b000


---------------  P R O C E S S  ---------------

Java Threads: ( => current thread )
  0x00007f55648a0800 JavaThread "Service Thread" daemon [_thread_blocked, id=22063, stack(0x00007f55508e9000,0x00007f55509ea000)]
  0x00007f55647d2800 JavaThread "C1 CompilerThread1" daemon [_thread_blocked, id=22062, stack(0x00007f55509ea000,0x00007f5550aeb000)]
  0x00007f55647d9000 JavaThread "C2 CompilerThread0" daemon [_thread_blocked, id=22061, stack(0x00007f5550aeb000,0x00007f5550bec000)]
  0x00007f556413b800 JavaThread "Signal Dispatcher" daemon [_thread_blocked, id=22060, stack(0x00007f5551412000,0x00007f5551513000)]
  0x00007f5564108000 JavaThread "Finalizer" daemon [_thread_blocked, id=22059, stack(0x00007f55517ee000,0x00007f55518ef000)]
  0x00007f5564103800 JavaThread "Reference Handler" daemon [_thread_blocked, id=22058, stack(0x00007f55518ef000,0x00007f55519f0000)]
  0x00007f556400b000 JavaThread "main" [_thread_blocked, id=22054, stack(0x00007f556b721000,0x00007f556b822000)]

Other Threads:
=>0x00007f55640fc000 VMThread [stack: 0x00007f55519f0000,0x00007f5551af1000] [id=22057]
  0x00007f55648a5800 WatcherThread [stack: 0x00007f55507e8000,0x00007f55508e9000] [id=22064]

VM state:at safepoint (normal execution)

VM Mutex/Monitor currently owned by a thread:  ([mutex/lock_event])
[0x00007f55640072e0] Threads_lock - owner thread: 0x00007f55640fc000
[0x00007f55640077e0] Heap_lock - owner thread: 0x00007f556400b000

Heap:
 PSYoungGen      total 132096K, used 6113K [0x00000000eb700000, 0x00000000f3f00000, 0x0000000100000000)
  eden space 125952K, 0% used [0x00000000eb700000,0x00000000eb700000,0x00000000f3200000)
  from space 6144K, 99% used [0x00000000f3200000,0x00000000f37f85b0,0x00000000f3800000)
  to   space 5120K, 0% used [0x00000000f3800000,0x00000000f3800000,0x00000000f3d00000)
 ParOldGen       total 42496K, used 5689K [0x00000000c2400000, 0x00000000c4d80000, 0x00000000eb700000)
  object space 42496K, 13% used [0x00000000c2400000,0x00000000c298e620,0x00000000c4d80000)
 Metaspace       used 20763K, capacity 21106K, committed 21296K, reserved 1069056K
  class space    used 2222K, capacity 2337K, committed 2432K, reserved 1048576K

Card table byte_map: [0x00007f55680d3000,0x00007f55682c2000] byte_map_base: 0x00007f5567ac1000

Marking Bits: (ParMarkBitMap*) 0x00007f556abfcdc0
 Begin Bits: [0x00007f5552dd4000, 0x00007f5553d44000)
 End Bits:   [0x00007f5553d44000, 0x00007f5554cb4000)

Polling page: 0x00007f556b84a000

CodeCache: size=245760Kb used=8398Kb max_used=8406Kb free=237361Kb
 bounds [0x00007f5555000000, 0x00007f5555840000, 0x00007f5564000000]
 total_blobs=3303 nmethods=2903 adapters=312
 compilation: enabled

Compilation events (10 events):
Event: 4.176 Thread 0x00007f55647d2800 2929       2       java.lang.System$2::getStackTraceElement (6 bytes)
Event: 4.176 Thread 0x00007f55647d2800 nmethod 2929 0x00007f5555832550 code [0x00007f55558326c0, 0x00007f5555832848]
Event: 4.176 Thread 0x00007f55647d2800 2930       2       java.util.logging.LogRecord::isLoggerImplFrame (33 bytes)
Event: 4.176 Thread 0x00007f55647d2800 nmethod 2930 0x00007f5555832910 code [0x00007f5555832aa0, 0x00007f5555832cc8]
Event: 4.177 Thread 0x00007f55647d2800 2931       2       java.lang.AbstractStringBuilder::append (50 bytes)
Event: 4.177 Thread 0x00007f55647d2800 nmethod 2931 0x00007f5555832dd0 code [0x00007f5555832f80, 0x00007f5555833368]
Event: 4.178 Thread 0x00007f55647d2800 2932       2       org.junit.Assert::assertEquals (16 bytes)
Event: 4.178 Thread 0x00007f55647d2800 nmethod 2932 0x00007f5555837050 code [0x00007f55558371c0, 0x00007f5555837378]
Event: 4.178 Thread 0x00007f55647d9000 nmethod 2908 0x00007f5555837490 code [0x00007f5555837660, 0x00007f5555838518]
Event: 4.178 Thread 0x00007f55647d9000 2913       4       java.util.regex.Matcher::match (109 bytes)

GC Heap History (10 events):
Event: 0.937 GC heap after
Heap after GC invocations=2 (full 0):
 PSYoungGen      total 34304K, used 2536K [0x00000000eb700000, 0x00000000edb00000, 0x0000000100000000)
  eden space 31744K, 0% used [0x00000000eb700000,0x00000000eb700000,0x00000000ed600000)
  from space 2560K, 99% used [0x00000000ed880000,0x00000000edafa2e0,0x00000000edb00000)
  to   space 2560K, 0% used [0x00000000ed600000,0x00000000ed600000,0x00000000ed880000)
 ParOldGen       total 42496K, used 56K [0x00000000c2400000, 0x00000000c4d80000, 0x00000000eb700000)
  object space 42496K, 0% used [0x00000000c2400000,0x00000000c240e3d0,0x00000000c4d80000)
 Metaspace       used 6343K, capacity 6538K, committed 6656K, reserved 1056768K
  class space    used 688K, capacity 725K, committed 768K, reserved 1048576K
}
Event: 1.206 GC heap before
{Heap before GC invocations=3 (full 0):
 PSYoungGen      total 34304K, used 34280K [0x00000000eb700000, 0x00000000edb00000, 0x0000000100000000)
  eden space 31744K, 100% used [0x00000000eb700000,0x00000000ed600000,0x00000000ed600000)
  from space 2560K, 99% used [0x00000000ed880000,0x00000000edafa2e0,0x00000000edb00000)
  to   space 2560K, 0% used [0x00000000ed600000,0x00000000ed600000,0x00000000ed880000)
 ParOldGen       total 42496K, used 56K [0x00000000c2400000, 0x00000000c4d80000, 0x00000000eb700000)
  object space 42496K, 0% used [0x00000000c2400000,0x00000000c240e3d0,0x00000000c4d80000)
 Metaspace       used 7837K, capacity 7984K, committed 8064K, reserved 1056768K
  class space    used 791K, capacity 822K, committed 896K, reserved 1048576K
Event: 1.211 GC heap after
Heap after GC invocations=3 (full 0):
 PSYoungGen      total 34304K, used 2051K [0x00000000eb700000, 0x00000000efa00000, 0x0000000100000000)
  eden space 31744K, 0% used [0x00000000eb700000,0x00000000eb700000,0x00000000ed600000)
  from space 2560K, 80% used [0x00000000ed600000,0x00000000ed800c10,0x00000000ed880000)
  to   space 2560K, 0% used [0x00000000ef780000,0x00000000ef780000,0x00000000efa00000)
 ParOldGen       total 42496K, used 64K [0x00000000c2400000, 0x00000000c4d80000, 0x00000000eb700000)
  object space 42496K, 0% used [0x00000000c2400000,0x00000000c24103d0,0x00000000c4d80000)
 Metaspace       used 7837K, capacity 7984K, committed 8064K, reserved 1056768K
  class space    used 791K, capacity 822K, committed 896K, reserved 1048576K
}
Event: 1.521 GC heap before
{Heap before GC invocations=4 (full 0):
 PSYoungGen      total 34304K, used 33795K [0x00000000eb700000, 0x00000000efa00000, 0x0000000100000000)
  eden space 31744K, 100% used [0x00000000eb700000,0x00000000ed600000,0x00000000ed600000)
  from space 2560K, 80% used [0x00000000ed600000,0x00000000ed800c10,0x00000000ed880000)
  to   space 2560K, 0% used [0x00000000ef780000,0x00000000ef780000,0x00000000efa00000)
 ParOldGen       total 42496K, used 64K [0x00000000c2400000, 0x00000000c4d80000, 0x00000000eb700000)
  object space 42496K, 0% used [0x00000000c2400000,0x00000000c24103d0,0x00000000c4d80000)
 Metaspace       used 10779K, capacity 10992K, committed 11136K, reserved 1058816K
  class space    used 1093K, capacity 1140K, committed 1152K, reserved 1048576K
Event: 1.529 GC heap after
Heap after GC invocations=4 (full 0):
 PSYoungGen      total 66048K, used 2532K [0x00000000eb700000, 0x00000000efa00000, 0x0000000100000000)
  eden space 63488K, 0% used [0x00000000eb700000,0x00000000eb700000,0x00000000ef500000)
  from space 2560K, 98% used [0x00000000ef780000,0x00000000ef9f9130,0x00000000efa00000)
  to   space 2560K, 0% used [0x00000000ef500000,0x00000000ef500000,0x00000000ef780000)
 ParOldGen       total 42496K, used 813K [0x00000000c2400000, 0x00000000c4d80000, 0x00000000eb700000)
  object space 42496K, 1% used [0x00000000c2400000,0x00000000c24cb628,0x00000000c4d80000)
 Metaspace       used 10779K, capacity 10992K, committed 11136K, reserved 1058816K
  class space    used 1093K, capacity 1140K, committed 1152K, reserved 1048576K
}
Event: 2.052 GC heap before
{Heap before GC invocations=5 (full 0):
 PSYoungGen      total 66048K, used 66020K [0x00000000eb700000, 0x00000000efa00000, 0x0000000100000000)
  eden space 63488K, 100% used [0x00000000eb700000,0x00000000ef500000,0x00000000ef500000)
  from space 2560K, 98% used [0x00000000ef780000,0x00000000ef9f9130,0x00000000efa00000)
  to   space 2560K, 0% used [0x00000000ef500000,0x00000000ef500000,0x00000000ef780000)
 ParOldGen       total 42496K, used 813K [0x00000000c2400000, 0x00000000c4d80000, 0x00000000eb700000)
  object space 42496K, 1% used [0x00000000c2400000,0x00000000c24cb628,0x00000000c4d80000)
 Metaspace       used 13800K, capacity 14044K, committed 14336K, reserved 1062912K
  class space    used 1455K, capacity 1516K, committed 1536K, reserved 1048576K
Event: 2.058 GC heap after
Heap after GC invocations=5 (full 0):
 PSYoungGen      total 66048K, used 2545K [0x00000000eb700000, 0x00000000f3d00000, 0x0000000100000000)
  eden space 63488K, 0% used [0x00000000eb700000,0x00000000eb700000,0x00000000ef500000)
  from space 2560K, 99% used [0x00000000ef500000,0x00000000ef77c530,0x00000000ef780000)
  to   space 5120K, 0% used [0x00000000f3800000,0x00000000f3800000,0x00000000f3d00000)
 ParOldGen       total 42496K, used 3215K [0x00000000c2400000, 0x00000000c4d80000, 0x00000000eb700000)
  object space 42496K, 7% used [0x00000000c2400000,0x00000000c2723ef8,0x00000000c4d80000)
 Metaspace       used 13800K, capacity 14044K, committed 14336K, reserved 1062912K
  class space    used 1455K, capacity 1516K, committed 1536K, reserved 1048576K
}
Event: 3.249 GC heap before
{Heap before GC invocations=6 (full 0):
 PSYoungGen      total 66048K, used 66033K [0x00000000eb700000, 0x00000000f3d00000, 0x0000000100000000)
  eden space 63488K, 100% used [0x00000000eb700000,0x00000000ef500000,0x00000000ef500000)
  from space 2560K, 99% used [0x00000000ef500000,0x00000000ef77c530,0x00000000ef780000)
  to   space 5120K, 0% used [0x00000000f3800000,0x00000000f3800000,0x00000000f3d00000)
 ParOldGen       total 42496K, used 3215K [0x00000000c2400000, 0x00000000c4d80000, 0x00000000eb700000)
  object space 42496K, 7% used [0x00000000c2400000,0x00000000c2723ef8,0x00000000c4d80000)
 Metaspace       used 16316K, capacity 16634K, committed 17024K, reserved 1064960K
  class space    used 1740K, capacity 1841K, committed 1920K, reserved 1048576K
Event: 3.259 GC heap after
Heap after GC invocations=6 (full 0):
 PSYoungGen      total 131072K, used 4934K [0x00000000eb700000, 0x00000000f3f00000, 0x0000000100000000)
  eden space 125952K, 0% used [0x00000000eb700000,0x00000000eb700000,0x00000000f3200000)
  from space 5120K, 96% used [0x00000000f3800000,0x00000000f3cd1910,0x00000000f3d00000)
  to   space 6144K, 0% used [0x00000000f3200000,0x00000000f3200000,0x00000000f3800000)
 ParOldGen       total 42496K, used 3223K [0x00000000c2400000, 0x00000000c4d80000, 0x00000000eb700000)
  object space 42496K, 7% used [0x00000000c2400000,0x00000000c2725ef8,0x00000000c4d80000)
 Metaspace       used 16316K, capacity 16634K, committed 17024K, reserved 1064960K
  class space    used 1740K, capacity 1841K, committed 1920K, reserved 1048576K
}
Event: 4.182 GC heap before
{Heap before GC invocations=7 (full 0):
 PSYoungGen      total 131072K, used 93021K [0x00000000eb700000, 0x00000000f3f00000, 0x0000000100000000)
  eden space 125952K, 69% used [0x00000000eb700000,0x00000000f0d05e68,0x00000000f3200000)
  from space 5120K, 96% used [0x00000000f3800000,0x00000000f3cd1910,0x00000000f3d00000)
  to   space 6144K, 0% used [0x00000000f3200000,0x00000000f3200000,0x00000000f3800000)
 ParOldGen       total 42496K, used 3223K [0x00000000c2400000, 0x00000000c4d80000, 0x00000000eb700000)
  object space 42496K, 7% used [0x00000000c2400000,0x00000000c2725ef8,0x00000000c4d80000)
 Metaspace       used 20763K, capacity 21106K, committed 21296K, reserved 1069056K
  class space    used 2222K, capacity 2337K, committed 2432K, reserved 1048576K

Deoptimization events (10 events):
Event: 3.766 Thread 0x00007f556400b000 Uncommon trap: reason=unstable_if action=reinterpret pc=0x00007f5555607b00 method=org.jacoco.agent.rt.internal_b0d6a23.asm.commons.AnalyzerAdapter.pop(Ljava/lang/String;)V @ 65
Event: 3.834 Thread 0x00007f556400b000 Uncommon trap: reason=class_check action=maybe_recompile pc=0x00007f5555670d44 method=java.util.regex.Matcher.getTextLength()I @ 4
Event: 3.834 Thread 0x00007f556400b000 Uncommon trap: reason=class_check action=maybe_recompile pc=0x00007f5555670d44 method=java.util.regex.Matcher.getTextLength()I @ 4
Event: 3.836 Thread 0x00007f556400b000 Uncommon trap: reason=class_check action=maybe_recompile pc=0x00007f5555670d44 method=java.util.regex.Matcher.getTextLength()I @ 4
Event: 3.836 Thread 0x00007f556400b000 Uncommon trap: reason=class_check action=maybe_recompile pc=0x00007f5555670d44 method=java.util.regex.Matcher.getTextLength()I @ 4
Event: 3.836 Thread 0x00007f556400b000 Uncommon trap: reason=class_check action=maybe_recompile pc=0x00007f55555d9148 method=java.lang.Character.codePointAt(Ljava/lang/CharSequence;I)I @ 2
Event: 3.836 Thread 0x00007f556400b000 Uncommon trap: reason=class_check action=maybe_recompile pc=0x00007f55555d9148 method=java.lang.Character.codePointAt(Ljava/lang/CharSequence;I)I @ 2
Event: 3.836 Thread 0x00007f556400b000 Uncommon trap: reason=class_check action=maybe_recompile pc=0x00007f55555d9148 method=java.lang.Character.codePointAt(Ljava/lang/CharSequence;I)I @ 2
Event: 3.836 Thread 0x00007f556400b000 Uncommon trap: reason=class_check action=maybe_recompile pc=0x00007f55555d9148 method=java.lang.Character.codePointAt(Ljava/lang/CharSequence;I)I @ 2
Event: 3.836 Thread 0x00007f556400b000 Uncommon trap: reason=class_check action=maybe_recompile pc=0x00007f55555d8bdc method=java.lang.Character.codePointAt(Ljava/lang/CharSequence;I)I @ 2

Internal exceptions (10 events):
Event: 3.825 Thread 0x00007f556400b000 Exception <a 'java/security/PrivilegedActionException'> (0x00000000ef741018) thrown at [/HUDSON3/workspace/8-2-build-linux-amd64/jdk8u144/9417/hotspot/src/share/vm/prims/jvm.cpp, line 1390]
Event: 3.825 Thread 0x00007f556400b000 Exception <a 'java/security/PrivilegedActionException'> (0x00000000ef741410) thrown at [/HUDSON3/workspace/8-2-build-linux-amd64/jdk8u144/9417/hotspot/src/share/vm/prims/jvm.cpp, line 1390]
Event: 3.826 Thread 0x00007f556400b000 Exception <a 'java/security/PrivilegedActionException'> (0x00000000ef7588a0) thrown at [/HUDSON3/workspace/8-2-build-linux-amd64/jdk8u144/9417/hotspot/src/share/vm/prims/jvm.cpp, line 1390]
Event: 3.826 Thread 0x00007f556400b000 Exception <a 'java/security/PrivilegedActionException'> (0x00000000ef758c98) thrown at [/HUDSON3/workspace/8-2-build-linux-amd64/jdk8u144/9417/hotspot/src/share/vm/prims/jvm.cpp, line 1390]
Event: 3.850 Thread 0x00007f556400b000 Exception <a 'java/lang/ArrayIndexOutOfBoundsException'> (0x00000000ef8df260) thrown at [/HUDSON3/workspace/8-2-build-linux-amd64/jdk8u144/9417/hotspot/src/share/vm/runtime/sharedRuntime.cpp, line 605]
Event: 3.852 Thread 0x00007f556400b000 Exception <a 'java/lang/ArrayIndexOutOfBoundsException'> (0x00000000ef9516a0) thrown at [/HUDSON3/workspace/8-2-build-linux-amd64/jdk8u144/9417/hotspot/src/share/vm/runtime/sharedRuntime.cpp, line 605]
Event: 3.863 Thread 0x00007f556400b000 Exception <a 'java/lang/ArrayIndexOutOfBoundsException'> (0x00000000efa18580) thrown at [/HUDSON3/workspace/8-2-build-linux-amd64/jdk8u144/9417/hotspot/src/share/vm/runtime/sharedRuntime.cpp, line 605]
Event: 3.863 Thread 0x00007f556400b000 Exception <a 'java/lang/ArrayIndexOutOfBoundsException'> (0x00000000efa1af80) thrown at [/HUDSON3/workspace/8-2-build-linux-amd64/jdk8u144/9417/hotspot/src/share/vm/runtime/sharedRuntime.cpp, line 605]
Event: 4.164 Thread 0x00007f556400b000 Exception <a 'java/io/FileNotFoundException'> (0x00000000f0adaed8) thrown at [/HUDSON3/workspace/8-2-build-linux-amd64/jdk8u144/9417/hotspot/src/share/vm/prims/jni.cpp, line 709]
Event: 4.164 Thread 0x00007f556400b000 Exception <a 'java/security/PrivilegedActionException'> (0x00000000f0adb638) thrown at [/HUDSON3/workspace/8-2-build-linux-amd64/jdk8u144/9417/hotspot/src/share/vm/prims/jvm.cpp, line 1390]

Events (10 events):
Event: 4.164 loading class javax/crypto/NullCipher done
Event: 4.164 loading class org/apache/xerces/impl/dv/util/Base64
Event: 4.164 loading class org/apache/xerces/impl/dv/util/Base64 done
Event: 4.170 loading class edu/harvard/iq/dataverse/util/FileUtil$FileCitationExtension
Event: 4.170 loading class edu/harvard/iq/dataverse/util/FileUtil$FileCitationExtension done
Event: 4.173 loading class edu/harvard/iq/dataverse/Guestbook
Event: 4.173 loading class edu/harvard/iq/dataverse/Guestbook done
Event: 4.178 loading class org/apache/commons/lang/builder/ToStringStyle
Event: 4.178 loading class org/apache/commons/lang/builder/ToStringStyle done
Event: 4.182 Executing VM operation: CollectForMetadataAllocation


Dynamic libraries:
00400000-00401000 r-xp 00000000 08:01 2106691                            /usr/lib/jvm/java-8-oracle/jre/bin/java
00600000-00601000 rw-p 00000000 08:01 2106691                            /usr/lib/jvm/java-8-oracle/jre/bin/java
00a51000-00a72000 rw-p 00000000 00:00 0                                  [heap]
c2400000-c4d80000 rw-p 00000000 00:00 0 
c4d80000-eb700000 ---p 00000000 00:00 0 
eb700000-f3f00000 rw-p 00000000 00:00 0 
fbd00000-100000000 ---p 00000000 00:00 0 
100000000-100260000 rw-p 00000000 00:00 0 
100260000-140000000 ---p 00000000 00:00 0 
7f551c000000-7f551c021000 rw-p 00000000 00:00 0 
7f551c021000-7f5520000000 ---p 00000000 00:00 0 
7f5524000000-7f5524d44000 rw-p 00000000 00:00 0 
7f5524d44000-7f5528000000 ---p 00000000 00:00 0 
7f5528000000-7f5528021000 rw-p 00000000 00:00 0 
7f5528021000-7f552c000000 ---p 00000000 00:00 0 
7f552c000000-7f552d6a8000 rw-p 00000000 00:00 0 
7f552d6a8000-7f5530000000 ---p 00000000 00:00 0 
7f5530fff000-7f5534000000 rw-p 00000000 00:00 0 
7f5534000000-7f5534021000 rw-p 00000000 00:00 0 
7f5534021000-7f5538000000 ---p 00000000 00:00 0 
7f5538000000-7f5538021000 rw-p 00000000 00:00 0 
7f5538021000-7f553c000000 ---p 00000000 00:00 0 
7f553c000000-7f553c28e000 rw-p 00000000 00:00 0 
7f553c28e000-7f5540000000 ---p 00000000 00:00 0 
7f5540000000-7f5540021000 rw-p 00000000 00:00 0 
7f5540021000-7f5544000000 ---p 00000000 00:00 0 
7f5544000000-7f5544021000 rw-p 00000000 00:00 0 
7f5544021000-7f5548000000 ---p 00000000 00:00 0 
7f554abe6000-7f554add4000 rw-p 00000000 00:00 0 
7f554b31f000-7f554b38b000 rw-p 00000000 00:00 0 
7f554b38b000-7f554b51f000 ---p 00000000 00:00 0 
7f554b51f000-7f554b535000 r-xp 00000000 08:01 660263                     /lib/x86_64-linux-gnu/libgcc_s.so.1
7f554b535000-7f554b734000 ---p 00016000 08:01 660263                     /lib/x86_64-linux-gnu/libgcc_s.so.1
7f554b734000-7f554b735000 r--p 00015000 08:01 660263                     /lib/x86_64-linux-gnu/libgcc_s.so.1
7f554b735000-7f554b736000 rw-p 00016000 08:01 660263                     /lib/x86_64-linux-gnu/libgcc_s.so.1
7f554b736000-7f554b768000 r-xp 00000000 08:01 2106466                    /usr/lib/jvm/java-8-oracle/jre/lib/amd64/libsunec.so
7f554b768000-7f554b967000 ---p 00032000 08:01 2106466                    /usr/lib/jvm/java-8-oracle/jre/lib/amd64/libsunec.so
7f554b967000-7f554b96d000 rw-p 00031000 08:01 2106466                    /usr/lib/jvm/java-8-oracle/jre/lib/amd64/libsunec.so
7f554b96d000-7f554bb7d000 rw-p 00000000 00:00 0 
7f554bb7d000-7f554bd7d000 rw-p 00000000 00:00 0 
7f554be00000-7f554c000000 rw-p 00000000 00:00 0 
7f554c000000-7f554c021000 rw-p 00000000 00:00 0 
7f554c021000-7f5550000000 ---p 00000000 00:00 0 
7f5550155000-7f555015b000 r--s 0003f000 08:01 2106530                    /usr/lib/jvm/java-8-oracle/jre/lib/ext/sunjce_provider.jar
7f555015b000-7f555015d000 r--s 00009000 08:01 2106529                    /usr/lib/jvm/java-8-oracle/jre/lib/ext/sunec.jar
7f555015d000-7f5550170000 r--s 00345000 08:01 1976712                    /usr/lib/jvm/java-8-oracle/jre/lib/resources.jar
7f5550170000-7f5550370000 rw-p 00000000 00:00 0 
7f5550370000-7f555038c000 r--s 00393000 08:01 2106535                    /usr/lib/jvm/java-8-oracle/jre/lib/ext/cldrdata.jar
7f555038c000-7f5550396000 r--s 00116000 08:01 2106532                    /usr/lib/jvm/java-8-oracle/jre/lib/ext/localedata.jar
7f5550396000-7f5550397000 r--s 00000000 08:01 1310979                    /tmp/junit3140902249825571555/testNotSAV.txt (deleted)
7f5550397000-7f5550398000 r--s 00000000 08:01 1310978                    /tmp/junit3140902249825571555/testSAV.txt (deleted)
7f5550398000-7f5550399000 r--s 00000000 08:01 1310973                    /tmp/junit6092938047397705389/testDTA2.txt (deleted)
7f5550399000-7f555039a000 r--s 00000000 08:01 1310972                    /tmp/junit6092938047397705389/notDTA2.txt (deleted)
7f555039a000-7f555059a000 rw-p 00000000 00:00 0 
7f555059a000-7f555059b000 r--s 00000000 08:01 1310970                    /tmp/junit6092938047397705389/testDTA.txt (deleted)
7f555059b000-7f555059d000 r--s 00007000 08:01 791719                     /home/madunlap/.m2/repository/org/apache/maven/surefire/surefire-junit4/2.10/surefire-junit4-2.10.jar
7f555059d000-7f555059f000 r--s 0000b000 08:01 921145                     /home/madunlap/.m2/repository/org/json/json/20160212/json-20160212.jar
7f555059f000-7f55505a1000 r--s 00009000 08:01 921147                     /home/madunlap/.m2/repository/com/mashape/unirest/unirest-java/1.4.9/unirest-java-1.4.9.jar
7f55505a1000-7f55505a3000 r--s 0000e000 08:01 921141                     /home/madunlap/.m2/repository/org/jvnet/mimepull/mimepull/1.9.6/mimepull-1.9.6.jar
7f55505a3000-7f55505a6000 r--s 0000e000 08:01 921143                     /home/madunlap/.m2/repository/org/glassfish/jersey/media/jersey-media-multipart/2.23.2/jersey-media-multipart-2.23.2.jar
7f55505a6000-7f55505aa000 r--s 00019000 08:01 921137                     /home/madunlap/.m2/repository/javax/ws/rs/javax.ws.rs-api/2.0.1/javax.ws.rs-api-2.0.1.jar
7f55505aa000-7f55505ac000 r--s 00010000 08:01 921134                     /home/madunlap/.m2/repository/org/glassfish/jersey/media/jersey-media-jaxb/2.23.2/jersey-media-jaxb-2.23.2.jar
7f55505ac000-7f55505b1000 r--s 00025000 08:01 921138                     /home/madunlap/.m2/repository/org/glassfish/jersey/core/jersey-client/2.23.2/jersey-client-2.23.2.jar
7f55505b1000-7f55505c7000 r--s 000d3000 08:01 921133                     /home/madunlap/.m2/repository/org/glassfish/jersey/core/jersey-server/2.23.2/jersey-server-2.23.2.jar
7f55505c7000-7f55505c8000 r--s 00004000 08:01 921129                     /home/madunlap/.m2/repository/org/glassfish/hk2/osgi-resource-locator/1.0.1/osgi-resource-locator-1.0.1.jar
7f55505c8000-7f55505d2000 r--s 000ae000 08:01 921127                     /home/madunlap/.m2/repository/org/javassist/javassist/3.20.0-GA/javassist-3.20.0-GA.jar
7f55505d2000-7f55505d5000 r--s 0002a000 08:01 921123                     /home/madunlap/.m2/repository/org/glassfish/hk2/hk2-locator/2.5.0-b05/hk2-locator-2.5.0-b05.jar
7f55505d5000-7f55505d7000 r--s 00002000 08:01 921128                     /home/madunlap/.m2/repository/org/glassfish/hk2/external/aopalliance-repackaged/2.5.0-b05/aopalliance-repackaged-2.5.0-b05.jar
7f55505d7000-7f55505db000 r--s 0001a000 08:01 921125                     /home/madunlap/.m2/repository/org/glassfish/hk2/hk2-utils/2.5.0-b05/hk2-utils-2.5.0-b05.jar
7f55505db000-7f55505e0000 r--s 00027000 08:01 921118                     /home/madunlap/.m2/repository/org/glassfish/hk2/hk2-api/2.5.0-b05/hk2-api-2.5.0-b05.jar
7f55505e0000-7f55505f8000 r--s 000d6000 08:01 921120                     /home/madunlap/.m2/repository/org/glassfish/jersey/bundles/repackaged/jersey-guava/2.23.2/jersey-guava-2.23.2.jar
7f55505f8000-7f55505fa000 r--s 00005000 08:01 921116                     /home/madunlap/.m2/repository/javax/annotation/javax.annotation-api/1.2/javax.annotation-api-1.2.jar
7f55505fa000-7f5550609000 r--s 000a0000 08:01 921111                     /home/madunlap/.m2/repository/org/glassfish/jersey/core/jersey-common/2.23.2/jersey-common-2.23.2.jar
7f5550609000-7f555060a000 r--s 00001000 08:01 921113                     /home/madunlap/.m2/repository/org/glassfish/hk2/external/javax.inject/2.5.0-b05/javax.inject-2.5.0-b05.jar
7f555060a000-7f555060d000 r--s 0000e000 08:01 921110                     /home/madunlap/.m2/repository/org/glassfish/jersey/containers/jersey-container-servlet-core/2.23.2/jersey-container-servlet-core-2.23.2.jar
7f555060d000-7f555060f000 r--s 00003000 08:01 921107                     /home/madunlap/.m2/repository/org/glassfish/jersey/containers/jersey-container-servlet/2.23.2/jersey-container-servlet-2.23.2.jar
7f555060f000-7f5550611000 r--s 00008000 08:01 921112                     /home/madunlap/.m2/repository/com/google/auto/auto-common/0.3/auto-common-0.3.jar
7f5550611000-7f5550612000 r--s 00002000 08:01 921105                     /home/madunlap/.m2/repository/com/google/auto/service/auto-service/1.0-rc2/auto-service-1.0-rc2.jar
7f5550612000-7f5550614000 r--s 0000c000 08:01 921153                     /home/madunlap/.m2/repository/com/lyncode/xoai-service-provider/4.1.0-header-patch/xoai-service-provider-4.1.0-header-patch.jar
7f5550614000-7f5550622000 r--s 0007f000 08:01 791424                     /home/madunlap/.m2/repository/commons-collections/commons-collections/3.2.1/commons-collections-3.2.1.jar
7f5550622000-7f5550623000 r--s 00001000 08:01 921104                     /home/madunlap/.m2/repository/com/lyncode/builder-commons/1.0.2/builder-commons-1.0.2.jar
7f5550623000-7f5550626000 r--s 00012000 08:01 921152                     /home/madunlap/.m2/repository/com/lyncode/xoai-data-provider/4.1.0-header-patch/xoai-data-provider-4.1.0-header-patch.jar
7f5550626000-7f5550628000 r--s 00005000 08:01 791390                     /home/madunlap/.m2/repository/stax/stax-api/1.0.1/stax-api-1.0.1.jar
7f5550628000-7f555062e000 r--s 00048000 08:01 921101                     /home/madunlap/.m2/repository/org/apache/commons/commons-lang3/3.1/commons-lang3-3.1.jar
7f555062e000-7f5550630000 r--s 00004000 08:01 921097                     /home/madunlap/.m2/repository/javax/xml/stream/stax-api/1.0-2/stax-api-1.0-2.jar
7f5550630000-7f5550634000 r--s 00029000 08:01 921098                     /home/madunlap/.m2/repository/org/codehaus/woodstox/stax2-api/3.0.4/stax2-api-3.0.4.jar
7f5550634000-7f555063a000 r--s 00045000 08:01 921095                     /home/madunlap/.m2/repository/org/hamcrest/hamcrest-all/1.3/hamcrest-all-1.3.jar
7f555063a000-7f555063f000 r--s 00016000 08:01 791388                     /home/madunlap/.m2/repository/xml-apis/xml-apis/1.0.b2/xml-apis-1.0.b2.jar
7f555063f000-7f5550640000 r--s 00003000 08:01 921092                     /home/madunlap/.m2/repository/com/lyncode/test-support/1.0.4/test-support-1.0.4.jar
7f5550640000-7f5550642000 r--s 00004000 08:01 921090                     /home/madunlap/.m2/repository/com/lyncode/xml-io/1.0.3/xml-io-1.0.3.jar
7f5550642000-7f5550644000 r--s 0000d000 08:01 921151                     /home/madunlap/.m2/repository/com/lyncode/xoai-common/4.1.0-header-patch/xoai-common-4.1.0-header-patch.jar
7f5550644000-7f5550647000 r--s 00011000 08:01 921088                     /home/madunlap/.m2/repository/com/github/scribejava/scribejava-core/3.1.0/scribejava-core-3.1.0.jar
7f5550647000-7f555064a000 r--s 00010000 08:01 921084                     /home/madunlap/.m2/repository/com/github/scribejava/scribejava-apis/3.1.0/scribejava-apis-3.1.0.jar
7f555064a000-7f5550653000 r--s 0006f000 08:01 921083                     /home/madunlap/.m2/repository/log4j/log4j/1.2.17/log4j-1.2.17.jar
7f5550653000-7f555072a000 r--s 007aa000 08:01 921093                     /home/madunlap/.m2/repository/net/sf/ehcache/ehcache/2.10.1/ehcache-2.10.1.jar
7f555072a000-7f555072c000 r--s 00008000 08:01 921082                     /home/madunlap/.m2/repository/org/apache/commons/commons-csv/1.2/commons-csv-1.2.jar
7f555072c000-7f5550730000 r--s 00035000 08:01 921081                     /home/madunlap/.m2/repository/com/fasterxml/jackson/core/jackson-core/2.5.3/jackson-core-2.5.3.jar
7f5550730000-7f5550732000 r--s 00008000 08:01 921075                     /home/madunlap/.m2/repository/com/fasterxml/jackson/core/jackson-annotations/2.5.0/jackson-annotations-2.5.0.jar
7f5550732000-7f5550744000 r--s 00106000 08:01 921073                     /home/madunlap/.m2/repository/com/fasterxml/jackson/core/jackson-databind/2.5.3/jackson-databind-2.5.3.jar
7f5550744000-7f5550747000 r--s 00006000 08:01 921070                     /home/madunlap/.m2/repository/com/google/code/findbugs/jsr305/1.3.9/jsr305-1.3.9.jar
7f5550747000-7f555074d000 r--s 00040000 08:01 921074                     /home/madunlap/.m2/repository/com/google/http-client/google-http-client/1.20.0/google-http-client-1.20.0.jar
7f555074d000-7f555074e000 r--s 00004000 08:01 921066                     /home/madunlap/.m2/repository/com/maxmind/db/maxmind-db/1.0.0/maxmind-db-1.0.0.jar
7f555074e000-7f5550750000 r--s 00007000 08:01 921064                     /home/madunlap/.m2/repository/com/maxmind/geoip2/geoip2/2.3.1/geoip2-2.3.1.jar
7f5550750000-7f5550752000 r--s 00003000 08:01 921062                     /home/madunlap/.m2/repository/org/slf4j/jcl-over-slf4j/1.7.2/jcl-over-slf4j-1.7.2.jar
7f5550752000-7f5550756000 r--s 00034000 08:01 921067                     /home/madunlap/.m2/repository/org/codehaus/jackson/jackson-core-asl/1.9.7/jackson-core-asl-1.9.7.jar
7f5550756000-7f5550765000 r--s 000b0000 08:01 921065                     /home/madunlap/.m2/repository/org/codehaus/jackson/jackson-mapper-asl/1.9.7/jackson-mapper-asl-1.9.7.jar
7f5550765000-7f555076f000 r--s 0003d000 08:01 921060                     /home/madunlap/.m2/repository/org/javaswift/joss/0.9.10/joss-0.9.10.jar
7f555076f000-7f5550776000 r--s 0003a000 08:01 921056                     /home/madunlap/.m2/repository/commons-codec/commons-codec/1.9/commons-codec-1.9.jar
7f5550776000-7f555077d000 r--s 00048000 08:01 921054                     /home/madunlap/.m2/repository/org/apache/httpcomponents/httpcore/4.4.1/httpcore-4.4.1.jar
7f555077d000-7f555078a000 r--s 000a4000 08:01 921052                     /home/madunlap/.m2/repository/org/apache/httpcomponents/httpclient/4.4.1/httpclient-4.4.1.jar
7f555078a000-7f555078e000 r--s 00028000 08:01 921050                     /home/madunlap/.m2/repository/org/apache/httpcomponents/httpasyncclient/4.1/httpasyncclient-4.1.jar
7f555078e000-7f5550795000 r--s 00050000 08:01 921049                     /home/madunlap/.m2/repository/org/apache/httpcomponents/httpcore-nio/4.4.1/httpcore-nio-4.4.1.jar
7f5550795000-7f555079b000 r--s 00033000 08:01 921046                     /home/madunlap/.m2/repository/io/searchbox/jest-common/0.1.7/jest-common-0.1.7.jar
7f555079b000-7f555079c000 r--s 00004000 08:01 921045                     /home/madunlap/.m2/repository/io/searchbox/jest/0.1.7/jest-0.1.7.jar
7f555079c000-7f555079f000 r--s 0000f000 08:01 921042                     /home/madunlap/.m2/repository/commons-discovery/commons-discovery/0.2/commons-discovery-0.2.jar
7f555079f000-7f55507a2000 r--s 0001c000 08:01 921043                     /home/madunlap/.m2/repository/axis/axis-wsdl4j/1.5.1/axis-wsdl4j-1.5.1.jar
7f55507a2000-7f55507a3000 r--s 00004000 08:01 921039                     /home/madunlap/.m2/repository/org/apache/axis/axis-saaj/1.4/axis-saaj-1.4.jar
7f55507a3000-7f55507a5000 r--s 00006000 08:01 921036                     /home/madunlap/.m2/repository/org/apache/axis/axis-jaxrpc/1.4/axis-jaxrpc-1.4.jar
7f55507a5000-7f55507b9000 r--s 00173000 08:01 921038                     /home/madunlap/.m2/repository/axis/axis/1.4/axis-1.4.jar
7f55507b9000-7f55507bb000 r--s 00009000 08:01 921034                     /home/madunlap/.m2/repository/org/objenesis/objenesis/2.1/objenesis-2.1.jar
7f55507bb000-7f55507d7000 r--s 00103000 08:01 921030                     /home/madunlap/.m2/repository/org/mockito/mockito-core/1.10.19/mockito-core-1.10.19.jar
7f55507d7000-7f55507d9000 r--s 00001000 08:01 921031                     /home/madunlap/.m2/repository/org/slf4j/slf4j-log4j12/1.7.7/slf4j-log4j12-1.7.7.jar
7f55507d9000-7f55507db000 r--s 00006000 08:01 791385                     /home/madunlap/.m2/repository/org/slf4j/slf4j-api/1.7.7/slf4j-api-1.7.7.jar
7f55507db000-7f55507df000 r--s 0001f000 08:01 921028                     /home/madunlap/.m2/repository/org/jacoco/org.jacoco.report/0.7.5.201505241946/org.jacoco.report-0.7.5.201505241946.jar
7f55507df000-7f55507e4000 r--s 00058000 08:01 921027                     /home/madunlap/.m2/repository/org/ow2/asm/asm-debug-all/5.0.1/asm-debug-all-5.0.1.jar
7f55507e4000-7f55507e8000 r--s 0001d000 08:01 791383                     /home/madunlap/.m2/repository/org/jacoco/org.jacoco.core/0.7.5.201505241946/org.jacoco.core-0.7.5.201505241946.jar
7f55507e8000-7f55507e9000 ---p 00000000 00:00 0 
7f55507e9000-7f55508e9000 rw-p 00000000 00:00 0 
7f55508e9000-7f55508ec000 ---p 00000000 00:00 0 
7f55508ec000-7f55509ea000 rw-p 00000000 00:00 0 
7f55509ea000-7f55509ed000 ---p 00000000 00:00 0 
7f55509ed000-7f5550aeb000 rw-p 00000000 00:00 0 
7f5550aeb000-7f5550aee000 ---p 00000000 00:00 0 
7f5550aee000-7f5550bec000 rw-p 00000000 00:00 0 
7f5550bec000-7f5550bfd000 r-xp 00000000 08:01 2106483                    /usr/lib/jvm/java-8-oracle/jre/lib/amd64/libnio.so
7f5550bfd000-7f5550dfc000 ---p 00011000 08:01 2106483                    /usr/lib/jvm/java-8-oracle/jre/lib/amd64/libnio.so
7f5550dfc000-7f5550dfd000 rw-p 00010000 08:01 2106483                    /usr/lib/jvm/java-8-oracle/jre/lib/amd64/libnio.so
7f5550dfd000-7f5550e13000 r-xp 00000000 08:01 2106458                    /usr/lib/jvm/java-8-oracle/jre/lib/amd64/libnet.so
7f5550e13000-7f5551013000 ---p 00016000 08:01 2106458                    /usr/lib/jvm/java-8-oracle/jre/lib/amd64/libnet.so
7f5551013000-7f5551014000 rw-p 00016000 08:01 2106458                    /usr/lib/jvm/java-8-oracle/jre/lib/amd64/libnet.so
7f5551014000-7f5551017000 r--s 0001a000 08:01 1976716                    /usr/lib/jvm/java-8-oracle/jre/lib/jce.jar
7f5551017000-7f555101c000 r--s 0009a000 08:01 1976643                    /usr/lib/jvm/java-8-oracle/jre/lib/jsse.jar
7f555101c000-7f5551022000 r--s 00041000 08:01 661360                     /home/madunlap/.m2/repository/org/jacoco/org.jacoco.agent/0.7.5.201505241946/org.jacoco.agent-0.7.5.201505241946-runtime.jar
7f5551022000-7f5551024000 r--s 0000e000 08:01 921023                     /home/madunlap/.m2/repository/oro/oro/2.0.8/oro-2.0.8.jar
7f5551024000-7f555102c000 r--s 00058000 08:01 921019                     /home/madunlap/.m2/repository/org/apache/velocity/velocity/1.5/velocity-1.5.jar
7f555102c000-7f555102d000 r--s 00001000 08:01 921022                     /home/madunlap/.m2/repository/org/codehaus/plexus/plexus-velocity/1.1.7/plexus-velocity-1.1.7.jar
7f555102d000-7f555102e000 r--s 00002000 08:01 921017                     /home/madunlap/.m2/repository/org/codehaus/plexus/plexus-i18n/1.0-beta-7/plexus-i18n-1.0-beta-7.jar
7f555102e000-7f5551030000 r--s 00008000 08:01 921015                     /home/madunlap/.m2/repository/org/apache/maven/doxia/doxia-module-fml/1.1.2/doxia-module-fml-1.1.2.jar
7f5551030000-7f5551031000 r--s 00003000 08:01 921016                     /home/madunlap/.m2/repository/org/apache/maven/doxia/doxia-module-xhtml/1.1.2/doxia-module-xhtml-1.1.2.jar
7f5551031000-7f5551033000 r--s 0000b000 08:01 921011                     /home/madunlap/.m2/repository/org/apache/maven/doxia/doxia-decoration-model/1.1.2/doxia-decoration-model-1.1.2.jar
7f5551033000-7f5551035000 r--s 0000b000 08:01 921008                     /home/madunlap/.m2/repository/org/apache/maven/doxia/doxia-site-renderer/1.1.2/doxia-site-renderer-1.1.2.jar
7f5551035000-7f5551039000 r--s 00023000 08:01 921010                     /home/madunlap/.m2/repository/org/apache/maven/doxia/doxia-core/1.1.2/doxia-core-1.1.2.jar
7f5551039000-7f555103b000 r--s 00003000 08:01 921007                     /home/madunlap/.m2/repository/org/apache/maven/reporting/maven-reporting-impl/2.1/maven-reporting-impl-2.1.jar
7f555103b000-7f555103c000 r--s 00002000 08:01 921004                     /home/madunlap/.m2/repository/org/apache/maven/doxia/doxia-logging-api/1.1/doxia-logging-api-1.1.jar
7f555103c000-7f555103e000 r--s 00002000 08:01 921001                     /home/madunlap/.m2/repository/org/apache/maven/doxia/doxia-sink-api/1.1/doxia-sink-api-1.1.jar
7f555103e000-7f555103f000 r--s 00002000 08:01 920999                     /home/madunlap/.m2/repository/org/apache/maven/reporting/maven-reporting-api/2.2.1/maven-reporting-api-2.2.1.jar
7f555103f000-7f5551041000 r--s 00008000 08:01 920995                     /home/madunlap/.m2/repository/org/apache/maven/shared/maven-shared-io/1.1/maven-shared-io-1.1.jar
7f5551041000-7f5551043000 r--s 00008000 08:01 920998                     /home/madunlap/.m2/repository/org/apache/maven/shared/file-management/1.2.1/file-management-1.2.1.jar
7f5551043000-7f5551048000 r--s 00039000 08:01 920997                     /home/madunlap/.m2/repository/org/codehaus/plexus/plexus-utils/1.5.6/plexus-utils-1.5.6.jar
7f5551048000-7f555104a000 r--s 00008000 08:01 920991                     /home/madunlap/.m2/repository/classworlds/classworlds/1.1-alpha-2/classworlds-1.1-alpha-2.jar
7f555104a000-7f5551051000 r--s 00029000 08:01 920988                     /home/madunlap/.m2/repository/org/codehaus/plexus/plexus-container-default/1.0-alpha-9-stable-1/plexus-container-default-1.0-alpha-9-stable-1.jar
7f5551051000-7f5551054000 r--s 00011000 08:01 920989                     /home/madunlap/.m2/repository/org/apache/maven/maven-artifact/2.2.1/maven-artifact-2.2.1.jar
7f5551054000-7f5551056000 r--s 0000b000 08:01 920985                     /home/madunlap/.m2/repository/org/codehaus/plexus/plexus-interpolation/1.11/plexus-interpolation-1.11.jar
7f5551056000-7f5551058000 r--s 00006000 08:01 920982                     /home/madunlap/.m2/repository/org/apache/maven/maven-plugin-registry/2.2.1/maven-plugin-registry-2.2.1.jar
7f5551058000-7f5551060000 r--s 00049000 08:01 920984                     /home/madunlap/.m2/repository/backport-util-concurrent/backport-util-concurrent/3.1/backport-util-concurrent-3.1.jar
7f5551060000-7f5551062000 r--s 0000b000 08:01 920978                     /home/madunlap/.m2/repository/org/apache/maven/wagon/wagon-provider-api/1.0-beta-6/wagon-provider-api-1.0-beta-6.jar
7f5551062000-7f5551064000 r--s 00005000 08:01 920980                     /home/madunlap/.m2/repository/org/apache/maven/maven-repository-metadata/2.2.1/maven-repository-metadata-2.2.1.jar
7f5551064000-7f5551066000 r--s 0000f000 08:01 920975                     /home/madunlap/.m2/repository/org/apache/maven/maven-artifact-manager/2.2.1/maven-artifact-manager-2.2.1.jar
7f5551066000-7f5551068000 r--s 00014000 08:01 920971                     /home/madunlap/.m2/repository/org/apache/maven/maven-model/2.2.1/maven-model-2.2.1.jar
7f5551068000-7f555106a000 r--s 00007000 08:01 920969                     /home/madunlap/.m2/repository/org/apache/maven/maven-profile/2.2.1/maven-profile-2.2.1.jar
7f555106a000-7f555106b000 r--s 0000b000 08:01 920972                     /home/madunlap/.m2/repository/org/apache/maven/maven-settings/2.2.1/maven-settings-2.2.1.jar
7f555106b000-7f555106f000 r--s 00023000 08:01 920973                     /home/madunlap/.m2/repository/org/apache/maven/maven-project/2.2.1/maven-project-2.2.1.jar
7f555106f000-7f5551071000 r--s 00002000 08:01 661356                     /home/madunlap/.m2/repository/org/apache/maven/maven-plugin-api/2.2.1/maven-plugin-api-2.2.1.jar
7f5551071000-7f5551073000 r--s 0000b000 08:01 660606                     /home/madunlap/.m2/repository/org/jacoco/jacoco-maven-plugin/0.7.5.201505241946/jacoco-maven-plugin-0.7.5.201505241946.jar
7f5551073000-7f5551075000 r--s 00013000 08:01 791380                     /home/madunlap/.m2/repository/com/jayway/restassured/xml-path/2.4.0/xml-path-2.4.0.jar
7f5551075000-7f5551077000 r--s 00007000 08:01 791379                     /home/madunlap/.m2/repository/com/jayway/restassured/rest-assured-common/2.4.0/rest-assured-common-2.4.0.jar
7f5551077000-7f5551079000 r--s 0001e000 08:01 661355                     /home/madunlap/.m2/repository/org/codehaus/groovy/groovy-json/2.3.7/groovy-json-2.3.7.jar
7f5551079000-7f555107b000 r--s 0000d000 08:01 791376                     /home/madunlap/.m2/repository/com/jayway/restassured/json-path/2.4.0/json-path-2.4.0.jar
7f555107b000-7f555107d000 r--s 00015000 08:01 791373                     /home/madunlap/.m2/repository/org/ccil/cowan/tagsoup/tagsoup/1.2.1/tagsoup-1.2.1.jar
7f555107d000-7f555107e000 r--s 0000c000 08:01 791372                     /home/madunlap/.m2/repository/org/hamcrest/hamcrest-library/1.3/hamcrest-library-1.3.jar
7f555107e000-7f5551080000 r--s 00009000 08:01 791370                     /home/madunlap/.m2/repository/org/hamcrest/hamcrest-core/1.3/hamcrest-core-1.3.jar
7f5551080000-7f5551085000 r--s 00034000 08:01 661352                     /home/madunlap/.m2/repository/org/codehaus/groovy/groovy-xml/2.3.7/groovy-xml-2.3.7.jar
7f5551085000-7f55510ce000 r--s 003fb000 08:01 661354                     /home/madunlap/.m2/repository/org/codehaus/groovy/groovy/2.3.7/groovy-2.3.7.jar
7f55510ce000-7f55510d8000 r--s 0008c000 08:01 791368                     /home/madunlap/.m2/repository/com/jayway/restassured/rest-assured/2.4.0/rest-assured-2.4.0.jar
7f55510d8000-7f55510de000 r--s 00044000 08:01 791367                     /home/madunlap/.m2/repository/org/jsoup/jsoup/1.8.1/jsoup-1.8.1.jar
7f55510de000-7f55510e0000 r--s 00004000 08:01 791401                     /home/madunlap/.m2/repository/edu/ucsb/nceas/ezid/1.0.0/ezid-1.0.0.jar
7f55510e0000-7f55510e3000 r--s 0000b000 08:01 791362                     /home/madunlap/.m2/repository/org/ocpsoft/rewrite/rewrite-integration-faces/2.0.12.Final/rewrite-integration-faces-2.0.12.Final.jar
7f55510e3000-7f55510e5000 r--s 00001000 08:01 791360                     /home/madunlap/.m2/repository/org/ocpsoft/rewrite/rewrite-annotations-api/2.0.12.Final/rewrite-annotations-api-2.0.12.Final.jar
7f55510e5000-7f55510e6000 r--s 00005000 08:01 791359                     /home/madunlap/.m2/repository/org/ocpsoft/rewrite/rewrite-addressbuilder/2.0.12.Final/rewrite-addressbuilder-2.0.12.Final.jar
7f55510e6000-7f55510e8000 r--s 00008000 08:01 791357                     /home/madunlap/.m2/repository/org/ocpsoft/rewrite/rewrite-api-servlet/2.0.12.Final/rewrite-api-servlet-2.0.12.Final.jar
7f55510e8000-7f55510ea000 r--s 00001000 08:01 791354                     /home/madunlap/.m2/repository/org/ocpsoft/logging/logging-api/1.0.2.Final/logging-api-1.0.2.Final.jar
7f55510ea000-7f55510eb000 r--s 00003000 08:01 791353                     /home/madunlap/.m2/repository/org/ocpsoft/common/common-api/1.0.5.Final/common-api-1.0.5.Final.jar
7f55510eb000-7f55510ef000 r--s 00018000 08:01 791351                     /home/madunlap/.m2/repository/org/ocpsoft/rewrite/rewrite-api/2.0.12.Final/rewrite-api-2.0.12.Final.jar
7f55510ef000-7f55510f1000 r--s 00005000 08:01 791349                     /home/madunlap/.m2/repository/org/ocpsoft/rewrite/rewrite-annotations-impl/2.0.12.Final/rewrite-annotations-impl-2.0.12.Final.jar
7f55510f1000-7f55510ff000 r--s 00092000 08:01 791352                     /home/madunlap/.m2/repository/org/ocpsoft/rewrite/rewrite-config-prettyfaces/2.0.12.Final/rewrite-config-prettyfaces-2.0.12.Final.jar
7f55510ff000-7f555110d000 r--s 0005f000 08:01 791345                     /home/madunlap/.m2/repository/org/ocpsoft/rewrite/rewrite-servlet/2.0.12.Final/rewrite-servlet-2.0.12.Final.jar
7f555110d000-7f5551111000 r--s 0003c000 08:01 791218                     /home/madunlap/.m2/repository/javax/media/jai_codec/1.1.3/jai_codec-1.1.3.jar
7f5551111000-7f5551125000 r--s 001bd000 08:01 791220                     /home/madunlap/.m2/repository/javax/media/jai_core/1.1.3/jai_core-1.1.3.jar
7f5551125000-7f5551136000 r--s 00106000 08:01 791219                     /home/madunlap/.m2/repository/javax/media/jai_imageio/1.1.1/jai_imageio-1.1.1.jar
7f5551136000-7f5551138000 r--s 00009000 08:01 791399                     /home/madunlap/.m2/repository/edu/harvard/hul/ois/jhove/jhove-handler/1.11.0/jhove-handler-1.11.0.jar
7f5551138000-7f5551141000 r--s 00079000 08:01 791398                     /home/madunlap/.m2/repository/edu/harvard/hul/ois/jhove/jhove-module/1.11.0/jhove-module-1.11.0.jar
7f5551141000-7f5551144000 r--s 00011000 08:01 791396                     /home/madunlap/.m2/repository/edu/harvard/hul/ois/jhove/jhove/1.11.0/jhove-1.11.0.jar
7f5551144000-7f5551154000 r--s 0011f000 08:01 791342                     /home/madunlap/.m2/repository/org/apache/poi/poi-scratchpad/3.10-FINAL/poi-scratchpad-3.10-FINAL.jar
7f5551154000-7f555115a000 r--s 00047000 08:01 791341                     /home/madunlap/.m2/repository/org/apache/poi/poi-examples/3.10-FINAL/poi-examples-3.10-FINAL.jar
7f555115a000-7f555115f000 r--s 00048000 08:01 791338                     /home/madunlap/.m2/repository/dom4j/dom4j/1.6.1/dom4j-1.6.1.jar
7f555115f000-7f555119c000 r--s 0024f000 08:01 791336                     /home/madunlap/.m2/repository/org/apache/xmlbeans/xmlbeans/2.3.0/xmlbeans-2.3.0.jar
7f555119c000-7f5551234000 r--s 00420000 08:01 791334                     /home/madunlap/.m2/repository/org/apache/poi/poi-ooxml-schemas/3.10-FINAL/poi-ooxml-schemas-3.10-FINAL.jar
7f5551234000-7f5551242000 r--s 000ee000 08:01 791333                     /home/madunlap/.m2/repository/org/apache/poi/poi-ooxml/3.10-FINAL/poi-ooxml-3.10-FINAL.jar
7f5551242000-7f5551264000 r--s 001bb000 08:01 791332                     /home/madunlap/.m2/repository/org/apache/poi/poi/3.10-FINAL/poi-3.10-FINAL.jar
7f5551264000-7f5551266000 r--s 00006000 08:01 791331                     /home/madunlap/.m2/repository/org/nuiton/thirdparty/Rserve/0.6-1/Rserve-0.6-1.jar
7f5551266000-7f5551268000 r--s 00006000 08:01 791328                     /home/madunlap/.m2/repository/org/nuiton/thirdparty/REngine/0.6-1/REngine-0.6-1.jar
7f5551268000-7f5551269000 r--s 0000c000 08:01 791397                     /home/madunlap/.m2/repository/org/dataverse/unf/6.0/unf-6.0.jar
7f5551269000-7f555126a000 r--s 00018000 08:01 791394                     /home/madunlap/.m2/repository/edu/harvard/iq/dvn/unf5/5.0/unf5-5.0.jar
7f555126a000-7f5551273000 r--s 000a6000 08:01 791393                     /home/madunlap/.m2/repository/net/handle/handle/2006-06-16-generated/handle-2006-06-16-generated.jar
7f5551273000-7f5551276000 r--s 00035000 08:01 791395                     /home/madunlap/.m2/repository/nom/tam/fits/fits/2012-10-25-generated/fits-2012-10-25-generated.jar
7f5551276000-7f555127d000 r--s 00028000 08:01 791326                     /home/madunlap/.m2/repository/concurrent/concurrent/1.3.4/concurrent-1.3.4.jar
7f555127d000-7f555128b000 r--s 00081000 08:01 791324                     /home/madunlap/.m2/repository/colt/colt/1.2.0/colt-1.2.0.jar
7f555128b000-7f555128f000 r--s 00020000 08:01 3934937                    /home/madunlap/.m2/repository/commons-digester/commons-digester/1.8/commons-digester-1.8.jar
7f555128f000-7f5551294000 r--s 00034000 08:01 3934936                    /home/madunlap/.m2/repository/commons-beanutils/commons-beanutils/1.8.3/commons-beanutils-1.8.3.jar
7f5551294000-7f5551298000 r--s 00028000 08:01 1713994                    /home/madunlap/.m2/repository/commons-validator/commons-validator/1.4.0/commons-validator-1.4.0.jar
7f5551298000-7f55512ab000 r--s 000df000 08:01 791313                     /home/madunlap/.m2/repository/org/apache/commons/commons-math/2.2/commons-math-2.2.jar
7f55512ab000-7f55512ad000 r--s 0000e000 08:01 791309                     /home/madunlap/.m2/repository/commons-logging/commons-logging/1.1.3/commons-logging-1.1.3.jar
7f55512ad000-7f55512af000 r--s 00005000 08:01 791311                     /home/madunlap/.m2/repository/org/apache/httpcomponents/httpmime/4.2.6/httpmime-4.2.6.jar
7f55512af000-7f55512bb000 r--s 000b3000 08:01 791304                     /home/madunlap/.m2/repository/org/apache/zookeeper/zookeeper/3.4.5/zookeeper-3.4.5.jar
7f55512bb000-7f55512c3000 r--s 0005b000 08:01 791305                     /home/madunlap/.m2/repository/org/apache/solr/solr-solrj/4.6.0/solr-solrj-4.6.0.jar
7f55512c3000-7f55512c8000 r--s 00041000 08:01 791300                     /home/madunlap/.m2/repository/commons-lang/commons-lang/2.6/commons-lang-2.6.jar
7f55512c8000-7f55512ca000 r--s 0000d000 08:01 791302                     /home/madunlap/.m2/repository/com/fasterxml/classmate/1.0.0/classmate-1.0.0.jar
7f55512ca000-7f55512cc000 r--s 0000d000 08:01 791296                     /home/madunlap/.m2/repository/org/jboss/logging/jboss-logging/3.1.1.GA/jboss-logging-3.1.1.GA.jar
7f55512cc000-7f55512d0000 r--s 0000c000 08:01 791294                     /home/madunlap/.m2/repository/javax/validation/validation-api/1.1.0.Final/validation-api-1.1.0.Final.jar
7f55512d0000-7f55512dd000 r--s 00080000 08:01 791293                     /home/madunlap/.m2/repository/org/hibernate/hibernate-validator/5.0.3.Final/hibernate-validator-5.0.3.Final.jar
7f55512dd000-7f55512e7000 r--s 0006b000 08:01 791289                     /home/madunlap/.m2/repository/org/omnifaces/omnifaces/1.7/omnifaces-1.7.jar
7f55512e7000-7f55512f6000 r--s 000c4000 08:01 791290                     /home/madunlap/.m2/repository/org/atmosphere/atmosphere-runtime/2.4.2/atmosphere-runtime-2.4.2.jar
7f55512f6000-7f555130a000 r--s 0013a000 08:01 791121                     /home/madunlap/.m2/repository/org/primefaces/themes/all-themes/1.0.10/all-themes-1.0.10.jar
7f555130a000-7f5551336000 r--s 00318000 08:01 791288                     /home/madunlap/.m2/repository/org/primefaces/primefaces/5.3/primefaces-5.3.jar
7f5551336000-7f5551358000 r--s 00120000 08:01 791284                     /home/madunlap/.m2/repository/javax/javaee-web-api/7.0/javaee-web-api-7.0.jar
7f5551358000-7f555135a000 r--s 0000e000 08:01 791282                     /home/madunlap/.m2/repository/javax/activation/activation/1.1/activation-1.1.jar
7f555135a000-7f5551362000 r--s 00078000 08:01 791280                     /home/madunlap/.m2/repository/com/sun/mail/javax.mail/1.5.0/javax.mail-1.5.0.jar
7f5551362000-7f5551396000 r--s 001a4000 08:01 791278                     /home/madunlap/.m2/repository/javax/javaee-api/7.0/javaee-api-7.0.jar
7f5551396000-7f55513c1000 r--s 001f5000 08:01 791277                     /home/madunlap/.m2/repository/com/google/guava/guava/16.0.1/guava-16.0.1.jar
7f55513c1000-7f55513df000 r--s 0027d000 08:01 791273                     /home/madunlap/.m2/repository/xalan/xalan/2.7.0/xalan-2.7.0.jar
7f55513df000-7f55513f3000 r--s 000e3000 08:01 791272                     /home/madunlap/.m2/repository/xerces/xercesImpl/2.6.2/xercesImpl-2.6.2.jar
7f55513f3000-7f55513f9000 r--s 00019000 08:01 791270                     /home/madunlap/.m2/repository/xerces/xmlParserAPIs/2.6.2/xmlParserAPIs-2.6.2.jar
7f55513f9000-7f5551400000 r--s 00063000 08:01 791268                     /home/madunlap/.m2/repository/xom/xom/1.1/xom-1.1.jar
7f5551400000-7f5551405000 r--s 0002a000 08:01 791265                     /home/madunlap/.m2/repository/com/google/code/gson/gson/2.2.4/gson-2.2.4.jar
7f5551405000-7f5551409000 r--s 00027000 08:01 791263                     /home/madunlap/.m2/repository/commons-io/commons-io/2.2/commons-io-2.2.jar
7f5551409000-7f555140b000 r--s 0000f000 08:01 791260                     /home/madunlap/.m2/repository/commons-fileupload/commons-fileupload/1.3.1/commons-fileupload-1.3.1.jar
7f555140b000-7f5551412000 r--s 00079000 08:01 661348                     /home/madunlap/.m2/repository/org/codehaus/woodstox/wstx-asl/3.2.6/wstx-asl-3.2.6.jar
7f5551412000-7f5551415000 ---p 00000000 00:00 0 
7f5551415000-7f5551513000 rw-p 00000000 00:00 0 
7f5551513000-7f55517ee000 r--p 00000000 08:01 1441812                    /usr/lib/locale/locale-archive
7f55517ee000-7f55517f1000 ---p 00000000 00:00 0 
7f55517f1000-7f55518ef000 rw-p 00000000 00:00 0 
7f55518ef000-7f55518f2000 ---p 00000000 00:00 0 
7f55518f2000-7f55519f0000 rw-p 00000000 00:00 0 
7f55519f0000-7f55519f1000 ---p 00000000 00:00 0 
7f55519f1000-7f55523fa000 rw-p 00000000 00:00 0 
7f55523fa000-7f55525d4000 r--s 03d4d000 08:01 1976682                    /usr/lib/jvm/java-8-oracle/jre/lib/rt.jar
7f55525d4000-7f5554cb4000 rw-p 00000000 00:00 0 
7f5554cb4000-7f5554cb5000 ---p 00000000 00:00 0 
7f5554cb5000-7f5554db5000 rw-p 00000000 00:00 0 
7f5554db5000-7f5554db6000 ---p 00000000 00:00 0 
7f5554db6000-7f5554ecb000 rw-p 00000000 00:00 0 
7f5554ecb000-7f5555000000 ---p 00000000 00:00 0 
7f5555000000-7f5555840000 rwxp 00000000 00:00 0 
7f5555840000-7f5564000000 ---p 00000000 00:00 0 
7f5564000000-7f5565317000 rw-p 00000000 00:00 0 
7f5565317000-7f5568000000 ---p 00000000 00:00 0 
7f5568000000-7f5568006000 r--s 00032000 08:01 791261                     /home/madunlap/.m2/repository/jaxen/jaxen/1.1.1/jaxen-1.1.1.jar
7f5568006000-7f556800b000 r--s 00070000 08:01 661349                     /home/madunlap/.m2/repository/org/codehaus/woodstox/woodstox-core-asl/4.1.4/woodstox-core-asl-4.1.4.jar
7f556800b000-7f556800f000 r--s 00026000 08:01 791256                     /home/madunlap/.m2/repository/org/apache/ws/commons/axiom/axiom-impl/1.2.14/axiom-impl-1.2.14.jar
7f556800f000-7f5568012000 r--s 00015000 08:01 791254                     /home/madunlap/.m2/repository/org/apache/james/apache-mime4j-core/0.7.2/apache-mime4j-core-0.7.2.jar
7f5568012000-7f5568017000 r--s 00032000 08:01 791252                     /home/madunlap/.m2/repository/org/apache/geronimo/specs/geronimo-javamail_1.4_spec/1.7.1/geronimo-javamail_1.4_spec-1.7.1.jar
7f5568017000-7f5568021000 r--s 0005d000 08:01 791250                     /home/madunlap/.m2/repository/org/apache/ws/commons/axiom/axiom-api/1.2.14/axiom-api-1.2.14.jar
7f5568021000-7f5568024000 r--s 0014e000 08:01 791249                     /home/madunlap/.m2/repository/org/apache/abdera/abdera-parser/1.1.3/abdera-parser-1.1.3.jar
7f5568024000-7f5568026000 r--s 00006000 08:01 791245                     /home/madunlap/.m2/repository/org/apache/geronimo/specs/geronimo-stax-api_1.0_spec/1.0.1/geronimo-stax-api_1.0_spec-1.0.1.jar
7f5568026000-7f5568028000 r--s 0000a000 08:01 791243                     /home/madunlap/.m2/repository/org/apache/geronimo/specs/geronimo-activation_1.1_spec/1.1/geronimo-activation_1.1_spec-1.1.jar
7f5568028000-7f556802c000 r--s 00094000 08:01 791246                     /home/madunlap/.m2/repository/org/apache/abdera/abdera-i18n/1.1.3/abdera-i18n-1.1.3.jar
7f556802c000-7f5568030000 r--s 00024000 08:01 791241                     /home/madunlap/.m2/repository/org/apache/abdera/abdera-core/1.1.3/abdera-core-1.1.3.jar
7f5568030000-7f5568049000 r--s 002fd000 08:01 791240                     /home/madunlap/.m2/repository/com/ibm/icu/icu4j/3.4.4/icu4j-3.4.4.jar
7f5568049000-7f556804c000 r--s 00023000 08:01 791237                     /home/madunlap/.m2/repository/com/hp/hpl/jena/iri/0.8/iri-0.8.jar
7f556804c000-7f556806f000 r--s 001ae000 08:01 791235                     /home/madunlap/.m2/repository/com/hp/hpl/jena/jena/2.6.4/jena-2.6.4.jar
7f556806f000-7f5568071000 r--s 0000d000 08:01 791233                     /home/madunlap/.m2/repository/org/apache/abdera/abdera-client/1.1.1/abdera-client-1.1.1.jar
7f5568071000-7f5568073000 r--s 00016000 08:01 791230                     /home/madunlap/.m2/repository/javax/servlet/servlet-api/2.4/servlet-api-2.4.jar
7f5568073000-7f5568076000 r--s 0000f000 08:01 791226                     /home/madunlap/.m2/repository/org/swordapp/sword2-server/1.0/sword2-server-1.0-classes.jar
7f5568076000-7f556807b000 r--s 00040000 08:01 791224                     /home/madunlap/.m2/repository/commons-httpclient/commons-httpclient/3.0.1/commons-httpclient-3.0.1.jar
7f556807b000-7f556807e000 r--s 00012000 08:01 791228                     /home/madunlap/.m2/repository/org/glassfish/javax.json/1.0.4/javax.json-1.0.4.jar
7f556807e000-7f5568084000 r--s 00034000 08:01 791227                     /home/madunlap/.m2/repository/junit/junit/4.8.1/junit-4.8.1.jar
7f5568084000-7f55680e8000 rw-p 00000000 00:00 0 
7f55680e8000-7f556821c000 ---p 00000000 00:00 0 
7f556821c000-7f5568261000 rw-p 00000000 00:00 0 
7f5568261000-7f55682c1000 ---p 00000000 00:00 0 
7f55682c1000-7f55682e3000 rw-p 00000000 00:00 0 
7f55682e3000-7f5568682000 ---p 00000000 00:00 0 
7f5568682000-7f556869c000 r-xp 00000000 08:01 2106481                    /usr/lib/jvm/java-8-oracle/jre/lib/amd64/libzip.so
7f556869c000-7f556889c000 ---p 0001a000 08:01 2106481                    /usr/lib/jvm/java-8-oracle/jre/lib/amd64/libzip.so
7f556889c000-7f556889d000 rw-p 0001a000 08:01 2106481                    /usr/lib/jvm/java-8-oracle/jre/lib/amd64/libzip.so
7f556889d000-7f55688a8000 r-xp 00000000 08:01 663303                     /lib/x86_64-linux-gnu/libnss_files-2.24.so
7f55688a8000-7f5568aa7000 ---p 0000b000 08:01 663303                     /lib/x86_64-linux-gnu/libnss_files-2.24.so
7f5568aa7000-7f5568aa8000 r--p 0000a000 08:01 663303                     /lib/x86_64-linux-gnu/libnss_files-2.24.so
7f5568aa8000-7f5568aa9000 rw-p 0000b000 08:01 663303                     /lib/x86_64-linux-gnu/libnss_files-2.24.so
7f5568aa9000-7f5568aaf000 rw-p 00000000 00:00 0 
7f5568aaf000-7f5568aba000 r-xp 00000000 08:01 663305                     /lib/x86_64-linux-gnu/libnss_nis-2.24.so
7f5568aba000-7f5568cb9000 ---p 0000b000 08:01 663305                     /lib/x86_64-linux-gnu/libnss_nis-2.24.so
7f5568cb9000-7f5568cba000 r--p 0000a000 08:01 663305                     /lib/x86_64-linux-gnu/libnss_nis-2.24.so
7f5568cba000-7f5568cbb000 rw-p 0000b000 08:01 663305                     /lib/x86_64-linux-gnu/libnss_nis-2.24.so
7f5568cbb000-7f5568cd1000 r-xp 00000000 08:01 663300                     /lib/x86_64-linux-gnu/libnsl-2.24.so
7f5568cd1000-7f5568ed0000 ---p 00016000 08:01 663300                     /lib/x86_64-linux-gnu/libnsl-2.24.so
7f5568ed0000-7f5568ed1000 r--p 00015000 08:01 663300                     /lib/x86_64-linux-gnu/libnsl-2.24.so
7f5568ed1000-7f5568ed2000 rw-p 00016000 08:01 663300                     /lib/x86_64-linux-gnu/libnsl-2.24.so
7f5568ed2000-7f5568ed4000 rw-p 00000000 00:00 0 
7f5568ed4000-7f5568edc000 r-xp 00000000 08:01 663301                     /lib/x86_64-linux-gnu/libnss_compat-2.24.so
7f5568edc000-7f55690db000 ---p 00008000 08:01 663301                     /lib/x86_64-linux-gnu/libnss_compat-2.24.so
7f55690db000-7f55690dc000 r--p 00007000 08:01 663301                     /lib/x86_64-linux-gnu/libnss_compat-2.24.so
7f55690dc000-7f55690dd000 rw-p 00008000 08:01 663301                     /lib/x86_64-linux-gnu/libnss_compat-2.24.so
7f55690dd000-7f55690e7000 r-xp 00000000 08:01 2106519                    /usr/lib/jvm/java-8-oracle/jre/lib/amd64/libinstrument.so
7f55690e7000-7f55692e6000 ---p 0000a000 08:01 2106519                    /usr/lib/jvm/java-8-oracle/jre/lib/amd64/libinstrument.so
7f55692e6000-7f55692e7000 rw-p 00009000 08:01 2106519                    /usr/lib/jvm/java-8-oracle/jre/lib/amd64/libinstrument.so
7f55692e7000-7f5569312000 r-xp 00000000 08:01 2106508                    /usr/lib/jvm/java-8-oracle/jre/lib/amd64/libjava.so
7f5569312000-7f5569511000 ---p 0002b000 08:01 2106508                    /usr/lib/jvm/java-8-oracle/jre/lib/amd64/libjava.so
7f5569511000-7f5569513000 rw-p 0002a000 08:01 2106508                    /usr/lib/jvm/java-8-oracle/jre/lib/amd64/libjava.so
7f5569513000-7f5569520000 r-xp 00000000 08:01 2106459                    /usr/lib/jvm/java-8-oracle/jre/lib/amd64/libverify.so
7f5569520000-7f5569720000 ---p 0000d000 08:01 2106459                    /usr/lib/jvm/java-8-oracle/jre/lib/amd64/libverify.so
7f5569720000-7f5569722000 rw-p 0000d000 08:01 2106459                    /usr/lib/jvm/java-8-oracle/jre/lib/amd64/libverify.so
7f5569722000-7f5569729000 r-xp 00000000 08:01 663310                     /lib/x86_64-linux-gnu/librt-2.24.so
7f5569729000-7f5569928000 ---p 00007000 08:01 663310                     /lib/x86_64-linux-gnu/librt-2.24.so
7f5569928000-7f5569929000 r--p 00006000 08:01 663310                     /lib/x86_64-linux-gnu/librt-2.24.so
7f5569929000-7f556992a000 rw-p 00007000 08:01 663310                     /lib/x86_64-linux-gnu/librt-2.24.so
7f556992a000-7f5569a32000 r-xp 00000000 08:01 663297                     /lib/x86_64-linux-gnu/libm-2.24.so
7f5569a32000-7f5569c31000 ---p 00108000 08:01 663297                     /lib/x86_64-linux-gnu/libm-2.24.so
7f5569c31000-7f5569c32000 r--p 00107000 08:01 663297                     /lib/x86_64-linux-gnu/libm-2.24.so
7f5569c32000-7f5569c33000 rw-p 00108000 08:01 663297                     /lib/x86_64-linux-gnu/libm-2.24.so
7f5569c33000-7f556a906000 r-xp 00000000 08:01 2106512                    /usr/lib/jvm/java-8-oracle/jre/lib/amd64/server/libjvm.so
7f556a906000-7f556ab05000 ---p 00cd3000 08:01 2106512                    /usr/lib/jvm/java-8-oracle/jre/lib/amd64/server/libjvm.so
7f556ab05000-7f556abdf000 rw-p 00cd2000 08:01 2106512                    /usr/lib/jvm/java-8-oracle/jre/lib/amd64/server/libjvm.so
7f556abdf000-7f556ac2a000 rw-p 00000000 00:00 0 
7f556ac2a000-7f556ade8000 r-xp 00000000 08:01 663293                     /lib/x86_64-linux-gnu/libc-2.24.so
7f556ade8000-7f556afe7000 ---p 001be000 08:01 663293                     /lib/x86_64-linux-gnu/libc-2.24.so
7f556afe7000-7f556afeb000 r--p 001bd000 08:01 663293                     /lib/x86_64-linux-gnu/libc-2.24.so
7f556afeb000-7f556afed000 rw-p 001c1000 08:01 663293                     /lib/x86_64-linux-gnu/libc-2.24.so
7f556afed000-7f556aff1000 rw-p 00000000 00:00 0 
7f556aff1000-7f556aff4000 r-xp 00000000 08:01 663296                     /lib/x86_64-linux-gnu/libdl-2.24.so
7f556aff4000-7f556b1f3000 ---p 00003000 08:01 663296                     /lib/x86_64-linux-gnu/libdl-2.24.so
7f556b1f3000-7f556b1f4000 r--p 00002000 08:01 663296                     /lib/x86_64-linux-gnu/libdl-2.24.so
7f556b1f4000-7f556b1f5000 rw-p 00003000 08:01 663296                     /lib/x86_64-linux-gnu/libdl-2.24.so
7f556b1f5000-7f556b20a000 r-xp 00000000 08:01 2106497                    /usr/lib/jvm/java-8-oracle/jre/lib/amd64/jli/libjli.so
7f556b20a000-7f556b40a000 ---p 00015000 08:01 2106497                    /usr/lib/jvm/java-8-oracle/jre/lib/amd64/jli/libjli.so
7f556b40a000-7f556b40b000 rw-p 00015000 08:01 2106497                    /usr/lib/jvm/java-8-oracle/jre/lib/amd64/jli/libjli.so
7f556b40b000-7f556b423000 r-xp 00000000 08:01 663308                     /lib/x86_64-linux-gnu/libpthread-2.24.so
7f556b423000-7f556b623000 ---p 00018000 08:01 663308                     /lib/x86_64-linux-gnu/libpthread-2.24.so
7f556b623000-7f556b624000 r--p 00018000 08:01 663308                     /lib/x86_64-linux-gnu/libpthread-2.24.so
7f556b624000-7f556b625000 rw-p 00019000 08:01 663308                     /lib/x86_64-linux-gnu/libpthread-2.24.so
7f556b625000-7f556b629000 rw-p 00000000 00:00 0 
7f556b629000-7f556b64f000 r-xp 00000000 08:01 663288                     /lib/x86_64-linux-gnu/ld-2.24.so
7f556b64f000-7f556b650000 r--s 00005000 08:01 791308                     /home/madunlap/.m2/repository/org/noggit/noggit/0.5/noggit-0.5.jar
7f556b650000-7f556b721000 rw-p 00000000 00:00 0 
7f556b721000-7f556b724000 ---p 00000000 00:00 0 
7f556b724000-7f556b824000 rw-p 00000000 00:00 0 
7f556b824000-7f556b825000 r--s 00004000 08:01 791275                     /home/madunlap/.m2/repository/org/mindrot/jbcrypt/0.3m/jbcrypt-0.3m.jar
7f556b825000-7f556b82a000 r--s 00023000 08:01 791711                     /home/madunlap/.m2/repository/org/apache/maven/surefire/surefire-api/2.10/surefire-api-2.10.jar
7f556b82a000-7f556b82c000 r--s 00007000 08:01 791708                     /home/madunlap/.m2/repository/org/apache/maven/surefire/surefire-booter/2.10/surefire-booter-2.10.jar
7f556b82c000-7f556b82d000 r--s 00005000 08:01 930845                     /home/madunlap/Documents/github/dataverse/target/surefire/surefirebooter1866858268954889931.jar
7f556b82d000-7f556b841000 rw-p 00000000 00:00 0 
7f556b841000-7f556b849000 rw-s 00000000 08:01 1835026                    /tmp/hsperfdata_madunlap/22053
7f556b849000-7f556b84a000 rw-p 00000000 00:00 0 
7f556b84a000-7f556b84b000 ---p 00000000 00:00 0 
7f556b84b000-7f556b84e000 rw-p 00000000 00:00 0 
7f556b84e000-7f556b84f000 r--p 00025000 08:01 663288                     /lib/x86_64-linux-gnu/ld-2.24.so
7f556b84f000-7f556b850000 rw-p 00026000 08:01 663288                     /lib/x86_64-linux-gnu/ld-2.24.so
7f556b850000-7f556b851000 rw-p 00000000 00:00 0 
7ffc9298e000-7ffc929af000 rw-p 00000000 00:00 0                          [stack]
7ffc929c6000-7ffc929c8000 r--p 00000000 00:00 0                          [vvar]
7ffc929c8000-7ffc929ca000 r-xp 00000000 00:00 0                          [vdso]
ffffffffff600000-ffffffffff601000 r-xp 00000000 00:00 0                  [vsyscall]

VM Arguments:
jvm_args: -javaagent:/home/madunlap/.m2/repository/org/jacoco/org.jacoco.agent/0.7.5.201505241946/org.jacoco.agent-0.7.5.201505241946-runtime.jar=destfile=/home/madunlap/Documents/github/dataverse/target/jacoco.exec 
java_command: /home/madunlap/Documents/github/dataverse/target/surefire/surefirebooter1866858268954889931.jar /home/madunlap/Documents/github/dataverse/target/surefire/surefire5660840299799931641tmp /home/madunlap/Documents/github/dataverse/target/surefire/surefire3009771187274311355tmp
java_class_path (initial): /home/madunlap/Documents/github/dataverse/target/surefire/surefirebooter1866858268954889931.jar:/home/madunlap/.m2/repository/org/jacoco/org.jacoco.agent/0.7.5.201505241946/org.jacoco.agent-0.7.5.201505241946-runtime.jar
Launcher Type: SUN_STANDARD

Environment Variables:
JAVA_HOME=/usr/lib/jvm/java-8-oracle
PATH=/usr/local/sbin:/usr/local/bin:/usr/sbin:/usr/bin:/sbin:/bin:/usr/games:/usr/local/games:/snap/bin:/usr/lib/jvm/java-8-oracle/bin:/usr/lib/jvm/java-8-oracle/db/bin:/usr/lib/jvm/java-8-oracle/jre/bin
LD_LIBRARY_PATH=/usr/lib/jvm/java-8-oracle/jre/lib/amd64:/usr/lib/jvm/java-8-oracle/jre/lib/i386:
SHELL=/bin/bash
DISPLAY=:0

Signal Handlers:
SIGSEGV: [libjvm.so+0xacba10], sa_mask[0]=11111111011111111101111111111110, sa_flags=SA_RESTART|SA_SIGINFO
SIGBUS: [libjvm.so+0xacba10], sa_mask[0]=11111111011111111101111111111110, sa_flags=SA_RESTART|SA_SIGINFO
SIGFPE: [libjvm.so+0x924ba0], sa_mask[0]=11111111011111111101111111111110, sa_flags=SA_RESTART|SA_SIGINFO
SIGPIPE: [libjvm.so+0x924ba0], sa_mask[0]=11111111011111111101111111111110, sa_flags=SA_RESTART|SA_SIGINFO
SIGXFSZ: [libjvm.so+0x924ba0], sa_mask[0]=11111111011111111101111111111110, sa_flags=SA_RESTART|SA_SIGINFO
SIGILL: [libjvm.so+0x924ba0], sa_mask[0]=11111111011111111101111111111110, sa_flags=SA_RESTART|SA_SIGINFO
SIGUSR1: SIG_DFL, sa_mask[0]=00000000000000000000000000000000, sa_flags=none
SIGUSR2: [libjvm.so+0x9263e0], sa_mask[0]=00100000000000000000000000000000, sa_flags=SA_RESTART|SA_SIGINFO
SIGHUP: [libjvm.so+0x9277e0], sa_mask[0]=11111111011111111101111111111110, sa_flags=SA_RESTART|SA_SIGINFO
SIGINT: SIG_IGN, sa_mask[0]=00000000000000000000000000000000, sa_flags=none
SIGTERM: [libjvm.so+0x9277e0], sa_mask[0]=11111111011111111101111111111110, sa_flags=SA_RESTART|SA_SIGINFO
SIGQUIT: [libjvm.so+0x9277e0], sa_mask[0]=11111111011111111101111111111110, sa_flags=SA_RESTART|SA_SIGINFO


---------------  S Y S T E M  ---------------

OS:DISTRIB_ID=Ubuntu
DISTRIB_RELEASE=17.04
DISTRIB_CODENAME=zesty
DISTRIB_DESCRIPTION="Ubuntu 17.04"

uname:Linux 4.10.0-37-generic #41-Ubuntu SMP Fri Oct 6 20:20:37 UTC 2017 x86_64
libc:glibc 2.24 NPTL 2.24 
rlimit: STACK 8192k, CORE 0k, NPROC 15602, NOFILE 1048576, AS infinity
load average:1.47 1.35 0.97

/proc/meminfo:
MemTotal:        4039872 kB
MemFree:          118372 kB
MemAvailable:      30204 kB
Buffers:             796 kB
Cached:            54296 kB
SwapCached:         4156 kB
Active:          3073976 kB
Inactive:         621716 kB
Active(anon):    3062576 kB
Inactive(anon):   610312 kB
Active(file):      11400 kB
Inactive(file):    11404 kB
Unevictable:          32 kB
Mlocked:              32 kB
SwapTotal:       2097148 kB
SwapFree:            296 kB
Dirty:              3160 kB
Writeback:             0 kB
AnonPages:       3635536 kB
Mapped:            46772 kB
Shmem:             32176 kB
Slab:              93244 kB
SReclaimable:      44260 kB
SUnreclaim:        48984 kB
KernelStack:       15184 kB
PageTables:        78308 kB
NFS_Unstable:          0 kB
Bounce:                0 kB
WritebackTmp:          0 kB
CommitLimit:     4117084 kB
Committed_AS:   10468356 kB
VmallocTotal:   34359738367 kB
VmallocUsed:           0 kB
VmallocChunk:          0 kB
HardwareCorrupted:     0 kB
AnonHugePages:   1402880 kB
ShmemHugePages:        0 kB
ShmemPmdMapped:        0 kB
CmaTotal:              0 kB
CmaFree:               0 kB
HugePages_Total:       0
HugePages_Free:        0
HugePages_Rsvd:        0
HugePages_Surp:        0
Hugepagesize:       2048 kB
DirectMap4k:      176048 kB
DirectMap2M:     4018176 kB


CPU:total 2 (initial active 2) (2 cores per cpu, 1 threads per core) family 6 model 70 stepping 1, cmov, cx8, fxsr, mmx, sse, sse2, sse3, ssse3, sse4.1, sse4.2, popcnt, avx, avx2, aes, clmul, erms, lzcnt, tsc, tscinvbit, bmi1, bmi2

/proc/cpuinfo:
processor	: 0
vendor_id	: GenuineIntel
cpu family	: 6
model		: 70
model name	: Intel(R) Core(TM) i7-4870HQ CPU @ 2.50GHz
stepping	: 1
microcode	: 0x13
cpu MHz		: 2494.226
cache size	: 6144 KB
physical id	: 0
siblings	: 2
core id		: 0
cpu cores	: 2
apicid		: 0
initial apicid	: 0
fpu		: yes
fpu_exception	: yes
cpuid level	: 13
wp		: yes
flags		: fpu vme de pse tsc msr pae mce cx8 apic sep mtrr pge mca cmov pat pse36 clflush mmx fxsr sse sse2 ss ht syscall nx rdtscp lm constant_tsc nopl xtopology nonstop_tsc pni pclmulqdq ssse3 fma cx16 pcid sse4_1 sse4_2 x2apic movbe popcnt tsc_deadline_timer aes xsave avx f16c rdrand hypervisor lahf_lm abm fsgsbase tsc_adjust bmi1 avx2 smep bmi2 invpcid xsaveopt dtherm arat pln pts
bugs		:
bogomips	: 4988.45
clflush size	: 64
cache_alignment	: 64
address sizes	: 36 bits physical, 48 bits virtual
power management:

processor	: 1
vendor_id	: GenuineIntel
cpu family	: 6
model		: 70
model name	: Intel(R) Core(TM) i7-4870HQ CPU @ 2.50GHz
stepping	: 1
microcode	: 0x13
cpu MHz		: 2494.226
cache size	: 6144 KB
physical id	: 0
siblings	: 2
core id		: 1
cpu cores	: 2
apicid		: 1
initial apicid	: 1
fpu		: yes
fpu_exception	: yes
cpuid level	: 13
wp		: yes
flags		: fpu vme de pse tsc msr pae mce cx8 apic sep mtrr pge mca cmov pat pse36 clflush mmx fxsr sse sse2 ss ht syscall nx rdtscp lm constant_tsc nopl xtopology nonstop_tsc pni pclmulqdq ssse3 fma cx16 pcid sse4_1 sse4_2 x2apic movbe popcnt tsc_deadline_timer aes xsave avx f16c rdrand hypervisor lahf_lm abm fsgsbase tsc_adjust bmi1 avx2 smep bmi2 invpcid xsaveopt dtherm arat pln pts
bugs		:
bogomips	: 4988.45
clflush size	: 64
cache_alignment	: 64
address sizes	: 36 bits physical, 48 bits virtual
power management:



Memory: 4k page, physical 4039872k(118372k free), swap 2097148k(304k free)

vm_info: Java HotSpot(TM) 64-Bit Server VM (25.144-b01) for linux-amd64 JRE (1.8.0_144-b01), built on Jul 21 2017 21:57:33 by "java_re" with gcc 4.3.0 20080428 (Red Hat 4.3.0-8)

time: Mon Oct 23 14:47:42 2017
elapsed time: 4 seconds (0d 0h 0m 4s)

