#
# There is insufficient memory for the Java Runtime Environment to continue.
# Native memory allocation (mmap) failed to map 29884416 bytes for committing reserved memory.
# Possible reasons:
#   The system is out of physical RAM or swap space
#   In 32 bit mode, the process size limit was hit
# Possible solutions:
#   Reduce memory load on the system
#   Increase physical memory or swap space
#   Check if swap backing store is full
#   Use 64 bit Java on a 64 bit OS
#   Decrease Java heap size (-Xmx/-Xms)
#   Decrease number of Java threads
#   Decrease Java thread stack sizes (-Xss)
#   Set larger code cache with -XX:ReservedCodeCacheSize=
# This output file may be truncated or incomplete.
#
#  Out of Memory Error (os_linux.cpp:2640), pid=8911, tid=0x00007f2e97cfc700
#
# JRE version: Java(TM) SE Runtime Environment (8.0_144-b01) (build 1.8.0_144-b01)
# Java VM: Java HotSpot(TM) 64-Bit Server VM (25.144-b01 mixed mode linux-amd64 compressed oops)
# Failed to write core dump. Core dumps have been disabled. To enable core dumping, try "ulimit -c unlimited" before starting Java again
#

---------------  T H R E A D  ---------------

Current thread (0x00007f2eac0fc000):  VMThread [stack: 0x00007f2e97bfc000,0x00007f2e97cfd000] [id=8916]

Stack: [0x00007f2e97bfc000,0x00007f2e97cfd000],  sp=0x00007f2e97cfb0a0,  free space=1020k
Native frames: (J=compiled Java code, j=interpreted, Vv=VM code, C=native code)
V  [libjvm.so+0xacb18a]  VMError::report_and_die()+0x2ba
V  [libjvm.so+0x4ff4db]  report_vm_out_of_memory(char const*, int, unsigned long, VMErrorType, char const*)+0x8b
V  [libjvm.so+0x927d23]  os::Linux::commit_memory_impl(char*, unsigned long, bool)+0x103
V  [libjvm.so+0x928279]  os::pd_commit_memory(char*, unsigned long, unsigned long, bool)+0x29
V  [libjvm.so+0x92249a]  os::commit_memory(char*, unsigned long, unsigned long, bool)+0x2a
V  [libjvm.so+0x996ff3]  PSVirtualSpace::expand_by(unsigned long)+0x53
V  [libjvm.so+0x9983f8]  PSYoungGen::resize_generation(unsigned long, unsigned long)+0xf8
V  [libjvm.so+0x997552]  PSYoungGen::resize(unsigned long, unsigned long)+0x22
V  [libjvm.so+0x99482b]  PSScavenge::invoke_no_policy()+0xf3b
V  [libjvm.so+0x994fb1]  PSScavenge::invoke()+0x41
V  [libjvm.so+0x94bce0]  ParallelScavengeHeap::failed_mem_allocate(unsigned long)+0x70
V  [libjvm.so+0xaccba7]  VM_ParallelGCFailedAllocation::doit()+0x97
V  [libjvm.so+0xad4685]  VM_Operation::evaluate()+0x55
V  [libjvm.so+0xad2a5a]  VMThread::evaluate_operation(VM_Operation*)+0xba
V  [libjvm.so+0xad2dde]  VMThread::loop()+0x1ce
V  [libjvm.so+0xad3250]  VMThread::run()+0x70
V  [libjvm.so+0x92a338]  java_start(Thread*)+0x108

VM_Operation (0x00007f2eb5c9fe40): ParallelGCFailedAllocation, mode: safepoint, requested by thread 0x00007f2eac00b000


---------------  P R O C E S S  ---------------

Java Threads: ( => current thread )
  0x00007f2eaf845800 JavaThread "Service Thread" daemon [_thread_blocked, id=8926, stack(0x00007f2e96696000,0x00007f2e96797000)]
  0x00007f2eaf841000 JavaThread "C1 CompilerThread1" daemon [_thread_blocked, id=8925, stack(0x00007f2e96797000,0x00007f2e96898000)]
  0x00007f2eaf82b000 JavaThread "C2 CompilerThread0" daemon [_thread_in_native, id=8924, stack(0x00007f2e96898000,0x00007f2e96999000)]
  0x00007f2eac13b800 JavaThread "Signal Dispatcher" daemon [_thread_blocked, id=8919, stack(0x00007f2e9761e000,0x00007f2e9771f000)]
  0x00007f2eac108000 JavaThread "Finalizer" daemon [_thread_blocked, id=8918, stack(0x00007f2e979fa000,0x00007f2e97afb000)]
  0x00007f2eac103800 JavaThread "Reference Handler" daemon [_thread_blocked, id=8917, stack(0x00007f2e97afb000,0x00007f2e97bfc000)]
  0x00007f2eac00b000 JavaThread "main" [_thread_blocked, id=8913, stack(0x00007f2eb5ba3000,0x00007f2eb5ca4000)]

Other Threads:
=>0x00007f2eac0fc000 VMThread [stack: 0x00007f2e97bfc000,0x00007f2e97cfd000] [id=8916]
  0x00007f2eaf878800 WatcherThread [stack: 0x00007f2e96595000,0x00007f2e96696000] [id=8927]

VM state:at safepoint (normal execution)

VM Mutex/Monitor currently owned by a thread:  ([mutex/lock_event])
[0x00007f2eac0072e0] Threads_lock - owner thread: 0x00007f2eac0fc000
[0x00007f2eac0077e0] Heap_lock - owner thread: 0x00007f2eac00b000

Heap:
 PSYoungGen      total 52224K, used 106K [0x00000000eb700000, 0x00000000eed80000, 0x0000000100000000)
  eden space 48640K, 0% used [0x00000000eb700000,0x00000000eb700000,0x00000000ee680000)
  from space 3584K, 2% used [0x00000000ee680000,0x00000000ee69aa28,0x00000000eea00000)
  to   space 3584K, 0% used [0x00000000eea00000,0x00000000eea00000,0x00000000eed80000)
 ParOldGen       total 42496K, used 5044K [0x00000000c2400000, 0x00000000c4d80000, 0x00000000eb700000)
  object space 42496K, 11% used [0x00000000c2400000,0x00000000c28ed2f0,0x00000000c4d80000)
 Metaspace       used 15778K, capacity 16052K, committed 16384K, reserved 1064960K
  class space    used 1620K, capacity 1712K, committed 1792K, reserved 1048576K

Card table byte_map: [0x00007f2eb2555000,0x00007f2eb2744000] byte_map_base: 0x00007f2eb1f43000

Marking Bits: (ParMarkBitMap*) 0x00007f2eb507edc0
 Begin Bits: [0x00007f2eb0329000, 0x00007f2eb1299000)
 End Bits:   [0x00007f2eb1299000, 0x00007f2eb2209000)

Polling page: 0x00007f2eb5ccc000

CodeCache: size=245760Kb used=6843Kb max_used=6843Kb free=238916Kb
 bounds [0x00007f2e9d000000, 0x00007f2e9d6c0000, 0x00007f2eac000000]
 total_blobs=2564 nmethods=2178 adapters=299
 compilation: enabled

Compilation events (10 events):
Event: 17.909 Thread 0x00007f2eaf841000 2210       2       sun.text.normalizer.UTF16::getTrailSurrogate (19 bytes)
Event: 17.909 Thread 0x00007f2eaf841000 nmethod 2210 0x00007f2e9d6af190 code [0x00007f2e9d6af2e0, 0x00007f2e9d6af450]
Event: 17.909 Thread 0x00007f2eaf841000 2213       2       sun.text.normalizer.TrieIterator::checkTrailBlock (50 bytes)
Event: 17.909 Thread 0x00007f2eaf841000 nmethod 2213 0x00007f2e9d6af4d0 code [0x00007f2e9d6af640, 0x00007f2e9d6af868]
Event: 17.964 Thread 0x00007f2eaf841000 2215 %     3       sun.text.normalizer.UCharacterProperty::upropsvec_addPropertyStarts @ 27 (48 bytes)
Event: 17.974 Thread 0x00007f2eaf841000 nmethod 2215% 0x00007f2e9d6af950 code [0x00007f2e9d6afb20, 0x00007f2e9d6b0168]
Event: 17.974 Thread 0x00007f2eaf841000 2216       3       sun.text.normalizer.UCharacterProperty::upropsvec_addPropertyStarts (48 bytes)
Event: 17.975 Thread 0x00007f2eaf841000 nmethod 2216 0x00007f2e9d6b0410 code [0x00007f2e9d6b05c0, 0x00007f2e9d6b0b88]
Event: 17.981 Thread 0x00007f2eaf841000 2217       2       sun.text.normalizer.Trie$DefaultGetFoldingOffset::getFoldingOffset (2 bytes)
Event: 17.981 Thread 0x00007f2eaf841000 nmethod 2217 0x00007f2e9d6b0dd0 code [0x00007f2e9d6b0f20, 0x00007f2e9d6b1070]

GC Heap History (10 events):
Event: 15.711 GC heap after
Heap after GC invocations=8 (full 0):
 PSYoungGen      total 34304K, used 1781K [0x00000000eb700000, 0x00000000edc00000, 0x0000000100000000)
  eden space 30720K, 0% used [0x00000000eb700000,0x00000000eb700000,0x00000000ed500000)
  from space 3584K, 49% used [0x00000000ed880000,0x00000000eda3d498,0x00000000edc00000)
  to   space 3584K, 0% used [0x00000000ed500000,0x00000000ed500000,0x00000000ed880000)
 ParOldGen       total 42496K, used 2145K [0x00000000c2400000, 0x00000000c4d80000, 0x00000000eb700000)
  object space 42496K, 5% used [0x00000000c2400000,0x00000000c26184c8,0x00000000c4d80000)
 Metaspace       used 12431K, capacity 12700K, committed 12928K, reserved 1060864K
  class space    used 1238K, capacity 1324K, committed 1408K, reserved 1048576K
}
Event: 16.674 GC heap before
{Heap before GC invocations=9 (full 0):
 PSYoungGen      total 34304K, used 32501K [0x00000000eb700000, 0x00000000edc00000, 0x0000000100000000)
  eden space 30720K, 100% used [0x00000000eb700000,0x00000000ed500000,0x00000000ed500000)
  from space 3584K, 49% used [0x00000000ed880000,0x00000000eda3d498,0x00000000edc00000)
  to   space 3584K, 0% used [0x00000000ed500000,0x00000000ed500000,0x00000000ed880000)
 ParOldGen       total 42496K, used 2145K [0x00000000c2400000, 0x00000000c4d80000, 0x00000000eb700000)
  object space 42496K, 5% used [0x00000000c2400000,0x00000000c26184c8,0x00000000c4d80000)
 Metaspace       used 13716K, capacity 13916K, committed 14080K, reserved 1062912K
  class space    used 1384K, capacity 1452K, committed 1536K, reserved 1048576K
Event: 16.679 GC heap after
Heap after GC invocations=9 (full 0):
 PSYoungGen      total 32256K, used 1835K [0x00000000eb700000, 0x00000000edb80000, 0x0000000100000000)
  eden space 30208K, 0% used [0x00000000eb700000,0x00000000eb700000,0x00000000ed480000)
  from space 2048K, 89% used [0x00000000ed500000,0x00000000ed6cac58,0x00000000ed700000)
  to   space 3584K, 0% used [0x00000000ed800000,0x00000000ed800000,0x00000000edb80000)
 ParOldGen       total 42496K, used 2905K [0x00000000c2400000, 0x00000000c4d80000, 0x00000000eb700000)
  object space 42496K, 6% used [0x00000000c2400000,0x00000000c26d6508,0x00000000c4d80000)
 Metaspace       used 13716K, capacity 13916K, committed 14080K, reserved 1062912K
  class space    used 1384K, capacity 1452K, committed 1536K, reserved 1048576K
}
Event: 17.267 GC heap before
{Heap before GC invocations=10 (full 0):
 PSYoungGen      total 32256K, used 32043K [0x00000000eb700000, 0x00000000edb80000, 0x0000000100000000)
  eden space 30208K, 100% used [0x00000000eb700000,0x00000000ed480000,0x00000000ed480000)
  from space 2048K, 89% used [0x00000000ed500000,0x00000000ed6cac58,0x00000000ed700000)
  to   space 3584K, 0% used [0x00000000ed800000,0x00000000ed800000,0x00000000edb80000)
 ParOldGen       total 42496K, used 2905K [0x00000000c2400000, 0x00000000c4d80000, 0x00000000eb700000)
  object space 42496K, 6% used [0x00000000c2400000,0x00000000c26d6508,0x00000000c4d80000)
 Metaspace       used 14787K, capacity 15054K, committed 15232K, reserved 1062912K
  class space    used 1531K, capacity 1615K, committed 1664K, reserved 1048576K
Event: 17.280 GC heap after
Heap after GC invocations=10 (full 0):
 PSYoungGen      total 33792K, used 1524K [0x00000000eb700000, 0x00000000eed80000, 0x0000000100000000)
  eden space 30208K, 0% used [0x00000000eb700000,0x00000000eb700000,0x00000000ed480000)
  from space 3584K, 42% used [0x00000000ed800000,0x00000000ed97d1d8,0x00000000edb80000)
  to   space 3584K, 0% used [0x00000000ed480000,0x00000000ed480000,0x00000000ed800000)
 ParOldGen       total 42496K, used 3786K [0x00000000c2400000, 0x00000000c4d80000, 0x00000000eb700000)
  object space 42496K, 8% used [0x00000000c2400000,0x00000000c27b2a58,0x00000000c4d80000)
 Metaspace       used 14787K, capacity 15054K, committed 15232K, reserved 1062912K
  class space    used 1531K, capacity 1615K, committed 1664K, reserved 1048576K
}
Event: 17.912 GC heap before
{Heap before GC invocations=11 (full 0):
 PSYoungGen      total 33792K, used 31732K [0x00000000eb700000, 0x00000000eed80000, 0x0000000100000000)
  eden space 30208K, 100% used [0x00000000eb700000,0x00000000ed480000,0x00000000ed480000)
  from space 3584K, 42% used [0x00000000ed800000,0x00000000ed97d1d8,0x00000000edb80000)
  to   space 3584K, 0% used [0x00000000ed480000,0x00000000ed480000,0x00000000ed800000)
 ParOldGen       total 42496K, used 3786K [0x00000000c2400000, 0x00000000c4d80000, 0x00000000eb700000)
  object space 42496K, 8% used [0x00000000c2400000,0x00000000c27b2a58,0x00000000c4d80000)
 Metaspace       used 15776K, capacity 16052K, committed 16384K, reserved 1064960K
  class space    used 1620K, capacity 1712K, committed 1792K, reserved 1048576K
Event: 17.944 GC heap after
Heap after GC invocations=11 (full 0):
 PSYoungGen      total 33792K, used 1167K [0x00000000eb700000, 0x00000000eed80000, 0x0000000100000000)
  eden space 30208K, 0% used [0x00000000eb700000,0x00000000eb700000,0x00000000ed480000)
  from space 3584K, 32% used [0x00000000ed480000,0x00000000ed5a3f90,0x00000000ed800000)
  to   space 3584K, 0% used [0x00000000eea00000,0x00000000eea00000,0x00000000eed80000)
 ParOldGen       total 42496K, used 4359K [0x00000000c2400000, 0x00000000c4d80000, 0x00000000eb700000)
  object space 42496K, 10% used [0x00000000c2400000,0x00000000c2841e78,0x00000000c4d80000)
 Metaspace       used 15776K, capacity 16052K, committed 16384K, reserved 1064960K
  class space    used 1620K, capacity 1712K, committed 1792K, reserved 1048576K
}
Event: 17.976 GC heap before
{Heap before GC invocations=12 (full 0):
 PSYoungGen      total 33792K, used 31364K [0x00000000eb700000, 0x00000000eed80000, 0x0000000100000000)
  eden space 30208K, 99% used [0x00000000eb700000,0x00000000ed47d398,0x00000000ed480000)
  from space 3584K, 32% used [0x00000000ed480000,0x00000000ed5a3f90,0x00000000ed800000)
  to   space 3584K, 0% used [0x00000000eea00000,0x00000000eea00000,0x00000000eed80000)
 ParOldGen       total 42496K, used 4359K [0x00000000c2400000, 0x00000000c4d80000, 0x00000000eb700000)
  object space 42496K, 10% used [0x00000000c2400000,0x00000000c2841e78,0x00000000c4d80000)
 Metaspace       used 15777K, capacity 16052K, committed 16384K, reserved 1064960K
  class space    used 1620K, capacity 1712K, committed 1792K, reserved 1048576K
Event: 17.979 GC heap after
Heap after GC invocations=12 (full 0):
 PSYoungGen      total 52224K, used 99K [0x00000000eb700000, 0x00000000eed80000, 0x0000000100000000)
  eden space 48640K, 0% used [0x00000000eb700000,0x00000000eb700000,0x00000000ee680000)
  from space 3584K, 2% used [0x00000000eea00000,0x00000000eea18d38,0x00000000eed80000)
  to   space 3584K, 0% used [0x00000000ee680000,0x00000000ee680000,0x00000000eea00000)
 ParOldGen       total 42496K, used 5036K [0x00000000c2400000, 0x00000000c4d80000, 0x00000000eb700000)
  object space 42496K, 11% used [0x00000000c2400000,0x00000000c28eb2f0,0x00000000c4d80000)
 Metaspace       used 15777K, capacity 16052K, committed 16384K, reserved 1064960K
  class space    used 1620K, capacity 1712K, committed 1792K, reserved 1048576K
}
Event: 18.043 GC heap before
{Heap before GC invocations=13 (full 0):
 PSYoungGen      total 52224K, used 48699K [0x00000000eb700000, 0x00000000eed80000, 0x0000000100000000)
  eden space 48640K, 99% used [0x00000000eb700000,0x00000000ee6760e8,0x00000000ee680000)
  from space 3584K, 2% used [0x00000000eea00000,0x00000000eea18d38,0x00000000eed80000)
  to   space 3584K, 0% used [0x00000000ee680000,0x00000000ee680000,0x00000000eea00000)
 ParOldGen       total 42496K, used 5036K [0x00000000c2400000, 0x00000000c4d80000, 0x00000000eb700000)
  object space 42496K, 11% used [0x00000000c2400000,0x00000000c28eb2f0,0x00000000c4d80000)
 Metaspace       used 15778K, capacity 16052K, committed 16384K, reserved 1064960K
  class space    used 1620K, capacity 1712K, committed 1792K, reserved 1048576K

Deoptimization events (10 events):
Event: 14.104 Thread 0x00007f2eac00b000 Uncommon trap: reason=unstable_if action=reinterpret pc=0x00007f2e9d3b3148 method=sun.misc.MetaIndex.mayContain(Ljava/lang/String;)Z @ 13
Event: 14.390 Thread 0x00007f2eac00b000 Uncommon trap: reason=null_check action=make_not_entrant pc=0x00007f2e9d12db04 method=java.lang.String.equals(Ljava/lang/Object;)Z @ 8
Event: 15.181 Thread 0x00007f2eac00b000 Uncommon trap: reason=unstable_if action=reinterpret pc=0x00007f2e9d2884b8 method=java.lang.AbstractStringBuilder.append(Ljava/lang/String;)Ljava/lang/AbstractStringBuilder; @ 1
Event: 16.277 Thread 0x00007f2eac00b000 Uncommon trap: reason=unloaded action=reinterpret pc=0x00007f2e9d551cec method=org.jacoco.agent.rt.internal_b0d6a23.asm.ClassReader.readConst(I[C)Ljava/lang/Object; @ 97
Event: 17.314 Thread 0x00007f2eac00b000 Uncommon trap: reason=range_check action=make_not_entrant pc=0x00007f2e9d5dbc80 method=sun.reflect.generics.parser.SignatureParser.current()C @ 34
Event: 17.624 Thread 0x00007f2eac00b000 Uncommon trap: reason=bimorphic action=maybe_recompile pc=0x00007f2e9d5ed2e4 method=java.util.HashMap.putVal(ILjava/lang/Object;Ljava/lang/Object;ZZ)Ljava/lang/Object; @ 203
Event: 17.624 Thread 0x00007f2eac00b000 Uncommon trap: reason=bimorphic action=maybe_recompile pc=0x00007f2e9d5ed2e4 method=java.util.HashMap.putVal(ILjava/lang/Object;Ljava/lang/Object;ZZ)Ljava/lang/Object; @ 203
Event: 17.625 Thread 0x00007f2eac00b000 Uncommon trap: reason=bimorphic action=maybe_recompile pc=0x00007f2e9d5ed2e4 method=java.util.HashMap.putVal(ILjava/lang/Object;Ljava/lang/Object;ZZ)Ljava/lang/Object; @ 203
Event: 17.635 Thread 0x00007f2eac00b000 Uncommon trap: reason=unstable_if action=reinterpret pc=0x00007f2e9d5760d0 method=java.util.regex.Pattern$CharProperty.match(Ljava/util/regex/Matcher;ILjava/lang/CharSequence;)Z @ 40
Event: 17.662 Thread 0x00007f2eac00b000 Uncommon trap: reason=bimorphic action=maybe_recompile pc=0x00007f2e9d5ed2e4 method=java.util.HashMap.putVal(ILjava/lang/Object;Ljava/lang/Object;ZZ)Ljava/lang/Object; @ 203

Internal exceptions (10 events):
Event: 17.757 Thread 0x00007f2eac00b000 Exception <a 'java/security/PrivilegedActionException'> (0x00000000eccb0b10) thrown at [/HUDSON3/workspace/8-2-build-linux-amd64/jdk8u144/9417/hotspot/src/share/vm/prims/jvm.cpp, line 1390]
Event: 17.757 Thread 0x00007f2eac00b000 Exception <a 'java/security/PrivilegedActionException'> (0x00000000eccb0f08) thrown at [/HUDSON3/workspace/8-2-build-linux-amd64/jdk8u144/9417/hotspot/src/share/vm/prims/jvm.cpp, line 1390]
Event: 17.758 Thread 0x00007f2eac00b000 Exception <a 'java/security/PrivilegedActionException'> (0x00000000eccb50a0) thrown at [/HUDSON3/workspace/8-2-build-linux-amd64/jdk8u144/9417/hotspot/src/share/vm/prims/jvm.cpp, line 1390]
Event: 17.758 Thread 0x00007f2eac00b000 Exception <a 'java/security/PrivilegedActionException'> (0x00000000eccb5498) thrown at [/HUDSON3/workspace/8-2-build-linux-amd64/jdk8u144/9417/hotspot/src/share/vm/prims/jvm.cpp, line 1390]
Event: 17.796 Thread 0x00007f2eac00b000 Exception <a 'java/io/FileNotFoundException'> (0x00000000ecf0e750) thrown at [/HUDSON3/workspace/8-2-build-linux-amd64/jdk8u144/9417/hotspot/src/share/vm/prims/jni.cpp, line 709]
Event: 17.796 Thread 0x00007f2eac00b000 Exception <a 'java/io/FileNotFoundException'> (0x00000000ecf0f358) thrown at [/HUDSON3/workspace/8-2-build-linux-amd64/jdk8u144/9417/hotspot/src/share/vm/prims/jni.cpp, line 709]
Event: 17.797 Thread 0x00007f2eac00b000 Exception <a 'java/security/PrivilegedActionException'> (0x00000000ecf18480) thrown at [/HUDSON3/workspace/8-2-build-linux-amd64/jdk8u144/9417/hotspot/src/share/vm/prims/jvm.cpp, line 1390]
Event: 17.797 Thread 0x00007f2eac00b000 Exception <a 'java/security/PrivilegedActionException'> (0x00000000ecf18878) thrown at [/HUDSON3/workspace/8-2-build-linux-amd64/jdk8u144/9417/hotspot/src/share/vm/prims/jvm.cpp, line 1390]
Event: 17.797 Thread 0x00007f2eac00b000 Exception <a 'java/security/PrivilegedActionException'> (0x00000000ecf1c990) thrown at [/HUDSON3/workspace/8-2-build-linux-amd64/jdk8u144/9417/hotspot/src/share/vm/prims/jvm.cpp, line 1390]
Event: 17.797 Thread 0x00007f2eac00b000 Exception <a 'java/security/PrivilegedActionException'> (0x00000000ecf1cd88) thrown at [/HUDSON3/workspace/8-2-build-linux-amd64/jdk8u144/9417/hotspot/src/share/vm/prims/jvm.cpp, line 1390]

Events (10 events):
Event: 17.905 loading class sun/text/normalizer/RangeValueIterator$Element done
Event: 17.911 Executing VM operation: ParallelGCFailedAllocation
Event: 17.945 Executing VM operation: ParallelGCFailedAllocation done
Event: 17.945 Executing VM operation: RevokeBias
Event: 17.945 Executing VM operation: RevokeBias done
Event: 17.945 Executing VM operation: RevokeBias
Event: 17.945 Executing VM operation: RevokeBias done
Event: 17.976 Executing VM operation: ParallelGCFailedAllocation
Event: 17.979 Executing VM operation: ParallelGCFailedAllocation done
Event: 18.032 Executing VM operation: ParallelGCFailedAllocation


Dynamic libraries:
00400000-00401000 r-xp 00000000 08:01 2106691                            /usr/lib/jvm/java-8-oracle/jre/bin/java
00600000-00601000 rw-p 00000000 08:01 2106691                            /usr/lib/jvm/java-8-oracle/jre/bin/java
008a9000-008ca000 rw-p 00000000 00:00 0                                  [heap]
c2400000-c4d80000 rw-p 00000000 00:00 0 
c4d80000-eb700000 ---p 00000000 00:00 0 
eb700000-eed80000 rw-p 00000000 00:00 0 
f0a00000-100000000 ---p 00000000 00:00 0 
100000000-1001c0000 rw-p 00000000 00:00 0 
1001c0000-140000000 ---p 00000000 00:00 0 
7f2e6c000000-7f2e6c021000 rw-p 00000000 00:00 0 
7f2e6c021000-7f2e70000000 ---p 00000000 00:00 0 
7f2e74000000-7f2e75915000 rw-p 00000000 00:00 0 
7f2e75915000-7f2e78000000 ---p 00000000 00:00 0 
7f2e78000000-7f2e78021000 rw-p 00000000 00:00 0 
7f2e78021000-7f2e7c000000 ---p 00000000 00:00 0 
7f2e7c000000-7f2e7c021000 rw-p 00000000 00:00 0 
7f2e7c021000-7f2e80000000 ---p 00000000 00:00 0 
7f2e80000000-7f2e80be3000 rw-p 00000000 00:00 0 
7f2e80be3000-7f2e84000000 ---p 00000000 00:00 0 
7f2e84000000-7f2e84021000 rw-p 00000000 00:00 0 
7f2e84021000-7f2e88000000 ---p 00000000 00:00 0 
7f2e88000000-7f2e88021000 rw-p 00000000 00:00 0 
7f2e88021000-7f2e8c000000 ---p 00000000 00:00 0 
7f2e8c000000-7f2e8c29e000 rw-p 00000000 00:00 0 
7f2e8c29e000-7f2e90000000 ---p 00000000 00:00 0 
7f2e90000000-7f2e90029000 rw-p 00000000 00:00 0 
7f2e90029000-7f2e94000000 ---p 00000000 00:00 0 
7f2e95b18000-7f2e95b58000 rw-p 00000000 00:00 0 
7f2e95b58000-7f2e95d18000 ---p 00000000 00:00 0 
7f2e95d18000-7f2e95d2b000 r--s 00345000 08:01 1976712                    /usr/lib/jvm/java-8-oracle/jre/lib/resources.jar
7f2e95d2b000-7f2e95d47000 r--s 00393000 08:01 2106535                    /usr/lib/jvm/java-8-oracle/jre/lib/ext/cldrdata.jar
7f2e95d47000-7f2e95d51000 r--s 00116000 08:01 2106532                    /usr/lib/jvm/java-8-oracle/jre/lib/ext/localedata.jar
7f2e95d51000-7f2e95f51000 rw-p 00000000 00:00 0 
7f2e95f51000-7f2e96151000 rw-p 00000000 00:00 0 
7f2e96156000-7f2e96356000 rw-p 00000000 00:00 0 
7f2e96356000-7f2e96358000 r--s 00007000 08:01 791719                     /home/madunlap/.m2/repository/org/apache/maven/surefire/surefire-junit4/2.10/surefire-junit4-2.10.jar
7f2e96358000-7f2e9635a000 r--s 0000b000 08:01 921145                     /home/madunlap/.m2/repository/org/json/json/20160212/json-20160212.jar
7f2e9635a000-7f2e9635c000 r--s 00009000 08:01 921147                     /home/madunlap/.m2/repository/com/mashape/unirest/unirest-java/1.4.9/unirest-java-1.4.9.jar
7f2e9635c000-7f2e9635e000 r--s 0000e000 08:01 921141                     /home/madunlap/.m2/repository/org/jvnet/mimepull/mimepull/1.9.6/mimepull-1.9.6.jar
7f2e9635e000-7f2e96361000 r--s 0000e000 08:01 921143                     /home/madunlap/.m2/repository/org/glassfish/jersey/media/jersey-media-multipart/2.23.2/jersey-media-multipart-2.23.2.jar
7f2e96361000-7f2e96365000 r--s 00019000 08:01 921137                     /home/madunlap/.m2/repository/javax/ws/rs/javax.ws.rs-api/2.0.1/javax.ws.rs-api-2.0.1.jar
7f2e96365000-7f2e96367000 r--s 00010000 08:01 921134                     /home/madunlap/.m2/repository/org/glassfish/jersey/media/jersey-media-jaxb/2.23.2/jersey-media-jaxb-2.23.2.jar
7f2e96367000-7f2e9636c000 r--s 00025000 08:01 921138                     /home/madunlap/.m2/repository/org/glassfish/jersey/core/jersey-client/2.23.2/jersey-client-2.23.2.jar
7f2e9636c000-7f2e96382000 r--s 000d3000 08:01 921133                     /home/madunlap/.m2/repository/org/glassfish/jersey/core/jersey-server/2.23.2/jersey-server-2.23.2.jar
7f2e96382000-7f2e96383000 r--s 00004000 08:01 921129                     /home/madunlap/.m2/repository/org/glassfish/hk2/osgi-resource-locator/1.0.1/osgi-resource-locator-1.0.1.jar
7f2e96383000-7f2e9638d000 r--s 000ae000 08:01 921127                     /home/madunlap/.m2/repository/org/javassist/javassist/3.20.0-GA/javassist-3.20.0-GA.jar
7f2e9638d000-7f2e96390000 r--s 0002a000 08:01 921123                     /home/madunlap/.m2/repository/org/glassfish/hk2/hk2-locator/2.5.0-b05/hk2-locator-2.5.0-b05.jar
7f2e96390000-7f2e96392000 r--s 00002000 08:01 921128                     /home/madunlap/.m2/repository/org/glassfish/hk2/external/aopalliance-repackaged/2.5.0-b05/aopalliance-repackaged-2.5.0-b05.jar
7f2e96392000-7f2e96396000 r--s 0001a000 08:01 921125                     /home/madunlap/.m2/repository/org/glassfish/hk2/hk2-utils/2.5.0-b05/hk2-utils-2.5.0-b05.jar
7f2e96396000-7f2e9639b000 r--s 00027000 08:01 921118                     /home/madunlap/.m2/repository/org/glassfish/hk2/hk2-api/2.5.0-b05/hk2-api-2.5.0-b05.jar
7f2e9639b000-7f2e963b3000 r--s 000d6000 08:01 921120                     /home/madunlap/.m2/repository/org/glassfish/jersey/bundles/repackaged/jersey-guava/2.23.2/jersey-guava-2.23.2.jar
7f2e963b3000-7f2e963b5000 r--s 00005000 08:01 921116                     /home/madunlap/.m2/repository/javax/annotation/javax.annotation-api/1.2/javax.annotation-api-1.2.jar
7f2e963b5000-7f2e963c4000 r--s 000a0000 08:01 921111                     /home/madunlap/.m2/repository/org/glassfish/jersey/core/jersey-common/2.23.2/jersey-common-2.23.2.jar
7f2e963c4000-7f2e963c5000 r--s 00001000 08:01 921113                     /home/madunlap/.m2/repository/org/glassfish/hk2/external/javax.inject/2.5.0-b05/javax.inject-2.5.0-b05.jar
7f2e963c5000-7f2e963c8000 r--s 0000e000 08:01 921110                     /home/madunlap/.m2/repository/org/glassfish/jersey/containers/jersey-container-servlet-core/2.23.2/jersey-container-servlet-core-2.23.2.jar
7f2e963c8000-7f2e963ca000 r--s 00003000 08:01 921107                     /home/madunlap/.m2/repository/org/glassfish/jersey/containers/jersey-container-servlet/2.23.2/jersey-container-servlet-2.23.2.jar
7f2e963ca000-7f2e963cc000 r--s 00008000 08:01 921112                     /home/madunlap/.m2/repository/com/google/auto/auto-common/0.3/auto-common-0.3.jar
7f2e963cc000-7f2e963cd000 r--s 00002000 08:01 921105                     /home/madunlap/.m2/repository/com/google/auto/service/auto-service/1.0-rc2/auto-service-1.0-rc2.jar
7f2e963cd000-7f2e963cf000 r--s 0000c000 08:01 921153                     /home/madunlap/.m2/repository/com/lyncode/xoai-service-provider/4.1.0-header-patch/xoai-service-provider-4.1.0-header-patch.jar
7f2e963cf000-7f2e963d0000 r--s 00001000 08:01 921104                     /home/madunlap/.m2/repository/com/lyncode/builder-commons/1.0.2/builder-commons-1.0.2.jar
7f2e963d0000-7f2e963d3000 r--s 00012000 08:01 921152                     /home/madunlap/.m2/repository/com/lyncode/xoai-data-provider/4.1.0-header-patch/xoai-data-provider-4.1.0-header-patch.jar
7f2e963d3000-7f2e963d5000 r--s 00005000 08:01 791390                     /home/madunlap/.m2/repository/stax/stax-api/1.0.1/stax-api-1.0.1.jar
7f2e963d5000-7f2e963db000 r--s 00048000 08:01 921101                     /home/madunlap/.m2/repository/org/apache/commons/commons-lang3/3.1/commons-lang3-3.1.jar
7f2e963db000-7f2e963dd000 r--s 00004000 08:01 921097                     /home/madunlap/.m2/repository/javax/xml/stream/stax-api/1.0-2/stax-api-1.0-2.jar
7f2e963dd000-7f2e963e1000 r--s 00029000 08:01 921098                     /home/madunlap/.m2/repository/org/codehaus/woodstox/stax2-api/3.0.4/stax2-api-3.0.4.jar
7f2e963e1000-7f2e963e7000 r--s 00045000 08:01 921095                     /home/madunlap/.m2/repository/org/hamcrest/hamcrest-all/1.3/hamcrest-all-1.3.jar
7f2e963e7000-7f2e963ec000 r--s 00016000 08:01 791388                     /home/madunlap/.m2/repository/xml-apis/xml-apis/1.0.b2/xml-apis-1.0.b2.jar
7f2e963ec000-7f2e963ed000 r--s 00003000 08:01 921092                     /home/madunlap/.m2/repository/com/lyncode/test-support/1.0.4/test-support-1.0.4.jar
7f2e963ed000-7f2e963ef000 r--s 00004000 08:01 921090                     /home/madunlap/.m2/repository/com/lyncode/xml-io/1.0.3/xml-io-1.0.3.jar
7f2e963ef000-7f2e963f1000 r--s 0000d000 08:01 921151                     /home/madunlap/.m2/repository/com/lyncode/xoai-common/4.1.0-header-patch/xoai-common-4.1.0-header-patch.jar
7f2e963f1000-7f2e963f4000 r--s 00011000 08:01 921088                     /home/madunlap/.m2/repository/com/github/scribejava/scribejava-core/3.1.0/scribejava-core-3.1.0.jar
7f2e963f4000-7f2e963f7000 r--s 00010000 08:01 921084                     /home/madunlap/.m2/repository/com/github/scribejava/scribejava-apis/3.1.0/scribejava-apis-3.1.0.jar
7f2e963f7000-7f2e96400000 r--s 0006f000 08:01 921083                     /home/madunlap/.m2/repository/log4j/log4j/1.2.17/log4j-1.2.17.jar
7f2e96400000-7f2e964d7000 r--s 007aa000 08:01 921093                     /home/madunlap/.m2/repository/net/sf/ehcache/ehcache/2.10.1/ehcache-2.10.1.jar
7f2e964d7000-7f2e964d9000 r--s 00008000 08:01 921082                     /home/madunlap/.m2/repository/org/apache/commons/commons-csv/1.2/commons-csv-1.2.jar
7f2e964d9000-7f2e964dd000 r--s 00035000 08:01 921081                     /home/madunlap/.m2/repository/com/fasterxml/jackson/core/jackson-core/2.5.3/jackson-core-2.5.3.jar
7f2e964dd000-7f2e964df000 r--s 00008000 08:01 921075                     /home/madunlap/.m2/repository/com/fasterxml/jackson/core/jackson-annotations/2.5.0/jackson-annotations-2.5.0.jar
7f2e964df000-7f2e964f1000 r--s 00106000 08:01 921073                     /home/madunlap/.m2/repository/com/fasterxml/jackson/core/jackson-databind/2.5.3/jackson-databind-2.5.3.jar
7f2e964f1000-7f2e964f4000 r--s 00006000 08:01 921070                     /home/madunlap/.m2/repository/com/google/code/findbugs/jsr305/1.3.9/jsr305-1.3.9.jar
7f2e964f4000-7f2e964fa000 r--s 00040000 08:01 921074                     /home/madunlap/.m2/repository/com/google/http-client/google-http-client/1.20.0/google-http-client-1.20.0.jar
7f2e964fa000-7f2e964fb000 r--s 00004000 08:01 921066                     /home/madunlap/.m2/repository/com/maxmind/db/maxmind-db/1.0.0/maxmind-db-1.0.0.jar
7f2e964fb000-7f2e964fd000 r--s 00007000 08:01 921064                     /home/madunlap/.m2/repository/com/maxmind/geoip2/geoip2/2.3.1/geoip2-2.3.1.jar
7f2e964fd000-7f2e964ff000 r--s 00003000 08:01 921062                     /home/madunlap/.m2/repository/org/slf4j/jcl-over-slf4j/1.7.2/jcl-over-slf4j-1.7.2.jar
7f2e964ff000-7f2e96503000 r--s 00034000 08:01 921067                     /home/madunlap/.m2/repository/org/codehaus/jackson/jackson-core-asl/1.9.7/jackson-core-asl-1.9.7.jar
7f2e96503000-7f2e96512000 r--s 000b0000 08:01 921065                     /home/madunlap/.m2/repository/org/codehaus/jackson/jackson-mapper-asl/1.9.7/jackson-mapper-asl-1.9.7.jar
7f2e96512000-7f2e9651c000 r--s 0003d000 08:01 921060                     /home/madunlap/.m2/repository/org/javaswift/joss/0.9.10/joss-0.9.10.jar
7f2e9651c000-7f2e96523000 r--s 0003a000 08:01 921056                     /home/madunlap/.m2/repository/commons-codec/commons-codec/1.9/commons-codec-1.9.jar
7f2e96523000-7f2e9652a000 r--s 00048000 08:01 921054                     /home/madunlap/.m2/repository/org/apache/httpcomponents/httpcore/4.4.1/httpcore-4.4.1.jar
7f2e9652a000-7f2e96537000 r--s 000a4000 08:01 921052                     /home/madunlap/.m2/repository/org/apache/httpcomponents/httpclient/4.4.1/httpclient-4.4.1.jar
7f2e96537000-7f2e9653b000 r--s 00028000 08:01 921050                     /home/madunlap/.m2/repository/org/apache/httpcomponents/httpasyncclient/4.1/httpasyncclient-4.1.jar
7f2e9653b000-7f2e96542000 r--s 00050000 08:01 921049                     /home/madunlap/.m2/repository/org/apache/httpcomponents/httpcore-nio/4.4.1/httpcore-nio-4.4.1.jar
7f2e96542000-7f2e96548000 r--s 00033000 08:01 921046                     /home/madunlap/.m2/repository/io/searchbox/jest-common/0.1.7/jest-common-0.1.7.jar
7f2e96548000-7f2e96549000 r--s 00004000 08:01 921045                     /home/madunlap/.m2/repository/io/searchbox/jest/0.1.7/jest-0.1.7.jar
7f2e96549000-7f2e9654c000 r--s 0000f000 08:01 921042                     /home/madunlap/.m2/repository/commons-discovery/commons-discovery/0.2/commons-discovery-0.2.jar
7f2e9654c000-7f2e9654f000 r--s 0001c000 08:01 921043                     /home/madunlap/.m2/repository/axis/axis-wsdl4j/1.5.1/axis-wsdl4j-1.5.1.jar
7f2e9654f000-7f2e96550000 r--s 00004000 08:01 921039                     /home/madunlap/.m2/repository/org/apache/axis/axis-saaj/1.4/axis-saaj-1.4.jar
7f2e96550000-7f2e96552000 r--s 00006000 08:01 921036                     /home/madunlap/.m2/repository/org/apache/axis/axis-jaxrpc/1.4/axis-jaxrpc-1.4.jar
7f2e96552000-7f2e96566000 r--s 00173000 08:01 921038                     /home/madunlap/.m2/repository/axis/axis/1.4/axis-1.4.jar
7f2e96566000-7f2e96568000 r--s 00009000 08:01 921034                     /home/madunlap/.m2/repository/org/objenesis/objenesis/2.1/objenesis-2.1.jar
7f2e96568000-7f2e96584000 r--s 00103000 08:01 921030                     /home/madunlap/.m2/repository/org/mockito/mockito-core/1.10.19/mockito-core-1.10.19.jar
7f2e96584000-7f2e96586000 r--s 00001000 08:01 921031                     /home/madunlap/.m2/repository/org/slf4j/slf4j-log4j12/1.7.7/slf4j-log4j12-1.7.7.jar
7f2e96586000-7f2e96588000 r--s 00006000 08:01 791385                     /home/madunlap/.m2/repository/org/slf4j/slf4j-api/1.7.7/slf4j-api-1.7.7.jar
7f2e96588000-7f2e9658c000 r--s 0001f000 08:01 921028                     /home/madunlap/.m2/repository/org/jacoco/org.jacoco.report/0.7.5.201505241946/org.jacoco.report-0.7.5.201505241946.jar
7f2e9658c000-7f2e96591000 r--s 00058000 08:01 921027                     /home/madunlap/.m2/repository/org/ow2/asm/asm-debug-all/5.0.1/asm-debug-all-5.0.1.jar
7f2e96591000-7f2e96595000 r--s 0001d000 08:01 791383                     /home/madunlap/.m2/repository/org/jacoco/org.jacoco.core/0.7.5.201505241946/org.jacoco.core-0.7.5.201505241946.jar
7f2e96595000-7f2e96596000 ---p 00000000 00:00 0 
7f2e96596000-7f2e96696000 rw-p 00000000 00:00 0 
7f2e96696000-7f2e96699000 ---p 00000000 00:00 0 
7f2e96699000-7f2e96797000 rw-p 00000000 00:00 0 
7f2e96797000-7f2e9679a000 ---p 00000000 00:00 0 
7f2e9679a000-7f2e96898000 rw-p 00000000 00:00 0 
7f2e96898000-7f2e9689b000 ---p 00000000 00:00 0 
7f2e9689b000-7f2e96999000 rw-p 00000000 00:00 0 
7f2e96999000-7f2e969aa000 r-xp 00000000 08:01 2106483                    /usr/lib/jvm/java-8-oracle/jre/lib/amd64/libnio.so
7f2e969aa000-7f2e96ba9000 ---p 00011000 08:01 2106483                    /usr/lib/jvm/java-8-oracle/jre/lib/amd64/libnio.so
7f2e96ba9000-7f2e96baa000 rw-p 00010000 08:01 2106483                    /usr/lib/jvm/java-8-oracle/jre/lib/amd64/libnio.so
7f2e96baa000-7f2e96bc0000 r-xp 00000000 08:01 2106458                    /usr/lib/jvm/java-8-oracle/jre/lib/amd64/libnet.so
7f2e96bc0000-7f2e96dc0000 ---p 00016000 08:01 2106458                    /usr/lib/jvm/java-8-oracle/jre/lib/amd64/libnet.so
7f2e96dc0000-7f2e96dc1000 rw-p 00016000 08:01 2106458                    /usr/lib/jvm/java-8-oracle/jre/lib/amd64/libnet.so
7f2e96dc1000-7f2e96dc4000 r--s 0001a000 08:01 1976716                    /usr/lib/jvm/java-8-oracle/jre/lib/jce.jar
7f2e96dc4000-7f2e96dc9000 r--s 0009a000 08:01 1976643                    /usr/lib/jvm/java-8-oracle/jre/lib/jsse.jar
7f2e96dc9000-7f2e96dcf000 r--s 00041000 08:01 661360                     /home/madunlap/.m2/repository/org/jacoco/org.jacoco.agent/0.7.5.201505241946/org.jacoco.agent-0.7.5.201505241946-runtime.jar
7f2e96dcf000-7f2e96dd1000 r--s 0000e000 08:01 921023                     /home/madunlap/.m2/repository/oro/oro/2.0.8/oro-2.0.8.jar
7f2e96dd1000-7f2e96dd9000 r--s 00058000 08:01 921019                     /home/madunlap/.m2/repository/org/apache/velocity/velocity/1.5/velocity-1.5.jar
7f2e96dd9000-7f2e96dda000 r--s 00001000 08:01 921022                     /home/madunlap/.m2/repository/org/codehaus/plexus/plexus-velocity/1.1.7/plexus-velocity-1.1.7.jar
7f2e96dda000-7f2e96ddb000 r--s 00002000 08:01 921017                     /home/madunlap/.m2/repository/org/codehaus/plexus/plexus-i18n/1.0-beta-7/plexus-i18n-1.0-beta-7.jar
7f2e96ddb000-7f2e96ddd000 r--s 00008000 08:01 921015                     /home/madunlap/.m2/repository/org/apache/maven/doxia/doxia-module-fml/1.1.2/doxia-module-fml-1.1.2.jar
7f2e96ddd000-7f2e96dde000 r--s 00003000 08:01 921016                     /home/madunlap/.m2/repository/org/apache/maven/doxia/doxia-module-xhtml/1.1.2/doxia-module-xhtml-1.1.2.jar
7f2e96dde000-7f2e96de0000 r--s 0000b000 08:01 921011                     /home/madunlap/.m2/repository/org/apache/maven/doxia/doxia-decoration-model/1.1.2/doxia-decoration-model-1.1.2.jar
7f2e96de0000-7f2e96de2000 r--s 0000b000 08:01 921008                     /home/madunlap/.m2/repository/org/apache/maven/doxia/doxia-site-renderer/1.1.2/doxia-site-renderer-1.1.2.jar
7f2e96de2000-7f2e96de6000 r--s 00023000 08:01 921010                     /home/madunlap/.m2/repository/org/apache/maven/doxia/doxia-core/1.1.2/doxia-core-1.1.2.jar
7f2e96de6000-7f2e96de8000 r--s 00003000 08:01 921007                     /home/madunlap/.m2/repository/org/apache/maven/reporting/maven-reporting-impl/2.1/maven-reporting-impl-2.1.jar
7f2e96de8000-7f2e96de9000 r--s 00002000 08:01 921004                     /home/madunlap/.m2/repository/org/apache/maven/doxia/doxia-logging-api/1.1/doxia-logging-api-1.1.jar
7f2e96de9000-7f2e96deb000 r--s 00002000 08:01 921001                     /home/madunlap/.m2/repository/org/apache/maven/doxia/doxia-sink-api/1.1/doxia-sink-api-1.1.jar
7f2e96deb000-7f2e96dec000 r--s 00002000 08:01 920999                     /home/madunlap/.m2/repository/org/apache/maven/reporting/maven-reporting-api/2.2.1/maven-reporting-api-2.2.1.jar
7f2e96dec000-7f2e96dee000 r--s 00008000 08:01 920995                     /home/madunlap/.m2/repository/org/apache/maven/shared/maven-shared-io/1.1/maven-shared-io-1.1.jar
7f2e96dee000-7f2e96df0000 r--s 00008000 08:01 920998                     /home/madunlap/.m2/repository/org/apache/maven/shared/file-management/1.2.1/file-management-1.2.1.jar
7f2e96df0000-7f2e96df5000 r--s 00039000 08:01 920997                     /home/madunlap/.m2/repository/org/codehaus/plexus/plexus-utils/1.5.6/plexus-utils-1.5.6.jar
7f2e96df5000-7f2e96df7000 r--s 00008000 08:01 920991                     /home/madunlap/.m2/repository/classworlds/classworlds/1.1-alpha-2/classworlds-1.1-alpha-2.jar
7f2e96df7000-7f2e96dfe000 r--s 00029000 08:01 920988                     /home/madunlap/.m2/repository/org/codehaus/plexus/plexus-container-default/1.0-alpha-9-stable-1/plexus-container-default-1.0-alpha-9-stable-1.jar
7f2e96dfe000-7f2e96e01000 r--s 00011000 08:01 920989                     /home/madunlap/.m2/repository/org/apache/maven/maven-artifact/2.2.1/maven-artifact-2.2.1.jar
7f2e96e01000-7f2e96e03000 r--s 0000b000 08:01 920985                     /home/madunlap/.m2/repository/org/codehaus/plexus/plexus-interpolation/1.11/plexus-interpolation-1.11.jar
7f2e96e03000-7f2e96e05000 r--s 00006000 08:01 920982                     /home/madunlap/.m2/repository/org/apache/maven/maven-plugin-registry/2.2.1/maven-plugin-registry-2.2.1.jar
7f2e96e05000-7f2e96e0d000 r--s 00049000 08:01 920984                     /home/madunlap/.m2/repository/backport-util-concurrent/backport-util-concurrent/3.1/backport-util-concurrent-3.1.jar
7f2e96e0d000-7f2e96e0f000 r--s 0000b000 08:01 920978                     /home/madunlap/.m2/repository/org/apache/maven/wagon/wagon-provider-api/1.0-beta-6/wagon-provider-api-1.0-beta-6.jar
7f2e96e0f000-7f2e96e11000 r--s 00005000 08:01 920980                     /home/madunlap/.m2/repository/org/apache/maven/maven-repository-metadata/2.2.1/maven-repository-metadata-2.2.1.jar
7f2e96e11000-7f2e96e13000 r--s 0000f000 08:01 920975                     /home/madunlap/.m2/repository/org/apache/maven/maven-artifact-manager/2.2.1/maven-artifact-manager-2.2.1.jar
7f2e96e13000-7f2e96e15000 r--s 00014000 08:01 920971                     /home/madunlap/.m2/repository/org/apache/maven/maven-model/2.2.1/maven-model-2.2.1.jar
7f2e96e15000-7f2e96e17000 r--s 00007000 08:01 920969                     /home/madunlap/.m2/repository/org/apache/maven/maven-profile/2.2.1/maven-profile-2.2.1.jar
7f2e96e17000-7f2e96e18000 r--s 0000b000 08:01 920972                     /home/madunlap/.m2/repository/org/apache/maven/maven-settings/2.2.1/maven-settings-2.2.1.jar
7f2e96e18000-7f2e96e1c000 r--s 00023000 08:01 920973                     /home/madunlap/.m2/repository/org/apache/maven/maven-project/2.2.1/maven-project-2.2.1.jar
7f2e96e1c000-7f2e96e1e000 r--s 00002000 08:01 661356                     /home/madunlap/.m2/repository/org/apache/maven/maven-plugin-api/2.2.1/maven-plugin-api-2.2.1.jar
7f2e96e1e000-7f2e96e20000 r--s 0000b000 08:01 660606                     /home/madunlap/.m2/repository/org/jacoco/jacoco-maven-plugin/0.7.5.201505241946/jacoco-maven-plugin-0.7.5.201505241946.jar
7f2e96e20000-7f2e96e22000 r--s 00013000 08:01 791380                     /home/madunlap/.m2/repository/com/jayway/restassured/xml-path/2.4.0/xml-path-2.4.0.jar
7f2e96e22000-7f2e96e24000 r--s 00007000 08:01 791379                     /home/madunlap/.m2/repository/com/jayway/restassured/rest-assured-common/2.4.0/rest-assured-common-2.4.0.jar
7f2e96e24000-7f2e96e26000 r--s 0001e000 08:01 661355                     /home/madunlap/.m2/repository/org/codehaus/groovy/groovy-json/2.3.7/groovy-json-2.3.7.jar
7f2e96e26000-7f2e96e28000 r--s 0000d000 08:01 791376                     /home/madunlap/.m2/repository/com/jayway/restassured/json-path/2.4.0/json-path-2.4.0.jar
7f2e96e28000-7f2e96e2a000 r--s 00015000 08:01 791373                     /home/madunlap/.m2/repository/org/ccil/cowan/tagsoup/tagsoup/1.2.1/tagsoup-1.2.1.jar
7f2e96e2a000-7f2e96e2b000 r--s 0000c000 08:01 791372                     /home/madunlap/.m2/repository/org/hamcrest/hamcrest-library/1.3/hamcrest-library-1.3.jar
7f2e96e2b000-7f2e96e2d000 r--s 00009000 08:01 791370                     /home/madunlap/.m2/repository/org/hamcrest/hamcrest-core/1.3/hamcrest-core-1.3.jar
7f2e96e2d000-7f2e96e32000 r--s 00034000 08:01 661352                     /home/madunlap/.m2/repository/org/codehaus/groovy/groovy-xml/2.3.7/groovy-xml-2.3.7.jar
7f2e96e32000-7f2e96e7b000 r--s 003fb000 08:01 661354                     /home/madunlap/.m2/repository/org/codehaus/groovy/groovy/2.3.7/groovy-2.3.7.jar
7f2e96e7b000-7f2e96e85000 r--s 0008c000 08:01 791368                     /home/madunlap/.m2/repository/com/jayway/restassured/rest-assured/2.4.0/rest-assured-2.4.0.jar
7f2e96e85000-7f2e96e8b000 r--s 00044000 08:01 791367                     /home/madunlap/.m2/repository/org/jsoup/jsoup/1.8.1/jsoup-1.8.1.jar
7f2e96e8b000-7f2e96e8d000 r--s 00004000 08:01 791401                     /home/madunlap/.m2/repository/edu/ucsb/nceas/ezid/1.0.0/ezid-1.0.0.jar
7f2e96e8d000-7f2e96e90000 r--s 0000b000 08:01 791362                     /home/madunlap/.m2/repository/org/ocpsoft/rewrite/rewrite-integration-faces/2.0.12.Final/rewrite-integration-faces-2.0.12.Final.jar
7f2e96e90000-7f2e96e92000 r--s 00001000 08:01 791360                     /home/madunlap/.m2/repository/org/ocpsoft/rewrite/rewrite-annotations-api/2.0.12.Final/rewrite-annotations-api-2.0.12.Final.jar
7f2e96e92000-7f2e96e93000 r--s 00005000 08:01 791359                     /home/madunlap/.m2/repository/org/ocpsoft/rewrite/rewrite-addressbuilder/2.0.12.Final/rewrite-addressbuilder-2.0.12.Final.jar
7f2e96e93000-7f2e96e95000 r--s 00008000 08:01 791357                     /home/madunlap/.m2/repository/org/ocpsoft/rewrite/rewrite-api-servlet/2.0.12.Final/rewrite-api-servlet-2.0.12.Final.jar
7f2e96e95000-7f2e96e97000 r--s 00001000 08:01 791354                     /home/madunlap/.m2/repository/org/ocpsoft/logging/logging-api/1.0.2.Final/logging-api-1.0.2.Final.jar
7f2e96e97000-7f2e96e98000 r--s 00003000 08:01 791353                     /home/madunlap/.m2/repository/org/ocpsoft/common/common-api/1.0.5.Final/common-api-1.0.5.Final.jar
7f2e96e98000-7f2e96e9c000 r--s 00018000 08:01 791351                     /home/madunlap/.m2/repository/org/ocpsoft/rewrite/rewrite-api/2.0.12.Final/rewrite-api-2.0.12.Final.jar
7f2e96e9c000-7f2e96e9e000 r--s 00005000 08:01 791349                     /home/madunlap/.m2/repository/org/ocpsoft/rewrite/rewrite-annotations-impl/2.0.12.Final/rewrite-annotations-impl-2.0.12.Final.jar
7f2e96e9e000-7f2e96eac000 r--s 00092000 08:01 791352                     /home/madunlap/.m2/repository/org/ocpsoft/rewrite/rewrite-config-prettyfaces/2.0.12.Final/rewrite-config-prettyfaces-2.0.12.Final.jar
7f2e96eac000-7f2e96eba000 r--s 0005f000 08:01 791345                     /home/madunlap/.m2/repository/org/ocpsoft/rewrite/rewrite-servlet/2.0.12.Final/rewrite-servlet-2.0.12.Final.jar
7f2e96eba000-7f2e96ebe000 r--s 0003c000 08:01 791218                     /home/madunlap/.m2/repository/javax/media/jai_codec/1.1.3/jai_codec-1.1.3.jar
7f2e96ebe000-7f2e96ed2000 r--s 001bd000 08:01 791220                     /home/madunlap/.m2/repository/javax/media/jai_core/1.1.3/jai_core-1.1.3.jar
7f2e96ed2000-7f2e96ee3000 r--s 00106000 08:01 791219                     /home/madunlap/.m2/repository/javax/media/jai_imageio/1.1.1/jai_imageio-1.1.1.jar
7f2e96ee3000-7f2e96ee5000 r--s 00009000 08:01 791399                     /home/madunlap/.m2/repository/edu/harvard/hul/ois/jhove/jhove-handler/1.11.0/jhove-handler-1.11.0.jar
7f2e96ee5000-7f2e96eee000 r--s 00079000 08:01 791398                     /home/madunlap/.m2/repository/edu/harvard/hul/ois/jhove/jhove-module/1.11.0/jhove-module-1.11.0.jar
7f2e96eee000-7f2e96ef1000 r--s 00011000 08:01 791396                     /home/madunlap/.m2/repository/edu/harvard/hul/ois/jhove/jhove/1.11.0/jhove-1.11.0.jar
7f2e96ef1000-7f2e96f01000 r--s 0011f000 08:01 791342                     /home/madunlap/.m2/repository/org/apache/poi/poi-scratchpad/3.10-FINAL/poi-scratchpad-3.10-FINAL.jar
7f2e96f01000-7f2e96f07000 r--s 00047000 08:01 791341                     /home/madunlap/.m2/repository/org/apache/poi/poi-examples/3.10-FINAL/poi-examples-3.10-FINAL.jar
7f2e96f07000-7f2e96f0c000 r--s 00048000 08:01 791338                     /home/madunlap/.m2/repository/dom4j/dom4j/1.6.1/dom4j-1.6.1.jar
7f2e96f0c000-7f2e96f49000 r--s 0024f000 08:01 791336                     /home/madunlap/.m2/repository/org/apache/xmlbeans/xmlbeans/2.3.0/xmlbeans-2.3.0.jar
7f2e96f49000-7f2e96fe1000 r--s 00420000 08:01 791334                     /home/madunlap/.m2/repository/org/apache/poi/poi-ooxml-schemas/3.10-FINAL/poi-ooxml-schemas-3.10-FINAL.jar
7f2e96fe1000-7f2e96fef000 r--s 000ee000 08:01 791333                     /home/madunlap/.m2/repository/org/apache/poi/poi-ooxml/3.10-FINAL/poi-ooxml-3.10-FINAL.jar
7f2e96fef000-7f2e97011000 r--s 001bb000 08:01 791332                     /home/madunlap/.m2/repository/org/apache/poi/poi/3.10-FINAL/poi-3.10-FINAL.jar
7f2e97011000-7f2e97013000 r--s 00006000 08:01 791331                     /home/madunlap/.m2/repository/org/nuiton/thirdparty/Rserve/0.6-1/Rserve-0.6-1.jar
7f2e97013000-7f2e97015000 r--s 00006000 08:01 791328                     /home/madunlap/.m2/repository/org/nuiton/thirdparty/REngine/0.6-1/REngine-0.6-1.jar
7f2e97015000-7f2e97016000 r--s 0000c000 08:01 791397                     /home/madunlap/.m2/repository/org/dataverse/unf/6.0/unf-6.0.jar
7f2e97016000-7f2e9701f000 r--s 000a6000 08:01 791393                     /home/madunlap/.m2/repository/net/handle/handle/2006-06-16-generated/handle-2006-06-16-generated.jar
7f2e9701f000-7f2e97022000 r--s 00035000 08:01 791395                     /home/madunlap/.m2/repository/nom/tam/fits/fits/2012-10-25-generated/fits-2012-10-25-generated.jar
7f2e97022000-7f2e97029000 r--s 00028000 08:01 791326                     /home/madunlap/.m2/repository/concurrent/concurrent/1.3.4/concurrent-1.3.4.jar
7f2e97029000-7f2e97037000 r--s 00081000 08:01 791324                     /home/madunlap/.m2/repository/colt/colt/1.2.0/colt-1.2.0.jar
7f2e97037000-7f2e97044000 r--s 00083000 08:01 791320                     /home/madunlap/.m2/repository/commons-collections/commons-collections/3.2.2/commons-collections-3.2.2.jar
7f2e97044000-7f2e97048000 r--s 00020000 08:01 791319                     /home/madunlap/.m2/repository/commons-digester/commons-digester/1.8.1/commons-digester-1.8.1.jar
7f2e97048000-7f2e9704d000 r--s 00035000 08:01 791317                     /home/madunlap/.m2/repository/commons-beanutils/commons-beanutils/1.9.2/commons-beanutils-1.9.2.jar
7f2e9704d000-7f2e97051000 r--s 0002a000 08:01 791315                     /home/madunlap/.m2/repository/commons-validator/commons-validator/1.6/commons-validator-1.6.jar
7f2e97051000-7f2e97064000 r--s 000df000 08:01 791313                     /home/madunlap/.m2/repository/org/apache/commons/commons-math/2.2/commons-math-2.2.jar
7f2e97064000-7f2e97066000 r--s 0000e000 08:01 791309                     /home/madunlap/.m2/repository/commons-logging/commons-logging/1.1.3/commons-logging-1.1.3.jar
7f2e97066000-7f2e97068000 r--s 00005000 08:01 791311                     /home/madunlap/.m2/repository/org/apache/httpcomponents/httpmime/4.2.6/httpmime-4.2.6.jar
7f2e97068000-7f2e97074000 r--s 000b3000 08:01 791304                     /home/madunlap/.m2/repository/org/apache/zookeeper/zookeeper/3.4.5/zookeeper-3.4.5.jar
7f2e97074000-7f2e9707c000 r--s 0005b000 08:01 791305                     /home/madunlap/.m2/repository/org/apache/solr/solr-solrj/4.6.0/solr-solrj-4.6.0.jar
7f2e9707c000-7f2e97081000 r--s 00041000 08:01 791300                     /home/madunlap/.m2/repository/commons-lang/commons-lang/2.6/commons-lang-2.6.jar
7f2e97081000-7f2e97083000 r--s 0000d000 08:01 791302                     /home/madunlap/.m2/repository/com/fasterxml/classmate/1.0.0/classmate-1.0.0.jar
7f2e97083000-7f2e97085000 r--s 0000d000 08:01 791296                     /home/madunlap/.m2/repository/org/jboss/logging/jboss-logging/3.1.1.GA/jboss-logging-3.1.1.GA.jar
7f2e97085000-7f2e97089000 r--s 0000c000 08:01 791294                     /home/madunlap/.m2/repository/javax/validation/validation-api/1.1.0.Final/validation-api-1.1.0.Final.jar
7f2e97089000-7f2e97096000 r--s 00080000 08:01 791293                     /home/madunlap/.m2/repository/org/hibernate/hibernate-validator/5.0.3.Final/hibernate-validator-5.0.3.Final.jar
7f2e97096000-7f2e970a0000 r--s 0006b000 08:01 791289                     /home/madunlap/.m2/repository/org/omnifaces/omnifaces/1.7/omnifaces-1.7.jar
7f2e970a0000-7f2e970af000 r--s 000c4000 08:01 791290                     /home/madunlap/.m2/repository/org/atmosphere/atmosphere-runtime/2.4.2/atmosphere-runtime-2.4.2.jar
7f2e970af000-7f2e970c3000 r--s 0013a000 08:01 791121                     /home/madunlap/.m2/repository/org/primefaces/themes/all-themes/1.0.10/all-themes-1.0.10.jar
7f2e970c3000-7f2e970ef000 r--s 00318000 08:01 791288                     /home/madunlap/.m2/repository/org/primefaces/primefaces/5.3/primefaces-5.3.jar
7f2e970ef000-7f2e97111000 r--s 00120000 08:01 791284                     /home/madunlap/.m2/repository/javax/javaee-web-api/7.0/javaee-web-api-7.0.jar
7f2e97111000-7f2e97113000 r--s 0000e000 08:01 791282                     /home/madunlap/.m2/repository/javax/activation/activation/1.1/activation-1.1.jar
7f2e97113000-7f2e9711b000 r--s 00078000 08:01 791280                     /home/madunlap/.m2/repository/com/sun/mail/javax.mail/1.5.0/javax.mail-1.5.0.jar
7f2e9711b000-7f2e9714f000 r--s 001a4000 08:01 791278                     /home/madunlap/.m2/repository/javax/javaee-api/7.0/javaee-api-7.0.jar
7f2e9714f000-7f2e9717a000 r--s 001f5000 08:01 791277                     /home/madunlap/.m2/repository/com/google/guava/guava/16.0.1/guava-16.0.1.jar
7f2e9717a000-7f2e97198000 r--s 0027d000 08:01 791273                     /home/madunlap/.m2/repository/xalan/xalan/2.7.0/xalan-2.7.0.jar
7f2e97198000-7f2e971ac000 r--s 000e3000 08:01 791272                     /home/madunlap/.m2/repository/xerces/xercesImpl/2.6.2/xercesImpl-2.6.2.jar
7f2e971ac000-7f2e971b2000 r--s 00019000 08:01 791270                     /home/madunlap/.m2/repository/xerces/xmlParserAPIs/2.6.2/xmlParserAPIs-2.6.2.jar
7f2e971b2000-7f2e971b9000 r--s 00063000 08:01 791268                     /home/madunlap/.m2/repository/xom/xom/1.1/xom-1.1.jar
7f2e971b9000-7f2e971be000 r--s 0002a000 08:01 791265                     /home/madunlap/.m2/repository/com/google/code/gson/gson/2.2.4/gson-2.2.4.jar
7f2e971be000-7f2e971c2000 r--s 00027000 08:01 791263                     /home/madunlap/.m2/repository/commons-io/commons-io/2.2/commons-io-2.2.jar
7f2e971c2000-7f2e971c4000 r--s 0000f000 08:01 791260                     /home/madunlap/.m2/repository/commons-fileupload/commons-fileupload/1.3.1/commons-fileupload-1.3.1.jar
7f2e971c4000-7f2e971ca000 r--s 00032000 08:01 791261                     /home/madunlap/.m2/repository/jaxen/jaxen/1.1.1/jaxen-1.1.1.jar
7f2e971ca000-7f2e971d1000 r--s 00079000 08:01 661348                     /home/madunlap/.m2/repository/org/codehaus/woodstox/wstx-asl/3.2.6/wstx-asl-3.2.6.jar
7f2e971d1000-7f2e971d6000 r--s 00070000 08:01 661349                     /home/madunlap/.m2/repository/org/codehaus/woodstox/woodstox-core-asl/4.1.4/woodstox-core-asl-4.1.4.jar
7f2e971d6000-7f2e971da000 r--s 00026000 08:01 791256                     /home/madunlap/.m2/repository/org/apache/ws/commons/axiom/axiom-impl/1.2.14/axiom-impl-1.2.14.jar
7f2e971da000-7f2e971dd000 r--s 00015000 08:01 791254                     /home/madunlap/.m2/repository/org/apache/james/apache-mime4j-core/0.7.2/apache-mime4j-core-0.7.2.jar
7f2e971dd000-7f2e971e2000 r--s 00032000 08:01 791252                     /home/madunlap/.m2/repository/org/apache/geronimo/specs/geronimo-javamail_1.4_spec/1.7.1/geronimo-javamail_1.4_spec-1.7.1.jar
7f2e971e2000-7f2e971ec000 r--s 0005d000 08:01 791250                     /home/madunlap/.m2/repository/org/apache/ws/commons/axiom/axiom-api/1.2.14/axiom-api-1.2.14.jar
7f2e971ec000-7f2e971ef000 r--s 0014e000 08:01 791249                     /home/madunlap/.m2/repository/org/apache/abdera/abdera-parser/1.1.3/abdera-parser-1.1.3.jar
7f2e971ef000-7f2e97212000 r--s 001ae000 08:01 791235                     /home/madunlap/.m2/repository/com/hp/hpl/jena/jena/2.6.4/jena-2.6.4.jar
7f2e97212000-7f2e9761e000 r--s 03c80000 08:01 791225                     /home/madunlap/.m2/repository/com/amazonaws/aws-java-sdk-bundle/1.11.172/aws-java-sdk-bundle-1.11.172.jar
7f2e9761e000-7f2e97621000 ---p 00000000 00:00 0 
7f2e97621000-7f2e9771f000 rw-p 00000000 00:00 0 
7f2e9771f000-7f2e979fa000 r--p 00000000 08:01 1441812                    /usr/lib/locale/locale-archive
7f2e979fa000-7f2e979fd000 ---p 00000000 00:00 0 
7f2e979fd000-7f2e97afb000 rw-p 00000000 00:00 0 
7f2e97afb000-7f2e97afe000 ---p 00000000 00:00 0 
7f2e97afe000-7f2e97bfc000 rw-p 00000000 00:00 0 
7f2e97bfc000-7f2e97bfd000 ---p 00000000 00:00 0 
7f2e97bfd000-7f2e98000000 rw-p 00000000 00:00 0 
7f2e98000000-7f2e98021000 rw-p 00000000 00:00 0 
7f2e98021000-7f2e9c000000 ---p 00000000 00:00 0 
7f2e9c000000-7f2e9c001000 r--s 00018000 08:01 791394                     /home/madunlap/.m2/repository/edu/harvard/iq/dvn/unf5/5.0/unf5-5.0.jar
7f2e9c001000-7f2e9c003000 r--s 00006000 08:01 791245                     /home/madunlap/.m2/repository/org/apache/geronimo/specs/geronimo-stax-api_1.0_spec/1.0.1/geronimo-stax-api_1.0_spec-1.0.1.jar
7f2e9c003000-7f2e9c007000 r--s 00094000 08:01 791246                     /home/madunlap/.m2/repository/org/apache/abdera/abdera-i18n/1.1.3/abdera-i18n-1.1.3.jar
7f2e9c007000-7f2e9c020000 r--s 002fd000 08:01 791240                     /home/madunlap/.m2/repository/com/ibm/icu/icu4j/3.4.4/icu4j-3.4.4.jar
7f2e9c020000-7f2e9c626000 rw-p 00000000 00:00 0 
7f2e9c626000-7f2e9c800000 r--s 03d4d000 08:01 1976682                    /usr/lib/jvm/java-8-oracle/jre/lib/rt.jar
7f2e9c800000-7f2e9d000000 rw-p 00000000 00:00 0 
7f2e9d000000-7f2e9d6c0000 rwxp 00000000 00:00 0 
7f2e9d6c0000-7f2eac000000 ---p 00000000 00:00 0 
7f2eac000000-7f2eafe9c000 rw-p 00000000 00:00 0 
7f2eafe9c000-7f2eb0000000 ---p 00000000 00:00 0 
7f2eb0000000-7f2eb0002000 r--s 0000a000 08:01 791243                     /home/madunlap/.m2/repository/org/apache/geronimo/specs/geronimo-activation_1.1_spec/1.1/geronimo-activation_1.1_spec-1.1.jar
7f2eb0002000-7f2eb0006000 r--s 00024000 08:01 791241                     /home/madunlap/.m2/repository/org/apache/abdera/abdera-core/1.1.3/abdera-core-1.1.3.jar
7f2eb0006000-7f2eb0009000 r--s 00023000 08:01 791237                     /home/madunlap/.m2/repository/com/hp/hpl/jena/iri/0.8/iri-0.8.jar
7f2eb0009000-7f2eb000b000 r--s 0000d000 08:01 791233                     /home/madunlap/.m2/repository/org/apache/abdera/abdera-client/1.1.1/abdera-client-1.1.1.jar
7f2eb000b000-7f2eb000d000 r--s 00016000 08:01 791230                     /home/madunlap/.m2/repository/javax/servlet/servlet-api/2.4/servlet-api-2.4.jar
7f2eb000d000-7f2eb0010000 r--s 0000f000 08:01 791226                     /home/madunlap/.m2/repository/org/swordapp/sword2-server/1.0/sword2-server-1.0-classes.jar
7f2eb0010000-7f2eb0015000 r--s 00040000 08:01 791224                     /home/madunlap/.m2/repository/commons-httpclient/commons-httpclient/3.0.1/commons-httpclient-3.0.1.jar
7f2eb0015000-7f2eb0018000 r--s 00012000 08:01 791228                     /home/madunlap/.m2/repository/org/glassfish/javax.json/1.0.4/javax.json-1.0.4.jar
7f2eb0018000-7f2eb001e000 r--s 00034000 08:01 791227                     /home/madunlap/.m2/repository/junit/junit/4.8.1/junit-4.8.1.jar
7f2eb001e000-7f2eb005e000 r--s 00285000 08:01 925253                     /home/madunlap/.m2/repository/org/bouncycastle/bcprov-jdk15on/1.52/bcprov-jdk15on-1.52.jar
7f2eb005e000-7f2eb0062000 r--s 00021000 08:01 925254                     /home/madunlap/.m2/repository/org/cryptacular/cryptacular/1.1.0/cryptacular-1.1.0.jar
7f2eb0062000-7f2eb0065000 r--s 00011000 08:01 925252                     /home/madunlap/.m2/repository/org/passay/passay/1.1.0/passay-1.1.0.jar
7f2eb0065000-7f2eb2209000 rw-p 00000000 00:00 0 
7f2eb2209000-7f2eb220a000 ---p 00000000 00:00 0 
7f2eb220a000-7f2eb230a000 rw-p 00000000 00:00 0 
7f2eb230a000-7f2eb230b000 ---p 00000000 00:00 0 
7f2eb230b000-7f2eb2420000 rw-p 00000000 00:00 0 
7f2eb2420000-7f2eb2555000 ---p 00000000 00:00 0 
7f2eb2555000-7f2eb256a000 rw-p 00000000 00:00 0 
7f2eb256a000-7f2eb269e000 ---p 00000000 00:00 0 
7f2eb269e000-7f2eb26ba000 rw-p 00000000 00:00 0 
7f2eb26ba000-7f2eb2743000 ---p 00000000 00:00 0 
7f2eb2743000-7f2eb275f000 rw-p 00000000 00:00 0 
7f2eb275f000-7f2eb2b04000 ---p 00000000 00:00 0 
7f2eb2b04000-7f2eb2b1e000 r-xp 00000000 08:01 2106481                    /usr/lib/jvm/java-8-oracle/jre/lib/amd64/libzip.so
7f2eb2b1e000-7f2eb2d1e000 ---p 0001a000 08:01 2106481                    /usr/lib/jvm/java-8-oracle/jre/lib/amd64/libzip.so
7f2eb2d1e000-7f2eb2d1f000 rw-p 0001a000 08:01 2106481                    /usr/lib/jvm/java-8-oracle/jre/lib/amd64/libzip.so
7f2eb2d1f000-7f2eb2d2a000 r-xp 00000000 08:01 663303                     /lib/x86_64-linux-gnu/libnss_files-2.24.so
7f2eb2d2a000-7f2eb2f29000 ---p 0000b000 08:01 663303                     /lib/x86_64-linux-gnu/libnss_files-2.24.so
7f2eb2f29000-7f2eb2f2a000 r--p 0000a000 08:01 663303                     /lib/x86_64-linux-gnu/libnss_files-2.24.so
7f2eb2f2a000-7f2eb2f2b000 rw-p 0000b000 08:01 663303                     /lib/x86_64-linux-gnu/libnss_files-2.24.so
7f2eb2f2b000-7f2eb2f31000 rw-p 00000000 00:00 0 
7f2eb2f31000-7f2eb2f3c000 r-xp 00000000 08:01 663305                     /lib/x86_64-linux-gnu/libnss_nis-2.24.so
7f2eb2f3c000-7f2eb313b000 ---p 0000b000 08:01 663305                     /lib/x86_64-linux-gnu/libnss_nis-2.24.so
7f2eb313b000-7f2eb313c000 r--p 0000a000 08:01 663305                     /lib/x86_64-linux-gnu/libnss_nis-2.24.so
7f2eb313c000-7f2eb313d000 rw-p 0000b000 08:01 663305                     /lib/x86_64-linux-gnu/libnss_nis-2.24.so
7f2eb313d000-7f2eb3153000 r-xp 00000000 08:01 663300                     /lib/x86_64-linux-gnu/libnsl-2.24.so
7f2eb3153000-7f2eb3352000 ---p 00016000 08:01 663300                     /lib/x86_64-linux-gnu/libnsl-2.24.so
7f2eb3352000-7f2eb3353000 r--p 00015000 08:01 663300                     /lib/x86_64-linux-gnu/libnsl-2.24.so
7f2eb3353000-7f2eb3354000 rw-p 00016000 08:01 663300                     /lib/x86_64-linux-gnu/libnsl-2.24.so
7f2eb3354000-7f2eb3356000 rw-p 00000000 00:00 0 
7f2eb3356000-7f2eb335e000 r-xp 00000000 08:01 663301                     /lib/x86_64-linux-gnu/libnss_compat-2.24.so
7f2eb335e000-7f2eb355d000 ---p 00008000 08:01 663301                     /lib/x86_64-linux-gnu/libnss_compat-2.24.so
7f2eb355d000-7f2eb355e000 r--p 00007000 08:01 663301                     /lib/x86_64-linux-gnu/libnss_compat-2.24.so
7f2eb355e000-7f2eb355f000 rw-p 00008000 08:01 663301                     /lib/x86_64-linux-gnu/libnss_compat-2.24.so
7f2eb355f000-7f2eb3569000 r-xp 00000000 08:01 2106519                    /usr/lib/jvm/java-8-oracle/jre/lib/amd64/libinstrument.so
7f2eb3569000-7f2eb3768000 ---p 0000a000 08:01 2106519                    /usr/lib/jvm/java-8-oracle/jre/lib/amd64/libinstrument.so
7f2eb3768000-7f2eb3769000 rw-p 00009000 08:01 2106519                    /usr/lib/jvm/java-8-oracle/jre/lib/amd64/libinstrument.so
7f2eb3769000-7f2eb3794000 r-xp 00000000 08:01 2106508                    /usr/lib/jvm/java-8-oracle/jre/lib/amd64/libjava.so
7f2eb3794000-7f2eb3993000 ---p 0002b000 08:01 2106508                    /usr/lib/jvm/java-8-oracle/jre/lib/amd64/libjava.so
7f2eb3993000-7f2eb3995000 rw-p 0002a000 08:01 2106508                    /usr/lib/jvm/java-8-oracle/jre/lib/amd64/libjava.so
7f2eb3995000-7f2eb39a2000 r-xp 00000000 08:01 2106459                    /usr/lib/jvm/java-8-oracle/jre/lib/amd64/libverify.so
7f2eb39a2000-7f2eb3ba2000 ---p 0000d000 08:01 2106459                    /usr/lib/jvm/java-8-oracle/jre/lib/amd64/libverify.so
7f2eb3ba2000-7f2eb3ba4000 rw-p 0000d000 08:01 2106459                    /usr/lib/jvm/java-8-oracle/jre/lib/amd64/libverify.so
7f2eb3ba4000-7f2eb3bab000 r-xp 00000000 08:01 663310                     /lib/x86_64-linux-gnu/librt-2.24.so
7f2eb3bab000-7f2eb3daa000 ---p 00007000 08:01 663310                     /lib/x86_64-linux-gnu/librt-2.24.so
7f2eb3daa000-7f2eb3dab000 r--p 00006000 08:01 663310                     /lib/x86_64-linux-gnu/librt-2.24.so
7f2eb3dab000-7f2eb3dac000 rw-p 00007000 08:01 663310                     /lib/x86_64-linux-gnu/librt-2.24.so
7f2eb3dac000-7f2eb3eb4000 r-xp 00000000 08:01 663297                     /lib/x86_64-linux-gnu/libm-2.24.so
7f2eb3eb4000-7f2eb40b3000 ---p 00108000 08:01 663297                     /lib/x86_64-linux-gnu/libm-2.24.so
7f2eb40b3000-7f2eb40b4000 r--p 00107000 08:01 663297                     /lib/x86_64-linux-gnu/libm-2.24.so
7f2eb40b4000-7f2eb40b5000 rw-p 00108000 08:01 663297                     /lib/x86_64-linux-gnu/libm-2.24.so
7f2eb40b5000-7f2eb4d88000 r-xp 00000000 08:01 2106512                    /usr/lib/jvm/java-8-oracle/jre/lib/amd64/server/libjvm.so
7f2eb4d88000-7f2eb4f87000 ---p 00cd3000 08:01 2106512                    /usr/lib/jvm/java-8-oracle/jre/lib/amd64/server/libjvm.so
7f2eb4f87000-7f2eb5061000 rw-p 00cd2000 08:01 2106512                    /usr/lib/jvm/java-8-oracle/jre/lib/amd64/server/libjvm.so
7f2eb5061000-7f2eb50ac000 rw-p 00000000 00:00 0 
7f2eb50ac000-7f2eb526a000 r-xp 00000000 08:01 663293                     /lib/x86_64-linux-gnu/libc-2.24.so
7f2eb526a000-7f2eb5469000 ---p 001be000 08:01 663293                     /lib/x86_64-linux-gnu/libc-2.24.so
7f2eb5469000-7f2eb546d000 r--p 001bd000 08:01 663293                     /lib/x86_64-linux-gnu/libc-2.24.so
7f2eb546d000-7f2eb546f000 rw-p 001c1000 08:01 663293                     /lib/x86_64-linux-gnu/libc-2.24.so
7f2eb546f000-7f2eb5473000 rw-p 00000000 00:00 0 
7f2eb5473000-7f2eb5476000 r-xp 00000000 08:01 663296                     /lib/x86_64-linux-gnu/libdl-2.24.so
7f2eb5476000-7f2eb5675000 ---p 00003000 08:01 663296                     /lib/x86_64-linux-gnu/libdl-2.24.so
7f2eb5675000-7f2eb5676000 r--p 00002000 08:01 663296                     /lib/x86_64-linux-gnu/libdl-2.24.so
7f2eb5676000-7f2eb5677000 rw-p 00003000 08:01 663296                     /lib/x86_64-linux-gnu/libdl-2.24.so
7f2eb5677000-7f2eb568c000 r-xp 00000000 08:01 2106497                    /usr/lib/jvm/java-8-oracle/jre/lib/amd64/jli/libjli.so
7f2eb568c000-7f2eb588c000 ---p 00015000 08:01 2106497                    /usr/lib/jvm/java-8-oracle/jre/lib/amd64/jli/libjli.so
7f2eb588c000-7f2eb588d000 rw-p 00015000 08:01 2106497                    /usr/lib/jvm/java-8-oracle/jre/lib/amd64/jli/libjli.so
7f2eb588d000-7f2eb58a5000 r-xp 00000000 08:01 663308                     /lib/x86_64-linux-gnu/libpthread-2.24.so
7f2eb58a5000-7f2eb5aa5000 ---p 00018000 08:01 663308                     /lib/x86_64-linux-gnu/libpthread-2.24.so
7f2eb5aa5000-7f2eb5aa6000 r--p 00018000 08:01 663308                     /lib/x86_64-linux-gnu/libpthread-2.24.so
7f2eb5aa6000-7f2eb5aa7000 rw-p 00019000 08:01 663308                     /lib/x86_64-linux-gnu/libpthread-2.24.so
7f2eb5aa7000-7f2eb5aab000 rw-p 00000000 00:00 0 
7f2eb5aab000-7f2eb5ad1000 r-xp 00000000 08:01 663288                     /lib/x86_64-linux-gnu/ld-2.24.so
7f2eb5ad1000-7f2eb5ad2000 r--s 00005000 08:01 791308                     /home/madunlap/.m2/repository/org/noggit/noggit/0.5/noggit-0.5.jar
7f2eb5ad2000-7f2eb5ba3000 rw-p 00000000 00:00 0 
7f2eb5ba3000-7f2eb5ba6000 ---p 00000000 00:00 0 
7f2eb5ba6000-7f2eb5ca6000 rw-p 00000000 00:00 0 
7f2eb5ca6000-7f2eb5ca7000 r--s 00004000 08:01 791275                     /home/madunlap/.m2/repository/org/mindrot/jbcrypt/0.3m/jbcrypt-0.3m.jar
7f2eb5ca7000-7f2eb5cac000 r--s 00023000 08:01 791711                     /home/madunlap/.m2/repository/org/apache/maven/surefire/surefire-api/2.10/surefire-api-2.10.jar
7f2eb5cac000-7f2eb5cae000 r--s 00007000 08:01 791708                     /home/madunlap/.m2/repository/org/apache/maven/surefire/surefire-booter/2.10/surefire-booter-2.10.jar
7f2eb5cae000-7f2eb5caf000 r--s 00005000 08:01 926071                     /home/madunlap/Documents/github/dataverse/target/surefire/surefirebooter1376647202859207942.jar
7f2eb5caf000-7f2eb5cc3000 rw-p 00000000 00:00 0 
7f2eb5cc3000-7f2eb5ccb000 rw-s 00000000 08:01 1835018                    /tmp/hsperfdata_madunlap/8911
7f2eb5ccb000-7f2eb5ccc000 rw-p 00000000 00:00 0 
7f2eb5ccc000-7f2eb5ccd000 ---p 00000000 00:00 0 
7f2eb5ccd000-7f2eb5cd0000 rw-p 00000000 00:00 0 
7f2eb5cd0000-7f2eb5cd1000 r--p 00025000 08:01 663288                     /lib/x86_64-linux-gnu/ld-2.24.so
7f2eb5cd1000-7f2eb5cd2000 rw-p 00026000 08:01 663288                     /lib/x86_64-linux-gnu/ld-2.24.so
7f2eb5cd2000-7f2eb5cd3000 rw-p 00000000 00:00 0 
7ffe7f1f5000-7ffe7f216000 rw-p 00000000 00:00 0                          [stack]
7ffe7f292000-7ffe7f294000 r--p 00000000 00:00 0                          [vvar]
7ffe7f294000-7ffe7f296000 r-xp 00000000 00:00 0                          [vdso]
ffffffffff600000-ffffffffff601000 r-xp 00000000 00:00 0                  [vsyscall]

VM Arguments:
jvm_args: -javaagent:/home/madunlap/.m2/repository/org/jacoco/org.jacoco.agent/0.7.5.201505241946/org.jacoco.agent-0.7.5.201505241946-runtime.jar=destfile=/home/madunlap/Documents/github/dataverse/target/jacoco.exec 
java_command: /home/madunlap/Documents/github/dataverse/target/surefire/surefirebooter1376647202859207942.jar /home/madunlap/Documents/github/dataverse/target/surefire/surefire4893400504143912538tmp /home/madunlap/Documents/github/dataverse/target/surefire/surefire1122472502350650206tmp
java_class_path (initial): /home/madunlap/Documents/github/dataverse/target/surefire/surefirebooter1376647202859207942.jar:/home/madunlap/.m2/repository/org/jacoco/org.jacoco.agent/0.7.5.201505241946/org.jacoco.agent-0.7.5.201505241946-runtime.jar
Launcher Type: SUN_STANDARD

Environment Variables:
JAVA_HOME=/usr/lib/jvm/java-8-oracle
PATH=/usr/local/sbin:/usr/local/bin:/usr/sbin:/usr/bin:/sbin:/bin:/usr/games:/usr/local/games:/snap/bin:/usr/lib/jvm/java-8-oracle/bin:/usr/lib/jvm/java-8-oracle/db/bin:/usr/lib/jvm/java-8-oracle/jre/bin
LD_LIBRARY_PATH=/usr/lib/jvm/java-8-oracle/jre/lib/amd64:/usr/lib/jvm/java-8-oracle/jre/lib/i386:
SHELL=/bin/bash
DISPLAY=:0

Signal Handlers:
SIGSEGV: [libjvm.so+0xacba10], sa_mask[0]=11111111011111111101111111111110, sa_flags=SA_RESTART|SA_SIGINFO
SIGBUS: [libjvm.so+0xacba10], sa_mask[0]=11111111011111111101111111111110, sa_flags=SA_RESTART|SA_SIGINFO
SIGFPE: [libjvm.so+0x924ba0], sa_mask[0]=11111111011111111101111111111110, sa_flags=SA_RESTART|SA_SIGINFO
SIGPIPE: [libjvm.so+0x924ba0], sa_mask[0]=11111111011111111101111111111110, sa_flags=SA_RESTART|SA_SIGINFO
SIGXFSZ: [libjvm.so+0x924ba0], sa_mask[0]=11111111011111111101111111111110, sa_flags=SA_RESTART|SA_SIGINFO
SIGILL: [libjvm.so+0x924ba0], sa_mask[0]=11111111011111111101111111111110, sa_flags=SA_RESTART|SA_SIGINFO
SIGUSR1: SIG_DFL, sa_mask[0]=00000000000000000000000000000000, sa_flags=none
SIGUSR2: [libjvm.so+0x9263e0], sa_mask[0]=00100000000000000000000000000000, sa_flags=SA_RESTART|SA_SIGINFO
SIGHUP: [libjvm.so+0x9277e0], sa_mask[0]=11111111011111111101111111111110, sa_flags=SA_RESTART|SA_SIGINFO
SIGINT: SIG_IGN, sa_mask[0]=00000000000000000000000000000000, sa_flags=none
SIGTERM: [libjvm.so+0x9277e0], sa_mask[0]=11111111011111111101111111111110, sa_flags=SA_RESTART|SA_SIGINFO
SIGQUIT: [libjvm.so+0x9277e0], sa_mask[0]=11111111011111111101111111111110, sa_flags=SA_RESTART|SA_SIGINFO


---------------  S Y S T E M  ---------------

OS:DISTRIB_ID=Ubuntu
DISTRIB_RELEASE=17.04
DISTRIB_CODENAME=zesty
DISTRIB_DESCRIPTION="Ubuntu 17.04"

uname:Linux 4.10.0-37-generic #41-Ubuntu SMP Fri Oct 6 20:20:37 UTC 2017 x86_64
libc:glibc 2.24 NPTL 2.24 
rlimit: STACK 8192k, CORE 0k, NPROC 15602, NOFILE 1048576, AS infinity
load average:2.77 1.25 0.69

/proc/meminfo:
MemTotal:        4039872 kB
MemFree:           94520 kB
MemAvailable:          0 kB
Buffers:             260 kB
Cached:            48196 kB
SwapCached:          344 kB
Active:          3202236 kB
Inactive:         516168 kB
Active(anon):    3197192 kB
Inactive(anon):   511132 kB
Active(file):       5044 kB
Inactive(file):     5036 kB
Unevictable:          32 kB
Mlocked:              32 kB
SwapTotal:       2097148 kB
SwapFree:              4 kB
Dirty:               208 kB
Writeback:             0 kB
AnonPages:       3670116 kB
Mapped:             8824 kB
Shmem:             38140 kB
Slab:              91656 kB
SReclaimable:      40264 kB
SUnreclaim:        51392 kB
KernelStack:       16284 kB
PageTables:        77968 kB
NFS_Unstable:          0 kB
Bounce:                0 kB
WritebackTmp:          0 kB
CommitLimit:     4117084 kB
Committed_AS:   11269116 kB
VmallocTotal:   34359738367 kB
VmallocUsed:           0 kB
VmallocChunk:          0 kB
HardwareCorrupted:     0 kB
AnonHugePages:   1009664 kB
ShmemHugePages:        0 kB
ShmemPmdMapped:        0 kB
CmaTotal:              0 kB
CmaFree:               0 kB
HugePages_Total:       0
HugePages_Free:        0
HugePages_Rsvd:        0
HugePages_Surp:        0
Hugepagesize:       2048 kB
DirectMap4k:      171952 kB
DirectMap2M:     4022272 kB


CPU:total 2 (initial active 2) (2 cores per cpu, 1 threads per core) family 6 model 70 stepping 1, cmov, cx8, fxsr, mmx, sse, sse2, sse3, ssse3, sse4.1, sse4.2, popcnt, avx, avx2, aes, clmul, erms, lzcnt, tsc, tscinvbit, bmi1, bmi2

/proc/cpuinfo:
processor	: 0
vendor_id	: GenuineIntel
cpu family	: 6
model		: 70
model name	: Intel(R) Core(TM) i7-4870HQ CPU @ 2.50GHz
stepping	: 1
microcode	: 0x13
cpu MHz		: 2494.226
cache size	: 6144 KB
physical id	: 0
siblings	: 2
core id		: 0
cpu cores	: 2
apicid		: 0
initial apicid	: 0
fpu		: yes
fpu_exception	: yes
cpuid level	: 13
wp		: yes
flags		: fpu vme de pse tsc msr pae mce cx8 apic sep mtrr pge mca cmov pat pse36 clflush mmx fxsr sse sse2 ss ht syscall nx rdtscp lm constant_tsc nopl xtopology nonstop_tsc pni pclmulqdq ssse3 fma cx16 pcid sse4_1 sse4_2 x2apic movbe popcnt tsc_deadline_timer aes xsave avx f16c rdrand hypervisor lahf_lm abm fsgsbase tsc_adjust bmi1 avx2 smep bmi2 invpcid xsaveopt dtherm arat pln pts
bugs		:
bogomips	: 4988.45
clflush size	: 64
cache_alignment	: 64
address sizes	: 36 bits physical, 48 bits virtual
power management:

processor	: 1
vendor_id	: GenuineIntel
cpu family	: 6
model		: 70
model name	: Intel(R) Core(TM) i7-4870HQ CPU @ 2.50GHz
stepping	: 1
microcode	: 0x13
cpu MHz		: 2494.226
cache size	: 6144 KB
physical id	: 0
siblings	: 2
core id		: 1
cpu cores	: 2
apicid		: 1
initial apicid	: 1
fpu		: yes
fpu_exception	: yes
cpuid level	: 13
wp		: yes
flags		: fpu vme de pse tsc msr pae mce cx8 apic sep mtrr pge mca cmov pat pse36 clflush mmx fxsr sse sse2 ss ht syscall nx rdtscp lm constant_tsc nopl xtopology nonstop_tsc pni pclmulqdq ssse3 fma cx16 pcid sse4_1 sse4_2 x2apic movbe popcnt tsc_deadline_timer aes xsave avx f16c rdrand hypervisor lahf_lm abm fsgsbase tsc_adjust bmi1 avx2 smep bmi2 invpcid xsaveopt dtherm arat pln pts
bugs		:
bogomips	: 4988.45
clflush size	: 64
cache_alignment	: 64
address sizes	: 36 bits physical, 48 bits virtual
power management:



Memory: 4k page, physical 4039872k(94068k free), swap 2097148k(4k free)

vm_info: Java HotSpot(TM) 64-Bit Server VM (25.144-b01) for linux-amd64 JRE (1.8.0_144-b01), built on Jul 21 2017 21:57:33 by "java_re" with gcc 4.3.0 20080428 (Red Hat 4.3.0-8)

time: Thu Oct 19 12:50:48 2017
elapsed time: 18 seconds (0d 0h 0m 18s)

