#
# There is insufficient memory for the Java Runtime Environment to continue.
# Native memory allocation (mmap) failed to map 81788928 bytes for committing reserved memory.
# Possible reasons:
#   The system is out of physical RAM or swap space
#   In 32 bit mode, the process size limit was hit
# Possible solutions:
#   Reduce memory load on the system
#   Increase physical memory or swap space
#   Check if swap backing store is full
#   Use 64 bit Java on a 64 bit OS
#   Decrease Java heap size (-Xmx/-Xms)
#   Decrease number of Java threads
#   Decrease Java thread stack sizes (-Xss)
#   Set larger code cache with -XX:ReservedCodeCacheSize=
# This output file may be truncated or incomplete.
#
#  Out of Memory Error (os_linux.cpp:2640), pid=13256, tid=0x00007fafd8294700
#
# JRE version: Java(TM) SE Runtime Environment (8.0_144-b01) (build 1.8.0_144-b01)
# Java VM: Java HotSpot(TM) 64-Bit Server VM (25.144-b01 mixed mode linux-amd64 compressed oops)
# Failed to write core dump. Core dumps have been disabled. To enable core dumping, try "ulimit -c unlimited" before starting Java again
#

---------------  T H R E A D  ---------------

Current thread (0x00007fafec073800):  VMThread [stack: 0x00007fafd8194000,0x00007fafd8295000] [id=13262]

Stack: [0x00007fafd8194000,0x00007fafd8295000],  sp=0x00007fafd82932a0,  free space=1020k
Native frames: (J=compiled Java code, j=interpreted, Vv=VM code, C=native code)
V  [libjvm.so+0xacb18a]  VMError::report_and_die()+0x2ba
V  [libjvm.so+0x4ff4db]  report_vm_out_of_memory(char const*, int, unsigned long, VMErrorType, char const*)+0x8b
V  [libjvm.so+0x927d23]  os::Linux::commit_memory_impl(char*, unsigned long, bool)+0x103
V  [libjvm.so+0x928279]  os::pd_commit_memory(char*, unsigned long, unsigned long, bool)+0x29
V  [libjvm.so+0x92249a]  os::commit_memory(char*, unsigned long, unsigned long, bool)+0x2a
V  [libjvm.so+0x996ff3]  PSVirtualSpace::expand_by(unsigned long)+0x53
V  [libjvm.so+0x9878b0]  PSOldGen::expand(unsigned long)+0x170
V  [libjvm.so+0x987abb]  PSOldGen::resize(unsigned long)+0x1cb
V  [libjvm.so+0x98f7c1]  PSParallelCompact::invoke_no_policy(bool)+0x991
V  [libjvm.so+0x99511d]  PSScavenge::invoke()+0x1ad
V  [libjvm.so+0x94bce0]  ParallelScavengeHeap::failed_mem_allocate(unsigned long)+0x70
V  [libjvm.so+0xaccba7]  VM_ParallelGCFailedAllocation::doit()+0x97
V  [libjvm.so+0xad4685]  VM_Operation::evaluate()+0x55
V  [libjvm.so+0xad2a5a]  VMThread::evaluate_operation(VM_Operation*)+0xba
V  [libjvm.so+0xad2dde]  VMThread::loop()+0x1ce
V  [libjvm.so+0xad3250]  VMThread::run()+0x70
V  [libjvm.so+0x92a338]  java_start(Thread*)+0x108

VM_Operation (0x00007faff1fbf6f0): ParallelGCFailedAllocation, mode: safepoint, requested by thread 0x00007fafec00a000


---------------  P R O C E S S  ---------------

Java Threads: ( => current thread )
  0x00007fafec58a800 JavaThread "process reaper" daemon [_thread_blocked, id=13274, stack(0x00007fafcb2cc000,0x00007fafcb305000)]
  0x00007fafec0ba800 JavaThread "Service Thread" daemon [_thread_blocked, id=13268, stack(0x00007fafcb820000,0x00007fafcb921000)]
  0x00007fafec0b7800 JavaThread "C1 CompilerThread1" daemon [_thread_blocked, id=13267, stack(0x00007fafcb921000,0x00007fafcba22000)]
  0x00007fafec0b4800 JavaThread "C2 CompilerThread0" daemon [_thread_blocked, id=13266, stack(0x00007fafcba22000,0x00007fafcbb23000)]
  0x00007fafec0b3000 JavaThread "Signal Dispatcher" daemon [_thread_blocked, id=13265, stack(0x00007fafcbb23000,0x00007fafcbc24000)]
  0x00007fafec080000 JavaThread "Finalizer" daemon [_thread_blocked, id=13264, stack(0x00007fafcbeff000,0x00007fafcc000000)]
  0x00007fafec07b800 JavaThread "Reference Handler" daemon [_thread_blocked, id=13263, stack(0x00007fafd8093000,0x00007fafd8194000)]
  0x00007fafec00a000 JavaThread "main" [_thread_blocked, id=13259, stack(0x00007faff1ec5000,0x00007faff1fc6000)]

Other Threads:
=>0x00007fafec073800 VMThread [stack: 0x00007fafd8194000,0x00007fafd8295000] [id=13262]
  0x00007fafec0bd000 WatcherThread [stack: 0x00007fafcb71f000,0x00007fafcb820000] [id=13269]

VM state:at safepoint (normal execution)

VM Mutex/Monitor currently owned by a thread:  ([mutex/lock_event])
[0x00007fafec005b20] ExpandHeap_lock - owner thread: 0x00007fafec073800
[0x00007fafec0061a0] Threads_lock - owner thread: 0x00007fafec073800
[0x00007fafec0066a0] Heap_lock - owner thread: 0x00007fafec00a000

Heap:
 PSYoungGen      total 289792K, used 0K [0x00000000eb700000, 0x0000000100000000, 0x0000000100000000)
  eden space 242688K, 0% used [0x00000000eb700000,0x00000000eb700000,0x00000000fa400000)
  from space 47104K, 0% used [0x00000000fa400000,0x00000000fa400000,0x00000000fd200000)
  to   space 46592K, 0% used [0x00000000fd280000,0x00000000fd280000,0x0000000100000000)
 ParOldGen       total 142336K, used 133365K [0x00000000c2400000, 0x00000000caf00000, 0x00000000eb700000)
  object space 142336K, 93% used [0x00000000c2400000,0x00000000ca63d748,0x00000000caf00000)
 Metaspace       used 24961K, capacity 25640K, committed 25856K, reserved 1073152K
  class space    used 2745K, capacity 2946K, committed 3072K, reserved 1048576K

Card table byte_map: [0x00007fafdb9b3000,0x00007fafdbba2000] byte_map_base: 0x00007fafdb3a1000

Marking Bits: (ParMarkBitMap*) 0x00007faff13a0dc0
 Begin Bits: [0x00007fafd9787000, 0x00007fafda6f7000)
 End Bits:   [0x00007fafda6f7000, 0x00007fafdb667000)

Polling page: 0x00007faff1fee000

CodeCache: size=245760Kb used=20385Kb max_used=20385Kb free=225374Kb
 bounds [0x00007fafdbf62000, 0x00007fafdd362000, 0x00007fafeaf62000]
 total_blobs=6550 nmethods=6165 adapters=296
 compilation: enabled

Compilation events (10 events):
Event: 10.997 Thread 0x00007fafec0b7800 7011       2       com.sun.tools.javac.jvm.Gen::loadIntConst (23 bytes)
Event: 10.997 Thread 0x00007fafec0b7800 nmethod 7011 0x00007fafdd3433d0 code [0x00007fafdd343560, 0x00007fafdd343878]
Event: 10.998 Thread 0x00007fafec0b7800 7012 %     3       com.sun.tools.javac.jvm.ClassWriter::writePool @ 18 (1051 bytes)
Event: 11.008 Thread 0x00007fafec0b7800 nmethod 7012% 0x00007fafdd343ad0 code [0x00007fafdd344ae0, 0x00007fafdd350178]
Event: 11.008 Thread 0x00007fafec0b7800 7013   !   2       com.sun.tools.javac.comp.Flow$AssignAnalyzer::analyzeTree (357 bytes)
Event: 11.009 Thread 0x00007fafec0b7800 nmethod 7013 0x00007fafdd35a0d0 code [0x00007fafdd35a300, 0x00007fafdd35b348]
Event: 11.009 Thread 0x00007fafec0b7800 7014   !   2       com.sun.tools.javac.comp.TransTypes::translateClass (413 bytes)
Event: 11.011 Thread 0x00007fafec0b7800 nmethod 7014 0x00007fafdd35bed0 code [0x00007fafdd35c280, 0x00007fafdd35d968]
Event: 11.011 Thread 0x00007fafec0b7800 7015       1       com.sun.tools.javac.code.Symbol::getQualifiedName (5 bytes)
Event: 11.011 Thread 0x00007fafec0b7800 nmethod 7015 0x00007fafdd35f710 code [0x00007fafdd35f860, 0x00007fafdd35f970]

GC Heap History (10 events):
Event: 5.191 GC heap after
Heap after GC invocations=11 (full 1):
 PSYoungGen      total 208384K, used 0K [0x00000000eb700000, 0x00000000f9800000, 0x0000000100000000)
  eden space 197120K, 0% used [0x00000000eb700000,0x00000000eb700000,0x00000000f7780000)
  from space 11264K, 0% used [0x00000000f8600000,0x00000000f8600000,0x00000000f9100000)
  to   space 14848K, 0% used [0x00000000f7780000,0x00000000f7780000,0x00000000f8600000)
 ParOldGen       total 54784K, used 25498K [0x00000000c2400000, 0x00000000c5980000, 0x00000000eb700000)
  object space 54784K, 46% used [0x00000000c2400000,0x00000000c3ce6b78,0x00000000c5980000)
 Metaspace       used 20580K, capacity 21136K, committed 21296K, reserved 1069056K
  class space    used 2437K, capacity 2618K, committed 2688K, reserved 1048576K
}
Event: 6.973 GC heap before
{Heap before GC invocations=12 (full 1):
 PSYoungGen      total 208384K, used 197120K [0x00000000eb700000, 0x00000000f9800000, 0x0000000100000000)
  eden space 197120K, 100% used [0x00000000eb700000,0x00000000f7780000,0x00000000f7780000)
  from space 11264K, 0% used [0x00000000f8600000,0x00000000f8600000,0x00000000f9100000)
  to   space 14848K, 0% used [0x00000000f7780000,0x00000000f7780000,0x00000000f8600000)
 ParOldGen       total 54784K, used 25498K [0x00000000c2400000, 0x00000000c5980000, 0x00000000eb700000)
  object space 54784K, 46% used [0x00000000c2400000,0x00000000c3ce6b78,0x00000000c5980000)
 Metaspace       used 21726K, capacity 22352K, committed 22576K, reserved 1069056K
  class space    used 2497K, capacity 2682K, committed 2688K, reserved 1048576K
Event: 7.190 GC heap after
Heap after GC invocations=12 (full 1):
 PSYoungGen      total 211968K, used 14816K [0x00000000eb700000, 0x0000000100000000, 0x0000000100000000)
  eden space 197120K, 0% used [0x00000000eb700000,0x00000000eb700000,0x00000000f7780000)
  from space 14848K, 99% used [0x00000000f7780000,0x00000000f85f8328,0x00000000f8600000)
  to   space 36864K, 0% used [0x00000000fdc00000,0x00000000fdc00000,0x0000000100000000)
 ParOldGen       total 78848K, used 78547K [0x00000000c2400000, 0x00000000c7100000, 0x00000000eb700000)
  object space 78848K, 99% used [0x00000000c2400000,0x00000000c70b4f68,0x00000000c7100000)
 Metaspace       used 21726K, capacity 22352K, committed 22576K, reserved 1069056K
  class space    used 2497K, capacity 2682K, committed 2688K, reserved 1048576K
}
Event: 7.191 GC heap before
{Heap before GC invocations=13 (full 2):
 PSYoungGen      total 211968K, used 14816K [0x00000000eb700000, 0x0000000100000000, 0x0000000100000000)
  eden space 197120K, 0% used [0x00000000eb700000,0x00000000eb700000,0x00000000f7780000)
  from space 14848K, 99% used [0x00000000f7780000,0x00000000f85f8328,0x00000000f8600000)
  to   space 36864K, 0% used [0x00000000fdc00000,0x00000000fdc00000,0x0000000100000000)
 ParOldGen       total 78848K, used 78547K [0x00000000c2400000, 0x00000000c7100000, 0x00000000eb700000)
  object space 78848K, 99% used [0x00000000c2400000,0x00000000c70b4f68,0x00000000c7100000)
 Metaspace       used 21726K, capacity 22352K, committed 22576K, reserved 1069056K
  class space    used 2497K, capacity 2682K, committed 2688K, reserved 1048576K
Event: 7.495 GC heap after
Heap after GC invocations=13 (full 2):
 PSYoungGen      total 211968K, used 7102K [0x00000000eb700000, 0x0000000100000000, 0x0000000100000000)
  eden space 197120K, 0% used [0x00000000eb700000,0x00000000eb700000,0x00000000f7780000)
  from space 14848K, 47% used [0x00000000f7780000,0x00000000f7e6f850,0x00000000f8600000)
  to   space 36864K, 0% used [0x00000000fdc00000,0x00000000fdc00000,0x0000000100000000)
 ParOldGen       total 142336K, used 78839K [0x00000000c2400000, 0x00000000caf00000, 0x00000000eb700000)
  object space 142336K, 55% used [0x00000000c2400000,0x00000000c70fdc28,0x00000000caf00000)
 Metaspace       used 21726K, capacity 22352K, committed 22576K, reserved 1069056K
  class space    used 2497K, capacity 2682K, committed 2688K, reserved 1048576K
}
Event: 9.049 GC heap before
{Heap before GC invocations=14 (full 2):
 PSYoungGen      total 211968K, used 204222K [0x00000000eb700000, 0x0000000100000000, 0x0000000100000000)
  eden space 197120K, 100% used [0x00000000eb700000,0x00000000f7780000,0x00000000f7780000)
  from space 14848K, 47% used [0x00000000f7780000,0x00000000f7e6f850,0x00000000f8600000)
  to   space 36864K, 0% used [0x00000000fdc00000,0x00000000fdc00000,0x0000000100000000)
 ParOldGen       total 142336K, used 78839K [0x00000000c2400000, 0x00000000caf00000, 0x00000000eb700000)
  object space 142336K, 55% used [0x00000000c2400000,0x00000000c70fdc28,0x00000000caf00000)
 Metaspace       used 23035K, capacity 23720K, committed 23936K, reserved 1071104K
  class space    used 2603K, capacity 2818K, committed 2944K, reserved 1048576K
Event: 9.209 GC heap after
Heap after GC invocations=14 (full 2):
 PSYoungGen      total 279552K, used 36845K [0x00000000eb700000, 0x0000000100000000, 0x0000000100000000)
  eden space 242688K, 0% used [0x00000000eb700000,0x00000000eb700000,0x00000000fa400000)
  from space 36864K, 99% used [0x00000000fdc00000,0x00000000ffffb7d0,0x0000000100000000)
  to   space 47104K, 0% used [0x00000000fa400000,0x00000000fa400000,0x00000000fd200000)
 ParOldGen       total 142336K, used 90034K [0x00000000c2400000, 0x00000000caf00000, 0x00000000eb700000)
  object space 142336K, 63% used [0x00000000c2400000,0x00000000c7bec8c0,0x00000000caf00000)
 Metaspace       used 23035K, capacity 23720K, committed 23936K, reserved 1071104K
  class space    used 2603K, capacity 2818K, committed 2944K, reserved 1048576K
}
Event: 11.018 GC heap before
{Heap before GC invocations=15 (full 2):
 PSYoungGen      total 279552K, used 279533K [0x00000000eb700000, 0x0000000100000000, 0x0000000100000000)
  eden space 242688K, 100% used [0x00000000eb700000,0x00000000fa400000,0x00000000fa400000)
  from space 36864K, 99% used [0x00000000fdc00000,0x00000000ffffb7d0,0x0000000100000000)
  to   space 47104K, 0% used [0x00000000fa400000,0x00000000fa400000,0x00000000fd200000)
 ParOldGen       total 142336K, used 90034K [0x00000000c2400000, 0x00000000caf00000, 0x00000000eb700000)
  object space 142336K, 63% used [0x00000000c2400000,0x00000000c7bec8c0,0x00000000caf00000)
 Metaspace       used 24961K, capacity 25640K, committed 25856K, reserved 1073152K
  class space    used 2745K, capacity 2946K, committed 3072K, reserved 1048576K
Event: 11.212 GC heap after
Heap after GC invocations=15 (full 2):
 PSYoungGen      total 289792K, used 23407K [0x00000000eb700000, 0x0000000100000000, 0x0000000100000000)
  eden space 242688K, 0% used [0x00000000eb700000,0x00000000eb700000,0x00000000fa400000)
  from space 47104K, 49% used [0x00000000fa400000,0x00000000fbadbcc0,0x00000000fd200000)
  to   space 46592K, 0% used [0x00000000fd280000,0x00000000fd280000,0x0000000100000000)
 ParOldGen       total 142336K, used 125527K [0x00000000c2400000, 0x00000000caf00000, 0x00000000eb700000)
  object space 142336K, 88% used [0x00000000c2400000,0x00000000c9e95e38,0x00000000caf00000)
 Metaspace       used 24961K, capacity 25640K, committed 25856K, reserved 1073152K
  class space    used 2745K, capacity 2946K, committed 3072K, reserved 1048576K
}
Event: 11.218 GC heap before
{Heap before GC invocations=16 (full 3):
 PSYoungGen      total 289792K, used 23407K [0x00000000eb700000, 0x0000000100000000, 0x0000000100000000)
  eden space 242688K, 0% used [0x00000000eb700000,0x00000000eb700000,0x00000000fa400000)
  from space 47104K, 49% used [0x00000000fa400000,0x00000000fbadbcc0,0x00000000fd200000)
  to   space 46592K, 0% used [0x00000000fd280000,0x00000000fd280000,0x0000000100000000)
 ParOldGen       total 142336K, used 125527K [0x00000000c2400000, 0x00000000caf00000, 0x00000000eb700000)
  object space 142336K, 88% used [0x00000000c2400000,0x00000000c9e95e38,0x00000000caf00000)
 Metaspace       used 24961K, capacity 25640K, committed 25856K, reserved 1073152K
  class space    used 2745K, capacity 2946K, committed 3072K, reserved 1048576K

Deoptimization events (10 events):
Event: 10.210 Thread 0x00007fafec00a000 Uncommon trap: reason=class_check action=maybe_recompile pc=0x00007fafdcca7d2c method=com.sun.tools.javac.code.Type$ClassType.isErroneous()Z @ 28
Event: 10.227 Thread 0x00007fafec00a000 Uncommon trap: reason=class_check action=maybe_recompile pc=0x00007fafdcca7d2c method=com.sun.tools.javac.code.Type$ClassType.isErroneous()Z @ 28
Event: 10.549 Thread 0x00007fafec00a000 Uncommon trap: reason=class_check action=maybe_recompile pc=0x00007fafdd24d660 method=com.sun.tools.javac.code.Types.isSubtypeUncheckedInternal(Lcom/sun/tools/javac/code/Type;Lcom/sun/tools/javac/code/Type;Lcom/sun/tools/javac/util/Warner;)Z @ 37
Event: 10.563 Thread 0x00007fafec00a000 Uncommon trap: reason=class_check action=maybe_recompile pc=0x00007fafdd24d660 method=com.sun.tools.javac.code.Types.isSubtypeUncheckedInternal(Lcom/sun/tools/javac/code/Type;Lcom/sun/tools/javac/code/Type;Lcom/sun/tools/javac/util/Warner;)Z @ 37
Event: 10.567 Thread 0x00007fafec00a000 Uncommon trap: reason=class_check action=maybe_recompile pc=0x00007fafdd24d660 method=com.sun.tools.javac.code.Types.isSubtypeUncheckedInternal(Lcom/sun/tools/javac/code/Type;Lcom/sun/tools/javac/code/Type;Lcom/sun/tools/javac/util/Warner;)Z @ 37
Event: 10.568 Thread 0x00007fafec00a000 Uncommon trap: reason=class_check action=maybe_recompile pc=0x00007fafdd24d660 method=com.sun.tools.javac.code.Types.isSubtypeUncheckedInternal(Lcom/sun/tools/javac/code/Type;Lcom/sun/tools/javac/code/Type;Lcom/sun/tools/javac/util/Warner;)Z @ 37
Event: 10.588 Thread 0x00007fafec00a000 Uncommon trap: reason=unstable_if action=reinterpret pc=0x00007fafdc0e8144 method=com.sun.tools.javac.util.IntHashTable.rehash()V @ 88
Event: 10.722 Thread 0x00007fafec00a000 Uncommon trap: reason=unstable_if action=reinterpret pc=0x00007fafdd2b6210 method=com.sun.tools.javac.code.Types.isSubtype(Lcom/sun/tools/javac/code/Type;Lcom/sun/tools/javac/code/Type;Z)Z @ 117
Event: 10.722 Thread 0x00007fafec00a000 Uncommon trap: reason=unstable_if action=reinterpret pc=0x00007fafdd22fadc method=com.sun.tools.javac.code.Types.isSubtype(Lcom/sun/tools/javac/code/Type;Lcom/sun/tools/javac/code/Type;Z)Z @ 117
Event: 10.835 Thread 0x00007fafec00a000 Uncommon trap: reason=unstable_if action=reinterpret pc=0x00007fafdcf676c0 method=com.sun.tools.javac.comp.Check.checkUnique(Lcom/sun/tools/javac/util/JCDiagnostic$DiagnosticPosition;Lcom/sun/tools/javac/code/Symbol;Lcom/sun/tools/javac/code/Scope;)Z @ 7

Internal exceptions (10 events):
Event: 5.257 Thread 0x00007fafec00a000 Exception <a 'java/security/PrivilegedActionException'> (0x00000000eb9447e8) thrown at [/HUDSON3/workspace/8-2-build-linux-amd64/jdk8u144/9417/hotspot/src/share/vm/prims/jvm.cpp, line 1390]
Event: 6.385 Thread 0x00007fafec00a000 Exception <a 'java/io/FileNotFoundException'> (0x00000000f44ef9b8) thrown at [/HUDSON3/workspace/8-2-build-linux-amd64/jdk8u144/9417/hotspot/src/share/vm/prims/jni.cpp, line 709]
Event: 6.390 Thread 0x00007fafec00a000 Exception <a 'java/io/FileNotFoundException'> (0x00000000f45249e8) thrown at [/HUDSON3/workspace/8-2-build-linux-amd64/jdk8u144/9417/hotspot/src/share/vm/prims/jni.cpp, line 709]
Event: 6.514 Thread 0x00007fafec00a000 Exception <a 'java/io/FileNotFoundException'> (0x00000000f5628030) thrown at [/HUDSON3/workspace/8-2-build-linux-amd64/jdk8u144/9417/hotspot/src/share/vm/prims/jni.cpp, line 709]
Event: 6.514 Thread 0x00007fafec00a000 Exception <a 'java/io/FileNotFoundException'> (0x00000000f5628d50) thrown at [/HUDSON3/workspace/8-2-build-linux-amd64/jdk8u144/9417/hotspot/src/share/vm/prims/jni.cpp, line 709]
Event: 6.514 Thread 0x00007fafec00a000 Exception <a 'java/io/FileNotFoundException'> (0x00000000f5629a78) thrown at [/HUDSON3/workspace/8-2-build-linux-amd64/jdk8u144/9417/hotspot/src/share/vm/prims/jni.cpp, line 709]
Event: 6.565 Thread 0x00007fafec00a000 Exception <a 'java/io/FileNotFoundException'> (0x00000000f5aa1b00) thrown at [/HUDSON3/workspace/8-2-build-linux-amd64/jdk8u144/9417/hotspot/src/share/vm/prims/jni.cpp, line 709]
Event: 6.566 Thread 0x00007fafec00a000 Exception <a 'java/io/FileNotFoundException'> (0x00000000f5ac1098) thrown at [/HUDSON3/workspace/8-2-build-linux-amd64/jdk8u144/9417/hotspot/src/share/vm/prims/jni.cpp, line 709]
Event: 8.583 Thread 0x00007fafec00a000 Implicit null exception at 0x00007fafdcdeb390 to 0x00007fafdcdeb8b1
Event: 9.011 Thread 0x00007fafec00a000 Exception <a 'java/io/FileNotFoundException'> (0x00000000f70e7460) thrown at [/HUDSON3/workspace/8-2-build-linux-amd64/jdk8u144/9417/hotspot/src/share/vm/prims/jni.cpp, line 709]

Events (10 events):
Event: 10.927 Thread 0x00007fafec00a000 DEOPT UNPACKING pc=0x00007fafdbfa9633 sp=0x00007faff1fc0620 mode 0
Event: 10.927 Thread 0x00007fafec00a000 DEOPT PACKING pc=0x00007fafdcf5cedb sp=0x00007faff1fc08a0
Event: 10.927 Thread 0x00007fafec00a000 DEOPT UNPACKING pc=0x00007fafdbfa9633 sp=0x00007faff1fc0620 mode 0
Event: 10.953 Thread 0x00007fafec00a000 DEOPT PACKING pc=0x00007fafdd120e89 sp=0x00007faff1fc1fb0
Event: 10.953 Thread 0x00007fafec00a000 DEOPT UNPACKING pc=0x00007fafdbfa9633 sp=0x00007faff1fc1d68 mode 0
Event: 10.980 loading class com/sun/tools/javac/util/Log$2
Event: 10.980 loading class com/sun/tools/javac/util/Log$2 done
Event: 10.981 loading class com/sun/tools/javac/util/Log$WriterKind
Event: 10.981 loading class com/sun/tools/javac/util/Log$WriterKind done
Event: 11.017 Executing VM operation: ParallelGCFailedAllocation


Dynamic libraries:
00400000-00401000 r-xp 00000000 08:01 1711591                            /usr/lib/jvm/java-8-oracle/bin/java
00600000-00601000 rw-p 00000000 08:01 1711591                            /usr/lib/jvm/java-8-oracle/bin/java
022aa000-022cb000 rw-p 00000000 00:00 0                                  [heap]
c2400000-caf00000 rw-p 00000000 00:00 0 
cfd00000-eb700000 ---p 00000000 00:00 0 
eb700000-100000000 rw-p 00000000 00:00 0 
100000000-100300000 rw-p 00000000 00:00 0 
100300000-140000000 ---p 00000000 00:00 0 
7fafa66be000-7fafa66fe000 rw-p 00000000 00:00 0 
7fafa66fe000-7fafa68be000 ---p 00000000 00:00 0 
7fafa68be000-7fafa68c0000 r--s 0000b000 08:01 921145                     /home/madunlap/.m2/repository/org/json/json/20160212/json-20160212.jar
7fafa68c0000-7fafa68c2000 r--s 00009000 08:01 921147                     /home/madunlap/.m2/repository/com/mashape/unirest/unirest-java/1.4.9/unirest-java-1.4.9.jar
7fafa68c2000-7fafa68c4000 r--s 0000e000 08:01 921141                     /home/madunlap/.m2/repository/org/jvnet/mimepull/mimepull/1.9.6/mimepull-1.9.6.jar
7fafa68c4000-7fafa68c7000 r--s 0000e000 08:01 921143                     /home/madunlap/.m2/repository/org/glassfish/jersey/media/jersey-media-multipart/2.23.2/jersey-media-multipart-2.23.2.jar
7fafa68c7000-7fafa68cb000 r--s 00019000 08:01 921137                     /home/madunlap/.m2/repository/javax/ws/rs/javax.ws.rs-api/2.0.1/javax.ws.rs-api-2.0.1.jar
7fafa68cb000-7fafa68cd000 r--s 00010000 08:01 921134                     /home/madunlap/.m2/repository/org/glassfish/jersey/media/jersey-media-jaxb/2.23.2/jersey-media-jaxb-2.23.2.jar
7fafa68cd000-7fafa68d2000 r--s 00025000 08:01 921138                     /home/madunlap/.m2/repository/org/glassfish/jersey/core/jersey-client/2.23.2/jersey-client-2.23.2.jar
7fafa68d2000-7fafa68e8000 r--s 000d3000 08:01 921133                     /home/madunlap/.m2/repository/org/glassfish/jersey/core/jersey-server/2.23.2/jersey-server-2.23.2.jar
7fafa68e8000-7fafa68e9000 r--s 00004000 08:01 921129                     /home/madunlap/.m2/repository/org/glassfish/hk2/osgi-resource-locator/1.0.1/osgi-resource-locator-1.0.1.jar
7fafa68e9000-7fafa68f3000 r--s 000ae000 08:01 921127                     /home/madunlap/.m2/repository/org/javassist/javassist/3.20.0-GA/javassist-3.20.0-GA.jar
7fafa68f3000-7fafa68f6000 r--s 0002a000 08:01 921123                     /home/madunlap/.m2/repository/org/glassfish/hk2/hk2-locator/2.5.0-b05/hk2-locator-2.5.0-b05.jar
7fafa68f6000-7fafa68f8000 r--s 00002000 08:01 921128                     /home/madunlap/.m2/repository/org/glassfish/hk2/external/aopalliance-repackaged/2.5.0-b05/aopalliance-repackaged-2.5.0-b05.jar
7fafa68f8000-7fafa68fc000 r--s 0001a000 08:01 921125                     /home/madunlap/.m2/repository/org/glassfish/hk2/hk2-utils/2.5.0-b05/hk2-utils-2.5.0-b05.jar
7fafa68fc000-7fafa6901000 r--s 00027000 08:01 921118                     /home/madunlap/.m2/repository/org/glassfish/hk2/hk2-api/2.5.0-b05/hk2-api-2.5.0-b05.jar
7fafa6901000-7fafa6919000 r--s 000d6000 08:01 921120                     /home/madunlap/.m2/repository/org/glassfish/jersey/bundles/repackaged/jersey-guava/2.23.2/jersey-guava-2.23.2.jar
7fafa6919000-7fafa691b000 r--s 00005000 08:01 921116                     /home/madunlap/.m2/repository/javax/annotation/javax.annotation-api/1.2/javax.annotation-api-1.2.jar
7fafa691b000-7fafa692a000 r--s 000a0000 08:01 921111                     /home/madunlap/.m2/repository/org/glassfish/jersey/core/jersey-common/2.23.2/jersey-common-2.23.2.jar
7fafa692a000-7fafa692b000 r--s 00001000 08:01 921113                     /home/madunlap/.m2/repository/org/glassfish/hk2/external/javax.inject/2.5.0-b05/javax.inject-2.5.0-b05.jar
7fafa692b000-7fafa692e000 r--s 0000e000 08:01 921110                     /home/madunlap/.m2/repository/org/glassfish/jersey/containers/jersey-container-servlet-core/2.23.2/jersey-container-servlet-core-2.23.2.jar
7fafa692e000-7fafa6930000 r--s 00003000 08:01 921107                     /home/madunlap/.m2/repository/org/glassfish/jersey/containers/jersey-container-servlet/2.23.2/jersey-container-servlet-2.23.2.jar
7fafa6930000-7fafa6932000 r--s 00008000 08:01 921112                     /home/madunlap/.m2/repository/com/google/auto/auto-common/0.3/auto-common-0.3.jar
7fafa6932000-7fafa6b32000 rw-p 00000000 00:00 0 
7fafa6b32000-7fafa6b33000 r--s 00002000 08:01 921105                     /home/madunlap/.m2/repository/com/google/auto/service/auto-service/1.0-rc2/auto-service-1.0-rc2.jar
7fafa6b33000-7fafa6b35000 r--s 0000c000 08:01 921153                     /home/madunlap/.m2/repository/com/lyncode/xoai-service-provider/4.1.0-header-patch/xoai-service-provider-4.1.0-header-patch.jar
7fafa6b35000-7fafa6b36000 r--s 00001000 08:01 921104                     /home/madunlap/.m2/repository/com/lyncode/builder-commons/1.0.2/builder-commons-1.0.2.jar
7fafa6b36000-7fafa6b39000 r--s 00012000 08:01 921152                     /home/madunlap/.m2/repository/com/lyncode/xoai-data-provider/4.1.0-header-patch/xoai-data-provider-4.1.0-header-patch.jar
7fafa6b39000-7fafa6b3b000 r--s 00005000 08:01 791390                     /home/madunlap/.m2/repository/stax/stax-api/1.0.1/stax-api-1.0.1.jar
7fafa6b3b000-7fafa6b41000 r--s 00048000 08:01 921101                     /home/madunlap/.m2/repository/org/apache/commons/commons-lang3/3.1/commons-lang3-3.1.jar
7fafa6b41000-7fafa6b43000 r--s 00004000 08:01 921097                     /home/madunlap/.m2/repository/javax/xml/stream/stax-api/1.0-2/stax-api-1.0-2.jar
7fafa6b43000-7fafa6b47000 r--s 00029000 08:01 921098                     /home/madunlap/.m2/repository/org/codehaus/woodstox/stax2-api/3.0.4/stax2-api-3.0.4.jar
7fafa6b47000-7fafa6b4d000 r--s 00045000 08:01 921095                     /home/madunlap/.m2/repository/org/hamcrest/hamcrest-all/1.3/hamcrest-all-1.3.jar
7fafa6b4d000-7fafa6b4e000 r--s 00003000 08:01 921092                     /home/madunlap/.m2/repository/com/lyncode/test-support/1.0.4/test-support-1.0.4.jar
7fafa6b4e000-7fafa6b50000 r--s 00004000 08:01 921090                     /home/madunlap/.m2/repository/com/lyncode/xml-io/1.0.3/xml-io-1.0.3.jar
7fafa6b50000-7fafa6b52000 r--s 0000d000 08:01 921151                     /home/madunlap/.m2/repository/com/lyncode/xoai-common/4.1.0-header-patch/xoai-common-4.1.0-header-patch.jar
7fafa6b52000-7fafa6b55000 r--s 00011000 08:01 921088                     /home/madunlap/.m2/repository/com/github/scribejava/scribejava-core/3.1.0/scribejava-core-3.1.0.jar
7fafa6b55000-7fafa6b58000 r--s 00010000 08:01 921084                     /home/madunlap/.m2/repository/com/github/scribejava/scribejava-apis/3.1.0/scribejava-apis-3.1.0.jar
7fafa6b58000-7fafa6b61000 r--s 0006f000 08:01 921083                     /home/madunlap/.m2/repository/log4j/log4j/1.2.17/log4j-1.2.17.jar
7fafa6b61000-7fafa6c38000 r--s 007aa000 08:01 921093                     /home/madunlap/.m2/repository/net/sf/ehcache/ehcache/2.10.1/ehcache-2.10.1.jar
7fafa6c38000-7fafa6c3a000 r--s 00008000 08:01 921082                     /home/madunlap/.m2/repository/org/apache/commons/commons-csv/1.2/commons-csv-1.2.jar
7fafa6c3a000-7fafa6c3e000 r--s 00035000 08:01 921081                     /home/madunlap/.m2/repository/com/fasterxml/jackson/core/jackson-core/2.5.3/jackson-core-2.5.3.jar
7fafa6c3e000-7fafa6c40000 r--s 00008000 08:01 921075                     /home/madunlap/.m2/repository/com/fasterxml/jackson/core/jackson-annotations/2.5.0/jackson-annotations-2.5.0.jar
7fafa6c40000-7fafa6c52000 r--s 00106000 08:01 921073                     /home/madunlap/.m2/repository/com/fasterxml/jackson/core/jackson-databind/2.5.3/jackson-databind-2.5.3.jar
7fafa6c52000-7fafa6c55000 r--s 00006000 08:01 921070                     /home/madunlap/.m2/repository/com/google/code/findbugs/jsr305/1.3.9/jsr305-1.3.9.jar
7fafa6c55000-7fafa6c5b000 r--s 00040000 08:01 921074                     /home/madunlap/.m2/repository/com/google/http-client/google-http-client/1.20.0/google-http-client-1.20.0.jar
7fafa6c5b000-7fafa6c5c000 r--s 00004000 08:01 921066                     /home/madunlap/.m2/repository/com/maxmind/db/maxmind-db/1.0.0/maxmind-db-1.0.0.jar
7fafa6c5c000-7fafa6c5e000 r--s 00007000 08:01 921064                     /home/madunlap/.m2/repository/com/maxmind/geoip2/geoip2/2.3.1/geoip2-2.3.1.jar
7fafa6c5e000-7fafa6c62000 r--s 00034000 08:01 921067                     /home/madunlap/.m2/repository/org/codehaus/jackson/jackson-core-asl/1.9.7/jackson-core-asl-1.9.7.jar
7fafa6c62000-7fafa6c71000 r--s 000b0000 08:01 921065                     /home/madunlap/.m2/repository/org/codehaus/jackson/jackson-mapper-asl/1.9.7/jackson-mapper-asl-1.9.7.jar
7fafa6c71000-7fafa6c7b000 r--s 0003d000 08:01 921060                     /home/madunlap/.m2/repository/org/javaswift/joss/0.9.10/joss-0.9.10.jar
7fafa6c7b000-7fafa6c82000 r--s 0003a000 08:01 921056                     /home/madunlap/.m2/repository/commons-codec/commons-codec/1.9/commons-codec-1.9.jar
7fafa6c82000-7fafa6c89000 r--s 00048000 08:01 921054                     /home/madunlap/.m2/repository/org/apache/httpcomponents/httpcore/4.4.1/httpcore-4.4.1.jar
7fafa6c89000-7fafa6c96000 r--s 000a4000 08:01 921052                     /home/madunlap/.m2/repository/org/apache/httpcomponents/httpclient/4.4.1/httpclient-4.4.1.jar
7fafa6c96000-7fafa6c9a000 r--s 00028000 08:01 921050                     /home/madunlap/.m2/repository/org/apache/httpcomponents/httpasyncclient/4.1/httpasyncclient-4.1.jar
7fafa6c9a000-7fafa6ca1000 r--s 00050000 08:01 921049                     /home/madunlap/.m2/repository/org/apache/httpcomponents/httpcore-nio/4.4.1/httpcore-nio-4.4.1.jar
7fafa6ca1000-7fafa6ca7000 r--s 00033000 08:01 921046                     /home/madunlap/.m2/repository/io/searchbox/jest-common/0.1.7/jest-common-0.1.7.jar
7fafa6ca7000-7fafa6ca8000 r--s 00004000 08:01 921045                     /home/madunlap/.m2/repository/io/searchbox/jest/0.1.7/jest-0.1.7.jar
7fafa6ca8000-7fafa6ca9000 r--s 00004000 08:01 921039                     /home/madunlap/.m2/repository/org/apache/axis/axis-saaj/1.4/axis-saaj-1.4.jar
7fafa6ca9000-7fafa6cab000 r--s 00006000 08:01 921036                     /home/madunlap/.m2/repository/org/apache/axis/axis-jaxrpc/1.4/axis-jaxrpc-1.4.jar
7fafa6cab000-7fafa6cbf000 r--s 00173000 08:01 921038                     /home/madunlap/.m2/repository/axis/axis/1.4/axis-1.4.jar
7fafa6cbf000-7fafa6cdb000 r--s 00103000 08:01 921030                     /home/madunlap/.m2/repository/org/mockito/mockito-core/1.10.19/mockito-core-1.10.19.jar
7fafa6cdb000-7fafa6cdd000 r--s 00001000 08:01 921031                     /home/madunlap/.m2/repository/org/slf4j/slf4j-log4j12/1.7.7/slf4j-log4j12-1.7.7.jar
7fafa6cdd000-7fafa6cdf000 r--s 00006000 08:01 791385                     /home/madunlap/.m2/repository/org/slf4j/slf4j-api/1.7.7/slf4j-api-1.7.7.jar
7fafa6cdf000-7fafa6ce1000 r--s 00008000 08:01 920991                     /home/madunlap/.m2/repository/classworlds/classworlds/1.1-alpha-2/classworlds-1.1-alpha-2.jar
7fafa6ce1000-7fafa6ce8000 r--s 00029000 08:01 920988                     /home/madunlap/.m2/repository/org/codehaus/plexus/plexus-container-default/1.0-alpha-9-stable-1/plexus-container-default-1.0-alpha-9-stable-1.jar
7fafa6ce8000-7fafa6ceb000 r--s 00011000 08:01 920989                     /home/madunlap/.m2/repository/org/apache/maven/maven-artifact/2.2.1/maven-artifact-2.2.1.jar
7fafa6ceb000-7fafa6ced000 r--s 00006000 08:01 920982                     /home/madunlap/.m2/repository/org/apache/maven/maven-plugin-registry/2.2.1/maven-plugin-registry-2.2.1.jar
7fafa6ced000-7fafa6cef000 r--s 0000b000 08:01 920978                     /home/madunlap/.m2/repository/org/apache/maven/wagon/wagon-provider-api/1.0-beta-6/wagon-provider-api-1.0-beta-6.jar
7fafa6cef000-7fafa6cf1000 r--s 00005000 08:01 920980                     /home/madunlap/.m2/repository/org/apache/maven/maven-repository-metadata/2.2.1/maven-repository-metadata-2.2.1.jar
7fafa6cf1000-7fafa6cf3000 r--s 0000f000 08:01 920975                     /home/madunlap/.m2/repository/org/apache/maven/maven-artifact-manager/2.2.1/maven-artifact-manager-2.2.1.jar
7fafa6cf3000-7fafa6cf5000 r--s 00014000 08:01 920971                     /home/madunlap/.m2/repository/org/apache/maven/maven-model/2.2.1/maven-model-2.2.1.jar
7fafa6cf5000-7fafa6cf7000 r--s 00007000 08:01 920969                     /home/madunlap/.m2/repository/org/apache/maven/maven-profile/2.2.1/maven-profile-2.2.1.jar
7fafa6cf7000-7fafa6cf8000 r--s 0000b000 08:01 920972                     /home/madunlap/.m2/repository/org/apache/maven/maven-settings/2.2.1/maven-settings-2.2.1.jar
7fafa6cf8000-7fafa6cfc000 r--s 00023000 08:01 920973                     /home/madunlap/.m2/repository/org/apache/maven/maven-project/2.2.1/maven-project-2.2.1.jar
7fafa6cfc000-7fafa6cfe000 r--s 00002000 08:01 661356                     /home/madunlap/.m2/repository/org/apache/maven/maven-plugin-api/2.2.1/maven-plugin-api-2.2.1.jar
7fafa6cfe000-7fafa6d00000 r--s 00015000 08:01 791373                     /home/madunlap/.m2/repository/org/ccil/cowan/tagsoup/tagsoup/1.2.1/tagsoup-1.2.1.jar
7fafa6d00000-7fafa6d06000 r--s 00044000 08:01 791367                     /home/madunlap/.m2/repository/org/jsoup/jsoup/1.8.1/jsoup-1.8.1.jar
7fafa6d06000-7fafa6d08000 r--s 00004000 08:01 791401                     /home/madunlap/.m2/repository/edu/ucsb/nceas/ezid/1.0.0/ezid-1.0.0.jar
7fafa6d08000-7fafa6d0b000 r--s 0000b000 08:01 791362                     /home/madunlap/.m2/repository/org/ocpsoft/rewrite/rewrite-integration-faces/2.0.12.Final/rewrite-integration-faces-2.0.12.Final.jar
7fafa6d0b000-7fafa6d0d000 r--s 00001000 08:01 791360                     /home/madunlap/.m2/repository/org/ocpsoft/rewrite/rewrite-annotations-api/2.0.12.Final/rewrite-annotations-api-2.0.12.Final.jar
7fafa6d0d000-7fafa6d0e000 r--s 00005000 08:01 791359                     /home/madunlap/.m2/repository/org/ocpsoft/rewrite/rewrite-addressbuilder/2.0.12.Final/rewrite-addressbuilder-2.0.12.Final.jar
7fafa6d0e000-7fafa6d10000 r--s 00008000 08:01 791357                     /home/madunlap/.m2/repository/org/ocpsoft/rewrite/rewrite-api-servlet/2.0.12.Final/rewrite-api-servlet-2.0.12.Final.jar
7fafa6d10000-7fafa6d12000 r--s 00001000 08:01 791354                     /home/madunlap/.m2/repository/org/ocpsoft/logging/logging-api/1.0.2.Final/logging-api-1.0.2.Final.jar
7fafa6d12000-7fafa6d13000 r--s 00003000 08:01 791353                     /home/madunlap/.m2/repository/org/ocpsoft/common/common-api/1.0.5.Final/common-api-1.0.5.Final.jar
7fafa6d13000-7fafa6d17000 r--s 00018000 08:01 791351                     /home/madunlap/.m2/repository/org/ocpsoft/rewrite/rewrite-api/2.0.12.Final/rewrite-api-2.0.12.Final.jar
7fafa6d17000-7fafa6d19000 r--s 00005000 08:01 791349                     /home/madunlap/.m2/repository/org/ocpsoft/rewrite/rewrite-annotations-impl/2.0.12.Final/rewrite-annotations-impl-2.0.12.Final.jar
7fafa6d19000-7fafa6d27000 r--s 00092000 08:01 791352                     /home/madunlap/.m2/repository/org/ocpsoft/rewrite/rewrite-config-prettyfaces/2.0.12.Final/rewrite-config-prettyfaces-2.0.12.Final.jar
7fafa6d27000-7fafa6d35000 r--s 0005f000 08:01 791345                     /home/madunlap/.m2/repository/org/ocpsoft/rewrite/rewrite-servlet/2.0.12.Final/rewrite-servlet-2.0.12.Final.jar
7fafa6d35000-7fafa6d39000 r--s 0003c000 08:01 791218                     /home/madunlap/.m2/repository/javax/media/jai_codec/1.1.3/jai_codec-1.1.3.jar
7fafa6d39000-7fafa6d4d000 r--s 001bd000 08:01 791220                     /home/madunlap/.m2/repository/javax/media/jai_core/1.1.3/jai_core-1.1.3.jar
7fafa6d4d000-7fafa6d5e000 r--s 00106000 08:01 791219                     /home/madunlap/.m2/repository/javax/media/jai_imageio/1.1.1/jai_imageio-1.1.1.jar
7fafa6d5e000-7fafa6d60000 r--s 00009000 08:01 791399                     /home/madunlap/.m2/repository/edu/harvard/hul/ois/jhove/jhove-handler/1.11.0/jhove-handler-1.11.0.jar
7fafa6d60000-7fafa6d69000 r--s 00079000 08:01 791398                     /home/madunlap/.m2/repository/edu/harvard/hul/ois/jhove/jhove-module/1.11.0/jhove-module-1.11.0.jar
7fafa6d69000-7fafa6d6c000 r--s 00011000 08:01 791396                     /home/madunlap/.m2/repository/edu/harvard/hul/ois/jhove/jhove/1.11.0/jhove-1.11.0.jar
7fafa6d6c000-7fafa6d7c000 r--s 0011f000 08:01 791342                     /home/madunlap/.m2/repository/org/apache/poi/poi-scratchpad/3.10-FINAL/poi-scratchpad-3.10-FINAL.jar
7fafa6d7c000-7fafa6d82000 r--s 00047000 08:01 791341                     /home/madunlap/.m2/repository/org/apache/poi/poi-examples/3.10-FINAL/poi-examples-3.10-FINAL.jar
7fafa6d82000-7fafa6d87000 r--s 00048000 08:01 791338                     /home/madunlap/.m2/repository/dom4j/dom4j/1.6.1/dom4j-1.6.1.jar
7fafa6d87000-7fafa6dc4000 r--s 0024f000 08:01 791336                     /home/madunlap/.m2/repository/org/apache/xmlbeans/xmlbeans/2.3.0/xmlbeans-2.3.0.jar
7fafa6dc4000-7fafa6e5c000 r--s 00420000 08:01 791334                     /home/madunlap/.m2/repository/org/apache/poi/poi-ooxml-schemas/3.10-FINAL/poi-ooxml-schemas-3.10-FINAL.jar
7fafa6e5c000-7fafa6e6a000 r--s 000ee000 08:01 791333                     /home/madunlap/.m2/repository/org/apache/poi/poi-ooxml/3.10-FINAL/poi-ooxml-3.10-FINAL.jar
7fafa6e6a000-7fafa6e8c000 r--s 001bb000 08:01 791332                     /home/madunlap/.m2/repository/org/apache/poi/poi/3.10-FINAL/poi-3.10-FINAL.jar
7fafa6e8c000-7fafa6e8e000 r--s 00006000 08:01 791331                     /home/madunlap/.m2/repository/org/nuiton/thirdparty/Rserve/0.6-1/Rserve-0.6-1.jar
7fafa6e8e000-7fafa6e90000 r--s 00006000 08:01 791328                     /home/madunlap/.m2/repository/org/nuiton/thirdparty/REngine/0.6-1/REngine-0.6-1.jar
7fafa6e90000-7fafa6e91000 r--s 0000c000 08:01 791397                     /home/madunlap/.m2/repository/org/dataverse/unf/6.0/unf-6.0.jar
7fafa6e91000-7fafa6e92000 r--s 00018000 08:01 791394                     /home/madunlap/.m2/repository/edu/harvard/iq/dvn/unf5/5.0/unf5-5.0.jar
7fafa6e92000-7fafa6e9b000 r--s 000a6000 08:01 791393                     /home/madunlap/.m2/repository/net/handle/handle/2006-06-16-generated/handle-2006-06-16-generated.jar
7fafa6e9b000-7fafa6e9e000 r--s 00035000 08:01 791395                     /home/madunlap/.m2/repository/nom/tam/fits/fits/2012-10-25-generated/fits-2012-10-25-generated.jar
7fafa6e9e000-7fafa6ea5000 r--s 00028000 08:01 791326                     /home/madunlap/.m2/repository/concurrent/concurrent/1.3.4/concurrent-1.3.4.jar
7fafa6ea5000-7fafa6eb3000 r--s 00081000 08:01 791324                     /home/madunlap/.m2/repository/colt/colt/1.2.0/colt-1.2.0.jar
7fafa6eb3000-7fafa6ec0000 r--s 00083000 08:01 791320                     /home/madunlap/.m2/repository/commons-collections/commons-collections/3.2.2/commons-collections-3.2.2.jar
7fafa6ec0000-7fafa6ec4000 r--s 00020000 08:01 791319                     /home/madunlap/.m2/repository/commons-digester/commons-digester/1.8.1/commons-digester-1.8.1.jar
7fafa6ec4000-7fafa6ec9000 r--s 00035000 08:01 791317                     /home/madunlap/.m2/repository/commons-beanutils/commons-beanutils/1.9.2/commons-beanutils-1.9.2.jar
7fafa6ec9000-7fafa6ecd000 r--s 0002a000 08:01 791315                     /home/madunlap/.m2/repository/commons-validator/commons-validator/1.6/commons-validator-1.6.jar
7fafa6ecd000-7fafa6ee0000 r--s 000df000 08:01 791313                     /home/madunlap/.m2/repository/org/apache/commons/commons-math/2.2/commons-math-2.2.jar
7fafa6ee0000-7fafa6ee2000 r--s 0000e000 08:01 791309                     /home/madunlap/.m2/repository/commons-logging/commons-logging/1.1.3/commons-logging-1.1.3.jar
7fafa6ee2000-7fafa6ee4000 r--s 00005000 08:01 791311                     /home/madunlap/.m2/repository/org/apache/httpcomponents/httpmime/4.2.6/httpmime-4.2.6.jar
7fafa6ee4000-7fafa6ee5000 r--s 00005000 08:01 791308                     /home/madunlap/.m2/repository/org/noggit/noggit/0.5/noggit-0.5.jar
7fafa6ee5000-7fafa6ef1000 r--s 000b3000 08:01 791304                     /home/madunlap/.m2/repository/org/apache/zookeeper/zookeeper/3.4.5/zookeeper-3.4.5.jar
7fafa6ef1000-7fafa6ef9000 r--s 0005b000 08:01 791305                     /home/madunlap/.m2/repository/org/apache/solr/solr-solrj/4.6.0/solr-solrj-4.6.0.jar
7fafa6ef9000-7fafa6efb000 r--s 0000d000 08:01 791302                     /home/madunlap/.m2/repository/com/fasterxml/classmate/1.0.0/classmate-1.0.0.jar
7fafa6efb000-7fafa6efd000 r--s 0000d000 08:01 791296                     /home/madunlap/.m2/repository/org/jboss/logging/jboss-logging/3.1.1.GA/jboss-logging-3.1.1.GA.jar
7fafa6efd000-7fafa6f01000 r--s 0000c000 08:01 791294                     /home/madunlap/.m2/repository/javax/validation/validation-api/1.1.0.Final/validation-api-1.1.0.Final.jar
7fafa6f01000-7fafa6f0e000 r--s 00080000 08:01 791293                     /home/madunlap/.m2/repository/org/hibernate/hibernate-validator/5.0.3.Final/hibernate-validator-5.0.3.Final.jar
7fafa6f0e000-7fafa6f18000 r--s 0006b000 08:01 791289                     /home/madunlap/.m2/repository/org/omnifaces/omnifaces/1.7/omnifaces-1.7.jar
7fafa6f18000-7fafa6f27000 r--s 000c4000 08:01 791290                     /home/madunlap/.m2/repository/org/atmosphere/atmosphere-runtime/2.4.2/atmosphere-runtime-2.4.2.jar
7fafa6f27000-7fafa6f3b000 r--s 0013a000 08:01 791121                     /home/madunlap/.m2/repository/org/primefaces/themes/all-themes/1.0.10/all-themes-1.0.10.jar
7fafa6f3b000-7fafa6f67000 r--s 00318000 08:01 791288                     /home/madunlap/.m2/repository/org/primefaces/primefaces/5.3/primefaces-5.3.jar
7fafa6f67000-7fafa6f89000 r--s 00120000 08:01 791284                     /home/madunlap/.m2/repository/javax/javaee-web-api/7.0/javaee-web-api-7.0.jar
7fafa6f89000-7fafa6f8b000 r--s 0000e000 08:01 791282                     /home/madunlap/.m2/repository/javax/activation/activation/1.1/activation-1.1.jar
7fafa6f8b000-7fafa6f93000 r--s 00078000 08:01 791280                     /home/madunlap/.m2/repository/com/sun/mail/javax.mail/1.5.0/javax.mail-1.5.0.jar
7fafa6f93000-7fafa6fc7000 r--s 001a4000 08:01 791278                     /home/madunlap/.m2/repository/javax/javaee-api/7.0/javaee-api-7.0.jar
7fafa6fc7000-7fafa6ff2000 r--s 001f5000 08:01 791277                     /home/madunlap/.m2/repository/com/google/guava/guava/16.0.1/guava-16.0.1.jar
7fafa6ff2000-7fafa6ff3000 r--s 00004000 08:01 791275                     /home/madunlap/.m2/repository/org/mindrot/jbcrypt/0.3m/jbcrypt-0.3m.jar
7fafa6ff3000-7fafa7011000 r--s 0027d000 08:01 791273                     /home/madunlap/.m2/repository/xalan/xalan/2.7.0/xalan-2.7.0.jar
7fafa7011000-7fafa7025000 r--s 000e3000 08:01 791272                     /home/madunlap/.m2/repository/xerces/xercesImpl/2.6.2/xercesImpl-2.6.2.jar
7fafa7025000-7fafa702b000 r--s 00019000 08:01 791270                     /home/madunlap/.m2/repository/xerces/xmlParserAPIs/2.6.2/xmlParserAPIs-2.6.2.jar
7fafa702b000-7fafa7032000 r--s 00063000 08:01 791268                     /home/madunlap/.m2/repository/xom/xom/1.1/xom-1.1.jar
7fafa7032000-7fafa7037000 r--s 0002a000 08:01 791265                     /home/madunlap/.m2/repository/com/google/code/gson/gson/2.2.4/gson-2.2.4.jar
7fafa7037000-7fafa703b000 r--s 00027000 08:01 791263                     /home/madunlap/.m2/repository/commons-io/commons-io/2.2/commons-io-2.2.jar
7fafa703b000-7fafa703d000 r--s 0000f000 08:01 791260                     /home/madunlap/.m2/repository/commons-fileupload/commons-fileupload/1.3.1/commons-fileupload-1.3.1.jar
7fafa703d000-7fafa7043000 r--s 00032000 08:01 791261                     /home/madunlap/.m2/repository/jaxen/jaxen/1.1.1/jaxen-1.1.1.jar
7fafa7043000-7fafa704a000 r--s 00079000 08:01 661348                     /home/madunlap/.m2/repository/org/codehaus/woodstox/wstx-asl/3.2.6/wstx-asl-3.2.6.jar
7fafa704a000-7fafa704f000 r--s 00070000 08:01 661349                     /home/madunlap/.m2/repository/org/codehaus/woodstox/woodstox-core-asl/4.1.4/woodstox-core-asl-4.1.4.jar
7fafa704f000-7fafa7053000 r--s 00026000 08:01 791256                     /home/madunlap/.m2/repository/org/apache/ws/commons/axiom/axiom-impl/1.2.14/axiom-impl-1.2.14.jar
7fafa7053000-7fafa7056000 r--s 00015000 08:01 791254                     /home/madunlap/.m2/repository/org/apache/james/apache-mime4j-core/0.7.2/apache-mime4j-core-0.7.2.jar
7fafa7056000-7fafa705b000 r--s 00032000 08:01 791252                     /home/madunlap/.m2/repository/org/apache/geronimo/specs/geronimo-javamail_1.4_spec/1.7.1/geronimo-javamail_1.4_spec-1.7.1.jar
7fafa705b000-7fafa7065000 r--s 0005d000 08:01 791250                     /home/madunlap/.m2/repository/org/apache/ws/commons/axiom/axiom-api/1.2.14/axiom-api-1.2.14.jar
7fafa7065000-7fafa7068000 r--s 0014e000 08:01 791249                     /home/madunlap/.m2/repository/org/apache/abdera/abdera-parser/1.1.3/abdera-parser-1.1.3.jar
7fafa7068000-7fafa706a000 r--s 00006000 08:01 791245                     /home/madunlap/.m2/repository/org/apache/geronimo/specs/geronimo-stax-api_1.0_spec/1.0.1/geronimo-stax-api_1.0_spec-1.0.1.jar
7fafa706a000-7fafa706c000 r--s 0000a000 08:01 791243                     /home/madunlap/.m2/repository/org/apache/geronimo/specs/geronimo-activation_1.1_spec/1.1/geronimo-activation_1.1_spec-1.1.jar
7fafa706c000-7fafa7070000 r--s 00094000 08:01 791246                     /home/madunlap/.m2/repository/org/apache/abdera/abdera-i18n/1.1.3/abdera-i18n-1.1.3.jar
7fafa7070000-7fafa7074000 r--s 00024000 08:01 791241                     /home/madunlap/.m2/repository/org/apache/abdera/abdera-core/1.1.3/abdera-core-1.1.3.jar
7fafa7074000-7fafa708d000 r--s 002fd000 08:01 791240                     /home/madunlap/.m2/repository/com/ibm/icu/icu4j/3.4.4/icu4j-3.4.4.jar
7fafa708d000-7fafa7090000 r--s 00023000 08:01 791237                     /home/madunlap/.m2/repository/com/hp/hpl/jena/iri/0.8/iri-0.8.jar
7fafa7090000-7fafa70b3000 r--s 001ae000 08:01 791235                     /home/madunlap/.m2/repository/com/hp/hpl/jena/jena/2.6.4/jena-2.6.4.jar
7fafa70b3000-7fafa70b5000 r--s 0000d000 08:01 791233                     /home/madunlap/.m2/repository/org/apache/abdera/abdera-client/1.1.1/abdera-client-1.1.1.jar
7fafa70b5000-7fafa70b7000 r--s 00016000 08:01 791230                     /home/madunlap/.m2/repository/javax/servlet/servlet-api/2.4/servlet-api-2.4.jar
7fafa70b7000-7fafa70ba000 r--s 0000f000 08:01 791226                     /home/madunlap/.m2/repository/org/swordapp/sword2-server/1.0/sword2-server-1.0-classes.jar
7fafa70ba000-7fafa70bf000 r--s 00040000 08:01 791224                     /home/madunlap/.m2/repository/commons-httpclient/commons-httpclient/3.0.1/commons-httpclient-3.0.1.jar
7fafa70bf000-7fafa70ff000 r--s 00285000 08:01 925253                     /home/madunlap/.m2/repository/org/bouncycastle/bcprov-jdk15on/1.52/bcprov-jdk15on-1.52.jar
7fafa70ff000-7fafa7103000 r--s 00021000 08:01 925254                     /home/madunlap/.m2/repository/org/cryptacular/cryptacular/1.1.0/cryptacular-1.1.0.jar
7fafa7103000-7fafa7106000 r--s 00011000 08:01 925252                     /home/madunlap/.m2/repository/org/passay/passay/1.1.0/passay-1.1.0.jar
7fafa7106000-7fafa7512000 r--s 03c80000 08:01 791225                     /home/madunlap/.m2/repository/com/amazonaws/aws-java-sdk-bundle/1.11.172/aws-java-sdk-bundle-1.11.172.jar
7fafa7512000-7fafa7712000 rw-p 00000000 00:00 0 
7fafa7712000-7fafa7912000 rw-p 00000000 00:00 0 
7fafa7912000-7fafa798c000 r--s 010f7000 08:01 1582200                    /usr/lib/jvm/java-8-oracle/lib/tools.jar
7fafa798c000-7fafa798f000 r--s 0001b000 08:01 791438                     /home/madunlap/.m2/repository/junit/junit/3.8.2/junit-3.8.2.jar
7fafa798f000-7fafa799d000 r--s 0008f000 08:01 921892                     /home/madunlap/.m2/repository/com/google/collections/google-collections/1.0/google-collections-1.0.jar
7fafa799d000-7fafa799e000 r--s 0000a000 08:01 921891                     /home/madunlap/.m2/repository/commons-logging/commons-logging-api/1.1/commons-logging-api-1.1.jar
7fafa799e000-7fafa79a5000 r--s 00051000 08:01 921889                     /home/madunlap/.m2/repository/log4j/log4j/1.2.12/log4j-1.2.12.jar
7fafa79a5000-7fafa79a9000 r--s 0001d000 08:01 921886                     /home/madunlap/.m2/repository/org/apache/xbean/xbean-reflect/3.4/xbean-reflect-3.4.jar
7fafa79a9000-7fafa79aa000 r--s 00004000 08:01 921885                     /home/madunlap/.m2/repository/org/codehaus/plexus/plexus-compiler-javac/2.2/plexus-compiler-javac-2.2.jar
7fafa79aa000-7fafa79ac000 r--s 00000000 08:01 921883                     /home/madunlap/.m2/repository/org/codehaus/plexus/plexus-compiler-manager/2.2/plexus-compiler-manager-2.2.jar
7fafa79ac000-7fafa79ae000 r--s 00005000 08:01 921878                     /home/madunlap/.m2/repository/org/codehaus/plexus/plexus-compiler-api/2.2/plexus-compiler-api-2.2.jar
7fafa79ae000-7fafa79b0000 r--s 00002000 08:01 921877                     /home/madunlap/.m2/repository/org/apache/maven/shared/maven-shared-incremental/1.1/maven-shared-incremental-1.1.jar
7fafa79b0000-7fafa79b2000 r--s 00006000 08:01 921876                     /home/madunlap/.m2/repository/com/google/code/findbugs/jsr305/2.0.1/jsr305-2.0.1.jar
7fafa79b2000-7fafa79b5000 r--s 00023000 08:01 921882                     /home/madunlap/.m2/repository/org/apache/maven/shared/maven-shared-utils/0.1/maven-shared-utils-0.1.jar
7fafa79b5000-7fafa79b9000 r--s 00030000 08:01 921884                     /home/madunlap/.m2/repository/org/codehaus/plexus/plexus-utils/1.5.1/plexus-utils-1.5.1.jar
7fafa79b9000-7fafa79bb000 r--s 00009000 08:01 660601                     /home/madunlap/.m2/repository/org/apache/maven/plugins/maven-compiler-plugin/3.1/maven-compiler-plugin-3.1.jar
7fafa79bb000-7fafa79bd000 r--s 0000d000 08:01 921763                     /home/madunlap/.m2/repository/org/codehaus/plexus/plexus-interpolation/1.13/plexus-interpolation-1.13.jar
7fafa79bd000-7fafa79be000 r--s 00001000 08:01 921761                     /home/madunlap/.m2/repository/org/sonatype/plexus/plexus-build-api/0.0.4/plexus-build-api-0.0.4.jar
7fafa79be000-7fafa79c0000 r--s 00009000 08:01 921767                     /home/madunlap/.m2/repository/org/apache/maven/shared/maven-filtering/1.0/maven-filtering-1.0.jar
7fafa79c0000-7fafa79c1000 r--s 00001000 08:01 921765                     /home/madunlap/.m2/repository/org/apache/maven/doxia/doxia-sink-api/1.0-alpha-7/doxia-sink-api-1.0-alpha-7.jar
7fafa79c1000-7fafa79c2000 r--s 00002000 08:01 921760                     /home/madunlap/.m2/repository/org/apache/maven/reporting/maven-reporting-api/2.0.6/maven-reporting-api-2.0.6.jar
7fafa79c2000-7fafa79c4000 r--s 00005000 08:01 660590                     /home/madunlap/.m2/repository/org/apache/maven/plugins/maven-resources-plugin/2.5/maven-resources-plugin-2.5.jar
7fafa79c4000-7fafa79c8000 r--s 0001f000 08:01 921028                     /home/madunlap/.m2/repository/org/jacoco/org.jacoco.report/0.7.5.201505241946/org.jacoco.report-0.7.5.201505241946.jar
7fafa79c8000-7fafa79cd000 r--s 00058000 08:01 921027                     /home/madunlap/.m2/repository/org/ow2/asm/asm-debug-all/5.0.1/asm-debug-all-5.0.1.jar
7fafa79cd000-7fafa79d1000 r--s 0001d000 08:01 791383                     /home/madunlap/.m2/repository/org/jacoco/org.jacoco.core/0.7.5.201505241946/org.jacoco.core-0.7.5.201505241946.jar
7fafa79d1000-7fafa79d7000 r--s 00041000 08:01 661360                     /home/madunlap/.m2/repository/org/jacoco/org.jacoco.agent/0.7.5.201505241946/org.jacoco.agent-0.7.5.201505241946-runtime.jar
7fafa79d7000-7fafa79e4000 r--s 0007f000 08:01 921702                     /home/madunlap/.m2/repository/commons-collections/commons-collections/3.2/commons-collections-3.2.jar
7fafa79e4000-7fafa79e6000 r--s 00008000 08:01 921015                     /home/madunlap/.m2/repository/org/apache/maven/doxia/doxia-module-fml/1.1.2/doxia-module-fml-1.1.2.jar
7fafa79e6000-7fafa79e7000 r--s 00003000 08:01 921016                     /home/madunlap/.m2/repository/org/apache/maven/doxia/doxia-module-xhtml/1.1.2/doxia-module-xhtml-1.1.2.jar
7fafa79e7000-7fafa79e9000 r--s 0000b000 08:01 921011                     /home/madunlap/.m2/repository/org/apache/maven/doxia/doxia-decoration-model/1.1.2/doxia-decoration-model-1.1.2.jar
7fafa79e9000-7fafa79ef000 r--s 00045000 08:01 791428                     /home/madunlap/.m2/repository/commons-httpclient/commons-httpclient/3.1/commons-httpclient-3.1.jar
7fafa79ef000-7fafa7bef000 rw-p 00000000 00:00 0 
7fafa7bef000-7fafa7def000 rw-p 00000000 00:00 0 
7fafa7def000-7fafa7e00000 r-xp 00000000 08:01 2106483                    /usr/lib/jvm/java-8-oracle/jre/lib/amd64/libnio.so
7fafa7e00000-7fafa7fff000 ---p 00011000 08:01 2106483                    /usr/lib/jvm/java-8-oracle/jre/lib/amd64/libnio.so
7fafa7fff000-7fafa8000000 rw-p 00010000 08:01 2106483                    /usr/lib/jvm/java-8-oracle/jre/lib/amd64/libnio.so
7fafa8000000-7fafa8021000 rw-p 00000000 00:00 0 
7fafa8021000-7fafac000000 ---p 00000000 00:00 0 
7fafac000000-7fafac021000 rw-p 00000000 00:00 0 
7fafac021000-7fafb0000000 ---p 00000000 00:00 0 
7fafb0000000-7fafb0f57000 rw-p 00000000 00:00 0 
7fafb0f57000-7fafb4000000 ---p 00000000 00:00 0 
7fafb4000000-7fafb4021000 rw-p 00000000 00:00 0 
7fafb4021000-7fafb8000000 ---p 00000000 00:00 0 
7fafb8000000-7fafb8021000 rw-p 00000000 00:00 0 
7fafb8021000-7fafbc000000 ---p 00000000 00:00 0 
7fafbc000000-7fafbd683000 rw-p 00000000 00:00 0 
7fafbd683000-7fafc0000000 ---p 00000000 00:00 0 
7fafc0000000-7fafc0021000 rw-p 00000000 00:00 0 
7fafc0021000-7fafc4000000 ---p 00000000 00:00 0 
7fafc4000000-7fafc4021000 rw-p 00000000 00:00 0 
7fafc4021000-7fafc8000000 ---p 00000000 00:00 0 
7fafc8000000-7fafc8002000 r--s 0000b000 08:01 921008                     /home/madunlap/.m2/repository/org/apache/maven/doxia/doxia-site-renderer/1.1.2/doxia-site-renderer-1.1.2.jar
7fafc8002000-7fafc8004000 r--s 00006000 08:01 791430                     /home/madunlap/.m2/repository/commons-codec/commons-codec/1.2/commons-codec-1.2.jar
7fafc8004000-7fafc8008000 r--s 0003c000 08:01 791427                     /home/madunlap/.m2/repository/commons-lang/commons-lang/2.4/commons-lang-2.4.jar
7fafc8008000-7fafc801f000 r--s 00112000 08:01 791426                     /home/madunlap/.m2/repository/xerces/xercesImpl/2.8.1/xercesImpl-2.8.1.jar
7fafc801f000-7fafc8023000 r--s 00023000 08:01 921010                     /home/madunlap/.m2/repository/org/apache/maven/doxia/doxia-core/1.1.2/doxia-core-1.1.2.jar
7fafc8023000-7fafc8025000 r--s 00003000 08:01 921007                     /home/madunlap/.m2/repository/org/apache/maven/reporting/maven-reporting-impl/2.1/maven-reporting-impl-2.1.jar
7fafc8025000-7fafc8026000 r--s 00002000 08:01 921004                     /home/madunlap/.m2/repository/org/apache/maven/doxia/doxia-logging-api/1.1/doxia-logging-api-1.1.jar
7fafc8026000-7fafc8028000 r--s 00002000 08:01 921001                     /home/madunlap/.m2/repository/org/apache/maven/doxia/doxia-sink-api/1.1/doxia-sink-api-1.1.jar
7fafc8028000-7fafc8029000 r--s 00002000 08:01 920999                     /home/madunlap/.m2/repository/org/apache/maven/reporting/maven-reporting-api/2.2.1/maven-reporting-api-2.2.1.jar
7fafc8029000-7fafc802e000 r--s 00039000 08:01 920997                     /home/madunlap/.m2/repository/org/codehaus/plexus/plexus-utils/1.5.6/plexus-utils-1.5.6.jar
7fafc802e000-7fafc8034000 r--s 00034000 08:01 921701                     /home/madunlap/.m2/repository/junit/junit/4.8.2/junit-4.8.2.jar
7fafc8034000-7fafc8036000 r--s 0000b000 08:01 920985                     /home/madunlap/.m2/repository/org/codehaus/plexus/plexus-interpolation/1.11/plexus-interpolation-1.11.jar
7fafc8036000-7fafc803e000 r--s 00049000 08:01 920984                     /home/madunlap/.m2/repository/backport-util-concurrent/backport-util-concurrent/3.1/backport-util-concurrent-3.1.jar
7fafc803e000-7fafc8041000 r--s 0001a000 08:01 1976716                    /usr/lib/jvm/java-8-oracle/jre/lib/jce.jar
7fafc8041000-7fafc8043000 r--s 0000b000 08:01 660606                     /home/madunlap/.m2/repository/org/jacoco/jacoco-maven-plugin/0.7.5.201505241946/jacoco-maven-plugin-0.7.5.201505241946.jar
7fafc8043000-7fafc8051000 r--s 0007f000 08:01 791424                     /home/madunlap/.m2/repository/commons-collections/commons-collections/3.2.1/commons-collections-3.2.1.jar
7fafc8051000-7fafc8056000 r--s 00041000 08:01 791300                     /home/madunlap/.m2/repository/commons-lang/commons-lang/2.6/commons-lang-2.6.jar
7fafc8056000-7fafc8058000 r--s 00006000 08:01 921678                     /home/madunlap/.m2/repository/org/apache/maven/shared/maven-invoker/2.0.11/maven-invoker-2.0.11.jar
7fafc8058000-7fafc805a000 r--s 00006000 08:01 921677                     /home/madunlap/.m2/repository/org/apache/maven/shared/maven-common-artifact-filters/1.4/maven-common-artifact-filters-1.4.jar
7fafc805a000-7fafc805c000 r--s 0000c000 08:01 921676                     /home/madunlap/.m2/repository/org/apache/maven/shared/maven-dependency-tree/2.0/maven-dependency-tree-2.0.jar
7fafc805c000-7fafc805e000 r--s 00000000 08:01 921682                     /home/madunlap/.m2/repository/org/codehaus/plexus/plexus-component-annotations/1.5.5/plexus-component-annotations-1.5.5.jar
7fafc805e000-7fafc805f000 r--s 0000a000 08:01 921680                     /home/madunlap/.m2/repository/asm/asm/3.3.1/asm-3.3.1.jar
7fafc805f000-7fafc8061000 r--s 00005000 08:01 921672                     /home/madunlap/.m2/repository/org/apache/maven/shared/maven-dependency-analyzer/1.3/maven-dependency-analyzer-1.3.jar
7fafc8061000-7fafc8064000 r--s 0000c000 08:01 921669                     /home/madunlap/.m2/repository/org/codehaus/plexus/plexus-io/2.0.6/plexus-io-2.0.6.jar
7fafc8064000-7fafc8067000 r--s 0001b000 08:01 791422                     /home/madunlap/.m2/repository/junit/junit/3.8.1/junit-3.8.1.jar
7fafc8067000-7fafc8069000 r--s 00008000 08:01 920995                     /home/madunlap/.m2/repository/org/apache/maven/shared/maven-shared-io/1.1/maven-shared-io-1.1.jar
7fafc8069000-7fafc806b000 r--s 00008000 08:01 920998                     /home/madunlap/.m2/repository/org/apache/maven/shared/file-management/1.2.1/file-management-1.2.1.jar
7fafc806b000-7fafc806f000 r--s 00035000 08:01 921667                     /home/madunlap/.m2/repository/org/codehaus/plexus/plexus-utils/3.0.9/plexus-utils-3.0.9.jar
7fafc806f000-7fafc8074000 r--s 00029000 08:01 921665                     /home/madunlap/.m2/repository/org/codehaus/plexus/plexus-archiver/2.2/plexus-archiver-2.2.jar
7fafc8074000-7fafc8076000 r--s 00004000 08:01 921661                     /home/madunlap/.m2/repository/org/apache/maven/doxia/doxia-module-xhtml/1.0/doxia-module-xhtml-1.0.jar
7fafc8076000-7fafc8077000 r--s 00006000 08:01 921663                     /home/madunlap/.m2/repository/org/apache/maven/doxia/doxia-module-xdoc/1.0/doxia-module-xdoc-1.0.jar
7fafc8077000-7fafc8078000 r--s 00004000 08:01 921664                     /home/madunlap/.m2/repository/org/apache/maven/doxia/doxia-module-fml/1.0/doxia-module-fml-1.0.jar
7fafc8078000-7fafc807a000 r--s 0000a000 08:01 921659                     /home/madunlap/.m2/repository/org/apache/maven/doxia/doxia-module-apt/1.0/doxia-module-apt-1.0.jar
7fafc807a000-7fafc807b000 r--s 0000b000 08:01 921658                     /home/madunlap/.m2/repository/org/apache/maven/doxia/doxia-decoration-model/1.0/doxia-decoration-model-1.0.jar
7fafc807b000-7fafc8083000 r--s 00058000 08:01 921019                     /home/madunlap/.m2/repository/org/apache/velocity/velocity/1.5/velocity-1.5.jar
7fafc8083000-7fafc8084000 r--s 00001000 08:01 921022                     /home/madunlap/.m2/repository/org/codehaus/plexus/plexus-velocity/1.1.7/plexus-velocity-1.1.7.jar
7fafc8084000-7fafc8085000 r--s 00002000 08:01 921017                     /home/madunlap/.m2/repository/org/codehaus/plexus/plexus-i18n/1.0-beta-7/plexus-i18n-1.0-beta-7.jar
7fafc8085000-7fafc8087000 r--s 0000a000 08:01 921654                     /home/madunlap/.m2/repository/org/apache/maven/doxia/doxia-site-renderer/1.0/doxia-site-renderer-1.0.jar
7fafc8087000-7fafc8088000 r--s 00002000 08:01 921653                     /home/madunlap/.m2/repository/org/apache/maven/doxia/doxia-sink-api/1.0/doxia-sink-api-1.0.jar
7fafc8088000-7fafc808d000 r--s 00016000 08:01 791388                     /home/madunlap/.m2/repository/xml-apis/xml-apis/1.0.b2/xml-apis-1.0.b2.jar
7fafc808d000-7fafc808f000 r--s 0000e000 08:01 921023                     /home/madunlap/.m2/repository/oro/oro/2.0.8/oro-2.0.8.jar
7fafc808f000-7fafc8091000 r--s 00008000 08:01 791420                     /home/madunlap/.m2/repository/commons-logging/commons-logging/1.0.4/commons-logging-1.0.4.jar
7fafc8091000-7fafc8095000 r--s 00026000 08:01 921649                     /home/madunlap/.m2/repository/commons-digester/commons-digester/1.6/commons-digester-1.6.jar
7fafc8095000-7fafc809a000 r--s 0002a000 08:01 921644                     /home/madunlap/.m2/repository/commons-beanutils/commons-beanutils/1.7.0/commons-beanutils-1.7.0.jar
7fafc809a000-7fafc809d000 r--s 00014000 08:01 921646                     /home/madunlap/.m2/repository/commons-validator/commons-validator/1.2.0/commons-validator-1.2.0.jar
7fafc809d000-7fafc80a0000 r--s 00018000 08:01 791418                     /home/madunlap/.m2/repository/commons-io/commons-io/1.4/commons-io-1.4.jar
7fafc80a0000-7fafc80a2000 r--s 00009000 08:01 921639                     /home/madunlap/.m2/repository/org/apache/maven/shared/maven-doxia-tools/1.0.2/maven-doxia-tools-1.0.2.jar
7fafc80a2000-7fafc80a5000 r--s 0000b000 08:01 921640                     /home/madunlap/.m2/repository/org/apache/maven/doxia/doxia-core/1.0/doxia-core-1.0.jar
7fafc80a5000-7fafc80a7000 r--s 00004000 08:01 921647                     /home/madunlap/.m2/repository/org/apache/maven/reporting/maven-reporting-impl/2.0.5/maven-reporting-impl-2.0.5.jar
7fafc80a7000-7fafc80a8000 r--s 00002000 08:01 921638                     /home/madunlap/.m2/repository/org/apache/maven/reporting/maven-reporting-api/3.0/maven-reporting-api-3.0.jar
7fafc80a8000-7fafc80aa000 r--s 00002000 08:01 921645                     /home/madunlap/.m2/repository/org/codehaus/plexus/plexus-interactivity-api/1.0-alpha-4/plexus-interactivity-api-1.0-alpha-4.jar
7fafc80aa000-7fafc80ac000 r--s 00006000 08:01 921636                     /home/madunlap/.m2/repository/commons-cli/commons-cli/1.0/commons-cli-1.0.jar
7fafc80ac000-7fafc80af000 r--s 00021000 08:01 660560                     /home/madunlap/.m2/repository/org/apache/maven/plugins/maven-dependency-plugin/2.6/maven-dependency-plugin-2.6.jar
7fafc80af000-7fafc80b3000 r--s 00033000 08:01 921162                     /home/madunlap/.m2/repository/org/codehaus/plexus/plexus-utils/2.0.5/plexus-utils-2.0.5.jar
7fafc80b3000-7fafc80b4000 r--s 00005000 08:01 660568                     /home/madunlap/.m2/repository/org/apache/maven/plugins/maven-clean-plugin/2.4.1/maven-clean-plugin-2.4.1.jar
7fafc80b4000-7fafcb0b5000 rw-p 00000000 00:00 0 
7fafcb0b5000-7fafcb0cb000 r-xp 00000000 08:01 2106458                    /usr/lib/jvm/java-8-oracle/jre/lib/amd64/libnet.so
7fafcb0cb000-7fafcb2cb000 ---p 00016000 08:01 2106458                    /usr/lib/jvm/java-8-oracle/jre/lib/amd64/libnet.so
7fafcb2cb000-7fafcb2cc000 rw-p 00016000 08:01 2106458                    /usr/lib/jvm/java-8-oracle/jre/lib/amd64/libnet.so
7fafcb2cc000-7fafcb2cf000 ---p 00000000 00:00 0 
7fafcb2cf000-7fafcb305000 rw-p 00000000 00:00 0 
7fafcb305000-7fafcb306000 r--p 00000000 00:00 0 
7fafcb306000-7fafcb506000 rw-p 00000000 00:00 0 
7fafcb506000-7fafcb50b000 r--s 0009a000 08:01 1976643                    /usr/lib/jvm/java-8-oracle/jre/lib/jsse.jar
7fafcb50b000-7fafcb70b000 rw-p 00000000 00:00 0 
7fafcb70b000-7fafcb70d000 r--s 0000c000 08:01 2112577                    /usr/local/netbeans-8.1/java/maven-nblib/netbeans-eventspy.jar
7fafcb70d000-7fafcb70f000 r--s 00002000 08:01 2112587                    /usr/local/netbeans-8.1/java/maven/lib/plexus-cipher-1.7.jar
7fafcb70f000-7fafcb710000 r--s 0000a000 08:01 2112568                    /usr/local/netbeans-8.1/java/maven/lib/maven-embedder-3.0.5.jar
7fafcb710000-7fafcb712000 r--s 00000000 08:01 2112237                    /usr/local/netbeans-8.1/java/maven/lib/plexus-component-annotations-1.5.5.jar
7fafcb712000-7fafcb714000 r--s 0000a000 08:01 2112569                    /usr/local/netbeans-8.1/java/maven/lib/maven-settings-3.0.5.jar
7fafcb714000-7fafcb718000 r--s 0001c000 08:01 2112582                    /usr/local/netbeans-8.1/java/maven/lib/aether-util-1.13.1.jar
7fafcb718000-7fafcb71f000 r--s 0003f000 08:01 2112554                    /usr/local/netbeans-8.1/java/maven/lib/sisu-inject-bean-2.3.0.jar
7fafcb71f000-7fafcb720000 ---p 00000000 00:00 0 
7fafcb720000-7fafcb820000 rw-p 00000000 00:00 0 
7fafcb820000-7fafcb823000 ---p 00000000 00:00 0 
7fafcb823000-7fafcb921000 rw-p 00000000 00:00 0 
7fafcb921000-7fafcb924000 ---p 00000000 00:00 0 
7fafcb924000-7fafcba22000 rw-p 00000000 00:00 0 
7fafcba22000-7fafcba25000 ---p 00000000 00:00 0 
7fafcba25000-7fafcbb23000 rw-p 00000000 00:00 0 
7fafcbb23000-7fafcbb26000 ---p 00000000 00:00 0 
7fafcbb26000-7fafcbc24000 rw-p 00000000 00:00 0 
7fafcbc24000-7fafcbeff000 r--p 00000000 08:01 1441812                    /usr/lib/locale/locale-archive
7fafcbeff000-7fafcbf02000 ---p 00000000 00:00 0 
7fafcbf02000-7fafcc000000 rw-p 00000000 00:00 0 
7fafcc000000-7fafcc021000 rw-p 00000000 00:00 0 
7fafcc021000-7fafd0000000 ---p 00000000 00:00 0 
7fafd0000000-7fafd0331000 rw-p 00000000 00:00 0 
7fafd0331000-7fafd4000000 ---p 00000000 00:00 0 
7fafd4000000-7fafd4021000 rw-p 00000000 00:00 0 
7fafd4021000-7fafd8000000 ---p 00000000 00:00 0 
7fafd8000000-7fafd8004000 r--s 00021000 08:01 2112506                    /usr/local/netbeans-8.1/java/maven/lib/maven-model-builder-3.0.5.jar
7fafd8004000-7fafd8006000 r--s 0000b000 08:01 2112552                    /usr/local/netbeans-8.1/java/maven/lib/wagon-provider-api-2.4.jar
7fafd8006000-7fafd800a000 r--s 00033000 08:01 2112580                    /usr/local/netbeans-8.1/java/maven/lib/plexus-utils-2.0.6.jar
7fafd800a000-7fafd800e000 r--s 00013000 08:01 2112588                    /usr/local/netbeans-8.1/java/maven/lib/aether-api-1.13.1.jar
7fafd800e000-7fafd8010000 r--s 0000d000 08:01 2112510                    /usr/local/netbeans-8.1/java/maven/lib/plexus-interpolation-1.14.jar
7fafd8010000-7fafd802b000 r--s 000e4000 08:01 2112562                    /usr/local/netbeans-8.1/java/maven/lib/wagon-http-2.4-shaded.jar
7fafd802b000-7fafd804a000 r--s 00154000 08:01 2112595                    /usr/local/netbeans-8.1/java/maven/lib/sisu-guava-0.9.9.jar
7fafd804a000-7fafd804b000 r--s 00002000 08:01 2112599                    /usr/local/netbeans-8.1/java/maven/lib/wagon-file-2.4.jar
7fafd804b000-7fafd804c000 r--s 00003000 08:01 2112589                    /usr/local/netbeans-8.1/java/maven/lib/aether-spi-1.13.1.jar
7fafd804c000-7fafd8054000 r--s 00050000 08:01 2112540                    /usr/local/netbeans-8.1/java/maven/lib/sisu-guice-3.1.0-no_aop.jar
7fafd8054000-7fafd8056000 r--s 0000b000 08:01 2112567                    /usr/local/netbeans-8.1/java/maven/lib/maven-artifact-3.0.5.jar
7fafd8056000-7fafd805d000 r--s 0002b000 08:01 2112529                    /usr/local/netbeans-8.1/java/maven/lib/sisu-inject-plexus-2.3.0.jar
7fafd805d000-7fafd8060000 r--s 0001d000 08:01 2112581                    /usr/local/netbeans-8.1/java/maven/lib/aether-impl-1.13.1.jar
7fafd8060000-7fafd8062000 r--s 00006000 08:01 2112424                    /usr/local/netbeans-8.1/java/maven/lib/aether-connector-wagon-1.13.1.jar
7fafd8062000-7fafd8065000 r--s 00008000 08:01 2112453                    /usr/local/netbeans-8.1/java/maven/lib/maven-settings-builder-3.0.5.jar
7fafd8065000-7fafd8093000 r--s 001c9000 08:01 2112509                    /usr/local/netbeans-8.1/java/maven/lib/ext/wagon-http-2.8-shaded.jar
7fafd8093000-7fafd8096000 ---p 00000000 00:00 0 
7fafd8096000-7fafd8194000 rw-p 00000000 00:00 0 
7fafd8194000-7fafd8195000 ---p 00000000 00:00 0 
7fafd8195000-7fafd8bbf000 rw-p 00000000 00:00 0 
7fafd8bbf000-7fafd8d99000 r--s 03d4d000 08:01 1976682                    /usr/lib/jvm/java-8-oracle/jre/lib/rt.jar
7fafd8d99000-7fafdb667000 rw-p 00000000 00:00 0 
7fafdb667000-7fafdb668000 ---p 00000000 00:00 0 
7fafdb668000-7fafdb768000 rw-p 00000000 00:00 0 
7fafdb768000-7fafdb769000 ---p 00000000 00:00 0 
7fafdb769000-7fafdb8af000 rw-p 00000000 00:00 0 
7fafdb8af000-7fafdb9b3000 ---p 00000000 00:00 0 
7fafdb9b3000-7fafdb9f9000 rw-p 00000000 00:00 0 
7fafdb9f9000-7fafdbafc000 ---p 00000000 00:00 0 
7fafdbafc000-7fafdbba1000 rw-p 00000000 00:00 0 
7fafdbba1000-7fafdbbf2000 rw-p 00000000 00:00 0 
7fafdbbf2000-7fafdbf62000 ---p 00000000 00:00 0 
7fafdbf62000-7fafdd362000 rwxp 00000000 00:00 0 
7fafdd362000-7fafeaf62000 ---p 00000000 00:00 0 
7fafeaf62000-7fafeaf7c000 r-xp 00000000 08:01 2106481                    /usr/lib/jvm/java-8-oracle/jre/lib/amd64/libzip.so
7fafeaf7c000-7fafeb17c000 ---p 0001a000 08:01 2106481                    /usr/lib/jvm/java-8-oracle/jre/lib/amd64/libzip.so
7fafeb17c000-7fafeb17d000 rw-p 0001a000 08:01 2106481                    /usr/lib/jvm/java-8-oracle/jre/lib/amd64/libzip.so
7fafeb17d000-7fafeb188000 r-xp 00000000 08:01 663303                     /lib/x86_64-linux-gnu/libnss_files-2.24.so
7fafeb188000-7fafeb387000 ---p 0000b000 08:01 663303                     /lib/x86_64-linux-gnu/libnss_files-2.24.so
7fafeb387000-7fafeb388000 r--p 0000a000 08:01 663303                     /lib/x86_64-linux-gnu/libnss_files-2.24.so
7fafeb388000-7fafeb389000 rw-p 0000b000 08:01 663303                     /lib/x86_64-linux-gnu/libnss_files-2.24.so
7fafeb389000-7fafeb38f000 rw-p 00000000 00:00 0 
7fafeb38f000-7fafeb39a000 r-xp 00000000 08:01 663305                     /lib/x86_64-linux-gnu/libnss_nis-2.24.so
7fafeb39a000-7fafeb599000 ---p 0000b000 08:01 663305                     /lib/x86_64-linux-gnu/libnss_nis-2.24.so
7fafeb599000-7fafeb59a000 r--p 0000a000 08:01 663305                     /lib/x86_64-linux-gnu/libnss_nis-2.24.so
7fafeb59a000-7fafeb59b000 rw-p 0000b000 08:01 663305                     /lib/x86_64-linux-gnu/libnss_nis-2.24.so
7fafeb59b000-7fafeb5b1000 r-xp 00000000 08:01 663300                     /lib/x86_64-linux-gnu/libnsl-2.24.so
7fafeb5b1000-7fafeb7b0000 ---p 00016000 08:01 663300                     /lib/x86_64-linux-gnu/libnsl-2.24.so
7fafeb7b0000-7fafeb7b1000 r--p 00015000 08:01 663300                     /lib/x86_64-linux-gnu/libnsl-2.24.so
7fafeb7b1000-7fafeb7b2000 rw-p 00016000 08:01 663300                     /lib/x86_64-linux-gnu/libnsl-2.24.so
7fafeb7b2000-7fafeb7b4000 rw-p 00000000 00:00 0 
7fafeb7b4000-7fafeb7bc000 r-xp 00000000 08:01 663301                     /lib/x86_64-linux-gnu/libnss_compat-2.24.so
7fafeb7bc000-7fafeb9bb000 ---p 00008000 08:01 663301                     /lib/x86_64-linux-gnu/libnss_compat-2.24.so
7fafeb9bb000-7fafeb9bc000 r--p 00007000 08:01 663301                     /lib/x86_64-linux-gnu/libnss_compat-2.24.so
7fafeb9bc000-7fafeb9bd000 rw-p 00008000 08:01 663301                     /lib/x86_64-linux-gnu/libnss_compat-2.24.so
7fafeb9bd000-7fafeb9e8000 r-xp 00000000 08:01 2106508                    /usr/lib/jvm/java-8-oracle/jre/lib/amd64/libjava.so
7fafeb9e8000-7fafebbe7000 ---p 0002b000 08:01 2106508                    /usr/lib/jvm/java-8-oracle/jre/lib/amd64/libjava.so
7fafebbe7000-7fafebbe9000 rw-p 0002a000 08:01 2106508                    /usr/lib/jvm/java-8-oracle/jre/lib/amd64/libjava.so
7fafebbe9000-7fafebbf6000 r-xp 00000000 08:01 2106459                    /usr/lib/jvm/java-8-oracle/jre/lib/amd64/libverify.so
7fafebbf6000-7fafebdf6000 ---p 0000d000 08:01 2106459                    /usr/lib/jvm/java-8-oracle/jre/lib/amd64/libverify.so
7fafebdf6000-7fafebdf8000 rw-p 0000d000 08:01 2106459                    /usr/lib/jvm/java-8-oracle/jre/lib/amd64/libverify.so
7fafebdf8000-7fafebdff000 r-xp 00000000 08:01 663310                     /lib/x86_64-linux-gnu/librt-2.24.so
7fafebdff000-7fafebffe000 ---p 00007000 08:01 663310                     /lib/x86_64-linux-gnu/librt-2.24.so
7fafebffe000-7fafebfff000 r--p 00006000 08:01 663310                     /lib/x86_64-linux-gnu/librt-2.24.so
7fafebfff000-7fafec000000 rw-p 00007000 08:01 663310                     /lib/x86_64-linux-gnu/librt-2.24.so
7fafec000000-7fafed82c000 rw-p 00000000 00:00 0 
7fafed82c000-7faff0000000 ---p 00000000 00:00 0 
7faff0000000-7faff0002000 r--s 00009000 08:01 2112597                    /usr/local/netbeans-8.1/java/maven/lib/commons-cli-1.2.jar
7faff0002000-7faff0004000 r--s 00006000 08:01 2112358                    /usr/local/netbeans-8.1/java/maven/lib/maven-repository-metadata-3.0.5.jar
7faff0004000-7faff0010000 r--s 0007d000 08:01 2112594                    /usr/local/netbeans-8.1/java/maven/lib/maven-core-3.0.5.jar
7faff0010000-7faff0016000 r--s 0003f000 08:01 2112583                    /usr/local/netbeans-8.1/java/maven/lib/maven-compat-3.0.5.jar
7faff0016000-7faff00ce000 rw-p 00000000 00:00 0 
7faff00ce000-7faff01d6000 r-xp 00000000 08:01 663297                     /lib/x86_64-linux-gnu/libm-2.24.so
7faff01d6000-7faff03d5000 ---p 00108000 08:01 663297                     /lib/x86_64-linux-gnu/libm-2.24.so
7faff03d5000-7faff03d6000 r--p 00107000 08:01 663297                     /lib/x86_64-linux-gnu/libm-2.24.so
7faff03d6000-7faff03d7000 rw-p 00108000 08:01 663297                     /lib/x86_64-linux-gnu/libm-2.24.so
7faff03d7000-7faff10aa000 r-xp 00000000 08:01 2106512                    /usr/lib/jvm/java-8-oracle/jre/lib/amd64/server/libjvm.so
7faff10aa000-7faff12a9000 ---p 00cd3000 08:01 2106512                    /usr/lib/jvm/java-8-oracle/jre/lib/amd64/server/libjvm.so
7faff12a9000-7faff1383000 rw-p 00cd2000 08:01 2106512                    /usr/lib/jvm/java-8-oracle/jre/lib/amd64/server/libjvm.so
7faff1383000-7faff13ce000 rw-p 00000000 00:00 0 
7faff13ce000-7faff158c000 r-xp 00000000 08:01 663293                     /lib/x86_64-linux-gnu/libc-2.24.so
7faff158c000-7faff178b000 ---p 001be000 08:01 663293                     /lib/x86_64-linux-gnu/libc-2.24.so
7faff178b000-7faff178f000 r--p 001bd000 08:01 663293                     /lib/x86_64-linux-gnu/libc-2.24.so
7faff178f000-7faff1791000 rw-p 001c1000 08:01 663293                     /lib/x86_64-linux-gnu/libc-2.24.so
7faff1791000-7faff1795000 rw-p 00000000 00:00 0 
7faff1795000-7faff1798000 r-xp 00000000 08:01 663296                     /lib/x86_64-linux-gnu/libdl-2.24.so
7faff1798000-7faff1997000 ---p 00003000 08:01 663296                     /lib/x86_64-linux-gnu/libdl-2.24.so
7faff1997000-7faff1998000 r--p 00002000 08:01 663296                     /lib/x86_64-linux-gnu/libdl-2.24.so
7faff1998000-7faff1999000 rw-p 00003000 08:01 663296                     /lib/x86_64-linux-gnu/libdl-2.24.so
7faff1999000-7faff19ae000 r-xp 00000000 08:01 1711533                    /usr/lib/jvm/java-8-oracle/lib/amd64/jli/libjli.so
7faff19ae000-7faff1bae000 ---p 00015000 08:01 1711533                    /usr/lib/jvm/java-8-oracle/lib/amd64/jli/libjli.so
7faff1bae000-7faff1baf000 rw-p 00015000 08:01 1711533                    /usr/lib/jvm/java-8-oracle/lib/amd64/jli/libjli.so
7faff1baf000-7faff1bc7000 r-xp 00000000 08:01 663308                     /lib/x86_64-linux-gnu/libpthread-2.24.so
7faff1bc7000-7faff1dc7000 ---p 00018000 08:01 663308                     /lib/x86_64-linux-gnu/libpthread-2.24.so
7faff1dc7000-7faff1dc8000 r--p 00018000 08:01 663308                     /lib/x86_64-linux-gnu/libpthread-2.24.so
7faff1dc8000-7faff1dc9000 rw-p 00019000 08:01 663308                     /lib/x86_64-linux-gnu/libpthread-2.24.so
7faff1dc9000-7faff1dcd000 rw-p 00000000 00:00 0 
7faff1dcd000-7faff1df3000 r-xp 00000000 08:01 663288                     /lib/x86_64-linux-gnu/ld-2.24.so
7faff1df3000-7faff1ec5000 rw-p 00000000 00:00 0 
7faff1ec5000-7faff1ec8000 ---p 00000000 00:00 0 
7faff1ec8000-7faff1fc8000 rw-p 00000000 00:00 0 
7faff1fc8000-7faff1fca000 r--s 00026000 08:01 2112586                    /usr/local/netbeans-8.1/java/maven/lib/maven-model-3.0.5.jar
7faff1fca000-7faff1fcc000 r--s 0000b000 08:01 2112553                    /usr/local/netbeans-8.1/java/maven/lib/maven-plugin-api-3.0.5.jar
7faff1fcc000-7faff1fcd000 r--s 00006000 08:01 2112507                    /usr/local/netbeans-8.1/java/maven/lib/plexus-sec-dispatcher-1.3.jar
7faff1fcd000-7faff1fcf000 r--s 0000c000 08:01 2112471                    /usr/local/netbeans-8.1/java/maven/lib/maven-aether-provider-3.0.5.jar
7faff1fcf000-7faff1fd1000 r--s 0000a000 08:01 2112542                    /usr/local/netbeans-8.1/java/maven/boot/plexus-classworlds-2.4.jar
7faff1fd1000-7faff1fe5000 rw-p 00000000 00:00 0 
7faff1fe5000-7faff1fed000 rw-s 00000000 08:01 1835016                    /tmp/hsperfdata_madunlap/13256
7faff1fed000-7faff1fee000 rw-p 00000000 00:00 0 
7faff1fee000-7faff1fef000 ---p 00000000 00:00 0 
7faff1fef000-7faff1ff2000 rw-p 00000000 00:00 0 
7faff1ff2000-7faff1ff3000 r--p 00025000 08:01 663288                     /lib/x86_64-linux-gnu/ld-2.24.so
7faff1ff3000-7faff1ff4000 rw-p 00026000 08:01 663288                     /lib/x86_64-linux-gnu/ld-2.24.so
7faff1ff4000-7faff1ff5000 rw-p 00000000 00:00 0 
7ffc0dbec000-7ffc0dc0d000 rw-p 00000000 00:00 0                          [stack]
7ffc0dc20000-7ffc0dc22000 r--p 00000000 00:00 0                          [vvar]
7ffc0dc22000-7ffc0dc24000 r-xp 00000000 00:00 0                          [vdso]
ffffffffff600000-ffffffffff601000 r-xp 00000000 00:00 0                  [vsyscall]

VM Arguments:
jvm_args: -Dclassworlds.conf=/usr/local/netbeans-8.1/java/maven/bin/m2.conf -Dmaven.home=/usr/local/netbeans-8.1/java/maven 
java_command: org.codehaus.plexus.classworlds.launcher.Launcher -Dmaven.ext.class.path=/usr/local/netbeans-8.1/java/maven-nblib/netbeans-eventspy.jar clean install
java_class_path (initial): /usr/local/netbeans-8.1/java/maven/boot/plexus-classworlds-2.4.jar
Launcher Type: SUN_STANDARD

Environment Variables:
JAVA_HOME=/usr/lib/jvm/java-8-oracle
PATH=/usr/local/sbin:/usr/local/bin:/usr/sbin:/usr/bin:/sbin:/bin:/usr/games:/usr/local/games:/snap/bin:/usr/lib/jvm/java-8-oracle/bin:/usr/lib/jvm/java-8-oracle/db/bin:/usr/lib/jvm/java-8-oracle/jre/bin
LD_LIBRARY_PATH=/usr/lib/jvm/java-8-oracle/jre/lib/amd64:/usr/lib/jvm/java-8-oracle/jre/lib/i386:
SHELL=/bin/bash
DISPLAY=:0

Signal Handlers:
SIGSEGV: [libjvm.so+0xacba10], sa_mask[0]=11111111011111111101111111111110, sa_flags=SA_RESTART|SA_SIGINFO
SIGBUS: [libjvm.so+0xacba10], sa_mask[0]=11111111011111111101111111111110, sa_flags=SA_RESTART|SA_SIGINFO
SIGFPE: [libjvm.so+0x924ba0], sa_mask[0]=11111111011111111101111111111110, sa_flags=SA_RESTART|SA_SIGINFO
SIGPIPE: [libjvm.so+0x924ba0], sa_mask[0]=11111111011111111101111111111110, sa_flags=SA_RESTART|SA_SIGINFO
SIGXFSZ: [libjvm.so+0x924ba0], sa_mask[0]=11111111011111111101111111111110, sa_flags=SA_RESTART|SA_SIGINFO
SIGILL: [libjvm.so+0x924ba0], sa_mask[0]=11111111011111111101111111111110, sa_flags=SA_RESTART|SA_SIGINFO
SIGUSR1: SIG_DFL, sa_mask[0]=00000000000000000000000000000000, sa_flags=none
SIGUSR2: [libjvm.so+0x9263e0], sa_mask[0]=00100000000000000000000000000000, sa_flags=SA_RESTART|SA_SIGINFO
SIGHUP: [libjvm.so+0x9277e0], sa_mask[0]=11111111011111111101111111111110, sa_flags=SA_RESTART|SA_SIGINFO
SIGINT: SIG_IGN, sa_mask[0]=00000000000000000000000000000000, sa_flags=none
SIGTERM: [libjvm.so+0x9277e0], sa_mask[0]=11111111011111111101111111111110, sa_flags=SA_RESTART|SA_SIGINFO
SIGQUIT: [libjvm.so+0x9277e0], sa_mask[0]=11111111011111111101111111111110, sa_flags=SA_RESTART|SA_SIGINFO


---------------  S Y S T E M  ---------------

OS:DISTRIB_ID=Ubuntu
DISTRIB_RELEASE=17.04
DISTRIB_CODENAME=zesty
DISTRIB_DESCRIPTION="Ubuntu 17.04"

uname:Linux 4.10.0-37-generic #41-Ubuntu SMP Fri Oct 6 20:20:37 UTC 2017 x86_64
libc:glibc 2.24 NPTL 2.24 
rlimit: STACK 8192k, CORE 0k, NPROC 15602, NOFILE 1048576, AS infinity
load average:1.26 0.68 0.63

/proc/meminfo:
MemTotal:        4039872 kB
MemFree:           98048 kB
MemAvailable:       4888 kB
Buffers:            1248 kB
Cached:            32400 kB
SwapCached:         4388 kB
Active:          3091912 kB
Inactive:         627556 kB
Active(anon):    3083812 kB
Inactive(anon):   618648 kB
Active(file):       8100 kB
Inactive(file):     8908 kB
Unevictable:          32 kB
Mlocked:              32 kB
SwapTotal:       2097148 kB
SwapFree:             60 kB
Dirty:               100 kB
Writeback:             0 kB
AnonPages:       3682476 kB
Mapped:            22188 kB
Shmem:             16424 kB
Slab:              91232 kB
SReclaimable:      40076 kB
SUnreclaim:        51156 kB
KernelStack:       15760 kB
PageTables:        75604 kB
NFS_Unstable:          0 kB
Bounce:                0 kB
WritebackTmp:          0 kB
CommitLimit:     4117084 kB
Committed_AS:   10911516 kB
VmallocTotal:   34359738367 kB
VmallocUsed:           0 kB
VmallocChunk:          0 kB
HardwareCorrupted:     0 kB
AnonHugePages:   1312768 kB
ShmemHugePages:        0 kB
ShmemPmdMapped:        0 kB
CmaTotal:              0 kB
CmaFree:               0 kB
HugePages_Total:       0
HugePages_Free:        0
HugePages_Rsvd:        0
HugePages_Surp:        0
Hugepagesize:       2048 kB
DirectMap4k:      171952 kB
DirectMap2M:     4022272 kB


CPU:total 2 (initial active 2) (2 cores per cpu, 1 threads per core) family 6 model 70 stepping 1, cmov, cx8, fxsr, mmx, sse, sse2, sse3, ssse3, sse4.1, sse4.2, popcnt, avx, avx2, aes, clmul, erms, lzcnt, tsc, tscinvbit, bmi1, bmi2

/proc/cpuinfo:
processor	: 0
vendor_id	: GenuineIntel
cpu family	: 6
model		: 70
model name	: Intel(R) Core(TM) i7-4870HQ CPU @ 2.50GHz
stepping	: 1
microcode	: 0x13
cpu MHz		: 2494.226
cache size	: 6144 KB
physical id	: 0
siblings	: 2
core id		: 0
cpu cores	: 2
apicid		: 0
initial apicid	: 0
fpu		: yes
fpu_exception	: yes
cpuid level	: 13
wp		: yes
flags		: fpu vme de pse tsc msr pae mce cx8 apic sep mtrr pge mca cmov pat pse36 clflush mmx fxsr sse sse2 ss ht syscall nx rdtscp lm constant_tsc nopl xtopology nonstop_tsc pni pclmulqdq ssse3 fma cx16 pcid sse4_1 sse4_2 x2apic movbe popcnt tsc_deadline_timer aes xsave avx f16c rdrand hypervisor lahf_lm abm fsgsbase tsc_adjust bmi1 avx2 smep bmi2 invpcid xsaveopt dtherm arat pln pts
bugs		:
bogomips	: 4988.45
clflush size	: 64
cache_alignment	: 64
address sizes	: 36 bits physical, 48 bits virtual
power management:

processor	: 1
vendor_id	: GenuineIntel
cpu family	: 6
model		: 70
model name	: Intel(R) Core(TM) i7-4870HQ CPU @ 2.50GHz
stepping	: 1
microcode	: 0x13
cpu MHz		: 2494.226
cache size	: 6144 KB
physical id	: 0
siblings	: 2
core id		: 1
cpu cores	: 2
apicid		: 1
initial apicid	: 1
fpu		: yes
fpu_exception	: yes
cpuid level	: 13
wp		: yes
flags		: fpu vme de pse tsc msr pae mce cx8 apic sep mtrr pge mca cmov pat pse36 clflush mmx fxsr sse sse2 ss ht syscall nx rdtscp lm constant_tsc nopl xtopology nonstop_tsc pni pclmulqdq ssse3 fma cx16 pcid sse4_1 sse4_2 x2apic movbe popcnt tsc_deadline_timer aes xsave avx f16c rdrand hypervisor lahf_lm abm fsgsbase tsc_adjust bmi1 avx2 smep bmi2 invpcid xsaveopt dtherm arat pln pts
bugs		:
bogomips	: 4988.45
clflush size	: 64
cache_alignment	: 64
address sizes	: 36 bits physical, 48 bits virtual
power management:



Memory: 4k page, physical 4039872k(97924k free), swap 2097148k(64k free)

vm_info: Java HotSpot(TM) 64-Bit Server VM (25.144-b01) for linux-amd64 JRE (1.8.0_144-b01), built on Jul 21 2017 21:57:33 by "java_re" with gcc 4.3.0 20080428 (Red Hat 4.3.0-8)

time: Thu Oct 19 13:09:53 2017
elapsed time: 12 seconds (0d 0h 0m 12s)

