#
# There is insufficient memory for the Java Runtime Environment to continue.
# Native memory allocation (mmap) failed to map 65011712 bytes for committing reserved memory.
# Possible reasons:
#   The system is out of physical RAM or swap space
#   In 32 bit mode, the process size limit was hit
# Possible solutions:
#   Reduce memory load on the system
#   Increase physical memory or swap space
#   Check if swap backing store is full
#   Use 64 bit Java on a 64 bit OS
#   Decrease Java heap size (-Xmx/-Xms)
#   Decrease number of Java threads
#   Decrease Java thread stack sizes (-Xss)
#   Set larger code cache with -XX:ReservedCodeCacheSize=
# This output file may be truncated or incomplete.
#
#  Out of Memory Error (os_linux.cpp:2640), pid=16955, tid=0x00007f1165e3d700
#
# JRE version: Java(TM) SE Runtime Environment (8.0_151-b12) (build 1.8.0_151-b12)
# Java VM: Java HotSpot(TM) 64-Bit Server VM (25.151-b12 mixed mode linux-amd64 compressed oops)
# Failed to write core dump. Core dumps have been disabled. To enable core dumping, try "ulimit -c unlimited" before starting Java again
#

---------------  T H R E A D  ---------------

Current thread (0x00007f11780fc000):  VMThread [stack: 0x00007f1165d3d000,0x00007f1165e3e000] [id=16959]

Stack: [0x00007f1165d3d000,0x00007f1165e3e000],  sp=0x00007f1165e3c2a0,  free space=1020k
Native frames: (J=compiled Java code, j=interpreted, Vv=VM code, C=native code)
V  [libjvm.so+0xacb58a]  VMError::report_and_die()+0x2ba
V  [libjvm.so+0x4ff4ab]  report_vm_out_of_memory(char const*, int, unsigned long, VMErrorType, char const*)+0x8b
V  [libjvm.so+0x928113]  os::Linux::commit_memory_impl(char*, unsigned long, bool)+0x103
V  [libjvm.so+0x928669]  os::pd_commit_memory(char*, unsigned long, unsigned long, bool)+0x29
V  [libjvm.so+0x92288a]  os::commit_memory(char*, unsigned long, unsigned long, bool)+0x2a
V  [libjvm.so+0x9973e3]  PSVirtualSpace::expand_by(unsigned long)+0x53
V  [libjvm.so+0x9987e8]  PSYoungGen::resize_generation(unsigned long, unsigned long)+0xf8
V  [libjvm.so+0x997942]  PSYoungGen::resize(unsigned long, unsigned long)+0x22
V  [libjvm.so+0x994c1b]  PSScavenge::invoke_no_policy()+0xf3b
V  [libjvm.so+0x9953a1]  PSScavenge::invoke()+0x41
V  [libjvm.so+0x94c0d0]  ParallelScavengeHeap::failed_mem_allocate(unsigned long)+0x70
V  [libjvm.so+0xaccfa7]  VM_ParallelGCFailedAllocation::doit()+0x97
V  [libjvm.so+0xad4a85]  VM_Operation::evaluate()+0x55
V  [libjvm.so+0xad2e5a]  VMThread::evaluate_operation(VM_Operation*)+0xba
V  [libjvm.so+0xad31de]  VMThread::loop()+0x1ce
V  [libjvm.so+0xad3650]  VMThread::run()+0x70
V  [libjvm.so+0x92a728]  java_start(Thread*)+0x108

VM_Operation (0x00007f117fd4b770): ParallelGCFailedAllocation, mode: safepoint, requested by thread 0x00007f117800b000


---------------  P R O C E S S  ---------------

Java Threads: ( => current thread )
  0x00007f11788f9000 JavaThread "Service Thread" daemon [_thread_blocked, id=16965, stack(0x00007f1164743000,0x00007f1164844000)]
  0x00007f117882b800 JavaThread "C1 CompilerThread1" daemon [_thread_blocked, id=16964, stack(0x00007f1164844000,0x00007f1164945000)]
  0x00007f1178831800 JavaThread "C2 CompilerThread0" daemon [_thread_blocked, id=16963, stack(0x00007f1164945000,0x00007f1164a46000)]
  0x00007f117813b800 JavaThread "Signal Dispatcher" daemon [_thread_blocked, id=16962, stack(0x00007f116575f000,0x00007f1165860000)]
  0x00007f1178108000 JavaThread "Finalizer" daemon [_thread_blocked, id=16961, stack(0x00007f1165b3b000,0x00007f1165c3c000)]
  0x00007f1178103800 JavaThread "Reference Handler" daemon [_thread_blocked, id=16960, stack(0x00007f1165c3c000,0x00007f1165d3d000)]
  0x00007f117800b000 JavaThread "main" [_thread_blocked, id=16956, stack(0x00007f117fc50000,0x00007f117fd51000)]

Other Threads:
=>0x00007f11780fc000 VMThread [stack: 0x00007f1165d3d000,0x00007f1165e3e000] [id=16959]
  0x00007f1178877800 WatcherThread [stack: 0x00007f1164642000,0x00007f1164743000] [id=16966]

VM state:at safepoint (normal execution)

VM Mutex/Monitor currently owned by a thread:  ([mutex/lock_event])
[0x00007f11780072e0] Threads_lock - owner thread: 0x00007f11780fc000
[0x00007f11780077e0] Heap_lock - owner thread: 0x00007f117800b000

Heap:
 PSYoungGen      total 67072K, used 4084K [0x00000000eb700000, 0x00000000efd00000, 0x0000000100000000)
  eden space 62976K, 0% used [0x00000000eb700000,0x00000000eb700000,0x00000000ef480000)
  from space 4096K, 99% used [0x00000000ef480000,0x00000000ef87d398,0x00000000ef880000)
  to   space 3584K, 0% used [0x00000000ef880000,0x00000000ef880000,0x00000000efc00000)
 ParOldGen       total 42496K, used 2662K [0x00000000c2400000, 0x00000000c4d80000, 0x00000000eb700000)
  object space 42496K, 6% used [0x00000000c2400000,0x00000000c2699bc0,0x00000000c4d80000)
 Metaspace       used 14911K, capacity 15182K, committed 15488K, reserved 1062912K
  class space    used 1536K, capacity 1615K, committed 1664K, reserved 1048576K

Card table byte_map: [0x00007f117c601000,0x00007f117c7f0000] byte_map_base: 0x00007f117bfef000

Marking Bits: (ParMarkBitMap*) 0x00007f117f12bf80
 Begin Bits: [0x00007f1167120000, 0x00007f1168090000)
 End Bits:   [0x00007f1168090000, 0x00007f1169000000)

Polling page: 0x00007f117fd79000

CodeCache: size=245760Kb used=5828Kb max_used=5846Kb free=239931Kb
 bounds [0x00007f1169000000, 0x00007f11695c0000, 0x00007f1178000000]
 total_blobs=2161 nmethods=1785 adapters=289
 compilation: enabled

Compilation events (10 events):
Event: 2.371 Thread 0x00007f117882b800 1817       2       java.lang.reflect.Executable::getAnnotation (23 bytes)
Event: 2.371 Thread 0x00007f117882b800 nmethod 1817 0x00007f11695ae010 code [0x00007f11695ae1c0, 0x00007f11695ae568]
Event: 2.371 Thread 0x00007f117882b800 1818       2       java.lang.reflect.Method::getAnnotation (6 bytes)
Event: 2.372 Thread 0x00007f117882b800 nmethod 1818 0x00007f11695ae790 code [0x00007f11695ae940, 0x00007f11695aece8]
Event: 2.372 Thread 0x00007f117882b800 1819       2       org.hibernate.validator.internal.util.CollectionHelper::newArrayList (17 bytes)
Event: 2.372 Thread 0x00007f117882b800 nmethod 1819 0x00007f11695aef90 code [0x00007f11695af100, 0x00007f11695af2e8]
Event: 2.375 Thread 0x00007f1178831800 nmethod 1773 0x00007f11695b3dd0 code [0x00007f11695b40a0, 0x00007f11695b5e10]
Event: 2.375 Thread 0x00007f1178831800 1725 %     4       org.jacoco.agent.rt.internal_b0d6a23.asm.ClassReader::readCode @ 74 (3263 bytes)
Event: 2.380 Thread 0x00007f117882b800 1820       2       org.apache.log4j.CategoryKey::hashCode (13 bytes)
Event: 2.381 Thread 0x00007f117882b800 nmethod 1820 0x00007f11695b3990 code [0x00007f11695b3b00, 0x00007f11695b3ca8]

GC Heap History (10 events):
Event: 0.926 GC heap after
Heap after GC invocations=2 (full 0):
 PSYoungGen      total 18432K, used 2530K [0x00000000eb700000, 0x00000000edb00000, 0x0000000100000000)
  eden space 15872K, 0% used [0x00000000eb700000,0x00000000eb700000,0x00000000ec680000)
  from space 2560K, 98% used [0x00000000ec900000,0x00000000ecb78b60,0x00000000ecb80000)
  to   space 2560K, 0% used [0x00000000ec680000,0x00000000ec680000,0x00000000ec900000)
 ParOldGen       total 42496K, used 102K [0x00000000c2400000, 0x00000000c4d80000, 0x00000000eb700000)
  object space 42496K, 0% used [0x00000000c2400000,0x00000000c2419a50,0x00000000c4d80000)
 Metaspace       used 6083K, capacity 6218K, committed 6400K, reserved 1056768K
  class space    used 640K, capacity 661K, committed 768K, reserved 1048576K
}
Event: 1.154 GC heap before
{Heap before GC invocations=3 (full 0):
 PSYoungGen      total 18432K, used 18402K [0x00000000eb700000, 0x00000000edb00000, 0x0000000100000000)
  eden space 15872K, 100% used [0x00000000eb700000,0x00000000ec680000,0x00000000ec680000)
  from space 2560K, 98% used [0x00000000ec900000,0x00000000ecb78b60,0x00000000ecb80000)
  to   space 2560K, 0% used [0x00000000ec680000,0x00000000ec680000,0x00000000ec900000)
 ParOldGen       total 42496K, used 102K [0x00000000c2400000, 0x00000000c4d80000, 0x00000000eb700000)
  object space 42496K, 0% used [0x00000000c2400000,0x00000000c2419a50,0x00000000c4d80000)
 Metaspace       used 6988K, capacity 7146K, committed 7168K, reserved 1056768K
  class space    used 715K, capacity 757K, committed 768K, reserved 1048576K
Event: 1.157 GC heap after
Heap after GC invocations=3 (full 0):
 PSYoungGen      total 18432K, used 1861K [0x00000000eb700000, 0x00000000edb00000, 0x0000000100000000)
  eden space 15872K, 0% used [0x00000000eb700000,0x00000000eb700000,0x00000000ec680000)
  from space 2560K, 72% used [0x00000000ec680000,0x00000000ec8515e0,0x00000000ec900000)
  to   space 2560K, 0% used [0x00000000ed880000,0x00000000ed880000,0x00000000edb00000)
 ParOldGen       total 42496K, used 110K [0x00000000c2400000, 0x00000000c4d80000, 0x00000000eb700000)
  object space 42496K, 0% used [0x00000000c2400000,0x00000000c241ba50,0x00000000c4d80000)
 Metaspace       used 6988K, capacity 7146K, committed 7168K, reserved 1056768K
  class space    used 715K, capacity 757K, committed 768K, reserved 1048576K
}
Event: 1.240 GC heap before
{Heap before GC invocations=4 (full 0):
 PSYoungGen      total 18432K, used 17733K [0x00000000eb700000, 0x00000000edb00000, 0x0000000100000000)
  eden space 15872K, 100% used [0x00000000eb700000,0x00000000ec680000,0x00000000ec680000)
  from space 2560K, 72% used [0x00000000ec680000,0x00000000ec8515e0,0x00000000ec900000)
  to   space 2560K, 0% used [0x00000000ed880000,0x00000000ed880000,0x00000000edb00000)
 ParOldGen       total 42496K, used 110K [0x00000000c2400000, 0x00000000c4d80000, 0x00000000eb700000)
  object space 42496K, 0% used [0x00000000c2400000,0x00000000c241ba50,0x00000000c4d80000)
 Metaspace       used 7750K, capacity 7926K, committed 8064K, reserved 1056768K
  class space    used 785K, capacity 823K, committed 896K, reserved 1048576K
Event: 1.242 GC heap after
Heap after GC invocations=4 (full 0):
 PSYoungGen      total 34304K, used 2080K [0x00000000eb700000, 0x00000000edb00000, 0x0000000100000000)
  eden space 31744K, 0% used [0x00000000eb700000,0x00000000eb700000,0x00000000ed600000)
  from space 2560K, 81% used [0x00000000ed880000,0x00000000eda883a8,0x00000000edb00000)
  to   space 2560K, 0% used [0x00000000ed600000,0x00000000ed600000,0x00000000ed880000)
 ParOldGen       total 42496K, used 118K [0x00000000c2400000, 0x00000000c4d80000, 0x00000000eb700000)
  object space 42496K, 0% used [0x00000000c2400000,0x00000000c241da50,0x00000000c4d80000)
 Metaspace       used 7750K, capacity 7926K, committed 8064K, reserved 1056768K
  class space    used 785K, capacity 823K, committed 896K, reserved 1048576K
}
Event: 1.517 GC heap before
{Heap before GC invocations=5 (full 0):
 PSYoungGen      total 34304K, used 33824K [0x00000000eb700000, 0x00000000edb00000, 0x0000000100000000)
  eden space 31744K, 100% used [0x00000000eb700000,0x00000000ed600000,0x00000000ed600000)
  from space 2560K, 81% used [0x00000000ed880000,0x00000000eda883a8,0x00000000edb00000)
  to   space 2560K, 0% used [0x00000000ed600000,0x00000000ed600000,0x00000000ed880000)
 ParOldGen       total 42496K, used 118K [0x00000000c2400000, 0x00000000c4d80000, 0x00000000eb700000)
  object space 42496K, 0% used [0x00000000c2400000,0x00000000c241da50,0x00000000c4d80000)
 Metaspace       used 10218K, capacity 10408K, committed 10624K, reserved 1058816K
  class space    used 1031K, capacity 1050K, committed 1152K, reserved 1048576K
Event: 1.525 GC heap after
Heap after GC invocations=5 (full 0):
 PSYoungGen      total 34304K, used 2558K [0x00000000eb700000, 0x00000000efc00000, 0x0000000100000000)
  eden space 31744K, 0% used [0x00000000eb700000,0x00000000eb700000,0x00000000ed600000)
  from space 2560K, 99% used [0x00000000ed600000,0x00000000ed87fb20,0x00000000ed880000)
  to   space 3584K, 0% used [0x00000000ef880000,0x00000000ef880000,0x00000000efc00000)
 ParOldGen       total 42496K, used 887K [0x00000000c2400000, 0x00000000c4d80000, 0x00000000eb700000)
  object space 42496K, 2% used [0x00000000c2400000,0x00000000c24ddd58,0x00000000c4d80000)
 Metaspace       used 10218K, capacity 10408K, committed 10624K, reserved 1058816K
  class space    used 1031K, capacity 1050K, committed 1152K, reserved 1048576K
}
Event: 1.963 GC heap before
{Heap before GC invocations=6 (full 0):
 PSYoungGen      total 34304K, used 34302K [0x00000000eb700000, 0x00000000efc00000, 0x0000000100000000)
  eden space 31744K, 100% used [0x00000000eb700000,0x00000000ed600000,0x00000000ed600000)
  from space 2560K, 99% used [0x00000000ed600000,0x00000000ed87fb20,0x00000000ed880000)
  to   space 3584K, 0% used [0x00000000ef880000,0x00000000ef880000,0x00000000efc00000)
 ParOldGen       total 42496K, used 887K [0x00000000c2400000, 0x00000000c4d80000, 0x00000000eb700000)
  object space 42496K, 2% used [0x00000000c2400000,0x00000000c24ddd58,0x00000000c4d80000)
 Metaspace       used 12567K, capacity 12828K, committed 13184K, reserved 1060864K
  class space    used 1245K, capacity 1324K, committed 1408K, reserved 1048576K
Event: 1.968 GC heap after
Heap after GC invocations=6 (full 0):
 PSYoungGen      total 66560K, used 3566K [0x00000000eb700000, 0x00000000efd00000, 0x0000000100000000)
  eden space 62976K, 0% used [0x00000000eb700000,0x00000000eb700000,0x00000000ef480000)
  from space 3584K, 99% used [0x00000000ef880000,0x00000000efbfb8a8,0x00000000efc00000)
  to   space 4096K, 0% used [0x00000000ef480000,0x00000000ef480000,0x00000000ef880000)
 ParOldGen       total 42496K, used 1105K [0x00000000c2400000, 0x00000000c4d80000, 0x00000000eb700000)
  object space 42496K, 2% used [0x00000000c2400000,0x00000000c2514570,0x00000000c4d80000)
 Metaspace       used 12567K, capacity 12828K, committed 13184K, reserved 1060864K
  class space    used 1245K, capacity 1324K, committed 1408K, reserved 1048576K
}
Event: 2.385 GC heap before
{Heap before GC invocations=7 (full 0):
 PSYoungGen      total 66560K, used 66542K [0x00000000eb700000, 0x00000000efd00000, 0x0000000100000000)
  eden space 62976K, 100% used [0x00000000eb700000,0x00000000ef480000,0x00000000ef480000)
  from space 3584K, 99% used [0x00000000ef880000,0x00000000efbfb8a8,0x00000000efc00000)
  to   space 4096K, 0% used [0x00000000ef480000,0x00000000ef480000,0x00000000ef880000)
 ParOldGen       total 42496K, used 1105K [0x00000000c2400000, 0x00000000c4d80000, 0x00000000eb700000)
  object space 42496K, 2% used [0x00000000c2400000,0x00000000c2514570,0x00000000c4d80000)
 Metaspace       used 14911K, capacity 15182K, committed 15488K, reserved 1062912K
  class space    used 1536K, capacity 1615K, committed 1664K, reserved 1048576K

Deoptimization events (10 events):
Event: 0.918 Thread 0x00007f117800b000 Uncommon trap: reason=unstable_if action=reinterpret pc=0x00007f11691d45c4 method=org.jacoco.agent.rt.internal_b0d6a23.asm.ClassReader.readUTF(II[C)Ljava/lang/String; @ 77
Event: 0.939 Thread 0x00007f117800b000 Uncommon trap: reason=unstable_if action=reinterpret pc=0x00007f1169234f30 method=org.jacoco.agent.rt.internal_b0d6a23.asm.ByteVector.putUTF8(Ljava/lang/String;)Lorg/jacoco/agent/rt/internal_b0d6a23/asm/ByteVector; @ 34
Event: 0.960 Thread 0x00007f117800b000 Uncommon trap: reason=unstable_if action=reinterpret pc=0x00007f11692a6fa4 method=java.util.HashMap.getNode(ILjava/lang/Object;)Ljava/util/HashMap$Node; @ 62
Event: 1.101 Thread 0x00007f117800b000 Uncommon trap: reason=unstable_if action=reinterpret pc=0x00007f1169212618 method=org.jacoco.agent.rt.internal_b0d6a23.asm.Item.isEqualTo(Lorg/jacoco/agent/rt/internal_b0d6a23/asm/Item;)Z @ 345
Event: 1.115 Thread 0x00007f117800b000 Uncommon trap: reason=unstable_if action=reinterpret pc=0x00007f1169270b50 method=org.jacoco.agent.rt.internal_b0d6a23.asm.MethodVisitor.visitLineNumber(ILorg/jacoco/agent/rt/internal_b0d6a23/asm/Label;)V @ 4
Event: 1.444 Thread 0x00007f117800b000 Uncommon trap: reason=unstable_if action=reinterpret pc=0x00007f11693c5dc8 method=sun.misc.MetaIndex.mayContain(Ljava/lang/String;)Z @ 13
Event: 1.447 Thread 0x00007f117800b000 Uncommon trap: reason=unstable_if action=reinterpret pc=0x00007f11693fbc04 method=java.util.ArrayList.remove(I)Ljava/lang/Object; @ 31
Event: 1.490 Thread 0x00007f117800b000 Uncommon trap: reason=null_check action=make_not_entrant pc=0x00007f116910ab44 method=java.lang.String.equals(Ljava/lang/Object;)Z @ 8
Event: 1.735 Thread 0x00007f117800b000 Uncommon trap: reason=unstable_if action=reinterpret pc=0x00007f116925ef28 method=java.lang.AbstractStringBuilder.append(Ljava/lang/String;)Ljava/lang/AbstractStringBuilder; @ 1
Event: 1.959 Thread 0x00007f117800b000 Uncommon trap: reason=unstable_if action=reinterpret pc=0x00007f11692a9b08 method=java.util.StringTokenizer.nextToken()Ljava/lang/String; @ 5

Internal exceptions (10 events):
Event: 2.097 Thread 0x00007f117800b000 Exception <a 'java/lang/ClassNotFoundException': org/apache/log4j/ConsoleAppenderCustomizer> (0x00000000ecc4c790) thrown at [/HUDSON/workspace/8-2-build-linux-amd64/jdk8u151/9699/hotspot/src/share/vm/classfile/systemDictionary.cpp, line 210]
Event: 2.155 Thread 0x00007f117800b000 Exception <a 'java/security/PrivilegedActionException'> (0x00000000ed60e770) thrown at [/HUDSON/workspace/8-2-build-linux-amd64/jdk8u151/9699/hotspot/src/share/vm/prims/jvm.cpp, line 1390]
Event: 2.155 Thread 0x00007f117800b000 Exception <a 'java/security/PrivilegedActionException'> (0x00000000ed60eb68) thrown at [/HUDSON/workspace/8-2-build-linux-amd64/jdk8u151/9699/hotspot/src/share/vm/prims/jvm.cpp, line 1390]
Event: 2.155 Thread 0x00007f117800b000 Exception <a 'java/security/PrivilegedActionException'> (0x00000000ed612d00) thrown at [/HUDSON/workspace/8-2-build-linux-amd64/jdk8u151/9699/hotspot/src/share/vm/prims/jvm.cpp, line 1390]
Event: 2.155 Thread 0x00007f117800b000 Exception <a 'java/security/PrivilegedActionException'> (0x00000000ed6130f8) thrown at [/HUDSON/workspace/8-2-build-linux-amd64/jdk8u151/9699/hotspot/src/share/vm/prims/jvm.cpp, line 1390]
Event: 2.166 Thread 0x00007f117800b000 Exception <a 'java/security/PrivilegedActionException'> (0x00000000ed722180) thrown at [/HUDSON/workspace/8-2-build-linux-amd64/jdk8u151/9699/hotspot/src/share/vm/prims/jvm.cpp, line 1390]
Event: 2.166 Thread 0x00007f117800b000 Exception <a 'java/security/PrivilegedActionException'> (0x00000000ed722578) thrown at [/HUDSON/workspace/8-2-build-linux-amd64/jdk8u151/9699/hotspot/src/share/vm/prims/jvm.cpp, line 1390]
Event: 2.166 Thread 0x00007f117800b000 Exception <a 'java/security/PrivilegedActionException'> (0x00000000ed726710) thrown at [/HUDSON/workspace/8-2-build-linux-amd64/jdk8u151/9699/hotspot/src/share/vm/prims/jvm.cpp, line 1390]
Event: 2.166 Thread 0x00007f117800b000 Exception <a 'java/security/PrivilegedActionException'> (0x00000000ed726b08) thrown at [/HUDSON/workspace/8-2-build-linux-amd64/jdk8u151/9699/hotspot/src/share/vm/prims/jvm.cpp, line 1390]
Event: 2.346 Thread 0x00007f117800b000 Exception <a 'java/lang/ArrayIndexOutOfBoundsException'> (0x00000000ef01d770) thrown at [/HUDSON/workspace/8-2-build-linux-amd64/jdk8u151/9699/hotspot/src/share/vm/runtime/sharedRuntime.cpp, line 605]

Events (10 events):
Event: 2.379 loading class org/hibernate/validator/internal/metadata/aggregated/rule/MethodConfigurationRule done
Event: 2.379 loading class org/hibernate/validator/internal/metadata/aggregated/rule/OverridingMethodMustNotAlterParameterConstraints
Event: 2.379 loading class org/hibernate/validator/internal/metadata/aggregated/rule/OverridingMethodMustNotAlterParameterConstraints done
Event: 2.380 loading class org/hibernate/validator/internal/util/logging/Log_$logger_en_US
Event: 2.380 loading class org/hibernate/validator/internal/util/logging/Log_$logger_en_US done
Event: 2.380 loading class org/hibernate/validator/internal/util/logging/Log_$logger_en
Event: 2.380 loading class org/hibernate/validator/internal/util/logging/Log_$logger_en done
Event: 2.381 loading class org/hibernate/validator/internal/metadata/aggregated/rule/ParallelMethodsMustNotDefineParameterConstraints
Event: 2.381 loading class org/hibernate/validator/internal/metadata/aggregated/rule/ParallelMethodsMustNotDefineParameterConstraints done
Event: 2.384 Executing VM operation: ParallelGCFailedAllocation


Dynamic libraries:
00400000-00401000 r-xp 00000000 08:01 2233027                            /usr/lib/jvm/java-8-oracle/jre/bin/java
00600000-00601000 rw-p 00000000 08:01 2233027                            /usr/lib/jvm/java-8-oracle/jre/bin/java
012c4000-012e5000 rw-p 00000000 00:00 0                                  [heap]
c2400000-c4d80000 rw-p 00000000 00:00 0 
c4d80000-eb700000 ---p 00000000 00:00 0 
eb700000-efd00000 rw-p 00000000 00:00 0 
f3b00000-100000000 ---p 00000000 00:00 0 
100000000-1001a0000 rw-p 00000000 00:00 0 
1001a0000-140000000 ---p 00000000 00:00 0 
7f1134000000-7f1134021000 rw-p 00000000 00:00 0 
7f1134021000-7f1138000000 ---p 00000000 00:00 0 
7f113c000000-7f113cadb000 rw-p 00000000 00:00 0 
7f113cadb000-7f1140000000 ---p 00000000 00:00 0 
7f1140000000-7f1140021000 rw-p 00000000 00:00 0 
7f1140021000-7f1144000000 ---p 00000000 00:00 0 
7f1144000000-7f1145860000 rw-p 00000000 00:00 0 
7f1145860000-7f1148000000 ---p 00000000 00:00 0 
7f1148000000-7f1148021000 rw-p 00000000 00:00 0 
7f1148021000-7f114c000000 ---p 00000000 00:00 0 
7f114cbbe000-7f114cdbe000 rw-p 00000000 00:00 0 
7f114cdff000-7f114cf7f000 rw-p 00000000 00:00 0 
7f114cf7f000-7f114cfff000 ---p 00000000 00:00 0 
7f114cfff000-7f1150000000 rw-p 00000000 00:00 0 
7f1150000000-7f1150021000 rw-p 00000000 00:00 0 
7f1150021000-7f1154000000 ---p 00000000 00:00 0 
7f1154000000-7f1154021000 rw-p 00000000 00:00 0 
7f1154021000-7f1158000000 ---p 00000000 00:00 0 
7f1158000000-7f1158021000 rw-p 00000000 00:00 0 
7f1158021000-7f115c000000 ---p 00000000 00:00 0 
7f115c000000-7f115c28e000 rw-p 00000000 00:00 0 
7f115c28e000-7f1160000000 ---p 00000000 00:00 0 
7f1160000000-7f1160021000 rw-p 00000000 00:00 0 
7f1160021000-7f1164000000 ---p 00000000 00:00 0 
7f11641f0000-7f1164203000 r--s 00345000 08:01 2233175                    /usr/lib/jvm/java-8-oracle/jre/lib/resources.jar
7f1164203000-7f1164403000 rw-p 00000000 00:00 0 
7f1164403000-7f1164405000 r--s 00007000 08:01 791719                     /home/madunlap/.m2/repository/org/apache/maven/surefire/surefire-junit4/2.10/surefire-junit4-2.10.jar
7f1164405000-7f1164407000 r--s 0000b000 08:01 921145                     /home/madunlap/.m2/repository/org/json/json/20160212/json-20160212.jar
7f1164407000-7f1164409000 r--s 00009000 08:01 921147                     /home/madunlap/.m2/repository/com/mashape/unirest/unirest-java/1.4.9/unirest-java-1.4.9.jar
7f1164409000-7f116440b000 r--s 0000e000 08:01 921141                     /home/madunlap/.m2/repository/org/jvnet/mimepull/mimepull/1.9.6/mimepull-1.9.6.jar
7f116440b000-7f116440e000 r--s 0000e000 08:01 921143                     /home/madunlap/.m2/repository/org/glassfish/jersey/media/jersey-media-multipart/2.23.2/jersey-media-multipart-2.23.2.jar
7f116440e000-7f1164412000 r--s 00019000 08:01 921137                     /home/madunlap/.m2/repository/javax/ws/rs/javax.ws.rs-api/2.0.1/javax.ws.rs-api-2.0.1.jar
7f1164412000-7f1164414000 r--s 00010000 08:01 921134                     /home/madunlap/.m2/repository/org/glassfish/jersey/media/jersey-media-jaxb/2.23.2/jersey-media-jaxb-2.23.2.jar
7f1164414000-7f1164419000 r--s 00025000 08:01 921138                     /home/madunlap/.m2/repository/org/glassfish/jersey/core/jersey-client/2.23.2/jersey-client-2.23.2.jar
7f1164419000-7f116442f000 r--s 000d3000 08:01 921133                     /home/madunlap/.m2/repository/org/glassfish/jersey/core/jersey-server/2.23.2/jersey-server-2.23.2.jar
7f116442f000-7f1164430000 r--s 00004000 08:01 921129                     /home/madunlap/.m2/repository/org/glassfish/hk2/osgi-resource-locator/1.0.1/osgi-resource-locator-1.0.1.jar
7f1164430000-7f116443a000 r--s 000ae000 08:01 921127                     /home/madunlap/.m2/repository/org/javassist/javassist/3.20.0-GA/javassist-3.20.0-GA.jar
7f116443a000-7f116443d000 r--s 0002a000 08:01 921123                     /home/madunlap/.m2/repository/org/glassfish/hk2/hk2-locator/2.5.0-b05/hk2-locator-2.5.0-b05.jar
7f116443d000-7f116443f000 r--s 00002000 08:01 921128                     /home/madunlap/.m2/repository/org/glassfish/hk2/external/aopalliance-repackaged/2.5.0-b05/aopalliance-repackaged-2.5.0-b05.jar
7f116443f000-7f1164443000 r--s 0001a000 08:01 921125                     /home/madunlap/.m2/repository/org/glassfish/hk2/hk2-utils/2.5.0-b05/hk2-utils-2.5.0-b05.jar
7f1164443000-7f1164448000 r--s 00027000 08:01 921118                     /home/madunlap/.m2/repository/org/glassfish/hk2/hk2-api/2.5.0-b05/hk2-api-2.5.0-b05.jar
7f1164448000-7f1164460000 r--s 000d6000 08:01 921120                     /home/madunlap/.m2/repository/org/glassfish/jersey/bundles/repackaged/jersey-guava/2.23.2/jersey-guava-2.23.2.jar
7f1164460000-7f1164462000 r--s 00005000 08:01 921116                     /home/madunlap/.m2/repository/javax/annotation/javax.annotation-api/1.2/javax.annotation-api-1.2.jar
7f1164462000-7f1164471000 r--s 000a0000 08:01 921111                     /home/madunlap/.m2/repository/org/glassfish/jersey/core/jersey-common/2.23.2/jersey-common-2.23.2.jar
7f1164471000-7f1164472000 r--s 00001000 08:01 921113                     /home/madunlap/.m2/repository/org/glassfish/hk2/external/javax.inject/2.5.0-b05/javax.inject-2.5.0-b05.jar
7f1164472000-7f1164475000 r--s 0000e000 08:01 921110                     /home/madunlap/.m2/repository/org/glassfish/jersey/containers/jersey-container-servlet-core/2.23.2/jersey-container-servlet-core-2.23.2.jar
7f1164475000-7f1164477000 r--s 00003000 08:01 921107                     /home/madunlap/.m2/repository/org/glassfish/jersey/containers/jersey-container-servlet/2.23.2/jersey-container-servlet-2.23.2.jar
7f1164477000-7f1164479000 r--s 00008000 08:01 921112                     /home/madunlap/.m2/repository/com/google/auto/auto-common/0.3/auto-common-0.3.jar
7f1164479000-7f116447a000 r--s 00002000 08:01 921105                     /home/madunlap/.m2/repository/com/google/auto/service/auto-service/1.0-rc2/auto-service-1.0-rc2.jar
7f116447a000-7f116447c000 r--s 0000c000 08:01 921153                     /home/madunlap/.m2/repository/com/lyncode/xoai-service-provider/4.1.0-header-patch/xoai-service-provider-4.1.0-header-patch.jar
7f116447c000-7f116447d000 r--s 00001000 08:01 921104                     /home/madunlap/.m2/repository/com/lyncode/builder-commons/1.0.2/builder-commons-1.0.2.jar
7f116447d000-7f1164480000 r--s 00012000 08:01 921152                     /home/madunlap/.m2/repository/com/lyncode/xoai-data-provider/4.1.0-header-patch/xoai-data-provider-4.1.0-header-patch.jar
7f1164480000-7f1164482000 r--s 00005000 08:01 791390                     /home/madunlap/.m2/repository/stax/stax-api/1.0.1/stax-api-1.0.1.jar
7f1164482000-7f1164488000 r--s 00048000 08:01 921101                     /home/madunlap/.m2/repository/org/apache/commons/commons-lang3/3.1/commons-lang3-3.1.jar
7f1164488000-7f116448a000 r--s 00004000 08:01 921097                     /home/madunlap/.m2/repository/javax/xml/stream/stax-api/1.0-2/stax-api-1.0-2.jar
7f116448a000-7f116448e000 r--s 00029000 08:01 921098                     /home/madunlap/.m2/repository/org/codehaus/woodstox/stax2-api/3.0.4/stax2-api-3.0.4.jar
7f116448e000-7f1164494000 r--s 00045000 08:01 921095                     /home/madunlap/.m2/repository/org/hamcrest/hamcrest-all/1.3/hamcrest-all-1.3.jar
7f1164494000-7f1164499000 r--s 00016000 08:01 791388                     /home/madunlap/.m2/repository/xml-apis/xml-apis/1.0.b2/xml-apis-1.0.b2.jar
7f1164499000-7f116449a000 r--s 00003000 08:01 921092                     /home/madunlap/.m2/repository/com/lyncode/test-support/1.0.4/test-support-1.0.4.jar
7f116449a000-7f116449c000 r--s 00004000 08:01 921090                     /home/madunlap/.m2/repository/com/lyncode/xml-io/1.0.3/xml-io-1.0.3.jar
7f116449c000-7f116449e000 r--s 0000d000 08:01 921151                     /home/madunlap/.m2/repository/com/lyncode/xoai-common/4.1.0-header-patch/xoai-common-4.1.0-header-patch.jar
7f116449e000-7f11644a1000 r--s 00011000 08:01 921088                     /home/madunlap/.m2/repository/com/github/scribejava/scribejava-core/3.1.0/scribejava-core-3.1.0.jar
7f11644a1000-7f11644a4000 r--s 00010000 08:01 921084                     /home/madunlap/.m2/repository/com/github/scribejava/scribejava-apis/3.1.0/scribejava-apis-3.1.0.jar
7f11644a4000-7f11644ad000 r--s 0006f000 08:01 921083                     /home/madunlap/.m2/repository/log4j/log4j/1.2.17/log4j-1.2.17.jar
7f11644ad000-7f1164584000 r--s 007aa000 08:01 921093                     /home/madunlap/.m2/repository/net/sf/ehcache/ehcache/2.10.1/ehcache-2.10.1.jar
7f1164584000-7f1164586000 r--s 00008000 08:01 921082                     /home/madunlap/.m2/repository/org/apache/commons/commons-csv/1.2/commons-csv-1.2.jar
7f1164586000-7f116458a000 r--s 00035000 08:01 921081                     /home/madunlap/.m2/repository/com/fasterxml/jackson/core/jackson-core/2.5.3/jackson-core-2.5.3.jar
7f116458a000-7f116458c000 r--s 00008000 08:01 921075                     /home/madunlap/.m2/repository/com/fasterxml/jackson/core/jackson-annotations/2.5.0/jackson-annotations-2.5.0.jar
7f116458c000-7f116459e000 r--s 00106000 08:01 921073                     /home/madunlap/.m2/repository/com/fasterxml/jackson/core/jackson-databind/2.5.3/jackson-databind-2.5.3.jar
7f116459e000-7f11645a1000 r--s 00006000 08:01 921070                     /home/madunlap/.m2/repository/com/google/code/findbugs/jsr305/1.3.9/jsr305-1.3.9.jar
7f11645a1000-7f11645a7000 r--s 00040000 08:01 921074                     /home/madunlap/.m2/repository/com/google/http-client/google-http-client/1.20.0/google-http-client-1.20.0.jar
7f11645a7000-7f11645a8000 r--s 00004000 08:01 921066                     /home/madunlap/.m2/repository/com/maxmind/db/maxmind-db/1.0.0/maxmind-db-1.0.0.jar
7f11645a8000-7f11645aa000 r--s 00007000 08:01 921064                     /home/madunlap/.m2/repository/com/maxmind/geoip2/geoip2/2.3.1/geoip2-2.3.1.jar
7f11645aa000-7f11645ac000 r--s 00003000 08:01 921062                     /home/madunlap/.m2/repository/org/slf4j/jcl-over-slf4j/1.7.2/jcl-over-slf4j-1.7.2.jar
7f11645ac000-7f11645b0000 r--s 00034000 08:01 921067                     /home/madunlap/.m2/repository/org/codehaus/jackson/jackson-core-asl/1.9.7/jackson-core-asl-1.9.7.jar
7f11645b0000-7f11645bf000 r--s 000b0000 08:01 921065                     /home/madunlap/.m2/repository/org/codehaus/jackson/jackson-mapper-asl/1.9.7/jackson-mapper-asl-1.9.7.jar
7f11645bf000-7f11645c9000 r--s 0003d000 08:01 921060                     /home/madunlap/.m2/repository/org/javaswift/joss/0.9.10/joss-0.9.10.jar
7f11645c9000-7f11645d0000 r--s 0003a000 08:01 921056                     /home/madunlap/.m2/repository/commons-codec/commons-codec/1.9/commons-codec-1.9.jar
7f11645d0000-7f11645d7000 r--s 00048000 08:01 921054                     /home/madunlap/.m2/repository/org/apache/httpcomponents/httpcore/4.4.1/httpcore-4.4.1.jar
7f11645d7000-7f11645e4000 r--s 000a4000 08:01 921052                     /home/madunlap/.m2/repository/org/apache/httpcomponents/httpclient/4.4.1/httpclient-4.4.1.jar
7f11645e4000-7f11645e8000 r--s 00028000 08:01 921050                     /home/madunlap/.m2/repository/org/apache/httpcomponents/httpasyncclient/4.1/httpasyncclient-4.1.jar
7f11645e8000-7f11645ef000 r--s 00050000 08:01 921049                     /home/madunlap/.m2/repository/org/apache/httpcomponents/httpcore-nio/4.4.1/httpcore-nio-4.4.1.jar
7f11645ef000-7f11645f5000 r--s 00033000 08:01 921046                     /home/madunlap/.m2/repository/io/searchbox/jest-common/0.1.7/jest-common-0.1.7.jar
7f11645f5000-7f11645f6000 r--s 00004000 08:01 921045                     /home/madunlap/.m2/repository/io/searchbox/jest/0.1.7/jest-0.1.7.jar
7f11645f6000-7f11645f9000 r--s 0000f000 08:01 921042                     /home/madunlap/.m2/repository/commons-discovery/commons-discovery/0.2/commons-discovery-0.2.jar
7f11645f9000-7f11645fc000 r--s 0001c000 08:01 921043                     /home/madunlap/.m2/repository/axis/axis-wsdl4j/1.5.1/axis-wsdl4j-1.5.1.jar
7f11645fc000-7f11645fd000 r--s 00004000 08:01 921039                     /home/madunlap/.m2/repository/org/apache/axis/axis-saaj/1.4/axis-saaj-1.4.jar
7f11645fd000-7f11645ff000 r--s 00006000 08:01 921036                     /home/madunlap/.m2/repository/org/apache/axis/axis-jaxrpc/1.4/axis-jaxrpc-1.4.jar
7f11645ff000-7f1164613000 r--s 00173000 08:01 921038                     /home/madunlap/.m2/repository/axis/axis/1.4/axis-1.4.jar
7f1164613000-7f1164615000 r--s 00009000 08:01 921034                     /home/madunlap/.m2/repository/org/objenesis/objenesis/2.1/objenesis-2.1.jar
7f1164615000-7f1164631000 r--s 00103000 08:01 921030                     /home/madunlap/.m2/repository/org/mockito/mockito-core/1.10.19/mockito-core-1.10.19.jar
7f1164631000-7f1164633000 r--s 00001000 08:01 921031                     /home/madunlap/.m2/repository/org/slf4j/slf4j-log4j12/1.7.7/slf4j-log4j12-1.7.7.jar
7f1164633000-7f1164635000 r--s 00006000 08:01 791385                     /home/madunlap/.m2/repository/org/slf4j/slf4j-api/1.7.7/slf4j-api-1.7.7.jar
7f1164635000-7f1164639000 r--s 0001f000 08:01 921028                     /home/madunlap/.m2/repository/org/jacoco/org.jacoco.report/0.7.5.201505241946/org.jacoco.report-0.7.5.201505241946.jar
7f1164639000-7f116463e000 r--s 00058000 08:01 921027                     /home/madunlap/.m2/repository/org/ow2/asm/asm-debug-all/5.0.1/asm-debug-all-5.0.1.jar
7f116463e000-7f1164642000 r--s 0001d000 08:01 791383                     /home/madunlap/.m2/repository/org/jacoco/org.jacoco.core/0.7.5.201505241946/org.jacoco.core-0.7.5.201505241946.jar
7f1164642000-7f1164643000 ---p 00000000 00:00 0 
7f1164643000-7f1164743000 rw-p 00000000 00:00 0 
7f1164743000-7f1164746000 ---p 00000000 00:00 0 
7f1164746000-7f1164844000 rw-p 00000000 00:00 0 
7f1164844000-7f1164847000 ---p 00000000 00:00 0 
7f1164847000-7f1164945000 rw-p 00000000 00:00 0 
7f1164945000-7f1164948000 ---p 00000000 00:00 0 
7f1164948000-7f1164a46000 rw-p 00000000 00:00 0 
7f1164a46000-7f1164a57000 r-xp 00000000 08:01 2233354                    /usr/lib/jvm/java-8-oracle/jre/lib/amd64/libnio.so
7f1164a57000-7f1164c56000 ---p 00011000 08:01 2233354                    /usr/lib/jvm/java-8-oracle/jre/lib/amd64/libnio.so
7f1164c56000-7f1164c57000 rw-p 00010000 08:01 2233354                    /usr/lib/jvm/java-8-oracle/jre/lib/amd64/libnio.so
7f1164c57000-7f1164c6e000 r-xp 00000000 08:01 2233351                    /usr/lib/jvm/java-8-oracle/jre/lib/amd64/libnet.so
7f1164c6e000-7f1164e6d000 ---p 00017000 08:01 2233351                    /usr/lib/jvm/java-8-oracle/jre/lib/amd64/libnet.so
7f1164e6d000-7f1164e6e000 rw-p 00016000 08:01 2233351                    /usr/lib/jvm/java-8-oracle/jre/lib/amd64/libnet.so
7f1164e6e000-7f1164e71000 r--s 0001a000 08:01 2233367                    /usr/lib/jvm/java-8-oracle/jre/lib/jce.jar
7f1164e71000-7f1164e76000 r--s 0009a000 08:01 2233194                    /usr/lib/jvm/java-8-oracle/jre/lib/jsse.jar
7f1164e76000-7f1164e7c000 r--s 00041000 08:01 661360                     /home/madunlap/.m2/repository/org/jacoco/org.jacoco.agent/0.7.5.201505241946/org.jacoco.agent-0.7.5.201505241946-runtime.jar
7f1164e7c000-7f1164e7e000 r--s 0000e000 08:01 921023                     /home/madunlap/.m2/repository/oro/oro/2.0.8/oro-2.0.8.jar
7f1164e7e000-7f1164e86000 r--s 00058000 08:01 921019                     /home/madunlap/.m2/repository/org/apache/velocity/velocity/1.5/velocity-1.5.jar
7f1164e86000-7f1164e87000 r--s 00001000 08:01 921022                     /home/madunlap/.m2/repository/org/codehaus/plexus/plexus-velocity/1.1.7/plexus-velocity-1.1.7.jar
7f1164e87000-7f1164e88000 r--s 00002000 08:01 921017                     /home/madunlap/.m2/repository/org/codehaus/plexus/plexus-i18n/1.0-beta-7/plexus-i18n-1.0-beta-7.jar
7f1164e88000-7f1164e8a000 r--s 00008000 08:01 921015                     /home/madunlap/.m2/repository/org/apache/maven/doxia/doxia-module-fml/1.1.2/doxia-module-fml-1.1.2.jar
7f1164e8a000-7f1164e8b000 r--s 00003000 08:01 921016                     /home/madunlap/.m2/repository/org/apache/maven/doxia/doxia-module-xhtml/1.1.2/doxia-module-xhtml-1.1.2.jar
7f1164e8b000-7f1164e8d000 r--s 0000b000 08:01 921011                     /home/madunlap/.m2/repository/org/apache/maven/doxia/doxia-decoration-model/1.1.2/doxia-decoration-model-1.1.2.jar
7f1164e8d000-7f1164e8f000 r--s 0000b000 08:01 921008                     /home/madunlap/.m2/repository/org/apache/maven/doxia/doxia-site-renderer/1.1.2/doxia-site-renderer-1.1.2.jar
7f1164e8f000-7f1164e93000 r--s 00023000 08:01 921010                     /home/madunlap/.m2/repository/org/apache/maven/doxia/doxia-core/1.1.2/doxia-core-1.1.2.jar
7f1164e93000-7f1164e95000 r--s 00003000 08:01 921007                     /home/madunlap/.m2/repository/org/apache/maven/reporting/maven-reporting-impl/2.1/maven-reporting-impl-2.1.jar
7f1164e95000-7f1164e96000 r--s 00002000 08:01 921004                     /home/madunlap/.m2/repository/org/apache/maven/doxia/doxia-logging-api/1.1/doxia-logging-api-1.1.jar
7f1164e96000-7f1164e98000 r--s 00002000 08:01 921001                     /home/madunlap/.m2/repository/org/apache/maven/doxia/doxia-sink-api/1.1/doxia-sink-api-1.1.jar
7f1164e98000-7f1164e99000 r--s 00002000 08:01 920999                     /home/madunlap/.m2/repository/org/apache/maven/reporting/maven-reporting-api/2.2.1/maven-reporting-api-2.2.1.jar
7f1164e99000-7f1164e9b000 r--s 00008000 08:01 920995                     /home/madunlap/.m2/repository/org/apache/maven/shared/maven-shared-io/1.1/maven-shared-io-1.1.jar
7f1164e9b000-7f1164e9d000 r--s 00008000 08:01 920998                     /home/madunlap/.m2/repository/org/apache/maven/shared/file-management/1.2.1/file-management-1.2.1.jar
7f1164e9d000-7f1164ea2000 r--s 00039000 08:01 920997                     /home/madunlap/.m2/repository/org/codehaus/plexus/plexus-utils/1.5.6/plexus-utils-1.5.6.jar
7f1164ea2000-7f1164ea4000 r--s 00008000 08:01 920991                     /home/madunlap/.m2/repository/classworlds/classworlds/1.1-alpha-2/classworlds-1.1-alpha-2.jar
7f1164ea4000-7f1164eab000 r--s 00029000 08:01 920988                     /home/madunlap/.m2/repository/org/codehaus/plexus/plexus-container-default/1.0-alpha-9-stable-1/plexus-container-default-1.0-alpha-9-stable-1.jar
7f1164eab000-7f1164eae000 r--s 00011000 08:01 920989                     /home/madunlap/.m2/repository/org/apache/maven/maven-artifact/2.2.1/maven-artifact-2.2.1.jar
7f1164eae000-7f1164eb0000 r--s 0000b000 08:01 920985                     /home/madunlap/.m2/repository/org/codehaus/plexus/plexus-interpolation/1.11/plexus-interpolation-1.11.jar
7f1164eb0000-7f1164eb2000 r--s 00006000 08:01 920982                     /home/madunlap/.m2/repository/org/apache/maven/maven-plugin-registry/2.2.1/maven-plugin-registry-2.2.1.jar
7f1164eb2000-7f1164eba000 r--s 00049000 08:01 920984                     /home/madunlap/.m2/repository/backport-util-concurrent/backport-util-concurrent/3.1/backport-util-concurrent-3.1.jar
7f1164eba000-7f1164ebc000 r--s 0000b000 08:01 920978                     /home/madunlap/.m2/repository/org/apache/maven/wagon/wagon-provider-api/1.0-beta-6/wagon-provider-api-1.0-beta-6.jar
7f1164ebc000-7f1164ebe000 r--s 00005000 08:01 920980                     /home/madunlap/.m2/repository/org/apache/maven/maven-repository-metadata/2.2.1/maven-repository-metadata-2.2.1.jar
7f1164ebe000-7f1164ec0000 r--s 0000f000 08:01 920975                     /home/madunlap/.m2/repository/org/apache/maven/maven-artifact-manager/2.2.1/maven-artifact-manager-2.2.1.jar
7f1164ec0000-7f1164ec2000 r--s 00014000 08:01 920971                     /home/madunlap/.m2/repository/org/apache/maven/maven-model/2.2.1/maven-model-2.2.1.jar
7f1164ec2000-7f1164ec4000 r--s 00007000 08:01 920969                     /home/madunlap/.m2/repository/org/apache/maven/maven-profile/2.2.1/maven-profile-2.2.1.jar
7f1164ec4000-7f1164ec5000 r--s 0000b000 08:01 920972                     /home/madunlap/.m2/repository/org/apache/maven/maven-settings/2.2.1/maven-settings-2.2.1.jar
7f1164ec5000-7f1164ec9000 r--s 00023000 08:01 920973                     /home/madunlap/.m2/repository/org/apache/maven/maven-project/2.2.1/maven-project-2.2.1.jar
7f1164ec9000-7f1164ecb000 r--s 00002000 08:01 661356                     /home/madunlap/.m2/repository/org/apache/maven/maven-plugin-api/2.2.1/maven-plugin-api-2.2.1.jar
7f1164ecb000-7f1164ecd000 r--s 0000b000 08:01 660606                     /home/madunlap/.m2/repository/org/jacoco/jacoco-maven-plugin/0.7.5.201505241946/jacoco-maven-plugin-0.7.5.201505241946.jar
7f1164ecd000-7f1164ecf000 r--s 00013000 08:01 791380                     /home/madunlap/.m2/repository/com/jayway/restassured/xml-path/2.4.0/xml-path-2.4.0.jar
7f1164ecf000-7f1164ed1000 r--s 00007000 08:01 791379                     /home/madunlap/.m2/repository/com/jayway/restassured/rest-assured-common/2.4.0/rest-assured-common-2.4.0.jar
7f1164ed1000-7f1164ed3000 r--s 0001e000 08:01 661355                     /home/madunlap/.m2/repository/org/codehaus/groovy/groovy-json/2.3.7/groovy-json-2.3.7.jar
7f1164ed3000-7f1164ed5000 r--s 0000d000 08:01 791376                     /home/madunlap/.m2/repository/com/jayway/restassured/json-path/2.4.0/json-path-2.4.0.jar
7f1164ed5000-7f1164ed7000 r--s 00015000 08:01 791373                     /home/madunlap/.m2/repository/org/ccil/cowan/tagsoup/tagsoup/1.2.1/tagsoup-1.2.1.jar
7f1164ed7000-7f1164ed8000 r--s 0000c000 08:01 791372                     /home/madunlap/.m2/repository/org/hamcrest/hamcrest-library/1.3/hamcrest-library-1.3.jar
7f1164ed8000-7f1164eda000 r--s 00009000 08:01 791370                     /home/madunlap/.m2/repository/org/hamcrest/hamcrest-core/1.3/hamcrest-core-1.3.jar
7f1164eda000-7f1164edf000 r--s 00034000 08:01 661352                     /home/madunlap/.m2/repository/org/codehaus/groovy/groovy-xml/2.3.7/groovy-xml-2.3.7.jar
7f1164edf000-7f1164f28000 r--s 003fb000 08:01 661354                     /home/madunlap/.m2/repository/org/codehaus/groovy/groovy/2.3.7/groovy-2.3.7.jar
7f1164f28000-7f1164f32000 r--s 0008c000 08:01 791368                     /home/madunlap/.m2/repository/com/jayway/restassured/rest-assured/2.4.0/rest-assured-2.4.0.jar
7f1164f32000-7f1164f38000 r--s 00044000 08:01 791367                     /home/madunlap/.m2/repository/org/jsoup/jsoup/1.8.1/jsoup-1.8.1.jar
7f1164f38000-7f1164f3a000 r--s 00004000 08:01 791401                     /home/madunlap/.m2/repository/edu/ucsb/nceas/ezid/1.0.0/ezid-1.0.0.jar
7f1164f3a000-7f1164f3d000 r--s 0000b000 08:01 791362                     /home/madunlap/.m2/repository/org/ocpsoft/rewrite/rewrite-integration-faces/2.0.12.Final/rewrite-integration-faces-2.0.12.Final.jar
7f1164f3d000-7f1164f3f000 r--s 00001000 08:01 791360                     /home/madunlap/.m2/repository/org/ocpsoft/rewrite/rewrite-annotations-api/2.0.12.Final/rewrite-annotations-api-2.0.12.Final.jar
7f1164f3f000-7f1164f40000 r--s 00005000 08:01 791359                     /home/madunlap/.m2/repository/org/ocpsoft/rewrite/rewrite-addressbuilder/2.0.12.Final/rewrite-addressbuilder-2.0.12.Final.jar
7f1164f40000-7f1164f42000 r--s 00008000 08:01 791357                     /home/madunlap/.m2/repository/org/ocpsoft/rewrite/rewrite-api-servlet/2.0.12.Final/rewrite-api-servlet-2.0.12.Final.jar
7f1164f42000-7f1164f44000 r--s 00001000 08:01 791354                     /home/madunlap/.m2/repository/org/ocpsoft/logging/logging-api/1.0.2.Final/logging-api-1.0.2.Final.jar
7f1164f44000-7f1164f45000 r--s 00003000 08:01 791353                     /home/madunlap/.m2/repository/org/ocpsoft/common/common-api/1.0.5.Final/common-api-1.0.5.Final.jar
7f1164f45000-7f1164f49000 r--s 00018000 08:01 791351                     /home/madunlap/.m2/repository/org/ocpsoft/rewrite/rewrite-api/2.0.12.Final/rewrite-api-2.0.12.Final.jar
7f1164f49000-7f1164f4b000 r--s 00005000 08:01 791349                     /home/madunlap/.m2/repository/org/ocpsoft/rewrite/rewrite-annotations-impl/2.0.12.Final/rewrite-annotations-impl-2.0.12.Final.jar
7f1164f4b000-7f1164f59000 r--s 00092000 08:01 791352                     /home/madunlap/.m2/repository/org/ocpsoft/rewrite/rewrite-config-prettyfaces/2.0.12.Final/rewrite-config-prettyfaces-2.0.12.Final.jar
7f1164f59000-7f1164f67000 r--s 0005f000 08:01 791345                     /home/madunlap/.m2/repository/org/ocpsoft/rewrite/rewrite-servlet/2.0.12.Final/rewrite-servlet-2.0.12.Final.jar
7f1164f67000-7f1164f6b000 r--s 0003c000 08:01 791218                     /home/madunlap/.m2/repository/javax/media/jai_codec/1.1.3/jai_codec-1.1.3.jar
7f1164f6b000-7f1164f7f000 r--s 001bd000 08:01 791220                     /home/madunlap/.m2/repository/javax/media/jai_core/1.1.3/jai_core-1.1.3.jar
7f1164f7f000-7f1164f90000 r--s 00106000 08:01 791219                     /home/madunlap/.m2/repository/javax/media/jai_imageio/1.1.1/jai_imageio-1.1.1.jar
7f1164f90000-7f1164f92000 r--s 00009000 08:01 791399                     /home/madunlap/.m2/repository/edu/harvard/hul/ois/jhove/jhove-handler/1.11.0/jhove-handler-1.11.0.jar
7f1164f92000-7f1164f9b000 r--s 00079000 08:01 791398                     /home/madunlap/.m2/repository/edu/harvard/hul/ois/jhove/jhove-module/1.11.0/jhove-module-1.11.0.jar
7f1164f9b000-7f1164f9e000 r--s 00011000 08:01 791396                     /home/madunlap/.m2/repository/edu/harvard/hul/ois/jhove/jhove/1.11.0/jhove-1.11.0.jar
7f1164f9e000-7f1164fae000 r--s 0011f000 08:01 791342                     /home/madunlap/.m2/repository/org/apache/poi/poi-scratchpad/3.10-FINAL/poi-scratchpad-3.10-FINAL.jar
7f1164fae000-7f1164fb4000 r--s 00047000 08:01 791341                     /home/madunlap/.m2/repository/org/apache/poi/poi-examples/3.10-FINAL/poi-examples-3.10-FINAL.jar
7f1164fb4000-7f1164fb9000 r--s 00048000 08:01 791338                     /home/madunlap/.m2/repository/dom4j/dom4j/1.6.1/dom4j-1.6.1.jar
7f1164fb9000-7f1164ff6000 r--s 0024f000 08:01 791336                     /home/madunlap/.m2/repository/org/apache/xmlbeans/xmlbeans/2.3.0/xmlbeans-2.3.0.jar
7f1164ff6000-7f116508e000 r--s 00420000 08:01 791334                     /home/madunlap/.m2/repository/org/apache/poi/poi-ooxml-schemas/3.10-FINAL/poi-ooxml-schemas-3.10-FINAL.jar
7f116508e000-7f116509c000 r--s 000ee000 08:01 791333                     /home/madunlap/.m2/repository/org/apache/poi/poi-ooxml/3.10-FINAL/poi-ooxml-3.10-FINAL.jar
7f116509c000-7f11650be000 r--s 001bb000 08:01 791332                     /home/madunlap/.m2/repository/org/apache/poi/poi/3.10-FINAL/poi-3.10-FINAL.jar
7f11650be000-7f11650c0000 r--s 00006000 08:01 791331                     /home/madunlap/.m2/repository/org/nuiton/thirdparty/Rserve/0.6-1/Rserve-0.6-1.jar
7f11650c0000-7f11650c2000 r--s 00006000 08:01 791328                     /home/madunlap/.m2/repository/org/nuiton/thirdparty/REngine/0.6-1/REngine-0.6-1.jar
7f11650c2000-7f11650c3000 r--s 0000c000 08:01 791397                     /home/madunlap/.m2/repository/org/dataverse/unf/6.0/unf-6.0.jar
7f11650c3000-7f11650c4000 r--s 00018000 08:01 791394                     /home/madunlap/.m2/repository/edu/harvard/iq/dvn/unf5/5.0/unf5-5.0.jar
7f11650c4000-7f11650cd000 r--s 000a6000 08:01 791393                     /home/madunlap/.m2/repository/net/handle/handle/2006-06-16-generated/handle-2006-06-16-generated.jar
7f11650cd000-7f11650d0000 r--s 00035000 08:01 791395                     /home/madunlap/.m2/repository/nom/tam/fits/fits/2012-10-25-generated/fits-2012-10-25-generated.jar
7f11650d0000-7f11650d7000 r--s 00028000 08:01 791326                     /home/madunlap/.m2/repository/concurrent/concurrent/1.3.4/concurrent-1.3.4.jar
7f11650d7000-7f11650e5000 r--s 00081000 08:01 791324                     /home/madunlap/.m2/repository/colt/colt/1.2.0/colt-1.2.0.jar
7f11650e5000-7f11650f2000 r--s 00083000 08:01 791320                     /home/madunlap/.m2/repository/commons-collections/commons-collections/3.2.2/commons-collections-3.2.2.jar
7f11650f2000-7f11650f6000 r--s 00020000 08:01 791319                     /home/madunlap/.m2/repository/commons-digester/commons-digester/1.8.1/commons-digester-1.8.1.jar
7f11650f6000-7f11650fb000 r--s 00035000 08:01 791317                     /home/madunlap/.m2/repository/commons-beanutils/commons-beanutils/1.9.2/commons-beanutils-1.9.2.jar
7f11650fb000-7f11650ff000 r--s 0002a000 08:01 791315                     /home/madunlap/.m2/repository/commons-validator/commons-validator/1.6/commons-validator-1.6.jar
7f11650ff000-7f1165112000 r--s 000df000 08:01 791313                     /home/madunlap/.m2/repository/org/apache/commons/commons-math/2.2/commons-math-2.2.jar
7f1165112000-7f1165114000 r--s 0000e000 08:01 791309                     /home/madunlap/.m2/repository/commons-logging/commons-logging/1.1.3/commons-logging-1.1.3.jar
7f1165114000-7f1165116000 r--s 00005000 08:01 791311                     /home/madunlap/.m2/repository/org/apache/httpcomponents/httpmime/4.2.6/httpmime-4.2.6.jar
7f1165116000-7f1165122000 r--s 000b3000 08:01 791304                     /home/madunlap/.m2/repository/org/apache/zookeeper/zookeeper/3.4.5/zookeeper-3.4.5.jar
7f1165122000-7f116512a000 r--s 0005b000 08:01 791305                     /home/madunlap/.m2/repository/org/apache/solr/solr-solrj/4.6.0/solr-solrj-4.6.0.jar
7f116512a000-7f116512f000 r--s 00041000 08:01 791300                     /home/madunlap/.m2/repository/commons-lang/commons-lang/2.6/commons-lang-2.6.jar
7f116512f000-7f1165131000 r--s 0000d000 08:01 791302                     /home/madunlap/.m2/repository/com/fasterxml/classmate/1.0.0/classmate-1.0.0.jar
7f1165131000-7f1165133000 r--s 0000d000 08:01 791296                     /home/madunlap/.m2/repository/org/jboss/logging/jboss-logging/3.1.1.GA/jboss-logging-3.1.1.GA.jar
7f1165133000-7f1165137000 r--s 0000c000 08:01 791294                     /home/madunlap/.m2/repository/javax/validation/validation-api/1.1.0.Final/validation-api-1.1.0.Final.jar
7f1165137000-7f1165144000 r--s 00080000 08:01 791293                     /home/madunlap/.m2/repository/org/hibernate/hibernate-validator/5.0.3.Final/hibernate-validator-5.0.3.Final.jar
7f1165144000-7f116514e000 r--s 0006b000 08:01 791289                     /home/madunlap/.m2/repository/org/omnifaces/omnifaces/1.7/omnifaces-1.7.jar
7f116514e000-7f116515d000 r--s 000c4000 08:01 791290                     /home/madunlap/.m2/repository/org/atmosphere/atmosphere-runtime/2.4.2/atmosphere-runtime-2.4.2.jar
7f116515d000-7f1165171000 r--s 0013a000 08:01 791121                     /home/madunlap/.m2/repository/org/primefaces/themes/all-themes/1.0.10/all-themes-1.0.10.jar
7f1165171000-7f116519d000 r--s 00318000 08:01 791288                     /home/madunlap/.m2/repository/org/primefaces/primefaces/5.3/primefaces-5.3.jar
7f116519d000-7f11651bf000 r--s 00120000 08:01 791284                     /home/madunlap/.m2/repository/javax/javaee-web-api/7.0/javaee-web-api-7.0.jar
7f11651bf000-7f11651c1000 r--s 0000e000 08:01 791282                     /home/madunlap/.m2/repository/javax/activation/activation/1.1/activation-1.1.jar
7f11651c1000-7f11651c9000 r--s 00078000 08:01 791280                     /home/madunlap/.m2/repository/com/sun/mail/javax.mail/1.5.0/javax.mail-1.5.0.jar
7f11651c9000-7f11651fd000 r--s 001a4000 08:01 791278                     /home/madunlap/.m2/repository/javax/javaee-api/7.0/javaee-api-7.0.jar
7f11651fd000-7f1165228000 r--s 001f5000 08:01 791277                     /home/madunlap/.m2/repository/com/google/guava/guava/16.0.1/guava-16.0.1.jar
7f1165228000-7f1165246000 r--s 0027d000 08:01 791273                     /home/madunlap/.m2/repository/xalan/xalan/2.7.0/xalan-2.7.0.jar
7f1165246000-7f116525a000 r--s 000e3000 08:01 791272                     /home/madunlap/.m2/repository/xerces/xercesImpl/2.6.2/xercesImpl-2.6.2.jar
7f116525a000-7f1165260000 r--s 00019000 08:01 791270                     /home/madunlap/.m2/repository/xerces/xmlParserAPIs/2.6.2/xmlParserAPIs-2.6.2.jar
7f1165260000-7f1165267000 r--s 00063000 08:01 791268                     /home/madunlap/.m2/repository/xom/xom/1.1/xom-1.1.jar
7f1165267000-7f116526c000 r--s 0002a000 08:01 791265                     /home/madunlap/.m2/repository/com/google/code/gson/gson/2.2.4/gson-2.2.4.jar
7f116526c000-7f1165270000 r--s 00027000 08:01 791263                     /home/madunlap/.m2/repository/commons-io/commons-io/2.2/commons-io-2.2.jar
7f1165270000-7f1165272000 r--s 0000f000 08:01 791260                     /home/madunlap/.m2/repository/commons-fileupload/commons-fileupload/1.3.1/commons-fileupload-1.3.1.jar
7f1165272000-7f1165278000 r--s 00032000 08:01 791261                     /home/madunlap/.m2/repository/jaxen/jaxen/1.1.1/jaxen-1.1.1.jar
7f1165278000-7f116527f000 r--s 00079000 08:01 661348                     /home/madunlap/.m2/repository/org/codehaus/woodstox/wstx-asl/3.2.6/wstx-asl-3.2.6.jar
7f116527f000-7f1165284000 r--s 00070000 08:01 661349                     /home/madunlap/.m2/repository/org/codehaus/woodstox/woodstox-core-asl/4.1.4/woodstox-core-asl-4.1.4.jar
7f1165284000-7f1165288000 r--s 00026000 08:01 791256                     /home/madunlap/.m2/repository/org/apache/ws/commons/axiom/axiom-impl/1.2.14/axiom-impl-1.2.14.jar
7f1165288000-7f116528b000 r--s 00015000 08:01 791254                     /home/madunlap/.m2/repository/org/apache/james/apache-mime4j-core/0.7.2/apache-mime4j-core-0.7.2.jar
7f116528b000-7f1165290000 r--s 00032000 08:01 791252                     /home/madunlap/.m2/repository/org/apache/geronimo/specs/geronimo-javamail_1.4_spec/1.7.1/geronimo-javamail_1.4_spec-1.7.1.jar
7f1165290000-7f116529a000 r--s 0005d000 08:01 791250                     /home/madunlap/.m2/repository/org/apache/ws/commons/axiom/axiom-api/1.2.14/axiom-api-1.2.14.jar
7f116529a000-7f116529d000 r--s 0014e000 08:01 791249                     /home/madunlap/.m2/repository/org/apache/abdera/abdera-parser/1.1.3/abdera-parser-1.1.3.jar
7f116529d000-7f116529f000 r--s 00006000 08:01 791245                     /home/madunlap/.m2/repository/org/apache/geronimo/specs/geronimo-stax-api_1.0_spec/1.0.1/geronimo-stax-api_1.0_spec-1.0.1.jar
7f116529f000-7f11652a1000 r--s 0000a000 08:01 791243                     /home/madunlap/.m2/repository/org/apache/geronimo/specs/geronimo-activation_1.1_spec/1.1/geronimo-activation_1.1_spec-1.1.jar
7f11652a1000-7f11652a5000 r--s 00094000 08:01 791246                     /home/madunlap/.m2/repository/org/apache/abdera/abdera-i18n/1.1.3/abdera-i18n-1.1.3.jar
7f11652a5000-7f11652a9000 r--s 00024000 08:01 791241                     /home/madunlap/.m2/repository/org/apache/abdera/abdera-core/1.1.3/abdera-core-1.1.3.jar
7f11652a9000-7f11652cc000 r--s 001ae000 08:01 791235                     /home/madunlap/.m2/repository/com/hp/hpl/jena/jena/2.6.4/jena-2.6.4.jar
7f11652cc000-7f1165353000 rw-p 00000000 00:00 0 
7f1165353000-7f116575f000 r--s 03c80000 08:01 791225                     /home/madunlap/.m2/repository/com/amazonaws/aws-java-sdk-bundle/1.11.172/aws-java-sdk-bundle-1.11.172.jar
7f116575f000-7f1165762000 ---p 00000000 00:00 0 
7f1165762000-7f1165860000 rw-p 00000000 00:00 0 
7f1165860000-7f1165b3b000 r--p 00000000 08:01 1441812                    /usr/lib/locale/locale-archive
7f1165b3b000-7f1165b3e000 ---p 00000000 00:00 0 
7f1165b3e000-7f1165c3c000 rw-p 00000000 00:00 0 
7f1165c3c000-7f1165c3f000 ---p 00000000 00:00 0 
7f1165c3f000-7f1165d3d000 rw-p 00000000 00:00 0 
7f1165d3d000-7f1165d3e000 ---p 00000000 00:00 0 
7f1165d3e000-7f1166747000 rw-p 00000000 00:00 0 
7f1166747000-7f1166920000 r--s 03d5a000 08:01 2233137                    /usr/lib/jvm/java-8-oracle/jre/lib/rt.jar
7f1166920000-7f1169000000 rw-p 00000000 00:00 0 
7f1169000000-7f11695c0000 rwxp 00000000 00:00 0 
7f11695c0000-7f1178000000 ---p 00000000 00:00 0 
7f1178000000-7f1179066000 rw-p 00000000 00:00 0 
7f1179066000-7f117c000000 ---p 00000000 00:00 0 
7f117c000000-7f117c019000 r--s 002fd000 08:01 791240                     /home/madunlap/.m2/repository/com/ibm/icu/icu4j/3.4.4/icu4j-3.4.4.jar
7f117c019000-7f117c01c000 r--s 00023000 08:01 791237                     /home/madunlap/.m2/repository/com/hp/hpl/jena/iri/0.8/iri-0.8.jar
7f117c01c000-7f117c01e000 r--s 0000d000 08:01 791233                     /home/madunlap/.m2/repository/org/apache/abdera/abdera-client/1.1.1/abdera-client-1.1.1.jar
7f117c01e000-7f117c020000 r--s 00016000 08:01 791230                     /home/madunlap/.m2/repository/javax/servlet/servlet-api/2.4/servlet-api-2.4.jar
7f117c020000-7f117c023000 r--s 0000f000 08:01 791226                     /home/madunlap/.m2/repository/org/swordapp/sword2-server/1.0/sword2-server-1.0-classes.jar
7f117c023000-7f117c028000 r--s 00040000 08:01 791224                     /home/madunlap/.m2/repository/commons-httpclient/commons-httpclient/3.0.1/commons-httpclient-3.0.1.jar
7f117c028000-7f117c02b000 r--s 00012000 08:01 791228                     /home/madunlap/.m2/repository/org/glassfish/javax.json/1.0.4/javax.json-1.0.4.jar
7f117c02b000-7f117c031000 r--s 00034000 08:01 791227                     /home/madunlap/.m2/repository/junit/junit/4.8.1/junit-4.8.1.jar
7f117c031000-7f117c071000 r--s 00285000 08:01 925253                     /home/madunlap/.m2/repository/org/bouncycastle/bcprov-jdk15on/1.52/bcprov-jdk15on-1.52.jar
7f117c071000-7f117c075000 r--s 00021000 08:01 925254                     /home/madunlap/.m2/repository/org/cryptacular/cryptacular/1.1.0/cryptacular-1.1.0.jar
7f117c075000-7f117c078000 r--s 00011000 08:01 925252                     /home/madunlap/.m2/repository/org/passay/passay/1.1.0/passay-1.1.0.jar
7f117c078000-7f117c2b5000 rw-p 00000000 00:00 0 
7f117c2b5000-7f117c2b6000 ---p 00000000 00:00 0 
7f117c2b6000-7f117c3b6000 rw-p 00000000 00:00 0 
7f117c3b6000-7f117c3b7000 ---p 00000000 00:00 0 
7f117c3b7000-7f117c4cc000 rw-p 00000000 00:00 0 
7f117c4cc000-7f117c601000 ---p 00000000 00:00 0 
7f117c601000-7f117c616000 rw-p 00000000 00:00 0 
7f117c616000-7f117c74a000 ---p 00000000 00:00 0 
7f117c74a000-7f117c76e000 rw-p 00000000 00:00 0 
7f117c76e000-7f117c7ef000 ---p 00000000 00:00 0 
7f117c7ef000-7f117c807000 rw-p 00000000 00:00 0 
7f117c807000-7f117cbb0000 ---p 00000000 00:00 0 
7f117cbb0000-7f117cbcb000 r-xp 00000000 08:01 2233347                    /usr/lib/jvm/java-8-oracle/jre/lib/amd64/libzip.so
7f117cbcb000-7f117cdcb000 ---p 0001b000 08:01 2233347                    /usr/lib/jvm/java-8-oracle/jre/lib/amd64/libzip.so
7f117cdcb000-7f117cdcc000 rw-p 0001b000 08:01 2233347                    /usr/lib/jvm/java-8-oracle/jre/lib/amd64/libzip.so
7f117cdcc000-7f117cdd7000 r-xp 00000000 08:01 663303                     /lib/x86_64-linux-gnu/libnss_files-2.24.so
7f117cdd7000-7f117cfd6000 ---p 0000b000 08:01 663303                     /lib/x86_64-linux-gnu/libnss_files-2.24.so
7f117cfd6000-7f117cfd7000 r--p 0000a000 08:01 663303                     /lib/x86_64-linux-gnu/libnss_files-2.24.so
7f117cfd7000-7f117cfd8000 rw-p 0000b000 08:01 663303                     /lib/x86_64-linux-gnu/libnss_files-2.24.so
7f117cfd8000-7f117cfde000 rw-p 00000000 00:00 0 
7f117cfde000-7f117cfe9000 r-xp 00000000 08:01 663305                     /lib/x86_64-linux-gnu/libnss_nis-2.24.so
7f117cfe9000-7f117d1e8000 ---p 0000b000 08:01 663305                     /lib/x86_64-linux-gnu/libnss_nis-2.24.so
7f117d1e8000-7f117d1e9000 r--p 0000a000 08:01 663305                     /lib/x86_64-linux-gnu/libnss_nis-2.24.so
7f117d1e9000-7f117d1ea000 rw-p 0000b000 08:01 663305                     /lib/x86_64-linux-gnu/libnss_nis-2.24.so
7f117d1ea000-7f117d200000 r-xp 00000000 08:01 663300                     /lib/x86_64-linux-gnu/libnsl-2.24.so
7f117d200000-7f117d3ff000 ---p 00016000 08:01 663300                     /lib/x86_64-linux-gnu/libnsl-2.24.so
7f117d3ff000-7f117d400000 r--p 00015000 08:01 663300                     /lib/x86_64-linux-gnu/libnsl-2.24.so
7f117d400000-7f117d401000 rw-p 00016000 08:01 663300                     /lib/x86_64-linux-gnu/libnsl-2.24.so
7f117d401000-7f117d403000 rw-p 00000000 00:00 0 
7f117d403000-7f117d40b000 r-xp 00000000 08:01 663301                     /lib/x86_64-linux-gnu/libnss_compat-2.24.so
7f117d40b000-7f117d60a000 ---p 00008000 08:01 663301                     /lib/x86_64-linux-gnu/libnss_compat-2.24.so
7f117d60a000-7f117d60b000 r--p 00007000 08:01 663301                     /lib/x86_64-linux-gnu/libnss_compat-2.24.so
7f117d60b000-7f117d60c000 rw-p 00008000 08:01 663301                     /lib/x86_64-linux-gnu/libnss_compat-2.24.so
7f117d60c000-7f117d616000 r-xp 00000000 08:01 2233356                    /usr/lib/jvm/java-8-oracle/jre/lib/amd64/libinstrument.so
7f117d616000-7f117d815000 ---p 0000a000 08:01 2233356                    /usr/lib/jvm/java-8-oracle/jre/lib/amd64/libinstrument.so
7f117d815000-7f117d816000 rw-p 00009000 08:01 2233356                    /usr/lib/jvm/java-8-oracle/jre/lib/amd64/libinstrument.so
7f117d816000-7f117d841000 r-xp 00000000 08:01 2233341                    /usr/lib/jvm/java-8-oracle/jre/lib/amd64/libjava.so
7f117d841000-7f117da40000 ---p 0002b000 08:01 2233341                    /usr/lib/jvm/java-8-oracle/jre/lib/amd64/libjava.so
7f117da40000-7f117da42000 rw-p 0002a000 08:01 2233341                    /usr/lib/jvm/java-8-oracle/jre/lib/amd64/libjava.so
7f117da42000-7f117da4f000 r-xp 00000000 08:01 2233346                    /usr/lib/jvm/java-8-oracle/jre/lib/amd64/libverify.so
7f117da4f000-7f117dc4f000 ---p 0000d000 08:01 2233346                    /usr/lib/jvm/java-8-oracle/jre/lib/amd64/libverify.so
7f117dc4f000-7f117dc51000 rw-p 0000d000 08:01 2233346                    /usr/lib/jvm/java-8-oracle/jre/lib/amd64/libverify.so
7f117dc51000-7f117dc58000 r-xp 00000000 08:01 663310                     /lib/x86_64-linux-gnu/librt-2.24.so
7f117dc58000-7f117de57000 ---p 00007000 08:01 663310                     /lib/x86_64-linux-gnu/librt-2.24.so
7f117de57000-7f117de58000 r--p 00006000 08:01 663310                     /lib/x86_64-linux-gnu/librt-2.24.so
7f117de58000-7f117de59000 rw-p 00007000 08:01 663310                     /lib/x86_64-linux-gnu/librt-2.24.so
7f117de59000-7f117df61000 r-xp 00000000 08:01 663297                     /lib/x86_64-linux-gnu/libm-2.24.so
7f117df61000-7f117e160000 ---p 00108000 08:01 663297                     /lib/x86_64-linux-gnu/libm-2.24.so
7f117e160000-7f117e161000 r--p 00107000 08:01 663297                     /lib/x86_64-linux-gnu/libm-2.24.so
7f117e161000-7f117e162000 rw-p 00108000 08:01 663297                     /lib/x86_64-linux-gnu/libm-2.24.so
7f117e162000-7f117ee35000 r-xp 00000000 08:01 2233324                    /usr/lib/jvm/java-8-oracle/jre/lib/amd64/server/libjvm.so
7f117ee35000-7f117f034000 ---p 00cd3000 08:01 2233324                    /usr/lib/jvm/java-8-oracle/jre/lib/amd64/server/libjvm.so
7f117f034000-7f117f10e000 rw-p 00cd2000 08:01 2233324                    /usr/lib/jvm/java-8-oracle/jre/lib/amd64/server/libjvm.so
7f117f10e000-7f117f159000 rw-p 00000000 00:00 0 
7f117f159000-7f117f317000 r-xp 00000000 08:01 663293                     /lib/x86_64-linux-gnu/libc-2.24.so
7f117f317000-7f117f516000 ---p 001be000 08:01 663293                     /lib/x86_64-linux-gnu/libc-2.24.so
7f117f516000-7f117f51a000 r--p 001bd000 08:01 663293                     /lib/x86_64-linux-gnu/libc-2.24.so
7f117f51a000-7f117f51c000 rw-p 001c1000 08:01 663293                     /lib/x86_64-linux-gnu/libc-2.24.so
7f117f51c000-7f117f520000 rw-p 00000000 00:00 0 
7f117f520000-7f117f523000 r-xp 00000000 08:01 663296                     /lib/x86_64-linux-gnu/libdl-2.24.so
7f117f523000-7f117f722000 ---p 00003000 08:01 663296                     /lib/x86_64-linux-gnu/libdl-2.24.so
7f117f722000-7f117f723000 r--p 00002000 08:01 663296                     /lib/x86_64-linux-gnu/libdl-2.24.so
7f117f723000-7f117f724000 rw-p 00003000 08:01 663296                     /lib/x86_64-linux-gnu/libdl-2.24.so
7f117f724000-7f117f73a000 r-xp 00000000 08:01 2233319                    /usr/lib/jvm/java-8-oracle/jre/lib/amd64/jli/libjli.so
7f117f73a000-7f117f939000 ---p 00016000 08:01 2233319                    /usr/lib/jvm/java-8-oracle/jre/lib/amd64/jli/libjli.so
7f117f939000-7f117f93a000 rw-p 00015000 08:01 2233319                    /usr/lib/jvm/java-8-oracle/jre/lib/amd64/jli/libjli.so
7f117f93a000-7f117f952000 r-xp 00000000 08:01 663308                     /lib/x86_64-linux-gnu/libpthread-2.24.so
7f117f952000-7f117fb52000 ---p 00018000 08:01 663308                     /lib/x86_64-linux-gnu/libpthread-2.24.so
7f117fb52000-7f117fb53000 r--p 00018000 08:01 663308                     /lib/x86_64-linux-gnu/libpthread-2.24.so
7f117fb53000-7f117fb54000 rw-p 00019000 08:01 663308                     /lib/x86_64-linux-gnu/libpthread-2.24.so
7f117fb54000-7f117fb58000 rw-p 00000000 00:00 0 
7f117fb58000-7f117fb7e000 r-xp 00000000 08:01 663288                     /lib/x86_64-linux-gnu/ld-2.24.so
7f117fb7e000-7f117fb7f000 r--s 00005000 08:01 791308                     /home/madunlap/.m2/repository/org/noggit/noggit/0.5/noggit-0.5.jar
7f117fb7f000-7f117fc50000 rw-p 00000000 00:00 0 
7f117fc50000-7f117fc53000 ---p 00000000 00:00 0 
7f117fc53000-7f117fd53000 rw-p 00000000 00:00 0 
7f117fd53000-7f117fd54000 r--s 00004000 08:01 791275                     /home/madunlap/.m2/repository/org/mindrot/jbcrypt/0.3m/jbcrypt-0.3m.jar
7f117fd54000-7f117fd59000 r--s 00023000 08:01 791711                     /home/madunlap/.m2/repository/org/apache/maven/surefire/surefire-api/2.10/surefire-api-2.10.jar
7f117fd59000-7f117fd5b000 r--s 00007000 08:01 791708                     /home/madunlap/.m2/repository/org/apache/maven/surefire/surefire-booter/2.10/surefire-booter-2.10.jar
7f117fd5b000-7f117fd5c000 r--s 00005000 08:01 1053090                    /home/madunlap/Documents/github/dataverse/target/surefire/surefirebooter5959864199549415181.jar
7f117fd5c000-7f117fd70000 rw-p 00000000 00:00 0 
7f117fd70000-7f117fd78000 rw-s 00000000 08:01 1972827                    /tmp/hsperfdata_madunlap/16955
7f117fd78000-7f117fd79000 rw-p 00000000 00:00 0 
7f117fd79000-7f117fd7a000 ---p 00000000 00:00 0 
7f117fd7a000-7f117fd7d000 rw-p 00000000 00:00 0 
7f117fd7d000-7f117fd7e000 r--p 00025000 08:01 663288                     /lib/x86_64-linux-gnu/ld-2.24.so
7f117fd7e000-7f117fd7f000 rw-p 00026000 08:01 663288                     /lib/x86_64-linux-gnu/ld-2.24.so
7f117fd7f000-7f117fd80000 rw-p 00000000 00:00 0 
7ffce92f0000-7ffce9311000 rw-p 00000000 00:00 0                          [stack]
7ffce9364000-7ffce9366000 r--p 00000000 00:00 0                          [vvar]
7ffce9366000-7ffce9368000 r-xp 00000000 00:00 0                          [vdso]
ffffffffff600000-ffffffffff601000 r-xp 00000000 00:00 0                  [vsyscall]

VM Arguments:
jvm_args: -javaagent:/home/madunlap/.m2/repository/org/jacoco/org.jacoco.agent/0.7.5.201505241946/org.jacoco.agent-0.7.5.201505241946-runtime.jar=destfile=/home/madunlap/Documents/github/dataverse/target/jacoco.exec 
java_command: /home/madunlap/Documents/github/dataverse/target/surefire/surefirebooter5959864199549415181.jar /home/madunlap/Documents/github/dataverse/target/surefire/surefire1190500529744636103tmp /home/madunlap/Documents/github/dataverse/target/surefire/surefire7852481865223129249tmp
java_class_path (initial): /home/madunlap/Documents/github/dataverse/target/surefire/surefirebooter5959864199549415181.jar:/home/madunlap/.m2/repository/org/jacoco/org.jacoco.agent/0.7.5.201505241946/org.jacoco.agent-0.7.5.201505241946-runtime.jar
Launcher Type: SUN_STANDARD

Environment Variables:
JAVA_HOME=/usr/lib/jvm/java-8-oracle
PATH=/home/madunlap/bin:/usr/local/sbin:/usr/local/bin:/usr/sbin:/usr/bin:/sbin:/bin:/usr/games:/usr/local/games:/snap/bin:/usr/lib/jvm/java-8-oracle/bin:/usr/lib/jvm/java-8-oracle/db/bin:/usr/lib/jvm/java-8-oracle/jre/bin
LD_LIBRARY_PATH=/usr/lib/jvm/java-8-oracle/jre/lib/amd64:/usr/lib/jvm/java-8-oracle/jre/lib/i386:
SHELL=/bin/bash
DISPLAY=:0

Signal Handlers:
SIGSEGV: [libjvm.so+0xacbe10], sa_mask[0]=11111111011111111101111111111110, sa_flags=SA_RESTART|SA_SIGINFO
SIGBUS: [libjvm.so+0xacbe10], sa_mask[0]=11111111011111111101111111111110, sa_flags=SA_RESTART|SA_SIGINFO
SIGFPE: [libjvm.so+0x924f90], sa_mask[0]=11111111011111111101111111111110, sa_flags=SA_RESTART|SA_SIGINFO
SIGPIPE: [libjvm.so+0x924f90], sa_mask[0]=11111111011111111101111111111110, sa_flags=SA_RESTART|SA_SIGINFO
SIGXFSZ: [libjvm.so+0x924f90], sa_mask[0]=11111111011111111101111111111110, sa_flags=SA_RESTART|SA_SIGINFO
SIGILL: [libjvm.so+0x924f90], sa_mask[0]=11111111011111111101111111111110, sa_flags=SA_RESTART|SA_SIGINFO
SIGUSR1: SIG_DFL, sa_mask[0]=00000000000000000000000000000000, sa_flags=none
SIGUSR2: [libjvm.so+0x9267d0], sa_mask[0]=00100000000000000000000000000000, sa_flags=SA_RESTART|SA_SIGINFO
SIGHUP: [libjvm.so+0x927bd0], sa_mask[0]=11111111011111111101111111111110, sa_flags=SA_RESTART|SA_SIGINFO
SIGINT: SIG_IGN, sa_mask[0]=00000000000000000000000000000000, sa_flags=none
SIGTERM: [libjvm.so+0x927bd0], sa_mask[0]=11111111011111111101111111111110, sa_flags=SA_RESTART|SA_SIGINFO
SIGQUIT: [libjvm.so+0x927bd0], sa_mask[0]=11111111011111111101111111111110, sa_flags=SA_RESTART|SA_SIGINFO


---------------  S Y S T E M  ---------------

OS:DISTRIB_ID=Ubuntu
DISTRIB_RELEASE=17.04
DISTRIB_CODENAME=zesty
DISTRIB_DESCRIPTION="Ubuntu 17.04"

uname:Linux 4.10.0-38-generic #42-Ubuntu SMP Tue Oct 10 13:24:27 UTC 2017 x86_64
libc:glibc 2.24 NPTL 2.24 
rlimit: STACK 8192k, CORE 0k, NPROC 15602, NOFILE 1048576, AS infinity
load average:1.18 0.69 0.49

/proc/meminfo:
MemTotal:        4039872 kB
MemFree:          104008 kB
MemAvailable:      10888 kB
Buffers:            1612 kB
Cached:            26656 kB
SwapCached:         5348 kB
Active:          3082496 kB
Inactive:         623492 kB
Active(anon):    3075436 kB
Inactive(anon):   615776 kB
Active(file):       7060 kB
Inactive(file):     7716 kB
Unevictable:          32 kB
Mlocked:              32 kB
SwapTotal:       2097148 kB
SwapFree:            136 kB
Dirty:               132 kB
Writeback:             0 kB
AnonPages:       3673216 kB
Mapped:            23260 kB
Shmem:             13288 kB
Slab:              92364 kB
SReclaimable:      42392 kB
SUnreclaim:        49972 kB
KernelStack:       15904 kB
PageTables:        82308 kB
NFS_Unstable:          0 kB
Bounce:                0 kB
WritebackTmp:          0 kB
CommitLimit:     4117084 kB
Committed_AS:   11049784 kB
VmallocTotal:   34359738367 kB
VmallocUsed:           0 kB
VmallocChunk:          0 kB
HardwareCorrupted:     0 kB
AnonHugePages:   1150976 kB
ShmemHugePages:        0 kB
ShmemPmdMapped:        0 kB
CmaTotal:              0 kB
CmaFree:               0 kB
HugePages_Total:       0
HugePages_Free:        0
HugePages_Rsvd:        0
HugePages_Surp:        0
Hugepagesize:       2048 kB
DirectMap4k:      159664 kB
DirectMap2M:     4034560 kB


CPU:total 2 (initial active 2) (2 cores per cpu, 1 threads per core) family 6 model 70 stepping 1, cmov, cx8, fxsr, mmx, sse, sse2, sse3, ssse3, sse4.1, sse4.2, popcnt, avx, avx2, aes, clmul, erms, lzcnt, tsc, tscinvbit, bmi1, bmi2

/proc/cpuinfo:
processor	: 0
vendor_id	: GenuineIntel
cpu family	: 6
model		: 70
model name	: Intel(R) Core(TM) i7-4870HQ CPU @ 2.50GHz
stepping	: 1
microcode	: 0x13
cpu MHz		: 2494.226
cache size	: 6144 KB
physical id	: 0
siblings	: 2
core id		: 0
cpu cores	: 2
apicid		: 0
initial apicid	: 0
fpu		: yes
fpu_exception	: yes
cpuid level	: 13
wp		: yes
flags		: fpu vme de pse tsc msr pae mce cx8 apic sep mtrr pge mca cmov pat pse36 clflush mmx fxsr sse sse2 ss ht syscall nx rdtscp lm constant_tsc nopl xtopology nonstop_tsc pni pclmulqdq ssse3 fma cx16 pcid sse4_1 sse4_2 x2apic movbe popcnt tsc_deadline_timer aes xsave avx f16c rdrand hypervisor lahf_lm abm fsgsbase tsc_adjust bmi1 avx2 smep bmi2 invpcid xsaveopt dtherm arat pln pts
bugs		:
bogomips	: 4988.45
clflush size	: 64
cache_alignment	: 64
address sizes	: 36 bits physical, 48 bits virtual
power management:

processor	: 1
vendor_id	: GenuineIntel
cpu family	: 6
model		: 70
model name	: Intel(R) Core(TM) i7-4870HQ CPU @ 2.50GHz
stepping	: 1
microcode	: 0x13
cpu MHz		: 2494.226
cache size	: 6144 KB
physical id	: 0
siblings	: 2
core id		: 1
cpu cores	: 2
apicid		: 1
initial apicid	: 1
fpu		: yes
fpu_exception	: yes
cpuid level	: 13
wp		: yes
flags		: fpu vme de pse tsc msr pae mce cx8 apic sep mtrr pge mca cmov pat pse36 clflush mmx fxsr sse sse2 ss ht syscall nx rdtscp lm constant_tsc nopl xtopology nonstop_tsc pni pclmulqdq ssse3 fma cx16 pcid sse4_1 sse4_2 x2apic movbe popcnt tsc_deadline_timer aes xsave avx f16c rdrand hypervisor lahf_lm abm fsgsbase tsc_adjust bmi1 avx2 smep bmi2 invpcid xsaveopt dtherm arat pln pts
bugs		:
bogomips	: 4988.45
clflush size	: 64
cache_alignment	: 64
address sizes	: 36 bits physical, 48 bits virtual
power management:



Memory: 4k page, physical 4039872k(104008k free), swap 2097148k(136k free)

vm_info: Java HotSpot(TM) 64-Bit Server VM (25.151-b12) for linux-amd64 JRE (1.8.0_151-b12), built on Sep  5 2017 19:20:58 by "java_re" with gcc 4.3.0 20080428 (Red Hat 4.3.0-8)

time: Mon Nov  6 13:09:18 2017
elapsed time: 2 seconds (0d 0h 0m 2s)

