#
# There is insufficient memory for the Java Runtime Environment to continue.
# Native memory allocation (mmap) failed to map 44040192 bytes for committing reserved memory.
# Possible reasons:
#   The system is out of physical RAM or swap space
#   In 32 bit mode, the process size limit was hit
# Possible solutions:
#   Reduce memory load on the system
#   Increase physical memory or swap space
#   Check if swap backing store is full
#   Use 64 bit Java on a 64 bit OS
#   Decrease Java heap size (-Xmx/-Xms)
#   Decrease number of Java threads
#   Decrease Java thread stack sizes (-Xss)
#   Set larger code cache with -XX:ReservedCodeCacheSize=
# This output file may be truncated or incomplete.
#
#  Out of Memory Error (os_linux.cpp:2640), pid=27799, tid=0x00007f505a319700
#
# JRE version: Java(TM) SE Runtime Environment (8.0_144-b01) (build 1.8.0_144-b01)
# Java VM: Java HotSpot(TM) 64-Bit Server VM (25.144-b01 mixed mode linux-amd64 compressed oops)
# Failed to write core dump. Core dumps have been disabled. To enable core dumping, try "ulimit -c unlimited" before starting Java again
#

---------------  T H R E A D  ---------------

Current thread (0x00007f506c0fc000):  VMThread [stack: 0x00007f505a219000,0x00007f505a31a000] [id=27803]

Stack: [0x00007f505a219000,0x00007f505a31a000],  sp=0x00007f505a3180a0,  free space=1020k
Native frames: (J=compiled Java code, j=interpreted, Vv=VM code, C=native code)
V  [libjvm.so+0xacb18a]  VMError::report_and_die()+0x2ba
V  [libjvm.so+0x4ff4db]  report_vm_out_of_memory(char const*, int, unsigned long, VMErrorType, char const*)+0x8b
V  [libjvm.so+0x927d23]  os::Linux::commit_memory_impl(char*, unsigned long, bool)+0x103
V  [libjvm.so+0x928279]  os::pd_commit_memory(char*, unsigned long, unsigned long, bool)+0x29
V  [libjvm.so+0x92249a]  os::commit_memory(char*, unsigned long, unsigned long, bool)+0x2a
V  [libjvm.so+0x996ff3]  PSVirtualSpace::expand_by(unsigned long)+0x53
V  [libjvm.so+0x9983f8]  PSYoungGen::resize_generation(unsigned long, unsigned long)+0xf8
V  [libjvm.so+0x997552]  PSYoungGen::resize(unsigned long, unsigned long)+0x22
V  [libjvm.so+0x99482b]  PSScavenge::invoke_no_policy()+0xf3b
V  [libjvm.so+0x994fb1]  PSScavenge::invoke()+0x41
V  [libjvm.so+0x94bce0]  ParallelScavengeHeap::failed_mem_allocate(unsigned long)+0x70
V  [libjvm.so+0xaccba7]  VM_ParallelGCFailedAllocation::doit()+0x97
V  [libjvm.so+0xad4685]  VM_Operation::evaluate()+0x55
V  [libjvm.so+0xad2a5a]  VMThread::evaluate_operation(VM_Operation*)+0xba
V  [libjvm.so+0xad2dde]  VMThread::loop()+0x1ce
V  [libjvm.so+0xad3250]  VMThread::run()+0x70
V  [libjvm.so+0x92a338]  java_start(Thread*)+0x108

VM_Operation (0x00007f50741fdbc0): ParallelGCFailedAllocation, mode: safepoint, requested by thread 0x00007f506c00b000


---------------  P R O C E S S  ---------------

Java Threads: ( => current thread )
  0x00007f506c845800 JavaThread "Service Thread" daemon [_thread_blocked, id=27812, stack(0x00007f5058bf8000,0x00007f5058cf9000)]
  0x00007f506c841000 JavaThread "C1 CompilerThread1" daemon [_thread_blocked, id=27811, stack(0x00007f5058cf9000,0x00007f5058dfa000)]
  0x00007f506c82b000 JavaThread "C2 CompilerThread0" daemon [_thread_blocked, id=27810, stack(0x00007f5058dfa000,0x00007f5058efb000)]
  0x00007f506c13b800 JavaThread "Signal Dispatcher" daemon [_thread_blocked, id=27806, stack(0x00007f5059c3b000,0x00007f5059d3c000)]
  0x00007f506c108000 JavaThread "Finalizer" daemon [_thread_blocked, id=27805, stack(0x00007f505a017000,0x00007f505a118000)]
  0x00007f506c103800 JavaThread "Reference Handler" daemon [_thread_blocked, id=27804, stack(0x00007f505a118000,0x00007f505a219000)]
  0x00007f506c00b000 JavaThread "main" [_thread_blocked, id=27800, stack(0x00007f5074105000,0x00007f5074206000)]

Other Threads:
=>0x00007f506c0fc000 VMThread [stack: 0x00007f505a219000,0x00007f505a31a000] [id=27803]
  0x00007f506c875800 WatcherThread [stack: 0x00007f5058af7000,0x00007f5058bf8000] [id=27813]

VM state:at safepoint (normal execution)

VM Mutex/Monitor currently owned by a thread:  ([mutex/lock_event])
[0x00007f506c0072e0] Threads_lock - owner thread: 0x00007f506c0fc000
[0x00007f506c0077e0] Heap_lock - owner thread: 0x00007f506c00b000

Heap:
 PSYoungGen      total 146432K, used 3573K [0x00000000eb700000, 0x00000000f4980000, 0x0000000100000000)
  eden space 142848K, 0% used [0x00000000eb700000,0x00000000eb700000,0x00000000f4280000)
  from space 3584K, 99% used [0x00000000f4280000,0x00000000f45fd7c0,0x00000000f4600000)
  to   space 3584K, 0% used [0x00000000f4600000,0x00000000f4600000,0x00000000f4980000)
 ParOldGen       total 29184K, used 9920K [0x00000000c2400000, 0x00000000c4080000, 0x00000000eb700000)
  object space 29184K, 33% used [0x00000000c2400000,0x00000000c2db00d0,0x00000000c4080000)
 Metaspace       used 27841K, capacity 28246K, committed 28544K, reserved 1075200K
  class space    used 2995K, capacity 3129K, committed 3200K, reserved 1048576K

Card table byte_map: [0x00007f5070ab7000,0x00007f5070ca6000] byte_map_base: 0x00007f50704a5000

Marking Bits: (ParMarkBitMap*) 0x00007f50735e0dc0
 Begin Bits: [0x00007f505b120000, 0x00007f505c090000)
 End Bits:   [0x00007f505c090000, 0x00007f505d000000)

Polling page: 0x00007f507422e000

CodeCache: size=245760Kb used=10753Kb max_used=10797Kb free=235006Kb
 bounds [0x00007f505d000000, 0x00007f505daa0000, 0x00007f506c000000]
 total_blobs=3922 nmethods=3487 adapters=348
 compilation: enabled

Compilation events (10 events):
Event: 38.988 Thread 0x00007f506c82b000 nmethod 3973 0x00007f505d2689d0 code [0x00007f505d268d40, 0x00007f505d26a7c0]
Event: 38.998 Thread 0x00007f506c82b000 3970       4       org.jacoco.agent.rt.internal_b0d6a23.core.internal.instr.ClassInstrumenter::visitField (20 bytes)
Event: 39.222 Thread 0x00007f506c82b000 nmethod 3970 0x00007f505d275290 code [0x00007f505d2753e0, 0x00007f505d2756d8]
Event: 39.718 Thread 0x00007f506c82b000 3975       4       org.jacoco.agent.rt.internal_b0d6a23.core.internal.instr.ProbeInserter::visitMaxs (23 bytes)
Event: 40.045 Thread 0x00007f506c82b000 nmethod 3975 0x00007f505d281490 code [0x00007f505d2815e0, 0x00007f505d2816b8]
Event: 40.053 Thread 0x00007f506c82b000 3974       4       org.jacoco.agent.rt.internal_b0d6a23.core.internal.instr.ProbeInserter::visitCode (29 bytes)
Event: 40.240 Thread 0x00007f506c841000 3977       3       org.jacoco.agent.rt.internal_b0d6a23.asm.tree.TableSwitchInsnNode::accept (72 bytes)
Event: 40.371 Thread 0x00007f506c82b000 nmethod 3974 0x00007f505d272090 code [0x00007f505d272260, 0x00007f505d272a68]
Event: 40.375 Thread 0x00007f506c82b000 3978       4       org.jacoco.agent.rt.internal_b0d6a23.core.internal.flow.LabelInfo::isMultiTarget (18 bytes)
Event: 40.574 Thread 0x00007f506c841000 nmethod 3977 0x00007f505d273f90 code [0x00007f505d2741a0, 0x00007f505d274d78]

GC Heap History (10 events):
Event: 3.903 GC heap after
Heap after GC invocations=15 (full 0):
 PSYoungGen      total 67072K, used 137K [0x00000000eb700000, 0x00000000f2180000, 0x0000000100000000)
  eden space 63488K, 0% used [0x00000000eb700000,0x00000000eb700000,0x00000000ef500000)
  from space 3584K, 3% used [0x00000000ef500000,0x00000000ef522510,0x00000000ef880000)
  to   space 3584K, 0% used [0x00000000f1e00000,0x00000000f1e00000,0x00000000f2180000)
 ParOldGen       total 42496K, used 5074K [0x00000000c2400000, 0x00000000c4d80000, 0x00000000eb700000)
  object space 42496K, 11% used [0x00000000c2400000,0x00000000c28f4828,0x00000000c4d80000)
 Metaspace       used 15774K, capacity 16052K, committed 16384K, reserved 1064960K
  class space    used 1618K, capacity 1712K, committed 1792K, reserved 1048576K
}
Event: 3.915 GC heap before
{Heap before GC invocations=16 (full 0):
 PSYoungGen      total 67072K, used 63587K [0x00000000eb700000, 0x00000000f2180000, 0x0000000100000000)
  eden space 63488K, 99% used [0x00000000eb700000,0x00000000ef4f6878,0x00000000ef500000)
  from space 3584K, 3% used [0x00000000ef500000,0x00000000ef522510,0x00000000ef880000)
  to   space 3584K, 0% used [0x00000000f1e00000,0x00000000f1e00000,0x00000000f2180000)
 ParOldGen       total 42496K, used 5074K [0x00000000c2400000, 0x00000000c4d80000, 0x00000000eb700000)
  object space 42496K, 11% used [0x00000000c2400000,0x00000000c28f4828,0x00000000c4d80000)
 Metaspace       used 15774K, capacity 16052K, committed 16384K, reserved 1064960K
  class space    used 1618K, capacity 1712K, committed 1792K, reserved 1048576K
Event: 3.916 GC heap after
Heap after GC invocations=16 (full 0):
 PSYoungGen      total 105472K, used 166K [0x00000000eb700000, 0x00000000f2180000, 0x0000000100000000)
  eden space 101888K, 0% used [0x00000000eb700000,0x00000000eb700000,0x00000000f1a80000)
  from space 3584K, 4% used [0x00000000f1e00000,0x00000000f1e29a58,0x00000000f2180000)
  to   space 3584K, 0% used [0x00000000f1a80000,0x00000000f1a80000,0x00000000f1e00000)
 ParOldGen       total 42496K, used 5074K [0x00000000c2400000, 0x00000000c4d80000, 0x00000000eb700000)
  object space 42496K, 11% used [0x00000000c2400000,0x00000000c28f4828,0x00000000c4d80000)
 Metaspace       used 15774K, capacity 16052K, committed 16384K, reserved 1064960K
  class space    used 1618K, capacity 1712K, committed 1792K, reserved 1048576K
}
Event: 7.846 GC heap before
{Heap before GC invocations=17 (full 0):
 PSYoungGen      total 105472K, used 102054K [0x00000000eb700000, 0x00000000f2180000, 0x0000000100000000)
  eden space 101888K, 100% used [0x00000000eb700000,0x00000000f1a80000,0x00000000f1a80000)
  from space 3584K, 4% used [0x00000000f1e00000,0x00000000f1e29a58,0x00000000f2180000)
  to   space 3584K, 0% used [0x00000000f1a80000,0x00000000f1a80000,0x00000000f1e00000)
 ParOldGen       total 42496K, used 5074K [0x00000000c2400000, 0x00000000c4d80000, 0x00000000eb700000)
  object space 42496K, 11% used [0x00000000c2400000,0x00000000c28f4828,0x00000000c4d80000)
 Metaspace       used 17735K, capacity 18032K, committed 18432K, reserved 1064960K
  class space    used 1856K, capacity 1946K, committed 2048K, reserved 1048576K
Event: 7.854 GC heap after
Heap after GC invocations=17 (full 0):
 PSYoungGen      total 105472K, used 1888K [0x00000000eb700000, 0x00000000f4980000, 0x0000000100000000)
  eden space 101888K, 0% used [0x00000000eb700000,0x00000000eb700000,0x00000000f1a80000)
  from space 3584K, 52% used [0x00000000f1a80000,0x00000000f1c583a8,0x00000000f1e00000)
  to   space 3584K, 0% used [0x00000000f4600000,0x00000000f4600000,0x00000000f4980000)
 ParOldGen       total 42496K, used 5082K [0x00000000c2400000, 0x00000000c4d80000, 0x00000000eb700000)
  object space 42496K, 11% used [0x00000000c2400000,0x00000000c28f6828,0x00000000c4d80000)
 Metaspace       used 17735K, capacity 18032K, committed 18432K, reserved 1064960K
  class space    used 1856K, capacity 1946K, committed 2048K, reserved 1048576K
}
Event: 8.617 GC heap before
{Heap before GC invocations=18 (full 0):
 PSYoungGen      total 105472K, used 40515K [0x00000000eb700000, 0x00000000f4980000, 0x0000000100000000)
  eden space 101888K, 37% used [0x00000000eb700000,0x00000000edcb8a40,0x00000000f1a80000)
  from space 3584K, 52% used [0x00000000f1a80000,0x00000000f1c583a8,0x00000000f1e00000)
  to   space 3584K, 0% used [0x00000000f4600000,0x00000000f4600000,0x00000000f4980000)
 ParOldGen       total 42496K, used 5082K [0x00000000c2400000, 0x00000000c4d80000, 0x00000000eb700000)
  object space 42496K, 11% used [0x00000000c2400000,0x00000000c28f6828,0x00000000c4d80000)
 Metaspace       used 20850K, capacity 21072K, committed 21248K, reserved 1069056K
  class space    used 2210K, capacity 2298K, committed 2304K, reserved 1048576K
Event: 8.633 GC heap after
Heap after GC invocations=18 (full 0):
 PSYoungGen      total 146432K, used 1836K [0x00000000eb700000, 0x00000000f4980000, 0x0000000100000000)
  eden space 142848K, 0% used [0x00000000eb700000,0x00000000eb700000,0x00000000f4280000)
  from space 3584K, 51% used [0x00000000f4600000,0x00000000f47cb2b8,0x00000000f4980000)
  to   space 3584K, 0% used [0x00000000f4280000,0x00000000f4280000,0x00000000f4600000)
 ParOldGen       total 42496K, used 6077K [0x00000000c2400000, 0x00000000c4d80000, 0x00000000eb700000)
  object space 42496K, 14% used [0x00000000c2400000,0x00000000c29ef460,0x00000000c4d80000)
 Metaspace       used 20850K, capacity 21072K, committed 21248K, reserved 1069056K
  class space    used 2210K, capacity 2298K, committed 2304K, reserved 1048576K
}
Event: 8.633 GC heap before
{Heap before GC invocations=19 (full 1):
 PSYoungGen      total 146432K, used 1836K [0x00000000eb700000, 0x00000000f4980000, 0x0000000100000000)
  eden space 142848K, 0% used [0x00000000eb700000,0x00000000eb700000,0x00000000f4280000)
  from space 3584K, 51% used [0x00000000f4600000,0x00000000f47cb2b8,0x00000000f4980000)
  to   space 3584K, 0% used [0x00000000f4280000,0x00000000f4280000,0x00000000f4600000)
 ParOldGen       total 42496K, used 6077K [0x00000000c2400000, 0x00000000c4d80000, 0x00000000eb700000)
  object space 42496K, 14% used [0x00000000c2400000,0x00000000c29ef460,0x00000000c4d80000)
 Metaspace       used 20850K, capacity 21072K, committed 21248K, reserved 1069056K
  class space    used 2210K, capacity 2298K, committed 2304K, reserved 1048576K
Event: 8.701 GC heap after
Heap after GC invocations=19 (full 1):
 PSYoungGen      total 146432K, used 0K [0x00000000eb700000, 0x00000000f4980000, 0x0000000100000000)
  eden space 142848K, 0% used [0x00000000eb700000,0x00000000eb700000,0x00000000f4280000)
  from space 3584K, 0% used [0x00000000f4600000,0x00000000f4600000,0x00000000f4980000)
  to   space 3584K, 0% used [0x00000000f4280000,0x00000000f4280000,0x00000000f4600000)
 ParOldGen       total 29184K, used 7342K [0x00000000c2400000, 0x00000000c4080000, 0x00000000eb700000)
  object space 29184K, 25% used [0x00000000c2400000,0x00000000c2b2b950,0x00000000c4080000)
 Metaspace       used 20850K, capacity 21072K, committed 21248K, reserved 1069056K
  class space    used 2210K, capacity 2298K, committed 2304K, reserved 1048576K
}
Event: 40.645 GC heap before
{Heap before GC invocations=20 (full 1):
 PSYoungGen      total 146432K, used 142848K [0x00000000eb700000, 0x00000000f4980000, 0x0000000100000000)
  eden space 142848K, 100% used [0x00000000eb700000,0x00000000f4280000,0x00000000f4280000)
  from space 3584K, 0% used [0x00000000f4600000,0x00000000f4600000,0x00000000f4980000)
  to   space 3584K, 0% used [0x00000000f4280000,0x00000000f4280000,0x00000000f4600000)
 ParOldGen       total 29184K, used 7342K [0x00000000c2400000, 0x00000000c4080000, 0x00000000eb700000)
  object space 29184K, 25% used [0x00000000c2400000,0x00000000c2b2b950,0x00000000c4080000)
 Metaspace       used 27841K, capacity 28246K, committed 28544K, reserved 1075200K
  class space    used 2995K, capacity 3129K, committed 3200K, reserved 1048576K

Deoptimization events (10 events):
Event: 14.273 Thread 0x00007f506c00b000 Uncommon trap: reason=unstable_if action=reinterpret pc=0x00007f505d90998c method=java.lang.ThreadLocal$ThreadLocalMap.getEntry(Ljava/lang/ThreadLocal;)Ljava/lang/ThreadLocal$ThreadLocalMap$Entry; @ 29
Event: 14.321 Thread 0x00007f506c00b000 Uncommon trap: reason=unstable_if action=reinterpret pc=0x00007f505d81d6a0 method=sun.nio.cs.UTF_8$Decoder.decode([BII[C)I @ 30
Event: 14.342 Thread 0x00007f506c00b000 Uncommon trap: reason=unstable_if action=reinterpret pc=0x00007f505d8ee838 method=sun.misc.URLClassPath$JarLoader.findResource(Ljava/lang/String;Z)Ljava/net/URL; @ 8
Event: 15.847 Thread 0x00007f506c00b000 Uncommon trap: reason=unstable_if action=reinterpret pc=0x00007f505d81479c method=java.util.regex.Pattern$BitClass.isSatisfiedBy(I)Z @ 4
Event: 15.849 Thread 0x00007f506c00b000 Uncommon trap: reason=unstable_if action=reinterpret pc=0x00007f505d6a0b04 method=java.lang.Character.isHighSurrogate(C)Z @ 3
Event: 15.850 Thread 0x00007f506c00b000 Uncommon trap: reason=unstable_if action=reinterpret pc=0x00007f505d9f7498 method=java.util.regex.Pattern$Curly.match0(Ljava/util/regex/Matcher;IILjava/lang/CharSequence;)Z @ 66
Event: 16.441 Thread 0x00007f506c00b000 Uncommon trap: reason=unstable_if action=reinterpret pc=0x00007f505d7967dc method=java.util.regex.Pattern$Curly.match0(Ljava/util/regex/Matcher;IILjava/lang/CharSequence;)Z @ 5
Event: 16.643 Thread 0x00007f506c00b000 Uncommon trap: reason=unstable_if action=reinterpret pc=0x00007f505d1d7ea4 method=sun.nio.cs.UTF_8$Encoder.encode([CII[B)I @ 33
Event: 18.863 Thread 0x00007f506c00b000 Uncommon trap: reason=unstable_if action=reinterpret pc=0x00007f505da80e40 method=sun.nio.cs.UTF_8$Encoder.encode([CII[B)I @ 73
Event: 26.993 Thread 0x00007f506c00b000 Uncommon trap: reason=unstable_if action=reinterpret pc=0x00007f505d93f750 method=java.io.ByteArrayInputStream.read()I @ 8

Internal exceptions (10 events):
Event: 16.211 Thread 0x00007f506c00b000 Implicit null exception at 0x00007f505d43d3f0 to 0x00007f505d43d51d
Event: 16.211 Thread 0x00007f506c00b000 Exception <a 'java/lang/NullPointerException'> (0x00000000f13688b8) thrown at [/HUDSON3/workspace/8-2-build-linux-amd64/jdk8u144/9417/hotspot/src/share/vm/runtime/sharedRuntime.cpp, line 605]
Event: 22.422 Thread 0x00007f506c00b000 Exception <a 'java/security/PrivilegedActionException'> (0x00000000f25793e8) thrown at [/HUDSON3/workspace/8-2-build-linux-amd64/jdk8u144/9417/hotspot/src/share/vm/prims/jvm.cpp, line 1390]
Event: 22.452 Thread 0x00007f506c00b000 Exception <a 'java/security/PrivilegedActionException'> (0x00000000f25797e0) thrown at [/HUDSON3/workspace/8-2-build-linux-amd64/jdk8u144/9417/hotspot/src/share/vm/prims/jvm.cpp, line 1390]
Event: 26.920 Thread 0x00007f506c00b000 Exception <a 'java/security/PrivilegedActionException'> (0x00000000f27784b8) thrown at [/HUDSON3/workspace/8-2-build-linux-amd64/jdk8u144/9417/hotspot/src/share/vm/prims/jvm.cpp, line 1390]
Event: 26.921 Thread 0x00007f506c00b000 Exception <a 'java/security/PrivilegedActionException'> (0x00000000f27788b0) thrown at [/HUDSON3/workspace/8-2-build-linux-amd64/jdk8u144/9417/hotspot/src/share/vm/prims/jvm.cpp, line 1390]
Event: 27.018 Thread 0x00007f506c00b000 Exception <a 'java/security/PrivilegedActionException'> (0x00000000f280fe10) thrown at [/HUDSON3/workspace/8-2-build-linux-amd64/jdk8u144/9417/hotspot/src/share/vm/prims/jvm.cpp, line 1390]
Event: 27.020 Thread 0x00007f506c00b000 Exception <a 'java/security/PrivilegedActionException'> (0x00000000f2810208) thrown at [/HUDSON3/workspace/8-2-build-linux-amd64/jdk8u144/9417/hotspot/src/share/vm/prims/jvm.cpp, line 1390]
Event: 27.158 Thread 0x00007f506c00b000 Exception <a 'java/security/PrivilegedActionException'> (0x00000000f28b4430) thrown at [/HUDSON3/workspace/8-2-build-linux-amd64/jdk8u144/9417/hotspot/src/share/vm/prims/jvm.cpp, line 1390]
Event: 27.161 Thread 0x00007f506c00b000 Exception <a 'java/security/PrivilegedActionException'> (0x00000000f28b4828) thrown at [/HUDSON3/workspace/8-2-build-linux-amd64/jdk8u144/9417/hotspot/src/share/vm/prims/jvm.cpp, line 1390]

Events (10 events):
Event: 39.976 loading class org/mockito/cglib/core/EmitUtils$ParameterTyper done
Event: 40.072 loading class org/mockito/cglib/core/EmitUtils$ArrayDelimiters
Event: 40.073 loading class org/mockito/cglib/core/EmitUtils$ArrayDelimiters done
Event: 40.167 loading class org/mockito/asm/MethodWriter
Event: 40.169 loading class org/mockito/asm/MethodWriter done
Event: 40.367 loading class org/mockito/asm/Label
Event: 40.371 loading class org/mockito/asm/Label done
Event: 40.529 loading class org/mockito/cglib/core/Constants
Event: 40.542 loading class org/mockito/cglib/core/Constants done
Event: 40.634 Executing VM operation: ParallelGCFailedAllocation


Dynamic libraries:
00400000-00401000 r-xp 00000000 08:01 2106691                            /usr/lib/jvm/java-8-oracle/jre/bin/java
00600000-00601000 rw-p 00000000 08:01 2106691                            /usr/lib/jvm/java-8-oracle/jre/bin/java
01958000-01979000 rw-p 00000000 00:00 0                                  [heap]
c2400000-c4080000 rw-p 00000000 00:00 0 
c4080000-eb700000 ---p 00000000 00:00 0 
eb700000-f4980000 rw-p 00000000 00:00 0 
f7380000-100000000 ---p 00000000 00:00 0 
100000000-100320000 rw-p 00000000 00:00 0 
100320000-140000000 ---p 00000000 00:00 0 
7f50277a2000-7f5027862000 rw-p 00000000 00:00 0 
7f5027862000-7f50279a2000 ---p 00000000 00:00 0 
7f50279a2000-7f5027ba2000 rw-p 00000000 00:00 0 
7f5027ba2000-7f5027bb8000 r-xp 00000000 08:01 660263                     /lib/x86_64-linux-gnu/libgcc_s.so.1
7f5027bb8000-7f5027db7000 ---p 00016000 08:01 660263                     /lib/x86_64-linux-gnu/libgcc_s.so.1
7f5027db7000-7f5027db8000 r--p 00015000 08:01 660263                     /lib/x86_64-linux-gnu/libgcc_s.so.1
7f5027db8000-7f5027db9000 rw-p 00016000 08:01 660263                     /lib/x86_64-linux-gnu/libgcc_s.so.1
7f5027db9000-7f5027deb000 r-xp 00000000 08:01 2106466                    /usr/lib/jvm/java-8-oracle/jre/lib/amd64/libsunec.so
7f5027deb000-7f5027fea000 ---p 00032000 08:01 2106466                    /usr/lib/jvm/java-8-oracle/jre/lib/amd64/libsunec.so
7f5027fea000-7f5027ff0000 rw-p 00031000 08:01 2106466                    /usr/lib/jvm/java-8-oracle/jre/lib/amd64/libsunec.so
7f5027ff0000-7f5028000000 rw-p 00000000 00:00 0 
7f5028000000-7f5028021000 rw-p 00000000 00:00 0 
7f5028021000-7f502c000000 ---p 00000000 00:00 0 
7f502c000000-7f502c021000 rw-p 00000000 00:00 0 
7f502c021000-7f5030000000 ---p 00000000 00:00 0 
7f5030000000-7f5030d50000 rw-p 00000000 00:00 0 
7f5030d50000-7f5034000000 ---p 00000000 00:00 0 
7f5034000000-7f5034021000 rw-p 00000000 00:00 0 
7f5034021000-7f5038000000 ---p 00000000 00:00 0 
7f5038000000-7f5039a31000 rw-p 00000000 00:00 0 
7f5039a31000-7f503c000000 ---p 00000000 00:00 0 
7f503c000000-7f503c021000 rw-p 00000000 00:00 0 
7f503c021000-7f5040000000 ---p 00000000 00:00 0 
7f5040161000-7f5040361000 rw-p 00000000 00:00 0 
7f5040361000-7f50403d3000 r-xp 00000000 08:01 660351                     /lib/x86_64-linux-gnu/libpcre.so.3.13.3
7f50403d3000-7f50405d2000 ---p 00072000 08:01 660351                     /lib/x86_64-linux-gnu/libpcre.so.3.13.3
7f50405d2000-7f50405d3000 r--p 00071000 08:01 660351                     /lib/x86_64-linux-gnu/libpcre.so.3.13.3
7f50405d3000-7f50405d4000 rw-p 00072000 08:01 660351                     /lib/x86_64-linux-gnu/libpcre.so.3.13.3
7f50405d4000-7f50405f9000 r-xp 00000000 08:01 660378                     /lib/x86_64-linux-gnu/libselinux.so.1
7f50405f9000-7f50407f8000 ---p 00025000 08:01 660378                     /lib/x86_64-linux-gnu/libselinux.so.1
7f50407f8000-7f50407f9000 r--p 00024000 08:01 660378                     /lib/x86_64-linux-gnu/libselinux.so.1
7f50407f9000-7f50407fa000 rw-p 00025000 08:01 660378                     /lib/x86_64-linux-gnu/libselinux.so.1
7f50407fa000-7f50407fc000 rw-p 00000000 00:00 0 
7f50407fc000-7f50407fe000 r-xp 00000000 08:01 660326                     /lib/x86_64-linux-gnu/libnss_mdns4_minimal.so.2
7f50407fe000-7f50409fd000 ---p 00002000 08:01 660326                     /lib/x86_64-linux-gnu/libnss_mdns4_minimal.so.2
7f50409fd000-7f50409fe000 r--p 00001000 08:01 660326                     /lib/x86_64-linux-gnu/libnss_mdns4_minimal.so.2
7f50409fe000-7f50409ff000 rw-p 00002000 08:01 660326                     /lib/x86_64-linux-gnu/libnss_mdns4_minimal.so.2
7f50409ff000-7f5040bff000 rw-p 00000000 00:00 0 
7f5040bff000-7f5040dff000 rw-p 00000000 00:00 0 
7f5040dff000-7f5040fff000 rw-p 00000000 00:00 0 
7f5040fff000-7f5044000000 rw-p 00000000 00:00 0 
7f5044000000-7f5044021000 rw-p 00000000 00:00 0 
7f5044021000-7f5048000000 ---p 00000000 00:00 0 
7f5048000000-7f5048021000 rw-p 00000000 00:00 0 
7f5048021000-7f504c000000 ---p 00000000 00:00 0 
7f504c000000-7f504c02a000 rw-p 00000000 00:00 0 
7f504c02a000-7f5050000000 ---p 00000000 00:00 0 
7f5050000000-7f505028f000 rw-p 00000000 00:00 0 
7f505028f000-7f5054000000 ---p 00000000 00:00 0 
7f5054000000-7f5054021000 rw-p 00000000 00:00 0 
7f5054021000-7f5058000000 ---p 00000000 00:00 0 
7f5058086000-7f5058286000 rw-p 00000000 00:00 0 
7f505830c000-7f505830f000 ---p 00000000 00:00 0 
7f505830f000-7f505840d000 rw-p 00000000 00:00 0 
7f505840d000-7f505844e000 r-xp 00000000 08:01 660198                     /lib/x86_64-linux-gnu/libnss_resolve.so.2
7f505844e000-7f5058451000 r--p 00040000 08:01 660198                     /lib/x86_64-linux-gnu/libnss_resolve.so.2
7f5058451000-7f5058452000 rw-p 00043000 08:01 660198                     /lib/x86_64-linux-gnu/libnss_resolve.so.2
7f5058452000-7f5058453000 rw-p 00000000 00:00 0 
7f5058474000-7f505847a000 r--s 0003f000 08:01 2106530                    /usr/lib/jvm/java-8-oracle/jre/lib/ext/sunjce_provider.jar
7f505847a000-7f5058496000 r--s 00393000 08:01 2106535                    /usr/lib/jvm/java-8-oracle/jre/lib/ext/cldrdata.jar
7f5058496000-7f50584a0000 r--s 00116000 08:01 2106532                    /usr/lib/jvm/java-8-oracle/jre/lib/ext/localedata.jar
7f50584a0000-7f50584b3000 r--s 00345000 08:01 1976712                    /usr/lib/jvm/java-8-oracle/jre/lib/resources.jar
7f50584b3000-7f50586b3000 rw-p 00000000 00:00 0 
7f50586b5000-7f50586b6000 r--s 00000000 08:01 1185946                    /home/madunlap/Documents/github/dataverse/src/main/webapp/resources/images/cc0.png
7f50586b6000-7f50586b8000 r--s 00009000 08:01 2106529                    /usr/lib/jvm/java-8-oracle/jre/lib/ext/sunec.jar
7f50586b8000-7f50588b8000 rw-p 00000000 00:00 0 
7f50588b8000-7f50588ba000 r--s 00007000 08:01 791719                     /home/madunlap/.m2/repository/org/apache/maven/surefire/surefire-junit4/2.10/surefire-junit4-2.10.jar
7f50588ba000-7f50588bc000 r--s 0000b000 08:01 921145                     /home/madunlap/.m2/repository/org/json/json/20160212/json-20160212.jar
7f50588bc000-7f50588be000 r--s 00009000 08:01 921147                     /home/madunlap/.m2/repository/com/mashape/unirest/unirest-java/1.4.9/unirest-java-1.4.9.jar
7f50588be000-7f50588c0000 r--s 0000e000 08:01 921141                     /home/madunlap/.m2/repository/org/jvnet/mimepull/mimepull/1.9.6/mimepull-1.9.6.jar
7f50588c0000-7f50588c3000 r--s 0000e000 08:01 921143                     /home/madunlap/.m2/repository/org/glassfish/jersey/media/jersey-media-multipart/2.23.2/jersey-media-multipart-2.23.2.jar
7f50588c3000-7f50588c7000 r--s 00019000 08:01 921137                     /home/madunlap/.m2/repository/javax/ws/rs/javax.ws.rs-api/2.0.1/javax.ws.rs-api-2.0.1.jar
7f50588c7000-7f50588c9000 r--s 00010000 08:01 921134                     /home/madunlap/.m2/repository/org/glassfish/jersey/media/jersey-media-jaxb/2.23.2/jersey-media-jaxb-2.23.2.jar
7f50588c9000-7f50588ce000 r--s 00025000 08:01 921138                     /home/madunlap/.m2/repository/org/glassfish/jersey/core/jersey-client/2.23.2/jersey-client-2.23.2.jar
7f50588ce000-7f50588e4000 r--s 000d3000 08:01 921133                     /home/madunlap/.m2/repository/org/glassfish/jersey/core/jersey-server/2.23.2/jersey-server-2.23.2.jar
7f50588e4000-7f50588e5000 r--s 00004000 08:01 921129                     /home/madunlap/.m2/repository/org/glassfish/hk2/osgi-resource-locator/1.0.1/osgi-resource-locator-1.0.1.jar
7f50588e5000-7f50588ef000 r--s 000ae000 08:01 921127                     /home/madunlap/.m2/repository/org/javassist/javassist/3.20.0-GA/javassist-3.20.0-GA.jar
7f50588ef000-7f50588f2000 r--s 0002a000 08:01 921123                     /home/madunlap/.m2/repository/org/glassfish/hk2/hk2-locator/2.5.0-b05/hk2-locator-2.5.0-b05.jar
7f50588f2000-7f50588f4000 r--s 00002000 08:01 921128                     /home/madunlap/.m2/repository/org/glassfish/hk2/external/aopalliance-repackaged/2.5.0-b05/aopalliance-repackaged-2.5.0-b05.jar
7f50588f4000-7f50588f8000 r--s 0001a000 08:01 921125                     /home/madunlap/.m2/repository/org/glassfish/hk2/hk2-utils/2.5.0-b05/hk2-utils-2.5.0-b05.jar
7f50588f8000-7f50588fd000 r--s 00027000 08:01 921118                     /home/madunlap/.m2/repository/org/glassfish/hk2/hk2-api/2.5.0-b05/hk2-api-2.5.0-b05.jar
7f50588fd000-7f5058915000 r--s 000d6000 08:01 921120                     /home/madunlap/.m2/repository/org/glassfish/jersey/bundles/repackaged/jersey-guava/2.23.2/jersey-guava-2.23.2.jar
7f5058915000-7f5058917000 r--s 00005000 08:01 921116                     /home/madunlap/.m2/repository/javax/annotation/javax.annotation-api/1.2/javax.annotation-api-1.2.jar
7f5058917000-7f5058926000 r--s 000a0000 08:01 921111                     /home/madunlap/.m2/repository/org/glassfish/jersey/core/jersey-common/2.23.2/jersey-common-2.23.2.jar
7f5058926000-7f5058927000 r--s 00001000 08:01 921113                     /home/madunlap/.m2/repository/org/glassfish/hk2/external/javax.inject/2.5.0-b05/javax.inject-2.5.0-b05.jar
7f5058927000-7f505892a000 r--s 0000e000 08:01 921110                     /home/madunlap/.m2/repository/org/glassfish/jersey/containers/jersey-container-servlet-core/2.23.2/jersey-container-servlet-core-2.23.2.jar
7f505892a000-7f505892c000 r--s 00003000 08:01 921107                     /home/madunlap/.m2/repository/org/glassfish/jersey/containers/jersey-container-servlet/2.23.2/jersey-container-servlet-2.23.2.jar
7f505892c000-7f505892e000 r--s 00008000 08:01 921112                     /home/madunlap/.m2/repository/com/google/auto/auto-common/0.3/auto-common-0.3.jar
7f505892e000-7f505892f000 r--s 00002000 08:01 921105                     /home/madunlap/.m2/repository/com/google/auto/service/auto-service/1.0-rc2/auto-service-1.0-rc2.jar
7f505892f000-7f5058931000 r--s 0000c000 08:01 921153                     /home/madunlap/.m2/repository/com/lyncode/xoai-service-provider/4.1.0-header-patch/xoai-service-provider-4.1.0-header-patch.jar
7f5058931000-7f5058932000 r--s 00001000 08:01 921104                     /home/madunlap/.m2/repository/com/lyncode/builder-commons/1.0.2/builder-commons-1.0.2.jar
7f5058932000-7f5058935000 r--s 00012000 08:01 921152                     /home/madunlap/.m2/repository/com/lyncode/xoai-data-provider/4.1.0-header-patch/xoai-data-provider-4.1.0-header-patch.jar
7f5058935000-7f5058937000 r--s 00005000 08:01 791390                     /home/madunlap/.m2/repository/stax/stax-api/1.0.1/stax-api-1.0.1.jar
7f5058937000-7f505893d000 r--s 00048000 08:01 921101                     /home/madunlap/.m2/repository/org/apache/commons/commons-lang3/3.1/commons-lang3-3.1.jar
7f505893d000-7f505893f000 r--s 00004000 08:01 921097                     /home/madunlap/.m2/repository/javax/xml/stream/stax-api/1.0-2/stax-api-1.0-2.jar
7f505893f000-7f5058943000 r--s 00029000 08:01 921098                     /home/madunlap/.m2/repository/org/codehaus/woodstox/stax2-api/3.0.4/stax2-api-3.0.4.jar
7f5058943000-7f5058949000 r--s 00045000 08:01 921095                     /home/madunlap/.m2/repository/org/hamcrest/hamcrest-all/1.3/hamcrest-all-1.3.jar
7f5058949000-7f505894e000 r--s 00016000 08:01 791388                     /home/madunlap/.m2/repository/xml-apis/xml-apis/1.0.b2/xml-apis-1.0.b2.jar
7f505894e000-7f505894f000 r--s 00003000 08:01 921092                     /home/madunlap/.m2/repository/com/lyncode/test-support/1.0.4/test-support-1.0.4.jar
7f505894f000-7f5058951000 r--s 00004000 08:01 921090                     /home/madunlap/.m2/repository/com/lyncode/xml-io/1.0.3/xml-io-1.0.3.jar
7f5058951000-7f5058953000 r--s 0000d000 08:01 921151                     /home/madunlap/.m2/repository/com/lyncode/xoai-common/4.1.0-header-patch/xoai-common-4.1.0-header-patch.jar
7f5058953000-7f5058956000 r--s 00011000 08:01 921088                     /home/madunlap/.m2/repository/com/github/scribejava/scribejava-core/3.1.0/scribejava-core-3.1.0.jar
7f5058956000-7f5058959000 r--s 00010000 08:01 921084                     /home/madunlap/.m2/repository/com/github/scribejava/scribejava-apis/3.1.0/scribejava-apis-3.1.0.jar
7f5058959000-7f5058962000 r--s 0006f000 08:01 921083                     /home/madunlap/.m2/repository/log4j/log4j/1.2.17/log4j-1.2.17.jar
7f5058962000-7f5058a39000 r--s 007aa000 08:01 921093                     /home/madunlap/.m2/repository/net/sf/ehcache/ehcache/2.10.1/ehcache-2.10.1.jar
7f5058a39000-7f5058a3b000 r--s 00008000 08:01 921082                     /home/madunlap/.m2/repository/org/apache/commons/commons-csv/1.2/commons-csv-1.2.jar
7f5058a3b000-7f5058a3f000 r--s 00035000 08:01 921081                     /home/madunlap/.m2/repository/com/fasterxml/jackson/core/jackson-core/2.5.3/jackson-core-2.5.3.jar
7f5058a3f000-7f5058a41000 r--s 00008000 08:01 921075                     /home/madunlap/.m2/repository/com/fasterxml/jackson/core/jackson-annotations/2.5.0/jackson-annotations-2.5.0.jar
7f5058a41000-7f5058a53000 r--s 00106000 08:01 921073                     /home/madunlap/.m2/repository/com/fasterxml/jackson/core/jackson-databind/2.5.3/jackson-databind-2.5.3.jar
7f5058a53000-7f5058a56000 r--s 00006000 08:01 921070                     /home/madunlap/.m2/repository/com/google/code/findbugs/jsr305/1.3.9/jsr305-1.3.9.jar
7f5058a56000-7f5058a5c000 r--s 00040000 08:01 921074                     /home/madunlap/.m2/repository/com/google/http-client/google-http-client/1.20.0/google-http-client-1.20.0.jar
7f5058a5c000-7f5058a5d000 r--s 00004000 08:01 921066                     /home/madunlap/.m2/repository/com/maxmind/db/maxmind-db/1.0.0/maxmind-db-1.0.0.jar
7f5058a5d000-7f5058a5f000 r--s 00007000 08:01 921064                     /home/madunlap/.m2/repository/com/maxmind/geoip2/geoip2/2.3.1/geoip2-2.3.1.jar
7f5058a5f000-7f5058a61000 r--s 00003000 08:01 921062                     /home/madunlap/.m2/repository/org/slf4j/jcl-over-slf4j/1.7.2/jcl-over-slf4j-1.7.2.jar
7f5058a61000-7f5058a65000 r--s 00034000 08:01 921067                     /home/madunlap/.m2/repository/org/codehaus/jackson/jackson-core-asl/1.9.7/jackson-core-asl-1.9.7.jar
7f5058a65000-7f5058a74000 r--s 000b0000 08:01 921065                     /home/madunlap/.m2/repository/org/codehaus/jackson/jackson-mapper-asl/1.9.7/jackson-mapper-asl-1.9.7.jar
7f5058a74000-7f5058a7e000 r--s 0003d000 08:01 921060                     /home/madunlap/.m2/repository/org/javaswift/joss/0.9.10/joss-0.9.10.jar
7f5058a7e000-7f5058a85000 r--s 0003a000 08:01 921056                     /home/madunlap/.m2/repository/commons-codec/commons-codec/1.9/commons-codec-1.9.jar
7f5058a85000-7f5058a8c000 r--s 00048000 08:01 921054                     /home/madunlap/.m2/repository/org/apache/httpcomponents/httpcore/4.4.1/httpcore-4.4.1.jar
7f5058a8c000-7f5058a99000 r--s 000a4000 08:01 921052                     /home/madunlap/.m2/repository/org/apache/httpcomponents/httpclient/4.4.1/httpclient-4.4.1.jar
7f5058a99000-7f5058a9d000 r--s 00028000 08:01 921050                     /home/madunlap/.m2/repository/org/apache/httpcomponents/httpasyncclient/4.1/httpasyncclient-4.1.jar
7f5058a9d000-7f5058aa4000 r--s 00050000 08:01 921049                     /home/madunlap/.m2/repository/org/apache/httpcomponents/httpcore-nio/4.4.1/httpcore-nio-4.4.1.jar
7f5058aa4000-7f5058aaa000 r--s 00033000 08:01 921046                     /home/madunlap/.m2/repository/io/searchbox/jest-common/0.1.7/jest-common-0.1.7.jar
7f5058aaa000-7f5058aab000 r--s 00004000 08:01 921045                     /home/madunlap/.m2/repository/io/searchbox/jest/0.1.7/jest-0.1.7.jar
7f5058aab000-7f5058aae000 r--s 0000f000 08:01 921042                     /home/madunlap/.m2/repository/commons-discovery/commons-discovery/0.2/commons-discovery-0.2.jar
7f5058aae000-7f5058ab1000 r--s 0001c000 08:01 921043                     /home/madunlap/.m2/repository/axis/axis-wsdl4j/1.5.1/axis-wsdl4j-1.5.1.jar
7f5058ab1000-7f5058ab2000 r--s 00004000 08:01 921039                     /home/madunlap/.m2/repository/org/apache/axis/axis-saaj/1.4/axis-saaj-1.4.jar
7f5058ab2000-7f5058ab4000 r--s 00006000 08:01 921036                     /home/madunlap/.m2/repository/org/apache/axis/axis-jaxrpc/1.4/axis-jaxrpc-1.4.jar
7f5058ab4000-7f5058ac8000 r--s 00173000 08:01 921038                     /home/madunlap/.m2/repository/axis/axis/1.4/axis-1.4.jar
7f5058ac8000-7f5058aca000 r--s 00009000 08:01 921034                     /home/madunlap/.m2/repository/org/objenesis/objenesis/2.1/objenesis-2.1.jar
7f5058aca000-7f5058ae6000 r--s 00103000 08:01 921030                     /home/madunlap/.m2/repository/org/mockito/mockito-core/1.10.19/mockito-core-1.10.19.jar
7f5058ae6000-7f5058ae8000 r--s 00001000 08:01 921031                     /home/madunlap/.m2/repository/org/slf4j/slf4j-log4j12/1.7.7/slf4j-log4j12-1.7.7.jar
7f5058ae8000-7f5058aea000 r--s 00006000 08:01 791385                     /home/madunlap/.m2/repository/org/slf4j/slf4j-api/1.7.7/slf4j-api-1.7.7.jar
7f5058aea000-7f5058aee000 r--s 0001f000 08:01 921028                     /home/madunlap/.m2/repository/org/jacoco/org.jacoco.report/0.7.5.201505241946/org.jacoco.report-0.7.5.201505241946.jar
7f5058aee000-7f5058af3000 r--s 00058000 08:01 921027                     /home/madunlap/.m2/repository/org/ow2/asm/asm-debug-all/5.0.1/asm-debug-all-5.0.1.jar
7f5058af3000-7f5058af7000 r--s 0001d000 08:01 791383                     /home/madunlap/.m2/repository/org/jacoco/org.jacoco.core/0.7.5.201505241946/org.jacoco.core-0.7.5.201505241946.jar
7f5058af7000-7f5058af8000 ---p 00000000 00:00 0 
7f5058af8000-7f5058bf8000 rw-p 00000000 00:00 0 
7f5058bf8000-7f5058bfb000 ---p 00000000 00:00 0 
7f5058bfb000-7f5058cf9000 rw-p 00000000 00:00 0 
7f5058cf9000-7f5058cfc000 ---p 00000000 00:00 0 
7f5058cfc000-7f5058dfa000 rw-p 00000000 00:00 0 
7f5058dfa000-7f5058dfd000 ---p 00000000 00:00 0 
7f5058dfd000-7f5058efb000 rw-p 00000000 00:00 0 
7f5058efb000-7f5058f0c000 r-xp 00000000 08:01 2106483                    /usr/lib/jvm/java-8-oracle/jre/lib/amd64/libnio.so
7f5058f0c000-7f505910b000 ---p 00011000 08:01 2106483                    /usr/lib/jvm/java-8-oracle/jre/lib/amd64/libnio.so
7f505910b000-7f505910c000 rw-p 00010000 08:01 2106483                    /usr/lib/jvm/java-8-oracle/jre/lib/amd64/libnio.so
7f505910c000-7f5059122000 r-xp 00000000 08:01 2106458                    /usr/lib/jvm/java-8-oracle/jre/lib/amd64/libnet.so
7f5059122000-7f5059322000 ---p 00016000 08:01 2106458                    /usr/lib/jvm/java-8-oracle/jre/lib/amd64/libnet.so
7f5059322000-7f5059323000 rw-p 00016000 08:01 2106458                    /usr/lib/jvm/java-8-oracle/jre/lib/amd64/libnet.so
7f5059323000-7f5059326000 r--s 0001a000 08:01 1976716                    /usr/lib/jvm/java-8-oracle/jre/lib/jce.jar
7f5059326000-7f505932b000 r--s 0009a000 08:01 1976643                    /usr/lib/jvm/java-8-oracle/jre/lib/jsse.jar
7f505932b000-7f5059331000 r--s 00041000 08:01 661360                     /home/madunlap/.m2/repository/org/jacoco/org.jacoco.agent/0.7.5.201505241946/org.jacoco.agent-0.7.5.201505241946-runtime.jar
7f5059331000-7f5059333000 r--s 0000e000 08:01 921023                     /home/madunlap/.m2/repository/oro/oro/2.0.8/oro-2.0.8.jar
7f5059333000-7f505933b000 r--s 00058000 08:01 921019                     /home/madunlap/.m2/repository/org/apache/velocity/velocity/1.5/velocity-1.5.jar
7f505933b000-7f505933c000 r--s 00001000 08:01 921022                     /home/madunlap/.m2/repository/org/codehaus/plexus/plexus-velocity/1.1.7/plexus-velocity-1.1.7.jar
7f505933c000-7f505933d000 r--s 00002000 08:01 921017                     /home/madunlap/.m2/repository/org/codehaus/plexus/plexus-i18n/1.0-beta-7/plexus-i18n-1.0-beta-7.jar
7f505933d000-7f505933f000 r--s 00008000 08:01 921015                     /home/madunlap/.m2/repository/org/apache/maven/doxia/doxia-module-fml/1.1.2/doxia-module-fml-1.1.2.jar
7f505933f000-7f5059340000 r--s 00003000 08:01 921016                     /home/madunlap/.m2/repository/org/apache/maven/doxia/doxia-module-xhtml/1.1.2/doxia-module-xhtml-1.1.2.jar
7f5059340000-7f5059342000 r--s 0000b000 08:01 921011                     /home/madunlap/.m2/repository/org/apache/maven/doxia/doxia-decoration-model/1.1.2/doxia-decoration-model-1.1.2.jar
7f5059342000-7f5059344000 r--s 0000b000 08:01 921008                     /home/madunlap/.m2/repository/org/apache/maven/doxia/doxia-site-renderer/1.1.2/doxia-site-renderer-1.1.2.jar
7f5059344000-7f5059348000 r--s 00023000 08:01 921010                     /home/madunlap/.m2/repository/org/apache/maven/doxia/doxia-core/1.1.2/doxia-core-1.1.2.jar
7f5059348000-7f505934a000 r--s 00003000 08:01 921007                     /home/madunlap/.m2/repository/org/apache/maven/reporting/maven-reporting-impl/2.1/maven-reporting-impl-2.1.jar
7f505934a000-7f505934b000 r--s 00002000 08:01 921004                     /home/madunlap/.m2/repository/org/apache/maven/doxia/doxia-logging-api/1.1/doxia-logging-api-1.1.jar
7f505934b000-7f505934d000 r--s 00002000 08:01 921001                     /home/madunlap/.m2/repository/org/apache/maven/doxia/doxia-sink-api/1.1/doxia-sink-api-1.1.jar
7f505934d000-7f505934e000 r--s 00002000 08:01 920999                     /home/madunlap/.m2/repository/org/apache/maven/reporting/maven-reporting-api/2.2.1/maven-reporting-api-2.2.1.jar
7f505934e000-7f5059350000 r--s 00008000 08:01 920995                     /home/madunlap/.m2/repository/org/apache/maven/shared/maven-shared-io/1.1/maven-shared-io-1.1.jar
7f5059350000-7f5059352000 r--s 00008000 08:01 920998                     /home/madunlap/.m2/repository/org/apache/maven/shared/file-management/1.2.1/file-management-1.2.1.jar
7f5059352000-7f5059357000 r--s 00039000 08:01 920997                     /home/madunlap/.m2/repository/org/codehaus/plexus/plexus-utils/1.5.6/plexus-utils-1.5.6.jar
7f5059357000-7f5059359000 r--s 00008000 08:01 920991                     /home/madunlap/.m2/repository/classworlds/classworlds/1.1-alpha-2/classworlds-1.1-alpha-2.jar
7f5059359000-7f5059360000 r--s 00029000 08:01 920988                     /home/madunlap/.m2/repository/org/codehaus/plexus/plexus-container-default/1.0-alpha-9-stable-1/plexus-container-default-1.0-alpha-9-stable-1.jar
7f5059360000-7f5059363000 r--s 00011000 08:01 920989                     /home/madunlap/.m2/repository/org/apache/maven/maven-artifact/2.2.1/maven-artifact-2.2.1.jar
7f5059363000-7f5059365000 r--s 0000b000 08:01 920985                     /home/madunlap/.m2/repository/org/codehaus/plexus/plexus-interpolation/1.11/plexus-interpolation-1.11.jar
7f5059365000-7f5059367000 r--s 00006000 08:01 920982                     /home/madunlap/.m2/repository/org/apache/maven/maven-plugin-registry/2.2.1/maven-plugin-registry-2.2.1.jar
7f5059367000-7f505936f000 r--s 00049000 08:01 920984                     /home/madunlap/.m2/repository/backport-util-concurrent/backport-util-concurrent/3.1/backport-util-concurrent-3.1.jar
7f505936f000-7f5059371000 r--s 0000b000 08:01 920978                     /home/madunlap/.m2/repository/org/apache/maven/wagon/wagon-provider-api/1.0-beta-6/wagon-provider-api-1.0-beta-6.jar
7f5059371000-7f5059373000 r--s 00005000 08:01 920980                     /home/madunlap/.m2/repository/org/apache/maven/maven-repository-metadata/2.2.1/maven-repository-metadata-2.2.1.jar
7f5059373000-7f5059375000 r--s 0000f000 08:01 920975                     /home/madunlap/.m2/repository/org/apache/maven/maven-artifact-manager/2.2.1/maven-artifact-manager-2.2.1.jar
7f5059375000-7f5059377000 r--s 00014000 08:01 920971                     /home/madunlap/.m2/repository/org/apache/maven/maven-model/2.2.1/maven-model-2.2.1.jar
7f5059377000-7f5059379000 r--s 00007000 08:01 920969                     /home/madunlap/.m2/repository/org/apache/maven/maven-profile/2.2.1/maven-profile-2.2.1.jar
7f5059379000-7f505937a000 r--s 0000b000 08:01 920972                     /home/madunlap/.m2/repository/org/apache/maven/maven-settings/2.2.1/maven-settings-2.2.1.jar
7f505937a000-7f505937e000 r--s 00023000 08:01 920973                     /home/madunlap/.m2/repository/org/apache/maven/maven-project/2.2.1/maven-project-2.2.1.jar
7f505937e000-7f5059380000 r--s 00002000 08:01 661356                     /home/madunlap/.m2/repository/org/apache/maven/maven-plugin-api/2.2.1/maven-plugin-api-2.2.1.jar
7f5059380000-7f5059382000 r--s 0000b000 08:01 660606                     /home/madunlap/.m2/repository/org/jacoco/jacoco-maven-plugin/0.7.5.201505241946/jacoco-maven-plugin-0.7.5.201505241946.jar
7f5059382000-7f5059384000 r--s 00013000 08:01 791380                     /home/madunlap/.m2/repository/com/jayway/restassured/xml-path/2.4.0/xml-path-2.4.0.jar
7f5059384000-7f5059386000 r--s 00007000 08:01 791379                     /home/madunlap/.m2/repository/com/jayway/restassured/rest-assured-common/2.4.0/rest-assured-common-2.4.0.jar
7f5059386000-7f5059388000 r--s 0001e000 08:01 661355                     /home/madunlap/.m2/repository/org/codehaus/groovy/groovy-json/2.3.7/groovy-json-2.3.7.jar
7f5059388000-7f505938a000 r--s 0000d000 08:01 791376                     /home/madunlap/.m2/repository/com/jayway/restassured/json-path/2.4.0/json-path-2.4.0.jar
7f505938a000-7f505938c000 r--s 00015000 08:01 791373                     /home/madunlap/.m2/repository/org/ccil/cowan/tagsoup/tagsoup/1.2.1/tagsoup-1.2.1.jar
7f505938c000-7f505938d000 r--s 0000c000 08:01 791372                     /home/madunlap/.m2/repository/org/hamcrest/hamcrest-library/1.3/hamcrest-library-1.3.jar
7f505938d000-7f505938f000 r--s 00009000 08:01 791370                     /home/madunlap/.m2/repository/org/hamcrest/hamcrest-core/1.3/hamcrest-core-1.3.jar
7f505938f000-7f5059394000 r--s 00034000 08:01 661352                     /home/madunlap/.m2/repository/org/codehaus/groovy/groovy-xml/2.3.7/groovy-xml-2.3.7.jar
7f5059394000-7f50593dd000 r--s 003fb000 08:01 661354                     /home/madunlap/.m2/repository/org/codehaus/groovy/groovy/2.3.7/groovy-2.3.7.jar
7f50593dd000-7f50593e7000 r--s 0008c000 08:01 791368                     /home/madunlap/.m2/repository/com/jayway/restassured/rest-assured/2.4.0/rest-assured-2.4.0.jar
7f50593e7000-7f50593ed000 r--s 00044000 08:01 791367                     /home/madunlap/.m2/repository/org/jsoup/jsoup/1.8.1/jsoup-1.8.1.jar
7f50593ed000-7f50593ef000 r--s 00004000 08:01 791401                     /home/madunlap/.m2/repository/edu/ucsb/nceas/ezid/1.0.0/ezid-1.0.0.jar
7f50593ef000-7f50593f2000 r--s 0000b000 08:01 791362                     /home/madunlap/.m2/repository/org/ocpsoft/rewrite/rewrite-integration-faces/2.0.12.Final/rewrite-integration-faces-2.0.12.Final.jar
7f50593f2000-7f50593f4000 r--s 00001000 08:01 791360                     /home/madunlap/.m2/repository/org/ocpsoft/rewrite/rewrite-annotations-api/2.0.12.Final/rewrite-annotations-api-2.0.12.Final.jar
7f50593f4000-7f50593f5000 r--s 00005000 08:01 791359                     /home/madunlap/.m2/repository/org/ocpsoft/rewrite/rewrite-addressbuilder/2.0.12.Final/rewrite-addressbuilder-2.0.12.Final.jar
7f50593f5000-7f50593f7000 r--s 00008000 08:01 791357                     /home/madunlap/.m2/repository/org/ocpsoft/rewrite/rewrite-api-servlet/2.0.12.Final/rewrite-api-servlet-2.0.12.Final.jar
7f50593f7000-7f50593f9000 r--s 00001000 08:01 791354                     /home/madunlap/.m2/repository/org/ocpsoft/logging/logging-api/1.0.2.Final/logging-api-1.0.2.Final.jar
7f50593f9000-7f50593fa000 r--s 00003000 08:01 791353                     /home/madunlap/.m2/repository/org/ocpsoft/common/common-api/1.0.5.Final/common-api-1.0.5.Final.jar
7f50593fa000-7f50593fe000 r--s 00018000 08:01 791351                     /home/madunlap/.m2/repository/org/ocpsoft/rewrite/rewrite-api/2.0.12.Final/rewrite-api-2.0.12.Final.jar
7f50593fe000-7f5059400000 r--s 00005000 08:01 791349                     /home/madunlap/.m2/repository/org/ocpsoft/rewrite/rewrite-annotations-impl/2.0.12.Final/rewrite-annotations-impl-2.0.12.Final.jar
7f5059400000-7f505940e000 r--s 00092000 08:01 791352                     /home/madunlap/.m2/repository/org/ocpsoft/rewrite/rewrite-config-prettyfaces/2.0.12.Final/rewrite-config-prettyfaces-2.0.12.Final.jar
7f505940e000-7f505941c000 r--s 0005f000 08:01 791345                     /home/madunlap/.m2/repository/org/ocpsoft/rewrite/rewrite-servlet/2.0.12.Final/rewrite-servlet-2.0.12.Final.jar
7f505941c000-7f5059420000 r--s 0003c000 08:01 791218                     /home/madunlap/.m2/repository/javax/media/jai_codec/1.1.3/jai_codec-1.1.3.jar
7f5059420000-7f5059434000 r--s 001bd000 08:01 791220                     /home/madunlap/.m2/repository/javax/media/jai_core/1.1.3/jai_core-1.1.3.jar
7f5059434000-7f5059445000 r--s 00106000 08:01 791219                     /home/madunlap/.m2/repository/javax/media/jai_imageio/1.1.1/jai_imageio-1.1.1.jar
7f5059445000-7f5059447000 r--s 00009000 08:01 791399                     /home/madunlap/.m2/repository/edu/harvard/hul/ois/jhove/jhove-handler/1.11.0/jhove-handler-1.11.0.jar
7f5059447000-7f5059450000 r--s 00079000 08:01 791398                     /home/madunlap/.m2/repository/edu/harvard/hul/ois/jhove/jhove-module/1.11.0/jhove-module-1.11.0.jar
7f5059450000-7f5059453000 r--s 00011000 08:01 791396                     /home/madunlap/.m2/repository/edu/harvard/hul/ois/jhove/jhove/1.11.0/jhove-1.11.0.jar
7f5059453000-7f5059463000 r--s 0011f000 08:01 791342                     /home/madunlap/.m2/repository/org/apache/poi/poi-scratchpad/3.10-FINAL/poi-scratchpad-3.10-FINAL.jar
7f5059463000-7f5059469000 r--s 00047000 08:01 791341                     /home/madunlap/.m2/repository/org/apache/poi/poi-examples/3.10-FINAL/poi-examples-3.10-FINAL.jar
7f5059469000-7f505946e000 r--s 00048000 08:01 791338                     /home/madunlap/.m2/repository/dom4j/dom4j/1.6.1/dom4j-1.6.1.jar
7f505946e000-7f50594ab000 r--s 0024f000 08:01 791336                     /home/madunlap/.m2/repository/org/apache/xmlbeans/xmlbeans/2.3.0/xmlbeans-2.3.0.jar
7f50594ab000-7f5059543000 r--s 00420000 08:01 791334                     /home/madunlap/.m2/repository/org/apache/poi/poi-ooxml-schemas/3.10-FINAL/poi-ooxml-schemas-3.10-FINAL.jar
7f5059543000-7f5059551000 r--s 000ee000 08:01 791333                     /home/madunlap/.m2/repository/org/apache/poi/poi-ooxml/3.10-FINAL/poi-ooxml-3.10-FINAL.jar
7f5059551000-7f5059573000 r--s 001bb000 08:01 791332                     /home/madunlap/.m2/repository/org/apache/poi/poi/3.10-FINAL/poi-3.10-FINAL.jar
7f5059573000-7f5059575000 r--s 00006000 08:01 791331                     /home/madunlap/.m2/repository/org/nuiton/thirdparty/Rserve/0.6-1/Rserve-0.6-1.jar
7f5059575000-7f5059577000 r--s 00006000 08:01 791328                     /home/madunlap/.m2/repository/org/nuiton/thirdparty/REngine/0.6-1/REngine-0.6-1.jar
7f5059577000-7f5059578000 r--s 0000c000 08:01 791397                     /home/madunlap/.m2/repository/org/dataverse/unf/6.0/unf-6.0.jar
7f5059578000-7f5059581000 r--s 000a6000 08:01 791393                     /home/madunlap/.m2/repository/net/handle/handle/2006-06-16-generated/handle-2006-06-16-generated.jar
7f5059581000-7f5059584000 r--s 00035000 08:01 791395                     /home/madunlap/.m2/repository/nom/tam/fits/fits/2012-10-25-generated/fits-2012-10-25-generated.jar
7f5059584000-7f505958b000 r--s 00028000 08:01 791326                     /home/madunlap/.m2/repository/concurrent/concurrent/1.3.4/concurrent-1.3.4.jar
7f505958b000-7f5059599000 r--s 00081000 08:01 791324                     /home/madunlap/.m2/repository/colt/colt/1.2.0/colt-1.2.0.jar
7f5059599000-7f50595a6000 r--s 00083000 08:01 791320                     /home/madunlap/.m2/repository/commons-collections/commons-collections/3.2.2/commons-collections-3.2.2.jar
7f50595a6000-7f50595aa000 r--s 00020000 08:01 791319                     /home/madunlap/.m2/repository/commons-digester/commons-digester/1.8.1/commons-digester-1.8.1.jar
7f50595aa000-7f50595af000 r--s 00035000 08:01 791317                     /home/madunlap/.m2/repository/commons-beanutils/commons-beanutils/1.9.2/commons-beanutils-1.9.2.jar
7f50595af000-7f50595b3000 r--s 0002a000 08:01 791315                     /home/madunlap/.m2/repository/commons-validator/commons-validator/1.6/commons-validator-1.6.jar
7f50595b3000-7f50595c6000 r--s 000df000 08:01 791313                     /home/madunlap/.m2/repository/org/apache/commons/commons-math/2.2/commons-math-2.2.jar
7f50595c6000-7f50595c8000 r--s 0000e000 08:01 791309                     /home/madunlap/.m2/repository/commons-logging/commons-logging/1.1.3/commons-logging-1.1.3.jar
7f50595c8000-7f50595ca000 r--s 00005000 08:01 791311                     /home/madunlap/.m2/repository/org/apache/httpcomponents/httpmime/4.2.6/httpmime-4.2.6.jar
7f50595ca000-7f50595d6000 r--s 000b3000 08:01 791304                     /home/madunlap/.m2/repository/org/apache/zookeeper/zookeeper/3.4.5/zookeeper-3.4.5.jar
7f50595d6000-7f50595de000 r--s 0005b000 08:01 791305                     /home/madunlap/.m2/repository/org/apache/solr/solr-solrj/4.6.0/solr-solrj-4.6.0.jar
7f50595de000-7f50595e3000 r--s 00041000 08:01 791300                     /home/madunlap/.m2/repository/commons-lang/commons-lang/2.6/commons-lang-2.6.jar
7f50595e3000-7f50595e5000 r--s 0000d000 08:01 791302                     /home/madunlap/.m2/repository/com/fasterxml/classmate/1.0.0/classmate-1.0.0.jar
7f50595e5000-7f50595e7000 r--s 0000d000 08:01 791296                     /home/madunlap/.m2/repository/org/jboss/logging/jboss-logging/3.1.1.GA/jboss-logging-3.1.1.GA.jar
7f50595e7000-7f50595eb000 r--s 0000c000 08:01 791294                     /home/madunlap/.m2/repository/javax/validation/validation-api/1.1.0.Final/validation-api-1.1.0.Final.jar
7f50595eb000-7f50595f8000 r--s 00080000 08:01 791293                     /home/madunlap/.m2/repository/org/hibernate/hibernate-validator/5.0.3.Final/hibernate-validator-5.0.3.Final.jar
7f50595f8000-7f5059602000 r--s 0006b000 08:01 791289                     /home/madunlap/.m2/repository/org/omnifaces/omnifaces/1.7/omnifaces-1.7.jar
7f5059602000-7f5059611000 r--s 000c4000 08:01 791290                     /home/madunlap/.m2/repository/org/atmosphere/atmosphere-runtime/2.4.2/atmosphere-runtime-2.4.2.jar
7f5059611000-7f5059625000 r--s 0013a000 08:01 791121                     /home/madunlap/.m2/repository/org/primefaces/themes/all-themes/1.0.10/all-themes-1.0.10.jar
7f5059625000-7f5059651000 r--s 00318000 08:01 791288                     /home/madunlap/.m2/repository/org/primefaces/primefaces/5.3/primefaces-5.3.jar
7f5059651000-7f5059673000 r--s 00120000 08:01 791284                     /home/madunlap/.m2/repository/javax/javaee-web-api/7.0/javaee-web-api-7.0.jar
7f5059673000-7f5059675000 r--s 0000e000 08:01 791282                     /home/madunlap/.m2/repository/javax/activation/activation/1.1/activation-1.1.jar
7f5059675000-7f505967d000 r--s 00078000 08:01 791280                     /home/madunlap/.m2/repository/com/sun/mail/javax.mail/1.5.0/javax.mail-1.5.0.jar
7f505967d000-7f50596b1000 r--s 001a4000 08:01 791278                     /home/madunlap/.m2/repository/javax/javaee-api/7.0/javaee-api-7.0.jar
7f50596b1000-7f50596dc000 r--s 001f5000 08:01 791277                     /home/madunlap/.m2/repository/com/google/guava/guava/16.0.1/guava-16.0.1.jar
7f50596dc000-7f50596fa000 r--s 0027d000 08:01 791273                     /home/madunlap/.m2/repository/xalan/xalan/2.7.0/xalan-2.7.0.jar
7f50596fa000-7f505970e000 r--s 000e3000 08:01 791272                     /home/madunlap/.m2/repository/xerces/xercesImpl/2.6.2/xercesImpl-2.6.2.jar
7f505970e000-7f5059714000 r--s 00019000 08:01 791270                     /home/madunlap/.m2/repository/xerces/xmlParserAPIs/2.6.2/xmlParserAPIs-2.6.2.jar
7f5059714000-7f505971b000 r--s 00063000 08:01 791268                     /home/madunlap/.m2/repository/xom/xom/1.1/xom-1.1.jar
7f505971b000-7f5059720000 r--s 0002a000 08:01 791265                     /home/madunlap/.m2/repository/com/google/code/gson/gson/2.2.4/gson-2.2.4.jar
7f5059720000-7f5059724000 r--s 00027000 08:01 791263                     /home/madunlap/.m2/repository/commons-io/commons-io/2.2/commons-io-2.2.jar
7f5059724000-7f5059726000 r--s 0000f000 08:01 791260                     /home/madunlap/.m2/repository/commons-fileupload/commons-fileupload/1.3.1/commons-fileupload-1.3.1.jar
7f5059726000-7f505972c000 r--s 00032000 08:01 791261                     /home/madunlap/.m2/repository/jaxen/jaxen/1.1.1/jaxen-1.1.1.jar
7f505972c000-7f5059733000 r--s 00079000 08:01 661348                     /home/madunlap/.m2/repository/org/codehaus/woodstox/wstx-asl/3.2.6/wstx-asl-3.2.6.jar
7f5059733000-7f5059738000 r--s 00070000 08:01 661349                     /home/madunlap/.m2/repository/org/codehaus/woodstox/woodstox-core-asl/4.1.4/woodstox-core-asl-4.1.4.jar
7f5059738000-7f505973c000 r--s 00026000 08:01 791256                     /home/madunlap/.m2/repository/org/apache/ws/commons/axiom/axiom-impl/1.2.14/axiom-impl-1.2.14.jar
7f505973c000-7f505973f000 r--s 00015000 08:01 791254                     /home/madunlap/.m2/repository/org/apache/james/apache-mime4j-core/0.7.2/apache-mime4j-core-0.7.2.jar
7f505973f000-7f5059744000 r--s 00032000 08:01 791252                     /home/madunlap/.m2/repository/org/apache/geronimo/specs/geronimo-javamail_1.4_spec/1.7.1/geronimo-javamail_1.4_spec-1.7.1.jar
7f5059744000-7f505974e000 r--s 0005d000 08:01 791250                     /home/madunlap/.m2/repository/org/apache/ws/commons/axiom/axiom-api/1.2.14/axiom-api-1.2.14.jar
7f505974e000-7f5059751000 r--s 0014e000 08:01 791249                     /home/madunlap/.m2/repository/org/apache/abdera/abdera-parser/1.1.3/abdera-parser-1.1.3.jar
7f5059751000-7f5059753000 r--s 00006000 08:01 791245                     /home/madunlap/.m2/repository/org/apache/geronimo/specs/geronimo-stax-api_1.0_spec/1.0.1/geronimo-stax-api_1.0_spec-1.0.1.jar
7f5059753000-7f5059755000 r--s 0000a000 08:01 791243                     /home/madunlap/.m2/repository/org/apache/geronimo/specs/geronimo-activation_1.1_spec/1.1/geronimo-activation_1.1_spec-1.1.jar
7f5059755000-7f5059759000 r--s 00094000 08:01 791246                     /home/madunlap/.m2/repository/org/apache/abdera/abdera-i18n/1.1.3/abdera-i18n-1.1.3.jar
7f5059759000-7f505975d000 r--s 00024000 08:01 791241                     /home/madunlap/.m2/repository/org/apache/abdera/abdera-core/1.1.3/abdera-core-1.1.3.jar
7f505975d000-7f5059776000 r--s 002fd000 08:01 791240                     /home/madunlap/.m2/repository/com/ibm/icu/icu4j/3.4.4/icu4j-3.4.4.jar
7f5059776000-7f5059779000 r--s 00023000 08:01 791237                     /home/madunlap/.m2/repository/com/hp/hpl/jena/iri/0.8/iri-0.8.jar
7f5059779000-7f505979c000 r--s 001ae000 08:01 791235                     /home/madunlap/.m2/repository/com/hp/hpl/jena/jena/2.6.4/jena-2.6.4.jar
7f505979c000-7f505979e000 r--s 0000d000 08:01 791233                     /home/madunlap/.m2/repository/org/apache/abdera/abdera-client/1.1.1/abdera-client-1.1.1.jar
7f505979e000-7f50597a0000 r--s 00016000 08:01 791230                     /home/madunlap/.m2/repository/javax/servlet/servlet-api/2.4/servlet-api-2.4.jar
7f50597a0000-7f50597a3000 r--s 0000f000 08:01 791226                     /home/madunlap/.m2/repository/org/swordapp/sword2-server/1.0/sword2-server-1.0-classes.jar
7f50597a3000-7f50597a8000 r--s 00040000 08:01 791224                     /home/madunlap/.m2/repository/commons-httpclient/commons-httpclient/3.0.1/commons-httpclient-3.0.1.jar
7f50597a8000-7f505982f000 rw-p 00000000 00:00 0 
7f505982f000-7f5059c3b000 r--s 03c80000 08:01 791225                     /home/madunlap/.m2/repository/com/amazonaws/aws-java-sdk-bundle/1.11.172/aws-java-sdk-bundle-1.11.172.jar
7f5059c3b000-7f5059c3e000 ---p 00000000 00:00 0 
7f5059c3e000-7f5059d3c000 rw-p 00000000 00:00 0 
7f5059d3c000-7f505a017000 r--p 00000000 08:01 1441812                    /usr/lib/locale/locale-archive
7f505a017000-7f505a01a000 ---p 00000000 00:00 0 
7f505a01a000-7f505a118000 rw-p 00000000 00:00 0 
7f505a118000-7f505a11b000 ---p 00000000 00:00 0 
7f505a11b000-7f505a219000 rw-p 00000000 00:00 0 
7f505a219000-7f505a21a000 ---p 00000000 00:00 0 
7f505a21a000-7f505d000000 rw-p 00000000 00:00 0 
7f505d000000-7f505daa0000 rwxp 00000000 00:00 0 
7f505daa0000-7f506c000000 ---p 00000000 00:00 0 
7f506c000000-7f506d2cd000 rw-p 00000000 00:00 0 
7f506d2cd000-7f5070000000 ---p 00000000 00:00 0 
7f5070000000-7f5070001000 r--s 00018000 08:01 791394                     /home/madunlap/.m2/repository/edu/harvard/iq/dvn/unf5/5.0/unf5-5.0.jar
7f5070001000-7f5070004000 r--s 00012000 08:01 791228                     /home/madunlap/.m2/repository/org/glassfish/javax.json/1.0.4/javax.json-1.0.4.jar
7f5070004000-7f507000a000 r--s 00034000 08:01 791227                     /home/madunlap/.m2/repository/junit/junit/4.8.1/junit-4.8.1.jar
7f507000a000-7f507004a000 r--s 00285000 08:01 925253                     /home/madunlap/.m2/repository/org/bouncycastle/bcprov-jdk15on/1.52/bcprov-jdk15on-1.52.jar
7f507004a000-7f507004e000 r--s 00021000 08:01 925254                     /home/madunlap/.m2/repository/org/cryptacular/cryptacular/1.1.0/cryptacular-1.1.0.jar
7f507004e000-7f5070051000 r--s 00011000 08:01 925252                     /home/madunlap/.m2/repository/org/passay/passay/1.1.0/passay-1.1.0.jar
7f5070051000-7f50703a3000 rw-p 00000000 00:00 0 
7f50703a3000-7f507057d000 r--s 03d4d000 08:01 1976682                    /usr/lib/jvm/java-8-oracle/jre/lib/rt.jar
7f507057d000-7f507076b000 rw-p 00000000 00:00 0 
7f507076b000-7f507076c000 ---p 00000000 00:00 0 
7f507076c000-7f507086c000 rw-p 00000000 00:00 0 
7f507086c000-7f507086d000 ---p 00000000 00:00 0 
7f507086d000-7f507097c000 rw-p 00000000 00:00 0 
7f507097c000-7f5070ab7000 ---p 00000000 00:00 0 
7f5070ab7000-7f5070ac6000 rw-p 00000000 00:00 0 
7f5070ac6000-7f5070c00000 ---p 00000000 00:00 0 
7f5070c00000-7f5070c4a000 rw-p 00000000 00:00 0 
7f5070c4a000-7f5070ca5000 ---p 00000000 00:00 0 
7f5070ca5000-7f5070cd1000 rw-p 00000000 00:00 0 
7f5070cd1000-7f5071066000 ---p 00000000 00:00 0 
7f5071066000-7f5071080000 r-xp 00000000 08:01 2106481                    /usr/lib/jvm/java-8-oracle/jre/lib/amd64/libzip.so
7f5071080000-7f5071280000 ---p 0001a000 08:01 2106481                    /usr/lib/jvm/java-8-oracle/jre/lib/amd64/libzip.so
7f5071280000-7f5071281000 rw-p 0001a000 08:01 2106481                    /usr/lib/jvm/java-8-oracle/jre/lib/amd64/libzip.so
7f5071281000-7f507128c000 r-xp 00000000 08:01 663303                     /lib/x86_64-linux-gnu/libnss_files-2.24.so
7f507128c000-7f507148b000 ---p 0000b000 08:01 663303                     /lib/x86_64-linux-gnu/libnss_files-2.24.so
7f507148b000-7f507148c000 r--p 0000a000 08:01 663303                     /lib/x86_64-linux-gnu/libnss_files-2.24.so
7f507148c000-7f507148d000 rw-p 0000b000 08:01 663303                     /lib/x86_64-linux-gnu/libnss_files-2.24.so
7f507148d000-7f5071493000 rw-p 00000000 00:00 0 
7f5071493000-7f507149e000 r-xp 00000000 08:01 663305                     /lib/x86_64-linux-gnu/libnss_nis-2.24.so
7f507149e000-7f507169d000 ---p 0000b000 08:01 663305                     /lib/x86_64-linux-gnu/libnss_nis-2.24.so
7f507169d000-7f507169e000 r--p 0000a000 08:01 663305                     /lib/x86_64-linux-gnu/libnss_nis-2.24.so
7f507169e000-7f507169f000 rw-p 0000b000 08:01 663305                     /lib/x86_64-linux-gnu/libnss_nis-2.24.so
7f507169f000-7f50716b5000 r-xp 00000000 08:01 663300                     /lib/x86_64-linux-gnu/libnsl-2.24.so
7f50716b5000-7f50718b4000 ---p 00016000 08:01 663300                     /lib/x86_64-linux-gnu/libnsl-2.24.so
7f50718b4000-7f50718b5000 r--p 00015000 08:01 663300                     /lib/x86_64-linux-gnu/libnsl-2.24.so
7f50718b5000-7f50718b6000 rw-p 00016000 08:01 663300                     /lib/x86_64-linux-gnu/libnsl-2.24.so
7f50718b6000-7f50718b8000 rw-p 00000000 00:00 0 
7f50718b8000-7f50718c0000 r-xp 00000000 08:01 663301                     /lib/x86_64-linux-gnu/libnss_compat-2.24.so
7f50718c0000-7f5071abf000 ---p 00008000 08:01 663301                     /lib/x86_64-linux-gnu/libnss_compat-2.24.so
7f5071abf000-7f5071ac0000 r--p 00007000 08:01 663301                     /lib/x86_64-linux-gnu/libnss_compat-2.24.so
7f5071ac0000-7f5071ac1000 rw-p 00008000 08:01 663301                     /lib/x86_64-linux-gnu/libnss_compat-2.24.so
7f5071ac1000-7f5071acb000 r-xp 00000000 08:01 2106519                    /usr/lib/jvm/java-8-oracle/jre/lib/amd64/libinstrument.so
7f5071acb000-7f5071cca000 ---p 0000a000 08:01 2106519                    /usr/lib/jvm/java-8-oracle/jre/lib/amd64/libinstrument.so
7f5071cca000-7f5071ccb000 rw-p 00009000 08:01 2106519                    /usr/lib/jvm/java-8-oracle/jre/lib/amd64/libinstrument.so
7f5071ccb000-7f5071cf6000 r-xp 00000000 08:01 2106508                    /usr/lib/jvm/java-8-oracle/jre/lib/amd64/libjava.so
7f5071cf6000-7f5071ef5000 ---p 0002b000 08:01 2106508                    /usr/lib/jvm/java-8-oracle/jre/lib/amd64/libjava.so
7f5071ef5000-7f5071ef7000 rw-p 0002a000 08:01 2106508                    /usr/lib/jvm/java-8-oracle/jre/lib/amd64/libjava.so
7f5071ef7000-7f5071f04000 r-xp 00000000 08:01 2106459                    /usr/lib/jvm/java-8-oracle/jre/lib/amd64/libverify.so
7f5071f04000-7f5072104000 ---p 0000d000 08:01 2106459                    /usr/lib/jvm/java-8-oracle/jre/lib/amd64/libverify.so
7f5072104000-7f5072106000 rw-p 0000d000 08:01 2106459                    /usr/lib/jvm/java-8-oracle/jre/lib/amd64/libverify.so
7f5072106000-7f507210d000 r-xp 00000000 08:01 663310                     /lib/x86_64-linux-gnu/librt-2.24.so
7f507210d000-7f507230c000 ---p 00007000 08:01 663310                     /lib/x86_64-linux-gnu/librt-2.24.so
7f507230c000-7f507230d000 r--p 00006000 08:01 663310                     /lib/x86_64-linux-gnu/librt-2.24.so
7f507230d000-7f507230e000 rw-p 00007000 08:01 663310                     /lib/x86_64-linux-gnu/librt-2.24.so
7f507230e000-7f5072416000 r-xp 00000000 08:01 663297                     /lib/x86_64-linux-gnu/libm-2.24.so
7f5072416000-7f5072615000 ---p 00108000 08:01 663297                     /lib/x86_64-linux-gnu/libm-2.24.so
7f5072615000-7f5072616000 r--p 00107000 08:01 663297                     /lib/x86_64-linux-gnu/libm-2.24.so
7f5072616000-7f5072617000 rw-p 00108000 08:01 663297                     /lib/x86_64-linux-gnu/libm-2.24.so
7f5072617000-7f50732ea000 r-xp 00000000 08:01 2106512                    /usr/lib/jvm/java-8-oracle/jre/lib/amd64/server/libjvm.so
7f50732ea000-7f50734e9000 ---p 00cd3000 08:01 2106512                    /usr/lib/jvm/java-8-oracle/jre/lib/amd64/server/libjvm.so
7f50734e9000-7f50735c3000 rw-p 00cd2000 08:01 2106512                    /usr/lib/jvm/java-8-oracle/jre/lib/amd64/server/libjvm.so
7f50735c3000-7f507360e000 rw-p 00000000 00:00 0 
7f507360e000-7f50737cc000 r-xp 00000000 08:01 663293                     /lib/x86_64-linux-gnu/libc-2.24.so
7f50737cc000-7f50739cb000 ---p 001be000 08:01 663293                     /lib/x86_64-linux-gnu/libc-2.24.so
7f50739cb000-7f50739cf000 r--p 001bd000 08:01 663293                     /lib/x86_64-linux-gnu/libc-2.24.so
7f50739cf000-7f50739d1000 rw-p 001c1000 08:01 663293                     /lib/x86_64-linux-gnu/libc-2.24.so
7f50739d1000-7f50739d5000 rw-p 00000000 00:00 0 
7f50739d5000-7f50739d8000 r-xp 00000000 08:01 663296                     /lib/x86_64-linux-gnu/libdl-2.24.so
7f50739d8000-7f5073bd7000 ---p 00003000 08:01 663296                     /lib/x86_64-linux-gnu/libdl-2.24.so
7f5073bd7000-7f5073bd8000 r--p 00002000 08:01 663296                     /lib/x86_64-linux-gnu/libdl-2.24.so
7f5073bd8000-7f5073bd9000 rw-p 00003000 08:01 663296                     /lib/x86_64-linux-gnu/libdl-2.24.so
7f5073bd9000-7f5073bee000 r-xp 00000000 08:01 2106497                    /usr/lib/jvm/java-8-oracle/jre/lib/amd64/jli/libjli.so
7f5073bee000-7f5073dee000 ---p 00015000 08:01 2106497                    /usr/lib/jvm/java-8-oracle/jre/lib/amd64/jli/libjli.so
7f5073dee000-7f5073def000 rw-p 00015000 08:01 2106497                    /usr/lib/jvm/java-8-oracle/jre/lib/amd64/jli/libjli.so
7f5073def000-7f5073e07000 r-xp 00000000 08:01 663308                     /lib/x86_64-linux-gnu/libpthread-2.24.so
7f5073e07000-7f5074007000 ---p 00018000 08:01 663308                     /lib/x86_64-linux-gnu/libpthread-2.24.so
7f5074007000-7f5074008000 r--p 00018000 08:01 663308                     /lib/x86_64-linux-gnu/libpthread-2.24.so
7f5074008000-7f5074009000 rw-p 00019000 08:01 663308                     /lib/x86_64-linux-gnu/libpthread-2.24.so
7f5074009000-7f507400d000 rw-p 00000000 00:00 0 
7f507400d000-7f5074033000 r-xp 00000000 08:01 663288                     /lib/x86_64-linux-gnu/ld-2.24.so
7f5074033000-7f5074034000 r--s 00005000 08:01 791308                     /home/madunlap/.m2/repository/org/noggit/noggit/0.5/noggit-0.5.jar
7f5074034000-7f5074105000 rw-p 00000000 00:00 0 
7f5074105000-7f5074108000 ---p 00000000 00:00 0 
7f5074108000-7f5074208000 rw-p 00000000 00:00 0 
7f5074208000-7f5074209000 r--s 00004000 08:01 791275                     /home/madunlap/.m2/repository/org/mindrot/jbcrypt/0.3m/jbcrypt-0.3m.jar
7f5074209000-7f507420e000 r--s 00023000 08:01 791711                     /home/madunlap/.m2/repository/org/apache/maven/surefire/surefire-api/2.10/surefire-api-2.10.jar
7f507420e000-7f5074210000 r--s 00007000 08:01 791708                     /home/madunlap/.m2/repository/org/apache/maven/surefire/surefire-booter/2.10/surefire-booter-2.10.jar
7f5074210000-7f5074211000 r--s 00005000 08:01 926086                     /home/madunlap/Documents/github/dataverse/target/surefire/surefirebooter7631606821771377381.jar
7f5074211000-7f5074225000 rw-p 00000000 00:00 0 
7f5074225000-7f507422d000 rw-s 00000000 08:01 1835017                    /tmp/hsperfdata_madunlap/27799
7f507422d000-7f507422e000 rw-p 00000000 00:00 0 
7f507422e000-7f507422f000 ---p 00000000 00:00 0 
7f507422f000-7f5074232000 rw-p 00000000 00:00 0 
7f5074232000-7f5074233000 r--p 00025000 08:01 663288                     /lib/x86_64-linux-gnu/ld-2.24.so
7f5074233000-7f5074234000 rw-p 00026000 08:01 663288                     /lib/x86_64-linux-gnu/ld-2.24.so
7f5074234000-7f5074235000 rw-p 00000000 00:00 0 
7ffc3b8eb000-7ffc3b90c000 rw-p 00000000 00:00 0                          [stack]
7ffc3b957000-7ffc3b959000 r--p 00000000 00:00 0                          [vvar]
7ffc3b959000-7ffc3b95b000 r-xp 00000000 00:00 0                          [vdso]
ffffffffff600000-ffffffffff601000 r-xp 00000000 00:00 0                  [vsyscall]

VM Arguments:
jvm_args: -javaagent:/home/madunlap/.m2/repository/org/jacoco/org.jacoco.agent/0.7.5.201505241946/org.jacoco.agent-0.7.5.201505241946-runtime.jar=destfile=/home/madunlap/Documents/github/dataverse/target/jacoco.exec 
java_command: /home/madunlap/Documents/github/dataverse/target/surefire/surefirebooter7631606821771377381.jar /home/madunlap/Documents/github/dataverse/target/surefire/surefire4799359663632997360tmp /home/madunlap/Documents/github/dataverse/target/surefire/surefire1688813544727492516tmp
java_class_path (initial): /home/madunlap/Documents/github/dataverse/target/surefire/surefirebooter7631606821771377381.jar:/home/madunlap/.m2/repository/org/jacoco/org.jacoco.agent/0.7.5.201505241946/org.jacoco.agent-0.7.5.201505241946-runtime.jar
Launcher Type: SUN_STANDARD

Environment Variables:
JAVA_HOME=/usr/lib/jvm/java-8-oracle
PATH=/usr/local/sbin:/usr/local/bin:/usr/sbin:/usr/bin:/sbin:/bin:/usr/games:/usr/local/games:/snap/bin:/usr/lib/jvm/java-8-oracle/bin:/usr/lib/jvm/java-8-oracle/db/bin:/usr/lib/jvm/java-8-oracle/jre/bin
LD_LIBRARY_PATH=/usr/lib/jvm/java-8-oracle/jre/lib/amd64:/usr/lib/jvm/java-8-oracle/jre/lib/i386:
SHELL=/bin/bash
DISPLAY=:0

Signal Handlers:
SIGSEGV: [libjvm.so+0xacba10], sa_mask[0]=11111111011111111101111111111110, sa_flags=SA_RESTART|SA_SIGINFO
SIGBUS: [libjvm.so+0xacba10], sa_mask[0]=11111111011111111101111111111110, sa_flags=SA_RESTART|SA_SIGINFO
SIGFPE: [libjvm.so+0x924ba0], sa_mask[0]=11111111011111111101111111111110, sa_flags=SA_RESTART|SA_SIGINFO
SIGPIPE: [libjvm.so+0x924ba0], sa_mask[0]=11111111011111111101111111111110, sa_flags=SA_RESTART|SA_SIGINFO
SIGXFSZ: [libjvm.so+0x924ba0], sa_mask[0]=11111111011111111101111111111110, sa_flags=SA_RESTART|SA_SIGINFO
SIGILL: [libjvm.so+0x924ba0], sa_mask[0]=11111111011111111101111111111110, sa_flags=SA_RESTART|SA_SIGINFO
SIGUSR1: SIG_DFL, sa_mask[0]=00000000000000000000000000000000, sa_flags=none
SIGUSR2: [libjvm.so+0x9263e0], sa_mask[0]=00100000000000000000000000000000, sa_flags=SA_RESTART|SA_SIGINFO
SIGHUP: [libjvm.so+0x9277e0], sa_mask[0]=11111111011111111101111111111110, sa_flags=SA_RESTART|SA_SIGINFO
SIGINT: SIG_IGN, sa_mask[0]=00000000000000000000000000000000, sa_flags=none
SIGTERM: [libjvm.so+0x9277e0], sa_mask[0]=11111111011111111101111111111110, sa_flags=SA_RESTART|SA_SIGINFO
SIGQUIT: [libjvm.so+0x9277e0], sa_mask[0]=11111111011111111101111111111110, sa_flags=SA_RESTART|SA_SIGINFO


---------------  S Y S T E M  ---------------

OS:DISTRIB_ID=Ubuntu
DISTRIB_RELEASE=17.04
DISTRIB_CODENAME=zesty
DISTRIB_DESCRIPTION="Ubuntu 17.04"

uname:Linux 4.10.0-37-generic #41-Ubuntu SMP Fri Oct 6 20:20:37 UTC 2017 x86_64
libc:glibc 2.24 NPTL 2.24 
rlimit: STACK 8192k, CORE 0k, NPROC 15602, NOFILE 1048576, AS infinity
load average:4.60 1.50 0.75

/proc/meminfo:
MemTotal:        4039872 kB
MemFree:          590952 kB
MemAvailable:     519280 kB
Buffers:            2228 kB
Cached:            97708 kB
SwapCached:         1780 kB
Active:          2654144 kB
Inactive:         584820 kB
Active(anon):    2645968 kB
Inactive(anon):   533680 kB
Active(file):       8176 kB
Inactive(file):    51140 kB
Unevictable:          32 kB
Mlocked:              32 kB
SwapTotal:       2097148 kB
SwapFree:          27852 kB
Dirty:               160 kB
Writeback:          1628 kB
AnonPages:       3137584 kB
Mapped:            39912 kB
Shmem:             40328 kB
Slab:              88680 kB
SReclaimable:      40740 kB
SUnreclaim:        47940 kB
KernelStack:       14460 kB
PageTables:        68944 kB
NFS_Unstable:          0 kB
Bounce:                0 kB
WritebackTmp:          0 kB
CommitLimit:     4117084 kB
Committed_AS:    9516200 kB
VmallocTotal:   34359738367 kB
VmallocUsed:           0 kB
VmallocChunk:          0 kB
HardwareCorrupted:     0 kB
AnonHugePages:   1271808 kB
ShmemHugePages:        0 kB
ShmemPmdMapped:        0 kB
CmaTotal:              0 kB
CmaFree:               0 kB
HugePages_Total:       0
HugePages_Free:        0
HugePages_Rsvd:        0
HugePages_Surp:        0
Hugepagesize:       2048 kB
DirectMap4k:      151472 kB
DirectMap2M:     4042752 kB


CPU:total 2 (initial active 2) (2 cores per cpu, 1 threads per core) family 6 model 70 stepping 1, cmov, cx8, fxsr, mmx, sse, sse2, sse3, ssse3, sse4.1, sse4.2, popcnt, avx, avx2, aes, clmul, erms, lzcnt, tsc, tscinvbit, bmi1, bmi2

/proc/cpuinfo:
processor	: 0
vendor_id	: GenuineIntel
cpu family	: 6
model		: 70
model name	: Intel(R) Core(TM) i7-4870HQ CPU @ 2.50GHz
stepping	: 1
microcode	: 0x13
cpu MHz		: 2494.226
cache size	: 6144 KB
physical id	: 0
siblings	: 2
core id		: 0
cpu cores	: 2
apicid		: 0
initial apicid	: 0
fpu		: yes
fpu_exception	: yes
cpuid level	: 13
wp		: yes
flags		: fpu vme de pse tsc msr pae mce cx8 apic sep mtrr pge mca cmov pat pse36 clflush mmx fxsr sse sse2 ss ht syscall nx rdtscp lm constant_tsc nopl xtopology nonstop_tsc pni pclmulqdq ssse3 fma cx16 pcid sse4_1 sse4_2 x2apic movbe popcnt tsc_deadline_timer aes xsave avx f16c rdrand hypervisor lahf_lm abm fsgsbase tsc_adjust bmi1 avx2 smep bmi2 invpcid xsaveopt dtherm arat pln pts
bugs		:
bogomips	: 4988.45
clflush size	: 64
cache_alignment	: 64
address sizes	: 36 bits physical, 48 bits virtual
power management:

processor	: 1
vendor_id	: GenuineIntel
cpu family	: 6
model		: 70
model name	: Intel(R) Core(TM) i7-4870HQ CPU @ 2.50GHz
stepping	: 1
microcode	: 0x13
cpu MHz		: 2494.226
cache size	: 6144 KB
physical id	: 0
siblings	: 2
core id		: 1
cpu cores	: 2
apicid		: 1
initial apicid	: 1
fpu		: yes
fpu_exception	: yes
cpuid level	: 13
wp		: yes
flags		: fpu vme de pse tsc msr pae mce cx8 apic sep mtrr pge mca cmov pat pse36 clflush mmx fxsr sse sse2 ss ht syscall nx rdtscp lm constant_tsc nopl xtopology nonstop_tsc pni pclmulqdq ssse3 fma cx16 pcid sse4_1 sse4_2 x2apic movbe popcnt tsc_deadline_timer aes xsave avx f16c rdrand hypervisor lahf_lm abm fsgsbase tsc_adjust bmi1 avx2 smep bmi2 invpcid xsaveopt dtherm arat pln pts
bugs		:
bogomips	: 4988.45
clflush size	: 64
cache_alignment	: 64
address sizes	: 36 bits physical, 48 bits virtual
power management:



Memory: 4k page, physical 4039872k(590704k free), swap 2097148k(27852k free)

vm_info: Java HotSpot(TM) 64-Bit Server VM (25.144-b01) for linux-amd64 JRE (1.8.0_144-b01), built on Jul 21 2017 21:57:33 by "java_re" with gcc 4.3.0 20080428 (Red Hat 4.3.0-8)

time: Mon Oct 16 19:33:02 2017
elapsed time: 41 seconds (0d 0h 0m 41s)

