#
# There is insufficient memory for the Java Runtime Environment to continue.
# Native memory allocation (mmap) failed to map 92274688 bytes for committing reserved memory.
# Possible reasons:
#   The system is out of physical RAM or swap space
#   In 32 bit mode, the process size limit was hit
# Possible solutions:
#   Reduce memory load on the system
#   Increase physical memory or swap space
#   Check if swap backing store is full
#   Use 64 bit Java on a 64 bit OS
#   Decrease Java heap size (-Xmx/-Xms)
#   Decrease number of Java threads
#   Decrease Java thread stack sizes (-Xss)
#   Set larger code cache with -XX:ReservedCodeCacheSize=
# This output file may be truncated or incomplete.
#
#  Out of Memory Error (os_linux.cpp:2640), pid=26717, tid=0x00007fe3257a6700
#
# JRE version: Java(TM) SE Runtime Environment (8.0_151-b12) (build 1.8.0_151-b12)
# Java VM: Java HotSpot(TM) 64-Bit Server VM (25.151-b12 mixed mode linux-amd64 compressed oops)
# Failed to write core dump. Core dumps have been disabled. To enable core dumping, try "ulimit -c unlimited" before starting Java again
#

---------------  T H R E A D  ---------------

Current thread (0x00007fe338073800):  VMThread [stack: 0x00007fe3256a6000,0x00007fe3257a7000] [id=26726]

Stack: [0x00007fe3256a6000,0x00007fe3257a7000],  sp=0x00007fe3257a5020,  free space=1020k
Native frames: (J=compiled Java code, j=interpreted, Vv=VM code, C=native code)
V  [libjvm.so+0xacb58a]  VMError::report_and_die()+0x2ba
V  [libjvm.so+0x4ff4ab]  report_vm_out_of_memory(char const*, int, unsigned long, VMErrorType, char const*)+0x8b
V  [libjvm.so+0x928113]  os::Linux::commit_memory_impl(char*, unsigned long, bool)+0x103
V  [libjvm.so+0x928669]  os::pd_commit_memory(char*, unsigned long, unsigned long, bool)+0x29
V  [libjvm.so+0x92288a]  os::commit_memory(char*, unsigned long, unsigned long, bool)+0x2a
V  [libjvm.so+0x9973e3]  PSVirtualSpace::expand_by(unsigned long)+0x53
V  [libjvm.so+0x987ca0]  PSOldGen::expand(unsigned long)+0x170
V  [libjvm.so+0x987eab]  PSOldGen::resize(unsigned long)+0x1cb
V  [libjvm.so+0x98fbb1]  PSParallelCompact::invoke_no_policy(bool)+0x991
V  [libjvm.so+0x99550d]  PSScavenge::invoke()+0x1ad
V  [libjvm.so+0x94c0d0]  ParallelScavengeHeap::failed_mem_allocate(unsigned long)+0x70
V  [libjvm.so+0xaccfa7]  VM_ParallelGCFailedAllocation::doit()+0x97
V  [libjvm.so+0xad4a85]  VM_Operation::evaluate()+0x55
V  [libjvm.so+0xad2e5a]  VMThread::evaluate_operation(VM_Operation*)+0xba
V  [libjvm.so+0xad31de]  VMThread::loop()+0x1ce
V  [libjvm.so+0xad3650]  VMThread::run()+0x70
V  [libjvm.so+0x92a728]  java_start(Thread*)+0x108

VM_Operation (0x00007fe33f4d39e0): ParallelGCFailedAllocation, mode: safepoint, requested by thread 0x00007fe33800a000


---------------  P R O C E S S  ---------------

Java Threads: ( => current thread )
  0x00007fe338594000 JavaThread "process reaper" daemon [_thread_blocked, id=26739, stack(0x00007fe3247e0000,0x00007fe324819000)]
  0x00007fe3380ba800 JavaThread "Service Thread" daemon [_thread_blocked, id=26732, stack(0x00007fe324dc5000,0x00007fe324ec6000)]
  0x00007fe3380b7800 JavaThread "C1 CompilerThread1" daemon [_thread_blocked, id=26731, stack(0x00007fe324ec6000,0x00007fe324fc7000)]
  0x00007fe3380b4800 JavaThread "C2 CompilerThread0" daemon [_thread_blocked, id=26730, stack(0x00007fe324fc7000,0x00007fe3250c8000)]
  0x00007fe3380b3000 JavaThread "Signal Dispatcher" daemon [_thread_blocked, id=26729, stack(0x00007fe3250c8000,0x00007fe3251c9000)]
  0x00007fe338080000 JavaThread "Finalizer" daemon [_thread_blocked, id=26728, stack(0x00007fe3254a4000,0x00007fe3255a5000)]
  0x00007fe33807b800 JavaThread "Reference Handler" daemon [_thread_blocked, id=26727, stack(0x00007fe3255a5000,0x00007fe3256a6000)]
  0x00007fe33800a000 JavaThread "main" [_thread_blocked, id=26723, stack(0x00007fe33f3d9000,0x00007fe33f4da000)]

Other Threads:
=>0x00007fe338073800 VMThread [stack: 0x00007fe3256a6000,0x00007fe3257a7000] [id=26726]
  0x00007fe3380bd800 WatcherThread [stack: 0x00007fe324cc4000,0x00007fe324dc5000] [id=26733]

VM state:at safepoint (normal execution)

VM Mutex/Monitor currently owned by a thread:  ([mutex/lock_event])
[0x00007fe338005b20] ExpandHeap_lock - owner thread: 0x00007fe338073800
[0x00007fe3380061a0] Threads_lock - owner thread: 0x00007fe338073800
[0x00007fe3380066a0] Heap_lock - owner thread: 0x00007fe33800a000

Heap:
 PSYoungGen      total 289792K, used 0K [0x00000000eb700000, 0x0000000100000000, 0x0000000100000000)
  eden space 244224K, 0% used [0x00000000eb700000,0x00000000eb700000,0x00000000fa580000)
  from space 45568K, 0% used [0x00000000fa580000,0x00000000fa580000,0x00000000fd200000)
  to   space 47104K, 0% used [0x00000000fd200000,0x00000000fd200000,0x0000000100000000)
 ParOldGen       total 134656K, used 133700K [0x00000000c2400000, 0x00000000ca780000, 0x00000000eb700000)
  object space 134656K, 99% used [0x00000000c2400000,0x00000000ca691028,0x00000000ca780000)
 Metaspace       used 24918K, capacity 25576K, committed 25776K, reserved 1073152K
  class space    used 2744K, capacity 2946K, committed 2992K, reserved 1048576K

Card table byte_map: [0x00007fe328e11000,0x00007fe329000000] byte_map_base: 0x00007fe3287ff000

Marking Bits: (ParMarkBitMap*) 0x00007fe33e8b4f80
 Begin Bits: [0x00007fe326d2f000, 0x00007fe327c9f000)
 End Bits:   [0x00007fe327c9f000, 0x00007fe328c0f000)

Polling page: 0x00007fe33f502000

CodeCache: size=245760Kb used=21009Kb max_used=21028Kb free=224750Kb
 bounds [0x00007fe329000000, 0x00007fe32a4a0000, 0x00007fe338000000]
 total_blobs=6713 nmethods=6328 adapters=296
 compilation: enabled

Compilation events (10 events):
Event: 13.470 Thread 0x00007fe3380b7800 6987       2       com.sun.tools.javac.code.Type$ArrayType::contains (22 bytes)
Event: 13.470 Thread 0x00007fe3380b7800 nmethod 6987 0x00007fe32a477b90 code [0x00007fe32a477d00, 0x00007fe32a477ea8]
Event: 13.475 Thread 0x00007fe3380b7800 6989       2       com.sun.tools.javac.comp.DeferredAttr$2::complete (135 bytes)
Event: 13.476 Thread 0x00007fe3380b7800 nmethod 6989 0x00007fe32a476f10 code [0x00007fe32a477100, 0x00007fe32a4775f8]
Event: 13.478 Thread 0x00007fe3380b7800 6990       2       com.sun.tools.javac.tree.JCTree$JCLambda::getBodyKind (23 bytes)
Event: 13.478 Thread 0x00007fe3380b7800 nmethod 6990 0x00007fe32a476b10 code [0x00007fe32a476c80, 0x00007fe32a476e48]
Event: 13.479 Thread 0x00007fe3380b7800 6991       2       com.sun.tools.javac.tree.JCTree$JCArrayAccess::getTag (4 bytes)
Event: 13.479 Thread 0x00007fe3380b7800 nmethod 6991 0x00007fe32a4767d0 code [0x00007fe32a476920, 0x00007fe32a476a70]
Event: 13.479 Thread 0x00007fe3380b7800 6992       2       com.sun.tools.javac.comp.Attr$PostAttrAnalyzer::visitSelect (27 bytes)
Event: 13.479 Thread 0x00007fe3380b7800 nmethod 6992 0x00007fe32a476390 code [0x00007fe32a476500, 0x00007fe32a4766a8]

GC Heap History (10 events):
Event: 6.216 GC heap after
Heap after GC invocations=11 (full 1):
 PSYoungGen      total 211456K, used 0K [0x00000000eb700000, 0x00000000f9200000, 0x0000000100000000)
  eden space 200192K, 0% used [0x00000000eb700000,0x00000000eb700000,0x00000000f7a80000)
  from space 11264K, 0% used [0x00000000f8600000,0x00000000f8600000,0x00000000f9100000)
  to   space 11776K, 0% used [0x00000000f7a80000,0x00000000f7a80000,0x00000000f8600000)
 ParOldGen       total 51200K, used 21582K [0x00000000c2400000, 0x00000000c5600000, 0x00000000eb700000)
  object space 51200K, 42% used [0x00000000c2400000,0x00000000c3913810,0x00000000c5600000)
 Metaspace       used 20460K, capacity 21104K, committed 21296K, reserved 1069056K
  class space    used 2412K, capacity 2586K, committed 2608K, reserved 1048576K
}
Event: 8.621 GC heap before
{Heap before GC invocations=12 (full 1):
 PSYoungGen      total 211456K, used 200192K [0x00000000eb700000, 0x00000000f9200000, 0x0000000100000000)
  eden space 200192K, 100% used [0x00000000eb700000,0x00000000f7a80000,0x00000000f7a80000)
  from space 11264K, 0% used [0x00000000f8600000,0x00000000f8600000,0x00000000f9100000)
  to   space 11776K, 0% used [0x00000000f7a80000,0x00000000f7a80000,0x00000000f8600000)
 ParOldGen       total 51200K, used 21582K [0x00000000c2400000, 0x00000000c5600000, 0x00000000eb700000)
  object space 51200K, 42% used [0x00000000c2400000,0x00000000c3913810,0x00000000c5600000)
 Metaspace       used 21371K, capacity 22000K, committed 22192K, reserved 1069056K
  class space    used 2481K, capacity 2650K, committed 2736K, reserved 1048576K
Event: 8.889 GC heap after
Heap after GC invocations=12 (full 1):
 PSYoungGen      total 211968K, used 11751K [0x00000000eb700000, 0x00000000ffe80000, 0x0000000100000000)
  eden space 200192K, 0% used [0x00000000eb700000,0x00000000eb700000,0x00000000f7a80000)
  from space 11776K, 99% used [0x00000000f7a80000,0x00000000f85f9c48,0x00000000f8600000)
  to   space 31232K, 0% used [0x00000000fe000000,0x00000000fe000000,0x00000000ffe80000)
 ParOldGen       total 71168K, used 70719K [0x00000000c2400000, 0x00000000c6980000, 0x00000000eb700000)
  object space 71168K, 99% used [0x00000000c2400000,0x00000000c690fdc0,0x00000000c6980000)
 Metaspace       used 21371K, capacity 22000K, committed 22192K, reserved 1069056K
  class space    used 2481K, capacity 2650K, committed 2736K, reserved 1048576K
}
Event: 8.891 GC heap before
{Heap before GC invocations=13 (full 2):
 PSYoungGen      total 211968K, used 11751K [0x00000000eb700000, 0x00000000ffe80000, 0x0000000100000000)
  eden space 200192K, 0% used [0x00000000eb700000,0x00000000eb700000,0x00000000f7a80000)
  from space 11776K, 99% used [0x00000000f7a80000,0x00000000f85f9c48,0x00000000f8600000)
  to   space 31232K, 0% used [0x00000000fe000000,0x00000000fe000000,0x00000000ffe80000)
 ParOldGen       total 71168K, used 70719K [0x00000000c2400000, 0x00000000c6980000, 0x00000000eb700000)
  object space 71168K, 99% used [0x00000000c2400000,0x00000000c690fdc0,0x00000000c6980000)
 Metaspace       used 21371K, capacity 22000K, committed 22192K, reserved 1069056K
  class space    used 2481K, capacity 2650K, committed 2736K, reserved 1048576K
Event: 9.467 GC heap after
Heap after GC invocations=13 (full 2):
 PSYoungGen      total 211968K, used 7612K [0x00000000eb700000, 0x00000000ffe80000, 0x0000000100000000)
  eden space 200192K, 0% used [0x00000000eb700000,0x00000000eb700000,0x00000000f7a80000)
  from space 11776K, 64% used [0x00000000f7a80000,0x00000000f81ef320,0x00000000f8600000)
  to   space 31232K, 0% used [0x00000000fe000000,0x00000000fe000000,0x00000000ffe80000)
 ParOldGen       total 134656K, used 71100K [0x00000000c2400000, 0x00000000ca780000, 0x00000000eb700000)
  object space 134656K, 52% used [0x00000000c2400000,0x00000000c696f3c0,0x00000000ca780000)
 Metaspace       used 21371K, capacity 22000K, committed 22192K, reserved 1069056K
  class space    used 2481K, capacity 2650K, committed 2736K, reserved 1048576K
}
Event: 11.122 GC heap before
{Heap before GC invocations=14 (full 2):
 PSYoungGen      total 211968K, used 207804K [0x00000000eb700000, 0x00000000ffe80000, 0x0000000100000000)
  eden space 200192K, 100% used [0x00000000eb700000,0x00000000f7a80000,0x00000000f7a80000)
  from space 11776K, 64% used [0x00000000f7a80000,0x00000000f81ef320,0x00000000f8600000)
  to   space 31232K, 0% used [0x00000000fe000000,0x00000000fe000000,0x00000000ffe80000)
 ParOldGen       total 134656K, used 71100K [0x00000000c2400000, 0x00000000ca780000, 0x00000000eb700000)
  object space 134656K, 52% used [0x00000000c2400000,0x00000000c696f3c0,0x00000000ca780000)
 Metaspace       used 22997K, capacity 23656K, committed 23856K, reserved 1071104K
  class space    used 2594K, capacity 2818K, committed 2864K, reserved 1048576K
Event: 11.282 GC heap after
Heap after GC invocations=14 (full 2):
 PSYoungGen      total 271360K, used 31217K [0x00000000eb700000, 0x00000000ffe80000, 0x0000000100000000)
  eden space 240128K, 0% used [0x00000000eb700000,0x00000000eb700000,0x00000000fa180000)
  from space 31232K, 99% used [0x00000000fe000000,0x00000000ffe7c560,0x00000000ffe80000)
  to   space 45568K, 0% used [0x00000000fa580000,0x00000000fa580000,0x00000000fd200000)
 ParOldGen       total 134656K, used 94392K [0x00000000c2400000, 0x00000000ca780000, 0x00000000eb700000)
  object space 134656K, 70% used [0x00000000c2400000,0x00000000c802e0b8,0x00000000ca780000)
 Metaspace       used 22997K, capacity 23656K, committed 23856K, reserved 1071104K
  class space    used 2594K, capacity 2818K, committed 2864K, reserved 1048576K
}
Event: 13.479 GC heap before
{Heap before GC invocations=15 (full 2):
 PSYoungGen      total 271360K, used 271345K [0x00000000eb700000, 0x00000000ffe80000, 0x0000000100000000)
  eden space 240128K, 100% used [0x00000000eb700000,0x00000000fa180000,0x00000000fa180000)
  from space 31232K, 99% used [0x00000000fe000000,0x00000000ffe7c560,0x00000000ffe80000)
  to   space 45568K, 0% used [0x00000000fa580000,0x00000000fa580000,0x00000000fd200000)
 ParOldGen       total 134656K, used 94392K [0x00000000c2400000, 0x00000000ca780000, 0x00000000eb700000)
  object space 134656K, 70% used [0x00000000c2400000,0x00000000c802e0b8,0x00000000ca780000)
 Metaspace       used 24918K, capacity 25576K, committed 25776K, reserved 1073152K
  class space    used 2744K, capacity 2946K, committed 2992K, reserved 1048576K
Event: 13.655 GC heap after
Heap after GC invocations=15 (full 2):
 PSYoungGen      total 289792K, used 27762K [0x00000000eb700000, 0x0000000100000000, 0x0000000100000000)
  eden space 244224K, 0% used [0x00000000eb700000,0x00000000eb700000,0x00000000fa580000)
  from space 45568K, 60% used [0x00000000fa580000,0x00000000fc09c908,0x00000000fd200000)
  to   space 47104K, 0% used [0x00000000fd200000,0x00000000fd200000,0x0000000100000000)
 ParOldGen       total 134656K, used 124442K [0x00000000c2400000, 0x00000000ca780000, 0x00000000eb700000)
  object space 134656K, 92% used [0x00000000c2400000,0x00000000c9d86bb8,0x00000000ca780000)
 Metaspace       used 24918K, capacity 25576K, committed 25776K, reserved 1073152K
  class space    used 2744K, capacity 2946K, committed 2992K, reserved 1048576K
}
Event: 13.656 GC heap before
{Heap before GC invocations=16 (full 3):
 PSYoungGen      total 289792K, used 27762K [0x00000000eb700000, 0x0000000100000000, 0x0000000100000000)
  eden space 244224K, 0% used [0x00000000eb700000,0x00000000eb700000,0x00000000fa580000)
  from space 45568K, 60% used [0x00000000fa580000,0x00000000fc09c908,0x00000000fd200000)
  to   space 47104K, 0% used [0x00000000fd200000,0x00000000fd200000,0x0000000100000000)
 ParOldGen       total 134656K, used 124442K [0x00000000c2400000, 0x00000000ca780000, 0x00000000eb700000)
  object space 134656K, 92% used [0x00000000c2400000,0x00000000c9d86bb8,0x00000000ca780000)
 Metaspace       used 24918K, capacity 25576K, committed 25776K, reserved 1073152K
  class space    used 2744K, capacity 2946K, committed 2992K, reserved 1048576K

Deoptimization events (10 events):
Event: 12.971 Thread 0x00007fe33800a000 Uncommon trap: reason=class_check action=maybe_recompile pc=0x00007fe32a35853c method=com.sun.tools.javac.comp.Resolve$AbstractMethodCheck.argumentsAcceptable(Lcom/sun/tools/javac/comp/Env;Lcom/sun/tools/javac/comp/DeferredAttr$DeferredAttrContext;Lcom/su
Event: 12.971 Thread 0x00007fe33800a000 Uncommon trap: reason=class_check action=maybe_recompile pc=0x00007fe32a35853c method=com.sun.tools.javac.comp.Resolve$AbstractMethodCheck.argumentsAcceptable(Lcom/sun/tools/javac/comp/Env;Lcom/sun/tools/javac/comp/DeferredAttr$DeferredAttrContext;Lcom/su
Event: 12.971 Thread 0x00007fe33800a000 Uncommon trap: reason=class_check action=maybe_recompile pc=0x00007fe32a35853c method=com.sun.tools.javac.comp.Resolve$AbstractMethodCheck.argumentsAcceptable(Lcom/sun/tools/javac/comp/Env;Lcom/sun/tools/javac/comp/DeferredAttr$DeferredAttrContext;Lcom/su
Event: 12.971 Thread 0x00007fe33800a000 Uncommon trap: reason=class_check action=maybe_recompile pc=0x00007fe32a35853c method=com.sun.tools.javac.comp.Resolve$AbstractMethodCheck.argumentsAcceptable(Lcom/sun/tools/javac/comp/Env;Lcom/sun/tools/javac/comp/DeferredAttr$DeferredAttrContext;Lcom/su
Event: 13.233 Thread 0x00007fe33800a000 Uncommon trap: reason=unstable_if action=reinterpret pc=0x00007fe329cc0e94 method=com.sun.tools.javac.util.IntHashTable.rehash()V @ 88
Event: 13.250 Thread 0x00007fe33800a000 Uncommon trap: reason=unstable_if action=reinterpret pc=0x00007fe329cb7d98 method=com.sun.tools.javac.util.IntHashTable.rehash()V @ 88
Event: 13.254 Thread 0x00007fe33800a000 Uncommon trap: reason=class_check action=maybe_recompile pc=0x00007fe32a36daf0 method=com.sun.tools.javac.code.Type$ClassType.allparams()Lcom/sun/tools/javac/util/List; @ 16
Event: 13.407 Thread 0x00007fe33800a000 Uncommon trap: reason=class_check action=maybe_recompile pc=0x00007fe32a36daf0 method=com.sun.tools.javac.code.Type$ClassType.allparams()Lcom/sun/tools/javac/util/List; @ 16
Event: 13.407 Thread 0x00007fe33800a000 Uncommon trap: reason=class_check action=maybe_recompile pc=0x00007fe32a36daf0 method=com.sun.tools.javac.code.Type$ClassType.allparams()Lcom/sun/tools/javac/util/List; @ 16
Event: 13.468 Thread 0x00007fe33800a000 Uncommon trap: reason=class_check action=maybe_recompile pc=0x00007fe32a36daf0 method=com.sun.tools.javac.code.Type$ClassType.allparams()Lcom/sun/tools/javac/util/List; @ 16

Internal exceptions (10 events):
Event: 8.467 Thread 0x00007fe33800a000 Exception <a 'java/io/FileNotFoundException'> (0x00000000f68e8440) thrown at [/HUDSON/workspace/8-2-build-linux-amd64/jdk8u151/9699/hotspot/src/share/vm/prims/jni.cpp, line 709]
Event: 8.471 Thread 0x00007fe33800a000 Exception <a 'java/io/FileNotFoundException'> (0x00000000f691d518) thrown at [/HUDSON/workspace/8-2-build-linux-amd64/jdk8u151/9699/hotspot/src/share/vm/prims/jni.cpp, line 709]
Event: 8.619 Thread 0x00007fe33800a000 Exception <a 'java/io/FileNotFoundException'> (0x00000000f7a2a2b0) thrown at [/HUDSON/workspace/8-2-build-linux-amd64/jdk8u151/9699/hotspot/src/share/vm/prims/jni.cpp, line 709]
Event: 8.619 Thread 0x00007fe33800a000 Exception <a 'java/io/FileNotFoundException'> (0x00000000f7a2afd0) thrown at [/HUDSON/workspace/8-2-build-linux-amd64/jdk8u151/9699/hotspot/src/share/vm/prims/jni.cpp, line 709]
Event: 8.619 Thread 0x00007fe33800a000 Exception <a 'java/io/FileNotFoundException'> (0x00000000f7a2bcf8) thrown at [/HUDSON/workspace/8-2-build-linux-amd64/jdk8u151/9699/hotspot/src/share/vm/prims/jni.cpp, line 709]
Event: 9.516 Thread 0x00007fe33800a000 Exception <a 'java/io/FileNotFoundException'> (0x00000000ebb202d0) thrown at [/HUDSON/workspace/8-2-build-linux-amd64/jdk8u151/9699/hotspot/src/share/vm/prims/jni.cpp, line 709]
Event: 9.518 Thread 0x00007fe33800a000 Exception <a 'java/io/FileNotFoundException'> (0x00000000ebb3f868) thrown at [/HUDSON/workspace/8-2-build-linux-amd64/jdk8u151/9699/hotspot/src/share/vm/prims/jni.cpp, line 709]
Event: 10.843 Thread 0x00007fe33800a000 Implicit null exception at 0x00007fe329dde4d0 to 0x00007fe329dde9f9
Event: 11.417 Thread 0x00007fe33800a000 Exception <a 'java/io/FileNotFoundException'> (0x00000000ed24ca90) thrown at [/HUDSON/workspace/8-2-build-linux-amd64/jdk8u151/9699/hotspot/src/share/vm/prims/jni.cpp, line 709]
Event: 12.944 Thread 0x00007fe33800a000 Implicit null exception at 0x00007fe32a3316f4 to 0x00007fe32a334d71

Events (10 events):
Event: 13.468 Thread 0x00007fe33800a000 Uncommon trap: trap_request=0xffffffde fr.pc=0x00007fe32a36daf0
Event: 13.468 Thread 0x00007fe33800a000 DEOPT PACKING pc=0x00007fe32a36daf0 sp=0x00007fe33f4d66a0
Event: 13.468 Thread 0x00007fe33800a000 DEOPT UNPACKING pc=0x00007fe329005229 sp=0x00007fe33f4d6660 mode 2
Event: 13.475 loading class com/sun/tools/javac/comp/Infer$InferenceContext$7
Event: 13.475 loading class com/sun/tools/javac/comp/Infer$InferenceContext$7 done
Event: 13.476 loading class com/sun/tools/javac/comp/Infer$BestLeafSolver
Event: 13.476 loading class com/sun/tools/javac/comp/Infer$BestLeafSolver done
Event: 13.476 Executing VM operation: Deoptimize
Event: 13.477 Executing VM operation: Deoptimize done
Event: 13.479 Executing VM operation: ParallelGCFailedAllocation


Dynamic libraries:
00400000-00401000 r-xp 00000000 08:01 2106513                            /usr/lib/jvm/java-8-oracle/bin/java
00600000-00601000 rw-p 00000000 08:01 2106513                            /usr/lib/jvm/java-8-oracle/bin/java
01745000-01766000 rw-p 00000000 00:00 0                                  [heap]
c2400000-ca780000 rw-p 00000000 00:00 0 
cff80000-eb700000 ---p 00000000 00:00 0 
eb700000-100000000 rw-p 00000000 00:00 0 
100000000-1002ec000 rw-p 00000000 00:00 0 
1002ec000-140000000 ---p 00000000 00:00 0 
7fe2f3bd2000-7fe2f3c12000 rw-p 00000000 00:00 0 
7fe2f3c12000-7fe2f3dd2000 ---p 00000000 00:00 0 
7fe2f3dd2000-7fe2f3dd4000 r--s 0000b000 08:01 921145                     /home/madunlap/.m2/repository/org/json/json/20160212/json-20160212.jar
7fe2f3dd4000-7fe2f3dd6000 r--s 00009000 08:01 921147                     /home/madunlap/.m2/repository/com/mashape/unirest/unirest-java/1.4.9/unirest-java-1.4.9.jar
7fe2f3dd6000-7fe2f3dd8000 r--s 0000e000 08:01 921141                     /home/madunlap/.m2/repository/org/jvnet/mimepull/mimepull/1.9.6/mimepull-1.9.6.jar
7fe2f3dd8000-7fe2f3ddb000 r--s 0000e000 08:01 921143                     /home/madunlap/.m2/repository/org/glassfish/jersey/media/jersey-media-multipart/2.23.2/jersey-media-multipart-2.23.2.jar
7fe2f3ddb000-7fe2f3ddf000 r--s 00019000 08:01 921137                     /home/madunlap/.m2/repository/javax/ws/rs/javax.ws.rs-api/2.0.1/javax.ws.rs-api-2.0.1.jar
7fe2f3ddf000-7fe2f3de1000 r--s 00010000 08:01 921134                     /home/madunlap/.m2/repository/org/glassfish/jersey/media/jersey-media-jaxb/2.23.2/jersey-media-jaxb-2.23.2.jar
7fe2f3de1000-7fe2f3de6000 r--s 00025000 08:01 921138                     /home/madunlap/.m2/repository/org/glassfish/jersey/core/jersey-client/2.23.2/jersey-client-2.23.2.jar
7fe2f3de6000-7fe2f3dfc000 r--s 000d3000 08:01 921133                     /home/madunlap/.m2/repository/org/glassfish/jersey/core/jersey-server/2.23.2/jersey-server-2.23.2.jar
7fe2f3dfc000-7fe2f3dfd000 r--s 00004000 08:01 921129                     /home/madunlap/.m2/repository/org/glassfish/hk2/osgi-resource-locator/1.0.1/osgi-resource-locator-1.0.1.jar
7fe2f3dfd000-7fe2f3e07000 r--s 000ae000 08:01 921127                     /home/madunlap/.m2/repository/org/javassist/javassist/3.20.0-GA/javassist-3.20.0-GA.jar
7fe2f3e07000-7fe2f3e0a000 r--s 0002a000 08:01 921123                     /home/madunlap/.m2/repository/org/glassfish/hk2/hk2-locator/2.5.0-b05/hk2-locator-2.5.0-b05.jar
7fe2f3e0a000-7fe2f3e0c000 r--s 00002000 08:01 921128                     /home/madunlap/.m2/repository/org/glassfish/hk2/external/aopalliance-repackaged/2.5.0-b05/aopalliance-repackaged-2.5.0-b05.jar
7fe2f3e0c000-7fe2f3e10000 r--s 0001a000 08:01 921125                     /home/madunlap/.m2/repository/org/glassfish/hk2/hk2-utils/2.5.0-b05/hk2-utils-2.5.0-b05.jar
7fe2f3e10000-7fe2f3e15000 r--s 00027000 08:01 921118                     /home/madunlap/.m2/repository/org/glassfish/hk2/hk2-api/2.5.0-b05/hk2-api-2.5.0-b05.jar
7fe2f3e15000-7fe2f3e2d000 r--s 000d6000 08:01 921120                     /home/madunlap/.m2/repository/org/glassfish/jersey/bundles/repackaged/jersey-guava/2.23.2/jersey-guava-2.23.2.jar
7fe2f3e2d000-7fe2f3e2f000 r--s 00005000 08:01 921116                     /home/madunlap/.m2/repository/javax/annotation/javax.annotation-api/1.2/javax.annotation-api-1.2.jar
7fe2f3e2f000-7fe2f3e3e000 r--s 000a0000 08:01 921111                     /home/madunlap/.m2/repository/org/glassfish/jersey/core/jersey-common/2.23.2/jersey-common-2.23.2.jar
7fe2f3e3e000-7fe2f3e3f000 r--s 00001000 08:01 921113                     /home/madunlap/.m2/repository/org/glassfish/hk2/external/javax.inject/2.5.0-b05/javax.inject-2.5.0-b05.jar
7fe2f3e3f000-7fe2f3e42000 r--s 0000e000 08:01 921110                     /home/madunlap/.m2/repository/org/glassfish/jersey/containers/jersey-container-servlet-core/2.23.2/jersey-container-servlet-core-2.23.2.jar
7fe2f3e42000-7fe2f3e44000 r--s 00003000 08:01 921107                     /home/madunlap/.m2/repository/org/glassfish/jersey/containers/jersey-container-servlet/2.23.2/jersey-container-servlet-2.23.2.jar
7fe2f3e44000-7fe2f3e46000 r--s 00008000 08:01 921112                     /home/madunlap/.m2/repository/com/google/auto/auto-common/0.3/auto-common-0.3.jar
7fe2f3e46000-7fe2f4046000 rw-p 00000000 00:00 0 
7fe2f4046000-7fe2f4047000 r--s 00002000 08:01 921105                     /home/madunlap/.m2/repository/com/google/auto/service/auto-service/1.0-rc2/auto-service-1.0-rc2.jar
7fe2f4047000-7fe2f4049000 r--s 0000c000 08:01 921153                     /home/madunlap/.m2/repository/com/lyncode/xoai-service-provider/4.1.0-header-patch/xoai-service-provider-4.1.0-header-patch.jar
7fe2f4049000-7fe2f404a000 r--s 00001000 08:01 921104                     /home/madunlap/.m2/repository/com/lyncode/builder-commons/1.0.2/builder-commons-1.0.2.jar
7fe2f404a000-7fe2f404d000 r--s 00012000 08:01 921152                     /home/madunlap/.m2/repository/com/lyncode/xoai-data-provider/4.1.0-header-patch/xoai-data-provider-4.1.0-header-patch.jar
7fe2f404d000-7fe2f404f000 r--s 00005000 08:01 791390                     /home/madunlap/.m2/repository/stax/stax-api/1.0.1/stax-api-1.0.1.jar
7fe2f404f000-7fe2f4055000 r--s 00048000 08:01 921101                     /home/madunlap/.m2/repository/org/apache/commons/commons-lang3/3.1/commons-lang3-3.1.jar
7fe2f4055000-7fe2f4057000 r--s 00004000 08:01 921097                     /home/madunlap/.m2/repository/javax/xml/stream/stax-api/1.0-2/stax-api-1.0-2.jar
7fe2f4057000-7fe2f405b000 r--s 00029000 08:01 921098                     /home/madunlap/.m2/repository/org/codehaus/woodstox/stax2-api/3.0.4/stax2-api-3.0.4.jar
7fe2f405b000-7fe2f4061000 r--s 00045000 08:01 921095                     /home/madunlap/.m2/repository/org/hamcrest/hamcrest-all/1.3/hamcrest-all-1.3.jar
7fe2f4061000-7fe2f4062000 r--s 00003000 08:01 921092                     /home/madunlap/.m2/repository/com/lyncode/test-support/1.0.4/test-support-1.0.4.jar
7fe2f4062000-7fe2f4064000 r--s 00004000 08:01 921090                     /home/madunlap/.m2/repository/com/lyncode/xml-io/1.0.3/xml-io-1.0.3.jar
7fe2f4064000-7fe2f4066000 r--s 0000d000 08:01 921151                     /home/madunlap/.m2/repository/com/lyncode/xoai-common/4.1.0-header-patch/xoai-common-4.1.0-header-patch.jar
7fe2f4066000-7fe2f4069000 r--s 00011000 08:01 921088                     /home/madunlap/.m2/repository/com/github/scribejava/scribejava-core/3.1.0/scribejava-core-3.1.0.jar
7fe2f4069000-7fe2f406c000 r--s 00010000 08:01 921084                     /home/madunlap/.m2/repository/com/github/scribejava/scribejava-apis/3.1.0/scribejava-apis-3.1.0.jar
7fe2f406c000-7fe2f4075000 r--s 0006f000 08:01 921083                     /home/madunlap/.m2/repository/log4j/log4j/1.2.17/log4j-1.2.17.jar
7fe2f4075000-7fe2f414c000 r--s 007aa000 08:01 921093                     /home/madunlap/.m2/repository/net/sf/ehcache/ehcache/2.10.1/ehcache-2.10.1.jar
7fe2f414c000-7fe2f414e000 r--s 00008000 08:01 921082                     /home/madunlap/.m2/repository/org/apache/commons/commons-csv/1.2/commons-csv-1.2.jar
7fe2f414e000-7fe2f4152000 r--s 00035000 08:01 921081                     /home/madunlap/.m2/repository/com/fasterxml/jackson/core/jackson-core/2.5.3/jackson-core-2.5.3.jar
7fe2f4152000-7fe2f4154000 r--s 00008000 08:01 921075                     /home/madunlap/.m2/repository/com/fasterxml/jackson/core/jackson-annotations/2.5.0/jackson-annotations-2.5.0.jar
7fe2f4154000-7fe2f4166000 r--s 00106000 08:01 921073                     /home/madunlap/.m2/repository/com/fasterxml/jackson/core/jackson-databind/2.5.3/jackson-databind-2.5.3.jar
7fe2f4166000-7fe2f4169000 r--s 00006000 08:01 921070                     /home/madunlap/.m2/repository/com/google/code/findbugs/jsr305/1.3.9/jsr305-1.3.9.jar
7fe2f4169000-7fe2f416f000 r--s 00040000 08:01 921074                     /home/madunlap/.m2/repository/com/google/http-client/google-http-client/1.20.0/google-http-client-1.20.0.jar
7fe2f416f000-7fe2f4170000 r--s 00004000 08:01 921066                     /home/madunlap/.m2/repository/com/maxmind/db/maxmind-db/1.0.0/maxmind-db-1.0.0.jar
7fe2f4170000-7fe2f4172000 r--s 00007000 08:01 921064                     /home/madunlap/.m2/repository/com/maxmind/geoip2/geoip2/2.3.1/geoip2-2.3.1.jar
7fe2f4172000-7fe2f4176000 r--s 00034000 08:01 921067                     /home/madunlap/.m2/repository/org/codehaus/jackson/jackson-core-asl/1.9.7/jackson-core-asl-1.9.7.jar
7fe2f4176000-7fe2f4185000 r--s 000b0000 08:01 921065                     /home/madunlap/.m2/repository/org/codehaus/jackson/jackson-mapper-asl/1.9.7/jackson-mapper-asl-1.9.7.jar
7fe2f4185000-7fe2f418f000 r--s 0003d000 08:01 921060                     /home/madunlap/.m2/repository/org/javaswift/joss/0.9.10/joss-0.9.10.jar
7fe2f418f000-7fe2f4196000 r--s 0003a000 08:01 921056                     /home/madunlap/.m2/repository/commons-codec/commons-codec/1.9/commons-codec-1.9.jar
7fe2f4196000-7fe2f419d000 r--s 00048000 08:01 921054                     /home/madunlap/.m2/repository/org/apache/httpcomponents/httpcore/4.4.1/httpcore-4.4.1.jar
7fe2f419d000-7fe2f41aa000 r--s 000a4000 08:01 921052                     /home/madunlap/.m2/repository/org/apache/httpcomponents/httpclient/4.4.1/httpclient-4.4.1.jar
7fe2f41aa000-7fe2f41ae000 r--s 00028000 08:01 921050                     /home/madunlap/.m2/repository/org/apache/httpcomponents/httpasyncclient/4.1/httpasyncclient-4.1.jar
7fe2f41ae000-7fe2f41b5000 r--s 00050000 08:01 921049                     /home/madunlap/.m2/repository/org/apache/httpcomponents/httpcore-nio/4.4.1/httpcore-nio-4.4.1.jar
7fe2f41b5000-7fe2f41bb000 r--s 00033000 08:01 921046                     /home/madunlap/.m2/repository/io/searchbox/jest-common/0.1.7/jest-common-0.1.7.jar
7fe2f41bb000-7fe2f41bc000 r--s 00004000 08:01 921045                     /home/madunlap/.m2/repository/io/searchbox/jest/0.1.7/jest-0.1.7.jar
7fe2f41bc000-7fe2f41bd000 r--s 00004000 08:01 921039                     /home/madunlap/.m2/repository/org/apache/axis/axis-saaj/1.4/axis-saaj-1.4.jar
7fe2f41bd000-7fe2f41bf000 r--s 00006000 08:01 921036                     /home/madunlap/.m2/repository/org/apache/axis/axis-jaxrpc/1.4/axis-jaxrpc-1.4.jar
7fe2f41bf000-7fe2f41d3000 r--s 00173000 08:01 921038                     /home/madunlap/.m2/repository/axis/axis/1.4/axis-1.4.jar
7fe2f41d3000-7fe2f41ef000 r--s 00103000 08:01 921030                     /home/madunlap/.m2/repository/org/mockito/mockito-core/1.10.19/mockito-core-1.10.19.jar
7fe2f41ef000-7fe2f41f1000 r--s 00001000 08:01 921031                     /home/madunlap/.m2/repository/org/slf4j/slf4j-log4j12/1.7.7/slf4j-log4j12-1.7.7.jar
7fe2f41f1000-7fe2f41f3000 r--s 00006000 08:01 791385                     /home/madunlap/.m2/repository/org/slf4j/slf4j-api/1.7.7/slf4j-api-1.7.7.jar
7fe2f41f3000-7fe2f41f5000 r--s 00008000 08:01 920991                     /home/madunlap/.m2/repository/classworlds/classworlds/1.1-alpha-2/classworlds-1.1-alpha-2.jar
7fe2f41f5000-7fe2f41fc000 r--s 00029000 08:01 920988                     /home/madunlap/.m2/repository/org/codehaus/plexus/plexus-container-default/1.0-alpha-9-stable-1/plexus-container-default-1.0-alpha-9-stable-1.jar
7fe2f41fc000-7fe2f41ff000 r--s 00011000 08:01 920989                     /home/madunlap/.m2/repository/org/apache/maven/maven-artifact/2.2.1/maven-artifact-2.2.1.jar
7fe2f41ff000-7fe2f4201000 r--s 00006000 08:01 920982                     /home/madunlap/.m2/repository/org/apache/maven/maven-plugin-registry/2.2.1/maven-plugin-registry-2.2.1.jar
7fe2f4201000-7fe2f4203000 r--s 0000b000 08:01 920978                     /home/madunlap/.m2/repository/org/apache/maven/wagon/wagon-provider-api/1.0-beta-6/wagon-provider-api-1.0-beta-6.jar
7fe2f4203000-7fe2f4205000 r--s 00005000 08:01 920980                     /home/madunlap/.m2/repository/org/apache/maven/maven-repository-metadata/2.2.1/maven-repository-metadata-2.2.1.jar
7fe2f4205000-7fe2f4207000 r--s 0000f000 08:01 920975                     /home/madunlap/.m2/repository/org/apache/maven/maven-artifact-manager/2.2.1/maven-artifact-manager-2.2.1.jar
7fe2f4207000-7fe2f4209000 r--s 00014000 08:01 920971                     /home/madunlap/.m2/repository/org/apache/maven/maven-model/2.2.1/maven-model-2.2.1.jar
7fe2f4209000-7fe2f420b000 r--s 00007000 08:01 920969                     /home/madunlap/.m2/repository/org/apache/maven/maven-profile/2.2.1/maven-profile-2.2.1.jar
7fe2f420b000-7fe2f420c000 r--s 0000b000 08:01 920972                     /home/madunlap/.m2/repository/org/apache/maven/maven-settings/2.2.1/maven-settings-2.2.1.jar
7fe2f420c000-7fe2f4210000 r--s 00023000 08:01 920973                     /home/madunlap/.m2/repository/org/apache/maven/maven-project/2.2.1/maven-project-2.2.1.jar
7fe2f4210000-7fe2f4212000 r--s 00002000 08:01 661356                     /home/madunlap/.m2/repository/org/apache/maven/maven-plugin-api/2.2.1/maven-plugin-api-2.2.1.jar
7fe2f4212000-7fe2f4214000 r--s 00015000 08:01 791373                     /home/madunlap/.m2/repository/org/ccil/cowan/tagsoup/tagsoup/1.2.1/tagsoup-1.2.1.jar
7fe2f4214000-7fe2f421a000 r--s 00044000 08:01 791367                     /home/madunlap/.m2/repository/org/jsoup/jsoup/1.8.1/jsoup-1.8.1.jar
7fe2f421a000-7fe2f421c000 r--s 00004000 08:01 791401                     /home/madunlap/.m2/repository/edu/ucsb/nceas/ezid/1.0.0/ezid-1.0.0.jar
7fe2f421c000-7fe2f421f000 r--s 0000b000 08:01 791362                     /home/madunlap/.m2/repository/org/ocpsoft/rewrite/rewrite-integration-faces/2.0.12.Final/rewrite-integration-faces-2.0.12.Final.jar
7fe2f421f000-7fe2f4221000 r--s 00001000 08:01 791360                     /home/madunlap/.m2/repository/org/ocpsoft/rewrite/rewrite-annotations-api/2.0.12.Final/rewrite-annotations-api-2.0.12.Final.jar
7fe2f4221000-7fe2f4222000 r--s 00005000 08:01 791359                     /home/madunlap/.m2/repository/org/ocpsoft/rewrite/rewrite-addressbuilder/2.0.12.Final/rewrite-addressbuilder-2.0.12.Final.jar
7fe2f4222000-7fe2f4224000 r--s 00008000 08:01 791357                     /home/madunlap/.m2/repository/org/ocpsoft/rewrite/rewrite-api-servlet/2.0.12.Final/rewrite-api-servlet-2.0.12.Final.jar
7fe2f4224000-7fe2f4226000 r--s 00001000 08:01 791354                     /home/madunlap/.m2/repository/org/ocpsoft/logging/logging-api/1.0.2.Final/logging-api-1.0.2.Final.jar
7fe2f4226000-7fe2f4227000 r--s 00003000 08:01 791353                     /home/madunlap/.m2/repository/org/ocpsoft/common/common-api/1.0.5.Final/common-api-1.0.5.Final.jar
7fe2f4227000-7fe2f422b000 r--s 00018000 08:01 791351                     /home/madunlap/.m2/repository/org/ocpsoft/rewrite/rewrite-api/2.0.12.Final/rewrite-api-2.0.12.Final.jar
7fe2f422b000-7fe2f422d000 r--s 00005000 08:01 791349                     /home/madunlap/.m2/repository/org/ocpsoft/rewrite/rewrite-annotations-impl/2.0.12.Final/rewrite-annotations-impl-2.0.12.Final.jar
7fe2f422d000-7fe2f423b000 r--s 00092000 08:01 791352                     /home/madunlap/.m2/repository/org/ocpsoft/rewrite/rewrite-config-prettyfaces/2.0.12.Final/rewrite-config-prettyfaces-2.0.12.Final.jar
7fe2f423b000-7fe2f4249000 r--s 0005f000 08:01 791345                     /home/madunlap/.m2/repository/org/ocpsoft/rewrite/rewrite-servlet/2.0.12.Final/rewrite-servlet-2.0.12.Final.jar
7fe2f4249000-7fe2f424d000 r--s 0003c000 08:01 791218                     /home/madunlap/.m2/repository/javax/media/jai_codec/1.1.3/jai_codec-1.1.3.jar
7fe2f424d000-7fe2f4261000 r--s 001bd000 08:01 791220                     /home/madunlap/.m2/repository/javax/media/jai_core/1.1.3/jai_core-1.1.3.jar
7fe2f4261000-7fe2f4272000 r--s 00106000 08:01 791219                     /home/madunlap/.m2/repository/javax/media/jai_imageio/1.1.1/jai_imageio-1.1.1.jar
7fe2f4272000-7fe2f4274000 r--s 00009000 08:01 791399                     /home/madunlap/.m2/repository/edu/harvard/hul/ois/jhove/jhove-handler/1.11.0/jhove-handler-1.11.0.jar
7fe2f4274000-7fe2f427d000 r--s 00079000 08:01 791398                     /home/madunlap/.m2/repository/edu/harvard/hul/ois/jhove/jhove-module/1.11.0/jhove-module-1.11.0.jar
7fe2f427d000-7fe2f4280000 r--s 00011000 08:01 791396                     /home/madunlap/.m2/repository/edu/harvard/hul/ois/jhove/jhove/1.11.0/jhove-1.11.0.jar
7fe2f4280000-7fe2f4290000 r--s 0011f000 08:01 791342                     /home/madunlap/.m2/repository/org/apache/poi/poi-scratchpad/3.10-FINAL/poi-scratchpad-3.10-FINAL.jar
7fe2f4290000-7fe2f4296000 r--s 00047000 08:01 791341                     /home/madunlap/.m2/repository/org/apache/poi/poi-examples/3.10-FINAL/poi-examples-3.10-FINAL.jar
7fe2f4296000-7fe2f429b000 r--s 00048000 08:01 791338                     /home/madunlap/.m2/repository/dom4j/dom4j/1.6.1/dom4j-1.6.1.jar
7fe2f429b000-7fe2f42d8000 r--s 0024f000 08:01 791336                     /home/madunlap/.m2/repository/org/apache/xmlbeans/xmlbeans/2.3.0/xmlbeans-2.3.0.jar
7fe2f42d8000-7fe2f4370000 r--s 00420000 08:01 791334                     /home/madunlap/.m2/repository/org/apache/poi/poi-ooxml-schemas/3.10-FINAL/poi-ooxml-schemas-3.10-FINAL.jar
7fe2f4370000-7fe2f437e000 r--s 000ee000 08:01 791333                     /home/madunlap/.m2/repository/org/apache/poi/poi-ooxml/3.10-FINAL/poi-ooxml-3.10-FINAL.jar
7fe2f437e000-7fe2f43a0000 r--s 001bb000 08:01 791332                     /home/madunlap/.m2/repository/org/apache/poi/poi/3.10-FINAL/poi-3.10-FINAL.jar
7fe2f43a0000-7fe2f43a2000 r--s 00006000 08:01 791331                     /home/madunlap/.m2/repository/org/nuiton/thirdparty/Rserve/0.6-1/Rserve-0.6-1.jar
7fe2f43a2000-7fe2f43a4000 r--s 00006000 08:01 791328                     /home/madunlap/.m2/repository/org/nuiton/thirdparty/REngine/0.6-1/REngine-0.6-1.jar
7fe2f43a4000-7fe2f43a5000 r--s 0000c000 08:01 791397                     /home/madunlap/.m2/repository/org/dataverse/unf/6.0/unf-6.0.jar
7fe2f43a5000-7fe2f43a6000 r--s 00018000 08:01 791394                     /home/madunlap/.m2/repository/edu/harvard/iq/dvn/unf5/5.0/unf5-5.0.jar
7fe2f43a6000-7fe2f43af000 r--s 000a6000 08:01 791393                     /home/madunlap/.m2/repository/net/handle/handle/2006-06-16-generated/handle-2006-06-16-generated.jar
7fe2f43af000-7fe2f43b2000 r--s 00035000 08:01 791395                     /home/madunlap/.m2/repository/nom/tam/fits/fits/2012-10-25-generated/fits-2012-10-25-generated.jar
7fe2f43b2000-7fe2f43b9000 r--s 00028000 08:01 791326                     /home/madunlap/.m2/repository/concurrent/concurrent/1.3.4/concurrent-1.3.4.jar
7fe2f43b9000-7fe2f43c7000 r--s 00081000 08:01 791324                     /home/madunlap/.m2/repository/colt/colt/1.2.0/colt-1.2.0.jar
7fe2f43c7000-7fe2f43d4000 r--s 00083000 08:01 791320                     /home/madunlap/.m2/repository/commons-collections/commons-collections/3.2.2/commons-collections-3.2.2.jar
7fe2f43d4000-7fe2f43d8000 r--s 00020000 08:01 791319                     /home/madunlap/.m2/repository/commons-digester/commons-digester/1.8.1/commons-digester-1.8.1.jar
7fe2f43d8000-7fe2f43dd000 r--s 00035000 08:01 791317                     /home/madunlap/.m2/repository/commons-beanutils/commons-beanutils/1.9.2/commons-beanutils-1.9.2.jar
7fe2f43dd000-7fe2f43e1000 r--s 0002a000 08:01 791315                     /home/madunlap/.m2/repository/commons-validator/commons-validator/1.6/commons-validator-1.6.jar
7fe2f43e1000-7fe2f43f4000 r--s 000df000 08:01 791313                     /home/madunlap/.m2/repository/org/apache/commons/commons-math/2.2/commons-math-2.2.jar
7fe2f43f4000-7fe2f43f6000 r--s 0000e000 08:01 791309                     /home/madunlap/.m2/repository/commons-logging/commons-logging/1.1.3/commons-logging-1.1.3.jar
7fe2f43f6000-7fe2f43f8000 r--s 00005000 08:01 791311                     /home/madunlap/.m2/repository/org/apache/httpcomponents/httpmime/4.2.6/httpmime-4.2.6.jar
7fe2f43f8000-7fe2f43f9000 r--s 00005000 08:01 791308                     /home/madunlap/.m2/repository/org/noggit/noggit/0.5/noggit-0.5.jar
7fe2f43f9000-7fe2f4405000 r--s 000b3000 08:01 791304                     /home/madunlap/.m2/repository/org/apache/zookeeper/zookeeper/3.4.5/zookeeper-3.4.5.jar
7fe2f4405000-7fe2f440d000 r--s 0005b000 08:01 791305                     /home/madunlap/.m2/repository/org/apache/solr/solr-solrj/4.6.0/solr-solrj-4.6.0.jar
7fe2f440d000-7fe2f440f000 r--s 0000d000 08:01 791302                     /home/madunlap/.m2/repository/com/fasterxml/classmate/1.0.0/classmate-1.0.0.jar
7fe2f440f000-7fe2f4411000 r--s 0000d000 08:01 791296                     /home/madunlap/.m2/repository/org/jboss/logging/jboss-logging/3.1.1.GA/jboss-logging-3.1.1.GA.jar
7fe2f4411000-7fe2f4415000 r--s 0000c000 08:01 791294                     /home/madunlap/.m2/repository/javax/validation/validation-api/1.1.0.Final/validation-api-1.1.0.Final.jar
7fe2f4415000-7fe2f4422000 r--s 00080000 08:01 791293                     /home/madunlap/.m2/repository/org/hibernate/hibernate-validator/5.0.3.Final/hibernate-validator-5.0.3.Final.jar
7fe2f4422000-7fe2f442c000 r--s 0006b000 08:01 791289                     /home/madunlap/.m2/repository/org/omnifaces/omnifaces/1.7/omnifaces-1.7.jar
7fe2f442c000-7fe2f443b000 r--s 000c4000 08:01 791290                     /home/madunlap/.m2/repository/org/atmosphere/atmosphere-runtime/2.4.2/atmosphere-runtime-2.4.2.jar
7fe2f443b000-7fe2f444f000 r--s 0013a000 08:01 791121                     /home/madunlap/.m2/repository/org/primefaces/themes/all-themes/1.0.10/all-themes-1.0.10.jar
7fe2f444f000-7fe2f447b000 r--s 00318000 08:01 791288                     /home/madunlap/.m2/repository/org/primefaces/primefaces/5.3/primefaces-5.3.jar
7fe2f447b000-7fe2f449d000 r--s 00120000 08:01 791284                     /home/madunlap/.m2/repository/javax/javaee-web-api/7.0/javaee-web-api-7.0.jar
7fe2f449d000-7fe2f449f000 r--s 0000e000 08:01 791282                     /home/madunlap/.m2/repository/javax/activation/activation/1.1/activation-1.1.jar
7fe2f449f000-7fe2f44a7000 r--s 00078000 08:01 791280                     /home/madunlap/.m2/repository/com/sun/mail/javax.mail/1.5.0/javax.mail-1.5.0.jar
7fe2f44a7000-7fe2f44db000 r--s 001a4000 08:01 791278                     /home/madunlap/.m2/repository/javax/javaee-api/7.0/javaee-api-7.0.jar
7fe2f44db000-7fe2f4506000 r--s 001f5000 08:01 791277                     /home/madunlap/.m2/repository/com/google/guava/guava/16.0.1/guava-16.0.1.jar
7fe2f4506000-7fe2f4507000 r--s 00004000 08:01 791275                     /home/madunlap/.m2/repository/org/mindrot/jbcrypt/0.3m/jbcrypt-0.3m.jar
7fe2f4507000-7fe2f4525000 r--s 0027d000 08:01 791273                     /home/madunlap/.m2/repository/xalan/xalan/2.7.0/xalan-2.7.0.jar
7fe2f4525000-7fe2f4539000 r--s 000e3000 08:01 791272                     /home/madunlap/.m2/repository/xerces/xercesImpl/2.6.2/xercesImpl-2.6.2.jar
7fe2f4539000-7fe2f453f000 r--s 00019000 08:01 791270                     /home/madunlap/.m2/repository/xerces/xmlParserAPIs/2.6.2/xmlParserAPIs-2.6.2.jar
7fe2f453f000-7fe2f4546000 r--s 00063000 08:01 791268                     /home/madunlap/.m2/repository/xom/xom/1.1/xom-1.1.jar
7fe2f4546000-7fe2f454b000 r--s 0002a000 08:01 791265                     /home/madunlap/.m2/repository/com/google/code/gson/gson/2.2.4/gson-2.2.4.jar
7fe2f454b000-7fe2f454f000 r--s 00027000 08:01 791263                     /home/madunlap/.m2/repository/commons-io/commons-io/2.2/commons-io-2.2.jar
7fe2f454f000-7fe2f4555000 r--s 00032000 08:01 791261                     /home/madunlap/.m2/repository/jaxen/jaxen/1.1.1/jaxen-1.1.1.jar
7fe2f4555000-7fe2f455c000 r--s 00079000 08:01 661348                     /home/madunlap/.m2/repository/org/codehaus/woodstox/wstx-asl/3.2.6/wstx-asl-3.2.6.jar
7fe2f455c000-7fe2f4561000 r--s 00070000 08:01 661349                     /home/madunlap/.m2/repository/org/codehaus/woodstox/woodstox-core-asl/4.1.4/woodstox-core-asl-4.1.4.jar
7fe2f4561000-7fe2f4565000 r--s 00026000 08:01 791256                     /home/madunlap/.m2/repository/org/apache/ws/commons/axiom/axiom-impl/1.2.14/axiom-impl-1.2.14.jar
7fe2f4565000-7fe2f4568000 r--s 00015000 08:01 791254                     /home/madunlap/.m2/repository/org/apache/james/apache-mime4j-core/0.7.2/apache-mime4j-core-0.7.2.jar
7fe2f4568000-7fe2f456d000 r--s 00032000 08:01 791252                     /home/madunlap/.m2/repository/org/apache/geronimo/specs/geronimo-javamail_1.4_spec/1.7.1/geronimo-javamail_1.4_spec-1.7.1.jar
7fe2f456d000-7fe2f4577000 r--s 0005d000 08:01 791250                     /home/madunlap/.m2/repository/org/apache/ws/commons/axiom/axiom-api/1.2.14/axiom-api-1.2.14.jar
7fe2f4577000-7fe2f4590000 r--s 002fd000 08:01 791240                     /home/madunlap/.m2/repository/com/ibm/icu/icu4j/3.4.4/icu4j-3.4.4.jar
7fe2f4590000-7fe2f45b3000 r--s 001ae000 08:01 791235                     /home/madunlap/.m2/repository/com/hp/hpl/jena/jena/2.6.4/jena-2.6.4.jar
7fe2f45b3000-7fe2f45f3000 r--s 00285000 08:01 925253                     /home/madunlap/.m2/repository/org/bouncycastle/bcprov-jdk15on/1.52/bcprov-jdk15on-1.52.jar
7fe2f45f3000-7fe2f49ff000 r--s 03c80000 08:01 791225                     /home/madunlap/.m2/repository/com/amazonaws/aws-java-sdk-bundle/1.11.172/aws-java-sdk-bundle-1.11.172.jar
7fe2f49ff000-7fe2f4bff000 rw-p 00000000 00:00 0 
7fe2f4bff000-7fe2f4dff000 rw-p 00000000 00:00 0 
7fe2f4dff000-7fe2f4fff000 rw-p 00000000 00:00 0 
7fe2f4fff000-7fe2f8000000 rw-p 00000000 00:00 0 
7fe2f8000000-7fe2f8021000 rw-p 00000000 00:00 0 
7fe2f8021000-7fe2fc000000 ---p 00000000 00:00 0 
7fe2fc000000-7fe2fc021000 rw-p 00000000 00:00 0 
7fe2fc021000-7fe300000000 ---p 00000000 00:00 0 
7fe300000000-7fe300021000 rw-p 00000000 00:00 0 
7fe300021000-7fe304000000 ---p 00000000 00:00 0 
7fe304000000-7fe304f71000 rw-p 00000000 00:00 0 
7fe304f71000-7fe308000000 ---p 00000000 00:00 0 
7fe308000000-7fe308021000 rw-p 00000000 00:00 0 
7fe308021000-7fe30c000000 ---p 00000000 00:00 0 
7fe30c000000-7fe30d4a6000 rw-p 00000000 00:00 0 
7fe30d4a6000-7fe310000000 ---p 00000000 00:00 0 
7fe310000000-7fe310021000 rw-p 00000000 00:00 0 
7fe310021000-7fe314000000 ---p 00000000 00:00 0 
7fe314000000-7fe314021000 rw-p 00000000 00:00 0 
7fe314021000-7fe318000000 ---p 00000000 00:00 0 
7fe318000000-7fe318021000 rw-p 00000000 00:00 0 
7fe318021000-7fe31c000000 ---p 00000000 00:00 0 
7fe31c000000-7fe31c2a2000 rw-p 00000000 00:00 0 
7fe31c2a2000-7fe320000000 ---p 00000000 00:00 0 
7fe320000000-7fe320021000 rw-p 00000000 00:00 0 
7fe320021000-7fe324000000 ---p 00000000 00:00 0 
7fe324000000-7fe324002000 r--s 0000f000 08:01 791260                     /home/madunlap/.m2/repository/commons-fileupload/commons-fileupload/1.3.1/commons-fileupload-1.3.1.jar
7fe324002000-7fe324005000 r--s 0014e000 08:01 791249                     /home/madunlap/.m2/repository/org/apache/abdera/abdera-parser/1.1.3/abdera-parser-1.1.3.jar
7fe324005000-7fe324007000 r--s 00006000 08:01 791245                     /home/madunlap/.m2/repository/org/apache/geronimo/specs/geronimo-stax-api_1.0_spec/1.0.1/geronimo-stax-api_1.0_spec-1.0.1.jar
7fe324007000-7fe324009000 r--s 0000a000 08:01 791243                     /home/madunlap/.m2/repository/org/apache/geronimo/specs/geronimo-activation_1.1_spec/1.1/geronimo-activation_1.1_spec-1.1.jar
7fe324009000-7fe32400d000 r--s 00094000 08:01 791246                     /home/madunlap/.m2/repository/org/apache/abdera/abdera-i18n/1.1.3/abdera-i18n-1.1.3.jar
7fe32400d000-7fe324011000 r--s 00024000 08:01 791241                     /home/madunlap/.m2/repository/org/apache/abdera/abdera-core/1.1.3/abdera-core-1.1.3.jar
7fe324011000-7fe324014000 r--s 00023000 08:01 791237                     /home/madunlap/.m2/repository/com/hp/hpl/jena/iri/0.8/iri-0.8.jar
7fe324014000-7fe324016000 r--s 0000d000 08:01 791233                     /home/madunlap/.m2/repository/org/apache/abdera/abdera-client/1.1.1/abdera-client-1.1.1.jar
7fe324016000-7fe324018000 r--s 00016000 08:01 791230                     /home/madunlap/.m2/repository/javax/servlet/servlet-api/2.4/servlet-api-2.4.jar
7fe324018000-7fe32401b000 r--s 0000f000 08:01 791226                     /home/madunlap/.m2/repository/org/swordapp/sword2-server/1.0/sword2-server-1.0-classes.jar
7fe32401b000-7fe324020000 r--s 00040000 08:01 791224                     /home/madunlap/.m2/repository/commons-httpclient/commons-httpclient/3.0.1/commons-httpclient-3.0.1.jar
7fe324020000-7fe324024000 r--s 00021000 08:01 925254                     /home/madunlap/.m2/repository/org/cryptacular/cryptacular/1.1.0/cryptacular-1.1.0.jar
7fe324024000-7fe324027000 r--s 00011000 08:01 925252                     /home/madunlap/.m2/repository/org/passay/passay/1.1.0/passay-1.1.0.jar
7fe324027000-7fe3240a1000 r--s 010f7000 08:01 2106635                    /usr/lib/jvm/java-8-oracle/lib/tools.jar
7fe3240a1000-7fe3240a4000 r--s 0001b000 08:01 791438                     /home/madunlap/.m2/repository/junit/junit/3.8.2/junit-3.8.2.jar
7fe3240a4000-7fe3240b2000 r--s 0008f000 08:01 921892                     /home/madunlap/.m2/repository/com/google/collections/google-collections/1.0/google-collections-1.0.jar
7fe3240b2000-7fe3240b3000 r--s 0000a000 08:01 921891                     /home/madunlap/.m2/repository/commons-logging/commons-logging-api/1.1/commons-logging-api-1.1.jar
7fe3240b3000-7fe3240ba000 r--s 00051000 08:01 921889                     /home/madunlap/.m2/repository/log4j/log4j/1.2.12/log4j-1.2.12.jar
7fe3240ba000-7fe3240be000 r--s 0001d000 08:01 921886                     /home/madunlap/.m2/repository/org/apache/xbean/xbean-reflect/3.4/xbean-reflect-3.4.jar
7fe3240be000-7fe3240bf000 r--s 00004000 08:01 921885                     /home/madunlap/.m2/repository/org/codehaus/plexus/plexus-compiler-javac/2.2/plexus-compiler-javac-2.2.jar
7fe3240bf000-7fe3240c1000 r--s 00000000 08:01 921883                     /home/madunlap/.m2/repository/org/codehaus/plexus/plexus-compiler-manager/2.2/plexus-compiler-manager-2.2.jar
7fe3240c1000-7fe3240c3000 r--s 00005000 08:01 921878                     /home/madunlap/.m2/repository/org/codehaus/plexus/plexus-compiler-api/2.2/plexus-compiler-api-2.2.jar
7fe3240c3000-7fe3240c5000 r--s 00002000 08:01 921877                     /home/madunlap/.m2/repository/org/apache/maven/shared/maven-shared-incremental/1.1/maven-shared-incremental-1.1.jar
7fe3240c5000-7fe3240c7000 r--s 00006000 08:01 921876                     /home/madunlap/.m2/repository/com/google/code/findbugs/jsr305/2.0.1/jsr305-2.0.1.jar
7fe3240c7000-7fe3240ca000 r--s 00023000 08:01 921882                     /home/madunlap/.m2/repository/org/apache/maven/shared/maven-shared-utils/0.1/maven-shared-utils-0.1.jar
7fe3240ca000-7fe3240ce000 r--s 00030000 08:01 921884                     /home/madunlap/.m2/repository/org/codehaus/plexus/plexus-utils/1.5.1/plexus-utils-1.5.1.jar
7fe3240ce000-7fe3240d0000 r--s 00009000 08:01 660601                     /home/madunlap/.m2/repository/org/apache/maven/plugins/maven-compiler-plugin/3.1/maven-compiler-plugin-3.1.jar
7fe3240d0000-7fe3240d2000 r--s 0000d000 08:01 921763                     /home/madunlap/.m2/repository/org/codehaus/plexus/plexus-interpolation/1.13/plexus-interpolation-1.13.jar
7fe3240d2000-7fe3240d3000 r--s 00001000 08:01 921761                     /home/madunlap/.m2/repository/org/sonatype/plexus/plexus-build-api/0.0.4/plexus-build-api-0.0.4.jar
7fe3240d3000-7fe3240d5000 r--s 00009000 08:01 921767                     /home/madunlap/.m2/repository/org/apache/maven/shared/maven-filtering/1.0/maven-filtering-1.0.jar
7fe3240d5000-7fe3240d6000 r--s 00001000 08:01 921765                     /home/madunlap/.m2/repository/org/apache/maven/doxia/doxia-sink-api/1.0-alpha-7/doxia-sink-api-1.0-alpha-7.jar
7fe3240d6000-7fe3240d7000 r--s 00002000 08:01 921760                     /home/madunlap/.m2/repository/org/apache/maven/reporting/maven-reporting-api/2.0.6/maven-reporting-api-2.0.6.jar
7fe3240d7000-7fe3240d9000 r--s 00005000 08:01 660590                     /home/madunlap/.m2/repository/org/apache/maven/plugins/maven-resources-plugin/2.5/maven-resources-plugin-2.5.jar
7fe3240d9000-7fe3240dd000 r--s 0001f000 08:01 921028                     /home/madunlap/.m2/repository/org/jacoco/org.jacoco.report/0.7.5.201505241946/org.jacoco.report-0.7.5.201505241946.jar
7fe3240dd000-7fe3240e2000 r--s 00058000 08:01 921027                     /home/madunlap/.m2/repository/org/ow2/asm/asm-debug-all/5.0.1/asm-debug-all-5.0.1.jar
7fe3240e2000-7fe3240e6000 r--s 0001d000 08:01 791383                     /home/madunlap/.m2/repository/org/jacoco/org.jacoco.core/0.7.5.201505241946/org.jacoco.core-0.7.5.201505241946.jar
7fe3240e6000-7fe3240ec000 r--s 00041000 08:01 661360                     /home/madunlap/.m2/repository/org/jacoco/org.jacoco.agent/0.7.5.201505241946/org.jacoco.agent-0.7.5.201505241946-runtime.jar
7fe3240ec000-7fe3240f9000 r--s 0007f000 08:01 921702                     /home/madunlap/.m2/repository/commons-collections/commons-collections/3.2/commons-collections-3.2.jar
7fe3240f9000-7fe3240fb000 r--s 00008000 08:01 921015                     /home/madunlap/.m2/repository/org/apache/maven/doxia/doxia-module-fml/1.1.2/doxia-module-fml-1.1.2.jar
7fe3240fb000-7fe3240fc000 r--s 00003000 08:01 921016                     /home/madunlap/.m2/repository/org/apache/maven/doxia/doxia-module-xhtml/1.1.2/doxia-module-xhtml-1.1.2.jar
7fe3240fc000-7fe3240fe000 r--s 0000b000 08:01 921011                     /home/madunlap/.m2/repository/org/apache/maven/doxia/doxia-decoration-model/1.1.2/doxia-decoration-model-1.1.2.jar
7fe3240fe000-7fe324100000 r--s 0000b000 08:01 921008                     /home/madunlap/.m2/repository/org/apache/maven/doxia/doxia-site-renderer/1.1.2/doxia-site-renderer-1.1.2.jar
7fe324100000-7fe324102000 r--s 00006000 08:01 791430                     /home/madunlap/.m2/repository/commons-codec/commons-codec/1.2/commons-codec-1.2.jar
7fe324102000-7fe324108000 r--s 00045000 08:01 791428                     /home/madunlap/.m2/repository/commons-httpclient/commons-httpclient/3.1/commons-httpclient-3.1.jar
7fe324108000-7fe32410c000 r--s 0003c000 08:01 791427                     /home/madunlap/.m2/repository/commons-lang/commons-lang/2.4/commons-lang-2.4.jar
7fe32410c000-7fe324123000 r--s 00112000 08:01 791426                     /home/madunlap/.m2/repository/xerces/xercesImpl/2.8.1/xercesImpl-2.8.1.jar
7fe324123000-7fe324127000 r--s 00023000 08:01 921010                     /home/madunlap/.m2/repository/org/apache/maven/doxia/doxia-core/1.1.2/doxia-core-1.1.2.jar
7fe324127000-7fe324129000 r--s 00003000 08:01 921007                     /home/madunlap/.m2/repository/org/apache/maven/reporting/maven-reporting-impl/2.1/maven-reporting-impl-2.1.jar
7fe324129000-7fe32412a000 r--s 00002000 08:01 921004                     /home/madunlap/.m2/repository/org/apache/maven/doxia/doxia-logging-api/1.1/doxia-logging-api-1.1.jar
7fe32412a000-7fe32412c000 r--s 00002000 08:01 921001                     /home/madunlap/.m2/repository/org/apache/maven/doxia/doxia-sink-api/1.1/doxia-sink-api-1.1.jar
7fe32412c000-7fe32412d000 r--s 00002000 08:01 920999                     /home/madunlap/.m2/repository/org/apache/maven/reporting/maven-reporting-api/2.2.1/maven-reporting-api-2.2.1.jar
7fe32412d000-7fe324132000 r--s 00039000 08:01 920997                     /home/madunlap/.m2/repository/org/codehaus/plexus/plexus-utils/1.5.6/plexus-utils-1.5.6.jar
7fe324132000-7fe324138000 r--s 00034000 08:01 921701                     /home/madunlap/.m2/repository/junit/junit/4.8.2/junit-4.8.2.jar
7fe324138000-7fe32413a000 r--s 0000b000 08:01 920985                     /home/madunlap/.m2/repository/org/codehaus/plexus/plexus-interpolation/1.11/plexus-interpolation-1.11.jar
7fe32413a000-7fe324142000 r--s 00049000 08:01 920984                     /home/madunlap/.m2/repository/backport-util-concurrent/backport-util-concurrent/3.1/backport-util-concurrent-3.1.jar
7fe324142000-7fe324145000 r--s 0001a000 08:01 2233367                    /usr/lib/jvm/java-8-oracle/jre/lib/jce.jar
7fe324145000-7fe324147000 r--s 0000b000 08:01 660606                     /home/madunlap/.m2/repository/org/jacoco/jacoco-maven-plugin/0.7.5.201505241946/jacoco-maven-plugin-0.7.5.201505241946.jar
7fe324147000-7fe324155000 r--s 0007f000 08:01 791424                     /home/madunlap/.m2/repository/commons-collections/commons-collections/3.2.1/commons-collections-3.2.1.jar
7fe324155000-7fe32415a000 r--s 00041000 08:01 791300                     /home/madunlap/.m2/repository/commons-lang/commons-lang/2.6/commons-lang-2.6.jar
7fe32415a000-7fe32415c000 r--s 00006000 08:01 921678                     /home/madunlap/.m2/repository/org/apache/maven/shared/maven-invoker/2.0.11/maven-invoker-2.0.11.jar
7fe32415c000-7fe32415e000 r--s 00006000 08:01 921677                     /home/madunlap/.m2/repository/org/apache/maven/shared/maven-common-artifact-filters/1.4/maven-common-artifact-filters-1.4.jar
7fe32415e000-7fe324160000 r--s 0000c000 08:01 921676                     /home/madunlap/.m2/repository/org/apache/maven/shared/maven-dependency-tree/2.0/maven-dependency-tree-2.0.jar
7fe324160000-7fe324162000 r--s 00000000 08:01 921682                     /home/madunlap/.m2/repository/org/codehaus/plexus/plexus-component-annotations/1.5.5/plexus-component-annotations-1.5.5.jar
7fe324162000-7fe324163000 r--s 0000a000 08:01 921680                     /home/madunlap/.m2/repository/asm/asm/3.3.1/asm-3.3.1.jar
7fe324163000-7fe324165000 r--s 00005000 08:01 921672                     /home/madunlap/.m2/repository/org/apache/maven/shared/maven-dependency-analyzer/1.3/maven-dependency-analyzer-1.3.jar
7fe324165000-7fe324168000 r--s 0000c000 08:01 921669                     /home/madunlap/.m2/repository/org/codehaus/plexus/plexus-io/2.0.6/plexus-io-2.0.6.jar
7fe324168000-7fe32416b000 r--s 0001b000 08:01 791422                     /home/madunlap/.m2/repository/junit/junit/3.8.1/junit-3.8.1.jar
7fe32416b000-7fe32416d000 r--s 00008000 08:01 920995                     /home/madunlap/.m2/repository/org/apache/maven/shared/maven-shared-io/1.1/maven-shared-io-1.1.jar
7fe32416d000-7fe32416f000 r--s 00008000 08:01 920998                     /home/madunlap/.m2/repository/org/apache/maven/shared/file-management/1.2.1/file-management-1.2.1.jar
7fe32416f000-7fe324173000 r--s 00035000 08:01 921667                     /home/madunlap/.m2/repository/org/codehaus/plexus/plexus-utils/3.0.9/plexus-utils-3.0.9.jar
7fe324173000-7fe324178000 r--s 00029000 08:01 921665                     /home/madunlap/.m2/repository/org/codehaus/plexus/plexus-archiver/2.2/plexus-archiver-2.2.jar
7fe324178000-7fe32417a000 r--s 00004000 08:01 921661                     /home/madunlap/.m2/repository/org/apache/maven/doxia/doxia-module-xhtml/1.0/doxia-module-xhtml-1.0.jar
7fe32417a000-7fe32417b000 r--s 00006000 08:01 921663                     /home/madunlap/.m2/repository/org/apache/maven/doxia/doxia-module-xdoc/1.0/doxia-module-xdoc-1.0.jar
7fe32417b000-7fe32417c000 r--s 00004000 08:01 921664                     /home/madunlap/.m2/repository/org/apache/maven/doxia/doxia-module-fml/1.0/doxia-module-fml-1.0.jar
7fe32417c000-7fe32417e000 r--s 0000a000 08:01 921659                     /home/madunlap/.m2/repository/org/apache/maven/doxia/doxia-module-apt/1.0/doxia-module-apt-1.0.jar
7fe32417e000-7fe32417f000 r--s 0000b000 08:01 921658                     /home/madunlap/.m2/repository/org/apache/maven/doxia/doxia-decoration-model/1.0/doxia-decoration-model-1.0.jar
7fe32417f000-7fe324187000 r--s 00058000 08:01 921019                     /home/madunlap/.m2/repository/org/apache/velocity/velocity/1.5/velocity-1.5.jar
7fe324187000-7fe324188000 r--s 00001000 08:01 921022                     /home/madunlap/.m2/repository/org/codehaus/plexus/plexus-velocity/1.1.7/plexus-velocity-1.1.7.jar
7fe324188000-7fe324189000 r--s 00002000 08:01 921017                     /home/madunlap/.m2/repository/org/codehaus/plexus/plexus-i18n/1.0-beta-7/plexus-i18n-1.0-beta-7.jar
7fe324189000-7fe32418b000 r--s 0000a000 08:01 921654                     /home/madunlap/.m2/repository/org/apache/maven/doxia/doxia-site-renderer/1.0/doxia-site-renderer-1.0.jar
7fe32418b000-7fe32418c000 r--s 00002000 08:01 921653                     /home/madunlap/.m2/repository/org/apache/maven/doxia/doxia-sink-api/1.0/doxia-sink-api-1.0.jar
7fe32418c000-7fe324191000 r--s 00016000 08:01 791388                     /home/madunlap/.m2/repository/xml-apis/xml-apis/1.0.b2/xml-apis-1.0.b2.jar
7fe324191000-7fe324193000 r--s 0000e000 08:01 921023                     /home/madunlap/.m2/repository/oro/oro/2.0.8/oro-2.0.8.jar
7fe324193000-7fe324195000 r--s 00008000 08:01 791420                     /home/madunlap/.m2/repository/commons-logging/commons-logging/1.0.4/commons-logging-1.0.4.jar
7fe324195000-7fe324199000 r--s 00026000 08:01 921649                     /home/madunlap/.m2/repository/commons-digester/commons-digester/1.6/commons-digester-1.6.jar
7fe324199000-7fe32419e000 r--s 0002a000 08:01 921644                     /home/madunlap/.m2/repository/commons-beanutils/commons-beanutils/1.7.0/commons-beanutils-1.7.0.jar
7fe32419e000-7fe3241a1000 r--s 00014000 08:01 921646                     /home/madunlap/.m2/repository/commons-validator/commons-validator/1.2.0/commons-validator-1.2.0.jar
7fe3241a1000-7fe3241a4000 r--s 00018000 08:01 791418                     /home/madunlap/.m2/repository/commons-io/commons-io/1.4/commons-io-1.4.jar
7fe3241a4000-7fe3241a6000 r--s 00009000 08:01 921639                     /home/madunlap/.m2/repository/org/apache/maven/shared/maven-doxia-tools/1.0.2/maven-doxia-tools-1.0.2.jar
7fe3241a6000-7fe3241a9000 r--s 0000b000 08:01 921640                     /home/madunlap/.m2/repository/org/apache/maven/doxia/doxia-core/1.0/doxia-core-1.0.jar
7fe3241a9000-7fe3241ab000 r--s 00004000 08:01 921647                     /home/madunlap/.m2/repository/org/apache/maven/reporting/maven-reporting-impl/2.0.5/maven-reporting-impl-2.0.5.jar
7fe3241ab000-7fe3241ac000 r--s 00002000 08:01 921638                     /home/madunlap/.m2/repository/org/apache/maven/reporting/maven-reporting-api/3.0/maven-reporting-api-3.0.jar
7fe3241ac000-7fe3241ae000 r--s 00002000 08:01 921645                     /home/madunlap/.m2/repository/org/codehaus/plexus/plexus-interactivity-api/1.0-alpha-4/plexus-interactivity-api-1.0-alpha-4.jar
7fe3241ae000-7fe3241b0000 r--s 00006000 08:01 921636                     /home/madunlap/.m2/repository/commons-cli/commons-cli/1.0/commons-cli-1.0.jar
7fe3241b0000-7fe3241b3000 r--s 00021000 08:01 660560                     /home/madunlap/.m2/repository/org/apache/maven/plugins/maven-dependency-plugin/2.6/maven-dependency-plugin-2.6.jar
7fe3241b3000-7fe3241b7000 r--s 00033000 08:01 921162                     /home/madunlap/.m2/repository/org/codehaus/plexus/plexus-utils/2.0.5/plexus-utils-2.0.5.jar
7fe3241b7000-7fe3241b8000 r--s 00005000 08:01 660568                     /home/madunlap/.m2/repository/org/apache/maven/plugins/maven-clean-plugin/2.4.1/maven-clean-plugin-2.4.1.jar
7fe3241b8000-7fe3243b8000 rw-p 00000000 00:00 0 
7fe3243b8000-7fe3243c9000 r-xp 00000000 08:01 2233354                    /usr/lib/jvm/java-8-oracle/jre/lib/amd64/libnio.so
7fe3243c9000-7fe3245c8000 ---p 00011000 08:01 2233354                    /usr/lib/jvm/java-8-oracle/jre/lib/amd64/libnio.so
7fe3245c8000-7fe3245c9000 rw-p 00010000 08:01 2233354                    /usr/lib/jvm/java-8-oracle/jre/lib/amd64/libnio.so
7fe3245c9000-7fe3245e0000 r-xp 00000000 08:01 2233351                    /usr/lib/jvm/java-8-oracle/jre/lib/amd64/libnet.so
7fe3245e0000-7fe3247df000 ---p 00017000 08:01 2233351                    /usr/lib/jvm/java-8-oracle/jre/lib/amd64/libnet.so
7fe3247df000-7fe3247e0000 rw-p 00016000 08:01 2233351                    /usr/lib/jvm/java-8-oracle/jre/lib/amd64/libnet.so
7fe3247e0000-7fe3247e3000 ---p 00000000 00:00 0 
7fe3247e3000-7fe324819000 rw-p 00000000 00:00 0 
7fe324819000-7fe32481a000 r--p 00000000 00:00 0 
7fe32481a000-7fe324a1a000 rw-p 00000000 00:00 0 
7fe324a1a000-7fe324a1f000 r--s 0009a000 08:01 2233194                    /usr/lib/jvm/java-8-oracle/jre/lib/jsse.jar
7fe324a1f000-7fe324c1f000 rw-p 00000000 00:00 0 
7fe324c1f000-7fe324c21000 r--s 0000c000 08:01 2112577                    /usr/local/netbeans-8.1/java/maven-nblib/netbeans-eventspy.jar
7fe324c21000-7fe324c23000 r--s 00002000 08:01 2112587                    /usr/local/netbeans-8.1/java/maven/lib/plexus-cipher-1.7.jar
7fe324c23000-7fe324c24000 r--s 0000a000 08:01 2112568                    /usr/local/netbeans-8.1/java/maven/lib/maven-embedder-3.0.5.jar
7fe324c24000-7fe324c26000 r--s 00000000 08:01 2112237                    /usr/local/netbeans-8.1/java/maven/lib/plexus-component-annotations-1.5.5.jar
7fe324c26000-7fe324c28000 r--s 0000a000 08:01 2112569                    /usr/local/netbeans-8.1/java/maven/lib/maven-settings-3.0.5.jar
7fe324c28000-7fe324c2c000 r--s 0001c000 08:01 2112582                    /usr/local/netbeans-8.1/java/maven/lib/aether-util-1.13.1.jar
7fe324c2c000-7fe324c33000 r--s 0003f000 08:01 2112554                    /usr/local/netbeans-8.1/java/maven/lib/sisu-inject-bean-2.3.0.jar
7fe324c33000-7fe324c37000 r--s 00021000 08:01 2112506                    /usr/local/netbeans-8.1/java/maven/lib/maven-model-builder-3.0.5.jar
7fe324c37000-7fe324c39000 r--s 0000b000 08:01 2112552                    /usr/local/netbeans-8.1/java/maven/lib/wagon-provider-api-2.4.jar
7fe324c39000-7fe324c3d000 r--s 00033000 08:01 2112580                    /usr/local/netbeans-8.1/java/maven/lib/plexus-utils-2.0.6.jar
7fe324c3d000-7fe324c41000 r--s 00013000 08:01 2112588                    /usr/local/netbeans-8.1/java/maven/lib/aether-api-1.13.1.jar
7fe324c41000-7fe324c43000 r--s 0000d000 08:01 2112510                    /usr/local/netbeans-8.1/java/maven/lib/plexus-interpolation-1.14.jar
7fe324c43000-7fe324c5e000 r--s 000e4000 08:01 2112562                    /usr/local/netbeans-8.1/java/maven/lib/wagon-http-2.4-shaded.jar
7fe324c5e000-7fe324c7d000 r--s 00154000 08:01 2112595                    /usr/local/netbeans-8.1/java/maven/lib/sisu-guava-0.9.9.jar
7fe324c7d000-7fe324c7e000 r--s 00002000 08:01 2112599                    /usr/local/netbeans-8.1/java/maven/lib/wagon-file-2.4.jar
7fe324c7e000-7fe324c86000 r--s 00050000 08:01 2112540                    /usr/local/netbeans-8.1/java/maven/lib/sisu-guice-3.1.0-no_aop.jar
7fe324c86000-7fe324c88000 r--s 0000b000 08:01 2112567                    /usr/local/netbeans-8.1/java/maven/lib/maven-artifact-3.0.5.jar
7fe324c88000-7fe324c8f000 r--s 0002b000 08:01 2112529                    /usr/local/netbeans-8.1/java/maven/lib/sisu-inject-plexus-2.3.0.jar
7fe324c8f000-7fe324c92000 r--s 0001d000 08:01 2112581                    /usr/local/netbeans-8.1/java/maven/lib/aether-impl-1.13.1.jar
7fe324c92000-7fe324c94000 r--s 00006000 08:01 2112424                    /usr/local/netbeans-8.1/java/maven/lib/aether-connector-wagon-1.13.1.jar
7fe324c94000-7fe324c96000 r--s 00009000 08:01 2112597                    /usr/local/netbeans-8.1/java/maven/lib/commons-cli-1.2.jar
7fe324c96000-7fe324cc4000 r--s 001c9000 08:01 2112509                    /usr/local/netbeans-8.1/java/maven/lib/ext/wagon-http-2.8-shaded.jar
7fe324cc4000-7fe324cc5000 ---p 00000000 00:00 0 
7fe324cc5000-7fe324dc5000 rw-p 00000000 00:00 0 
7fe324dc5000-7fe324dc8000 ---p 00000000 00:00 0 
7fe324dc8000-7fe324ec6000 rw-p 00000000 00:00 0 
7fe324ec6000-7fe324ec9000 ---p 00000000 00:00 0 
7fe324ec9000-7fe324fc7000 rw-p 00000000 00:00 0 
7fe324fc7000-7fe324fca000 ---p 00000000 00:00 0 
7fe324fca000-7fe3250c8000 rw-p 00000000 00:00 0 
7fe3250c8000-7fe3250cb000 ---p 00000000 00:00 0 
7fe3250cb000-7fe3251c9000 rw-p 00000000 00:00 0 
7fe3251c9000-7fe3254a4000 r--p 00000000 08:01 1441812                    /usr/lib/locale/locale-archive
7fe3254a4000-7fe3254a7000 ---p 00000000 00:00 0 
7fe3254a7000-7fe3255a5000 rw-p 00000000 00:00 0 
7fe3255a5000-7fe3255a8000 ---p 00000000 00:00 0 
7fe3255a8000-7fe3256a6000 rw-p 00000000 00:00 0 
7fe3256a6000-7fe3256a7000 ---p 00000000 00:00 0 
7fe3256a7000-7fe3260f2000 rw-p 00000000 00:00 0 
7fe3260f2000-7fe3262cb000 r--s 03d5a000 08:01 2233137                    /usr/lib/jvm/java-8-oracle/jre/lib/rt.jar
7fe3262cb000-7fe328c0f000 rw-p 00000000 00:00 0 
7fe328c0f000-7fe328c10000 ---p 00000000 00:00 0 
7fe328c10000-7fe328d10000 rw-p 00000000 00:00 0 
7fe328d10000-7fe328d11000 ---p 00000000 00:00 0 
7fe328d11000-7fe328e53000 rw-p 00000000 00:00 0 
7fe328e53000-7fe328f5a000 ---p 00000000 00:00 0 
7fe328f5a000-7fe328fff000 rw-p 00000000 00:00 0 
7fe328fff000-7fe329000000 rw-p 00000000 00:00 0 
7fe329000000-7fe32a4a0000 rwxp 00000000 00:00 0 
7fe32a4a0000-7fe338000000 ---p 00000000 00:00 0 
7fe338000000-7fe339847000 rw-p 00000000 00:00 0 
7fe339847000-7fe33c000000 ---p 00000000 00:00 0 
7fe33c000000-7fe33c001000 r--s 00003000 08:01 2112589                    /usr/local/netbeans-8.1/java/maven/lib/aether-spi-1.13.1.jar
7fe33c001000-7fe33c004000 r--s 00008000 08:01 2112453                    /usr/local/netbeans-8.1/java/maven/lib/maven-settings-builder-3.0.5.jar
7fe33c004000-7fe33c006000 r--s 00006000 08:01 2112358                    /usr/local/netbeans-8.1/java/maven/lib/maven-repository-metadata-3.0.5.jar
7fe33c006000-7fe33c012000 r--s 0007d000 08:01 2112594                    /usr/local/netbeans-8.1/java/maven/lib/maven-core-3.0.5.jar
7fe33c012000-7fe33c018000 r--s 0003f000 08:01 2112583                    /usr/local/netbeans-8.1/java/maven/lib/maven-compat-3.0.5.jar
7fe33c018000-7fe33c07b000 rw-p 00000000 00:00 0 
7fe33c07b000-7fe33c183000 ---p 00000000 00:00 0 
7fe33c183000-7fe33c1d6000 rw-p 00000000 00:00 0 
7fe33c1d6000-7fe33c543000 ---p 00000000 00:00 0 
7fe33c543000-7fe33c55e000 r-xp 00000000 08:01 2233347                    /usr/lib/jvm/java-8-oracle/jre/lib/amd64/libzip.so
7fe33c55e000-7fe33c75e000 ---p 0001b000 08:01 2233347                    /usr/lib/jvm/java-8-oracle/jre/lib/amd64/libzip.so
7fe33c75e000-7fe33c75f000 rw-p 0001b000 08:01 2233347                    /usr/lib/jvm/java-8-oracle/jre/lib/amd64/libzip.so
7fe33c75f000-7fe33c76a000 r-xp 00000000 08:01 663303                     /lib/x86_64-linux-gnu/libnss_files-2.24.so
7fe33c76a000-7fe33c969000 ---p 0000b000 08:01 663303                     /lib/x86_64-linux-gnu/libnss_files-2.24.so
7fe33c969000-7fe33c96a000 r--p 0000a000 08:01 663303                     /lib/x86_64-linux-gnu/libnss_files-2.24.so
7fe33c96a000-7fe33c96b000 rw-p 0000b000 08:01 663303                     /lib/x86_64-linux-gnu/libnss_files-2.24.so
7fe33c96b000-7fe33c971000 rw-p 00000000 00:00 0 
7fe33c971000-7fe33c97c000 r-xp 00000000 08:01 663305                     /lib/x86_64-linux-gnu/libnss_nis-2.24.so
7fe33c97c000-7fe33cb7b000 ---p 0000b000 08:01 663305                     /lib/x86_64-linux-gnu/libnss_nis-2.24.so
7fe33cb7b000-7fe33cb7c000 r--p 0000a000 08:01 663305                     /lib/x86_64-linux-gnu/libnss_nis-2.24.so
7fe33cb7c000-7fe33cb7d000 rw-p 0000b000 08:01 663305                     /lib/x86_64-linux-gnu/libnss_nis-2.24.so
7fe33cb7d000-7fe33cb93000 r-xp 00000000 08:01 663300                     /lib/x86_64-linux-gnu/libnsl-2.24.so
7fe33cb93000-7fe33cd92000 ---p 00016000 08:01 663300                     /lib/x86_64-linux-gnu/libnsl-2.24.so
7fe33cd92000-7fe33cd93000 r--p 00015000 08:01 663300                     /lib/x86_64-linux-gnu/libnsl-2.24.so
7fe33cd93000-7fe33cd94000 rw-p 00016000 08:01 663300                     /lib/x86_64-linux-gnu/libnsl-2.24.so
7fe33cd94000-7fe33cd96000 rw-p 00000000 00:00 0 
7fe33cd96000-7fe33cd9e000 r-xp 00000000 08:01 663301                     /lib/x86_64-linux-gnu/libnss_compat-2.24.so
7fe33cd9e000-7fe33cf9d000 ---p 00008000 08:01 663301                     /lib/x86_64-linux-gnu/libnss_compat-2.24.so
7fe33cf9d000-7fe33cf9e000 r--p 00007000 08:01 663301                     /lib/x86_64-linux-gnu/libnss_compat-2.24.so
7fe33cf9e000-7fe33cf9f000 rw-p 00008000 08:01 663301                     /lib/x86_64-linux-gnu/libnss_compat-2.24.so
7fe33cf9f000-7fe33cfca000 r-xp 00000000 08:01 2233341                    /usr/lib/jvm/java-8-oracle/jre/lib/amd64/libjava.so
7fe33cfca000-7fe33d1c9000 ---p 0002b000 08:01 2233341                    /usr/lib/jvm/java-8-oracle/jre/lib/amd64/libjava.so
7fe33d1c9000-7fe33d1cb000 rw-p 0002a000 08:01 2233341                    /usr/lib/jvm/java-8-oracle/jre/lib/amd64/libjava.so
7fe33d1cb000-7fe33d1d8000 r-xp 00000000 08:01 2233346                    /usr/lib/jvm/java-8-oracle/jre/lib/amd64/libverify.so
7fe33d1d8000-7fe33d3d8000 ---p 0000d000 08:01 2233346                    /usr/lib/jvm/java-8-oracle/jre/lib/amd64/libverify.so
7fe33d3d8000-7fe33d3da000 rw-p 0000d000 08:01 2233346                    /usr/lib/jvm/java-8-oracle/jre/lib/amd64/libverify.so
7fe33d3da000-7fe33d3e1000 r-xp 00000000 08:01 663310                     /lib/x86_64-linux-gnu/librt-2.24.so
7fe33d3e1000-7fe33d5e0000 ---p 00007000 08:01 663310                     /lib/x86_64-linux-gnu/librt-2.24.so
7fe33d5e0000-7fe33d5e1000 r--p 00006000 08:01 663310                     /lib/x86_64-linux-gnu/librt-2.24.so
7fe33d5e1000-7fe33d5e2000 rw-p 00007000 08:01 663310                     /lib/x86_64-linux-gnu/librt-2.24.so
7fe33d5e2000-7fe33d6ea000 r-xp 00000000 08:01 663297                     /lib/x86_64-linux-gnu/libm-2.24.so
7fe33d6ea000-7fe33d8e9000 ---p 00108000 08:01 663297                     /lib/x86_64-linux-gnu/libm-2.24.so
7fe33d8e9000-7fe33d8ea000 r--p 00107000 08:01 663297                     /lib/x86_64-linux-gnu/libm-2.24.so
7fe33d8ea000-7fe33d8eb000 rw-p 00108000 08:01 663297                     /lib/x86_64-linux-gnu/libm-2.24.so
7fe33d8eb000-7fe33e5be000 r-xp 00000000 08:01 2233324                    /usr/lib/jvm/java-8-oracle/jre/lib/amd64/server/libjvm.so
7fe33e5be000-7fe33e7bd000 ---p 00cd3000 08:01 2233324                    /usr/lib/jvm/java-8-oracle/jre/lib/amd64/server/libjvm.so
7fe33e7bd000-7fe33e897000 rw-p 00cd2000 08:01 2233324                    /usr/lib/jvm/java-8-oracle/jre/lib/amd64/server/libjvm.so
7fe33e897000-7fe33e8e2000 rw-p 00000000 00:00 0 
7fe33e8e2000-7fe33eaa0000 r-xp 00000000 08:01 663293                     /lib/x86_64-linux-gnu/libc-2.24.so
7fe33eaa0000-7fe33ec9f000 ---p 001be000 08:01 663293                     /lib/x86_64-linux-gnu/libc-2.24.so
7fe33ec9f000-7fe33eca3000 r--p 001bd000 08:01 663293                     /lib/x86_64-linux-gnu/libc-2.24.so
7fe33eca3000-7fe33eca5000 rw-p 001c1000 08:01 663293                     /lib/x86_64-linux-gnu/libc-2.24.so
7fe33eca5000-7fe33eca9000 rw-p 00000000 00:00 0 
7fe33eca9000-7fe33ecac000 r-xp 00000000 08:01 663296                     /lib/x86_64-linux-gnu/libdl-2.24.so
7fe33ecac000-7fe33eeab000 ---p 00003000 08:01 663296                     /lib/x86_64-linux-gnu/libdl-2.24.so
7fe33eeab000-7fe33eeac000 r--p 00002000 08:01 663296                     /lib/x86_64-linux-gnu/libdl-2.24.so
7fe33eeac000-7fe33eead000 rw-p 00003000 08:01 663296                     /lib/x86_64-linux-gnu/libdl-2.24.so
7fe33eead000-7fe33eec3000 r-xp 00000000 08:01 2232954                    /usr/lib/jvm/java-8-oracle/lib/amd64/jli/libjli.so
7fe33eec3000-7fe33f0c2000 ---p 00016000 08:01 2232954                    /usr/lib/jvm/java-8-oracle/lib/amd64/jli/libjli.so
7fe33f0c2000-7fe33f0c3000 rw-p 00015000 08:01 2232954                    /usr/lib/jvm/java-8-oracle/lib/amd64/jli/libjli.so
7fe33f0c3000-7fe33f0db000 r-xp 00000000 08:01 663308                     /lib/x86_64-linux-gnu/libpthread-2.24.so
7fe33f0db000-7fe33f2db000 ---p 00018000 08:01 663308                     /lib/x86_64-linux-gnu/libpthread-2.24.so
7fe33f2db000-7fe33f2dc000 r--p 00018000 08:01 663308                     /lib/x86_64-linux-gnu/libpthread-2.24.so
7fe33f2dc000-7fe33f2dd000 rw-p 00019000 08:01 663308                     /lib/x86_64-linux-gnu/libpthread-2.24.so
7fe33f2dd000-7fe33f2e1000 rw-p 00000000 00:00 0 
7fe33f2e1000-7fe33f307000 r-xp 00000000 08:01 663288                     /lib/x86_64-linux-gnu/ld-2.24.so
7fe33f307000-7fe33f3d9000 rw-p 00000000 00:00 0 
7fe33f3d9000-7fe33f3dc000 ---p 00000000 00:00 0 
7fe33f3dc000-7fe33f4dc000 rw-p 00000000 00:00 0 
7fe33f4dc000-7fe33f4de000 r--s 00026000 08:01 2112586                    /usr/local/netbeans-8.1/java/maven/lib/maven-model-3.0.5.jar
7fe33f4de000-7fe33f4e0000 r--s 0000b000 08:01 2112553                    /usr/local/netbeans-8.1/java/maven/lib/maven-plugin-api-3.0.5.jar
7fe33f4e0000-7fe33f4e1000 r--s 00006000 08:01 2112507                    /usr/local/netbeans-8.1/java/maven/lib/plexus-sec-dispatcher-1.3.jar
7fe33f4e1000-7fe33f4e3000 r--s 0000c000 08:01 2112471                    /usr/local/netbeans-8.1/java/maven/lib/maven-aether-provider-3.0.5.jar
7fe33f4e3000-7fe33f4e5000 r--s 0000a000 08:01 2112542                    /usr/local/netbeans-8.1/java/maven/boot/plexus-classworlds-2.4.jar
7fe33f4e5000-7fe33f4f9000 rw-p 00000000 00:00 0 
7fe33f4f9000-7fe33f501000 rw-s 00000000 08:01 1315386                    /tmp/hsperfdata_madunlap/26717
7fe33f501000-7fe33f502000 rw-p 00000000 00:00 0 
7fe33f502000-7fe33f503000 ---p 00000000 00:00 0 
7fe33f503000-7fe33f506000 rw-p 00000000 00:00 0 
7fe33f506000-7fe33f507000 r--p 00025000 08:01 663288                     /lib/x86_64-linux-gnu/ld-2.24.so
7fe33f507000-7fe33f508000 rw-p 00026000 08:01 663288                     /lib/x86_64-linux-gnu/ld-2.24.so
7fe33f508000-7fe33f509000 rw-p 00000000 00:00 0 
7ffe8691c000-7ffe8693d000 rw-p 00000000 00:00 0                          [stack]
7ffe86950000-7ffe86952000 r--p 00000000 00:00 0                          [vvar]
7ffe86952000-7ffe86954000 r-xp 00000000 00:00 0                          [vdso]
ffffffffff600000-ffffffffff601000 r-xp 00000000 00:00 0                  [vsyscall]

VM Arguments:
jvm_args: -Dclassworlds.conf=/usr/local/netbeans-8.1/java/maven/bin/m2.conf -Dmaven.home=/usr/local/netbeans-8.1/java/maven 
java_command: org.codehaus.plexus.classworlds.launcher.Launcher -Dmaven.ext.class.path=/usr/local/netbeans-8.1/java/maven-nblib/netbeans-eventspy.jar clean install
java_class_path (initial): /usr/local/netbeans-8.1/java/maven/boot/plexus-classworlds-2.4.jar
Launcher Type: SUN_STANDARD

Environment Variables:
JAVA_HOME=/usr/lib/jvm/java-8-oracle
PATH=/home/madunlap/bin:/usr/local/sbin:/usr/local/bin:/usr/sbin:/usr/bin:/sbin:/bin:/usr/games:/usr/local/games:/snap/bin:/usr/lib/jvm/java-8-oracle/bin:/usr/lib/jvm/java-8-oracle/db/bin:/usr/lib/jvm/java-8-oracle/jre/bin
LD_LIBRARY_PATH=/usr/lib/jvm/java-8-oracle/jre/lib/amd64:/usr/lib/jvm/java-8-oracle/jre/lib/i386:
SHELL=/bin/bash
DISPLAY=:0

Signal Handlers:
SIGSEGV: [libjvm.so+0xacbe10], sa_mask[0]=11111111011111111101111111111110, sa_flags=SA_RESTART|SA_SIGINFO
SIGBUS: [libjvm.so+0xacbe10], sa_mask[0]=11111111011111111101111111111110, sa_flags=SA_RESTART|SA_SIGINFO
SIGFPE: [libjvm.so+0x924f90], sa_mask[0]=11111111011111111101111111111110, sa_flags=SA_RESTART|SA_SIGINFO
SIGPIPE: [libjvm.so+0x924f90], sa_mask[0]=11111111011111111101111111111110, sa_flags=SA_RESTART|SA_SIGINFO
SIGXFSZ: [libjvm.so+0x924f90], sa_mask[0]=11111111011111111101111111111110, sa_flags=SA_RESTART|SA_SIGINFO
SIGILL: [libjvm.so+0x924f90], sa_mask[0]=11111111011111111101111111111110, sa_flags=SA_RESTART|SA_SIGINFO
SIGUSR1: SIG_DFL, sa_mask[0]=00000000000000000000000000000000, sa_flags=none
SIGUSR2: [libjvm.so+0x9267d0], sa_mask[0]=00100000000000000000000000000000, sa_flags=SA_RESTART|SA_SIGINFO
SIGHUP: [libjvm.so+0x927bd0], sa_mask[0]=11111111011111111101111111111110, sa_flags=SA_RESTART|SA_SIGINFO
SIGINT: SIG_IGN, sa_mask[0]=00000000000000000000000000000000, sa_flags=none
SIGTERM: [libjvm.so+0x927bd0], sa_mask[0]=11111111011111111101111111111110, sa_flags=SA_RESTART|SA_SIGINFO
SIGQUIT: [libjvm.so+0x927bd0], sa_mask[0]=11111111011111111101111111111110, sa_flags=SA_RESTART|SA_SIGINFO


---------------  S Y S T E M  ---------------

OS:DISTRIB_ID=Ubuntu
DISTRIB_RELEASE=17.04
DISTRIB_CODENAME=zesty
DISTRIB_DESCRIPTION="Ubuntu 17.04"

uname:Linux 4.10.0-38-generic #42-Ubuntu SMP Tue Oct 10 13:24:27 UTC 2017 x86_64
libc:glibc 2.24 NPTL 2.24 
rlimit: STACK 8192k, CORE 0k, NPROC 15602, NOFILE 1048576, AS infinity
load average:1.51 0.85 0.62

/proc/meminfo:
MemTotal:        4039872 kB
MemFree:          111548 kB
MemAvailable:      25924 kB
Buffers:            2368 kB
Cached:            61636 kB
SwapCached:        12792 kB
Active:          3074472 kB
Inactive:         629616 kB
Active(anon):    3058980 kB
Inactive(anon):   614036 kB
Active(file):      15492 kB
Inactive(file):    15580 kB
Unevictable:          32 kB
Mlocked:              32 kB
SwapTotal:       2097148 kB
SwapFree:              0 kB
Dirty:              1004 kB
Writeback:             0 kB
AnonPages:       3628372 kB
Mapped:            56372 kB
Shmem:             32740 kB
Slab:              90464 kB
SReclaimable:      41088 kB
SUnreclaim:        49376 kB
KernelStack:       16064 kB
PageTables:        77500 kB
NFS_Unstable:          0 kB
Bounce:                0 kB
WritebackTmp:          0 kB
CommitLimit:     4117084 kB
Committed_AS:   11041052 kB
VmallocTotal:   34359738367 kB
VmallocUsed:           0 kB
VmallocChunk:          0 kB
HardwareCorrupted:     0 kB
AnonHugePages:   1007616 kB
ShmemHugePages:        0 kB
ShmemPmdMapped:        0 kB
CmaTotal:              0 kB
CmaFree:               0 kB
HugePages_Total:       0
HugePages_Free:        0
HugePages_Rsvd:        0
HugePages_Surp:        0
Hugepagesize:       2048 kB
DirectMap4k:      147376 kB
DirectMap2M:     4046848 kB


CPU:total 2 (initial active 2) (2 cores per cpu, 1 threads per core) family 6 model 70 stepping 1, cmov, cx8, fxsr, mmx, sse, sse2, sse3, ssse3, sse4.1, sse4.2, popcnt, avx, avx2, aes, clmul, erms, lzcnt, tsc, tscinvbit, bmi1, bmi2

/proc/cpuinfo:
processor	: 0
vendor_id	: GenuineIntel
cpu family	: 6
model		: 70
model name	: Intel(R) Core(TM) i7-4870HQ CPU @ 2.50GHz
stepping	: 1
microcode	: 0x13
cpu MHz		: 2494.226
cache size	: 6144 KB
physical id	: 0
siblings	: 2
core id		: 0
cpu cores	: 2
apicid		: 0
initial apicid	: 0
fpu		: yes
fpu_exception	: yes
cpuid level	: 13
wp		: yes
flags		: fpu vme de pse tsc msr pae mce cx8 apic sep mtrr pge mca cmov pat pse36 clflush mmx fxsr sse sse2 ss ht syscall nx rdtscp lm constant_tsc nopl xtopology nonstop_tsc pni pclmulqdq ssse3 fma cx16 pcid sse4_1 sse4_2 x2apic movbe popcnt tsc_deadline_timer aes xsave avx f16c rdrand hypervisor lahf_lm abm fsgsbase tsc_adjust bmi1 avx2 smep bmi2 invpcid xsaveopt dtherm arat pln pts
bugs		:
bogomips	: 4988.45
clflush size	: 64
cache_alignment	: 64
address sizes	: 36 bits physical, 48 bits virtual
power management:

processor	: 1
vendor_id	: GenuineIntel
cpu family	: 6
model		: 70
model name	: Intel(R) Core(TM) i7-4870HQ CPU @ 2.50GHz
stepping	: 1
microcode	: 0x13
cpu MHz		: 2494.226
cache size	: 6144 KB
physical id	: 0
siblings	: 2
core id		: 1
cpu cores	: 2
apicid		: 1
initial apicid	: 1
fpu		: yes
fpu_exception	: yes
cpuid level	: 13
wp		: yes
flags		: fpu vme de pse tsc msr pae mce cx8 apic sep mtrr pge mca cmov pat pse36 clflush mmx fxsr sse sse2 ss ht syscall nx rdtscp lm constant_tsc nopl xtopology nonstop_tsc pni pclmulqdq ssse3 fma cx16 pcid sse4_1 sse4_2 x2apic movbe popcnt tsc_deadline_timer aes xsave avx f16c rdrand hypervisor lahf_lm abm fsgsbase tsc_adjust bmi1 avx2 smep bmi2 invpcid xsaveopt dtherm arat pln pts
bugs		:
bogomips	: 4988.45
clflush size	: 64
cache_alignment	: 64
address sizes	: 36 bits physical, 48 bits virtual
power management:



Memory: 4k page, physical 4039872k(111548k free), swap 2097148k(0k free)

vm_info: Java HotSpot(TM) 64-Bit Server VM (25.151-b12) for linux-amd64 JRE (1.8.0_151-b12), built on Sep  5 2017 19:20:58 by "java_re" with gcc 4.3.0 20080428 (Red Hat 4.3.0-8)

time: Tue Nov  7 15:50:29 2017
elapsed time: 14 seconds (0d 0h 0m 14s)

