#
# There is insufficient memory for the Java Runtime Environment to continue.
# Native memory allocation (mmap) failed to map 62914560 bytes for committing reserved memory.
# Possible reasons:
#   The system is out of physical RAM or swap space
#   In 32 bit mode, the process size limit was hit
# Possible solutions:
#   Reduce memory load on the system
#   Increase physical memory or swap space
#   Check if swap backing store is full
#   Use 64 bit Java on a 64 bit OS
#   Decrease Java heap size (-Xmx/-Xms)
#   Decrease number of Java threads
#   Decrease Java thread stack sizes (-Xss)
#   Set larger code cache with -XX:ReservedCodeCacheSize=
# This output file may be truncated or incomplete.
#
#  Out of Memory Error (os_linux.cpp:2640), pid=17630, tid=0x00007f1944c4e700
#
# JRE version: Java(TM) SE Runtime Environment (8.0_144-b01) (build 1.8.0_144-b01)
# Java VM: Java HotSpot(TM) 64-Bit Server VM (25.144-b01 mixed mode linux-amd64 compressed oops)
# Failed to write core dump. Core dumps have been disabled. To enable core dumping, try "ulimit -c unlimited" before starting Java again
#

---------------  T H R E A D  ---------------

Current thread (0x00007f195c0fc000):  VMThread [stack: 0x00007f1944b4e000,0x00007f1944c4f000] [id=17634]

Stack: [0x00007f1944b4e000,0x00007f1944c4f000],  sp=0x00007f1944c4d120,  free space=1020k
Native frames: (J=compiled Java code, j=interpreted, Vv=VM code, C=native code)
V  [libjvm.so+0xacb18a]  VMError::report_and_die()+0x2ba
V  [libjvm.so+0x4ff4db]  report_vm_out_of_memory(char const*, int, unsigned long, VMErrorType, char const*)+0x8b
V  [libjvm.so+0x927d23]  os::Linux::commit_memory_impl(char*, unsigned long, bool)+0x103
V  [libjvm.so+0x928279]  os::pd_commit_memory(char*, unsigned long, unsigned long, bool)+0x29
V  [libjvm.so+0x92249a]  os::commit_memory(char*, unsigned long, unsigned long, bool)+0x2a
V  [libjvm.so+0x996ff3]  PSVirtualSpace::expand_by(unsigned long)+0x53
V  [libjvm.so+0x9983f8]  PSYoungGen::resize_generation(unsigned long, unsigned long)+0xf8
V  [libjvm.so+0x997552]  PSYoungGen::resize(unsigned long, unsigned long)+0x22
V  [libjvm.so+0x99482b]  PSScavenge::invoke_no_policy()+0xf3b
V  [libjvm.so+0x994fb1]  PSScavenge::invoke()+0x41
V  [libjvm.so+0x94bce0]  ParallelScavengeHeap::failed_mem_allocate(unsigned long)+0x70
V  [libjvm.so+0xaccba7]  VM_ParallelGCFailedAllocation::doit()+0x97
V  [libjvm.so+0xad4685]  VM_Operation::evaluate()+0x55
V  [libjvm.so+0xad2a5a]  VMThread::evaluate_operation(VM_Operation*)+0xba
V  [libjvm.so+0xad2dde]  VMThread::loop()+0x1ce
V  [libjvm.so+0xad3250]  VMThread::run()+0x70
V  [libjvm.so+0x92a338]  java_start(Thread*)+0x108

VM_Operation (0x00007f1962b44e40): ParallelGCFailedAllocation, mode: safepoint, requested by thread 0x00007f195c00b000


---------------  P R O C E S S  ---------------

Java Threads: ( => current thread )
  0x00007f195c845800 JavaThread "Service Thread" daemon [_thread_blocked, id=17644, stack(0x00007f192c53a000,0x00007f192c63b000)]
  0x00007f195c841000 JavaThread "C1 CompilerThread1" daemon [_thread_blocked, id=17643, stack(0x00007f192c63b000,0x00007f192c73c000)]
  0x00007f195c82b000 JavaThread "C2 CompilerThread0" daemon [_thread_blocked, id=17642, stack(0x00007f192c73c000,0x00007f192c83d000)]
  0x00007f195c13b800 JavaThread "Signal Dispatcher" daemon [_thread_blocked, id=17638, stack(0x00007f1944570000,0x00007f1944671000)]
  0x00007f195c108000 JavaThread "Finalizer" daemon [_thread_blocked, id=17636, stack(0x00007f194494c000,0x00007f1944a4d000)]
  0x00007f195c103800 JavaThread "Reference Handler" daemon [_thread_blocked, id=17635, stack(0x00007f1944a4d000,0x00007f1944b4e000)]
  0x00007f195c00b000 JavaThread "main" [_thread_blocked, id=17631, stack(0x00007f1962a48000,0x00007f1962b49000)]

Other Threads:
=>0x00007f195c0fc000 VMThread [stack: 0x00007f1944b4e000,0x00007f1944c4f000] [id=17634]
  0x00007f195c878000 WatcherThread [stack: 0x00007f192c439000,0x00007f192c53a000] [id=17645]

VM state:at safepoint (normal execution)

VM Mutex/Monitor currently owned by a thread:  ([mutex/lock_event])
[0x00007f195c0072e0] Threads_lock - owner thread: 0x00007f195c0fc000
[0x00007f195c0077e0] Heap_lock - owner thread: 0x00007f195c00b000

Heap:
 PSYoungGen      total 103936K, used 153K [0x00000000eb700000, 0x00000000f2000000, 0x0000000100000000)
  eden space 100352K, 0% used [0x00000000eb700000,0x00000000eb700000,0x00000000f1900000)
  from space 3584K, 4% used [0x00000000f1900000,0x00000000f1926728,0x00000000f1c80000)
  to   space 3584K, 0% used [0x00000000f1c80000,0x00000000f1c80000,0x00000000f2000000)
 ParOldGen       total 42496K, used 5208K [0x00000000c2400000, 0x00000000c4d80000, 0x00000000eb700000)
  object space 42496K, 12% used [0x00000000c2400000,0x00000000c29162b8,0x00000000c4d80000)
 Metaspace       used 15831K, capacity 16116K, committed 16384K, reserved 1064960K
  class space    used 1617K, capacity 1712K, committed 1792K, reserved 1048576K

Card table byte_map: [0x00007f196000c000,0x00007f19601fb000] byte_map_base: 0x00007f195f9fa000

Marking Bits: (ParMarkBitMap*) 0x00007f1961f23dc0
 Begin Bits: [0x00007f1946120000, 0x00007f1947090000)
 End Bits:   [0x00007f1947090000, 0x00007f1948000000)

Polling page: 0x00007f1962b71000

CodeCache: size=245760Kb used=6406Kb max_used=6406Kb free=239353Kb
 bounds [0x00007f194c7ae000, 0x00007f194cdfe000, 0x00007f195b7ae000]
 total_blobs=2541 nmethods=2154 adapters=299
 compilation: enabled

Compilation events (10 events):
Event: 5.526 Thread 0x00007f195c841000 2191       2       sun.text.normalizer.TrieIterator::checkNullNextTrailIndex (110 bytes)
Event: 5.526 Thread 0x00007f195c841000 nmethod 2191 0x00007f194cdee890 code [0x00007f194cdeea20, 0x00007f194cdeed28]
Event: 5.526 Thread 0x00007f195c841000 2192       2       sun.text.normalizer.TrieIterator::checkTrailBlock (50 bytes)
Event: 5.526 Thread 0x00007f195c841000 nmethod 2192 0x00007f194cdeeed0 code [0x00007f194cdef040, 0x00007f194cdef268]
Event: 5.580 Thread 0x00007f195c841000 2194 %     3       sun.text.normalizer.UCharacterProperty::upropsvec_addPropertyStarts @ 27 (48 bytes)
Event: 5.580 Thread 0x00007f195c841000 nmethod 2194% 0x00007f194cdef350 code [0x00007f194cdef520, 0x00007f194cdefb68]
Event: 5.580 Thread 0x00007f195c841000 2195       3       sun.text.normalizer.UCharacterProperty::upropsvec_addPropertyStarts (48 bytes)
Event: 5.580 Thread 0x00007f195c841000 nmethod 2195 0x00007f194cdefe10 code [0x00007f194cdeffc0, 0x00007f194cdf0588]
Event: 5.588 Thread 0x00007f195c841000 2196       2       sun.text.normalizer.Trie$DefaultGetFoldingOffset::getFoldingOffset (2 bytes)
Event: 5.588 Thread 0x00007f195c841000 nmethod 2196 0x00007f194cdf07d0 code [0x00007f194cdf0920, 0x00007f194cdf0a70]

GC Heap History (10 events):
Event: 3.543 GC heap after
Heap after GC invocations=6 (full 0):
 PSYoungGen      total 34304K, used 3040K [0x00000000eb700000, 0x00000000edd00000, 0x0000000100000000)
  eden space 31232K, 0% used [0x00000000eb700000,0x00000000eb700000,0x00000000ed580000)
  from space 3072K, 98% used [0x00000000ed900000,0x00000000edbf83a8,0x00000000edc00000)
  to   space 3584K, 0% used [0x00000000ed580000,0x00000000ed580000,0x00000000ed900000)
 ParOldGen       total 42496K, used 517K [0x00000000c2400000, 0x00000000c4d80000, 0x00000000eb700000)
  object space 42496K, 1% used [0x00000000c2400000,0x00000000c2481670,0x00000000c4d80000)
 Metaspace       used 10241K, capacity 10344K, committed 10624K, reserved 1058816K
  class space    used 1033K, capacity 1050K, committed 1152K, reserved 1048576K
}
Event: 4.491 GC heap before
{Heap before GC invocations=7 (full 0):
 PSYoungGen      total 34304K, used 34272K [0x00000000eb700000, 0x00000000edd00000, 0x0000000100000000)
  eden space 31232K, 100% used [0x00000000eb700000,0x00000000ed580000,0x00000000ed580000)
  from space 3072K, 98% used [0x00000000ed900000,0x00000000edbf83a8,0x00000000edc00000)
  to   space 3584K, 0% used [0x00000000ed580000,0x00000000ed580000,0x00000000ed900000)
 ParOldGen       total 42496K, used 517K [0x00000000c2400000, 0x00000000c4d80000, 0x00000000eb700000)
  object space 42496K, 1% used [0x00000000c2400000,0x00000000c2481670,0x00000000c4d80000)
 Metaspace       used 12515K, capacity 12764K, committed 12928K, reserved 1060864K
  class space    used 1232K, capacity 1324K, committed 1408K, reserved 1048576K
Event: 4.502 GC heap after
Heap after GC invocations=7 (full 0):
 PSYoungGen      total 34816K, used 2577K [0x00000000eb700000, 0x00000000efb00000, 0x0000000100000000)
  eden space 31232K, 0% used [0x00000000eb700000,0x00000000eb700000,0x00000000ed580000)
  from space 3584K, 71% used [0x00000000ed580000,0x00000000ed804418,0x00000000ed900000)
  to   space 3584K, 0% used [0x00000000ef780000,0x00000000ef780000,0x00000000efb00000)
 ParOldGen       total 42496K, used 2055K [0x00000000c2400000, 0x00000000c4d80000, 0x00000000eb700000)
  object space 42496K, 4% used [0x00000000c2400000,0x00000000c2601cb0,0x00000000c4d80000)
 Metaspace       used 12515K, capacity 12764K, committed 12928K, reserved 1060864K
  class space    used 1232K, capacity 1324K, committed 1408K, reserved 1048576K
}
Event: 4.748 GC heap before
{Heap before GC invocations=8 (full 0):
 PSYoungGen      total 34816K, used 33809K [0x00000000eb700000, 0x00000000efb00000, 0x0000000100000000)
  eden space 31232K, 100% used [0x00000000eb700000,0x00000000ed580000,0x00000000ed580000)
  from space 3584K, 71% used [0x00000000ed580000,0x00000000ed804418,0x00000000ed900000)
  to   space 3584K, 0% used [0x00000000ef780000,0x00000000ef780000,0x00000000efb00000)
 ParOldGen       total 42496K, used 2055K [0x00000000c2400000, 0x00000000c4d80000, 0x00000000eb700000)
  object space 42496K, 4% used [0x00000000c2400000,0x00000000c2601cb0,0x00000000c4d80000)
 Metaspace       used 13877K, capacity 14140K, committed 14336K, reserved 1062912K
  class space    used 1393K, capacity 1484K, committed 1536K, reserved 1048576K
Event: 4.755 GC heap after
Heap after GC invocations=8 (full 0):
 PSYoungGen      total 66048K, used 2834K [0x00000000eb700000, 0x00000000efb00000, 0x0000000100000000)
  eden space 62464K, 0% used [0x00000000eb700000,0x00000000eb700000,0x00000000ef400000)
  from space 3584K, 79% used [0x00000000ef780000,0x00000000efa449c8,0x00000000efb00000)
  to   space 3584K, 0% used [0x00000000ef400000,0x00000000ef400000,0x00000000ef780000)
 ParOldGen       total 42496K, used 2391K [0x00000000c2400000, 0x00000000c4d80000, 0x00000000eb700000)
  object space 42496K, 5% used [0x00000000c2400000,0x00000000c2655cb0,0x00000000c4d80000)
 Metaspace       used 13877K, capacity 14140K, committed 14336K, reserved 1062912K
  class space    used 1393K, capacity 1484K, committed 1536K, reserved 1048576K
}
Event: 5.563 GC heap before
{Heap before GC invocations=9 (full 0):
 PSYoungGen      total 66048K, used 65298K [0x00000000eb700000, 0x00000000efb00000, 0x0000000100000000)
  eden space 62464K, 100% used [0x00000000eb700000,0x00000000ef400000,0x00000000ef400000)
  from space 3584K, 79% used [0x00000000ef780000,0x00000000efa449c8,0x00000000efb00000)
  to   space 3584K, 0% used [0x00000000ef400000,0x00000000ef400000,0x00000000ef780000)
 ParOldGen       total 42496K, used 2391K [0x00000000c2400000, 0x00000000c4d80000, 0x00000000eb700000)
  object space 42496K, 5% used [0x00000000c2400000,0x00000000c2655cb0,0x00000000c4d80000)
 Metaspace       used 15830K, capacity 16116K, committed 16384K, reserved 1064960K
  class space    used 1617K, capacity 1712K, committed 1792K, reserved 1048576K
Event: 5.575 GC heap after
Heap after GC invocations=9 (full 0):
 PSYoungGen      total 66048K, used 2876K [0x00000000eb700000, 0x00000000f2000000, 0x0000000100000000)
  eden space 62464K, 0% used [0x00000000eb700000,0x00000000eb700000,0x00000000ef400000)
  from space 3584K, 80% used [0x00000000ef400000,0x00000000ef6cf098,0x00000000ef780000)
  to   space 3584K, 0% used [0x00000000f1c80000,0x00000000f1c80000,0x00000000f2000000)
 ParOldGen       total 42496K, used 3543K [0x00000000c2400000, 0x00000000c4d80000, 0x00000000eb700000)
  object space 42496K, 8% used [0x00000000c2400000,0x00000000c2775d00,0x00000000c4d80000)
 Metaspace       used 15830K, capacity 16116K, committed 16384K, reserved 1064960K
  class space    used 1617K, capacity 1712K, committed 1792K, reserved 1048576K
}
Event: 5.595 GC heap before
{Heap before GC invocations=10 (full 0):
 PSYoungGen      total 66048K, used 65310K [0x00000000eb700000, 0x00000000f2000000, 0x0000000100000000)
  eden space 62464K, 99% used [0x00000000eb700000,0x00000000ef3f8aa8,0x00000000ef400000)
  from space 3584K, 80% used [0x00000000ef400000,0x00000000ef6cf098,0x00000000ef780000)
  to   space 3584K, 0% used [0x00000000f1c80000,0x00000000f1c80000,0x00000000f2000000)
 ParOldGen       total 42496K, used 3543K [0x00000000c2400000, 0x00000000c4d80000, 0x00000000eb700000)
  object space 42496K, 8% used [0x00000000c2400000,0x00000000c2775d00,0x00000000c4d80000)
 Metaspace       used 15831K, capacity 16116K, committed 16384K, reserved 1064960K
  class space    used 1617K, capacity 1712K, committed 1792K, reserved 1048576K
Event: 5.614 GC heap after
Heap after GC invocations=10 (full 0):
 PSYoungGen      total 103936K, used 855K [0x00000000eb700000, 0x00000000f2000000, 0x0000000100000000)
  eden space 100352K, 0% used [0x00000000eb700000,0x00000000eb700000,0x00000000f1900000)
  from space 3584K, 23% used [0x00000000f1c80000,0x00000000f1d55e60,0x00000000f2000000)
  to   space 3584K, 0% used [0x00000000f1900000,0x00000000f1900000,0x00000000f1c80000)
 ParOldGen       total 42496K, used 4477K [0x00000000c2400000, 0x00000000c4d80000, 0x00000000eb700000)
  object space 42496K, 10% used [0x00000000c2400000,0x00000000c285f670,0x00000000c4d80000)
 Metaspace       used 15831K, capacity 16116K, committed 16384K, reserved 1064960K
  class space    used 1617K, capacity 1712K, committed 1792K, reserved 1048576K
}
Event: 5.729 GC heap before
{Heap before GC invocations=11 (full 0):
 PSYoungGen      total 103936K, used 101113K [0x00000000eb700000, 0x00000000f2000000, 0x0000000100000000)
  eden space 100352K, 99% used [0x00000000eb700000,0x00000000f18e85d0,0x00000000f1900000)
  from space 3584K, 23% used [0x00000000f1c80000,0x00000000f1d55e60,0x00000000f2000000)
  to   space 3584K, 0% used [0x00000000f1900000,0x00000000f1900000,0x00000000f1c80000)
 ParOldGen       total 42496K, used 4477K [0x00000000c2400000, 0x00000000c4d80000, 0x00000000eb700000)
  object space 42496K, 10% used [0x00000000c2400000,0x00000000c285f670,0x00000000c4d80000)
 Metaspace       used 15831K, capacity 16116K, committed 16384K, reserved 1064960K
  class space    used 1617K, capacity 1712K, committed 1792K, reserved 1048576K

Deoptimization events (10 events):
Event: 1.988 Thread 0x00007f195c00b000 Uncommon trap: reason=unstable_if action=reinterpret pc=0x00007f194c937860 method=java.lang.String.indexOf([CII[CIII)I @ 134
Event: 2.153 Thread 0x00007f195c00b000 Uncommon trap: reason=unstable_if action=reinterpret pc=0x00007f194c9c9bac method=org.jacoco.agent.rt.internal_b0d6a23.asm.ClassReader.readUTF8(I[C)Ljava/lang/String; @ 11
Event: 2.231 Thread 0x00007f195c00b000 Uncommon trap: reason=unstable_if action=reinterpret pc=0x00007f194c98a144 method=org.jacoco.agent.rt.internal_b0d6a23.asm.ClassReader.readUTF(II[C)Ljava/lang/String; @ 77
Event: 2.367 Thread 0x00007f195c00b000 Uncommon trap: reason=unstable_if action=reinterpret pc=0x00007f194ca03710 method=org.jacoco.agent.rt.internal_b0d6a23.asm.MethodVisitor.visitLineNumber(ILorg/jacoco/agent/rt/internal_b0d6a23/asm/Label;)V @ 4
Event: 2.463 Thread 0x00007f195c00b000 Uncommon trap: reason=unstable_if action=reinterpret pc=0x00007f194ca6a7c4 method=java.util.ArrayList.remove(I)Ljava/lang/Object; @ 31
Event: 3.102 Thread 0x00007f195c00b000 Uncommon trap: reason=unstable_if action=reinterpret pc=0x00007f194ca14c98 method=org.jacoco.agent.rt.internal_b0d6a23.asm.Item.isEqualTo(Lorg/jacoco/agent/rt/internal_b0d6a23/asm/Item;)Z @ 345
Event: 3.347 Thread 0x00007f195c00b000 Uncommon trap: reason=unstable_if action=reinterpret pc=0x00007f194ca68208 method=sun.misc.MetaIndex.mayContain(Ljava/lang/String;)Z @ 13
Event: 3.454 Thread 0x00007f195c00b000 Uncommon trap: reason=null_check action=make_not_entrant pc=0x00007f194c8b7f84 method=java.lang.String.equals(Ljava/lang/Object;)Z @ 8
Event: 4.021 Thread 0x00007f195c00b000 Uncommon trap: reason=unstable_if action=reinterpret pc=0x00007f194ca4f0b8 method=java.lang.AbstractStringBuilder.append(Ljava/lang/String;)Ljava/lang/AbstractStringBuilder; @ 1
Event: 4.780 Thread 0x00007f195c00b000 Uncommon trap: reason=unstable_if action=reinterpret pc=0x00007f194cbb2048 method=org.jacoco.agent.rt.internal_b0d6a23.asm.Type.getArgumentsAndReturnSizes(Ljava/lang/String;)I @ 47

Internal exceptions (10 events):
Event: 5.391 Thread 0x00007f195c00b000 Exception <a 'java/security/PrivilegedActionException'> (0x00000000eead1b28) thrown at [/HUDSON3/workspace/8-2-build-linux-amd64/jdk8u144/9417/hotspot/src/share/vm/prims/jvm.cpp, line 1390]
Event: 5.391 Thread 0x00007f195c00b000 Exception <a 'java/security/PrivilegedActionException'> (0x00000000eead5cc0) thrown at [/HUDSON3/workspace/8-2-build-linux-amd64/jdk8u144/9417/hotspot/src/share/vm/prims/jvm.cpp, line 1390]
Event: 5.391 Thread 0x00007f195c00b000 Exception <a 'java/security/PrivilegedActionException'> (0x00000000eead60b8) thrown at [/HUDSON3/workspace/8-2-build-linux-amd64/jdk8u144/9417/hotspot/src/share/vm/prims/jvm.cpp, line 1390]
Event: 5.391 Thread 0x00007f195c00b000 Exception <a 'java/security/PrivilegedActionException'> (0x00000000eeae76e0) thrown at [/HUDSON3/workspace/8-2-build-linux-amd64/jdk8u144/9417/hotspot/src/share/vm/prims/jvm.cpp, line 1390]
Event: 5.391 Thread 0x00007f195c00b000 Exception <a 'java/security/PrivilegedActionException'> (0x00000000eeae7ad8) thrown at [/HUDSON3/workspace/8-2-build-linux-amd64/jdk8u144/9417/hotspot/src/share/vm/prims/jvm.cpp, line 1390]
Event: 5.397 Thread 0x00007f195c00b000 Exception <a 'java/security/PrivilegedActionException'> (0x00000000eeaebc70) thrown at [/HUDSON3/workspace/8-2-build-linux-amd64/jdk8u144/9417/hotspot/src/share/vm/prims/jvm.cpp, line 1390]
Event: 5.397 Thread 0x00007f195c00b000 Exception <a 'java/security/PrivilegedActionException'> (0x00000000eeaec068) thrown at [/HUDSON3/workspace/8-2-build-linux-amd64/jdk8u144/9417/hotspot/src/share/vm/prims/jvm.cpp, line 1390]
Event: 5.415 Thread 0x00007f195c00b000 Exception <a 'java/lang/ArrayIndexOutOfBoundsException'> (0x00000000eeb71690) thrown at [/HUDSON3/workspace/8-2-build-linux-amd64/jdk8u144/9417/hotspot/src/share/vm/runtime/sharedRuntime.cpp, line 605]
Event: 5.416 Thread 0x00007f195c00b000 Exception <a 'java/lang/ArrayIndexOutOfBoundsException'> (0x00000000eeb76b58) thrown at [/HUDSON3/workspace/8-2-build-linux-amd64/jdk8u144/9417/hotspot/src/share/vm/runtime/sharedRuntime.cpp, line 605]
Event: 5.416 Thread 0x00007f195c00b000 Exception <a 'java/lang/ArrayIndexOutOfBoundsException'> (0x00000000eeb79dd8) thrown at [/HUDSON3/workspace/8-2-build-linux-amd64/jdk8u144/9417/hotspot/src/share/vm/runtime/sharedRuntime.cpp, line 605]

Events (10 events):
Event: 5.575 Executing VM operation: ParallelGCFailedAllocation done
Event: 5.578 Executing VM operation: RevokeBias
Event: 5.578 Executing VM operation: RevokeBias done
Event: 5.578 Executing VM operation: RevokeBias
Event: 5.578 Executing VM operation: RevokeBias done
Event: 5.578 Executing VM operation: RevokeBias
Event: 5.578 Executing VM operation: RevokeBias done
Event: 5.595 Executing VM operation: ParallelGCFailedAllocation
Event: 5.615 Executing VM operation: ParallelGCFailedAllocation done
Event: 5.713 Executing VM operation: ParallelGCFailedAllocation


Dynamic libraries:
00400000-00401000 r-xp 00000000 08:01 2106691                            /usr/lib/jvm/java-8-oracle/jre/bin/java
00600000-00601000 rw-p 00000000 08:01 2106691                            /usr/lib/jvm/java-8-oracle/jre/bin/java
01f48000-01f69000 rw-p 00000000 00:00 0                                  [heap]
c2400000-c4d80000 rw-p 00000000 00:00 0 
c4d80000-eb700000 ---p 00000000 00:00 0 
eb700000-f2000000 rw-p 00000000 00:00 0 
f5c00000-100000000 ---p 00000000 00:00 0 
100000000-1001c0000 rw-p 00000000 00:00 0 
1001c0000-140000000 ---p 00000000 00:00 0 
7f1918000000-7f1918021000 rw-p 00000000 00:00 0 
7f1918021000-7f191c000000 ---p 00000000 00:00 0 
7f191f7c3000-7f191f803000 rw-p 00000000 00:00 0 
7f191f803000-7f191f9c3000 ---p 00000000 00:00 0 
7f191f9c3000-7f191fbc3000 rw-p 00000000 00:00 0 
7f191fc00000-7f191fe00000 rw-p 00000000 00:00 0 
7f191fe00000-7f1920000000 rw-p 00000000 00:00 0 
7f1920000000-7f1920ada000 rw-p 00000000 00:00 0 
7f1920ada000-7f1924000000 ---p 00000000 00:00 0 
7f1924000000-7f1924021000 rw-p 00000000 00:00 0 
7f1924021000-7f1928000000 ---p 00000000 00:00 0 
7f1928000000-7f1929a2b000 rw-p 00000000 00:00 0 
7f1929a2b000-7f192c000000 ---p 00000000 00:00 0 
7f192c1bc000-7f192c1cf000 r--s 00345000 08:01 1976712                    /usr/lib/jvm/java-8-oracle/jre/lib/resources.jar
7f192c1cf000-7f192c1eb000 r--s 00393000 08:01 2106535                    /usr/lib/jvm/java-8-oracle/jre/lib/ext/cldrdata.jar
7f192c1eb000-7f192c1f5000 r--s 00116000 08:01 2106532                    /usr/lib/jvm/java-8-oracle/jre/lib/ext/localedata.jar
7f192c1fa000-7f192c1fc000 r--s 00007000 08:01 791719                     /home/madunlap/.m2/repository/org/apache/maven/surefire/surefire-junit4/2.10/surefire-junit4-2.10.jar
7f192c1fc000-7f192c1fe000 r--s 0000b000 08:01 921145                     /home/madunlap/.m2/repository/org/json/json/20160212/json-20160212.jar
7f192c1fe000-7f192c200000 r--s 00009000 08:01 921147                     /home/madunlap/.m2/repository/com/mashape/unirest/unirest-java/1.4.9/unirest-java-1.4.9.jar
7f192c200000-7f192c202000 r--s 0000e000 08:01 921141                     /home/madunlap/.m2/repository/org/jvnet/mimepull/mimepull/1.9.6/mimepull-1.9.6.jar
7f192c202000-7f192c205000 r--s 0000e000 08:01 921143                     /home/madunlap/.m2/repository/org/glassfish/jersey/media/jersey-media-multipart/2.23.2/jersey-media-multipart-2.23.2.jar
7f192c205000-7f192c209000 r--s 00019000 08:01 921137                     /home/madunlap/.m2/repository/javax/ws/rs/javax.ws.rs-api/2.0.1/javax.ws.rs-api-2.0.1.jar
7f192c209000-7f192c20b000 r--s 00010000 08:01 921134                     /home/madunlap/.m2/repository/org/glassfish/jersey/media/jersey-media-jaxb/2.23.2/jersey-media-jaxb-2.23.2.jar
7f192c20b000-7f192c210000 r--s 00025000 08:01 921138                     /home/madunlap/.m2/repository/org/glassfish/jersey/core/jersey-client/2.23.2/jersey-client-2.23.2.jar
7f192c210000-7f192c226000 r--s 000d3000 08:01 921133                     /home/madunlap/.m2/repository/org/glassfish/jersey/core/jersey-server/2.23.2/jersey-server-2.23.2.jar
7f192c226000-7f192c227000 r--s 00004000 08:01 921129                     /home/madunlap/.m2/repository/org/glassfish/hk2/osgi-resource-locator/1.0.1/osgi-resource-locator-1.0.1.jar
7f192c227000-7f192c231000 r--s 000ae000 08:01 921127                     /home/madunlap/.m2/repository/org/javassist/javassist/3.20.0-GA/javassist-3.20.0-GA.jar
7f192c231000-7f192c234000 r--s 0002a000 08:01 921123                     /home/madunlap/.m2/repository/org/glassfish/hk2/hk2-locator/2.5.0-b05/hk2-locator-2.5.0-b05.jar
7f192c234000-7f192c236000 r--s 00002000 08:01 921128                     /home/madunlap/.m2/repository/org/glassfish/hk2/external/aopalliance-repackaged/2.5.0-b05/aopalliance-repackaged-2.5.0-b05.jar
7f192c236000-7f192c23a000 r--s 0001a000 08:01 921125                     /home/madunlap/.m2/repository/org/glassfish/hk2/hk2-utils/2.5.0-b05/hk2-utils-2.5.0-b05.jar
7f192c23a000-7f192c23f000 r--s 00027000 08:01 921118                     /home/madunlap/.m2/repository/org/glassfish/hk2/hk2-api/2.5.0-b05/hk2-api-2.5.0-b05.jar
7f192c23f000-7f192c257000 r--s 000d6000 08:01 921120                     /home/madunlap/.m2/repository/org/glassfish/jersey/bundles/repackaged/jersey-guava/2.23.2/jersey-guava-2.23.2.jar
7f192c257000-7f192c259000 r--s 00005000 08:01 921116                     /home/madunlap/.m2/repository/javax/annotation/javax.annotation-api/1.2/javax.annotation-api-1.2.jar
7f192c259000-7f192c268000 r--s 000a0000 08:01 921111                     /home/madunlap/.m2/repository/org/glassfish/jersey/core/jersey-common/2.23.2/jersey-common-2.23.2.jar
7f192c268000-7f192c269000 r--s 00001000 08:01 921113                     /home/madunlap/.m2/repository/org/glassfish/hk2/external/javax.inject/2.5.0-b05/javax.inject-2.5.0-b05.jar
7f192c269000-7f192c26c000 r--s 0000e000 08:01 921110                     /home/madunlap/.m2/repository/org/glassfish/jersey/containers/jersey-container-servlet-core/2.23.2/jersey-container-servlet-core-2.23.2.jar
7f192c26c000-7f192c26e000 r--s 00003000 08:01 921107                     /home/madunlap/.m2/repository/org/glassfish/jersey/containers/jersey-container-servlet/2.23.2/jersey-container-servlet-2.23.2.jar
7f192c26e000-7f192c270000 r--s 00008000 08:01 921112                     /home/madunlap/.m2/repository/com/google/auto/auto-common/0.3/auto-common-0.3.jar
7f192c270000-7f192c271000 r--s 00002000 08:01 921105                     /home/madunlap/.m2/repository/com/google/auto/service/auto-service/1.0-rc2/auto-service-1.0-rc2.jar
7f192c271000-7f192c273000 r--s 0000c000 08:01 921153                     /home/madunlap/.m2/repository/com/lyncode/xoai-service-provider/4.1.0-header-patch/xoai-service-provider-4.1.0-header-patch.jar
7f192c273000-7f192c274000 r--s 00001000 08:01 921104                     /home/madunlap/.m2/repository/com/lyncode/builder-commons/1.0.2/builder-commons-1.0.2.jar
7f192c274000-7f192c277000 r--s 00012000 08:01 921152                     /home/madunlap/.m2/repository/com/lyncode/xoai-data-provider/4.1.0-header-patch/xoai-data-provider-4.1.0-header-patch.jar
7f192c277000-7f192c279000 r--s 00005000 08:01 791390                     /home/madunlap/.m2/repository/stax/stax-api/1.0.1/stax-api-1.0.1.jar
7f192c279000-7f192c27f000 r--s 00048000 08:01 921101                     /home/madunlap/.m2/repository/org/apache/commons/commons-lang3/3.1/commons-lang3-3.1.jar
7f192c27f000-7f192c281000 r--s 00004000 08:01 921097                     /home/madunlap/.m2/repository/javax/xml/stream/stax-api/1.0-2/stax-api-1.0-2.jar
7f192c281000-7f192c285000 r--s 00029000 08:01 921098                     /home/madunlap/.m2/repository/org/codehaus/woodstox/stax2-api/3.0.4/stax2-api-3.0.4.jar
7f192c285000-7f192c28b000 r--s 00045000 08:01 921095                     /home/madunlap/.m2/repository/org/hamcrest/hamcrest-all/1.3/hamcrest-all-1.3.jar
7f192c28b000-7f192c290000 r--s 00016000 08:01 791388                     /home/madunlap/.m2/repository/xml-apis/xml-apis/1.0.b2/xml-apis-1.0.b2.jar
7f192c290000-7f192c291000 r--s 00003000 08:01 921092                     /home/madunlap/.m2/repository/com/lyncode/test-support/1.0.4/test-support-1.0.4.jar
7f192c291000-7f192c293000 r--s 00004000 08:01 921090                     /home/madunlap/.m2/repository/com/lyncode/xml-io/1.0.3/xml-io-1.0.3.jar
7f192c293000-7f192c295000 r--s 0000d000 08:01 921151                     /home/madunlap/.m2/repository/com/lyncode/xoai-common/4.1.0-header-patch/xoai-common-4.1.0-header-patch.jar
7f192c295000-7f192c298000 r--s 00011000 08:01 921088                     /home/madunlap/.m2/repository/com/github/scribejava/scribejava-core/3.1.0/scribejava-core-3.1.0.jar
7f192c298000-7f192c29b000 r--s 00010000 08:01 921084                     /home/madunlap/.m2/repository/com/github/scribejava/scribejava-apis/3.1.0/scribejava-apis-3.1.0.jar
7f192c29b000-7f192c2a4000 r--s 0006f000 08:01 921083                     /home/madunlap/.m2/repository/log4j/log4j/1.2.17/log4j-1.2.17.jar
7f192c2a4000-7f192c37b000 r--s 007aa000 08:01 921093                     /home/madunlap/.m2/repository/net/sf/ehcache/ehcache/2.10.1/ehcache-2.10.1.jar
7f192c37b000-7f192c37d000 r--s 00008000 08:01 921082                     /home/madunlap/.m2/repository/org/apache/commons/commons-csv/1.2/commons-csv-1.2.jar
7f192c37d000-7f192c381000 r--s 00035000 08:01 921081                     /home/madunlap/.m2/repository/com/fasterxml/jackson/core/jackson-core/2.5.3/jackson-core-2.5.3.jar
7f192c381000-7f192c383000 r--s 00008000 08:01 921075                     /home/madunlap/.m2/repository/com/fasterxml/jackson/core/jackson-annotations/2.5.0/jackson-annotations-2.5.0.jar
7f192c383000-7f192c395000 r--s 00106000 08:01 921073                     /home/madunlap/.m2/repository/com/fasterxml/jackson/core/jackson-databind/2.5.3/jackson-databind-2.5.3.jar
7f192c395000-7f192c398000 r--s 00006000 08:01 921070                     /home/madunlap/.m2/repository/com/google/code/findbugs/jsr305/1.3.9/jsr305-1.3.9.jar
7f192c398000-7f192c39e000 r--s 00040000 08:01 921074                     /home/madunlap/.m2/repository/com/google/http-client/google-http-client/1.20.0/google-http-client-1.20.0.jar
7f192c39e000-7f192c39f000 r--s 00004000 08:01 921066                     /home/madunlap/.m2/repository/com/maxmind/db/maxmind-db/1.0.0/maxmind-db-1.0.0.jar
7f192c39f000-7f192c3a1000 r--s 00007000 08:01 921064                     /home/madunlap/.m2/repository/com/maxmind/geoip2/geoip2/2.3.1/geoip2-2.3.1.jar
7f192c3a1000-7f192c3a3000 r--s 00003000 08:01 921062                     /home/madunlap/.m2/repository/org/slf4j/jcl-over-slf4j/1.7.2/jcl-over-slf4j-1.7.2.jar
7f192c3a3000-7f192c3a7000 r--s 00034000 08:01 921067                     /home/madunlap/.m2/repository/org/codehaus/jackson/jackson-core-asl/1.9.7/jackson-core-asl-1.9.7.jar
7f192c3a7000-7f192c3b6000 r--s 000b0000 08:01 921065                     /home/madunlap/.m2/repository/org/codehaus/jackson/jackson-mapper-asl/1.9.7/jackson-mapper-asl-1.9.7.jar
7f192c3b6000-7f192c3c0000 r--s 0003d000 08:01 921060                     /home/madunlap/.m2/repository/org/javaswift/joss/0.9.10/joss-0.9.10.jar
7f192c3c0000-7f192c3c7000 r--s 0003a000 08:01 921056                     /home/madunlap/.m2/repository/commons-codec/commons-codec/1.9/commons-codec-1.9.jar
7f192c3c7000-7f192c3ce000 r--s 00048000 08:01 921054                     /home/madunlap/.m2/repository/org/apache/httpcomponents/httpcore/4.4.1/httpcore-4.4.1.jar
7f192c3ce000-7f192c3db000 r--s 000a4000 08:01 921052                     /home/madunlap/.m2/repository/org/apache/httpcomponents/httpclient/4.4.1/httpclient-4.4.1.jar
7f192c3db000-7f192c3df000 r--s 00028000 08:01 921050                     /home/madunlap/.m2/repository/org/apache/httpcomponents/httpasyncclient/4.1/httpasyncclient-4.1.jar
7f192c3df000-7f192c3e6000 r--s 00050000 08:01 921049                     /home/madunlap/.m2/repository/org/apache/httpcomponents/httpcore-nio/4.4.1/httpcore-nio-4.4.1.jar
7f192c3e6000-7f192c3ec000 r--s 00033000 08:01 921046                     /home/madunlap/.m2/repository/io/searchbox/jest-common/0.1.7/jest-common-0.1.7.jar
7f192c3ec000-7f192c3ed000 r--s 00004000 08:01 921045                     /home/madunlap/.m2/repository/io/searchbox/jest/0.1.7/jest-0.1.7.jar
7f192c3ed000-7f192c3f0000 r--s 0000f000 08:01 921042                     /home/madunlap/.m2/repository/commons-discovery/commons-discovery/0.2/commons-discovery-0.2.jar
7f192c3f0000-7f192c3f3000 r--s 0001c000 08:01 921043                     /home/madunlap/.m2/repository/axis/axis-wsdl4j/1.5.1/axis-wsdl4j-1.5.1.jar
7f192c3f3000-7f192c3f4000 r--s 00004000 08:01 921039                     /home/madunlap/.m2/repository/org/apache/axis/axis-saaj/1.4/axis-saaj-1.4.jar
7f192c3f4000-7f192c3f6000 r--s 00006000 08:01 921036                     /home/madunlap/.m2/repository/org/apache/axis/axis-jaxrpc/1.4/axis-jaxrpc-1.4.jar
7f192c3f6000-7f192c40a000 r--s 00173000 08:01 921038                     /home/madunlap/.m2/repository/axis/axis/1.4/axis-1.4.jar
7f192c40a000-7f192c40c000 r--s 00009000 08:01 921034                     /home/madunlap/.m2/repository/org/objenesis/objenesis/2.1/objenesis-2.1.jar
7f192c40c000-7f192c428000 r--s 00103000 08:01 921030                     /home/madunlap/.m2/repository/org/mockito/mockito-core/1.10.19/mockito-core-1.10.19.jar
7f192c428000-7f192c42a000 r--s 00001000 08:01 921031                     /home/madunlap/.m2/repository/org/slf4j/slf4j-log4j12/1.7.7/slf4j-log4j12-1.7.7.jar
7f192c42a000-7f192c42c000 r--s 00006000 08:01 791385                     /home/madunlap/.m2/repository/org/slf4j/slf4j-api/1.7.7/slf4j-api-1.7.7.jar
7f192c42c000-7f192c430000 r--s 0001f000 08:01 921028                     /home/madunlap/.m2/repository/org/jacoco/org.jacoco.report/0.7.5.201505241946/org.jacoco.report-0.7.5.201505241946.jar
7f192c430000-7f192c435000 r--s 00058000 08:01 921027                     /home/madunlap/.m2/repository/org/ow2/asm/asm-debug-all/5.0.1/asm-debug-all-5.0.1.jar
7f192c435000-7f192c439000 r--s 0001d000 08:01 791383                     /home/madunlap/.m2/repository/org/jacoco/org.jacoco.core/0.7.5.201505241946/org.jacoco.core-0.7.5.201505241946.jar
7f192c439000-7f192c43a000 ---p 00000000 00:00 0 
7f192c43a000-7f192c53a000 rw-p 00000000 00:00 0 
7f192c53a000-7f192c53d000 ---p 00000000 00:00 0 
7f192c53d000-7f192c63b000 rw-p 00000000 00:00 0 
7f192c63b000-7f192c63e000 ---p 00000000 00:00 0 
7f192c63e000-7f192c73c000 rw-p 00000000 00:00 0 
7f192c73c000-7f192c73f000 ---p 00000000 00:00 0 
7f192c73f000-7f192c83d000 rw-p 00000000 00:00 0 
7f192c83d000-7f192c84e000 r-xp 00000000 08:01 2106483                    /usr/lib/jvm/java-8-oracle/jre/lib/amd64/libnio.so
7f192c84e000-7f192ca4d000 ---p 00011000 08:01 2106483                    /usr/lib/jvm/java-8-oracle/jre/lib/amd64/libnio.so
7f192ca4d000-7f192ca4e000 rw-p 00010000 08:01 2106483                    /usr/lib/jvm/java-8-oracle/jre/lib/amd64/libnio.so
7f192ca4e000-7f192fa4f000 rw-p 00000000 00:00 0 
7f192fa4f000-7f192fa65000 r-xp 00000000 08:01 2106458                    /usr/lib/jvm/java-8-oracle/jre/lib/amd64/libnet.so
7f192fa65000-7f192fc65000 ---p 00016000 08:01 2106458                    /usr/lib/jvm/java-8-oracle/jre/lib/amd64/libnet.so
7f192fc65000-7f192fc66000 rw-p 00016000 08:01 2106458                    /usr/lib/jvm/java-8-oracle/jre/lib/amd64/libnet.so
7f192fc66000-7f192fc69000 r--s 0001a000 08:01 1976716                    /usr/lib/jvm/java-8-oracle/jre/lib/jce.jar
7f192fc69000-7f192fc6e000 r--s 0009a000 08:01 1976643                    /usr/lib/jvm/java-8-oracle/jre/lib/jsse.jar
7f192fc6e000-7f192fc74000 r--s 00041000 08:01 661360                     /home/madunlap/.m2/repository/org/jacoco/org.jacoco.agent/0.7.5.201505241946/org.jacoco.agent-0.7.5.201505241946-runtime.jar
7f192fc74000-7f192fc76000 r--s 0000e000 08:01 921023                     /home/madunlap/.m2/repository/oro/oro/2.0.8/oro-2.0.8.jar
7f192fc76000-7f192fc7e000 r--s 00058000 08:01 921019                     /home/madunlap/.m2/repository/org/apache/velocity/velocity/1.5/velocity-1.5.jar
7f192fc7e000-7f192fc7f000 r--s 00001000 08:01 921022                     /home/madunlap/.m2/repository/org/codehaus/plexus/plexus-velocity/1.1.7/plexus-velocity-1.1.7.jar
7f192fc7f000-7f192fc80000 r--s 00002000 08:01 921017                     /home/madunlap/.m2/repository/org/codehaus/plexus/plexus-i18n/1.0-beta-7/plexus-i18n-1.0-beta-7.jar
7f192fc80000-7f192fc82000 r--s 00008000 08:01 921015                     /home/madunlap/.m2/repository/org/apache/maven/doxia/doxia-module-fml/1.1.2/doxia-module-fml-1.1.2.jar
7f192fc82000-7f192fc83000 r--s 00003000 08:01 921016                     /home/madunlap/.m2/repository/org/apache/maven/doxia/doxia-module-xhtml/1.1.2/doxia-module-xhtml-1.1.2.jar
7f192fc83000-7f192fc85000 r--s 0000b000 08:01 921011                     /home/madunlap/.m2/repository/org/apache/maven/doxia/doxia-decoration-model/1.1.2/doxia-decoration-model-1.1.2.jar
7f192fc85000-7f192fc87000 r--s 0000b000 08:01 921008                     /home/madunlap/.m2/repository/org/apache/maven/doxia/doxia-site-renderer/1.1.2/doxia-site-renderer-1.1.2.jar
7f192fc87000-7f192fc8b000 r--s 00023000 08:01 921010                     /home/madunlap/.m2/repository/org/apache/maven/doxia/doxia-core/1.1.2/doxia-core-1.1.2.jar
7f192fc8b000-7f192fc8d000 r--s 00003000 08:01 921007                     /home/madunlap/.m2/repository/org/apache/maven/reporting/maven-reporting-impl/2.1/maven-reporting-impl-2.1.jar
7f192fc8d000-7f192fc8e000 r--s 00002000 08:01 921004                     /home/madunlap/.m2/repository/org/apache/maven/doxia/doxia-logging-api/1.1/doxia-logging-api-1.1.jar
7f192fc8e000-7f192fc90000 r--s 00002000 08:01 921001                     /home/madunlap/.m2/repository/org/apache/maven/doxia/doxia-sink-api/1.1/doxia-sink-api-1.1.jar
7f192fc90000-7f192fc91000 r--s 00002000 08:01 920999                     /home/madunlap/.m2/repository/org/apache/maven/reporting/maven-reporting-api/2.2.1/maven-reporting-api-2.2.1.jar
7f192fc91000-7f192fc93000 r--s 00008000 08:01 920995                     /home/madunlap/.m2/repository/org/apache/maven/shared/maven-shared-io/1.1/maven-shared-io-1.1.jar
7f192fc93000-7f192fc95000 r--s 00008000 08:01 920998                     /home/madunlap/.m2/repository/org/apache/maven/shared/file-management/1.2.1/file-management-1.2.1.jar
7f192fc95000-7f192fc9a000 r--s 00039000 08:01 920997                     /home/madunlap/.m2/repository/org/codehaus/plexus/plexus-utils/1.5.6/plexus-utils-1.5.6.jar
7f192fc9a000-7f192fc9c000 r--s 00008000 08:01 920991                     /home/madunlap/.m2/repository/classworlds/classworlds/1.1-alpha-2/classworlds-1.1-alpha-2.jar
7f192fc9c000-7f192fca3000 r--s 00029000 08:01 920988                     /home/madunlap/.m2/repository/org/codehaus/plexus/plexus-container-default/1.0-alpha-9-stable-1/plexus-container-default-1.0-alpha-9-stable-1.jar
7f192fca3000-7f192fca6000 r--s 00011000 08:01 920989                     /home/madunlap/.m2/repository/org/apache/maven/maven-artifact/2.2.1/maven-artifact-2.2.1.jar
7f192fca6000-7f192fca8000 r--s 0000b000 08:01 920985                     /home/madunlap/.m2/repository/org/codehaus/plexus/plexus-interpolation/1.11/plexus-interpolation-1.11.jar
7f192fca8000-7f192fcaa000 r--s 00006000 08:01 920982                     /home/madunlap/.m2/repository/org/apache/maven/maven-plugin-registry/2.2.1/maven-plugin-registry-2.2.1.jar
7f192fcaa000-7f192fcb2000 r--s 00049000 08:01 920984                     /home/madunlap/.m2/repository/backport-util-concurrent/backport-util-concurrent/3.1/backport-util-concurrent-3.1.jar
7f192fcb2000-7f192fcb4000 r--s 0000b000 08:01 920978                     /home/madunlap/.m2/repository/org/apache/maven/wagon/wagon-provider-api/1.0-beta-6/wagon-provider-api-1.0-beta-6.jar
7f192fcb4000-7f192fcb6000 r--s 00005000 08:01 920980                     /home/madunlap/.m2/repository/org/apache/maven/maven-repository-metadata/2.2.1/maven-repository-metadata-2.2.1.jar
7f192fcb6000-7f192fcb8000 r--s 0000f000 08:01 920975                     /home/madunlap/.m2/repository/org/apache/maven/maven-artifact-manager/2.2.1/maven-artifact-manager-2.2.1.jar
7f192fcb8000-7f192fcba000 r--s 00014000 08:01 920971                     /home/madunlap/.m2/repository/org/apache/maven/maven-model/2.2.1/maven-model-2.2.1.jar
7f192fcba000-7f192fcbc000 r--s 00007000 08:01 920969                     /home/madunlap/.m2/repository/org/apache/maven/maven-profile/2.2.1/maven-profile-2.2.1.jar
7f192fcbc000-7f192fcbd000 r--s 0000b000 08:01 920972                     /home/madunlap/.m2/repository/org/apache/maven/maven-settings/2.2.1/maven-settings-2.2.1.jar
7f192fcbd000-7f192fcc1000 r--s 00023000 08:01 920973                     /home/madunlap/.m2/repository/org/apache/maven/maven-project/2.2.1/maven-project-2.2.1.jar
7f192fcc1000-7f192fcc3000 r--s 00002000 08:01 661356                     /home/madunlap/.m2/repository/org/apache/maven/maven-plugin-api/2.2.1/maven-plugin-api-2.2.1.jar
7f192fcc3000-7f192fcc5000 r--s 0000b000 08:01 660606                     /home/madunlap/.m2/repository/org/jacoco/jacoco-maven-plugin/0.7.5.201505241946/jacoco-maven-plugin-0.7.5.201505241946.jar
7f192fcc5000-7f192fcc7000 r--s 00013000 08:01 791380                     /home/madunlap/.m2/repository/com/jayway/restassured/xml-path/2.4.0/xml-path-2.4.0.jar
7f192fcc7000-7f192fcc9000 r--s 00007000 08:01 791379                     /home/madunlap/.m2/repository/com/jayway/restassured/rest-assured-common/2.4.0/rest-assured-common-2.4.0.jar
7f192fcc9000-7f192fccb000 r--s 0001e000 08:01 661355                     /home/madunlap/.m2/repository/org/codehaus/groovy/groovy-json/2.3.7/groovy-json-2.3.7.jar
7f192fccb000-7f192fccd000 r--s 0000d000 08:01 791376                     /home/madunlap/.m2/repository/com/jayway/restassured/json-path/2.4.0/json-path-2.4.0.jar
7f192fccd000-7f192fccf000 r--s 00015000 08:01 791373                     /home/madunlap/.m2/repository/org/ccil/cowan/tagsoup/tagsoup/1.2.1/tagsoup-1.2.1.jar
7f192fccf000-7f192fcd0000 r--s 0000c000 08:01 791372                     /home/madunlap/.m2/repository/org/hamcrest/hamcrest-library/1.3/hamcrest-library-1.3.jar
7f192fcd0000-7f192fcd2000 r--s 00009000 08:01 791370                     /home/madunlap/.m2/repository/org/hamcrest/hamcrest-core/1.3/hamcrest-core-1.3.jar
7f192fcd2000-7f192fcd7000 r--s 00034000 08:01 661352                     /home/madunlap/.m2/repository/org/codehaus/groovy/groovy-xml/2.3.7/groovy-xml-2.3.7.jar
7f192fcd7000-7f192fd20000 r--s 003fb000 08:01 661354                     /home/madunlap/.m2/repository/org/codehaus/groovy/groovy/2.3.7/groovy-2.3.7.jar
7f192fd20000-7f192fd2a000 r--s 0008c000 08:01 791368                     /home/madunlap/.m2/repository/com/jayway/restassured/rest-assured/2.4.0/rest-assured-2.4.0.jar
7f192fd2a000-7f192fd30000 r--s 00044000 08:01 791367                     /home/madunlap/.m2/repository/org/jsoup/jsoup/1.8.1/jsoup-1.8.1.jar
7f192fd30000-7f192fd32000 r--s 00004000 08:01 791401                     /home/madunlap/.m2/repository/edu/ucsb/nceas/ezid/1.0.0/ezid-1.0.0.jar
7f192fd32000-7f192fd35000 r--s 0000b000 08:01 791362                     /home/madunlap/.m2/repository/org/ocpsoft/rewrite/rewrite-integration-faces/2.0.12.Final/rewrite-integration-faces-2.0.12.Final.jar
7f192fd35000-7f192fd37000 r--s 00001000 08:01 791360                     /home/madunlap/.m2/repository/org/ocpsoft/rewrite/rewrite-annotations-api/2.0.12.Final/rewrite-annotations-api-2.0.12.Final.jar
7f192fd37000-7f192fd38000 r--s 00005000 08:01 791359                     /home/madunlap/.m2/repository/org/ocpsoft/rewrite/rewrite-addressbuilder/2.0.12.Final/rewrite-addressbuilder-2.0.12.Final.jar
7f192fd38000-7f192fd3a000 r--s 00008000 08:01 791357                     /home/madunlap/.m2/repository/org/ocpsoft/rewrite/rewrite-api-servlet/2.0.12.Final/rewrite-api-servlet-2.0.12.Final.jar
7f192fd3a000-7f192fd3c000 r--s 00001000 08:01 791354                     /home/madunlap/.m2/repository/org/ocpsoft/logging/logging-api/1.0.2.Final/logging-api-1.0.2.Final.jar
7f192fd3c000-7f192fd3d000 r--s 00003000 08:01 791353                     /home/madunlap/.m2/repository/org/ocpsoft/common/common-api/1.0.5.Final/common-api-1.0.5.Final.jar
7f192fd3d000-7f192fd41000 r--s 00018000 08:01 791351                     /home/madunlap/.m2/repository/org/ocpsoft/rewrite/rewrite-api/2.0.12.Final/rewrite-api-2.0.12.Final.jar
7f192fd41000-7f192fd43000 r--s 00005000 08:01 791349                     /home/madunlap/.m2/repository/org/ocpsoft/rewrite/rewrite-annotations-impl/2.0.12.Final/rewrite-annotations-impl-2.0.12.Final.jar
7f192fd43000-7f192fd51000 r--s 00092000 08:01 791352                     /home/madunlap/.m2/repository/org/ocpsoft/rewrite/rewrite-config-prettyfaces/2.0.12.Final/rewrite-config-prettyfaces-2.0.12.Final.jar
7f192fd51000-7f192fd5f000 r--s 0005f000 08:01 791345                     /home/madunlap/.m2/repository/org/ocpsoft/rewrite/rewrite-servlet/2.0.12.Final/rewrite-servlet-2.0.12.Final.jar
7f192fd5f000-7f192fd63000 r--s 0003c000 08:01 791218                     /home/madunlap/.m2/repository/javax/media/jai_codec/1.1.3/jai_codec-1.1.3.jar
7f192fd63000-7f192fd77000 r--s 001bd000 08:01 791220                     /home/madunlap/.m2/repository/javax/media/jai_core/1.1.3/jai_core-1.1.3.jar
7f192fd77000-7f192fd88000 r--s 00106000 08:01 791219                     /home/madunlap/.m2/repository/javax/media/jai_imageio/1.1.1/jai_imageio-1.1.1.jar
7f192fd88000-7f192fd8a000 r--s 00009000 08:01 791399                     /home/madunlap/.m2/repository/edu/harvard/hul/ois/jhove/jhove-handler/1.11.0/jhove-handler-1.11.0.jar
7f192fd8a000-7f192fd93000 r--s 00079000 08:01 791398                     /home/madunlap/.m2/repository/edu/harvard/hul/ois/jhove/jhove-module/1.11.0/jhove-module-1.11.0.jar
7f192fd93000-7f192fd96000 r--s 00011000 08:01 791396                     /home/madunlap/.m2/repository/edu/harvard/hul/ois/jhove/jhove/1.11.0/jhove-1.11.0.jar
7f192fd96000-7f192fda6000 r--s 0011f000 08:01 791342                     /home/madunlap/.m2/repository/org/apache/poi/poi-scratchpad/3.10-FINAL/poi-scratchpad-3.10-FINAL.jar
7f192fda6000-7f192fdac000 r--s 00047000 08:01 791341                     /home/madunlap/.m2/repository/org/apache/poi/poi-examples/3.10-FINAL/poi-examples-3.10-FINAL.jar
7f192fdac000-7f192fdb1000 r--s 00048000 08:01 791338                     /home/madunlap/.m2/repository/dom4j/dom4j/1.6.1/dom4j-1.6.1.jar
7f192fdb1000-7f192fdee000 r--s 0024f000 08:01 791336                     /home/madunlap/.m2/repository/org/apache/xmlbeans/xmlbeans/2.3.0/xmlbeans-2.3.0.jar
7f192fdee000-7f192fe86000 r--s 00420000 08:01 791334                     /home/madunlap/.m2/repository/org/apache/poi/poi-ooxml-schemas/3.10-FINAL/poi-ooxml-schemas-3.10-FINAL.jar
7f192fe86000-7f192fe94000 r--s 000ee000 08:01 791333                     /home/madunlap/.m2/repository/org/apache/poi/poi-ooxml/3.10-FINAL/poi-ooxml-3.10-FINAL.jar
7f192fe94000-7f192feb6000 r--s 001bb000 08:01 791332                     /home/madunlap/.m2/repository/org/apache/poi/poi/3.10-FINAL/poi-3.10-FINAL.jar
7f192feb6000-7f192feb8000 r--s 00006000 08:01 791331                     /home/madunlap/.m2/repository/org/nuiton/thirdparty/Rserve/0.6-1/Rserve-0.6-1.jar
7f192feb8000-7f192feba000 r--s 00006000 08:01 791328                     /home/madunlap/.m2/repository/org/nuiton/thirdparty/REngine/0.6-1/REngine-0.6-1.jar
7f192feba000-7f192febb000 r--s 0000c000 08:01 791397                     /home/madunlap/.m2/repository/org/dataverse/unf/6.0/unf-6.0.jar
7f192febb000-7f192febc000 r--s 00018000 08:01 791394                     /home/madunlap/.m2/repository/edu/harvard/iq/dvn/unf5/5.0/unf5-5.0.jar
7f192febc000-7f192fec5000 r--s 000a6000 08:01 791393                     /home/madunlap/.m2/repository/net/handle/handle/2006-06-16-generated/handle-2006-06-16-generated.jar
7f192fec5000-7f192fec8000 r--s 00035000 08:01 791395                     /home/madunlap/.m2/repository/nom/tam/fits/fits/2012-10-25-generated/fits-2012-10-25-generated.jar
7f192fec8000-7f192fecf000 r--s 00028000 08:01 791326                     /home/madunlap/.m2/repository/concurrent/concurrent/1.3.4/concurrent-1.3.4.jar
7f192fecf000-7f192fedd000 r--s 00081000 08:01 791324                     /home/madunlap/.m2/repository/colt/colt/1.2.0/colt-1.2.0.jar
7f192fedd000-7f192feea000 r--s 00083000 08:01 791320                     /home/madunlap/.m2/repository/commons-collections/commons-collections/3.2.2/commons-collections-3.2.2.jar
7f192feea000-7f192feee000 r--s 00020000 08:01 791319                     /home/madunlap/.m2/repository/commons-digester/commons-digester/1.8.1/commons-digester-1.8.1.jar
7f192feee000-7f192fef3000 r--s 00035000 08:01 791317                     /home/madunlap/.m2/repository/commons-beanutils/commons-beanutils/1.9.2/commons-beanutils-1.9.2.jar
7f192fef3000-7f192fef7000 r--s 0002a000 08:01 791315                     /home/madunlap/.m2/repository/commons-validator/commons-validator/1.6/commons-validator-1.6.jar
7f192fef7000-7f192ff0a000 r--s 000df000 08:01 791313                     /home/madunlap/.m2/repository/org/apache/commons/commons-math/2.2/commons-math-2.2.jar
7f192ff0a000-7f192ff0c000 r--s 0000e000 08:01 791309                     /home/madunlap/.m2/repository/commons-logging/commons-logging/1.1.3/commons-logging-1.1.3.jar
7f192ff0c000-7f192ff0e000 r--s 00005000 08:01 791311                     /home/madunlap/.m2/repository/org/apache/httpcomponents/httpmime/4.2.6/httpmime-4.2.6.jar
7f192ff0e000-7f192ff1a000 r--s 000b3000 08:01 791304                     /home/madunlap/.m2/repository/org/apache/zookeeper/zookeeper/3.4.5/zookeeper-3.4.5.jar
7f192ff1a000-7f192ff22000 r--s 0005b000 08:01 791305                     /home/madunlap/.m2/repository/org/apache/solr/solr-solrj/4.6.0/solr-solrj-4.6.0.jar
7f192ff22000-7f192ff27000 r--s 00041000 08:01 791300                     /home/madunlap/.m2/repository/commons-lang/commons-lang/2.6/commons-lang-2.6.jar
7f192ff27000-7f192ff29000 r--s 0000d000 08:01 791302                     /home/madunlap/.m2/repository/com/fasterxml/classmate/1.0.0/classmate-1.0.0.jar
7f192ff29000-7f192ff2d000 r--s 0000c000 08:01 791294                     /home/madunlap/.m2/repository/javax/validation/validation-api/1.1.0.Final/validation-api-1.1.0.Final.jar
7f192ff2d000-7f192ff3a000 r--s 00080000 08:01 791293                     /home/madunlap/.m2/repository/org/hibernate/hibernate-validator/5.0.3.Final/hibernate-validator-5.0.3.Final.jar
7f192ff3a000-7f192ff44000 r--s 0006b000 08:01 791289                     /home/madunlap/.m2/repository/org/omnifaces/omnifaces/1.7/omnifaces-1.7.jar
7f192ff44000-7f192ff53000 r--s 000c4000 08:01 791290                     /home/madunlap/.m2/repository/org/atmosphere/atmosphere-runtime/2.4.2/atmosphere-runtime-2.4.2.jar
7f192ff53000-7f192ff7f000 r--s 00318000 08:01 791288                     /home/madunlap/.m2/repository/org/primefaces/primefaces/5.3/primefaces-5.3.jar
7f192ff7f000-7f192ffa1000 r--s 00120000 08:01 791284                     /home/madunlap/.m2/repository/javax/javaee-web-api/7.0/javaee-web-api-7.0.jar
7f192ffa1000-7f192ffd5000 r--s 001a4000 08:01 791278                     /home/madunlap/.m2/repository/javax/javaee-api/7.0/javaee-api-7.0.jar
7f192ffd5000-7f1930000000 r--s 001f5000 08:01 791277                     /home/madunlap/.m2/repository/com/google/guava/guava/16.0.1/guava-16.0.1.jar
7f1930000000-7f1930021000 rw-p 00000000 00:00 0 
7f1930021000-7f1934000000 ---p 00000000 00:00 0 
7f1934000000-7f1934021000 rw-p 00000000 00:00 0 
7f1934021000-7f1938000000 ---p 00000000 00:00 0 
7f1938000000-7f1938296000 rw-p 00000000 00:00 0 
7f1938296000-7f193c000000 ---p 00000000 00:00 0 
7f193c000000-7f193c021000 rw-p 00000000 00:00 0 
7f193c021000-7f1940000000 ---p 00000000 00:00 0 
7f1940000000-7f1940021000 rw-p 00000000 00:00 0 
7f1940021000-7f1944000000 ---p 00000000 00:00 0 
7f1944000000-7f1944002000 r--s 0000d000 08:01 791296                     /home/madunlap/.m2/repository/org/jboss/logging/jboss-logging/3.1.1.GA/jboss-logging-3.1.1.GA.jar
7f1944002000-7f1944016000 r--s 0013a000 08:01 791121                     /home/madunlap/.m2/repository/org/primefaces/themes/all-themes/1.0.10/all-themes-1.0.10.jar
7f1944016000-7f1944018000 r--s 0000e000 08:01 791282                     /home/madunlap/.m2/repository/javax/activation/activation/1.1/activation-1.1.jar
7f1944018000-7f1944020000 r--s 00078000 08:01 791280                     /home/madunlap/.m2/repository/com/sun/mail/javax.mail/1.5.0/javax.mail-1.5.0.jar
7f1944020000-7f194403e000 r--s 0027d000 08:01 791273                     /home/madunlap/.m2/repository/xalan/xalan/2.7.0/xalan-2.7.0.jar
7f194403e000-7f1944052000 r--s 000e3000 08:01 791272                     /home/madunlap/.m2/repository/xerces/xercesImpl/2.6.2/xercesImpl-2.6.2.jar
7f1944052000-7f1944058000 r--s 00019000 08:01 791270                     /home/madunlap/.m2/repository/xerces/xmlParserAPIs/2.6.2/xmlParserAPIs-2.6.2.jar
7f1944058000-7f194405f000 r--s 00063000 08:01 791268                     /home/madunlap/.m2/repository/xom/xom/1.1/xom-1.1.jar
7f194405f000-7f1944064000 r--s 0002a000 08:01 791265                     /home/madunlap/.m2/repository/com/google/code/gson/gson/2.2.4/gson-2.2.4.jar
7f1944064000-7f1944068000 r--s 00027000 08:01 791263                     /home/madunlap/.m2/repository/commons-io/commons-io/2.2/commons-io-2.2.jar
7f1944068000-7f194406a000 r--s 0000f000 08:01 791260                     /home/madunlap/.m2/repository/commons-fileupload/commons-fileupload/1.3.1/commons-fileupload-1.3.1.jar
7f194406a000-7f1944070000 r--s 00032000 08:01 791261                     /home/madunlap/.m2/repository/jaxen/jaxen/1.1.1/jaxen-1.1.1.jar
7f1944070000-7f1944077000 r--s 00079000 08:01 661348                     /home/madunlap/.m2/repository/org/codehaus/woodstox/wstx-asl/3.2.6/wstx-asl-3.2.6.jar
7f1944077000-7f194407c000 r--s 00070000 08:01 661349                     /home/madunlap/.m2/repository/org/codehaus/woodstox/woodstox-core-asl/4.1.4/woodstox-core-asl-4.1.4.jar
7f194407c000-7f1944080000 r--s 00026000 08:01 791256                     /home/madunlap/.m2/repository/org/apache/ws/commons/axiom/axiom-impl/1.2.14/axiom-impl-1.2.14.jar
7f1944080000-7f1944083000 r--s 00015000 08:01 791254                     /home/madunlap/.m2/repository/org/apache/james/apache-mime4j-core/0.7.2/apache-mime4j-core-0.7.2.jar
7f1944083000-7f1944088000 r--s 00032000 08:01 791252                     /home/madunlap/.m2/repository/org/apache/geronimo/specs/geronimo-javamail_1.4_spec/1.7.1/geronimo-javamail_1.4_spec-1.7.1.jar
7f1944088000-7f1944092000 r--s 0005d000 08:01 791250                     /home/madunlap/.m2/repository/org/apache/ws/commons/axiom/axiom-api/1.2.14/axiom-api-1.2.14.jar
7f1944092000-7f1944095000 r--s 0014e000 08:01 791249                     /home/madunlap/.m2/repository/org/apache/abdera/abdera-parser/1.1.3/abdera-parser-1.1.3.jar
7f1944095000-7f1944097000 r--s 00006000 08:01 791245                     /home/madunlap/.m2/repository/org/apache/geronimo/specs/geronimo-stax-api_1.0_spec/1.0.1/geronimo-stax-api_1.0_spec-1.0.1.jar
7f1944097000-7f1944099000 r--s 0000a000 08:01 791243                     /home/madunlap/.m2/repository/org/apache/geronimo/specs/geronimo-activation_1.1_spec/1.1/geronimo-activation_1.1_spec-1.1.jar
7f1944099000-7f194409d000 r--s 00094000 08:01 791246                     /home/madunlap/.m2/repository/org/apache/abdera/abdera-i18n/1.1.3/abdera-i18n-1.1.3.jar
7f194409d000-7f19440a1000 r--s 00024000 08:01 791241                     /home/madunlap/.m2/repository/org/apache/abdera/abdera-core/1.1.3/abdera-core-1.1.3.jar
7f19440a1000-7f19440ba000 r--s 002fd000 08:01 791240                     /home/madunlap/.m2/repository/com/ibm/icu/icu4j/3.4.4/icu4j-3.4.4.jar
7f19440ba000-7f19440dd000 r--s 001ae000 08:01 791235                     /home/madunlap/.m2/repository/com/hp/hpl/jena/jena/2.6.4/jena-2.6.4.jar
7f19440dd000-7f1944164000 rw-p 00000000 00:00 0 
7f1944164000-7f1944570000 r--s 03c80000 08:01 791225                     /home/madunlap/.m2/repository/com/amazonaws/aws-java-sdk-bundle/1.11.172/aws-java-sdk-bundle-1.11.172.jar
7f1944570000-7f1944573000 ---p 00000000 00:00 0 
7f1944573000-7f1944671000 rw-p 00000000 00:00 0 
7f1944671000-7f194494c000 r--p 00000000 08:01 1441812                    /usr/lib/locale/locale-archive
7f194494c000-7f194494f000 ---p 00000000 00:00 0 
7f194494f000-7f1944a4d000 rw-p 00000000 00:00 0 
7f1944a4d000-7f1944a50000 ---p 00000000 00:00 0 
7f1944a50000-7f1944b4e000 rw-p 00000000 00:00 0 
7f1944b4e000-7f1944b4f000 ---p 00000000 00:00 0 
7f1944b4f000-7f1945558000 rw-p 00000000 00:00 0 
7f1945558000-7f1945732000 r--s 03d4d000 08:01 1976682                    /usr/lib/jvm/java-8-oracle/jre/lib/rt.jar
7f1945732000-7f1948000000 rw-p 00000000 00:00 0 
7f1948000000-7f194802b000 rw-p 00000000 00:00 0 
7f194802b000-7f194c000000 ---p 00000000 00:00 0 
7f194c000000-7f194c003000 r--s 00023000 08:01 791237                     /home/madunlap/.m2/repository/com/hp/hpl/jena/iri/0.8/iri-0.8.jar
7f194c003000-7f194c005000 r--s 0000d000 08:01 791233                     /home/madunlap/.m2/repository/org/apache/abdera/abdera-client/1.1.1/abdera-client-1.1.1.jar
7f194c005000-7f194c008000 r--s 0000f000 08:01 791226                     /home/madunlap/.m2/repository/org/swordapp/sword2-server/1.0/sword2-server-1.0-classes.jar
7f194c008000-7f194c00d000 r--s 00040000 08:01 791224                     /home/madunlap/.m2/repository/commons-httpclient/commons-httpclient/3.0.1/commons-httpclient-3.0.1.jar
7f194c00d000-7f194c013000 r--s 00034000 08:01 791227                     /home/madunlap/.m2/repository/junit/junit/4.8.1/junit-4.8.1.jar
7f194c013000-7f194c053000 r--s 00285000 08:01 925253                     /home/madunlap/.m2/repository/org/bouncycastle/bcprov-jdk15on/1.52/bcprov-jdk15on-1.52.jar
7f194c053000-7f194c0a2000 rw-p 00000000 00:00 0 
7f194c0a2000-7f194c0a3000 ---p 00000000 00:00 0 
7f194c0a3000-7f194c1a3000 rw-p 00000000 00:00 0 
7f194c1a3000-7f194c1a4000 ---p 00000000 00:00 0 
7f194c1a4000-7f194c2b9000 rw-p 00000000 00:00 0 
7f194c2b9000-7f194c3ee000 ---p 00000000 00:00 0 
7f194c3ee000-7f194c408000 rw-p 00000000 00:00 0 
7f194c408000-7f194c7ae000 ---p 00000000 00:00 0 
7f194c7ae000-7f194cdfe000 rwxp 00000000 00:00 0 
7f194cdfe000-7f195b7ae000 ---p 00000000 00:00 0 
7f195b7ae000-7f195b7c8000 r-xp 00000000 08:01 2106481                    /usr/lib/jvm/java-8-oracle/jre/lib/amd64/libzip.so
7f195b7c8000-7f195b9c8000 ---p 0001a000 08:01 2106481                    /usr/lib/jvm/java-8-oracle/jre/lib/amd64/libzip.so
7f195b9c8000-7f195b9c9000 rw-p 0001a000 08:01 2106481                    /usr/lib/jvm/java-8-oracle/jre/lib/amd64/libzip.so
7f195b9c9000-7f195b9d4000 r-xp 00000000 08:01 663303                     /lib/x86_64-linux-gnu/libnss_files-2.24.so
7f195b9d4000-7f195bbd3000 ---p 0000b000 08:01 663303                     /lib/x86_64-linux-gnu/libnss_files-2.24.so
7f195bbd3000-7f195bbd4000 r--p 0000a000 08:01 663303                     /lib/x86_64-linux-gnu/libnss_files-2.24.so
7f195bbd4000-7f195bbd5000 rw-p 0000b000 08:01 663303                     /lib/x86_64-linux-gnu/libnss_files-2.24.so
7f195bbd5000-7f195bbdb000 rw-p 00000000 00:00 0 
7f195bbdb000-7f195bbe6000 r-xp 00000000 08:01 663305                     /lib/x86_64-linux-gnu/libnss_nis-2.24.so
7f195bbe6000-7f195bde5000 ---p 0000b000 08:01 663305                     /lib/x86_64-linux-gnu/libnss_nis-2.24.so
7f195bde5000-7f195bde6000 r--p 0000a000 08:01 663305                     /lib/x86_64-linux-gnu/libnss_nis-2.24.so
7f195bde6000-7f195bde7000 rw-p 0000b000 08:01 663305                     /lib/x86_64-linux-gnu/libnss_nis-2.24.so
7f195bde7000-7f195bdfd000 r-xp 00000000 08:01 663300                     /lib/x86_64-linux-gnu/libnsl-2.24.so
7f195bdfd000-7f195bffc000 ---p 00016000 08:01 663300                     /lib/x86_64-linux-gnu/libnsl-2.24.so
7f195bffc000-7f195bffd000 r--p 00015000 08:01 663300                     /lib/x86_64-linux-gnu/libnsl-2.24.so
7f195bffd000-7f195bffe000 rw-p 00016000 08:01 663300                     /lib/x86_64-linux-gnu/libnsl-2.24.so
7f195bffe000-7f195c000000 rw-p 00000000 00:00 0 
7f195c000000-7f195d308000 rw-p 00000000 00:00 0 
7f195d308000-7f1960000000 ---p 00000000 00:00 0 
7f1960000000-7f1960002000 r--s 00016000 08:01 791230                     /home/madunlap/.m2/repository/javax/servlet/servlet-api/2.4/servlet-api-2.4.jar
7f1960002000-7f1960005000 r--s 00012000 08:01 791228                     /home/madunlap/.m2/repository/org/glassfish/javax.json/1.0.4/javax.json-1.0.4.jar
7f1960005000-7f1960009000 r--s 00021000 08:01 925254                     /home/madunlap/.m2/repository/org/cryptacular/cryptacular/1.1.0/cryptacular-1.1.0.jar
7f1960009000-7f196000c000 r--s 00011000 08:01 925252                     /home/madunlap/.m2/repository/org/passay/passay/1.1.0/passay-1.1.0.jar
7f196000c000-7f1960021000 rw-p 00000000 00:00 0 
7f1960021000-7f1960155000 ---p 00000000 00:00 0 
7f1960155000-7f196018a000 rw-p 00000000 00:00 0 
7f196018a000-7f19601fa000 ---p 00000000 00:00 0 
7f19601fa000-7f19601fb000 rw-p 00000000 00:00 0 
7f19601fb000-7f1960203000 r-xp 00000000 08:01 663301                     /lib/x86_64-linux-gnu/libnss_compat-2.24.so
7f1960203000-7f1960402000 ---p 00008000 08:01 663301                     /lib/x86_64-linux-gnu/libnss_compat-2.24.so
7f1960402000-7f1960403000 r--p 00007000 08:01 663301                     /lib/x86_64-linux-gnu/libnss_compat-2.24.so
7f1960403000-7f1960404000 rw-p 00008000 08:01 663301                     /lib/x86_64-linux-gnu/libnss_compat-2.24.so
7f1960404000-7f196040e000 r-xp 00000000 08:01 2106519                    /usr/lib/jvm/java-8-oracle/jre/lib/amd64/libinstrument.so
7f196040e000-7f196060d000 ---p 0000a000 08:01 2106519                    /usr/lib/jvm/java-8-oracle/jre/lib/amd64/libinstrument.so
7f196060d000-7f196060e000 rw-p 00009000 08:01 2106519                    /usr/lib/jvm/java-8-oracle/jre/lib/amd64/libinstrument.so
7f196060e000-7f1960639000 r-xp 00000000 08:01 2106508                    /usr/lib/jvm/java-8-oracle/jre/lib/amd64/libjava.so
7f1960639000-7f1960838000 ---p 0002b000 08:01 2106508                    /usr/lib/jvm/java-8-oracle/jre/lib/amd64/libjava.so
7f1960838000-7f196083a000 rw-p 0002a000 08:01 2106508                    /usr/lib/jvm/java-8-oracle/jre/lib/amd64/libjava.so
7f196083a000-7f1960847000 r-xp 00000000 08:01 2106459                    /usr/lib/jvm/java-8-oracle/jre/lib/amd64/libverify.so
7f1960847000-7f1960a47000 ---p 0000d000 08:01 2106459                    /usr/lib/jvm/java-8-oracle/jre/lib/amd64/libverify.so
7f1960a47000-7f1960a49000 rw-p 0000d000 08:01 2106459                    /usr/lib/jvm/java-8-oracle/jre/lib/amd64/libverify.so
7f1960a49000-7f1960a50000 r-xp 00000000 08:01 663310                     /lib/x86_64-linux-gnu/librt-2.24.so
7f1960a50000-7f1960c4f000 ---p 00007000 08:01 663310                     /lib/x86_64-linux-gnu/librt-2.24.so
7f1960c4f000-7f1960c50000 r--p 00006000 08:01 663310                     /lib/x86_64-linux-gnu/librt-2.24.so
7f1960c50000-7f1960c51000 rw-p 00007000 08:01 663310                     /lib/x86_64-linux-gnu/librt-2.24.so
7f1960c51000-7f1960d59000 r-xp 00000000 08:01 663297                     /lib/x86_64-linux-gnu/libm-2.24.so
7f1960d59000-7f1960f58000 ---p 00108000 08:01 663297                     /lib/x86_64-linux-gnu/libm-2.24.so
7f1960f58000-7f1960f59000 r--p 00107000 08:01 663297                     /lib/x86_64-linux-gnu/libm-2.24.so
7f1960f59000-7f1960f5a000 rw-p 00108000 08:01 663297                     /lib/x86_64-linux-gnu/libm-2.24.so
7f1960f5a000-7f1961c2d000 r-xp 00000000 08:01 2106512                    /usr/lib/jvm/java-8-oracle/jre/lib/amd64/server/libjvm.so
7f1961c2d000-7f1961e2c000 ---p 00cd3000 08:01 2106512                    /usr/lib/jvm/java-8-oracle/jre/lib/amd64/server/libjvm.so
7f1961e2c000-7f1961f06000 rw-p 00cd2000 08:01 2106512                    /usr/lib/jvm/java-8-oracle/jre/lib/amd64/server/libjvm.so
7f1961f06000-7f1961f51000 rw-p 00000000 00:00 0 
7f1961f51000-7f196210f000 r-xp 00000000 08:01 663293                     /lib/x86_64-linux-gnu/libc-2.24.so
7f196210f000-7f196230e000 ---p 001be000 08:01 663293                     /lib/x86_64-linux-gnu/libc-2.24.so
7f196230e000-7f1962312000 r--p 001bd000 08:01 663293                     /lib/x86_64-linux-gnu/libc-2.24.so
7f1962312000-7f1962314000 rw-p 001c1000 08:01 663293                     /lib/x86_64-linux-gnu/libc-2.24.so
7f1962314000-7f1962318000 rw-p 00000000 00:00 0 
7f1962318000-7f196231b000 r-xp 00000000 08:01 663296                     /lib/x86_64-linux-gnu/libdl-2.24.so
7f196231b000-7f196251a000 ---p 00003000 08:01 663296                     /lib/x86_64-linux-gnu/libdl-2.24.so
7f196251a000-7f196251b000 r--p 00002000 08:01 663296                     /lib/x86_64-linux-gnu/libdl-2.24.so
7f196251b000-7f196251c000 rw-p 00003000 08:01 663296                     /lib/x86_64-linux-gnu/libdl-2.24.so
7f196251c000-7f1962531000 r-xp 00000000 08:01 2106497                    /usr/lib/jvm/java-8-oracle/jre/lib/amd64/jli/libjli.so
7f1962531000-7f1962731000 ---p 00015000 08:01 2106497                    /usr/lib/jvm/java-8-oracle/jre/lib/amd64/jli/libjli.so
7f1962731000-7f1962732000 rw-p 00015000 08:01 2106497                    /usr/lib/jvm/java-8-oracle/jre/lib/amd64/jli/libjli.so
7f1962732000-7f196274a000 r-xp 00000000 08:01 663308                     /lib/x86_64-linux-gnu/libpthread-2.24.so
7f196274a000-7f196294a000 ---p 00018000 08:01 663308                     /lib/x86_64-linux-gnu/libpthread-2.24.so
7f196294a000-7f196294b000 r--p 00018000 08:01 663308                     /lib/x86_64-linux-gnu/libpthread-2.24.so
7f196294b000-7f196294c000 rw-p 00019000 08:01 663308                     /lib/x86_64-linux-gnu/libpthread-2.24.so
7f196294c000-7f1962950000 rw-p 00000000 00:00 0 
7f1962950000-7f1962976000 r-xp 00000000 08:01 663288                     /lib/x86_64-linux-gnu/ld-2.24.so
7f1962976000-7f1962977000 r--s 00005000 08:01 791308                     /home/madunlap/.m2/repository/org/noggit/noggit/0.5/noggit-0.5.jar
7f1962977000-7f1962a48000 rw-p 00000000 00:00 0 
7f1962a48000-7f1962a4b000 ---p 00000000 00:00 0 
7f1962a4b000-7f1962b4b000 rw-p 00000000 00:00 0 
7f1962b4b000-7f1962b4c000 r--s 00004000 08:01 791275                     /home/madunlap/.m2/repository/org/mindrot/jbcrypt/0.3m/jbcrypt-0.3m.jar
7f1962b4c000-7f1962b51000 r--s 00023000 08:01 791711                     /home/madunlap/.m2/repository/org/apache/maven/surefire/surefire-api/2.10/surefire-api-2.10.jar
7f1962b51000-7f1962b53000 r--s 00007000 08:01 791708                     /home/madunlap/.m2/repository/org/apache/maven/surefire/surefire-booter/2.10/surefire-booter-2.10.jar
7f1962b53000-7f1962b54000 r--s 00005000 08:01 926264                     /home/madunlap/Documents/github/dataverse/target/surefire/surefirebooter1654309583027514343.jar
7f1962b54000-7f1962b68000 rw-p 00000000 00:00 0 
7f1962b68000-7f1962b70000 rw-s 00000000 08:01 3151058                    /tmp/hsperfdata_madunlap/17630
7f1962b70000-7f1962b71000 rw-p 00000000 00:00 0 
7f1962b71000-7f1962b72000 ---p 00000000 00:00 0 
7f1962b72000-7f1962b75000 rw-p 00000000 00:00 0 
7f1962b75000-7f1962b76000 r--p 00025000 08:01 663288                     /lib/x86_64-linux-gnu/ld-2.24.so
7f1962b76000-7f1962b77000 rw-p 00026000 08:01 663288                     /lib/x86_64-linux-gnu/ld-2.24.so
7f1962b77000-7f1962b78000 rw-p 00000000 00:00 0 
7ffdc583a000-7ffdc585b000 rw-p 00000000 00:00 0                          [stack]
7ffdc5976000-7ffdc5978000 r--p 00000000 00:00 0                          [vvar]
7ffdc5978000-7ffdc597a000 r-xp 00000000 00:00 0                          [vdso]
ffffffffff600000-ffffffffff601000 r-xp 00000000 00:00 0                  [vsyscall]

VM Arguments:
jvm_args: -javaagent:/home/madunlap/.m2/repository/org/jacoco/org.jacoco.agent/0.7.5.201505241946/org.jacoco.agent-0.7.5.201505241946-runtime.jar=destfile=/home/madunlap/Documents/github/dataverse/target/jacoco.exec 
java_command: /home/madunlap/Documents/github/dataverse/target/surefire/surefirebooter1654309583027514343.jar /home/madunlap/Documents/github/dataverse/target/surefire/surefire7470902165102026632tmp /home/madunlap/Documents/github/dataverse/target/surefire/surefire4773452486743254896tmp
java_class_path (initial): /home/madunlap/Documents/github/dataverse/target/surefire/surefirebooter1654309583027514343.jar:/home/madunlap/.m2/repository/org/jacoco/org.jacoco.agent/0.7.5.201505241946/org.jacoco.agent-0.7.5.201505241946-runtime.jar
Launcher Type: SUN_STANDARD

Environment Variables:
JAVA_HOME=/usr/lib/jvm/java-8-oracle
PATH=/usr/local/sbin:/usr/local/bin:/usr/sbin:/usr/bin:/sbin:/bin:/usr/games:/usr/local/games:/snap/bin:/usr/lib/jvm/java-8-oracle/bin:/usr/lib/jvm/java-8-oracle/db/bin:/usr/lib/jvm/java-8-oracle/jre/bin
LD_LIBRARY_PATH=/usr/lib/jvm/java-8-oracle/jre/lib/amd64:/usr/lib/jvm/java-8-oracle/jre/lib/i386:
SHELL=/bin/bash
DISPLAY=:0

Signal Handlers:
SIGSEGV: [libjvm.so+0xacba10], sa_mask[0]=11111111011111111101111111111110, sa_flags=SA_RESTART|SA_SIGINFO
SIGBUS: [libjvm.so+0xacba10], sa_mask[0]=11111111011111111101111111111110, sa_flags=SA_RESTART|SA_SIGINFO
SIGFPE: [libjvm.so+0x924ba0], sa_mask[0]=11111111011111111101111111111110, sa_flags=SA_RESTART|SA_SIGINFO
SIGPIPE: [libjvm.so+0x924ba0], sa_mask[0]=11111111011111111101111111111110, sa_flags=SA_RESTART|SA_SIGINFO
SIGXFSZ: [libjvm.so+0x924ba0], sa_mask[0]=11111111011111111101111111111110, sa_flags=SA_RESTART|SA_SIGINFO
SIGILL: [libjvm.so+0x924ba0], sa_mask[0]=11111111011111111101111111111110, sa_flags=SA_RESTART|SA_SIGINFO
SIGUSR1: SIG_DFL, sa_mask[0]=00000000000000000000000000000000, sa_flags=none
SIGUSR2: [libjvm.so+0x9263e0], sa_mask[0]=00100000000000000000000000000000, sa_flags=SA_RESTART|SA_SIGINFO
SIGHUP: [libjvm.so+0x9277e0], sa_mask[0]=11111111011111111101111111111110, sa_flags=SA_RESTART|SA_SIGINFO
SIGINT: SIG_IGN, sa_mask[0]=00000000000000000000000000000000, sa_flags=none
SIGTERM: [libjvm.so+0x9277e0], sa_mask[0]=11111111011111111101111111111110, sa_flags=SA_RESTART|SA_SIGINFO
SIGQUIT: [libjvm.so+0x9277e0], sa_mask[0]=11111111011111111101111111111110, sa_flags=SA_RESTART|SA_SIGINFO


---------------  S Y S T E M  ---------------

OS:DISTRIB_ID=Ubuntu
DISTRIB_RELEASE=17.04
DISTRIB_CODENAME=zesty
DISTRIB_DESCRIPTION="Ubuntu 17.04"

uname:Linux 4.10.0-32-generic #36-Ubuntu SMP Tue Aug 8 12:10:06 UTC 2017 x86_64
libc:glibc 2.24 NPTL 2.24 
rlimit: STACK 8192k, CORE 0k, NPROC 15602, NOFILE 1048576, AS infinity
load average:2.24 0.99 0.84

/proc/meminfo:
MemTotal:        4039896 kB
MemFree:           90788 kB
MemAvailable:        212 kB
Buffers:             532 kB
Cached:            39852 kB
SwapCached:         2780 kB
Active:          3095120 kB
Inactive:         626696 kB
Active(anon):    3087868 kB
Inactive(anon):   617552 kB
Active(file):       7252 kB
Inactive(file):     9144 kB
Unevictable:          32 kB
Mlocked:              32 kB
SwapTotal:       2097148 kB
SwapFree:              0 kB
Dirty:                44 kB
Writeback:           148 kB
AnonPages:       3679140 kB
Mapped:            35236 kB
Shmem:             23836 kB
Slab:              92672 kB
SReclaimable:      45700 kB
SUnreclaim:        46972 kB
KernelStack:       16400 kB
PageTables:        71408 kB
NFS_Unstable:          0 kB
Bounce:                0 kB
WritebackTmp:          0 kB
CommitLimit:     4117096 kB
Committed_AS:   11309156 kB
VmallocTotal:   34359738367 kB
VmallocUsed:           0 kB
VmallocChunk:          0 kB
HardwareCorrupted:     0 kB
AnonHugePages:    700416 kB
ShmemHugePages:        0 kB
ShmemPmdMapped:        0 kB
CmaTotal:              0 kB
CmaFree:               0 kB
HugePages_Total:       0
HugePages_Free:        0
HugePages_Rsvd:        0
HugePages_Surp:        0
Hugepagesize:       2048 kB
DirectMap4k:      167856 kB
DirectMap2M:     4026368 kB


CPU:total 2 (initial active 2) (2 cores per cpu, 1 threads per core) family 6 model 70 stepping 1, cmov, cx8, fxsr, mmx, sse, sse2, sse3, ssse3, sse4.1, sse4.2, popcnt, avx, avx2, aes, clmul, erms, lzcnt, tsc, tscinvbit, bmi1, bmi2

/proc/cpuinfo:
processor	: 0
vendor_id	: GenuineIntel
cpu family	: 6
model		: 70
model name	: Intel(R) Core(TM) i7-4870HQ CPU @ 2.50GHz
stepping	: 1
microcode	: 0x13
cpu MHz		: 2494.226
cache size	: 6144 KB
physical id	: 0
siblings	: 2
core id		: 0
cpu cores	: 2
apicid		: 0
initial apicid	: 0
fpu		: yes
fpu_exception	: yes
cpuid level	: 13
wp		: yes
flags		: fpu vme de pse tsc msr pae mce cx8 apic sep mtrr pge mca cmov pat pse36 clflush mmx fxsr sse sse2 ss ht syscall nx rdtscp lm constant_tsc nopl xtopology nonstop_tsc pni pclmulqdq ssse3 fma cx16 pcid sse4_1 sse4_2 x2apic movbe popcnt tsc_deadline_timer aes xsave avx f16c rdrand hypervisor lahf_lm abm fsgsbase tsc_adjust bmi1 avx2 smep bmi2 invpcid xsaveopt dtherm arat pln pts
bugs		:
bogomips	: 4988.45
clflush size	: 64
cache_alignment	: 64
address sizes	: 36 bits physical, 48 bits virtual
power management:

processor	: 1
vendor_id	: GenuineIntel
cpu family	: 6
model		: 70
model name	: Intel(R) Core(TM) i7-4870HQ CPU @ 2.50GHz
stepping	: 1
microcode	: 0x13
cpu MHz		: 2494.226
cache size	: 6144 KB
physical id	: 0
siblings	: 2
core id		: 1
cpu cores	: 2
apicid		: 1
initial apicid	: 1
fpu		: yes
fpu_exception	: yes
cpuid level	: 13
wp		: yes
flags		: fpu vme de pse tsc msr pae mce cx8 apic sep mtrr pge mca cmov pat pse36 clflush mmx fxsr sse sse2 ss ht syscall nx rdtscp lm constant_tsc nopl xtopology nonstop_tsc pni pclmulqdq ssse3 fma cx16 pcid sse4_1 sse4_2 x2apic movbe popcnt tsc_deadline_timer aes xsave avx f16c rdrand hypervisor lahf_lm abm fsgsbase tsc_adjust bmi1 avx2 smep bmi2 invpcid xsaveopt dtherm arat pln pts
bugs		:
bogomips	: 4988.45
clflush size	: 64
cache_alignment	: 64
address sizes	: 36 bits physical, 48 bits virtual
power management:



Memory: 4k page, physical 4039896k(90788k free), swap 2097148k(0k free)

vm_info: Java HotSpot(TM) 64-Bit Server VM (25.144-b01) for linux-amd64 JRE (1.8.0_144-b01), built on Jul 21 2017 21:57:33 by "java_re" with gcc 4.3.0 20080428 (Red Hat 4.3.0-8)

time: Mon Aug 28 18:31:08 2017
elapsed time: 5 seconds (0d 0h 0m 5s)

