#
# There is insufficient memory for the Java Runtime Environment to continue.
# Native memory allocation (mmap) failed to map 112197632 bytes for committing reserved memory.
# Possible reasons:
#   The system is out of physical RAM or swap space
#   In 32 bit mode, the process size limit was hit
# Possible solutions:
#   Reduce memory load on the system
#   Increase physical memory or swap space
#   Check if swap backing store is full
#   Use 64 bit Java on a 64 bit OS
#   Decrease Java heap size (-Xmx/-Xms)
#   Decrease number of Java threads
#   Decrease Java thread stack sizes (-Xss)
#   Set larger code cache with -XX:ReservedCodeCacheSize=
# This output file may be truncated or incomplete.
#
#  Out of Memory Error (os_linux.cpp:2640), pid=26514, tid=0x00007fee74900700
#
# JRE version: Java(TM) SE Runtime Environment (8.0_144-b01) (build 1.8.0_144-b01)
# Java VM: Java HotSpot(TM) 64-Bit Server VM (25.144-b01 mixed mode linux-amd64 compressed oops)
# Failed to write core dump. Core dumps have been disabled. To enable core dumping, try "ulimit -c unlimited" before starting Java again
#

---------------  T H R E A D  ---------------

Current thread (0x00007fee70073800):  VMThread [stack: 0x00007fee74800000,0x00007fee74901000] [id=26523]

Stack: [0x00007fee74800000,0x00007fee74901000],  sp=0x00007fee748ff320,  free space=1020k
Native frames: (J=compiled Java code, j=interpreted, Vv=VM code, C=native code)
V  [libjvm.so+0xacb18a]  VMError::report_and_die()+0x2ba
V  [libjvm.so+0x4ff4db]  report_vm_out_of_memory(char const*, int, unsigned long, VMErrorType, char const*)+0x8b
V  [libjvm.so+0x927d23]  os::Linux::commit_memory_impl(char*, unsigned long, bool)+0x103
V  [libjvm.so+0x928279]  os::pd_commit_memory(char*, unsigned long, unsigned long, bool)+0x29
V  [libjvm.so+0x92249a]  os::commit_memory(char*, unsigned long, unsigned long, bool)+0x2a
V  [libjvm.so+0x996ff3]  PSVirtualSpace::expand_by(unsigned long)+0x53
V  [libjvm.so+0x9983f8]  PSYoungGen::resize_generation(unsigned long, unsigned long)+0xf8
V  [libjvm.so+0x997552]  PSYoungGen::resize(unsigned long, unsigned long)+0x22
V  [libjvm.so+0x99482b]  PSScavenge::invoke_no_policy()+0xf3b
V  [libjvm.so+0x994fb1]  PSScavenge::invoke()+0x41
V  [libjvm.so+0x94bce0]  ParallelScavengeHeap::failed_mem_allocate(unsigned long)+0x70
V  [libjvm.so+0xaccba7]  VM_ParallelGCFailedAllocation::doit()+0x97
V  [libjvm.so+0xad4685]  VM_Operation::evaluate()+0x55
V  [libjvm.so+0xad2a5a]  VMThread::evaluate_operation(VM_Operation*)+0xba
V  [libjvm.so+0xad2dde]  VMThread::loop()+0x1ce
V  [libjvm.so+0xad3250]  VMThread::run()+0x70
V  [libjvm.so+0x92a338]  java_start(Thread*)+0x108

VM_Operation (0x00007fee79735b00): ParallelGCFailedAllocation, mode: safepoint, requested by thread 0x00007fee7000a000


---------------  P R O C E S S  ---------------

Java Threads: ( => current thread )
  0x00007fee7059b000 JavaThread "process reaper" daemon [_thread_blocked, id=26535, stack(0x00007fee60922000,0x00007fee6095b000)]
  0x00007fee700ba800 JavaThread "Service Thread" daemon [_thread_blocked, id=26529, stack(0x00007fee60eff000,0x00007fee61000000)]
  0x00007fee700b7800 JavaThread "C1 CompilerThread1" daemon [_thread_blocked, id=26528, stack(0x00007fee74020000,0x00007fee74121000)]
  0x00007fee700b4800 JavaThread "C2 CompilerThread0" daemon [_thread_blocked, id=26527, stack(0x00007fee74121000,0x00007fee74222000)]
  0x00007fee700b3000 JavaThread "Signal Dispatcher" daemon [_thread_blocked, id=26526, stack(0x00007fee74222000,0x00007fee74323000)]
  0x00007fee70080000 JavaThread "Finalizer" daemon [_thread_blocked, id=26525, stack(0x00007fee745fe000,0x00007fee746ff000)]
  0x00007fee7007b800 JavaThread "Reference Handler" daemon [_thread_blocked, id=26524, stack(0x00007fee746ff000,0x00007fee74800000)]
  0x00007fee7000a000 JavaThread "main" [_thread_blocked, id=26517, stack(0x00007fee7963b000,0x00007fee7973c000)]

Other Threads:
=>0x00007fee70073800 VMThread [stack: 0x00007fee74800000,0x00007fee74901000] [id=26523]
  0x00007fee700bd000 WatcherThread [stack: 0x00007fee60dfe000,0x00007fee60eff000] [id=26530]

VM state:at safepoint (normal execution)

VM Mutex/Monitor currently owned by a thread:  ([mutex/lock_event])
[0x00007fee700061a0] Threads_lock - owner thread: 0x00007fee70073800
[0x00007fee700066a0] Heap_lock - owner thread: 0x00007fee7000a000

Heap:
 PSYoungGen      total 214016K, used 12280K [0x00000000eb700000, 0x00000000f9500000, 0x0000000100000000)
  eden space 201728K, 0% used [0x00000000eb700000,0x00000000eb700000,0x00000000f7c00000)
  from space 12288K, 99% used [0x00000000f7c00000,0x00000000f87fe030,0x00000000f8800000)
  to   space 11264K, 0% used [0x00000000f8800000,0x00000000f8800000,0x00000000f9300000)
 ParOldGen       total 79872K, used 79697K [0x00000000c2400000, 0x00000000c7200000, 0x00000000eb700000)
  object space 79872K, 99% used [0x00000000c2400000,0x00000000c71d4508,0x00000000c7200000)
 Metaspace       used 21842K, capacity 22416K, committed 22576K, reserved 1069056K
  class space    used 2499K, capacity 2682K, committed 2688K, reserved 1048576K

Card table byte_map: [0x00007fee761f7000,0x00007fee763e6000] byte_map_base: 0x00007fee75be5000

Marking Bits: (ParMarkBitMap*) 0x00007fee78b16dc0
 Begin Bits: [0x00007fee57120000, 0x00007fee58090000)
 End Bits:   [0x00007fee58090000, 0x00007fee59000000)

Polling page: 0x00007fee79764000

CodeCache: size=245760Kb used=13352Kb max_used=14099Kb free=232407Kb
 bounds [0x00007fee61000000, 0x00007fee61e20000, 0x00007fee70000000]
 total_blobs=4358 nmethods=3977 adapters=292
 compilation: enabled

Compilation events (10 events):
Event: 9.453 Thread 0x00007fee700b7800 4599       1       com.sun.tools.javac.tree.JCTree$JCVariableDecl::getTag (4 bytes)
Event: 9.453 Thread 0x00007fee700b7800 nmethod 4599 0x00007fee61435790 code [0x00007fee614358e0, 0x00007fee614359f0]
Event: 9.454 Thread 0x00007fee700b7800 4600       2       com.sun.tools.javac.comp.Check::checkUnique (290 bytes)
Event: 9.455 Thread 0x00007fee700b7800 nmethod 4600 0x00007fee613a8ed0 code [0x00007fee613a9160, 0x00007fee613a9b28]
Event: 9.455 Thread 0x00007fee700b7800 4601       2       com.sun.tools.javac.code.Types$15::visitClassType (10 bytes)
Event: 9.455 Thread 0x00007fee700b7800 nmethod 4601 0x00007fee618aa890 code [0x00007fee618aaa00, 0x00007fee618aaba8]
Event: 9.455 Thread 0x00007fee700b7800 4602       2       com.sun.tools.javac.code.Types$15::visitClassType (37 bytes)
Event: 9.455 Thread 0x00007fee700b7800 nmethod 4602 0x00007fee618aa2d0 code [0x00007fee618aa460, 0x00007fee618aa6e8]
Event: 9.457 Thread 0x00007fee700b7800 4603       2       com.sun.tools.javac.jvm.ClassReader$6::read (81 bytes)
Event: 9.457 Thread 0x00007fee700b7800 nmethod 4603 0x00007fee61155d10 code [0x00007fee61155ee0, 0x00007fee611562e8]

GC Heap History (10 events):
Event: 2.799 GC heap after
Heap after GC invocations=7 (full 0):
 PSYoungGen      total 69632K, used 6112K [0x00000000eb700000, 0x00000000f4200000, 0x0000000100000000)
  eden space 63488K, 0% used [0x00000000eb700000,0x00000000eb700000,0x00000000ef500000)
  from space 6144K, 99% used [0x00000000ef500000,0x00000000efaf8020,0x00000000efb00000)
  to   space 7680K, 0% used [0x00000000f3a80000,0x00000000f3a80000,0x00000000f4200000)
 ParOldGen       total 42496K, used 9025K [0x00000000c2400000, 0x00000000c4d80000, 0x00000000eb700000)
  object space 42496K, 21% used [0x00000000c2400000,0x00000000c2cd0460,0x00000000c4d80000)
 Metaspace       used 13923K, capacity 14292K, committed 14592K, reserved 1062912K
  class space    used 1641K, capacity 1766K, committed 1792K, reserved 1048576K
}
Event: 3.161 GC heap before
{Heap before GC invocations=8 (full 0):
 PSYoungGen      total 69632K, used 69600K [0x00000000eb700000, 0x00000000f4200000, 0x0000000100000000)
  eden space 63488K, 100% used [0x00000000eb700000,0x00000000ef500000,0x00000000ef500000)
  from space 6144K, 99% used [0x00000000ef500000,0x00000000efaf8020,0x00000000efb00000)
  to   space 7680K, 0% used [0x00000000f3a80000,0x00000000f3a80000,0x00000000f4200000)
 ParOldGen       total 42496K, used 9025K [0x00000000c2400000, 0x00000000c4d80000, 0x00000000eb700000)
  object space 42496K, 21% used [0x00000000c2400000,0x00000000c2cd0460,0x00000000c4d80000)
 Metaspace       used 14224K, capacity 14630K, committed 14848K, reserved 1062912K
  class space    used 1645K, capacity 1769K, committed 1792K, reserved 1048576K
Event: 3.180 GC heap after
Heap after GC invocations=8 (full 0):
 PSYoungGen      total 134144K, used 7319K [0x00000000eb700000, 0x00000000f4300000, 0x0000000100000000)
  eden space 126464K, 0% used [0x00000000eb700000,0x00000000eb700000,0x00000000f3280000)
  from space 7680K, 95% used [0x00000000f3a80000,0x00000000f41a5cc0,0x00000000f4200000)
  to   space 8192K, 0% used [0x00000000f3280000,0x00000000f3280000,0x00000000f3a80000)
 ParOldGen       total 42496K, used 10195K [0x00000000c2400000, 0x00000000c4d80000, 0x00000000eb700000)
  object space 42496K, 23% used [0x00000000c2400000,0x00000000c2df4c90,0x00000000c4d80000)
 Metaspace       used 14224K, capacity 14630K, committed 14848K, reserved 1062912K
  class space    used 1645K, capacity 1769K, committed 1792K, reserved 1048576K
}
Event: 4.519 GC heap before
{Heap before GC invocations=9 (full 0):
 PSYoungGen      total 134144K, used 133783K [0x00000000eb700000, 0x00000000f4300000, 0x0000000100000000)
  eden space 126464K, 100% used [0x00000000eb700000,0x00000000f3280000,0x00000000f3280000)
  from space 7680K, 95% used [0x00000000f3a80000,0x00000000f41a5cc0,0x00000000f4200000)
  to   space 8192K, 0% used [0x00000000f3280000,0x00000000f3280000,0x00000000f3a80000)
 ParOldGen       total 42496K, used 10195K [0x00000000c2400000, 0x00000000c4d80000, 0x00000000eb700000)
  object space 42496K, 23% used [0x00000000c2400000,0x00000000c2df4c90,0x00000000c4d80000)
 Metaspace       used 15306K, capacity 15734K, committed 16000K, reserved 1062912K
  class space    used 1767K, capacity 1881K, committed 1920K, reserved 1048576K
Event: 4.552 GC heap after
Heap after GC invocations=9 (full 0):
 PSYoungGen      total 134656K, used 8192K [0x00000000eb700000, 0x00000000f9300000, 0x0000000100000000)
  eden space 126464K, 0% used [0x00000000eb700000,0x00000000eb700000,0x00000000f3280000)
  from space 8192K, 100% used [0x00000000f3280000,0x00000000f3a80000,0x00000000f3a80000)
  to   space 11264K, 0% used [0x00000000f8800000,0x00000000f8800000,0x00000000f9300000)
 ParOldGen       total 42496K, used 14340K [0x00000000c2400000, 0x00000000c4d80000, 0x00000000eb700000)
  object space 42496K, 33% used [0x00000000c2400000,0x00000000c3201278,0x00000000c4d80000)
 Metaspace       used 15306K, capacity 15734K, committed 16000K, reserved 1062912K
  class space    used 1767K, capacity 1881K, committed 1920K, reserved 1048576K
}
Event: 6.029 GC heap before
{Heap before GC invocations=10 (full 0):
 PSYoungGen      total 134656K, used 119493K [0x00000000eb700000, 0x00000000f9300000, 0x0000000100000000)
  eden space 126464K, 88% used [0x00000000eb700000,0x00000000f23b17c0,0x00000000f3280000)
  from space 8192K, 100% used [0x00000000f3280000,0x00000000f3a80000,0x00000000f3a80000)
  to   space 11264K, 0% used [0x00000000f8800000,0x00000000f8800000,0x00000000f9300000)
 ParOldGen       total 42496K, used 14340K [0x00000000c2400000, 0x00000000c4d80000, 0x00000000eb700000)
  object space 42496K, 33% used [0x00000000c2400000,0x00000000c3201278,0x00000000c4d80000)
 Metaspace       used 20582K, capacity 21136K, committed 21296K, reserved 1069056K
  class space    used 2440K, capacity 2618K, committed 2688K, reserved 1048576K
Event: 6.063 GC heap after
Heap after GC invocations=10 (full 0):
 PSYoungGen      total 212992K, used 10305K [0x00000000eb700000, 0x00000000f9500000, 0x0000000100000000)
  eden space 201728K, 0% used [0x00000000eb700000,0x00000000eb700000,0x00000000f7c00000)
  from space 11264K, 91% used [0x00000000f8800000,0x00000000f9210418,0x00000000f9300000)
  to   space 12288K, 0% used [0x00000000f7c00000,0x00000000f7c00000,0x00000000f8800000)
 ParOldGen       total 42496K, used 18692K [0x00000000c2400000, 0x00000000c4d80000, 0x00000000eb700000)
  object space 42496K, 43% used [0x00000000c2400000,0x00000000c3641278,0x00000000c4d80000)
 Metaspace       used 20582K, capacity 21136K, committed 21296K, reserved 1069056K
  class space    used 2440K, capacity 2618K, committed 2688K, reserved 1048576K
}
Event: 6.063 GC heap before
{Heap before GC invocations=11 (full 1):
 PSYoungGen      total 212992K, used 10305K [0x00000000eb700000, 0x00000000f9500000, 0x0000000100000000)
  eden space 201728K, 0% used [0x00000000eb700000,0x00000000eb700000,0x00000000f7c00000)
  from space 11264K, 91% used [0x00000000f8800000,0x00000000f9210418,0x00000000f9300000)
  to   space 12288K, 0% used [0x00000000f7c00000,0x00000000f7c00000,0x00000000f8800000)
 ParOldGen       total 42496K, used 18692K [0x00000000c2400000, 0x00000000c4d80000, 0x00000000eb700000)
  object space 42496K, 43% used [0x00000000c2400000,0x00000000c3641278,0x00000000c4d80000)
 Metaspace       used 20582K, capacity 21136K, committed 21296K, reserved 1069056K
  class space    used 2440K, capacity 2618K, committed 2688K, reserved 1048576K
Event: 6.238 GC heap after
Heap after GC invocations=11 (full 1):
 PSYoungGen      total 212992K, used 0K [0x00000000eb700000, 0x00000000f9500000, 0x0000000100000000)
  eden space 201728K, 0% used [0x00000000eb700000,0x00000000eb700000,0x00000000f7c00000)
  from space 11264K, 0% used [0x00000000f8800000,0x00000000f8800000,0x00000000f9300000)
  to   space 12288K, 0% used [0x00000000f7c00000,0x00000000f7c00000,0x00000000f8800000)
 ParOldGen       total 52736K, used 23656K [0x00000000c2400000, 0x00000000c5780000, 0x00000000eb700000)
  object space 52736K, 44% used [0x00000000c2400000,0x00000000c3b1a2f0,0x00000000c5780000)
 Metaspace       used 20582K, capacity 21136K, committed 21296K, reserved 1069056K
  class space    used 2440K, capacity 2618K, committed 2688K, reserved 1048576K
}
Event: 9.459 GC heap before
{Heap before GC invocations=12 (full 1):
 PSYoungGen      total 212992K, used 201728K [0x00000000eb700000, 0x00000000f9500000, 0x0000000100000000)
  eden space 201728K, 100% used [0x00000000eb700000,0x00000000f7c00000,0x00000000f7c00000)
  from space 11264K, 0% used [0x00000000f8800000,0x00000000f8800000,0x00000000f9300000)
  to   space 12288K, 0% used [0x00000000f7c00000,0x00000000f7c00000,0x00000000f8800000)
 ParOldGen       total 52736K, used 23656K [0x00000000c2400000, 0x00000000c5780000, 0x00000000eb700000)
  object space 52736K, 44% used [0x00000000c2400000,0x00000000c3b1a2f0,0x00000000c5780000)
 Metaspace       used 21842K, capacity 22416K, committed 22576K, reserved 1069056K
  class space    used 2499K, capacity 2682K, committed 2688K, reserved 1048576K

Deoptimization events (10 events):
Event: 5.310 Thread 0x00007fee7000a000 Uncommon trap: reason=unstable_if action=reinterpret pc=0x00007fee61799d24 method=java.util.regex.Pattern.compile()V @ 271
Event: 6.013 Thread 0x00007fee7000a000 Uncommon trap: reason=unstable_if action=reinterpret pc=0x00007fee619fcc04 method=java.io.File.getName()Ljava/lang/String; @ 16
Event: 6.028 Thread 0x00007fee7000a000 Uncommon trap: reason=unstable_if action=reinterpret pc=0x00007fee6194a6a4 method=java.util.HashMap.clear()V @ 16
Event: 6.245 Thread 0x00007fee7000a000 Uncommon trap: reason=class_check action=maybe_recompile pc=0x00007fee611b4138 method=sun.misc.URLClassPath.getLoader(I)Lsun/misc/URLClassPath$Loader; @ 94
Event: 6.289 Thread 0x00007fee7000a000 Uncommon trap: reason=unstable_if action=reinterpret pc=0x00007fee619ad7c4 method=java.io.BufferedReader.readLine(Z)Ljava/lang/String; @ 192
Event: 6.299 Thread 0x00007fee7000a000 Uncommon trap: reason=unstable_if action=reinterpret pc=0x00007fee611b4320 method=java.util.HashMap.putVal(ILjava/lang/Object;Ljava/lang/Object;ZZ)Ljava/lang/Object; @ 193
Event: 6.327 Thread 0x00007fee7000a000 Uncommon trap: reason=unstable_if action=reinterpret pc=0x00007fee619ae9b0 method=java.nio.charset.CharsetDecoder.decode(Ljava/nio/ByteBuffer;Ljava/nio/CharBuffer;Z)Ljava/nio/charset/CoderResult; @ 1
Event: 6.614 Thread 0x00007fee7000a000 Uncommon trap: reason=unstable_if action=reinterpret pc=0x00007fee61d05360 method=com.sun.tools.javac.util.SharedNameTable.fromChars([CII)Lcom/sun/tools/javac/util/Name; @ 97
Event: 6.889 Thread 0x00007fee7000a000 Uncommon trap: reason=unstable_if action=reinterpret pc=0x00007fee61d899f0 method=com.sun.tools.javac.parser.JavaTokenizer.readToken()Lcom/sun/tools/javac/parser/Tokens$Token; @ 961
Event: 7.290 Thread 0x00007fee7000a000 Uncommon trap: reason=unstable_if action=reinterpret pc=0x00007fee61dc0cb4 method=com.sun.tools.javac.util.ArrayUtils.ensureCapacity([BI)[B @ 3

Internal exceptions (10 events):
Event: 6.283 Thread 0x00007fee7000a000 Exception <a 'java/security/PrivilegedActionException'> (0x00000000eb7e1a50) thrown at [/HUDSON3/workspace/8-2-build-linux-amd64/jdk8u144/9417/hotspot/src/share/vm/prims/jvm.cpp, line 1390]
Event: 6.301 Thread 0x00007fee7000a000 Exception <a 'java/security/PrivilegedActionException'> (0x00000000eb862c60) thrown at [/HUDSON3/workspace/8-2-build-linux-amd64/jdk8u144/9417/hotspot/src/share/vm/prims/jvm.cpp, line 1390]
Event: 6.301 Thread 0x00007fee7000a000 Exception <a 'java/security/PrivilegedActionException'> (0x00000000eb863058) thrown at [/HUDSON3/workspace/8-2-build-linux-amd64/jdk8u144/9417/hotspot/src/share/vm/prims/jvm.cpp, line 1390]
Event: 8.404 Thread 0x00007fee7000a000 Exception <a 'java/io/FileNotFoundException'> (0x00000000f40d5318) thrown at [/HUDSON3/workspace/8-2-build-linux-amd64/jdk8u144/9417/hotspot/src/share/vm/prims/jni.cpp, line 709]
Event: 8.410 Thread 0x00007fee7000a000 Exception <a 'java/io/FileNotFoundException'> (0x00000000f410a330) thrown at [/HUDSON3/workspace/8-2-build-linux-amd64/jdk8u144/9417/hotspot/src/share/vm/prims/jni.cpp, line 709]
Event: 8.637 Thread 0x00007fee7000a000 Exception <a 'java/io/FileNotFoundException'> (0x00000000f513b368) thrown at [/HUDSON3/workspace/8-2-build-linux-amd64/jdk8u144/9417/hotspot/src/share/vm/prims/jni.cpp, line 709]
Event: 8.637 Thread 0x00007fee7000a000 Exception <a 'java/io/FileNotFoundException'> (0x00000000f513c088) thrown at [/HUDSON3/workspace/8-2-build-linux-amd64/jdk8u144/9417/hotspot/src/share/vm/prims/jni.cpp, line 709]
Event: 8.637 Thread 0x00007fee7000a000 Exception <a 'java/io/FileNotFoundException'> (0x00000000f513cdb0) thrown at [/HUDSON3/workspace/8-2-build-linux-amd64/jdk8u144/9417/hotspot/src/share/vm/prims/jni.cpp, line 709]
Event: 8.674 Thread 0x00007fee7000a000 Exception <a 'java/io/FileNotFoundException'> (0x00000000f55a9660) thrown at [/HUDSON3/workspace/8-2-build-linux-amd64/jdk8u144/9417/hotspot/src/share/vm/prims/jni.cpp, line 709]
Event: 8.674 Thread 0x00007fee7000a000 Exception <a 'java/io/FileNotFoundException'> (0x00000000f55c8bf8) thrown at [/HUDSON3/workspace/8-2-build-linux-amd64/jdk8u144/9417/hotspot/src/share/vm/prims/jni.cpp, line 709]

Events (10 events):
Event: 9.375 Thread 0x00007fee7000a000 DEOPT UNPACKING pc=0x00007fee61047633 sp=0x00007fee79736af0 mode 0
Event: 9.382 Thread 0x00007fee7000a000 DEOPT PACKING pc=0x00007fee61a2733f sp=0x00007fee79736850
Event: 9.382 Thread 0x00007fee7000a000 DEOPT UNPACKING pc=0x00007fee61047633 sp=0x00007fee797365e0 mode 0
Event: 9.392 Thread 0x00007fee7000a000 DEOPT PACKING pc=0x00007fee6190411e sp=0x00007fee79736050
Event: 9.392 Thread 0x00007fee7000a000 DEOPT UNPACKING pc=0x00007fee61047633 sp=0x00007fee79735d60 mode 0
Event: 9.403 Thread 0x00007fee7000a000 DEOPT PACKING pc=0x00007fee6190411e sp=0x00007fee79736050
Event: 9.403 Thread 0x00007fee7000a000 DEOPT UNPACKING pc=0x00007fee61047633 sp=0x00007fee79735d60 mode 0
Event: 9.429 Thread 0x00007fee7000a000 DEOPT PACKING pc=0x00007fee61111308 sp=0x00007fee79737d60
Event: 9.429 Thread 0x00007fee7000a000 DEOPT UNPACKING pc=0x00007fee61047633 sp=0x00007fee79737a50 mode 0
Event: 9.459 Executing VM operation: ParallelGCFailedAllocation


Dynamic libraries:
00400000-00401000 r-xp 00000000 08:01 1711591                            /usr/lib/jvm/java-8-oracle/bin/java
00600000-00601000 rw-p 00000000 08:01 1711591                            /usr/lib/jvm/java-8-oracle/bin/java
00bfd000-00c1e000 rw-p 00000000 00:00 0                                  [heap]
c2400000-c7200000 rw-p 00000000 00:00 0 
c7200000-eb700000 ---p 00000000 00:00 0 
eb700000-f9500000 rw-p 00000000 00:00 0 
100000000-1002a0000 rw-p 00000000 00:00 0 
1002a0000-140000000 ---p 00000000 00:00 0 
7fee28000000-7fee28021000 rw-p 00000000 00:00 0 
7fee28021000-7fee2c000000 ---p 00000000 00:00 0 
7fee30000000-7fee30021000 rw-p 00000000 00:00 0 
7fee30021000-7fee34000000 ---p 00000000 00:00 0 
7fee34000000-7fee34021000 rw-p 00000000 00:00 0 
7fee34021000-7fee38000000 ---p 00000000 00:00 0 
7fee38000000-7fee39a9e000 rw-p 00000000 00:00 0 
7fee39a9e000-7fee3c000000 ---p 00000000 00:00 0 
7fee3c000000-7fee3cae7000 rw-p 00000000 00:00 0 
7fee3cae7000-7fee40000000 ---p 00000000 00:00 0 
7fee40000000-7fee40021000 rw-p 00000000 00:00 0 
7fee40021000-7fee44000000 ---p 00000000 00:00 0 
7fee44000000-7fee44021000 rw-p 00000000 00:00 0 
7fee44021000-7fee48000000 ---p 00000000 00:00 0 
7fee48000000-7fee4828f000 rw-p 00000000 00:00 0 
7fee4828f000-7fee4c000000 ---p 00000000 00:00 0 
7fee4c000000-7fee4c021000 rw-p 00000000 00:00 0 
7fee4c021000-7fee50000000 ---p 00000000 00:00 0 
7fee50000000-7fee50021000 rw-p 00000000 00:00 0 
7fee50021000-7fee54000000 ---p 00000000 00:00 0 
7fee5411f000-7fee59000000 rw-p 00000000 00:00 0 
7fee5b1d0000-7fee5b1d1000 r--s 00002000 08:01 921105                     /home/madunlap/.m2/repository/com/google/auto/service/auto-service/1.0-rc2/auto-service-1.0-rc2.jar
7fee5b1d1000-7fee5b1d3000 r--s 0000c000 08:01 921153                     /home/madunlap/.m2/repository/com/lyncode/xoai-service-provider/4.1.0-header-patch/xoai-service-provider-4.1.0-header-patch.jar
7fee5b1d3000-7fee5b1d4000 r--s 00001000 08:01 921104                     /home/madunlap/.m2/repository/com/lyncode/builder-commons/1.0.2/builder-commons-1.0.2.jar
7fee5b1d4000-7fee5b1d7000 r--s 00012000 08:01 921152                     /home/madunlap/.m2/repository/com/lyncode/xoai-data-provider/4.1.0-header-patch/xoai-data-provider-4.1.0-header-patch.jar
7fee5b1d7000-7fee5b1d9000 r--s 00005000 08:01 791390                     /home/madunlap/.m2/repository/stax/stax-api/1.0.1/stax-api-1.0.1.jar
7fee5b1d9000-7fee5b1df000 r--s 00048000 08:01 921101                     /home/madunlap/.m2/repository/org/apache/commons/commons-lang3/3.1/commons-lang3-3.1.jar
7fee5b1df000-7fee5b1e1000 r--s 00004000 08:01 921097                     /home/madunlap/.m2/repository/javax/xml/stream/stax-api/1.0-2/stax-api-1.0-2.jar
7fee5b1e1000-7fee5b1e5000 r--s 00029000 08:01 921098                     /home/madunlap/.m2/repository/org/codehaus/woodstox/stax2-api/3.0.4/stax2-api-3.0.4.jar
7fee5b1e5000-7fee5b1eb000 r--s 00045000 08:01 921095                     /home/madunlap/.m2/repository/org/hamcrest/hamcrest-all/1.3/hamcrest-all-1.3.jar
7fee5b1eb000-7fee5b1ec000 r--s 00003000 08:01 921092                     /home/madunlap/.m2/repository/com/lyncode/test-support/1.0.4/test-support-1.0.4.jar
7fee5b1ec000-7fee5b1ee000 r--s 00004000 08:01 921090                     /home/madunlap/.m2/repository/com/lyncode/xml-io/1.0.3/xml-io-1.0.3.jar
7fee5b1ee000-7fee5b1f0000 r--s 0000d000 08:01 921151                     /home/madunlap/.m2/repository/com/lyncode/xoai-common/4.1.0-header-patch/xoai-common-4.1.0-header-patch.jar
7fee5b1f0000-7fee5b1f3000 r--s 00011000 08:01 921088                     /home/madunlap/.m2/repository/com/github/scribejava/scribejava-core/3.1.0/scribejava-core-3.1.0.jar
7fee5b1f3000-7fee5b1f6000 r--s 00010000 08:01 921084                     /home/madunlap/.m2/repository/com/github/scribejava/scribejava-apis/3.1.0/scribejava-apis-3.1.0.jar
7fee5b1f6000-7fee5b1ff000 r--s 0006f000 08:01 921083                     /home/madunlap/.m2/repository/log4j/log4j/1.2.17/log4j-1.2.17.jar
7fee5b1ff000-7fee5b2d6000 r--s 007aa000 08:01 921093                     /home/madunlap/.m2/repository/net/sf/ehcache/ehcache/2.10.1/ehcache-2.10.1.jar
7fee5b2d6000-7fee5b2d8000 r--s 00008000 08:01 921082                     /home/madunlap/.m2/repository/org/apache/commons/commons-csv/1.2/commons-csv-1.2.jar
7fee5b2d8000-7fee5b2dc000 r--s 00035000 08:01 921081                     /home/madunlap/.m2/repository/com/fasterxml/jackson/core/jackson-core/2.5.3/jackson-core-2.5.3.jar
7fee5b2dc000-7fee5b2de000 r--s 00008000 08:01 921075                     /home/madunlap/.m2/repository/com/fasterxml/jackson/core/jackson-annotations/2.5.0/jackson-annotations-2.5.0.jar
7fee5b2de000-7fee5b2f0000 r--s 00106000 08:01 921073                     /home/madunlap/.m2/repository/com/fasterxml/jackson/core/jackson-databind/2.5.3/jackson-databind-2.5.3.jar
7fee5b2f0000-7fee5b2f3000 r--s 00006000 08:01 921070                     /home/madunlap/.m2/repository/com/google/code/findbugs/jsr305/1.3.9/jsr305-1.3.9.jar
7fee5b2f3000-7fee5b2f9000 r--s 00040000 08:01 921074                     /home/madunlap/.m2/repository/com/google/http-client/google-http-client/1.20.0/google-http-client-1.20.0.jar
7fee5b2f9000-7fee5b2fa000 r--s 00004000 08:01 921066                     /home/madunlap/.m2/repository/com/maxmind/db/maxmind-db/1.0.0/maxmind-db-1.0.0.jar
7fee5b2fa000-7fee5b2fc000 r--s 00007000 08:01 921064                     /home/madunlap/.m2/repository/com/maxmind/geoip2/geoip2/2.3.1/geoip2-2.3.1.jar
7fee5b2fc000-7fee5b300000 r--s 00034000 08:01 921067                     /home/madunlap/.m2/repository/org/codehaus/jackson/jackson-core-asl/1.9.7/jackson-core-asl-1.9.7.jar
7fee5b300000-7fee5b30f000 r--s 000b0000 08:01 921065                     /home/madunlap/.m2/repository/org/codehaus/jackson/jackson-mapper-asl/1.9.7/jackson-mapper-asl-1.9.7.jar
7fee5b30f000-7fee5b319000 r--s 0003d000 08:01 921060                     /home/madunlap/.m2/repository/org/javaswift/joss/0.9.10/joss-0.9.10.jar
7fee5b319000-7fee5b320000 r--s 0003a000 08:01 921056                     /home/madunlap/.m2/repository/commons-codec/commons-codec/1.9/commons-codec-1.9.jar
7fee5b320000-7fee5b327000 r--s 00048000 08:01 921054                     /home/madunlap/.m2/repository/org/apache/httpcomponents/httpcore/4.4.1/httpcore-4.4.1.jar
7fee5b327000-7fee5b334000 r--s 000a4000 08:01 921052                     /home/madunlap/.m2/repository/org/apache/httpcomponents/httpclient/4.4.1/httpclient-4.4.1.jar
7fee5b334000-7fee5b338000 r--s 00028000 08:01 921050                     /home/madunlap/.m2/repository/org/apache/httpcomponents/httpasyncclient/4.1/httpasyncclient-4.1.jar
7fee5b338000-7fee5b33f000 r--s 00050000 08:01 921049                     /home/madunlap/.m2/repository/org/apache/httpcomponents/httpcore-nio/4.4.1/httpcore-nio-4.4.1.jar
7fee5b33f000-7fee5b345000 r--s 00033000 08:01 921046                     /home/madunlap/.m2/repository/io/searchbox/jest-common/0.1.7/jest-common-0.1.7.jar
7fee5b345000-7fee5b346000 r--s 00004000 08:01 921045                     /home/madunlap/.m2/repository/io/searchbox/jest/0.1.7/jest-0.1.7.jar
7fee5b346000-7fee5b347000 r--s 00004000 08:01 921039                     /home/madunlap/.m2/repository/org/apache/axis/axis-saaj/1.4/axis-saaj-1.4.jar
7fee5b347000-7fee5b349000 r--s 00006000 08:01 921036                     /home/madunlap/.m2/repository/org/apache/axis/axis-jaxrpc/1.4/axis-jaxrpc-1.4.jar
7fee5b349000-7fee5b35d000 r--s 00173000 08:01 921038                     /home/madunlap/.m2/repository/axis/axis/1.4/axis-1.4.jar
7fee5b35d000-7fee5b379000 r--s 00103000 08:01 921030                     /home/madunlap/.m2/repository/org/mockito/mockito-core/1.10.19/mockito-core-1.10.19.jar
7fee5b379000-7fee5b37b000 r--s 00001000 08:01 921031                     /home/madunlap/.m2/repository/org/slf4j/slf4j-log4j12/1.7.7/slf4j-log4j12-1.7.7.jar
7fee5b37b000-7fee5b37d000 r--s 00006000 08:01 791385                     /home/madunlap/.m2/repository/org/slf4j/slf4j-api/1.7.7/slf4j-api-1.7.7.jar
7fee5b37d000-7fee5b37f000 r--s 00008000 08:01 920991                     /home/madunlap/.m2/repository/classworlds/classworlds/1.1-alpha-2/classworlds-1.1-alpha-2.jar
7fee5b37f000-7fee5b386000 r--s 00029000 08:01 920988                     /home/madunlap/.m2/repository/org/codehaus/plexus/plexus-container-default/1.0-alpha-9-stable-1/plexus-container-default-1.0-alpha-9-stable-1.jar
7fee5b386000-7fee5b389000 r--s 00011000 08:01 920989                     /home/madunlap/.m2/repository/org/apache/maven/maven-artifact/2.2.1/maven-artifact-2.2.1.jar
7fee5b389000-7fee5b38b000 r--s 00006000 08:01 920982                     /home/madunlap/.m2/repository/org/apache/maven/maven-plugin-registry/2.2.1/maven-plugin-registry-2.2.1.jar
7fee5b38b000-7fee5b38d000 r--s 0000b000 08:01 920978                     /home/madunlap/.m2/repository/org/apache/maven/wagon/wagon-provider-api/1.0-beta-6/wagon-provider-api-1.0-beta-6.jar
7fee5b38d000-7fee5b38f000 r--s 00005000 08:01 920980                     /home/madunlap/.m2/repository/org/apache/maven/maven-repository-metadata/2.2.1/maven-repository-metadata-2.2.1.jar
7fee5b38f000-7fee5b391000 r--s 0000f000 08:01 920975                     /home/madunlap/.m2/repository/org/apache/maven/maven-artifact-manager/2.2.1/maven-artifact-manager-2.2.1.jar
7fee5b391000-7fee5b393000 r--s 00014000 08:01 920971                     /home/madunlap/.m2/repository/org/apache/maven/maven-model/2.2.1/maven-model-2.2.1.jar
7fee5b393000-7fee5b395000 r--s 00007000 08:01 920969                     /home/madunlap/.m2/repository/org/apache/maven/maven-profile/2.2.1/maven-profile-2.2.1.jar
7fee5b395000-7fee5b396000 r--s 0000b000 08:01 920972                     /home/madunlap/.m2/repository/org/apache/maven/maven-settings/2.2.1/maven-settings-2.2.1.jar
7fee5b396000-7fee5b39a000 r--s 00023000 08:01 920973                     /home/madunlap/.m2/repository/org/apache/maven/maven-project/2.2.1/maven-project-2.2.1.jar
7fee5b39a000-7fee5b39c000 r--s 00002000 08:01 661356                     /home/madunlap/.m2/repository/org/apache/maven/maven-plugin-api/2.2.1/maven-plugin-api-2.2.1.jar
7fee5b39c000-7fee5b39e000 r--s 00015000 08:01 791373                     /home/madunlap/.m2/repository/org/ccil/cowan/tagsoup/tagsoup/1.2.1/tagsoup-1.2.1.jar
7fee5b39e000-7fee5b3a4000 r--s 00044000 08:01 791367                     /home/madunlap/.m2/repository/org/jsoup/jsoup/1.8.1/jsoup-1.8.1.jar
7fee5b3a4000-7fee5b3a6000 r--s 00004000 08:01 791401                     /home/madunlap/.m2/repository/edu/ucsb/nceas/ezid/1.0.0/ezid-1.0.0.jar
7fee5b3a6000-7fee5b3a9000 r--s 0000b000 08:01 791362                     /home/madunlap/.m2/repository/org/ocpsoft/rewrite/rewrite-integration-faces/2.0.12.Final/rewrite-integration-faces-2.0.12.Final.jar
7fee5b3a9000-7fee5b3ab000 r--s 00001000 08:01 791360                     /home/madunlap/.m2/repository/org/ocpsoft/rewrite/rewrite-annotations-api/2.0.12.Final/rewrite-annotations-api-2.0.12.Final.jar
7fee5b3ab000-7fee5b3ac000 r--s 00005000 08:01 791359                     /home/madunlap/.m2/repository/org/ocpsoft/rewrite/rewrite-addressbuilder/2.0.12.Final/rewrite-addressbuilder-2.0.12.Final.jar
7fee5b3ac000-7fee5b3ae000 r--s 00008000 08:01 791357                     /home/madunlap/.m2/repository/org/ocpsoft/rewrite/rewrite-api-servlet/2.0.12.Final/rewrite-api-servlet-2.0.12.Final.jar
7fee5b3ae000-7fee5b3b0000 r--s 00001000 08:01 791354                     /home/madunlap/.m2/repository/org/ocpsoft/logging/logging-api/1.0.2.Final/logging-api-1.0.2.Final.jar
7fee5b3b0000-7fee5b3b1000 r--s 00003000 08:01 791353                     /home/madunlap/.m2/repository/org/ocpsoft/common/common-api/1.0.5.Final/common-api-1.0.5.Final.jar
7fee5b3b1000-7fee5b3b5000 r--s 00018000 08:01 791351                     /home/madunlap/.m2/repository/org/ocpsoft/rewrite/rewrite-api/2.0.12.Final/rewrite-api-2.0.12.Final.jar
7fee5b3b5000-7fee5b3b7000 r--s 00005000 08:01 791349                     /home/madunlap/.m2/repository/org/ocpsoft/rewrite/rewrite-annotations-impl/2.0.12.Final/rewrite-annotations-impl-2.0.12.Final.jar
7fee5b3b7000-7fee5b3c5000 r--s 00092000 08:01 791352                     /home/madunlap/.m2/repository/org/ocpsoft/rewrite/rewrite-config-prettyfaces/2.0.12.Final/rewrite-config-prettyfaces-2.0.12.Final.jar
7fee5b3c5000-7fee5b3d3000 r--s 0005f000 08:01 791345                     /home/madunlap/.m2/repository/org/ocpsoft/rewrite/rewrite-servlet/2.0.12.Final/rewrite-servlet-2.0.12.Final.jar
7fee5b3d3000-7fee5b3d7000 r--s 0003c000 08:01 791218                     /home/madunlap/.m2/repository/javax/media/jai_codec/1.1.3/jai_codec-1.1.3.jar
7fee5b3d7000-7fee5b3eb000 r--s 001bd000 08:01 791220                     /home/madunlap/.m2/repository/javax/media/jai_core/1.1.3/jai_core-1.1.3.jar
7fee5b3eb000-7fee5b3fc000 r--s 00106000 08:01 791219                     /home/madunlap/.m2/repository/javax/media/jai_imageio/1.1.1/jai_imageio-1.1.1.jar
7fee5b3fc000-7fee5b405000 r--s 00079000 08:01 791398                     /home/madunlap/.m2/repository/edu/harvard/hul/ois/jhove/jhove-module/1.11.0/jhove-module-1.11.0.jar
7fee5b405000-7fee5b408000 r--s 00011000 08:01 791396                     /home/madunlap/.m2/repository/edu/harvard/hul/ois/jhove/jhove/1.11.0/jhove-1.11.0.jar
7fee5b408000-7fee5b418000 r--s 0011f000 08:01 791342                     /home/madunlap/.m2/repository/org/apache/poi/poi-scratchpad/3.10-FINAL/poi-scratchpad-3.10-FINAL.jar
7fee5b418000-7fee5b455000 r--s 0024f000 08:01 791336                     /home/madunlap/.m2/repository/org/apache/xmlbeans/xmlbeans/2.3.0/xmlbeans-2.3.0.jar
7fee5b455000-7fee5b4ed000 r--s 00420000 08:01 791334                     /home/madunlap/.m2/repository/org/apache/poi/poi-ooxml-schemas/3.10-FINAL/poi-ooxml-schemas-3.10-FINAL.jar
7fee5b4ed000-7fee5b4fb000 r--s 000ee000 08:01 791333                     /home/madunlap/.m2/repository/org/apache/poi/poi-ooxml/3.10-FINAL/poi-ooxml-3.10-FINAL.jar
7fee5b4fb000-7fee5b907000 r--s 03c80000 08:01 791225                     /home/madunlap/.m2/repository/com/amazonaws/aws-java-sdk-bundle/1.11.172/aws-java-sdk-bundle-1.11.172.jar
7fee5b907000-7fee5ba73000 rw-p 00000000 00:00 0 
7fee5ba73000-7fee5bb07000 ---p 00000000 00:00 0 
7fee5bb07000-7fee5bb09000 r--s 00009000 08:01 791399                     /home/madunlap/.m2/repository/edu/harvard/hul/ois/jhove/jhove-handler/1.11.0/jhove-handler-1.11.0.jar
7fee5bb09000-7fee5bb0f000 r--s 00047000 08:01 791341                     /home/madunlap/.m2/repository/org/apache/poi/poi-examples/3.10-FINAL/poi-examples-3.10-FINAL.jar
7fee5bb0f000-7fee5bb14000 r--s 00048000 08:01 791338                     /home/madunlap/.m2/repository/dom4j/dom4j/1.6.1/dom4j-1.6.1.jar
7fee5bb14000-7fee5bb36000 r--s 001bb000 08:01 791332                     /home/madunlap/.m2/repository/org/apache/poi/poi/3.10-FINAL/poi-3.10-FINAL.jar
7fee5bb36000-7fee5bb38000 r--s 00006000 08:01 791331                     /home/madunlap/.m2/repository/org/nuiton/thirdparty/Rserve/0.6-1/Rserve-0.6-1.jar
7fee5bb38000-7fee5bb3a000 r--s 00006000 08:01 791328                     /home/madunlap/.m2/repository/org/nuiton/thirdparty/REngine/0.6-1/REngine-0.6-1.jar
7fee5bb3a000-7fee5bb3b000 r--s 0000c000 08:01 791397                     /home/madunlap/.m2/repository/org/dataverse/unf/6.0/unf-6.0.jar
7fee5bb3b000-7fee5bb3c000 r--s 00018000 08:01 791394                     /home/madunlap/.m2/repository/edu/harvard/iq/dvn/unf5/5.0/unf5-5.0.jar
7fee5bb3c000-7fee5bb45000 r--s 000a6000 08:01 791393                     /home/madunlap/.m2/repository/net/handle/handle/2006-06-16-generated/handle-2006-06-16-generated.jar
7fee5bb45000-7fee5bb48000 r--s 00035000 08:01 791395                     /home/madunlap/.m2/repository/nom/tam/fits/fits/2012-10-25-generated/fits-2012-10-25-generated.jar
7fee5bb48000-7fee5bb4f000 r--s 00028000 08:01 791326                     /home/madunlap/.m2/repository/concurrent/concurrent/1.3.4/concurrent-1.3.4.jar
7fee5bb4f000-7fee5bb5d000 r--s 00081000 08:01 791324                     /home/madunlap/.m2/repository/colt/colt/1.2.0/colt-1.2.0.jar
7fee5bb5d000-7fee5bb6a000 r--s 00083000 08:01 791320                     /home/madunlap/.m2/repository/commons-collections/commons-collections/3.2.2/commons-collections-3.2.2.jar
7fee5bb6a000-7fee5bb6e000 r--s 00020000 08:01 791319                     /home/madunlap/.m2/repository/commons-digester/commons-digester/1.8.1/commons-digester-1.8.1.jar
7fee5bb6e000-7fee5bb73000 r--s 00035000 08:01 791317                     /home/madunlap/.m2/repository/commons-beanutils/commons-beanutils/1.9.2/commons-beanutils-1.9.2.jar
7fee5bb73000-7fee5bb77000 r--s 0002a000 08:01 791315                     /home/madunlap/.m2/repository/commons-validator/commons-validator/1.6/commons-validator-1.6.jar
7fee5bb77000-7fee5bb8a000 r--s 000df000 08:01 791313                     /home/madunlap/.m2/repository/org/apache/commons/commons-math/2.2/commons-math-2.2.jar
7fee5bb8a000-7fee5bb8c000 r--s 0000e000 08:01 791309                     /home/madunlap/.m2/repository/commons-logging/commons-logging/1.1.3/commons-logging-1.1.3.jar
7fee5bb8c000-7fee5bb8e000 r--s 00005000 08:01 791311                     /home/madunlap/.m2/repository/org/apache/httpcomponents/httpmime/4.2.6/httpmime-4.2.6.jar
7fee5bb8e000-7fee5bb8f000 r--s 00005000 08:01 791308                     /home/madunlap/.m2/repository/org/noggit/noggit/0.5/noggit-0.5.jar
7fee5bb8f000-7fee5bb9b000 r--s 000b3000 08:01 791304                     /home/madunlap/.m2/repository/org/apache/zookeeper/zookeeper/3.4.5/zookeeper-3.4.5.jar
7fee5bb9b000-7fee5bba3000 r--s 0005b000 08:01 791305                     /home/madunlap/.m2/repository/org/apache/solr/solr-solrj/4.6.0/solr-solrj-4.6.0.jar
7fee5bba3000-7fee5bba5000 r--s 0000d000 08:01 791302                     /home/madunlap/.m2/repository/com/fasterxml/classmate/1.0.0/classmate-1.0.0.jar
7fee5bba5000-7fee5bba7000 r--s 0000d000 08:01 791296                     /home/madunlap/.m2/repository/org/jboss/logging/jboss-logging/3.1.1.GA/jboss-logging-3.1.1.GA.jar
7fee5bba7000-7fee5bbab000 r--s 0000c000 08:01 791294                     /home/madunlap/.m2/repository/javax/validation/validation-api/1.1.0.Final/validation-api-1.1.0.Final.jar
7fee5bbab000-7fee5bbb8000 r--s 00080000 08:01 791293                     /home/madunlap/.m2/repository/org/hibernate/hibernate-validator/5.0.3.Final/hibernate-validator-5.0.3.Final.jar
7fee5bbb8000-7fee5bbc2000 r--s 0006b000 08:01 791289                     /home/madunlap/.m2/repository/org/omnifaces/omnifaces/1.7/omnifaces-1.7.jar
7fee5bbc2000-7fee5bbd1000 r--s 000c4000 08:01 791290                     /home/madunlap/.m2/repository/org/atmosphere/atmosphere-runtime/2.4.2/atmosphere-runtime-2.4.2.jar
7fee5bbd1000-7fee5bbe5000 r--s 0013a000 08:01 791121                     /home/madunlap/.m2/repository/org/primefaces/themes/all-themes/1.0.10/all-themes-1.0.10.jar
7fee5bbe5000-7fee5bc11000 r--s 00318000 08:01 791288                     /home/madunlap/.m2/repository/org/primefaces/primefaces/5.3/primefaces-5.3.jar
7fee5bc11000-7fee5bc33000 r--s 00120000 08:01 791284                     /home/madunlap/.m2/repository/javax/javaee-web-api/7.0/javaee-web-api-7.0.jar
7fee5bc33000-7fee5bc35000 r--s 0000e000 08:01 791282                     /home/madunlap/.m2/repository/javax/activation/activation/1.1/activation-1.1.jar
7fee5bc35000-7fee5bc3d000 r--s 00078000 08:01 791280                     /home/madunlap/.m2/repository/com/sun/mail/javax.mail/1.5.0/javax.mail-1.5.0.jar
7fee5bc3d000-7fee5bc71000 r--s 001a4000 08:01 791278                     /home/madunlap/.m2/repository/javax/javaee-api/7.0/javaee-api-7.0.jar
7fee5bc71000-7fee5bc9c000 r--s 001f5000 08:01 791277                     /home/madunlap/.m2/repository/com/google/guava/guava/16.0.1/guava-16.0.1.jar
7fee5bc9c000-7fee5bc9d000 r--s 00004000 08:01 791275                     /home/madunlap/.m2/repository/org/mindrot/jbcrypt/0.3m/jbcrypt-0.3m.jar
7fee5bc9d000-7fee5bcbb000 r--s 0027d000 08:01 791273                     /home/madunlap/.m2/repository/xalan/xalan/2.7.0/xalan-2.7.0.jar
7fee5bcbb000-7fee5bccf000 r--s 000e3000 08:01 791272                     /home/madunlap/.m2/repository/xerces/xercesImpl/2.6.2/xercesImpl-2.6.2.jar
7fee5bccf000-7fee5bcd5000 r--s 00019000 08:01 791270                     /home/madunlap/.m2/repository/xerces/xmlParserAPIs/2.6.2/xmlParserAPIs-2.6.2.jar
7fee5bcd5000-7fee5bcdc000 r--s 00063000 08:01 791268                     /home/madunlap/.m2/repository/xom/xom/1.1/xom-1.1.jar
7fee5bcdc000-7fee5bce1000 r--s 0002a000 08:01 791265                     /home/madunlap/.m2/repository/com/google/code/gson/gson/2.2.4/gson-2.2.4.jar
7fee5bce1000-7fee5bce5000 r--s 00027000 08:01 791263                     /home/madunlap/.m2/repository/commons-io/commons-io/2.2/commons-io-2.2.jar
7fee5bce5000-7fee5bce7000 r--s 0000f000 08:01 791260                     /home/madunlap/.m2/repository/commons-fileupload/commons-fileupload/1.3.1/commons-fileupload-1.3.1.jar
7fee5bce7000-7fee5bced000 r--s 00032000 08:01 791261                     /home/madunlap/.m2/repository/jaxen/jaxen/1.1.1/jaxen-1.1.1.jar
7fee5bced000-7fee5bcf4000 r--s 00079000 08:01 661348                     /home/madunlap/.m2/repository/org/codehaus/woodstox/wstx-asl/3.2.6/wstx-asl-3.2.6.jar
7fee5bcf4000-7fee5bcf9000 r--s 00070000 08:01 661349                     /home/madunlap/.m2/repository/org/codehaus/woodstox/woodstox-core-asl/4.1.4/woodstox-core-asl-4.1.4.jar
7fee5bcf9000-7fee5bcfd000 r--s 00026000 08:01 791256                     /home/madunlap/.m2/repository/org/apache/ws/commons/axiom/axiom-impl/1.2.14/axiom-impl-1.2.14.jar
7fee5bcfd000-7fee5bd00000 r--s 00015000 08:01 791254                     /home/madunlap/.m2/repository/org/apache/james/apache-mime4j-core/0.7.2/apache-mime4j-core-0.7.2.jar
7fee5bd00000-7fee5bd05000 r--s 00032000 08:01 791252                     /home/madunlap/.m2/repository/org/apache/geronimo/specs/geronimo-javamail_1.4_spec/1.7.1/geronimo-javamail_1.4_spec-1.7.1.jar
7fee5bd05000-7fee5bd0f000 r--s 0005d000 08:01 791250                     /home/madunlap/.m2/repository/org/apache/ws/commons/axiom/axiom-api/1.2.14/axiom-api-1.2.14.jar
7fee5bd0f000-7fee5bd12000 r--s 0014e000 08:01 791249                     /home/madunlap/.m2/repository/org/apache/abdera/abdera-parser/1.1.3/abdera-parser-1.1.3.jar
7fee5bd12000-7fee5bd14000 r--s 00006000 08:01 791245                     /home/madunlap/.m2/repository/org/apache/geronimo/specs/geronimo-stax-api_1.0_spec/1.0.1/geronimo-stax-api_1.0_spec-1.0.1.jar
7fee5bd14000-7fee5bd16000 r--s 0000a000 08:01 791243                     /home/madunlap/.m2/repository/org/apache/geronimo/specs/geronimo-activation_1.1_spec/1.1/geronimo-activation_1.1_spec-1.1.jar
7fee5bd16000-7fee5bd1a000 r--s 00094000 08:01 791246                     /home/madunlap/.m2/repository/org/apache/abdera/abdera-i18n/1.1.3/abdera-i18n-1.1.3.jar
7fee5bd1a000-7fee5bd1e000 r--s 00024000 08:01 791241                     /home/madunlap/.m2/repository/org/apache/abdera/abdera-core/1.1.3/abdera-core-1.1.3.jar
7fee5bd1e000-7fee5bd37000 r--s 002fd000 08:01 791240                     /home/madunlap/.m2/repository/com/ibm/icu/icu4j/3.4.4/icu4j-3.4.4.jar
7fee5bd37000-7fee5bd3a000 r--s 00023000 08:01 791237                     /home/madunlap/.m2/repository/com/hp/hpl/jena/iri/0.8/iri-0.8.jar
7fee5bd3a000-7fee5bd5d000 r--s 001ae000 08:01 791235                     /home/madunlap/.m2/repository/com/hp/hpl/jena/jena/2.6.4/jena-2.6.4.jar
7fee5bd5d000-7fee5bd5f000 r--s 0000d000 08:01 791233                     /home/madunlap/.m2/repository/org/apache/abdera/abdera-client/1.1.1/abdera-client-1.1.1.jar
7fee5bd5f000-7fee5bd61000 r--s 00016000 08:01 791230                     /home/madunlap/.m2/repository/javax/servlet/servlet-api/2.4/servlet-api-2.4.jar
7fee5bd61000-7fee5bd64000 r--s 0000f000 08:01 791226                     /home/madunlap/.m2/repository/org/swordapp/sword2-server/1.0/sword2-server-1.0-classes.jar
7fee5bd64000-7fee5bd69000 r--s 00040000 08:01 791224                     /home/madunlap/.m2/repository/commons-httpclient/commons-httpclient/3.0.1/commons-httpclient-3.0.1.jar
7fee5bd69000-7fee5bf69000 rw-p 00000000 00:00 0 
7fee5bf69000-7fee5bfe3000 r--s 010f7000 08:01 1582200                    /usr/lib/jvm/java-8-oracle/lib/tools.jar
7fee5bfe3000-7fee5bfe6000 r--s 0001b000 08:01 791438                     /home/madunlap/.m2/repository/junit/junit/3.8.2/junit-3.8.2.jar
7fee5bfe6000-7fee5bff4000 r--s 0008f000 08:01 921892                     /home/madunlap/.m2/repository/com/google/collections/google-collections/1.0/google-collections-1.0.jar
7fee5bff4000-7fee5bff5000 r--s 0000a000 08:01 921891                     /home/madunlap/.m2/repository/commons-logging/commons-logging-api/1.1/commons-logging-api-1.1.jar
7fee5bff5000-7fee5bffc000 r--s 00051000 08:01 921889                     /home/madunlap/.m2/repository/log4j/log4j/1.2.12/log4j-1.2.12.jar
7fee5bffc000-7fee5c000000 r--s 0001d000 08:01 921886                     /home/madunlap/.m2/repository/org/apache/xbean/xbean-reflect/3.4/xbean-reflect-3.4.jar
7fee5c000000-7fee5c021000 rw-p 00000000 00:00 0 
7fee5c021000-7fee60000000 ---p 00000000 00:00 0 
7fee60000000-7fee60001000 r--s 00004000 08:01 921885                     /home/madunlap/.m2/repository/org/codehaus/plexus/plexus-compiler-javac/2.2/plexus-compiler-javac-2.2.jar
7fee60001000-7fee60003000 r--s 00000000 08:01 921883                     /home/madunlap/.m2/repository/org/codehaus/plexus/plexus-compiler-manager/2.2/plexus-compiler-manager-2.2.jar
7fee60003000-7fee60005000 r--s 00005000 08:01 921878                     /home/madunlap/.m2/repository/org/codehaus/plexus/plexus-compiler-api/2.2/plexus-compiler-api-2.2.jar
7fee60005000-7fee60007000 r--s 00002000 08:01 921877                     /home/madunlap/.m2/repository/org/apache/maven/shared/maven-shared-incremental/1.1/maven-shared-incremental-1.1.jar
7fee60007000-7fee60009000 r--s 00006000 08:01 921876                     /home/madunlap/.m2/repository/com/google/code/findbugs/jsr305/2.0.1/jsr305-2.0.1.jar
7fee60009000-7fee6000c000 r--s 00023000 08:01 921882                     /home/madunlap/.m2/repository/org/apache/maven/shared/maven-shared-utils/0.1/maven-shared-utils-0.1.jar
7fee6000c000-7fee60010000 r--s 00030000 08:01 921884                     /home/madunlap/.m2/repository/org/codehaus/plexus/plexus-utils/1.5.1/plexus-utils-1.5.1.jar
7fee60010000-7fee60012000 r--s 00009000 08:01 660601                     /home/madunlap/.m2/repository/org/apache/maven/plugins/maven-compiler-plugin/3.1/maven-compiler-plugin-3.1.jar
7fee60012000-7fee60014000 r--s 0000d000 08:01 921763                     /home/madunlap/.m2/repository/org/codehaus/plexus/plexus-interpolation/1.13/plexus-interpolation-1.13.jar
7fee60014000-7fee60015000 r--s 00001000 08:01 921761                     /home/madunlap/.m2/repository/org/sonatype/plexus/plexus-build-api/0.0.4/plexus-build-api-0.0.4.jar
7fee60015000-7fee60017000 r--s 00009000 08:01 921767                     /home/madunlap/.m2/repository/org/apache/maven/shared/maven-filtering/1.0/maven-filtering-1.0.jar
7fee60017000-7fee60018000 r--s 00001000 08:01 921765                     /home/madunlap/.m2/repository/org/apache/maven/doxia/doxia-sink-api/1.0-alpha-7/doxia-sink-api-1.0-alpha-7.jar
7fee60018000-7fee60019000 r--s 00002000 08:01 921760                     /home/madunlap/.m2/repository/org/apache/maven/reporting/maven-reporting-api/2.0.6/maven-reporting-api-2.0.6.jar
7fee60019000-7fee6001b000 r--s 00005000 08:01 660590                     /home/madunlap/.m2/repository/org/apache/maven/plugins/maven-resources-plugin/2.5/maven-resources-plugin-2.5.jar
7fee6001b000-7fee6001f000 r--s 0001f000 08:01 921028                     /home/madunlap/.m2/repository/org/jacoco/org.jacoco.report/0.7.5.201505241946/org.jacoco.report-0.7.5.201505241946.jar
7fee6001f000-7fee60024000 r--s 00058000 08:01 921027                     /home/madunlap/.m2/repository/org/ow2/asm/asm-debug-all/5.0.1/asm-debug-all-5.0.1.jar
7fee60024000-7fee60028000 r--s 0001d000 08:01 791383                     /home/madunlap/.m2/repository/org/jacoco/org.jacoco.core/0.7.5.201505241946/org.jacoco.core-0.7.5.201505241946.jar
7fee60028000-7fee6002e000 r--s 00041000 08:01 661360                     /home/madunlap/.m2/repository/org/jacoco/org.jacoco.agent/0.7.5.201505241946/org.jacoco.agent-0.7.5.201505241946-runtime.jar
7fee6002e000-7fee6003b000 r--s 0007f000 08:01 921702                     /home/madunlap/.m2/repository/commons-collections/commons-collections/3.2/commons-collections-3.2.jar
7fee6003b000-7fee6003d000 r--s 00008000 08:01 921015                     /home/madunlap/.m2/repository/org/apache/maven/doxia/doxia-module-fml/1.1.2/doxia-module-fml-1.1.2.jar
7fee6003d000-7fee6003e000 r--s 00003000 08:01 921016                     /home/madunlap/.m2/repository/org/apache/maven/doxia/doxia-module-xhtml/1.1.2/doxia-module-xhtml-1.1.2.jar
7fee6003e000-7fee60040000 r--s 0000b000 08:01 921011                     /home/madunlap/.m2/repository/org/apache/maven/doxia/doxia-decoration-model/1.1.2/doxia-decoration-model-1.1.2.jar
7fee60040000-7fee60042000 r--s 0000b000 08:01 921008                     /home/madunlap/.m2/repository/org/apache/maven/doxia/doxia-site-renderer/1.1.2/doxia-site-renderer-1.1.2.jar
7fee60042000-7fee60044000 r--s 00006000 08:01 791430                     /home/madunlap/.m2/repository/commons-codec/commons-codec/1.2/commons-codec-1.2.jar
7fee60044000-7fee6004a000 r--s 00045000 08:01 791428                     /home/madunlap/.m2/repository/commons-httpclient/commons-httpclient/3.1/commons-httpclient-3.1.jar
7fee6004a000-7fee6004e000 r--s 0003c000 08:01 791427                     /home/madunlap/.m2/repository/commons-lang/commons-lang/2.4/commons-lang-2.4.jar
7fee6004e000-7fee60065000 r--s 00112000 08:01 791426                     /home/madunlap/.m2/repository/xerces/xercesImpl/2.8.1/xercesImpl-2.8.1.jar
7fee60065000-7fee60069000 r--s 00023000 08:01 921010                     /home/madunlap/.m2/repository/org/apache/maven/doxia/doxia-core/1.1.2/doxia-core-1.1.2.jar
7fee60069000-7fee6006b000 r--s 00003000 08:01 921007                     /home/madunlap/.m2/repository/org/apache/maven/reporting/maven-reporting-impl/2.1/maven-reporting-impl-2.1.jar
7fee6006b000-7fee6006c000 r--s 00002000 08:01 921004                     /home/madunlap/.m2/repository/org/apache/maven/doxia/doxia-logging-api/1.1/doxia-logging-api-1.1.jar
7fee6006c000-7fee6006e000 r--s 00002000 08:01 921001                     /home/madunlap/.m2/repository/org/apache/maven/doxia/doxia-sink-api/1.1/doxia-sink-api-1.1.jar
7fee6006e000-7fee6006f000 r--s 00002000 08:01 920999                     /home/madunlap/.m2/repository/org/apache/maven/reporting/maven-reporting-api/2.2.1/maven-reporting-api-2.2.1.jar
7fee6006f000-7fee60074000 r--s 00039000 08:01 920997                     /home/madunlap/.m2/repository/org/codehaus/plexus/plexus-utils/1.5.6/plexus-utils-1.5.6.jar
7fee60074000-7fee6007a000 r--s 00034000 08:01 921701                     /home/madunlap/.m2/repository/junit/junit/4.8.2/junit-4.8.2.jar
7fee6007a000-7fee6007c000 r--s 0000b000 08:01 920985                     /home/madunlap/.m2/repository/org/codehaus/plexus/plexus-interpolation/1.11/plexus-interpolation-1.11.jar
7fee6007c000-7fee60084000 r--s 00049000 08:01 920984                     /home/madunlap/.m2/repository/backport-util-concurrent/backport-util-concurrent/3.1/backport-util-concurrent-3.1.jar
7fee60084000-7fee60087000 r--s 0001a000 08:01 1976716                    /usr/lib/jvm/java-8-oracle/jre/lib/jce.jar
7fee60087000-7fee60287000 rw-p 00000000 00:00 0 
7fee60287000-7fee60289000 r--s 0000b000 08:01 660606                     /home/madunlap/.m2/repository/org/jacoco/jacoco-maven-plugin/0.7.5.201505241946/jacoco-maven-plugin-0.7.5.201505241946.jar
7fee60289000-7fee60297000 r--s 0007f000 08:01 791424                     /home/madunlap/.m2/repository/commons-collections/commons-collections/3.2.1/commons-collections-3.2.1.jar
7fee60297000-7fee6029c000 r--s 00041000 08:01 791300                     /home/madunlap/.m2/repository/commons-lang/commons-lang/2.6/commons-lang-2.6.jar
7fee6029c000-7fee6029e000 r--s 00006000 08:01 921678                     /home/madunlap/.m2/repository/org/apache/maven/shared/maven-invoker/2.0.11/maven-invoker-2.0.11.jar
7fee6029e000-7fee602a0000 r--s 00006000 08:01 921677                     /home/madunlap/.m2/repository/org/apache/maven/shared/maven-common-artifact-filters/1.4/maven-common-artifact-filters-1.4.jar
7fee602a0000-7fee602a2000 r--s 0000c000 08:01 921676                     /home/madunlap/.m2/repository/org/apache/maven/shared/maven-dependency-tree/2.0/maven-dependency-tree-2.0.jar
7fee602a2000-7fee602a4000 r--s 00000000 08:01 921682                     /home/madunlap/.m2/repository/org/codehaus/plexus/plexus-component-annotations/1.5.5/plexus-component-annotations-1.5.5.jar
7fee602a4000-7fee602a5000 r--s 0000a000 08:01 921680                     /home/madunlap/.m2/repository/asm/asm/3.3.1/asm-3.3.1.jar
7fee602a5000-7fee602a7000 r--s 00005000 08:01 921672                     /home/madunlap/.m2/repository/org/apache/maven/shared/maven-dependency-analyzer/1.3/maven-dependency-analyzer-1.3.jar
7fee602a7000-7fee602aa000 r--s 0000c000 08:01 921669                     /home/madunlap/.m2/repository/org/codehaus/plexus/plexus-io/2.0.6/plexus-io-2.0.6.jar
7fee602aa000-7fee602ad000 r--s 0001b000 08:01 791422                     /home/madunlap/.m2/repository/junit/junit/3.8.1/junit-3.8.1.jar
7fee602ad000-7fee602af000 r--s 00008000 08:01 920995                     /home/madunlap/.m2/repository/org/apache/maven/shared/maven-shared-io/1.1/maven-shared-io-1.1.jar
7fee602af000-7fee602b1000 r--s 00008000 08:01 920998                     /home/madunlap/.m2/repository/org/apache/maven/shared/file-management/1.2.1/file-management-1.2.1.jar
7fee602b1000-7fee602b5000 r--s 00035000 08:01 921667                     /home/madunlap/.m2/repository/org/codehaus/plexus/plexus-utils/3.0.9/plexus-utils-3.0.9.jar
7fee602b5000-7fee602ba000 r--s 00029000 08:01 921665                     /home/madunlap/.m2/repository/org/codehaus/plexus/plexus-archiver/2.2/plexus-archiver-2.2.jar
7fee602ba000-7fee602bc000 r--s 00004000 08:01 921661                     /home/madunlap/.m2/repository/org/apache/maven/doxia/doxia-module-xhtml/1.0/doxia-module-xhtml-1.0.jar
7fee602bc000-7fee602bd000 r--s 00006000 08:01 921663                     /home/madunlap/.m2/repository/org/apache/maven/doxia/doxia-module-xdoc/1.0/doxia-module-xdoc-1.0.jar
7fee602bd000-7fee602be000 r--s 00004000 08:01 921664                     /home/madunlap/.m2/repository/org/apache/maven/doxia/doxia-module-fml/1.0/doxia-module-fml-1.0.jar
7fee602be000-7fee602c0000 r--s 0000a000 08:01 921659                     /home/madunlap/.m2/repository/org/apache/maven/doxia/doxia-module-apt/1.0/doxia-module-apt-1.0.jar
7fee602c0000-7fee602c1000 r--s 0000b000 08:01 921658                     /home/madunlap/.m2/repository/org/apache/maven/doxia/doxia-decoration-model/1.0/doxia-decoration-model-1.0.jar
7fee602c1000-7fee602c9000 r--s 00058000 08:01 921019                     /home/madunlap/.m2/repository/org/apache/velocity/velocity/1.5/velocity-1.5.jar
7fee602c9000-7fee602ca000 r--s 00001000 08:01 921022                     /home/madunlap/.m2/repository/org/codehaus/plexus/plexus-velocity/1.1.7/plexus-velocity-1.1.7.jar
7fee602ca000-7fee602cb000 r--s 00002000 08:01 921017                     /home/madunlap/.m2/repository/org/codehaus/plexus/plexus-i18n/1.0-beta-7/plexus-i18n-1.0-beta-7.jar
7fee602cb000-7fee602cd000 r--s 0000a000 08:01 921654                     /home/madunlap/.m2/repository/org/apache/maven/doxia/doxia-site-renderer/1.0/doxia-site-renderer-1.0.jar
7fee602cd000-7fee602ce000 r--s 00002000 08:01 921653                     /home/madunlap/.m2/repository/org/apache/maven/doxia/doxia-sink-api/1.0/doxia-sink-api-1.0.jar
7fee602ce000-7fee602d3000 r--s 00016000 08:01 791388                     /home/madunlap/.m2/repository/xml-apis/xml-apis/1.0.b2/xml-apis-1.0.b2.jar
7fee602d3000-7fee602d5000 r--s 0000e000 08:01 921023                     /home/madunlap/.m2/repository/oro/oro/2.0.8/oro-2.0.8.jar
7fee602d5000-7fee602d7000 r--s 00008000 08:01 791420                     /home/madunlap/.m2/repository/commons-logging/commons-logging/1.0.4/commons-logging-1.0.4.jar
7fee602d7000-7fee602db000 r--s 00026000 08:01 921649                     /home/madunlap/.m2/repository/commons-digester/commons-digester/1.6/commons-digester-1.6.jar
7fee602db000-7fee602e0000 r--s 0002a000 08:01 921644                     /home/madunlap/.m2/repository/commons-beanutils/commons-beanutils/1.7.0/commons-beanutils-1.7.0.jar
7fee602e0000-7fee602e3000 r--s 00014000 08:01 921646                     /home/madunlap/.m2/repository/commons-validator/commons-validator/1.2.0/commons-validator-1.2.0.jar
7fee602e3000-7fee602e6000 r--s 00018000 08:01 791418                     /home/madunlap/.m2/repository/commons-io/commons-io/1.4/commons-io-1.4.jar
7fee602e6000-7fee602e8000 r--s 00009000 08:01 921639                     /home/madunlap/.m2/repository/org/apache/maven/shared/maven-doxia-tools/1.0.2/maven-doxia-tools-1.0.2.jar
7fee602e8000-7fee602eb000 r--s 0000b000 08:01 921640                     /home/madunlap/.m2/repository/org/apache/maven/doxia/doxia-core/1.0/doxia-core-1.0.jar
7fee602eb000-7fee602ed000 r--s 00004000 08:01 921647                     /home/madunlap/.m2/repository/org/apache/maven/reporting/maven-reporting-impl/2.0.5/maven-reporting-impl-2.0.5.jar
7fee602ed000-7fee602ee000 r--s 00002000 08:01 921638                     /home/madunlap/.m2/repository/org/apache/maven/reporting/maven-reporting-api/3.0/maven-reporting-api-3.0.jar
7fee602ee000-7fee602f0000 r--s 00002000 08:01 921645                     /home/madunlap/.m2/repository/org/codehaus/plexus/plexus-interactivity-api/1.0-alpha-4/plexus-interactivity-api-1.0-alpha-4.jar
7fee602f0000-7fee602f2000 r--s 00006000 08:01 921636                     /home/madunlap/.m2/repository/commons-cli/commons-cli/1.0/commons-cli-1.0.jar
7fee602f2000-7fee602f5000 r--s 00021000 08:01 660560                     /home/madunlap/.m2/repository/org/apache/maven/plugins/maven-dependency-plugin/2.6/maven-dependency-plugin-2.6.jar
7fee602f5000-7fee602f9000 r--s 00033000 08:01 921162                     /home/madunlap/.m2/repository/org/codehaus/plexus/plexus-utils/2.0.5/plexus-utils-2.0.5.jar
7fee602f9000-7fee602fa000 r--s 00005000 08:01 660568                     /home/madunlap/.m2/repository/org/apache/maven/plugins/maven-clean-plugin/2.4.1/maven-clean-plugin-2.4.1.jar
7fee602fa000-7fee604fa000 rw-p 00000000 00:00 0 
7fee604fa000-7fee6050b000 r-xp 00000000 08:01 2106483                    /usr/lib/jvm/java-8-oracle/jre/lib/amd64/libnio.so
7fee6050b000-7fee6070a000 ---p 00011000 08:01 2106483                    /usr/lib/jvm/java-8-oracle/jre/lib/amd64/libnio.so
7fee6070a000-7fee6070b000 rw-p 00010000 08:01 2106483                    /usr/lib/jvm/java-8-oracle/jre/lib/amd64/libnio.so
7fee6070b000-7fee60721000 r-xp 00000000 08:01 2106458                    /usr/lib/jvm/java-8-oracle/jre/lib/amd64/libnet.so
7fee60721000-7fee60921000 ---p 00016000 08:01 2106458                    /usr/lib/jvm/java-8-oracle/jre/lib/amd64/libnet.so
7fee60921000-7fee60922000 rw-p 00016000 08:01 2106458                    /usr/lib/jvm/java-8-oracle/jre/lib/amd64/libnet.so
7fee60922000-7fee60925000 ---p 00000000 00:00 0 
7fee60925000-7fee6095b000 rw-p 00000000 00:00 0 
7fee6095b000-7fee6095c000 r--p 00000000 00:00 0 
7fee6095c000-7fee60b5c000 rw-p 00000000 00:00 0 
7fee60b5c000-7fee60b61000 r--s 0009a000 08:01 1976643                    /usr/lib/jvm/java-8-oracle/jre/lib/jsse.jar
7fee60b61000-7fee60d61000 rw-p 00000000 00:00 0 
7fee60d61000-7fee60d63000 r--s 0000c000 08:01 2112577                    /usr/local/netbeans-8.1/java/maven-nblib/netbeans-eventspy.jar
7fee60d63000-7fee60d65000 r--s 00002000 08:01 2112587                    /usr/local/netbeans-8.1/java/maven/lib/plexus-cipher-1.7.jar
7fee60d65000-7fee60d66000 r--s 0000a000 08:01 2112568                    /usr/local/netbeans-8.1/java/maven/lib/maven-embedder-3.0.5.jar
7fee60d66000-7fee60d68000 r--s 00000000 08:01 2112237                    /usr/local/netbeans-8.1/java/maven/lib/plexus-component-annotations-1.5.5.jar
7fee60d68000-7fee60d6a000 r--s 0000a000 08:01 2112569                    /usr/local/netbeans-8.1/java/maven/lib/maven-settings-3.0.5.jar
7fee60d6a000-7fee60d6e000 r--s 0001c000 08:01 2112582                    /usr/local/netbeans-8.1/java/maven/lib/aether-util-1.13.1.jar
7fee60d6e000-7fee60d75000 r--s 0003f000 08:01 2112554                    /usr/local/netbeans-8.1/java/maven/lib/sisu-inject-bean-2.3.0.jar
7fee60d75000-7fee60d79000 r--s 00021000 08:01 2112506                    /usr/local/netbeans-8.1/java/maven/lib/maven-model-builder-3.0.5.jar
7fee60d79000-7fee60d7b000 r--s 0000b000 08:01 2112552                    /usr/local/netbeans-8.1/java/maven/lib/wagon-provider-api-2.4.jar
7fee60d7b000-7fee60d7f000 r--s 00033000 08:01 2112580                    /usr/local/netbeans-8.1/java/maven/lib/plexus-utils-2.0.6.jar
7fee60d7f000-7fee60d83000 r--s 00013000 08:01 2112588                    /usr/local/netbeans-8.1/java/maven/lib/aether-api-1.13.1.jar
7fee60d83000-7fee60d85000 r--s 0000d000 08:01 2112510                    /usr/local/netbeans-8.1/java/maven/lib/plexus-interpolation-1.14.jar
7fee60d85000-7fee60da0000 r--s 000e4000 08:01 2112562                    /usr/local/netbeans-8.1/java/maven/lib/wagon-http-2.4-shaded.jar
7fee60da0000-7fee60dbf000 r--s 00154000 08:01 2112595                    /usr/local/netbeans-8.1/java/maven/lib/sisu-guava-0.9.9.jar
7fee60dbf000-7fee60dc0000 r--s 00002000 08:01 2112599                    /usr/local/netbeans-8.1/java/maven/lib/wagon-file-2.4.jar
7fee60dc0000-7fee60dc1000 r--s 00003000 08:01 2112589                    /usr/local/netbeans-8.1/java/maven/lib/aether-spi-1.13.1.jar
7fee60dc1000-7fee60dc9000 r--s 00050000 08:01 2112540                    /usr/local/netbeans-8.1/java/maven/lib/sisu-guice-3.1.0-no_aop.jar
7fee60dc9000-7fee60dd0000 r--s 0002b000 08:01 2112529                    /usr/local/netbeans-8.1/java/maven/lib/sisu-inject-plexus-2.3.0.jar
7fee60dd0000-7fee60dfe000 r--s 001c9000 08:01 2112509                    /usr/local/netbeans-8.1/java/maven/lib/ext/wagon-http-2.8-shaded.jar
7fee60dfe000-7fee60dff000 ---p 00000000 00:00 0 
7fee60dff000-7fee60eff000 rw-p 00000000 00:00 0 
7fee60eff000-7fee60f02000 ---p 00000000 00:00 0 
7fee60f02000-7fee61000000 rw-p 00000000 00:00 0 
7fee61000000-7fee61e20000 rwxp 00000000 00:00 0 
7fee61e20000-7fee70000000 ---p 00000000 00:00 0 
7fee70000000-7fee71958000 rw-p 00000000 00:00 0 
7fee71958000-7fee74000000 ---p 00000000 00:00 0 
7fee74000000-7fee74002000 r--s 0000b000 08:01 2112567                    /usr/local/netbeans-8.1/java/maven/lib/maven-artifact-3.0.5.jar
7fee74002000-7fee74005000 r--s 0001d000 08:01 2112581                    /usr/local/netbeans-8.1/java/maven/lib/aether-impl-1.13.1.jar
7fee74005000-7fee74007000 r--s 00006000 08:01 2112424                    /usr/local/netbeans-8.1/java/maven/lib/aether-connector-wagon-1.13.1.jar
7fee74007000-7fee74009000 r--s 00009000 08:01 2112597                    /usr/local/netbeans-8.1/java/maven/lib/commons-cli-1.2.jar
7fee74009000-7fee7400c000 r--s 00008000 08:01 2112453                    /usr/local/netbeans-8.1/java/maven/lib/maven-settings-builder-3.0.5.jar
7fee7400c000-7fee7400e000 r--s 00006000 08:01 2112358                    /usr/local/netbeans-8.1/java/maven/lib/maven-repository-metadata-3.0.5.jar
7fee7400e000-7fee7401a000 r--s 0007d000 08:01 2112594                    /usr/local/netbeans-8.1/java/maven/lib/maven-core-3.0.5.jar
7fee7401a000-7fee74020000 r--s 0003f000 08:01 2112583                    /usr/local/netbeans-8.1/java/maven/lib/maven-compat-3.0.5.jar
7fee74020000-7fee74023000 ---p 00000000 00:00 0 
7fee74023000-7fee74121000 rw-p 00000000 00:00 0 
7fee74121000-7fee74124000 ---p 00000000 00:00 0 
7fee74124000-7fee74222000 rw-p 00000000 00:00 0 
7fee74222000-7fee74225000 ---p 00000000 00:00 0 
7fee74225000-7fee74323000 rw-p 00000000 00:00 0 
7fee74323000-7fee745fe000 r--p 00000000 08:01 1441812                    /usr/lib/locale/locale-archive
7fee745fe000-7fee74601000 ---p 00000000 00:00 0 
7fee74601000-7fee746ff000 rw-p 00000000 00:00 0 
7fee746ff000-7fee74702000 ---p 00000000 00:00 0 
7fee74702000-7fee74800000 rw-p 00000000 00:00 0 
7fee74800000-7fee74801000 ---p 00000000 00:00 0 
7fee74801000-7fee7526d000 rw-p 00000000 00:00 0 
7fee7526d000-7fee75447000 r--s 03d4d000 08:01 1976682                    /usr/lib/jvm/java-8-oracle/jre/lib/rt.jar
7fee75447000-7fee75eab000 rw-p 00000000 00:00 0 
7fee75eab000-7fee75eac000 ---p 00000000 00:00 0 
7fee75eac000-7fee75fac000 rw-p 00000000 00:00 0 
7fee75fac000-7fee75fad000 ---p 00000000 00:00 0 
7fee75fad000-7fee760d4000 rw-p 00000000 00:00 0 
7fee760d4000-7fee761f7000 ---p 00000000 00:00 0 
7fee761f7000-7fee7621e000 rw-p 00000000 00:00 0 
7fee7621e000-7fee76340000 ---p 00000000 00:00 0 
7fee76340000-7fee763b0000 rw-p 00000000 00:00 0 
7fee763b0000-7fee763e5000 ---p 00000000 00:00 0 
7fee763e5000-7fee7641f000 rw-p 00000000 00:00 0 
7fee7641f000-7fee767a6000 ---p 00000000 00:00 0 
7fee767a6000-7fee767c0000 r-xp 00000000 08:01 2106481                    /usr/lib/jvm/java-8-oracle/jre/lib/amd64/libzip.so
7fee767c0000-7fee769c0000 ---p 0001a000 08:01 2106481                    /usr/lib/jvm/java-8-oracle/jre/lib/amd64/libzip.so
7fee769c0000-7fee769c1000 rw-p 0001a000 08:01 2106481                    /usr/lib/jvm/java-8-oracle/jre/lib/amd64/libzip.so
7fee769c1000-7fee769cc000 r-xp 00000000 08:01 663303                     /lib/x86_64-linux-gnu/libnss_files-2.24.so
7fee769cc000-7fee76bcb000 ---p 0000b000 08:01 663303                     /lib/x86_64-linux-gnu/libnss_files-2.24.so
7fee76bcb000-7fee76bcc000 r--p 0000a000 08:01 663303                     /lib/x86_64-linux-gnu/libnss_files-2.24.so
7fee76bcc000-7fee76bcd000 rw-p 0000b000 08:01 663303                     /lib/x86_64-linux-gnu/libnss_files-2.24.so
7fee76bcd000-7fee76bd3000 rw-p 00000000 00:00 0 
7fee76bd3000-7fee76bde000 r-xp 00000000 08:01 663305                     /lib/x86_64-linux-gnu/libnss_nis-2.24.so
7fee76bde000-7fee76ddd000 ---p 0000b000 08:01 663305                     /lib/x86_64-linux-gnu/libnss_nis-2.24.so
7fee76ddd000-7fee76dde000 r--p 0000a000 08:01 663305                     /lib/x86_64-linux-gnu/libnss_nis-2.24.so
7fee76dde000-7fee76ddf000 rw-p 0000b000 08:01 663305                     /lib/x86_64-linux-gnu/libnss_nis-2.24.so
7fee76ddf000-7fee76df5000 r-xp 00000000 08:01 663300                     /lib/x86_64-linux-gnu/libnsl-2.24.so
7fee76df5000-7fee76ff4000 ---p 00016000 08:01 663300                     /lib/x86_64-linux-gnu/libnsl-2.24.so
7fee76ff4000-7fee76ff5000 r--p 00015000 08:01 663300                     /lib/x86_64-linux-gnu/libnsl-2.24.so
7fee76ff5000-7fee76ff6000 rw-p 00016000 08:01 663300                     /lib/x86_64-linux-gnu/libnsl-2.24.so
7fee76ff6000-7fee76ff8000 rw-p 00000000 00:00 0 
7fee76ff8000-7fee77000000 r-xp 00000000 08:01 663301                     /lib/x86_64-linux-gnu/libnss_compat-2.24.so
7fee77000000-7fee771ff000 ---p 00008000 08:01 663301                     /lib/x86_64-linux-gnu/libnss_compat-2.24.so
7fee771ff000-7fee77200000 r--p 00007000 08:01 663301                     /lib/x86_64-linux-gnu/libnss_compat-2.24.so
7fee77200000-7fee77201000 rw-p 00008000 08:01 663301                     /lib/x86_64-linux-gnu/libnss_compat-2.24.so
7fee77201000-7fee7722c000 r-xp 00000000 08:01 2106508                    /usr/lib/jvm/java-8-oracle/jre/lib/amd64/libjava.so
7fee7722c000-7fee7742b000 ---p 0002b000 08:01 2106508                    /usr/lib/jvm/java-8-oracle/jre/lib/amd64/libjava.so
7fee7742b000-7fee7742d000 rw-p 0002a000 08:01 2106508                    /usr/lib/jvm/java-8-oracle/jre/lib/amd64/libjava.so
7fee7742d000-7fee7743a000 r-xp 00000000 08:01 2106459                    /usr/lib/jvm/java-8-oracle/jre/lib/amd64/libverify.so
7fee7743a000-7fee7763a000 ---p 0000d000 08:01 2106459                    /usr/lib/jvm/java-8-oracle/jre/lib/amd64/libverify.so
7fee7763a000-7fee7763c000 rw-p 0000d000 08:01 2106459                    /usr/lib/jvm/java-8-oracle/jre/lib/amd64/libverify.so
7fee7763c000-7fee77643000 r-xp 00000000 08:01 663310                     /lib/x86_64-linux-gnu/librt-2.24.so
7fee77643000-7fee77842000 ---p 00007000 08:01 663310                     /lib/x86_64-linux-gnu/librt-2.24.so
7fee77842000-7fee77843000 r--p 00006000 08:01 663310                     /lib/x86_64-linux-gnu/librt-2.24.so
7fee77843000-7fee77844000 rw-p 00007000 08:01 663310                     /lib/x86_64-linux-gnu/librt-2.24.so
7fee77844000-7fee7794c000 r-xp 00000000 08:01 663297                     /lib/x86_64-linux-gnu/libm-2.24.so
7fee7794c000-7fee77b4b000 ---p 00108000 08:01 663297                     /lib/x86_64-linux-gnu/libm-2.24.so
7fee77b4b000-7fee77b4c000 r--p 00107000 08:01 663297                     /lib/x86_64-linux-gnu/libm-2.24.so
7fee77b4c000-7fee77b4d000 rw-p 00108000 08:01 663297                     /lib/x86_64-linux-gnu/libm-2.24.so
7fee77b4d000-7fee78820000 r-xp 00000000 08:01 2106512                    /usr/lib/jvm/java-8-oracle/jre/lib/amd64/server/libjvm.so
7fee78820000-7fee78a1f000 ---p 00cd3000 08:01 2106512                    /usr/lib/jvm/java-8-oracle/jre/lib/amd64/server/libjvm.so
7fee78a1f000-7fee78af9000 rw-p 00cd2000 08:01 2106512                    /usr/lib/jvm/java-8-oracle/jre/lib/amd64/server/libjvm.so
7fee78af9000-7fee78b44000 rw-p 00000000 00:00 0 
7fee78b44000-7fee78d02000 r-xp 00000000 08:01 663293                     /lib/x86_64-linux-gnu/libc-2.24.so
7fee78d02000-7fee78f01000 ---p 001be000 08:01 663293                     /lib/x86_64-linux-gnu/libc-2.24.so
7fee78f01000-7fee78f05000 r--p 001bd000 08:01 663293                     /lib/x86_64-linux-gnu/libc-2.24.so
7fee78f05000-7fee78f07000 rw-p 001c1000 08:01 663293                     /lib/x86_64-linux-gnu/libc-2.24.so
7fee78f07000-7fee78f0b000 rw-p 00000000 00:00 0 
7fee78f0b000-7fee78f0e000 r-xp 00000000 08:01 663296                     /lib/x86_64-linux-gnu/libdl-2.24.so
7fee78f0e000-7fee7910d000 ---p 00003000 08:01 663296                     /lib/x86_64-linux-gnu/libdl-2.24.so
7fee7910d000-7fee7910e000 r--p 00002000 08:01 663296                     /lib/x86_64-linux-gnu/libdl-2.24.so
7fee7910e000-7fee7910f000 rw-p 00003000 08:01 663296                     /lib/x86_64-linux-gnu/libdl-2.24.so
7fee7910f000-7fee79124000 r-xp 00000000 08:01 1711533                    /usr/lib/jvm/java-8-oracle/lib/amd64/jli/libjli.so
7fee79124000-7fee79324000 ---p 00015000 08:01 1711533                    /usr/lib/jvm/java-8-oracle/lib/amd64/jli/libjli.so
7fee79324000-7fee79325000 rw-p 00015000 08:01 1711533                    /usr/lib/jvm/java-8-oracle/lib/amd64/jli/libjli.so
7fee79325000-7fee7933d000 r-xp 00000000 08:01 663308                     /lib/x86_64-linux-gnu/libpthread-2.24.so
7fee7933d000-7fee7953d000 ---p 00018000 08:01 663308                     /lib/x86_64-linux-gnu/libpthread-2.24.so
7fee7953d000-7fee7953e000 r--p 00018000 08:01 663308                     /lib/x86_64-linux-gnu/libpthread-2.24.so
7fee7953e000-7fee7953f000 rw-p 00019000 08:01 663308                     /lib/x86_64-linux-gnu/libpthread-2.24.so
7fee7953f000-7fee79543000 rw-p 00000000 00:00 0 
7fee79543000-7fee79569000 r-xp 00000000 08:01 663288                     /lib/x86_64-linux-gnu/ld-2.24.so
7fee79569000-7fee7963b000 rw-p 00000000 00:00 0 
7fee7963b000-7fee7963e000 ---p 00000000 00:00 0 
7fee7963e000-7fee7973e000 rw-p 00000000 00:00 0 
7fee7973e000-7fee79740000 r--s 00026000 08:01 2112586                    /usr/local/netbeans-8.1/java/maven/lib/maven-model-3.0.5.jar
7fee79740000-7fee79742000 r--s 0000b000 08:01 2112553                    /usr/local/netbeans-8.1/java/maven/lib/maven-plugin-api-3.0.5.jar
7fee79742000-7fee79743000 r--s 00006000 08:01 2112507                    /usr/local/netbeans-8.1/java/maven/lib/plexus-sec-dispatcher-1.3.jar
7fee79743000-7fee79745000 r--s 0000c000 08:01 2112471                    /usr/local/netbeans-8.1/java/maven/lib/maven-aether-provider-3.0.5.jar
7fee79745000-7fee79747000 r--s 0000a000 08:01 2112542                    /usr/local/netbeans-8.1/java/maven/boot/plexus-classworlds-2.4.jar
7fee79747000-7fee7975b000 rw-p 00000000 00:00 0 
7fee7975b000-7fee79763000 rw-s 00000000 08:01 2494586                    /tmp/hsperfdata_madunlap/26514
7fee79763000-7fee79764000 rw-p 00000000 00:00 0 
7fee79764000-7fee79765000 ---p 00000000 00:00 0 
7fee79765000-7fee79768000 rw-p 00000000 00:00 0 
7fee79768000-7fee79769000 r--p 00025000 08:01 663288                     /lib/x86_64-linux-gnu/ld-2.24.so
7fee79769000-7fee7976a000 rw-p 00026000 08:01 663288                     /lib/x86_64-linux-gnu/ld-2.24.so
7fee7976a000-7fee7976b000 rw-p 00000000 00:00 0 
7ffe9cf98000-7ffe9cfb9000 rw-p 00000000 00:00 0                          [stack]
7ffe9cfc9000-7ffe9cfcb000 r--p 00000000 00:00 0                          [vvar]
7ffe9cfcb000-7ffe9cfcd000 r-xp 00000000 00:00 0                          [vdso]
ffffffffff600000-ffffffffff601000 r-xp 00000000 00:00 0                  [vsyscall]

VM Arguments:
jvm_args: -Dclassworlds.conf=/usr/local/netbeans-8.1/java/maven/bin/m2.conf -Dmaven.home=/usr/local/netbeans-8.1/java/maven 
java_command: org.codehaus.plexus.classworlds.launcher.Launcher -Dmaven.ext.class.path=/usr/local/netbeans-8.1/java/maven-nblib/netbeans-eventspy.jar clean install
java_class_path (initial): /usr/local/netbeans-8.1/java/maven/boot/plexus-classworlds-2.4.jar
Launcher Type: SUN_STANDARD

Environment Variables:
JAVA_HOME=/usr/lib/jvm/java-8-oracle
PATH=/usr/local/sbin:/usr/local/bin:/usr/sbin:/usr/bin:/sbin:/bin:/usr/games:/usr/local/games:/snap/bin:/usr/lib/jvm/java-8-oracle/bin:/usr/lib/jvm/java-8-oracle/db/bin:/usr/lib/jvm/java-8-oracle/jre/bin
LD_LIBRARY_PATH=/usr/lib/jvm/java-8-oracle/jre/lib/amd64:/usr/lib/jvm/java-8-oracle/jre/lib/i386:
SHELL=/bin/bash
DISPLAY=:0

Signal Handlers:
SIGSEGV: [libjvm.so+0xacba10], sa_mask[0]=11111111011111111101111111111110, sa_flags=SA_RESTART|SA_SIGINFO
SIGBUS: [libjvm.so+0xacba10], sa_mask[0]=11111111011111111101111111111110, sa_flags=SA_RESTART|SA_SIGINFO
SIGFPE: [libjvm.so+0x924ba0], sa_mask[0]=11111111011111111101111111111110, sa_flags=SA_RESTART|SA_SIGINFO
SIGPIPE: [libjvm.so+0x924ba0], sa_mask[0]=11111111011111111101111111111110, sa_flags=SA_RESTART|SA_SIGINFO
SIGXFSZ: [libjvm.so+0x924ba0], sa_mask[0]=11111111011111111101111111111110, sa_flags=SA_RESTART|SA_SIGINFO
SIGILL: [libjvm.so+0x924ba0], sa_mask[0]=11111111011111111101111111111110, sa_flags=SA_RESTART|SA_SIGINFO
SIGUSR1: SIG_DFL, sa_mask[0]=00000000000000000000000000000000, sa_flags=none
SIGUSR2: [libjvm.so+0x9263e0], sa_mask[0]=00100000000000000000000000000000, sa_flags=SA_RESTART|SA_SIGINFO
SIGHUP: [libjvm.so+0x9277e0], sa_mask[0]=11111111011111111101111111111110, sa_flags=SA_RESTART|SA_SIGINFO
SIGINT: SIG_IGN, sa_mask[0]=00000000000000000000000000000000, sa_flags=none
SIGTERM: [libjvm.so+0x9277e0], sa_mask[0]=11111111011111111101111111111110, sa_flags=SA_RESTART|SA_SIGINFO
SIGQUIT: [libjvm.so+0x9277e0], sa_mask[0]=11111111011111111101111111111110, sa_flags=SA_RESTART|SA_SIGINFO


---------------  S Y S T E M  ---------------

OS:DISTRIB_ID=Ubuntu
DISTRIB_RELEASE=17.04
DISTRIB_CODENAME=zesty
DISTRIB_DESCRIPTION="Ubuntu 17.04"

uname:Linux 4.10.0-33-generic #37-Ubuntu SMP Fri Aug 11 10:55:28 UTC 2017 x86_64
libc:glibc 2.24 NPTL 2.24 
rlimit: STACK 8192k, CORE 0k, NPROC 15602, NOFILE 1048576, AS infinity
load average:0.63 0.26 0.19

/proc/meminfo:
MemTotal:        4039872 kB
MemFree:          124100 kB
MemAvailable:      44280 kB
Buffers:            2168 kB
Cached:            74656 kB
SwapCached:        14988 kB
Active:          3090620 kB
Inactive:         606256 kB
Active(anon):    3069952 kB
Inactive(anon):   585044 kB
Active(file):      20668 kB
Inactive(file):    21212 kB
Unevictable:          64 kB
Mlocked:              64 kB
SwapTotal:       2097148 kB
SwapFree:            220 kB
Dirty:              1008 kB
Writeback:             0 kB
AnonPages:       3606332 kB
Mapped:            66556 kB
Shmem:             34752 kB
Slab:              90664 kB
SReclaimable:      41884 kB
SUnreclaim:        48780 kB
KernelStack:       15392 kB
PageTables:        74724 kB
NFS_Unstable:          0 kB
Bounce:                0 kB
WritebackTmp:          0 kB
CommitLimit:     4117084 kB
Committed_AS:   10217716 kB
VmallocTotal:   34359738367 kB
VmallocUsed:           0 kB
VmallocChunk:          0 kB
HardwareCorrupted:     0 kB
AnonHugePages:   1277952 kB
ShmemHugePages:        0 kB
ShmemPmdMapped:        0 kB
CmaTotal:              0 kB
CmaFree:               0 kB
HugePages_Total:       0
HugePages_Free:        0
HugePages_Rsvd:        0
HugePages_Surp:        0
Hugepagesize:       2048 kB
DirectMap4k:      180144 kB
DirectMap2M:     4014080 kB


CPU:total 2 (initial active 2) (2 cores per cpu, 1 threads per core) family 6 model 70 stepping 1, cmov, cx8, fxsr, mmx, sse, sse2, sse3, ssse3, sse4.1, sse4.2, popcnt, avx, avx2, aes, clmul, erms, lzcnt, tsc, tscinvbit, bmi1, bmi2

/proc/cpuinfo:
processor	: 0
vendor_id	: GenuineIntel
cpu family	: 6
model		: 70
model name	: Intel(R) Core(TM) i7-4870HQ CPU @ 2.50GHz
stepping	: 1
microcode	: 0x13
cpu MHz		: 2494.226
cache size	: 6144 KB
physical id	: 0
siblings	: 2
core id		: 0
cpu cores	: 2
apicid		: 0
initial apicid	: 0
fpu		: yes
fpu_exception	: yes
cpuid level	: 13
wp		: yes
flags		: fpu vme de pse tsc msr pae mce cx8 apic sep mtrr pge mca cmov pat pse36 clflush mmx fxsr sse sse2 ss ht syscall nx rdtscp lm constant_tsc nopl xtopology nonstop_tsc pni pclmulqdq ssse3 fma cx16 pcid sse4_1 sse4_2 x2apic movbe popcnt tsc_deadline_timer aes xsave avx f16c rdrand hypervisor lahf_lm abm fsgsbase tsc_adjust bmi1 avx2 smep bmi2 invpcid xsaveopt dtherm arat pln pts
bugs		:
bogomips	: 4988.45
clflush size	: 64
cache_alignment	: 64
address sizes	: 36 bits physical, 48 bits virtual
power management:

processor	: 1
vendor_id	: GenuineIntel
cpu family	: 6
model		: 70
model name	: Intel(R) Core(TM) i7-4870HQ CPU @ 2.50GHz
stepping	: 1
microcode	: 0x13
cpu MHz		: 2494.226
cache size	: 6144 KB
physical id	: 0
siblings	: 2
core id		: 1
cpu cores	: 2
apicid		: 1
initial apicid	: 1
fpu		: yes
fpu_exception	: yes
cpuid level	: 13
wp		: yes
flags		: fpu vme de pse tsc msr pae mce cx8 apic sep mtrr pge mca cmov pat pse36 clflush mmx fxsr sse sse2 ss ht syscall nx rdtscp lm constant_tsc nopl xtopology nonstop_tsc pni pclmulqdq ssse3 fma cx16 pcid sse4_1 sse4_2 x2apic movbe popcnt tsc_deadline_timer aes xsave avx f16c rdrand hypervisor lahf_lm abm fsgsbase tsc_adjust bmi1 avx2 smep bmi2 invpcid xsaveopt dtherm arat pln pts
bugs		:
bogomips	: 4988.45
clflush size	: 64
cache_alignment	: 64
address sizes	: 36 bits physical, 48 bits virtual
power management:



Memory: 4k page, physical 4039872k(124100k free), swap 2097148k(220k free)

vm_info: Java HotSpot(TM) 64-Bit Server VM (25.144-b01) for linux-amd64 JRE (1.8.0_144-b01), built on Jul 21 2017 21:57:33 by "java_re" with gcc 4.3.0 20080428 (Red Hat 4.3.0-8)

time: Thu Aug 31 17:22:16 2017
elapsed time: 9 seconds (0d 0h 0m 9s)

