#
# There is insufficient memory for the Java Runtime Environment to continue.
# Native memory allocation (mmap) failed to map 66060288 bytes for committing reserved memory.
# Possible reasons:
#   The system is out of physical RAM or swap space
#   In 32 bit mode, the process size limit was hit
# Possible solutions:
#   Reduce memory load on the system
#   Increase physical memory or swap space
#   Check if swap backing store is full
#   Use 64 bit Java on a 64 bit OS
#   Decrease Java heap size (-Xmx/-Xms)
#   Decrease number of Java threads
#   Decrease Java thread stack sizes (-Xss)
#   Set larger code cache with -XX:ReservedCodeCacheSize=
# This output file may be truncated or incomplete.
#
#  Out of Memory Error (os_linux.cpp:2640), pid=28685, tid=0x00007fd1c99b5700
#
# JRE version:  (8.0_151-b12) (build )
# Java VM: Java HotSpot(TM) 64-Bit Server VM (25.151-b12 mixed mode linux-amd64 compressed oops)
# Failed to write core dump. Core dumps have been disabled. To enable core dumping, try "ulimit -c unlimited" before starting Java again
#

---------------  T H R E A D  ---------------

Current thread (0x00007fd1c000a000):  JavaThread "Unknown thread" [_thread_in_vm, id=28691, stack(0x00007fd1c98b5000,0x00007fd1c99b6000)]

Stack: [0x00007fd1c98b5000,0x00007fd1c99b6000],  sp=0x00007fd1c99b43c0,  free space=1020k
Native frames: (J=compiled Java code, j=interpreted, Vv=VM code, C=native code)
V  [libjvm.so+0xacb58a]  VMError::report_and_die()+0x2ba
V  [libjvm.so+0x4ff4ab]  report_vm_out_of_memory(char const*, int, unsigned long, VMErrorType, char const*)+0x8b
V  [libjvm.so+0x928113]  os::Linux::commit_memory_impl(char*, unsigned long, bool)+0x103
V  [libjvm.so+0x928669]  os::pd_commit_memory(char*, unsigned long, unsigned long, bool)+0x29
V  [libjvm.so+0x92288a]  os::commit_memory(char*, unsigned long, unsigned long, bool)+0x2a
V  [libjvm.so+0x9973e3]  PSVirtualSpace::expand_by(unsigned long)+0x53
V  [libjvm.so+0x9874f7]  PSOldGen::initialize(ReservedSpace, unsigned long, char const*, int)+0xb7
V  [libjvm.so+0x2dac3a]  AdjoiningGenerations::AdjoiningGenerations(ReservedSpace, GenerationSizer*, unsigned long)+0x39a
V  [libjvm.so+0x94b796]  ParallelScavengeHeap::initialize()+0x1d6
V  [libjvm.so+0xa93603]  Universe::initialize_heap()+0xf3
V  [libjvm.so+0xa93b6e]  universe_init()+0x3e
V  [libjvm.so+0x640545]  init_globals()+0x65
V  [libjvm.so+0xa7725e]  Threads::create_vm(JavaVMInitArgs*, bool*)+0x23e
V  [libjvm.so+0x6d4e44]  JNI_CreateJavaVM+0x74
C  [libjli.so+0x797e]  JavaMain+0x9e
C  [libpthread.so.0+0x76da]  start_thread+0xca


---------------  P R O C E S S  ---------------

Java Threads: ( => current thread )

Other Threads:

=>0x00007fd1c000a000 (exited) JavaThread "Unknown thread" [_thread_in_vm, id=28691, stack(0x00007fd1c98b5000,0x00007fd1c99b6000)]

VM state:not at safepoint (not fully initialized)

VM Mutex/Monitor currently owned by a thread: None

GC Heap History (0 events):
No events

Deoptimization events (0 events):
No events

Internal exceptions (0 events):
No events

Events (0 events):
No events


Dynamic libraries:
00400000-00401000 r-xp 00000000 08:01 2106513                            /usr/lib/jvm/java-8-oracle/bin/java
00600000-00601000 rw-p 00000000 08:01 2106513                            /usr/lib/jvm/java-8-oracle/bin/java
023e1000-02402000 rw-p 00000000 00:00 0                                  [heap]
a6b00000-e0f00000 ---p 00000000 00:00 0 
e0f00000-e2e00000 rw-p 00000000 00:00 0 
e2e00000-100000000 ---p 00000000 00:00 0 
7fd1b1000000-7fd1b1270000 rwxp 00000000 00:00 0 
7fd1b1270000-7fd1c0000000 ---p 00000000 00:00 0 
7fd1c0000000-7fd1c0034000 rw-p 00000000 00:00 0 
7fd1c0034000-7fd1c4000000 ---p 00000000 00:00 0 
7fd1c60ed000-7fd1c6374000 rw-p 00000000 00:00 0 
7fd1c6374000-7fd1c6565000 ---p 00000000 00:00 0 
7fd1c6565000-7fd1c6575000 rw-p 00000000 00:00 0 
7fd1c6575000-7fd1c665e000 ---p 00000000 00:00 0 
7fd1c665e000-7fd1c6669000 rw-p 00000000 00:00 0 
7fd1c6669000-7fd1c6a1f000 ---p 00000000 00:00 0 
7fd1c6a1f000-7fd1c6a3a000 r-xp 00000000 08:01 2233347                    /usr/lib/jvm/java-8-oracle/jre/lib/amd64/libzip.so
7fd1c6a3a000-7fd1c6c3a000 ---p 0001b000 08:01 2233347                    /usr/lib/jvm/java-8-oracle/jre/lib/amd64/libzip.so
7fd1c6c3a000-7fd1c6c3b000 rw-p 0001b000 08:01 2233347                    /usr/lib/jvm/java-8-oracle/jre/lib/amd64/libzip.so
7fd1c6c3b000-7fd1c6c46000 r-xp 00000000 08:01 663303                     /lib/x86_64-linux-gnu/libnss_files-2.24.so
7fd1c6c46000-7fd1c6e45000 ---p 0000b000 08:01 663303                     /lib/x86_64-linux-gnu/libnss_files-2.24.so
7fd1c6e45000-7fd1c6e46000 r--p 0000a000 08:01 663303                     /lib/x86_64-linux-gnu/libnss_files-2.24.so
7fd1c6e46000-7fd1c6e47000 rw-p 0000b000 08:01 663303                     /lib/x86_64-linux-gnu/libnss_files-2.24.so
7fd1c6e47000-7fd1c6e4d000 rw-p 00000000 00:00 0 
7fd1c6e4d000-7fd1c6e58000 r-xp 00000000 08:01 663305                     /lib/x86_64-linux-gnu/libnss_nis-2.24.so
7fd1c6e58000-7fd1c7057000 ---p 0000b000 08:01 663305                     /lib/x86_64-linux-gnu/libnss_nis-2.24.so
7fd1c7057000-7fd1c7058000 r--p 0000a000 08:01 663305                     /lib/x86_64-linux-gnu/libnss_nis-2.24.so
7fd1c7058000-7fd1c7059000 rw-p 0000b000 08:01 663305                     /lib/x86_64-linux-gnu/libnss_nis-2.24.so
7fd1c7059000-7fd1c706f000 r-xp 00000000 08:01 663300                     /lib/x86_64-linux-gnu/libnsl-2.24.so
7fd1c706f000-7fd1c726e000 ---p 00016000 08:01 663300                     /lib/x86_64-linux-gnu/libnsl-2.24.so
7fd1c726e000-7fd1c726f000 r--p 00015000 08:01 663300                     /lib/x86_64-linux-gnu/libnsl-2.24.so
7fd1c726f000-7fd1c7270000 rw-p 00016000 08:01 663300                     /lib/x86_64-linux-gnu/libnsl-2.24.so
7fd1c7270000-7fd1c7272000 rw-p 00000000 00:00 0 
7fd1c7272000-7fd1c727a000 r-xp 00000000 08:01 663301                     /lib/x86_64-linux-gnu/libnss_compat-2.24.so
7fd1c727a000-7fd1c7479000 ---p 00008000 08:01 663301                     /lib/x86_64-linux-gnu/libnss_compat-2.24.so
7fd1c7479000-7fd1c747a000 r--p 00007000 08:01 663301                     /lib/x86_64-linux-gnu/libnss_compat-2.24.so
7fd1c747a000-7fd1c747b000 rw-p 00008000 08:01 663301                     /lib/x86_64-linux-gnu/libnss_compat-2.24.so
7fd1c747b000-7fd1c74a6000 r-xp 00000000 08:01 2233341                    /usr/lib/jvm/java-8-oracle/jre/lib/amd64/libjava.so
7fd1c74a6000-7fd1c76a5000 ---p 0002b000 08:01 2233341                    /usr/lib/jvm/java-8-oracle/jre/lib/amd64/libjava.so
7fd1c76a5000-7fd1c76a7000 rw-p 0002a000 08:01 2233341                    /usr/lib/jvm/java-8-oracle/jre/lib/amd64/libjava.so
7fd1c76a7000-7fd1c76b4000 r-xp 00000000 08:01 2233346                    /usr/lib/jvm/java-8-oracle/jre/lib/amd64/libverify.so
7fd1c76b4000-7fd1c78b4000 ---p 0000d000 08:01 2233346                    /usr/lib/jvm/java-8-oracle/jre/lib/amd64/libverify.so
7fd1c78b4000-7fd1c78b6000 rw-p 0000d000 08:01 2233346                    /usr/lib/jvm/java-8-oracle/jre/lib/amd64/libverify.so
7fd1c78b6000-7fd1c78bd000 r-xp 00000000 08:01 663310                     /lib/x86_64-linux-gnu/librt-2.24.so
7fd1c78bd000-7fd1c7abc000 ---p 00007000 08:01 663310                     /lib/x86_64-linux-gnu/librt-2.24.so
7fd1c7abc000-7fd1c7abd000 r--p 00006000 08:01 663310                     /lib/x86_64-linux-gnu/librt-2.24.so
7fd1c7abd000-7fd1c7abe000 rw-p 00007000 08:01 663310                     /lib/x86_64-linux-gnu/librt-2.24.so
7fd1c7abe000-7fd1c7bc6000 r-xp 00000000 08:01 663297                     /lib/x86_64-linux-gnu/libm-2.24.so
7fd1c7bc6000-7fd1c7dc5000 ---p 00108000 08:01 663297                     /lib/x86_64-linux-gnu/libm-2.24.so
7fd1c7dc5000-7fd1c7dc6000 r--p 00107000 08:01 663297                     /lib/x86_64-linux-gnu/libm-2.24.so
7fd1c7dc6000-7fd1c7dc7000 rw-p 00108000 08:01 663297                     /lib/x86_64-linux-gnu/libm-2.24.so
7fd1c7dc7000-7fd1c8a9a000 r-xp 00000000 08:01 2233324                    /usr/lib/jvm/java-8-oracle/jre/lib/amd64/server/libjvm.so
7fd1c8a9a000-7fd1c8c99000 ---p 00cd3000 08:01 2233324                    /usr/lib/jvm/java-8-oracle/jre/lib/amd64/server/libjvm.so
7fd1c8c99000-7fd1c8d73000 rw-p 00cd2000 08:01 2233324                    /usr/lib/jvm/java-8-oracle/jre/lib/amd64/server/libjvm.so
7fd1c8d73000-7fd1c8dbe000 rw-p 00000000 00:00 0 
7fd1c8dbe000-7fd1c8f7c000 r-xp 00000000 08:01 663293                     /lib/x86_64-linux-gnu/libc-2.24.so
7fd1c8f7c000-7fd1c917b000 ---p 001be000 08:01 663293                     /lib/x86_64-linux-gnu/libc-2.24.so
7fd1c917b000-7fd1c917f000 r--p 001bd000 08:01 663293                     /lib/x86_64-linux-gnu/libc-2.24.so
7fd1c917f000-7fd1c9181000 rw-p 001c1000 08:01 663293                     /lib/x86_64-linux-gnu/libc-2.24.so
7fd1c9181000-7fd1c9185000 rw-p 00000000 00:00 0 
7fd1c9185000-7fd1c9188000 r-xp 00000000 08:01 663296                     /lib/x86_64-linux-gnu/libdl-2.24.so
7fd1c9188000-7fd1c9387000 ---p 00003000 08:01 663296                     /lib/x86_64-linux-gnu/libdl-2.24.so
7fd1c9387000-7fd1c9388000 r--p 00002000 08:01 663296                     /lib/x86_64-linux-gnu/libdl-2.24.so
7fd1c9388000-7fd1c9389000 rw-p 00003000 08:01 663296                     /lib/x86_64-linux-gnu/libdl-2.24.so
7fd1c9389000-7fd1c939f000 r-xp 00000000 08:01 2232954                    /usr/lib/jvm/java-8-oracle/lib/amd64/jli/libjli.so
7fd1c939f000-7fd1c959e000 ---p 00016000 08:01 2232954                    /usr/lib/jvm/java-8-oracle/lib/amd64/jli/libjli.so
7fd1c959e000-7fd1c959f000 rw-p 00015000 08:01 2232954                    /usr/lib/jvm/java-8-oracle/lib/amd64/jli/libjli.so
7fd1c959f000-7fd1c95b7000 r-xp 00000000 08:01 663308                     /lib/x86_64-linux-gnu/libpthread-2.24.so
7fd1c95b7000-7fd1c97b7000 ---p 00018000 08:01 663308                     /lib/x86_64-linux-gnu/libpthread-2.24.so
7fd1c97b7000-7fd1c97b8000 r--p 00018000 08:01 663308                     /lib/x86_64-linux-gnu/libpthread-2.24.so
7fd1c97b8000-7fd1c97b9000 rw-p 00019000 08:01 663308                     /lib/x86_64-linux-gnu/libpthread-2.24.so
7fd1c97b9000-7fd1c97bd000 rw-p 00000000 00:00 0 
7fd1c97bd000-7fd1c97e3000 r-xp 00000000 08:01 663288                     /lib/x86_64-linux-gnu/ld-2.24.so
7fd1c98b5000-7fd1c98b8000 ---p 00000000 00:00 0 
7fd1c98b8000-7fd1c99b8000 rw-p 00000000 00:00 0 
7fd1c99d5000-7fd1c99dd000 rw-s 00000000 08:01 1314775                    /tmp/hsperfdata_madunlap/28685
7fd1c99dd000-7fd1c99de000 rw-p 00000000 00:00 0 
7fd1c99de000-7fd1c99df000 r--p 00000000 00:00 0 
7fd1c99df000-7fd1c99e2000 rw-p 00000000 00:00 0 
7fd1c99e2000-7fd1c99e3000 r--p 00025000 08:01 663288                     /lib/x86_64-linux-gnu/ld-2.24.so
7fd1c99e3000-7fd1c99e4000 rw-p 00026000 08:01 663288                     /lib/x86_64-linux-gnu/ld-2.24.so
7fd1c99e4000-7fd1c99e5000 rw-p 00000000 00:00 0 
7ffcecf58000-7ffcecf79000 rw-p 00000000 00:00 0                          [stack]
7ffcecfd7000-7ffcecfd9000 r--p 00000000 00:00 0                          [vvar]
7ffcecfd9000-7ffcecfdb000 r-xp 00000000 00:00 0                          [vdso]
ffffffffff600000-ffffffffff601000 r-xp 00000000 00:00 0                  [vsyscall]

VM Arguments:
jvm_args: -Dclassworlds.conf=/usr/local/netbeans-8.1/java/maven/bin/m2.conf -Dmaven.home=/usr/local/netbeans-8.1/java/maven 
java_command: org.codehaus.plexus.classworlds.launcher.Launcher -Dmaven.ext.class.path=/usr/local/netbeans-8.1/java/maven-nblib/netbeans-eventspy.jar clean install
java_class_path (initial): /usr/local/netbeans-8.1/java/maven/boot/plexus-classworlds-2.4.jar
Launcher Type: SUN_STANDARD

Environment Variables:
JAVA_HOME=/usr/lib/jvm/java-8-oracle
PATH=/home/madunlap/bin:/usr/local/sbin:/usr/local/bin:/usr/sbin:/usr/bin:/sbin:/bin:/usr/games:/usr/local/games:/snap/bin:/usr/lib/jvm/java-8-oracle/bin:/usr/lib/jvm/java-8-oracle/db/bin:/usr/lib/jvm/java-8-oracle/jre/bin
LD_LIBRARY_PATH=/usr/lib/jvm/java-8-oracle/jre/lib/amd64:/usr/lib/jvm/java-8-oracle/jre/lib/i386:
SHELL=/bin/bash
DISPLAY=:0

Signal Handlers:
SIGSEGV: [libjvm.so+0xacbe10], sa_mask[0]=11111111011111111101111111111110, sa_flags=SA_RESTART|SA_SIGINFO
SIGBUS: [libjvm.so+0xacbe10], sa_mask[0]=11111111011111111101111111111110, sa_flags=SA_RESTART|SA_SIGINFO
SIGFPE: [libjvm.so+0x924f90], sa_mask[0]=11111111011111111101111111111110, sa_flags=SA_RESTART|SA_SIGINFO
SIGPIPE: [libjvm.so+0x924f90], sa_mask[0]=11111111011111111101111111111110, sa_flags=SA_RESTART|SA_SIGINFO
SIGXFSZ: [libjvm.so+0x924f90], sa_mask[0]=11111111011111111101111111111110, sa_flags=SA_RESTART|SA_SIGINFO
SIGILL: [libjvm.so+0x924f90], sa_mask[0]=11111111011111111101111111111110, sa_flags=SA_RESTART|SA_SIGINFO
SIGUSR1: SIG_DFL, sa_mask[0]=00000000000000000000000000000000, sa_flags=none
SIGUSR2: [libjvm.so+0x9267d0], sa_mask[0]=00100000000000000000000000000000, sa_flags=SA_RESTART|SA_SIGINFO
SIGHUP: SIG_DFL, sa_mask[0]=00000000000000000000000000000000, sa_flags=none
SIGINT: SIG_IGN, sa_mask[0]=00000000000000000000000000000000, sa_flags=none
SIGTERM: SIG_DFL, sa_mask[0]=00000000000000000000000000000000, sa_flags=none
SIGQUIT: SIG_DFL, sa_mask[0]=00000000000000000000000000000000, sa_flags=none


---------------  S Y S T E M  ---------------

OS:DISTRIB_ID=Ubuntu
DISTRIB_RELEASE=17.04
DISTRIB_CODENAME=zesty
DISTRIB_DESCRIPTION="Ubuntu 17.04"

uname:Linux 4.10.0-38-generic #42-Ubuntu SMP Tue Oct 10 13:24:27 UTC 2017 x86_64
libc:glibc 2.24 NPTL 2.24 
rlimit: STACK 8192k, CORE 0k, NPROC 23666, NOFILE 1048576, AS infinity
load average:2.84 2.48 2.11

/proc/meminfo:
MemTotal:        6104256 kB
MemFree:          103432 kB
MemAvailable:       7420 kB
Buffers:            2636 kB
Cached:            63312 kB
SwapCached:         1792 kB
Active:          5179160 kB
Inactive:         545412 kB
Active(anon):    5168464 kB
Inactive(anon):   534904 kB
Active(file):      10696 kB
Inactive(file):    10508 kB
Unevictable:          32 kB
Mlocked:              32 kB
SwapTotal:       2097148 kB
SwapFree:              0 kB
Dirty:                88 kB
Writeback:             0 kB
AnonPages:       5658684 kB
Mapped:            22172 kB
Shmem:             44524 kB
Slab:             104644 kB
SReclaimable:      46588 kB
SUnreclaim:        58056 kB
KernelStack:       19200 kB
PageTables:        96756 kB
NFS_Unstable:          0 kB
Bounce:                0 kB
WritebackTmp:          0 kB
CommitLimit:     5149276 kB
Committed_AS:   14299624 kB
VmallocTotal:   34359738367 kB
VmallocUsed:           0 kB
VmallocChunk:          0 kB
HardwareCorrupted:     0 kB
AnonHugePages:   1828864 kB
ShmemHugePages:        0 kB
ShmemPmdMapped:        0 kB
CmaTotal:              0 kB
CmaFree:               0 kB
HugePages_Total:       0
HugePages_Free:        0
HugePages_Rsvd:        0
HugePages_Surp:        0
Hugepagesize:       2048 kB
DirectMap4k:      223152 kB
DirectMap2M:     6068224 kB


CPU:total 2 (initial active 2) (2 cores per cpu, 1 threads per core) family 6 model 70 stepping 1, cmov, cx8, fxsr, mmx, sse, sse2, sse3, ssse3, sse4.1, sse4.2, popcnt, avx, avx2, aes, clmul, erms, lzcnt, tsc, tscinvbit, bmi1, bmi2

/proc/cpuinfo:
processor	: 0
vendor_id	: GenuineIntel
cpu family	: 6
model		: 70
model name	: Intel(R) Core(TM) i7-4870HQ CPU @ 2.50GHz
stepping	: 1
microcode	: 0x13
cpu MHz		: 2494.226
cache size	: 6144 KB
physical id	: 0
siblings	: 2
core id		: 0
cpu cores	: 2
apicid		: 0
initial apicid	: 0
fpu		: yes
fpu_exception	: yes
cpuid level	: 13
wp		: yes
flags		: fpu vme de pse tsc msr pae mce cx8 apic sep mtrr pge mca cmov pat pse36 clflush mmx fxsr sse sse2 ss ht syscall nx rdtscp lm constant_tsc nopl xtopology nonstop_tsc pni pclmulqdq ssse3 fma cx16 pcid sse4_1 sse4_2 x2apic movbe popcnt tsc_deadline_timer aes xsave avx f16c rdrand hypervisor lahf_lm abm fsgsbase tsc_adjust bmi1 avx2 smep bmi2 invpcid xsaveopt dtherm arat pln pts
bugs		:
bogomips	: 4988.45
clflush size	: 64
cache_alignment	: 64
address sizes	: 36 bits physical, 48 bits virtual
power management:

processor	: 1
vendor_id	: GenuineIntel
cpu family	: 6
model		: 70
model name	: Intel(R) Core(TM) i7-4870HQ CPU @ 2.50GHz
stepping	: 1
microcode	: 0x13
cpu MHz		: 2494.226
cache size	: 6144 KB
physical id	: 0
siblings	: 2
core id		: 1
cpu cores	: 2
apicid		: 1
initial apicid	: 1
fpu		: yes
fpu_exception	: yes
cpuid level	: 13
wp		: yes
flags		: fpu vme de pse tsc msr pae mce cx8 apic sep mtrr pge mca cmov pat pse36 clflush mmx fxsr sse sse2 ss ht syscall nx rdtscp lm constant_tsc nopl xtopology nonstop_tsc pni pclmulqdq ssse3 fma cx16 pcid sse4_1 sse4_2 x2apic movbe popcnt tsc_deadline_timer aes xsave avx f16c rdrand hypervisor lahf_lm abm fsgsbase tsc_adjust bmi1 avx2 smep bmi2 invpcid xsaveopt dtherm arat pln pts
bugs		:
bogomips	: 4988.45
clflush size	: 64
cache_alignment	: 64
address sizes	: 36 bits physical, 48 bits virtual
power management:



Memory: 4k page, physical 6104256k(103532k free), swap 2097148k(0k free)

vm_info: Java HotSpot(TM) 64-Bit Server VM (25.151-b12) for linux-amd64 JRE (1.8.0_151-b12), built on Sep  5 2017 19:20:58 by "java_re" with gcc 4.3.0 20080428 (Red Hat 4.3.0-8)

time: Thu Nov 16 15:22:55 2017
elapsed time: 0 seconds (0d 0h 0m 0s)

