#
# There is insufficient memory for the Java Runtime Environment to continue.
# Native memory allocation (mmap) failed to map 123207680 bytes for committing reserved memory.
# Possible reasons:
#   The system is out of physical RAM or swap space
#   In 32 bit mode, the process size limit was hit
# Possible solutions:
#   Reduce memory load on the system
#   Increase physical memory or swap space
#   Check if swap backing store is full
#   Use 64 bit Java on a 64 bit OS
#   Decrease Java heap size (-Xmx/-Xms)
#   Decrease number of Java threads
#   Decrease Java thread stack sizes (-Xss)
#   Set larger code cache with -XX:ReservedCodeCacheSize=
# This output file may be truncated or incomplete.
#
#  Out of Memory Error (os_linux.cpp:2640), pid=13164, tid=0x00007f49ae218700
#
# JRE version: Java(TM) SE Runtime Environment (8.0_144-b01) (build 1.8.0_144-b01)
# Java VM: Java HotSpot(TM) 64-Bit Server VM (25.144-b01 mixed mode linux-amd64 compressed oops)
# Failed to write core dump. Core dumps have been disabled. To enable core dumping, try "ulimit -c unlimited" before starting Java again
#

---------------  T H R E A D  ---------------

Current thread (0x00007f49c00fc000):  VMThread [stack: 0x00007f49ae118000,0x00007f49ae219000] [id=13168]

Stack: [0x00007f49ae118000,0x00007f49ae219000],  sp=0x00007f49ae217000,  free space=1020k
Native frames: (J=compiled Java code, j=interpreted, Vv=VM code, C=native code)
V  [libjvm.so+0xacb18a]  VMError::report_and_die()+0x2ba
V  [libjvm.so+0x4ff4db]  report_vm_out_of_memory(char const*, int, unsigned long, VMErrorType, char const*)+0x8b
V  [libjvm.so+0x927d23]  os::Linux::commit_memory_impl(char*, unsigned long, bool)+0x103
V  [libjvm.so+0x928279]  os::pd_commit_memory(char*, unsigned long, unsigned long, bool)+0x29
V  [libjvm.so+0x92249a]  os::commit_memory(char*, unsigned long, unsigned long, bool)+0x2a
V  [libjvm.so+0x996ff3]  PSVirtualSpace::expand_by(unsigned long)+0x53
V  [libjvm.so+0x9983f8]  PSYoungGen::resize_generation(unsigned long, unsigned long)+0xf8
V  [libjvm.so+0x997552]  PSYoungGen::resize(unsigned long, unsigned long)+0x22
V  [libjvm.so+0x99482b]  PSScavenge::invoke_no_policy()+0xf3b
V  [libjvm.so+0x98fad5]  PSParallelCompact::invoke(bool)+0x85
V  [libjvm.so+0x485f14]  CollectedHeap::collect_as_vm_thread(GCCause::Cause)+0x114
V  [libjvm.so+0xacc601]  VM_CollectForMetadataAllocation::doit()+0x161
V  [libjvm.so+0xad4685]  VM_Operation::evaluate()+0x55
V  [libjvm.so+0xad2a5a]  VMThread::evaluate_operation(VM_Operation*)+0xba
V  [libjvm.so+0xad2dde]  VMThread::loop()+0x1ce
V  [libjvm.so+0xad3250]  VMThread::run()+0x70
V  [libjvm.so+0x92a338]  java_start(Thread*)+0x108

VM_Operation (0x00007f49c80db480): CollectForMetadataAllocation, mode: safepoint, requested by thread 0x00007f49c000b000


---------------  P R O C E S S  ---------------

Java Threads: ( => current thread )
  0x00007f49c0845800 JavaThread "Service Thread" daemon [_thread_blocked, id=13178, stack(0x00007f49acad3000,0x00007f49acbd4000)]
  0x00007f49c0841000 JavaThread "C1 CompilerThread1" daemon [_thread_blocked, id=13177, stack(0x00007f49acbd4000,0x00007f49accd5000)]
  0x00007f49c082b000 JavaThread "C2 CompilerThread0" daemon [_thread_blocked, id=13176, stack(0x00007f49accd5000,0x00007f49acdd6000)]
  0x00007f49c013b800 JavaThread "Signal Dispatcher" daemon [_thread_blocked, id=13174, stack(0x00007f49adb3a000,0x00007f49adc3b000)]
  0x00007f49c0108000 JavaThread "Finalizer" daemon [_thread_blocked, id=13170, stack(0x00007f49adf16000,0x00007f49ae017000)]
  0x00007f49c0103800 JavaThread "Reference Handler" daemon [_thread_blocked, id=13169, stack(0x00007f49ae017000,0x00007f49ae118000)]
  0x00007f49c000b000 JavaThread "main" [_thread_blocked, id=13165, stack(0x00007f49c7fe0000,0x00007f49c80e1000)]

Other Threads:
=>0x00007f49c00fc000 VMThread [stack: 0x00007f49ae118000,0x00007f49ae219000] [id=13168]
  0x00007f49c0878000 WatcherThread [stack: 0x00007f49ac9d2000,0x00007f49acad3000] [id=13179]

VM state:at safepoint (normal execution)

VM Mutex/Monitor currently owned by a thread:  ([mutex/lock_event])
[0x00007f49c00072e0] Threads_lock - owner thread: 0x00007f49c00fc000
[0x00007f49c00077e0] Heap_lock - owner thread: 0x00007f49c000b000

Heap:
 PSYoungGen      total 207360K, used 2204K [0x00000000eb700000, 0x00000000f8700000, 0x0000000100000000)
  eden space 201728K, 0% used [0x00000000eb700000,0x00000000eb700000,0x00000000f7c00000)
  from space 5632K, 39% used [0x00000000f7c00000,0x00000000f7e272c8,0x00000000f8180000)
  to   space 5632K, 0% used [0x00000000f8180000,0x00000000f8180000,0x00000000f8700000)
 ParOldGen       total 42496K, used 6557K [0x00000000c2400000, 0x00000000c4d80000, 0x00000000eb700000)
  object space 42496K, 15% used [0x00000000c2400000,0x00000000c2a67648,0x00000000c4d80000)
 Metaspace       used 20800K, capacity 21040K, committed 21248K, reserved 1069056K
  class space    used 2195K, capacity 2266K, committed 2304K, reserved 1048576K

Card table byte_map: [0x00007f49c4992000,0x00007f49c4b81000] byte_map_base: 0x00007f49c4380000

Marking Bits: (ParMarkBitMap*) 0x00007f49c74bbdc0
 Begin Bits: [0x00007f49af120000, 0x00007f49b0090000)
 End Bits:   [0x00007f49b0090000, 0x00007f49b1000000)

Polling page: 0x00007f49c8109000

CodeCache: size=245760Kb used=8446Kb max_used=8456Kb free=237313Kb
 bounds [0x00007f49b1000000, 0x00007f49b1850000, 0x00007f49c0000000]
 total_blobs=3050 nmethods=2643 adapters=320
 compilation: enabled

Compilation events (10 events):
Event: 4.766 Thread 0x00007f49c082b000 2551       4       java.lang.String::<init> (10 bytes)
Event: 4.766 Thread 0x00007f49c082b000 nmethod 2551 0x00007f49b183b050 code [0x00007f49b183b1a0, 0x00007f49b183b218]
Event: 4.766 Thread 0x00007f49c082b000 2515  s    4       java.util.Vector::addElement (38 bytes)
Event: 4.769 Thread 0x00007f49c082b000 nmethod 2515 0x00007f49b1840a10 code [0x00007f49b1840b80, 0x00007f49b1840f48]
Event: 4.769 Thread 0x00007f49c082b000 2606       4       org.jacoco.agent.rt.internal_b0d6a23.asm.tree.LabelNode::<init> (6 bytes)
Event: 4.769 Thread 0x00007f49c082b000 nmethod 2606 0x00007f49b18411d0 code [0x00007f49b1841320, 0x00007f49b1841398]
Event: 4.769 Thread 0x00007f49c082b000 2650       4       org.jacoco.agent.rt.internal_b0d6a23.asm.tree.InsnNode::<init> (6 bytes)
Event: 4.769 Thread 0x00007f49c082b000 nmethod 2650 0x00007f49b183ae10 code [0x00007f49b183af60, 0x00007f49b183afd8]
Event: 4.769 Thread 0x00007f49c082b000 2609       4       org.jacoco.agent.rt.internal_b0d6a23.asm.tree.MethodInsnNode::<init> (28 bytes)
Event: 4.769 Thread 0x00007f49c082b000 nmethod 2609 0x00007f49b183ab50 code [0x00007f49b183aca0, 0x00007f49b183ad38]

GC Heap History (10 events):
Event: 2.321 GC heap after
Heap after GC invocations=6 (full 0):
 PSYoungGen      total 66560K, used 3572K [0x00000000eb700000, 0x00000000efd00000, 0x0000000100000000)
  eden space 62976K, 0% used [0x00000000eb700000,0x00000000eb700000,0x00000000ef480000)
  from space 3584K, 99% used [0x00000000ef880000,0x00000000efbfd208,0x00000000efc00000)
  to   space 4096K, 0% used [0x00000000ef480000,0x00000000ef480000,0x00000000ef880000)
 ParOldGen       total 42496K, used 1040K [0x00000000c2400000, 0x00000000c4d80000, 0x00000000eb700000)
  object space 42496K, 2% used [0x00000000c2400000,0x00000000c25040e0,0x00000000c4d80000)
 Metaspace       used 12598K, capacity 12828K, committed 13184K, reserved 1060864K
  class space    used 1245K, capacity 1324K, committed 1408K, reserved 1048576K
}
Event: 2.770 GC heap before
{Heap before GC invocations=7 (full 0):
 PSYoungGen      total 66560K, used 66548K [0x00000000eb700000, 0x00000000efd00000, 0x0000000100000000)
  eden space 62976K, 100% used [0x00000000eb700000,0x00000000ef480000,0x00000000ef480000)
  from space 3584K, 99% used [0x00000000ef880000,0x00000000efbfd208,0x00000000efc00000)
  to   space 4096K, 0% used [0x00000000ef480000,0x00000000ef480000,0x00000000ef880000)
 ParOldGen       total 42496K, used 1040K [0x00000000c2400000, 0x00000000c4d80000, 0x00000000eb700000)
  object space 42496K, 2% used [0x00000000c2400000,0x00000000c25040e0,0x00000000c4d80000)
 Metaspace       used 14936K, capacity 15182K, committed 15488K, reserved 1062912K
  class space    used 1536K, capacity 1615K, committed 1664K, reserved 1048576K
Event: 2.790 GC heap after
Heap after GC invocations=7 (full 0):
 PSYoungGen      total 67072K, used 4073K [0x00000000eb700000, 0x00000000f3d00000, 0x0000000100000000)
  eden space 62976K, 0% used [0x00000000eb700000,0x00000000eb700000,0x00000000ef480000)
  from space 4096K, 99% used [0x00000000ef480000,0x00000000ef87a4f0,0x00000000ef880000)
  to   space 5632K, 0% used [0x00000000f3780000,0x00000000f3780000,0x00000000f3d00000)
 ParOldGen       total 42496K, used 2593K [0x00000000c2400000, 0x00000000c4d80000, 0x00000000eb700000)
  object space 42496K, 6% used [0x00000000c2400000,0x00000000c2688510,0x00000000c4d80000)
 Metaspace       used 14936K, capacity 15182K, committed 15488K, reserved 1062912K
  class space    used 1536K, capacity 1615K, committed 1664K, reserved 1048576K
}
Event: 3.085 GC heap before
{Heap before GC invocations=8 (full 0):
 PSYoungGen      total 67072K, used 66997K [0x00000000eb700000, 0x00000000f3d00000, 0x0000000100000000)
  eden space 62976K, 99% used [0x00000000eb700000,0x00000000ef473120,0x00000000ef480000)
  from space 4096K, 99% used [0x00000000ef480000,0x00000000ef87a4f0,0x00000000ef880000)
  to   space 5632K, 0% used [0x00000000f3780000,0x00000000f3780000,0x00000000f3d00000)
 ParOldGen       total 42496K, used 2593K [0x00000000c2400000, 0x00000000c4d80000, 0x00000000eb700000)
  object space 42496K, 6% used [0x00000000c2400000,0x00000000c2688510,0x00000000c4d80000)
 Metaspace       used 15871K, capacity 16116K, committed 16384K, reserved 1064960K
  class space    used 1619K, capacity 1712K, committed 1792K, reserved 1048576K
Event: 3.090 GC heap after
Heap after GC invocations=8 (full 0):
 PSYoungGen      total 130560K, used 3253K [0x00000000eb700000, 0x00000000f3c00000, 0x0000000100000000)
  eden space 125952K, 0% used [0x00000000eb700000,0x00000000eb700000,0x00000000f3200000)
  from space 4608K, 70% used [0x00000000f3780000,0x00000000f3aad498,0x00000000f3c00000)
  to   space 5120K, 0% used [0x00000000f3200000,0x00000000f3200000,0x00000000f3700000)
 ParOldGen       total 42496K, used 2905K [0x00000000c2400000, 0x00000000c4d80000, 0x00000000eb700000)
  object space 42496K, 6% used [0x00000000c2400000,0x00000000c26d6510,0x00000000c4d80000)
 Metaspace       used 15871K, capacity 16116K, committed 16384K, reserved 1064960K
  class space    used 1619K, capacity 1712K, committed 1792K, reserved 1048576K
}
Event: 3.238 GC heap before
{Heap before GC invocations=9 (full 0):
 PSYoungGen      total 130560K, used 129059K [0x00000000eb700000, 0x00000000f3c00000, 0x0000000100000000)
  eden space 125952K, 99% used [0x00000000eb700000,0x00000000f31db910,0x00000000f3200000)
  from space 4608K, 70% used [0x00000000f3780000,0x00000000f3aad498,0x00000000f3c00000)
  to   space 5120K, 0% used [0x00000000f3200000,0x00000000f3200000,0x00000000f3700000)
 ParOldGen       total 42496K, used 2905K [0x00000000c2400000, 0x00000000c4d80000, 0x00000000eb700000)
  object space 42496K, 6% used [0x00000000c2400000,0x00000000c26d6510,0x00000000c4d80000)
 Metaspace       used 15871K, capacity 16116K, committed 16384K, reserved 1064960K
  class space    used 1619K, capacity 1712K, committed 1792K, reserved 1048576K
Event: 3.251 GC heap after
Heap after GC invocations=9 (full 0):
 PSYoungGen      total 131072K, used 1278K [0x00000000eb700000, 0x00000000f8700000, 0x0000000100000000)
  eden space 125952K, 0% used [0x00000000eb700000,0x00000000eb700000,0x00000000f3200000)
  from space 5120K, 24% used [0x00000000f3200000,0x00000000f333fab0,0x00000000f3700000)
  to   space 5632K, 0% used [0x00000000f8180000,0x00000000f8180000,0x00000000f8700000)
 ParOldGen       total 42496K, used 4584K [0x00000000c2400000, 0x00000000c4d80000, 0x00000000eb700000)
  object space 42496K, 10% used [0x00000000c2400000,0x00000000c287a280,0x00000000c4d80000)
 Metaspace       used 15871K, capacity 16116K, committed 16384K, reserved 1064960K
  class space    used 1619K, capacity 1712K, committed 1792K, reserved 1048576K
}
Event: 4.254 GC heap before
{Heap before GC invocations=10 (full 0):
 PSYoungGen      total 131072K, used 127230K [0x00000000eb700000, 0x00000000f8700000, 0x0000000100000000)
  eden space 125952K, 100% used [0x00000000eb700000,0x00000000f3200000,0x00000000f3200000)
  from space 5120K, 24% used [0x00000000f3200000,0x00000000f333fab0,0x00000000f3700000)
  to   space 5632K, 0% used [0x00000000f8180000,0x00000000f8180000,0x00000000f8700000)
 ParOldGen       total 42496K, used 4584K [0x00000000c2400000, 0x00000000c4d80000, 0x00000000eb700000)
  object space 42496K, 10% used [0x00000000c2400000,0x00000000c287a280,0x00000000c4d80000)
 Metaspace       used 17492K, capacity 17776K, committed 18048K, reserved 1064960K
  class space    used 1801K, capacity 1882K, committed 1920K, reserved 1048576K
Event: 4.269 GC heap after
Heap after GC invocations=10 (full 0):
 PSYoungGen      total 207360K, used 1491K [0x00000000eb700000, 0x00000000f8700000, 0x0000000100000000)
  eden space 201728K, 0% used [0x00000000eb700000,0x00000000eb700000,0x00000000f7c00000)
  from space 5632K, 26% used [0x00000000f8180000,0x00000000f82f4ee8,0x00000000f8700000)
  to   space 5632K, 0% used [0x00000000f7c00000,0x00000000f7c00000,0x00000000f8180000)
 ParOldGen       total 42496K, used 5676K [0x00000000c2400000, 0x00000000c4d80000, 0x00000000eb700000)
  object space 42496K, 13% used [0x00000000c2400000,0x00000000c298b240,0x00000000c4d80000)
 Metaspace       used 17492K, capacity 17776K, committed 18048K, reserved 1064960K
  class space    used 1801K, capacity 1882K, committed 1920K, reserved 1048576K
}
Event: 4.777 GC heap before
{Heap before GC invocations=11 (full 0):
 PSYoungGen      total 207360K, used 49468K [0x00000000eb700000, 0x00000000f8700000, 0x0000000100000000)
  eden space 201728K, 23% used [0x00000000eb700000,0x00000000ee5da310,0x00000000f7c00000)
  from space 5632K, 26% used [0x00000000f8180000,0x00000000f82f4ee8,0x00000000f8700000)
  to   space 5632K, 0% used [0x00000000f7c00000,0x00000000f7c00000,0x00000000f8180000)
 ParOldGen       total 42496K, used 5676K [0x00000000c2400000, 0x00000000c4d80000, 0x00000000eb700000)
  object space 42496K, 13% used [0x00000000c2400000,0x00000000c298b240,0x00000000c4d80000)
 Metaspace       used 20800K, capacity 21040K, committed 21248K, reserved 1069056K
  class space    used 2195K, capacity 2266K, committed 2304K, reserved 1048576K

Deoptimization events (10 events):
Event: 1.381 Thread 0x00007f49c000b000 Uncommon trap: reason=bimorphic action=maybe_recompile pc=0x00007f49b1419ed0 method=org.jacoco.agent.rt.internal_b0d6a23.asm.tree.MethodInsnNode.accept(Lorg/jacoco/agent/rt/internal_b0d6a23/asm/MethodVisitor;)V @ 21
Event: 1.381 Thread 0x00007f49c000b000 Uncommon trap: reason=bimorphic action=maybe_recompile pc=0x00007f49b1419ed0 method=org.jacoco.agent.rt.internal_b0d6a23.asm.tree.MethodInsnNode.accept(Lorg/jacoco/agent/rt/internal_b0d6a23/asm/MethodVisitor;)V @ 21
Event: 1.691 Thread 0x00007f49c000b000 Uncommon trap: reason=null_check action=make_not_entrant pc=0x00007f49b112cb84 method=java.lang.String.equals(Ljava/lang/Object;)Z @ 8
Event: 2.003 Thread 0x00007f49c000b000 Uncommon trap: reason=unstable_if action=reinterpret pc=0x00007f49b1207bf8 method=java.lang.AbstractStringBuilder.append(Ljava/lang/String;)Ljava/lang/AbstractStringBuilder; @ 1
Event: 2.277 Thread 0x00007f49c000b000 Uncommon trap: reason=bimorphic action=maybe_recompile pc=0x00007f49b1587a64 method=java.util.regex.Pattern$CharProperty.match(Ljava/util/regex/Matcher;ILjava/lang/CharSequence;)Z @ 37
Event: 2.277 Thread 0x00007f49c000b000 Uncommon trap: reason=bimorphic action=maybe_recompile pc=0x00007f49b1587a64 method=java.util.regex.Pattern$CharProperty.match(Ljava/util/regex/Matcher;ILjava/lang/CharSequence;)Z @ 37
Event: 2.279 Thread 0x00007f49c000b000 Uncommon trap: reason=bimorphic action=maybe_recompile pc=0x00007f49b1587a64 method=java.util.regex.Pattern$CharProperty.match(Ljava/util/regex/Matcher;ILjava/lang/CharSequence;)Z @ 37
Event: 2.279 Thread 0x00007f49c000b000 Uncommon trap: reason=bimorphic action=maybe_recompile pc=0x00007f49b1587a64 method=java.util.regex.Pattern$CharProperty.match(Ljava/util/regex/Matcher;ILjava/lang/CharSequence;)Z @ 37
Event: 2.888 Thread 0x00007f49c000b000 Uncommon trap: reason=unstable_if action=reinterpret pc=0x00007f49b16b73d8 method=sun.misc.MetaIndex.mayContain(Ljava/lang/String;)Z @ 38
Event: 4.532 Thread 0x00007f49c000b000 Uncommon trap: reason=unstable_if action=reinterpret pc=0x00007f49b17dbbb0 method=org.jacoco.agent.rt.internal_b0d6a23.asm.commons.AnalyzerAdapter.visitLabel(Lorg/jacoco/agent/rt/internal_b0d6a23/asm/Label;)V @ 19

Internal exceptions (10 events):
Event: 4.475 Thread 0x00007f49c000b000 Exception <a 'sun/nio/fs/UnixException'> (0x00000000ec640ce0) thrown at [/HUDSON3/workspace/8-2-build-linux-amd64/jdk8u144/9417/hotspot/src/share/vm/prims/jni.cpp, line 709]
Event: 4.497 Thread 0x00007f49c000b000 Exception <a 'sun/nio/fs/UnixException'> (0x00000000ec660ab0) thrown at [/HUDSON3/workspace/8-2-build-linux-amd64/jdk8u144/9417/hotspot/src/share/vm/prims/jni.cpp, line 709]
Event: 4.497 Thread 0x00007f49c000b000 Exception <a 'sun/nio/fs/UnixException'> (0x00000000ec661aa0) thrown at [/HUDSON3/workspace/8-2-build-linux-amd64/jdk8u144/9417/hotspot/src/share/vm/prims/jni.cpp, line 709]
Event: 4.497 Thread 0x00007f49c000b000 Exception <a 'sun/nio/fs/UnixException'> (0x00000000ec662a40) thrown at [/HUDSON3/workspace/8-2-build-linux-amd64/jdk8u144/9417/hotspot/src/share/vm/prims/jni.cpp, line 709]
Event: 4.499 Thread 0x00007f49c000b000 Exception <a 'sun/nio/fs/UnixException'> (0x00000000ec6673b0) thrown at [/HUDSON3/workspace/8-2-build-linux-amd64/jdk8u144/9417/hotspot/src/share/vm/prims/jni.cpp, line 709]
Event: 4.505 Thread 0x00007f49c000b000 Exception <a 'sun/nio/fs/UnixException'> (0x00000000ec693868) thrown at [/HUDSON3/workspace/8-2-build-linux-amd64/jdk8u144/9417/hotspot/src/share/vm/prims/jni.cpp, line 709]
Event: 4.507 Thread 0x00007f49c000b000 Exception <a 'sun/nio/fs/UnixException'> (0x00000000ec6a9b60) thrown at [/HUDSON3/workspace/8-2-build-linux-amd64/jdk8u144/9417/hotspot/src/share/vm/prims/jni.cpp, line 709]
Event: 4.510 Thread 0x00007f49c000b000 Exception <a 'sun/nio/fs/UnixException'> (0x00000000ec6ab128) thrown at [/HUDSON3/workspace/8-2-build-linux-amd64/jdk8u144/9417/hotspot/src/share/vm/prims/jni.cpp, line 709]
Event: 4.718 Thread 0x00007f49c000b000 Exception <a 'java/security/PrivilegedActionException'> (0x00000000ee4468d8) thrown at [/HUDSON3/workspace/8-2-build-linux-amd64/jdk8u144/9417/hotspot/src/share/vm/prims/jvm.cpp, line 1390]
Event: 4.718 Thread 0x00007f49c000b000 Exception <a 'java/security/PrivilegedActionException'> (0x00000000ee446cd0) thrown at [/HUDSON3/workspace/8-2-build-linux-amd64/jdk8u144/9417/hotspot/src/share/vm/prims/jvm.cpp, line 1390]

Events (10 events):
Event: 4.775 loading class com/sun/org/apache/xerces/internal/impl/dv/xs/BooleanDV
Event: 4.775 loading class com/sun/org/apache/xerces/internal/impl/dv/xs/BooleanDV done
Event: 4.775 loading class com/sun/org/apache/xerces/internal/impl/dv/xs/DecimalDV
Event: 4.775 loading class com/sun/org/apache/xerces/internal/impl/dv/xs/DecimalDV done
Event: 4.775 loading class com/sun/org/apache/xerces/internal/impl/dv/xs/FloatDV
Event: 4.775 loading class com/sun/org/apache/xerces/internal/impl/dv/xs/FloatDV done
Event: 4.775 loading class com/sun/org/apache/xerces/internal/impl/dv/xs/DoubleDV
Event: 4.775 loading class com/sun/org/apache/xerces/internal/impl/dv/xs/DoubleDV done
Event: 4.775 loading class com/sun/org/apache/xerces/internal/impl/dv/xs/DurationDV
Event: 4.776 Executing VM operation: CollectForMetadataAllocation


Dynamic libraries:
00400000-00401000 r-xp 00000000 08:01 2106691                            /usr/lib/jvm/java-8-oracle/jre/bin/java
00600000-00601000 rw-p 00000000 08:01 2106691                            /usr/lib/jvm/java-8-oracle/jre/bin/java
00aa1000-00ac2000 rw-p 00000000 00:00 0                                  [heap]
c2400000-c4d80000 rw-p 00000000 00:00 0 
c4d80000-eb700000 ---p 00000000 00:00 0 
eb700000-f8700000 rw-p 00000000 00:00 0 
ffc80000-100000000 ---p 00000000 00:00 0 
100000000-100240000 rw-p 00000000 00:00 0 
100240000-140000000 ---p 00000000 00:00 0 
7f497c000000-7f497c021000 rw-p 00000000 00:00 0 
7f497c021000-7f4980000000 ---p 00000000 00:00 0 
7f4984000000-7f4984dd5000 rw-p 00000000 00:00 0 
7f4984dd5000-7f4988000000 ---p 00000000 00:00 0 
7f4988000000-7f4988021000 rw-p 00000000 00:00 0 
7f4988021000-7f498c000000 ---p 00000000 00:00 0 
7f498c000000-7f498d73b000 rw-p 00000000 00:00 0 
7f498d73b000-7f4990000000 ---p 00000000 00:00 0 
7f4990000000-7f4990021000 rw-p 00000000 00:00 0 
7f4990021000-7f4994000000 ---p 00000000 00:00 0 
7f49949ff000-7f4994a7f000 rw-p 00000000 00:00 0 
7f4994a7f000-7f4994bff000 ---p 00000000 00:00 0 
7f4994bff000-7f4994dff000 rw-p 00000000 00:00 0 
7f4994dff000-7f4994fff000 rw-p 00000000 00:00 0 
7f4994fff000-7f4998000000 rw-p 00000000 00:00 0 
7f4998000000-7f4998021000 rw-p 00000000 00:00 0 
7f4998021000-7f499c000000 ---p 00000000 00:00 0 
7f499c000000-7f499c021000 rw-p 00000000 00:00 0 
7f499c021000-7f49a0000000 ---p 00000000 00:00 0 
7f49a0000000-7f49a0021000 rw-p 00000000 00:00 0 
7f49a0021000-7f49a4000000 ---p 00000000 00:00 0 
7f49a4000000-7f49a428e000 rw-p 00000000 00:00 0 
7f49a428e000-7f49a8000000 ---p 00000000 00:00 0 
7f49a8000000-7f49a8021000 rw-p 00000000 00:00 0 
7f49a8021000-7f49ac000000 ---p 00000000 00:00 0 
7f49ac155000-7f49ac355000 rw-p 00000000 00:00 0 
7f49ac355000-7f49ac371000 r--s 00393000 08:01 2106535                    /usr/lib/jvm/java-8-oracle/jre/lib/ext/cldrdata.jar
7f49ac371000-7f49ac37b000 r--s 00116000 08:01 2106532                    /usr/lib/jvm/java-8-oracle/jre/lib/ext/localedata.jar
7f49ac37b000-7f49ac38e000 r--s 00345000 08:01 1976712                    /usr/lib/jvm/java-8-oracle/jre/lib/resources.jar
7f49ac38e000-7f49ac58e000 rw-p 00000000 00:00 0 
7f49ac593000-7f49ac793000 rw-p 00000000 00:00 0 
7f49ac793000-7f49ac795000 r--s 00007000 08:01 791719                     /home/madunlap/.m2/repository/org/apache/maven/surefire/surefire-junit4/2.10/surefire-junit4-2.10.jar
7f49ac795000-7f49ac797000 r--s 0000b000 08:01 921145                     /home/madunlap/.m2/repository/org/json/json/20160212/json-20160212.jar
7f49ac797000-7f49ac799000 r--s 00009000 08:01 921147                     /home/madunlap/.m2/repository/com/mashape/unirest/unirest-java/1.4.9/unirest-java-1.4.9.jar
7f49ac799000-7f49ac79b000 r--s 0000e000 08:01 921141                     /home/madunlap/.m2/repository/org/jvnet/mimepull/mimepull/1.9.6/mimepull-1.9.6.jar
7f49ac79b000-7f49ac79e000 r--s 0000e000 08:01 921143                     /home/madunlap/.m2/repository/org/glassfish/jersey/media/jersey-media-multipart/2.23.2/jersey-media-multipart-2.23.2.jar
7f49ac79e000-7f49ac7a2000 r--s 00019000 08:01 921137                     /home/madunlap/.m2/repository/javax/ws/rs/javax.ws.rs-api/2.0.1/javax.ws.rs-api-2.0.1.jar
7f49ac7a2000-7f49ac7a4000 r--s 00010000 08:01 921134                     /home/madunlap/.m2/repository/org/glassfish/jersey/media/jersey-media-jaxb/2.23.2/jersey-media-jaxb-2.23.2.jar
7f49ac7a4000-7f49ac7a9000 r--s 00025000 08:01 921138                     /home/madunlap/.m2/repository/org/glassfish/jersey/core/jersey-client/2.23.2/jersey-client-2.23.2.jar
7f49ac7a9000-7f49ac7bf000 r--s 000d3000 08:01 921133                     /home/madunlap/.m2/repository/org/glassfish/jersey/core/jersey-server/2.23.2/jersey-server-2.23.2.jar
7f49ac7bf000-7f49ac7c0000 r--s 00004000 08:01 921129                     /home/madunlap/.m2/repository/org/glassfish/hk2/osgi-resource-locator/1.0.1/osgi-resource-locator-1.0.1.jar
7f49ac7c0000-7f49ac7ca000 r--s 000ae000 08:01 921127                     /home/madunlap/.m2/repository/org/javassist/javassist/3.20.0-GA/javassist-3.20.0-GA.jar
7f49ac7ca000-7f49ac7cd000 r--s 0002a000 08:01 921123                     /home/madunlap/.m2/repository/org/glassfish/hk2/hk2-locator/2.5.0-b05/hk2-locator-2.5.0-b05.jar
7f49ac7cd000-7f49ac7cf000 r--s 00002000 08:01 921128                     /home/madunlap/.m2/repository/org/glassfish/hk2/external/aopalliance-repackaged/2.5.0-b05/aopalliance-repackaged-2.5.0-b05.jar
7f49ac7cf000-7f49ac7d3000 r--s 0001a000 08:01 921125                     /home/madunlap/.m2/repository/org/glassfish/hk2/hk2-utils/2.5.0-b05/hk2-utils-2.5.0-b05.jar
7f49ac7d3000-7f49ac7d8000 r--s 00027000 08:01 921118                     /home/madunlap/.m2/repository/org/glassfish/hk2/hk2-api/2.5.0-b05/hk2-api-2.5.0-b05.jar
7f49ac7d8000-7f49ac7f0000 r--s 000d6000 08:01 921120                     /home/madunlap/.m2/repository/org/glassfish/jersey/bundles/repackaged/jersey-guava/2.23.2/jersey-guava-2.23.2.jar
7f49ac7f0000-7f49ac7f2000 r--s 00005000 08:01 921116                     /home/madunlap/.m2/repository/javax/annotation/javax.annotation-api/1.2/javax.annotation-api-1.2.jar
7f49ac7f2000-7f49ac801000 r--s 000a0000 08:01 921111                     /home/madunlap/.m2/repository/org/glassfish/jersey/core/jersey-common/2.23.2/jersey-common-2.23.2.jar
7f49ac801000-7f49ac802000 r--s 00001000 08:01 921113                     /home/madunlap/.m2/repository/org/glassfish/hk2/external/javax.inject/2.5.0-b05/javax.inject-2.5.0-b05.jar
7f49ac802000-7f49ac805000 r--s 0000e000 08:01 921110                     /home/madunlap/.m2/repository/org/glassfish/jersey/containers/jersey-container-servlet-core/2.23.2/jersey-container-servlet-core-2.23.2.jar
7f49ac805000-7f49ac807000 r--s 00003000 08:01 921107                     /home/madunlap/.m2/repository/org/glassfish/jersey/containers/jersey-container-servlet/2.23.2/jersey-container-servlet-2.23.2.jar
7f49ac807000-7f49ac809000 r--s 00008000 08:01 921112                     /home/madunlap/.m2/repository/com/google/auto/auto-common/0.3/auto-common-0.3.jar
7f49ac809000-7f49ac80a000 r--s 00002000 08:01 921105                     /home/madunlap/.m2/repository/com/google/auto/service/auto-service/1.0-rc2/auto-service-1.0-rc2.jar
7f49ac80a000-7f49ac80c000 r--s 0000c000 08:01 921153                     /home/madunlap/.m2/repository/com/lyncode/xoai-service-provider/4.1.0-header-patch/xoai-service-provider-4.1.0-header-patch.jar
7f49ac80c000-7f49ac80d000 r--s 00001000 08:01 921104                     /home/madunlap/.m2/repository/com/lyncode/builder-commons/1.0.2/builder-commons-1.0.2.jar
7f49ac80d000-7f49ac810000 r--s 00012000 08:01 921152                     /home/madunlap/.m2/repository/com/lyncode/xoai-data-provider/4.1.0-header-patch/xoai-data-provider-4.1.0-header-patch.jar
7f49ac810000-7f49ac812000 r--s 00005000 08:01 791390                     /home/madunlap/.m2/repository/stax/stax-api/1.0.1/stax-api-1.0.1.jar
7f49ac812000-7f49ac818000 r--s 00048000 08:01 921101                     /home/madunlap/.m2/repository/org/apache/commons/commons-lang3/3.1/commons-lang3-3.1.jar
7f49ac818000-7f49ac81a000 r--s 00004000 08:01 921097                     /home/madunlap/.m2/repository/javax/xml/stream/stax-api/1.0-2/stax-api-1.0-2.jar
7f49ac81a000-7f49ac81e000 r--s 00029000 08:01 921098                     /home/madunlap/.m2/repository/org/codehaus/woodstox/stax2-api/3.0.4/stax2-api-3.0.4.jar
7f49ac81e000-7f49ac824000 r--s 00045000 08:01 921095                     /home/madunlap/.m2/repository/org/hamcrest/hamcrest-all/1.3/hamcrest-all-1.3.jar
7f49ac824000-7f49ac829000 r--s 00016000 08:01 791388                     /home/madunlap/.m2/repository/xml-apis/xml-apis/1.0.b2/xml-apis-1.0.b2.jar
7f49ac829000-7f49ac82a000 r--s 00003000 08:01 921092                     /home/madunlap/.m2/repository/com/lyncode/test-support/1.0.4/test-support-1.0.4.jar
7f49ac82a000-7f49ac82c000 r--s 00004000 08:01 921090                     /home/madunlap/.m2/repository/com/lyncode/xml-io/1.0.3/xml-io-1.0.3.jar
7f49ac82c000-7f49ac82e000 r--s 0000d000 08:01 921151                     /home/madunlap/.m2/repository/com/lyncode/xoai-common/4.1.0-header-patch/xoai-common-4.1.0-header-patch.jar
7f49ac82e000-7f49ac831000 r--s 00011000 08:01 921088                     /home/madunlap/.m2/repository/com/github/scribejava/scribejava-core/3.1.0/scribejava-core-3.1.0.jar
7f49ac831000-7f49ac834000 r--s 00010000 08:01 921084                     /home/madunlap/.m2/repository/com/github/scribejava/scribejava-apis/3.1.0/scribejava-apis-3.1.0.jar
7f49ac834000-7f49ac83d000 r--s 0006f000 08:01 921083                     /home/madunlap/.m2/repository/log4j/log4j/1.2.17/log4j-1.2.17.jar
7f49ac83d000-7f49ac914000 r--s 007aa000 08:01 921093                     /home/madunlap/.m2/repository/net/sf/ehcache/ehcache/2.10.1/ehcache-2.10.1.jar
7f49ac914000-7f49ac916000 r--s 00008000 08:01 921082                     /home/madunlap/.m2/repository/org/apache/commons/commons-csv/1.2/commons-csv-1.2.jar
7f49ac916000-7f49ac91a000 r--s 00035000 08:01 921081                     /home/madunlap/.m2/repository/com/fasterxml/jackson/core/jackson-core/2.5.3/jackson-core-2.5.3.jar
7f49ac91a000-7f49ac91c000 r--s 00008000 08:01 921075                     /home/madunlap/.m2/repository/com/fasterxml/jackson/core/jackson-annotations/2.5.0/jackson-annotations-2.5.0.jar
7f49ac91c000-7f49ac92e000 r--s 00106000 08:01 921073                     /home/madunlap/.m2/repository/com/fasterxml/jackson/core/jackson-databind/2.5.3/jackson-databind-2.5.3.jar
7f49ac92e000-7f49ac931000 r--s 00006000 08:01 921070                     /home/madunlap/.m2/repository/com/google/code/findbugs/jsr305/1.3.9/jsr305-1.3.9.jar
7f49ac931000-7f49ac937000 r--s 00040000 08:01 921074                     /home/madunlap/.m2/repository/com/google/http-client/google-http-client/1.20.0/google-http-client-1.20.0.jar
7f49ac937000-7f49ac938000 r--s 00004000 08:01 921066                     /home/madunlap/.m2/repository/com/maxmind/db/maxmind-db/1.0.0/maxmind-db-1.0.0.jar
7f49ac938000-7f49ac93a000 r--s 00007000 08:01 921064                     /home/madunlap/.m2/repository/com/maxmind/geoip2/geoip2/2.3.1/geoip2-2.3.1.jar
7f49ac93a000-7f49ac93c000 r--s 00003000 08:01 921062                     /home/madunlap/.m2/repository/org/slf4j/jcl-over-slf4j/1.7.2/jcl-over-slf4j-1.7.2.jar
7f49ac93c000-7f49ac940000 r--s 00034000 08:01 921067                     /home/madunlap/.m2/repository/org/codehaus/jackson/jackson-core-asl/1.9.7/jackson-core-asl-1.9.7.jar
7f49ac940000-7f49ac94f000 r--s 000b0000 08:01 921065                     /home/madunlap/.m2/repository/org/codehaus/jackson/jackson-mapper-asl/1.9.7/jackson-mapper-asl-1.9.7.jar
7f49ac94f000-7f49ac959000 r--s 0003d000 08:01 921060                     /home/madunlap/.m2/repository/org/javaswift/joss/0.9.10/joss-0.9.10.jar
7f49ac959000-7f49ac960000 r--s 0003a000 08:01 921056                     /home/madunlap/.m2/repository/commons-codec/commons-codec/1.9/commons-codec-1.9.jar
7f49ac960000-7f49ac967000 r--s 00048000 08:01 921054                     /home/madunlap/.m2/repository/org/apache/httpcomponents/httpcore/4.4.1/httpcore-4.4.1.jar
7f49ac967000-7f49ac974000 r--s 000a4000 08:01 921052                     /home/madunlap/.m2/repository/org/apache/httpcomponents/httpclient/4.4.1/httpclient-4.4.1.jar
7f49ac974000-7f49ac978000 r--s 00028000 08:01 921050                     /home/madunlap/.m2/repository/org/apache/httpcomponents/httpasyncclient/4.1/httpasyncclient-4.1.jar
7f49ac978000-7f49ac97f000 r--s 00050000 08:01 921049                     /home/madunlap/.m2/repository/org/apache/httpcomponents/httpcore-nio/4.4.1/httpcore-nio-4.4.1.jar
7f49ac97f000-7f49ac985000 r--s 00033000 08:01 921046                     /home/madunlap/.m2/repository/io/searchbox/jest-common/0.1.7/jest-common-0.1.7.jar
7f49ac985000-7f49ac986000 r--s 00004000 08:01 921045                     /home/madunlap/.m2/repository/io/searchbox/jest/0.1.7/jest-0.1.7.jar
7f49ac986000-7f49ac989000 r--s 0000f000 08:01 921042                     /home/madunlap/.m2/repository/commons-discovery/commons-discovery/0.2/commons-discovery-0.2.jar
7f49ac989000-7f49ac98c000 r--s 0001c000 08:01 921043                     /home/madunlap/.m2/repository/axis/axis-wsdl4j/1.5.1/axis-wsdl4j-1.5.1.jar
7f49ac98c000-7f49ac98d000 r--s 00004000 08:01 921039                     /home/madunlap/.m2/repository/org/apache/axis/axis-saaj/1.4/axis-saaj-1.4.jar
7f49ac98d000-7f49ac98f000 r--s 00006000 08:01 921036                     /home/madunlap/.m2/repository/org/apache/axis/axis-jaxrpc/1.4/axis-jaxrpc-1.4.jar
7f49ac98f000-7f49ac9a3000 r--s 00173000 08:01 921038                     /home/madunlap/.m2/repository/axis/axis/1.4/axis-1.4.jar
7f49ac9a3000-7f49ac9a5000 r--s 00009000 08:01 921034                     /home/madunlap/.m2/repository/org/objenesis/objenesis/2.1/objenesis-2.1.jar
7f49ac9a5000-7f49ac9c1000 r--s 00103000 08:01 921030                     /home/madunlap/.m2/repository/org/mockito/mockito-core/1.10.19/mockito-core-1.10.19.jar
7f49ac9c1000-7f49ac9c3000 r--s 00001000 08:01 921031                     /home/madunlap/.m2/repository/org/slf4j/slf4j-log4j12/1.7.7/slf4j-log4j12-1.7.7.jar
7f49ac9c3000-7f49ac9c5000 r--s 00006000 08:01 791385                     /home/madunlap/.m2/repository/org/slf4j/slf4j-api/1.7.7/slf4j-api-1.7.7.jar
7f49ac9c5000-7f49ac9c9000 r--s 0001f000 08:01 921028                     /home/madunlap/.m2/repository/org/jacoco/org.jacoco.report/0.7.5.201505241946/org.jacoco.report-0.7.5.201505241946.jar
7f49ac9c9000-7f49ac9ce000 r--s 00058000 08:01 921027                     /home/madunlap/.m2/repository/org/ow2/asm/asm-debug-all/5.0.1/asm-debug-all-5.0.1.jar
7f49ac9ce000-7f49ac9d2000 r--s 0001d000 08:01 791383                     /home/madunlap/.m2/repository/org/jacoco/org.jacoco.core/0.7.5.201505241946/org.jacoco.core-0.7.5.201505241946.jar
7f49ac9d2000-7f49ac9d3000 ---p 00000000 00:00 0 
7f49ac9d3000-7f49acad3000 rw-p 00000000 00:00 0 
7f49acad3000-7f49acad6000 ---p 00000000 00:00 0 
7f49acad6000-7f49acbd4000 rw-p 00000000 00:00 0 
7f49acbd4000-7f49acbd7000 ---p 00000000 00:00 0 
7f49acbd7000-7f49accd5000 rw-p 00000000 00:00 0 
7f49accd5000-7f49accd8000 ---p 00000000 00:00 0 
7f49accd8000-7f49acdd6000 rw-p 00000000 00:00 0 
7f49acdd6000-7f49acde7000 r-xp 00000000 08:01 2106483                    /usr/lib/jvm/java-8-oracle/jre/lib/amd64/libnio.so
7f49acde7000-7f49acfe6000 ---p 00011000 08:01 2106483                    /usr/lib/jvm/java-8-oracle/jre/lib/amd64/libnio.so
7f49acfe6000-7f49acfe7000 rw-p 00010000 08:01 2106483                    /usr/lib/jvm/java-8-oracle/jre/lib/amd64/libnio.so
7f49acfe7000-7f49acffd000 r-xp 00000000 08:01 2106458                    /usr/lib/jvm/java-8-oracle/jre/lib/amd64/libnet.so
7f49acffd000-7f49ad1fd000 ---p 00016000 08:01 2106458                    /usr/lib/jvm/java-8-oracle/jre/lib/amd64/libnet.so
7f49ad1fd000-7f49ad1fe000 rw-p 00016000 08:01 2106458                    /usr/lib/jvm/java-8-oracle/jre/lib/amd64/libnet.so
7f49ad1fe000-7f49ad201000 r--s 0001a000 08:01 1976716                    /usr/lib/jvm/java-8-oracle/jre/lib/jce.jar
7f49ad201000-7f49ad206000 r--s 0009a000 08:01 1976643                    /usr/lib/jvm/java-8-oracle/jre/lib/jsse.jar
7f49ad206000-7f49ad20c000 r--s 00041000 08:01 661360                     /home/madunlap/.m2/repository/org/jacoco/org.jacoco.agent/0.7.5.201505241946/org.jacoco.agent-0.7.5.201505241946-runtime.jar
7f49ad20c000-7f49ad20e000 r--s 0000e000 08:01 921023                     /home/madunlap/.m2/repository/oro/oro/2.0.8/oro-2.0.8.jar
7f49ad20e000-7f49ad216000 r--s 00058000 08:01 921019                     /home/madunlap/.m2/repository/org/apache/velocity/velocity/1.5/velocity-1.5.jar
7f49ad216000-7f49ad217000 r--s 00001000 08:01 921022                     /home/madunlap/.m2/repository/org/codehaus/plexus/plexus-velocity/1.1.7/plexus-velocity-1.1.7.jar
7f49ad217000-7f49ad218000 r--s 00002000 08:01 921017                     /home/madunlap/.m2/repository/org/codehaus/plexus/plexus-i18n/1.0-beta-7/plexus-i18n-1.0-beta-7.jar
7f49ad218000-7f49ad21a000 r--s 00008000 08:01 921015                     /home/madunlap/.m2/repository/org/apache/maven/doxia/doxia-module-fml/1.1.2/doxia-module-fml-1.1.2.jar
7f49ad21a000-7f49ad21b000 r--s 00003000 08:01 921016                     /home/madunlap/.m2/repository/org/apache/maven/doxia/doxia-module-xhtml/1.1.2/doxia-module-xhtml-1.1.2.jar
7f49ad21b000-7f49ad21d000 r--s 0000b000 08:01 921011                     /home/madunlap/.m2/repository/org/apache/maven/doxia/doxia-decoration-model/1.1.2/doxia-decoration-model-1.1.2.jar
7f49ad21d000-7f49ad21f000 r--s 0000b000 08:01 921008                     /home/madunlap/.m2/repository/org/apache/maven/doxia/doxia-site-renderer/1.1.2/doxia-site-renderer-1.1.2.jar
7f49ad21f000-7f49ad223000 r--s 00023000 08:01 921010                     /home/madunlap/.m2/repository/org/apache/maven/doxia/doxia-core/1.1.2/doxia-core-1.1.2.jar
7f49ad223000-7f49ad225000 r--s 00003000 08:01 921007                     /home/madunlap/.m2/repository/org/apache/maven/reporting/maven-reporting-impl/2.1/maven-reporting-impl-2.1.jar
7f49ad225000-7f49ad226000 r--s 00002000 08:01 921004                     /home/madunlap/.m2/repository/org/apache/maven/doxia/doxia-logging-api/1.1/doxia-logging-api-1.1.jar
7f49ad226000-7f49ad228000 r--s 00002000 08:01 921001                     /home/madunlap/.m2/repository/org/apache/maven/doxia/doxia-sink-api/1.1/doxia-sink-api-1.1.jar
7f49ad228000-7f49ad229000 r--s 00002000 08:01 920999                     /home/madunlap/.m2/repository/org/apache/maven/reporting/maven-reporting-api/2.2.1/maven-reporting-api-2.2.1.jar
7f49ad229000-7f49ad22b000 r--s 00008000 08:01 920995                     /home/madunlap/.m2/repository/org/apache/maven/shared/maven-shared-io/1.1/maven-shared-io-1.1.jar
7f49ad22b000-7f49ad22d000 r--s 00008000 08:01 920998                     /home/madunlap/.m2/repository/org/apache/maven/shared/file-management/1.2.1/file-management-1.2.1.jar
7f49ad22d000-7f49ad232000 r--s 00039000 08:01 920997                     /home/madunlap/.m2/repository/org/codehaus/plexus/plexus-utils/1.5.6/plexus-utils-1.5.6.jar
7f49ad232000-7f49ad234000 r--s 00008000 08:01 920991                     /home/madunlap/.m2/repository/classworlds/classworlds/1.1-alpha-2/classworlds-1.1-alpha-2.jar
7f49ad234000-7f49ad23b000 r--s 00029000 08:01 920988                     /home/madunlap/.m2/repository/org/codehaus/plexus/plexus-container-default/1.0-alpha-9-stable-1/plexus-container-default-1.0-alpha-9-stable-1.jar
7f49ad23b000-7f49ad23e000 r--s 00011000 08:01 920989                     /home/madunlap/.m2/repository/org/apache/maven/maven-artifact/2.2.1/maven-artifact-2.2.1.jar
7f49ad23e000-7f49ad240000 r--s 0000b000 08:01 920985                     /home/madunlap/.m2/repository/org/codehaus/plexus/plexus-interpolation/1.11/plexus-interpolation-1.11.jar
7f49ad240000-7f49ad242000 r--s 00006000 08:01 920982                     /home/madunlap/.m2/repository/org/apache/maven/maven-plugin-registry/2.2.1/maven-plugin-registry-2.2.1.jar
7f49ad242000-7f49ad24a000 r--s 00049000 08:01 920984                     /home/madunlap/.m2/repository/backport-util-concurrent/backport-util-concurrent/3.1/backport-util-concurrent-3.1.jar
7f49ad24a000-7f49ad24c000 r--s 0000b000 08:01 920978                     /home/madunlap/.m2/repository/org/apache/maven/wagon/wagon-provider-api/1.0-beta-6/wagon-provider-api-1.0-beta-6.jar
7f49ad24c000-7f49ad24e000 r--s 00005000 08:01 920980                     /home/madunlap/.m2/repository/org/apache/maven/maven-repository-metadata/2.2.1/maven-repository-metadata-2.2.1.jar
7f49ad24e000-7f49ad250000 r--s 0000f000 08:01 920975                     /home/madunlap/.m2/repository/org/apache/maven/maven-artifact-manager/2.2.1/maven-artifact-manager-2.2.1.jar
7f49ad250000-7f49ad252000 r--s 00014000 08:01 920971                     /home/madunlap/.m2/repository/org/apache/maven/maven-model/2.2.1/maven-model-2.2.1.jar
7f49ad252000-7f49ad254000 r--s 00007000 08:01 920969                     /home/madunlap/.m2/repository/org/apache/maven/maven-profile/2.2.1/maven-profile-2.2.1.jar
7f49ad254000-7f49ad255000 r--s 0000b000 08:01 920972                     /home/madunlap/.m2/repository/org/apache/maven/maven-settings/2.2.1/maven-settings-2.2.1.jar
7f49ad255000-7f49ad259000 r--s 00023000 08:01 920973                     /home/madunlap/.m2/repository/org/apache/maven/maven-project/2.2.1/maven-project-2.2.1.jar
7f49ad259000-7f49ad25b000 r--s 00002000 08:01 661356                     /home/madunlap/.m2/repository/org/apache/maven/maven-plugin-api/2.2.1/maven-plugin-api-2.2.1.jar
7f49ad25b000-7f49ad25d000 r--s 0000b000 08:01 660606                     /home/madunlap/.m2/repository/org/jacoco/jacoco-maven-plugin/0.7.5.201505241946/jacoco-maven-plugin-0.7.5.201505241946.jar
7f49ad25d000-7f49ad25f000 r--s 00013000 08:01 791380                     /home/madunlap/.m2/repository/com/jayway/restassured/xml-path/2.4.0/xml-path-2.4.0.jar
7f49ad25f000-7f49ad261000 r--s 00007000 08:01 791379                     /home/madunlap/.m2/repository/com/jayway/restassured/rest-assured-common/2.4.0/rest-assured-common-2.4.0.jar
7f49ad261000-7f49ad263000 r--s 0001e000 08:01 661355                     /home/madunlap/.m2/repository/org/codehaus/groovy/groovy-json/2.3.7/groovy-json-2.3.7.jar
7f49ad263000-7f49ad265000 r--s 0000d000 08:01 791376                     /home/madunlap/.m2/repository/com/jayway/restassured/json-path/2.4.0/json-path-2.4.0.jar
7f49ad265000-7f49ad267000 r--s 00015000 08:01 791373                     /home/madunlap/.m2/repository/org/ccil/cowan/tagsoup/tagsoup/1.2.1/tagsoup-1.2.1.jar
7f49ad267000-7f49ad268000 r--s 0000c000 08:01 791372                     /home/madunlap/.m2/repository/org/hamcrest/hamcrest-library/1.3/hamcrest-library-1.3.jar
7f49ad268000-7f49ad26a000 r--s 00009000 08:01 791370                     /home/madunlap/.m2/repository/org/hamcrest/hamcrest-core/1.3/hamcrest-core-1.3.jar
7f49ad26a000-7f49ad26f000 r--s 00034000 08:01 661352                     /home/madunlap/.m2/repository/org/codehaus/groovy/groovy-xml/2.3.7/groovy-xml-2.3.7.jar
7f49ad26f000-7f49ad2b8000 r--s 003fb000 08:01 661354                     /home/madunlap/.m2/repository/org/codehaus/groovy/groovy/2.3.7/groovy-2.3.7.jar
7f49ad2b8000-7f49ad2c2000 r--s 0008c000 08:01 791368                     /home/madunlap/.m2/repository/com/jayway/restassured/rest-assured/2.4.0/rest-assured-2.4.0.jar
7f49ad2c2000-7f49ad2c8000 r--s 00044000 08:01 791367                     /home/madunlap/.m2/repository/org/jsoup/jsoup/1.8.1/jsoup-1.8.1.jar
7f49ad2c8000-7f49ad2ca000 r--s 00004000 08:01 791401                     /home/madunlap/.m2/repository/edu/ucsb/nceas/ezid/1.0.0/ezid-1.0.0.jar
7f49ad2ca000-7f49ad2cd000 r--s 0000b000 08:01 791362                     /home/madunlap/.m2/repository/org/ocpsoft/rewrite/rewrite-integration-faces/2.0.12.Final/rewrite-integration-faces-2.0.12.Final.jar
7f49ad2cd000-7f49ad2cf000 r--s 00001000 08:01 791360                     /home/madunlap/.m2/repository/org/ocpsoft/rewrite/rewrite-annotations-api/2.0.12.Final/rewrite-annotations-api-2.0.12.Final.jar
7f49ad2cf000-7f49ad2d0000 r--s 00005000 08:01 791359                     /home/madunlap/.m2/repository/org/ocpsoft/rewrite/rewrite-addressbuilder/2.0.12.Final/rewrite-addressbuilder-2.0.12.Final.jar
7f49ad2d0000-7f49ad2d2000 r--s 00008000 08:01 791357                     /home/madunlap/.m2/repository/org/ocpsoft/rewrite/rewrite-api-servlet/2.0.12.Final/rewrite-api-servlet-2.0.12.Final.jar
7f49ad2d2000-7f49ad2d4000 r--s 00001000 08:01 791354                     /home/madunlap/.m2/repository/org/ocpsoft/logging/logging-api/1.0.2.Final/logging-api-1.0.2.Final.jar
7f49ad2d4000-7f49ad2d5000 r--s 00003000 08:01 791353                     /home/madunlap/.m2/repository/org/ocpsoft/common/common-api/1.0.5.Final/common-api-1.0.5.Final.jar
7f49ad2d5000-7f49ad2d9000 r--s 00018000 08:01 791351                     /home/madunlap/.m2/repository/org/ocpsoft/rewrite/rewrite-api/2.0.12.Final/rewrite-api-2.0.12.Final.jar
7f49ad2d9000-7f49ad2db000 r--s 00005000 08:01 791349                     /home/madunlap/.m2/repository/org/ocpsoft/rewrite/rewrite-annotations-impl/2.0.12.Final/rewrite-annotations-impl-2.0.12.Final.jar
7f49ad2db000-7f49ad2e9000 r--s 00092000 08:01 791352                     /home/madunlap/.m2/repository/org/ocpsoft/rewrite/rewrite-config-prettyfaces/2.0.12.Final/rewrite-config-prettyfaces-2.0.12.Final.jar
7f49ad2e9000-7f49ad2f7000 r--s 0005f000 08:01 791345                     /home/madunlap/.m2/repository/org/ocpsoft/rewrite/rewrite-servlet/2.0.12.Final/rewrite-servlet-2.0.12.Final.jar
7f49ad2f7000-7f49ad2fb000 r--s 0003c000 08:01 791218                     /home/madunlap/.m2/repository/javax/media/jai_codec/1.1.3/jai_codec-1.1.3.jar
7f49ad2fb000-7f49ad30f000 r--s 001bd000 08:01 791220                     /home/madunlap/.m2/repository/javax/media/jai_core/1.1.3/jai_core-1.1.3.jar
7f49ad30f000-7f49ad320000 r--s 00106000 08:01 791219                     /home/madunlap/.m2/repository/javax/media/jai_imageio/1.1.1/jai_imageio-1.1.1.jar
7f49ad320000-7f49ad322000 r--s 00009000 08:01 791399                     /home/madunlap/.m2/repository/edu/harvard/hul/ois/jhove/jhove-handler/1.11.0/jhove-handler-1.11.0.jar
7f49ad322000-7f49ad32b000 r--s 00079000 08:01 791398                     /home/madunlap/.m2/repository/edu/harvard/hul/ois/jhove/jhove-module/1.11.0/jhove-module-1.11.0.jar
7f49ad32b000-7f49ad32e000 r--s 00011000 08:01 791396                     /home/madunlap/.m2/repository/edu/harvard/hul/ois/jhove/jhove/1.11.0/jhove-1.11.0.jar
7f49ad32e000-7f49ad33e000 r--s 0011f000 08:01 791342                     /home/madunlap/.m2/repository/org/apache/poi/poi-scratchpad/3.10-FINAL/poi-scratchpad-3.10-FINAL.jar
7f49ad33e000-7f49ad344000 r--s 00047000 08:01 791341                     /home/madunlap/.m2/repository/org/apache/poi/poi-examples/3.10-FINAL/poi-examples-3.10-FINAL.jar
7f49ad344000-7f49ad349000 r--s 00048000 08:01 791338                     /home/madunlap/.m2/repository/dom4j/dom4j/1.6.1/dom4j-1.6.1.jar
7f49ad349000-7f49ad386000 r--s 0024f000 08:01 791336                     /home/madunlap/.m2/repository/org/apache/xmlbeans/xmlbeans/2.3.0/xmlbeans-2.3.0.jar
7f49ad386000-7f49ad41e000 r--s 00420000 08:01 791334                     /home/madunlap/.m2/repository/org/apache/poi/poi-ooxml-schemas/3.10-FINAL/poi-ooxml-schemas-3.10-FINAL.jar
7f49ad41e000-7f49ad42c000 r--s 000ee000 08:01 791333                     /home/madunlap/.m2/repository/org/apache/poi/poi-ooxml/3.10-FINAL/poi-ooxml-3.10-FINAL.jar
7f49ad42c000-7f49ad44e000 r--s 001bb000 08:01 791332                     /home/madunlap/.m2/repository/org/apache/poi/poi/3.10-FINAL/poi-3.10-FINAL.jar
7f49ad44e000-7f49ad450000 r--s 00006000 08:01 791331                     /home/madunlap/.m2/repository/org/nuiton/thirdparty/Rserve/0.6-1/Rserve-0.6-1.jar
7f49ad450000-7f49ad452000 r--s 00006000 08:01 791328                     /home/madunlap/.m2/repository/org/nuiton/thirdparty/REngine/0.6-1/REngine-0.6-1.jar
7f49ad452000-7f49ad453000 r--s 0000c000 08:01 791397                     /home/madunlap/.m2/repository/org/dataverse/unf/6.0/unf-6.0.jar
7f49ad453000-7f49ad454000 r--s 00018000 08:01 791394                     /home/madunlap/.m2/repository/edu/harvard/iq/dvn/unf5/5.0/unf5-5.0.jar
7f49ad454000-7f49ad45d000 r--s 000a6000 08:01 791393                     /home/madunlap/.m2/repository/net/handle/handle/2006-06-16-generated/handle-2006-06-16-generated.jar
7f49ad45d000-7f49ad460000 r--s 00035000 08:01 791395                     /home/madunlap/.m2/repository/nom/tam/fits/fits/2012-10-25-generated/fits-2012-10-25-generated.jar
7f49ad460000-7f49ad467000 r--s 00028000 08:01 791326                     /home/madunlap/.m2/repository/concurrent/concurrent/1.3.4/concurrent-1.3.4.jar
7f49ad467000-7f49ad475000 r--s 00081000 08:01 791324                     /home/madunlap/.m2/repository/colt/colt/1.2.0/colt-1.2.0.jar
7f49ad475000-7f49ad482000 r--s 00083000 08:01 791320                     /home/madunlap/.m2/repository/commons-collections/commons-collections/3.2.2/commons-collections-3.2.2.jar
7f49ad482000-7f49ad486000 r--s 00020000 08:01 791319                     /home/madunlap/.m2/repository/commons-digester/commons-digester/1.8.1/commons-digester-1.8.1.jar
7f49ad486000-7f49ad48b000 r--s 00035000 08:01 791317                     /home/madunlap/.m2/repository/commons-beanutils/commons-beanutils/1.9.2/commons-beanutils-1.9.2.jar
7f49ad48b000-7f49ad48f000 r--s 0002a000 08:01 791315                     /home/madunlap/.m2/repository/commons-validator/commons-validator/1.6/commons-validator-1.6.jar
7f49ad48f000-7f49ad4a2000 r--s 000df000 08:01 791313                     /home/madunlap/.m2/repository/org/apache/commons/commons-math/2.2/commons-math-2.2.jar
7f49ad4a2000-7f49ad4a4000 r--s 0000e000 08:01 791309                     /home/madunlap/.m2/repository/commons-logging/commons-logging/1.1.3/commons-logging-1.1.3.jar
7f49ad4a4000-7f49ad4a6000 r--s 00005000 08:01 791311                     /home/madunlap/.m2/repository/org/apache/httpcomponents/httpmime/4.2.6/httpmime-4.2.6.jar
7f49ad4a6000-7f49ad4b2000 r--s 000b3000 08:01 791304                     /home/madunlap/.m2/repository/org/apache/zookeeper/zookeeper/3.4.5/zookeeper-3.4.5.jar
7f49ad4b2000-7f49ad4ba000 r--s 0005b000 08:01 791305                     /home/madunlap/.m2/repository/org/apache/solr/solr-solrj/4.6.0/solr-solrj-4.6.0.jar
7f49ad4ba000-7f49ad4bf000 r--s 00041000 08:01 791300                     /home/madunlap/.m2/repository/commons-lang/commons-lang/2.6/commons-lang-2.6.jar
7f49ad4bf000-7f49ad4c1000 r--s 0000d000 08:01 791302                     /home/madunlap/.m2/repository/com/fasterxml/classmate/1.0.0/classmate-1.0.0.jar
7f49ad4c1000-7f49ad4c3000 r--s 0000d000 08:01 791296                     /home/madunlap/.m2/repository/org/jboss/logging/jboss-logging/3.1.1.GA/jboss-logging-3.1.1.GA.jar
7f49ad4c3000-7f49ad4c7000 r--s 0000c000 08:01 791294                     /home/madunlap/.m2/repository/javax/validation/validation-api/1.1.0.Final/validation-api-1.1.0.Final.jar
7f49ad4c7000-7f49ad4d4000 r--s 00080000 08:01 791293                     /home/madunlap/.m2/repository/org/hibernate/hibernate-validator/5.0.3.Final/hibernate-validator-5.0.3.Final.jar
7f49ad4d4000-7f49ad4de000 r--s 0006b000 08:01 791289                     /home/madunlap/.m2/repository/org/omnifaces/omnifaces/1.7/omnifaces-1.7.jar
7f49ad4de000-7f49ad4ed000 r--s 000c4000 08:01 791290                     /home/madunlap/.m2/repository/org/atmosphere/atmosphere-runtime/2.4.2/atmosphere-runtime-2.4.2.jar
7f49ad4ed000-7f49ad501000 r--s 0013a000 08:01 791121                     /home/madunlap/.m2/repository/org/primefaces/themes/all-themes/1.0.10/all-themes-1.0.10.jar
7f49ad501000-7f49ad52d000 r--s 00318000 08:01 791288                     /home/madunlap/.m2/repository/org/primefaces/primefaces/5.3/primefaces-5.3.jar
7f49ad52d000-7f49ad54f000 r--s 00120000 08:01 791284                     /home/madunlap/.m2/repository/javax/javaee-web-api/7.0/javaee-web-api-7.0.jar
7f49ad54f000-7f49ad551000 r--s 0000e000 08:01 791282                     /home/madunlap/.m2/repository/javax/activation/activation/1.1/activation-1.1.jar
7f49ad551000-7f49ad559000 r--s 00078000 08:01 791280                     /home/madunlap/.m2/repository/com/sun/mail/javax.mail/1.5.0/javax.mail-1.5.0.jar
7f49ad559000-7f49ad58d000 r--s 001a4000 08:01 791278                     /home/madunlap/.m2/repository/javax/javaee-api/7.0/javaee-api-7.0.jar
7f49ad58d000-7f49ad5b8000 r--s 001f5000 08:01 791277                     /home/madunlap/.m2/repository/com/google/guava/guava/16.0.1/guava-16.0.1.jar
7f49ad5b8000-7f49ad5d6000 r--s 0027d000 08:01 791273                     /home/madunlap/.m2/repository/xalan/xalan/2.7.0/xalan-2.7.0.jar
7f49ad5d6000-7f49ad5ea000 r--s 000e3000 08:01 791272                     /home/madunlap/.m2/repository/xerces/xercesImpl/2.6.2/xercesImpl-2.6.2.jar
7f49ad5ea000-7f49ad5f0000 r--s 00019000 08:01 791270                     /home/madunlap/.m2/repository/xerces/xmlParserAPIs/2.6.2/xmlParserAPIs-2.6.2.jar
7f49ad5f0000-7f49ad5f7000 r--s 00063000 08:01 791268                     /home/madunlap/.m2/repository/xom/xom/1.1/xom-1.1.jar
7f49ad5f7000-7f49ad5fc000 r--s 0002a000 08:01 791265                     /home/madunlap/.m2/repository/com/google/code/gson/gson/2.2.4/gson-2.2.4.jar
7f49ad5fc000-7f49ad600000 r--s 00027000 08:01 791263                     /home/madunlap/.m2/repository/commons-io/commons-io/2.2/commons-io-2.2.jar
7f49ad600000-7f49ad606000 r--s 00032000 08:01 791261                     /home/madunlap/.m2/repository/jaxen/jaxen/1.1.1/jaxen-1.1.1.jar
7f49ad606000-7f49ad60d000 r--s 00079000 08:01 661348                     /home/madunlap/.m2/repository/org/codehaus/woodstox/wstx-asl/3.2.6/wstx-asl-3.2.6.jar
7f49ad60d000-7f49ad612000 r--s 00070000 08:01 661349                     /home/madunlap/.m2/repository/org/codehaus/woodstox/woodstox-core-asl/4.1.4/woodstox-core-asl-4.1.4.jar
7f49ad612000-7f49ad616000 r--s 00026000 08:01 791256                     /home/madunlap/.m2/repository/org/apache/ws/commons/axiom/axiom-impl/1.2.14/axiom-impl-1.2.14.jar
7f49ad616000-7f49ad619000 r--s 00015000 08:01 791254                     /home/madunlap/.m2/repository/org/apache/james/apache-mime4j-core/0.7.2/apache-mime4j-core-0.7.2.jar
7f49ad619000-7f49ad61e000 r--s 00032000 08:01 791252                     /home/madunlap/.m2/repository/org/apache/geronimo/specs/geronimo-javamail_1.4_spec/1.7.1/geronimo-javamail_1.4_spec-1.7.1.jar
7f49ad61e000-7f49ad628000 r--s 0005d000 08:01 791250                     /home/madunlap/.m2/repository/org/apache/ws/commons/axiom/axiom-api/1.2.14/axiom-api-1.2.14.jar
7f49ad628000-7f49ad62b000 r--s 0014e000 08:01 791249                     /home/madunlap/.m2/repository/org/apache/abdera/abdera-parser/1.1.3/abdera-parser-1.1.3.jar
7f49ad62b000-7f49ad644000 r--s 002fd000 08:01 791240                     /home/madunlap/.m2/repository/com/ibm/icu/icu4j/3.4.4/icu4j-3.4.4.jar
7f49ad644000-7f49ad667000 r--s 001ae000 08:01 791235                     /home/madunlap/.m2/repository/com/hp/hpl/jena/jena/2.6.4/jena-2.6.4.jar
7f49ad667000-7f49ad6a7000 r--s 00285000 08:01 925253                     /home/madunlap/.m2/repository/org/bouncycastle/bcprov-jdk15on/1.52/bcprov-jdk15on-1.52.jar
7f49ad6a7000-7f49ad72e000 rw-p 00000000 00:00 0 
7f49ad72e000-7f49adb3a000 r--s 03c80000 08:01 791225                     /home/madunlap/.m2/repository/com/amazonaws/aws-java-sdk-bundle/1.11.172/aws-java-sdk-bundle-1.11.172.jar
7f49adb3a000-7f49adb3d000 ---p 00000000 00:00 0 
7f49adb3d000-7f49adc3b000 rw-p 00000000 00:00 0 
7f49adc3b000-7f49adf16000 r--p 00000000 08:01 1441812                    /usr/lib/locale/locale-archive
7f49adf16000-7f49adf19000 ---p 00000000 00:00 0 
7f49adf19000-7f49ae017000 rw-p 00000000 00:00 0 
7f49ae017000-7f49ae01a000 ---p 00000000 00:00 0 
7f49ae01a000-7f49ae118000 rw-p 00000000 00:00 0 
7f49ae118000-7f49ae119000 ---p 00000000 00:00 0 
7f49ae119000-7f49b1000000 rw-p 00000000 00:00 0 
7f49b1000000-7f49b1850000 rwxp 00000000 00:00 0 
7f49b1850000-7f49c0000000 ---p 00000000 00:00 0 
7f49c0000000-7f49c12aa000 rw-p 00000000 00:00 0 
7f49c12aa000-7f49c4000000 ---p 00000000 00:00 0 
7f49c4000000-7f49c4002000 r--s 0000f000 08:01 791260                     /home/madunlap/.m2/repository/commons-fileupload/commons-fileupload/1.3.1/commons-fileupload-1.3.1.jar
7f49c4002000-7f49c4004000 r--s 00006000 08:01 791245                     /home/madunlap/.m2/repository/org/apache/geronimo/specs/geronimo-stax-api_1.0_spec/1.0.1/geronimo-stax-api_1.0_spec-1.0.1.jar
7f49c4004000-7f49c4006000 r--s 0000a000 08:01 791243                     /home/madunlap/.m2/repository/org/apache/geronimo/specs/geronimo-activation_1.1_spec/1.1/geronimo-activation_1.1_spec-1.1.jar
7f49c4006000-7f49c400a000 r--s 00094000 08:01 791246                     /home/madunlap/.m2/repository/org/apache/abdera/abdera-i18n/1.1.3/abdera-i18n-1.1.3.jar
7f49c400a000-7f49c400e000 r--s 00024000 08:01 791241                     /home/madunlap/.m2/repository/org/apache/abdera/abdera-core/1.1.3/abdera-core-1.1.3.jar
7f49c400e000-7f49c4011000 r--s 00023000 08:01 791237                     /home/madunlap/.m2/repository/com/hp/hpl/jena/iri/0.8/iri-0.8.jar
7f49c4011000-7f49c4013000 r--s 0000d000 08:01 791233                     /home/madunlap/.m2/repository/org/apache/abdera/abdera-client/1.1.1/abdera-client-1.1.1.jar
7f49c4013000-7f49c4015000 r--s 00016000 08:01 791230                     /home/madunlap/.m2/repository/javax/servlet/servlet-api/2.4/servlet-api-2.4.jar
7f49c4015000-7f49c4018000 r--s 0000f000 08:01 791226                     /home/madunlap/.m2/repository/org/swordapp/sword2-server/1.0/sword2-server-1.0-classes.jar
7f49c4018000-7f49c401d000 r--s 00040000 08:01 791224                     /home/madunlap/.m2/repository/commons-httpclient/commons-httpclient/3.0.1/commons-httpclient-3.0.1.jar
7f49c401d000-7f49c4020000 r--s 00012000 08:01 791228                     /home/madunlap/.m2/repository/org/glassfish/javax.json/1.0.4/javax.json-1.0.4.jar
7f49c4020000-7f49c4026000 r--s 00034000 08:01 791227                     /home/madunlap/.m2/repository/junit/junit/4.8.1/junit-4.8.1.jar
7f49c4026000-7f49c402a000 r--s 00021000 08:01 925254                     /home/madunlap/.m2/repository/org/cryptacular/cryptacular/1.1.0/cryptacular-1.1.0.jar
7f49c402a000-7f49c402d000 r--s 00011000 08:01 925252                     /home/madunlap/.m2/repository/org/passay/passay/1.1.0/passay-1.1.0.jar
7f49c402d000-7f49c427e000 rw-p 00000000 00:00 0 
7f49c427e000-7f49c4458000 r--s 03d4d000 08:01 1976682                    /usr/lib/jvm/java-8-oracle/jre/lib/rt.jar
7f49c4458000-7f49c4646000 rw-p 00000000 00:00 0 
7f49c4646000-7f49c4647000 ---p 00000000 00:00 0 
7f49c4647000-7f49c4747000 rw-p 00000000 00:00 0 
7f49c4747000-7f49c4748000 ---p 00000000 00:00 0 
7f49c4748000-7f49c485d000 rw-p 00000000 00:00 0 
7f49c485d000-7f49c4992000 ---p 00000000 00:00 0 
7f49c4992000-7f49c49a7000 rw-p 00000000 00:00 0 
7f49c49a7000-7f49c4adb000 ---p 00000000 00:00 0 
7f49c4adb000-7f49c4b44000 rw-p 00000000 00:00 0 
7f49c4b44000-7f49c4b80000 ---p 00000000 00:00 0 
7f49c4b80000-7f49c4ba3000 rw-p 00000000 00:00 0 
7f49c4ba3000-7f49c4f41000 ---p 00000000 00:00 0 
7f49c4f41000-7f49c4f5b000 r-xp 00000000 08:01 2106481                    /usr/lib/jvm/java-8-oracle/jre/lib/amd64/libzip.so
7f49c4f5b000-7f49c515b000 ---p 0001a000 08:01 2106481                    /usr/lib/jvm/java-8-oracle/jre/lib/amd64/libzip.so
7f49c515b000-7f49c515c000 rw-p 0001a000 08:01 2106481                    /usr/lib/jvm/java-8-oracle/jre/lib/amd64/libzip.so
7f49c515c000-7f49c5167000 r-xp 00000000 08:01 663303                     /lib/x86_64-linux-gnu/libnss_files-2.24.so
7f49c5167000-7f49c5366000 ---p 0000b000 08:01 663303                     /lib/x86_64-linux-gnu/libnss_files-2.24.so
7f49c5366000-7f49c5367000 r--p 0000a000 08:01 663303                     /lib/x86_64-linux-gnu/libnss_files-2.24.so
7f49c5367000-7f49c5368000 rw-p 0000b000 08:01 663303                     /lib/x86_64-linux-gnu/libnss_files-2.24.so
7f49c5368000-7f49c536e000 rw-p 00000000 00:00 0 
7f49c536e000-7f49c5379000 r-xp 00000000 08:01 663305                     /lib/x86_64-linux-gnu/libnss_nis-2.24.so
7f49c5379000-7f49c5578000 ---p 0000b000 08:01 663305                     /lib/x86_64-linux-gnu/libnss_nis-2.24.so
7f49c5578000-7f49c5579000 r--p 0000a000 08:01 663305                     /lib/x86_64-linux-gnu/libnss_nis-2.24.so
7f49c5579000-7f49c557a000 rw-p 0000b000 08:01 663305                     /lib/x86_64-linux-gnu/libnss_nis-2.24.so
7f49c557a000-7f49c5590000 r-xp 00000000 08:01 663300                     /lib/x86_64-linux-gnu/libnsl-2.24.so
7f49c5590000-7f49c578f000 ---p 00016000 08:01 663300                     /lib/x86_64-linux-gnu/libnsl-2.24.so
7f49c578f000-7f49c5790000 r--p 00015000 08:01 663300                     /lib/x86_64-linux-gnu/libnsl-2.24.so
7f49c5790000-7f49c5791000 rw-p 00016000 08:01 663300                     /lib/x86_64-linux-gnu/libnsl-2.24.so
7f49c5791000-7f49c5793000 rw-p 00000000 00:00 0 
7f49c5793000-7f49c579b000 r-xp 00000000 08:01 663301                     /lib/x86_64-linux-gnu/libnss_compat-2.24.so
7f49c579b000-7f49c599a000 ---p 00008000 08:01 663301                     /lib/x86_64-linux-gnu/libnss_compat-2.24.so
7f49c599a000-7f49c599b000 r--p 00007000 08:01 663301                     /lib/x86_64-linux-gnu/libnss_compat-2.24.so
7f49c599b000-7f49c599c000 rw-p 00008000 08:01 663301                     /lib/x86_64-linux-gnu/libnss_compat-2.24.so
7f49c599c000-7f49c59a6000 r-xp 00000000 08:01 2106519                    /usr/lib/jvm/java-8-oracle/jre/lib/amd64/libinstrument.so
7f49c59a6000-7f49c5ba5000 ---p 0000a000 08:01 2106519                    /usr/lib/jvm/java-8-oracle/jre/lib/amd64/libinstrument.so
7f49c5ba5000-7f49c5ba6000 rw-p 00009000 08:01 2106519                    /usr/lib/jvm/java-8-oracle/jre/lib/amd64/libinstrument.so
7f49c5ba6000-7f49c5bd1000 r-xp 00000000 08:01 2106508                    /usr/lib/jvm/java-8-oracle/jre/lib/amd64/libjava.so
7f49c5bd1000-7f49c5dd0000 ---p 0002b000 08:01 2106508                    /usr/lib/jvm/java-8-oracle/jre/lib/amd64/libjava.so
7f49c5dd0000-7f49c5dd2000 rw-p 0002a000 08:01 2106508                    /usr/lib/jvm/java-8-oracle/jre/lib/amd64/libjava.so
7f49c5dd2000-7f49c5ddf000 r-xp 00000000 08:01 2106459                    /usr/lib/jvm/java-8-oracle/jre/lib/amd64/libverify.so
7f49c5ddf000-7f49c5fdf000 ---p 0000d000 08:01 2106459                    /usr/lib/jvm/java-8-oracle/jre/lib/amd64/libverify.so
7f49c5fdf000-7f49c5fe1000 rw-p 0000d000 08:01 2106459                    /usr/lib/jvm/java-8-oracle/jre/lib/amd64/libverify.so
7f49c5fe1000-7f49c5fe8000 r-xp 00000000 08:01 663310                     /lib/x86_64-linux-gnu/librt-2.24.so
7f49c5fe8000-7f49c61e7000 ---p 00007000 08:01 663310                     /lib/x86_64-linux-gnu/librt-2.24.so
7f49c61e7000-7f49c61e8000 r--p 00006000 08:01 663310                     /lib/x86_64-linux-gnu/librt-2.24.so
7f49c61e8000-7f49c61e9000 rw-p 00007000 08:01 663310                     /lib/x86_64-linux-gnu/librt-2.24.so
7f49c61e9000-7f49c62f1000 r-xp 00000000 08:01 663297                     /lib/x86_64-linux-gnu/libm-2.24.so
7f49c62f1000-7f49c64f0000 ---p 00108000 08:01 663297                     /lib/x86_64-linux-gnu/libm-2.24.so
7f49c64f0000-7f49c64f1000 r--p 00107000 08:01 663297                     /lib/x86_64-linux-gnu/libm-2.24.so
7f49c64f1000-7f49c64f2000 rw-p 00108000 08:01 663297                     /lib/x86_64-linux-gnu/libm-2.24.so
7f49c64f2000-7f49c71c5000 r-xp 00000000 08:01 2106512                    /usr/lib/jvm/java-8-oracle/jre/lib/amd64/server/libjvm.so
7f49c71c5000-7f49c73c4000 ---p 00cd3000 08:01 2106512                    /usr/lib/jvm/java-8-oracle/jre/lib/amd64/server/libjvm.so
7f49c73c4000-7f49c749e000 rw-p 00cd2000 08:01 2106512                    /usr/lib/jvm/java-8-oracle/jre/lib/amd64/server/libjvm.so
7f49c749e000-7f49c74e9000 rw-p 00000000 00:00 0 
7f49c74e9000-7f49c76a7000 r-xp 00000000 08:01 663293                     /lib/x86_64-linux-gnu/libc-2.24.so
7f49c76a7000-7f49c78a6000 ---p 001be000 08:01 663293                     /lib/x86_64-linux-gnu/libc-2.24.so
7f49c78a6000-7f49c78aa000 r--p 001bd000 08:01 663293                     /lib/x86_64-linux-gnu/libc-2.24.so
7f49c78aa000-7f49c78ac000 rw-p 001c1000 08:01 663293                     /lib/x86_64-linux-gnu/libc-2.24.so
7f49c78ac000-7f49c78b0000 rw-p 00000000 00:00 0 
7f49c78b0000-7f49c78b3000 r-xp 00000000 08:01 663296                     /lib/x86_64-linux-gnu/libdl-2.24.so
7f49c78b3000-7f49c7ab2000 ---p 00003000 08:01 663296                     /lib/x86_64-linux-gnu/libdl-2.24.so
7f49c7ab2000-7f49c7ab3000 r--p 00002000 08:01 663296                     /lib/x86_64-linux-gnu/libdl-2.24.so
7f49c7ab3000-7f49c7ab4000 rw-p 00003000 08:01 663296                     /lib/x86_64-linux-gnu/libdl-2.24.so
7f49c7ab4000-7f49c7ac9000 r-xp 00000000 08:01 2106497                    /usr/lib/jvm/java-8-oracle/jre/lib/amd64/jli/libjli.so
7f49c7ac9000-7f49c7cc9000 ---p 00015000 08:01 2106497                    /usr/lib/jvm/java-8-oracle/jre/lib/amd64/jli/libjli.so
7f49c7cc9000-7f49c7cca000 rw-p 00015000 08:01 2106497                    /usr/lib/jvm/java-8-oracle/jre/lib/amd64/jli/libjli.so
7f49c7cca000-7f49c7ce2000 r-xp 00000000 08:01 663308                     /lib/x86_64-linux-gnu/libpthread-2.24.so
7f49c7ce2000-7f49c7ee2000 ---p 00018000 08:01 663308                     /lib/x86_64-linux-gnu/libpthread-2.24.so
7f49c7ee2000-7f49c7ee3000 r--p 00018000 08:01 663308                     /lib/x86_64-linux-gnu/libpthread-2.24.so
7f49c7ee3000-7f49c7ee4000 rw-p 00019000 08:01 663308                     /lib/x86_64-linux-gnu/libpthread-2.24.so
7f49c7ee4000-7f49c7ee8000 rw-p 00000000 00:00 0 
7f49c7ee8000-7f49c7f0e000 r-xp 00000000 08:01 663288                     /lib/x86_64-linux-gnu/ld-2.24.so
7f49c7f0e000-7f49c7f0f000 r--s 00005000 08:01 791308                     /home/madunlap/.m2/repository/org/noggit/noggit/0.5/noggit-0.5.jar
7f49c7f0f000-7f49c7fe0000 rw-p 00000000 00:00 0 
7f49c7fe0000-7f49c7fe3000 ---p 00000000 00:00 0 
7f49c7fe3000-7f49c80e3000 rw-p 00000000 00:00 0 
7f49c80e3000-7f49c80e4000 r--s 00004000 08:01 791275                     /home/madunlap/.m2/repository/org/mindrot/jbcrypt/0.3m/jbcrypt-0.3m.jar
7f49c80e4000-7f49c80e9000 r--s 00023000 08:01 791711                     /home/madunlap/.m2/repository/org/apache/maven/surefire/surefire-api/2.10/surefire-api-2.10.jar
7f49c80e9000-7f49c80eb000 r--s 00007000 08:01 791708                     /home/madunlap/.m2/repository/org/apache/maven/surefire/surefire-booter/2.10/surefire-booter-2.10.jar
7f49c80eb000-7f49c80ec000 r--s 00005000 08:01 926072                     /home/madunlap/Documents/github/dataverse/target/surefire/surefirebooter8327392226886916116.jar
7f49c80ec000-7f49c8100000 rw-p 00000000 00:00 0 
7f49c8100000-7f49c8108000 rw-s 00000000 08:01 1835018                    /tmp/hsperfdata_madunlap/13164
7f49c8108000-7f49c8109000 rw-p 00000000 00:00 0 
7f49c8109000-7f49c810a000 ---p 00000000 00:00 0 
7f49c810a000-7f49c810d000 rw-p 00000000 00:00 0 
7f49c810d000-7f49c810e000 r--p 00025000 08:01 663288                     /lib/x86_64-linux-gnu/ld-2.24.so
7f49c810e000-7f49c810f000 rw-p 00026000 08:01 663288                     /lib/x86_64-linux-gnu/ld-2.24.so
7f49c810f000-7f49c8110000 rw-p 00000000 00:00 0 
7ffc62dba000-7ffc62ddb000 rw-p 00000000 00:00 0                          [stack]
7ffc62de3000-7ffc62de5000 r--p 00000000 00:00 0                          [vvar]
7ffc62de5000-7ffc62de7000 r-xp 00000000 00:00 0                          [vdso]
ffffffffff600000-ffffffffff601000 r-xp 00000000 00:00 0                  [vsyscall]

VM Arguments:
jvm_args: -javaagent:/home/madunlap/.m2/repository/org/jacoco/org.jacoco.agent/0.7.5.201505241946/org.jacoco.agent-0.7.5.201505241946-runtime.jar=destfile=/home/madunlap/Documents/github/dataverse/target/jacoco.exec 
java_command: /home/madunlap/Documents/github/dataverse/target/surefire/surefirebooter8327392226886916116.jar /home/madunlap/Documents/github/dataverse/target/surefire/surefire1176279959455042806tmp /home/madunlap/Documents/github/dataverse/target/surefire/surefire5828585022275191059tmp
java_class_path (initial): /home/madunlap/Documents/github/dataverse/target/surefire/surefirebooter8327392226886916116.jar:/home/madunlap/.m2/repository/org/jacoco/org.jacoco.agent/0.7.5.201505241946/org.jacoco.agent-0.7.5.201505241946-runtime.jar
Launcher Type: SUN_STANDARD

Environment Variables:
JAVA_HOME=/usr/lib/jvm/java-8-oracle
PATH=/usr/local/sbin:/usr/local/bin:/usr/sbin:/usr/bin:/sbin:/bin:/usr/games:/usr/local/games:/snap/bin:/usr/lib/jvm/java-8-oracle/bin:/usr/lib/jvm/java-8-oracle/db/bin:/usr/lib/jvm/java-8-oracle/jre/bin
LD_LIBRARY_PATH=/usr/lib/jvm/java-8-oracle/jre/lib/amd64:/usr/lib/jvm/java-8-oracle/jre/lib/i386:
SHELL=/bin/bash
DISPLAY=:0

Signal Handlers:
SIGSEGV: [libjvm.so+0xacba10], sa_mask[0]=11111111011111111101111111111110, sa_flags=SA_RESTART|SA_SIGINFO
SIGBUS: [libjvm.so+0xacba10], sa_mask[0]=11111111011111111101111111111110, sa_flags=SA_RESTART|SA_SIGINFO
SIGFPE: [libjvm.so+0x924ba0], sa_mask[0]=11111111011111111101111111111110, sa_flags=SA_RESTART|SA_SIGINFO
SIGPIPE: [libjvm.so+0x924ba0], sa_mask[0]=11111111011111111101111111111110, sa_flags=SA_RESTART|SA_SIGINFO
SIGXFSZ: [libjvm.so+0x924ba0], sa_mask[0]=11111111011111111101111111111110, sa_flags=SA_RESTART|SA_SIGINFO
SIGILL: [libjvm.so+0x924ba0], sa_mask[0]=11111111011111111101111111111110, sa_flags=SA_RESTART|SA_SIGINFO
SIGUSR1: SIG_DFL, sa_mask[0]=00000000000000000000000000000000, sa_flags=none
SIGUSR2: [libjvm.so+0x9263e0], sa_mask[0]=00100000000000000000000000000000, sa_flags=SA_RESTART|SA_SIGINFO
SIGHUP: [libjvm.so+0x9277e0], sa_mask[0]=11111111011111111101111111111110, sa_flags=SA_RESTART|SA_SIGINFO
SIGINT: SIG_IGN, sa_mask[0]=00000000000000000000000000000000, sa_flags=none
SIGTERM: [libjvm.so+0x9277e0], sa_mask[0]=11111111011111111101111111111110, sa_flags=SA_RESTART|SA_SIGINFO
SIGQUIT: [libjvm.so+0x9277e0], sa_mask[0]=11111111011111111101111111111110, sa_flags=SA_RESTART|SA_SIGINFO


---------------  S Y S T E M  ---------------

OS:DISTRIB_ID=Ubuntu
DISTRIB_RELEASE=17.04
DISTRIB_CODENAME=zesty
DISTRIB_DESCRIPTION="Ubuntu 17.04"

uname:Linux 4.10.0-37-generic #41-Ubuntu SMP Fri Oct 6 20:20:37 UTC 2017 x86_64
libc:glibc 2.24 NPTL 2.24 
rlimit: STACK 8192k, CORE 0k, NPROC 15602, NOFILE 1048576, AS infinity
load average:1.18 0.70 0.50

/proc/meminfo:
MemTotal:        4039872 kB
MemFree:          108320 kB
MemAvailable:      15512 kB
Buffers:             904 kB
Cached:            28192 kB
SwapCached:        43624 kB
Active:          3083328 kB
Inactive:         623840 kB
Active(anon):    3075184 kB
Inactive(anon):   616792 kB
Active(file):       8144 kB
Inactive(file):     7048 kB
Unevictable:          32 kB
Mlocked:              32 kB
SwapTotal:       2097148 kB
SwapFree:              0 kB
Dirty:               712 kB
Writeback:             0 kB
AnonPages:       3637492 kB
Mapped:            25264 kB
Shmem:             13544 kB
Slab:              91488 kB
SReclaimable:      42600 kB
SUnreclaim:        48888 kB
KernelStack:       15360 kB
PageTables:        78048 kB
NFS_Unstable:          0 kB
Bounce:                0 kB
WritebackTmp:          0 kB
CommitLimit:     4117084 kB
Committed_AS:   10504752 kB
VmallocTotal:   34359738367 kB
VmallocUsed:           0 kB
VmallocChunk:          0 kB
HardwareCorrupted:     0 kB
AnonHugePages:   1325056 kB
ShmemHugePages:        0 kB
ShmemPmdMapped:        0 kB
CmaTotal:              0 kB
CmaFree:               0 kB
HugePages_Total:       0
HugePages_Free:        0
HugePages_Rsvd:        0
HugePages_Surp:        0
Hugepagesize:       2048 kB
DirectMap4k:      171952 kB
DirectMap2M:     4022272 kB


CPU:total 2 (initial active 2) (2 cores per cpu, 1 threads per core) family 6 model 70 stepping 1, cmov, cx8, fxsr, mmx, sse, sse2, sse3, ssse3, sse4.1, sse4.2, popcnt, avx, avx2, aes, clmul, erms, lzcnt, tsc, tscinvbit, bmi1, bmi2

/proc/cpuinfo:
processor	: 0
vendor_id	: GenuineIntel
cpu family	: 6
model		: 70
model name	: Intel(R) Core(TM) i7-4870HQ CPU @ 2.50GHz
stepping	: 1
microcode	: 0x13
cpu MHz		: 2494.226
cache size	: 6144 KB
physical id	: 0
siblings	: 2
core id		: 0
cpu cores	: 2
apicid		: 0
initial apicid	: 0
fpu		: yes
fpu_exception	: yes
cpuid level	: 13
wp		: yes
flags		: fpu vme de pse tsc msr pae mce cx8 apic sep mtrr pge mca cmov pat pse36 clflush mmx fxsr sse sse2 ss ht syscall nx rdtscp lm constant_tsc nopl xtopology nonstop_tsc pni pclmulqdq ssse3 fma cx16 pcid sse4_1 sse4_2 x2apic movbe popcnt tsc_deadline_timer aes xsave avx f16c rdrand hypervisor lahf_lm abm fsgsbase tsc_adjust bmi1 avx2 smep bmi2 invpcid xsaveopt dtherm arat pln pts
bugs		:
bogomips	: 4988.45
clflush size	: 64
cache_alignment	: 64
address sizes	: 36 bits physical, 48 bits virtual
power management:

processor	: 1
vendor_id	: GenuineIntel
cpu family	: 6
model		: 70
model name	: Intel(R) Core(TM) i7-4870HQ CPU @ 2.50GHz
stepping	: 1
microcode	: 0x13
cpu MHz		: 2494.226
cache size	: 6144 KB
physical id	: 0
siblings	: 2
core id		: 1
cpu cores	: 2
apicid		: 1
initial apicid	: 1
fpu		: yes
fpu_exception	: yes
cpuid level	: 13
wp		: yes
flags		: fpu vme de pse tsc msr pae mce cx8 apic sep mtrr pge mca cmov pat pse36 clflush mmx fxsr sse sse2 ss ht syscall nx rdtscp lm constant_tsc nopl xtopology nonstop_tsc pni pclmulqdq ssse3 fma cx16 pcid sse4_1 sse4_2 x2apic movbe popcnt tsc_deadline_timer aes xsave avx f16c rdrand hypervisor lahf_lm abm fsgsbase tsc_adjust bmi1 avx2 smep bmi2 invpcid xsaveopt dtherm arat pln pts
bugs		:
bogomips	: 4988.45
clflush size	: 64
cache_alignment	: 64
address sizes	: 36 bits physical, 48 bits virtual
power management:



Memory: 4k page, physical 4039872k(108420k free), swap 2097148k(0k free)

vm_info: Java HotSpot(TM) 64-Bit Server VM (25.144-b01) for linux-amd64 JRE (1.8.0_144-b01), built on Jul 21 2017 21:57:33 by "java_re" with gcc 4.3.0 20080428 (Red Hat 4.3.0-8)

time: Thu Oct 19 15:41:02 2017
elapsed time: 4 seconds (0d 0h 0m 4s)

