#
# There is insufficient memory for the Java Runtime Environment to continue.
# Native memory allocation (mmap) failed to map 38797312 bytes for committing reserved memory.
# Possible reasons:
#   The system is out of physical RAM or swap space
#   In 32 bit mode, the process size limit was hit
# Possible solutions:
#   Reduce memory load on the system
#   Increase physical memory or swap space
#   Check if swap backing store is full
#   Use 64 bit Java on a 64 bit OS
#   Decrease Java heap size (-Xmx/-Xms)
#   Decrease number of Java threads
#   Decrease Java thread stack sizes (-Xss)
#   Set larger code cache with -XX:ReservedCodeCacheSize=
# This output file may be truncated or incomplete.
#
#  Out of Memory Error (os_linux.cpp:2640), pid=15305, tid=0x00007f6b03efe700
#
# JRE version: Java(TM) SE Runtime Environment (8.0_144-b01) (build 1.8.0_144-b01)
# Java VM: Java HotSpot(TM) 64-Bit Server VM (25.144-b01 mixed mode linux-amd64 compressed oops)
# Failed to write core dump. Core dumps have been disabled. To enable core dumping, try "ulimit -c unlimited" before starting Java again
#

---------------  T H R E A D  ---------------

Current thread (0x00007f6b180fc000):  VMThread [stack: 0x00007f6b03dfe000,0x00007f6b03eff000] [id=15311]

Stack: [0x00007f6b03dfe000,0x00007f6b03eff000],  sp=0x00007f6b03efd1a0,  free space=1020k
Native frames: (J=compiled Java code, j=interpreted, Vv=VM code, C=native code)
V  [libjvm.so+0xacb18a]  VMError::report_and_die()+0x2ba
V  [libjvm.so+0x4ff4db]  report_vm_out_of_memory(char const*, int, unsigned long, VMErrorType, char const*)+0x8b
V  [libjvm.so+0x927d23]  os::Linux::commit_memory_impl(char*, unsigned long, bool)+0x103
V  [libjvm.so+0x928279]  os::pd_commit_memory(char*, unsigned long, unsigned long, bool)+0x29
V  [libjvm.so+0x92249a]  os::commit_memory(char*, unsigned long, unsigned long, bool)+0x2a
V  [libjvm.so+0x996ff3]  PSVirtualSpace::expand_by(unsigned long)+0x53
V  [libjvm.so+0x9983f8]  PSYoungGen::resize_generation(unsigned long, unsigned long)+0xf8
V  [libjvm.so+0x997552]  PSYoungGen::resize(unsigned long, unsigned long)+0x22
V  [libjvm.so+0x99482b]  PSScavenge::invoke_no_policy()+0xf3b
V  [libjvm.so+0x994fb1]  PSScavenge::invoke()+0x41
V  [libjvm.so+0x94bce0]  ParallelScavengeHeap::failed_mem_allocate(unsigned long)+0x70
V  [libjvm.so+0xaccba7]  VM_ParallelGCFailedAllocation::doit()+0x97
V  [libjvm.so+0xad4685]  VM_Operation::evaluate()+0x55
V  [libjvm.so+0xad2a5a]  VMThread::evaluate_operation(VM_Operation*)+0xba
V  [libjvm.so+0xad2dde]  VMThread::loop()+0x1ce
V  [libjvm.so+0xad3250]  VMThread::run()+0x70
V  [libjvm.so+0x92a338]  java_start(Thread*)+0x108

VM_Operation (0x00007f6b21eeddd0): ParallelGCFailedAllocation, mode: safepoint, requested by thread 0x00007f6b1800b000


---------------  P R O C E S S  ---------------

Java Threads: ( => current thread )
  0x00007f6b18845800 JavaThread "Service Thread" daemon [_thread_blocked, id=15321, stack(0x00007f6b028e4000,0x00007f6b029e5000)]
  0x00007f6b18841000 JavaThread "C1 CompilerThread1" daemon [_thread_blocked, id=15320, stack(0x00007f6b029e5000,0x00007f6b02ae6000)]
  0x00007f6b1882b000 JavaThread "C2 CompilerThread0" daemon [_thread_in_native, id=15319, stack(0x00007f6b02ae6000,0x00007f6b02be7000)]
  0x00007f6b1813b800 JavaThread "Signal Dispatcher" daemon [_thread_blocked, id=15314, stack(0x00007f6b03820000,0x00007f6b03921000)]
  0x00007f6b18108000 JavaThread "Finalizer" daemon [_thread_blocked, id=15313, stack(0x00007f6b03bfc000,0x00007f6b03cfd000)]
  0x00007f6b18103800 JavaThread "Reference Handler" daemon [_thread_blocked, id=15312, stack(0x00007f6b03cfd000,0x00007f6b03dfe000)]
  0x00007f6b1800b000 JavaThread "main" [_thread_blocked, id=15308, stack(0x00007f6b21df1000,0x00007f6b21ef2000)]

Other Threads:
=>0x00007f6b180fc000 VMThread [stack: 0x00007f6b03dfe000,0x00007f6b03eff000] [id=15311]
  0x00007f6b18875800 WatcherThread [stack: 0x00007f6b027e3000,0x00007f6b028e4000] [id=15322]

VM state:at safepoint (normal execution)

VM Mutex/Monitor currently owned by a thread:  ([mutex/lock_event])
[0x00007f6b180072e0] Threads_lock - owner thread: 0x00007f6b180fc000
[0x00007f6b180077e0] Heap_lock - owner thread: 0x00007f6b1800b000

Heap:
 PSYoungGen      total 66048K, used 3363K [0x00000000eb700000, 0x00000000efb00000, 0x0000000100000000)
  eden space 62464K, 0% used [0x00000000eb700000,0x00000000eb700000,0x00000000ef400000)
  from space 3584K, 93% used [0x00000000ef400000,0x00000000ef748f00,0x00000000ef780000)
  to   space 3584K, 0% used [0x00000000ef780000,0x00000000ef780000,0x00000000efb00000)
 ParOldGen       total 42496K, used 2916K [0x00000000c2400000, 0x00000000c4d80000, 0x00000000eb700000)
  object space 42496K, 6% used [0x00000000c2400000,0x00000000c26d90f8,0x00000000c4d80000)
 Metaspace       used 15806K, capacity 16052K, committed 16384K, reserved 1064960K
  class space    used 1618K, capacity 1712K, committed 1792K, reserved 1048576K

Card table byte_map: [0x00007f6b1e7a3000,0x00007f6b1e992000] byte_map_base: 0x00007f6b1e191000

Marking Bits: (ParMarkBitMap*) 0x00007f6b212ccdc0
 Begin Bits: [0x00007f6b1c577000, 0x00007f6b1d4e7000)
 End Bits:   [0x00007f6b1d4e7000, 0x00007f6b1e457000)

Polling page: 0x00007f6b21f1a000

CodeCache: size=245760Kb used=6185Kb max_used=6185Kb free=239575Kb
 bounds [0x00007f6b09000000, 0x00007f6b09610000, 0x00007f6b18000000]
 total_blobs=2466 nmethods=2080 adapters=299
 compilation: enabled

Compilation events (10 events):
Event: 4.199 Thread 0x00007f6b18841000 2108 %     3       sun.text.normalizer.TrieIterator::checkBlockDetail @ 0 (68 bytes)
Event: 4.200 Thread 0x00007f6b18841000 nmethod 2108% 0x00007f6b09609510 code [0x00007f6b096096a0, 0x00007f6b09609a88]
Event: 4.200 Thread 0x00007f6b18841000 2109       3       sun.text.normalizer.TrieIterator::checkBlockDetail (68 bytes)
Event: 4.200 Thread 0x00007f6b18841000 nmethod 2109 0x00007f6b09609bd0 code [0x00007f6b09609d60, 0x00007f6b0960a108]
Event: 4.201 Thread 0x00007f6b18841000 2110       2       sun.text.normalizer.TrieIterator::calculateNextSupplementaryElement (421 bytes)
Event: 4.201 Thread 0x00007f6b18841000 nmethod 2110 0x00007f6b0960a250 code [0x00007f6b0960a440, 0x00007f6b0960aac8]
Event: 4.202 Thread 0x00007f6b18841000 2111       2       sun.text.normalizer.TrieIterator::checkNullNextTrailIndex (110 bytes)
Event: 4.202 Thread 0x00007f6b18841000 nmethod 2111 0x00007f6b0960af90 code [0x00007f6b0960b120, 0x00007f6b0960b428]
Event: 4.202 Thread 0x00007f6b18841000 2112       2       sun.text.normalizer.TrieIterator::checkTrailBlock (50 bytes)
Event: 4.202 Thread 0x00007f6b18841000 nmethod 2112 0x00007f6b0960b5d0 code [0x00007f6b0960b740, 0x00007f6b0960b968]

GC Heap History (10 events):
Event: 1.587 GC heap after
Heap after GC invocations=4 (full 0):
 PSYoungGen      total 18432K, used 2070K [0x00000000eb700000, 0x00000000ecb80000, 0x0000000100000000)
  eden space 15872K, 0% used [0x00000000eb700000,0x00000000eb700000,0x00000000ec680000)
  from space 2560K, 80% used [0x00000000ec900000,0x00000000ecb05bb0,0x00000000ecb80000)
  to   space 2560K, 0% used [0x00000000ec680000,0x00000000ec680000,0x00000000ec900000)
 ParOldGen       total 42496K, used 160K [0x00000000c2400000, 0x00000000c4d80000, 0x00000000eb700000)
  object space 42496K, 0% used [0x00000000c2400000,0x00000000c24283f8,0x00000000c4d80000)
 Metaspace       used 7758K, capacity 7920K, committed 8064K, reserved 1056768K
  class space    used 787K, capacity 822K, committed 896K, reserved 1048576K
}
Event: 1.722 GC heap before
{Heap before GC invocations=5 (full 0):
 PSYoungGen      total 18432K, used 17942K [0x00000000eb700000, 0x00000000ecb80000, 0x0000000100000000)
  eden space 15872K, 100% used [0x00000000eb700000,0x00000000ec680000,0x00000000ec680000)
  from space 2560K, 80% used [0x00000000ec900000,0x00000000ecb05bb0,0x00000000ecb80000)
  to   space 2560K, 0% used [0x00000000ec680000,0x00000000ec680000,0x00000000ec900000)
 ParOldGen       total 42496K, used 160K [0x00000000c2400000, 0x00000000c4d80000, 0x00000000eb700000)
  object space 42496K, 0% used [0x00000000c2400000,0x00000000c24283f8,0x00000000c4d80000)
 Metaspace       used 8540K, capacity 8744K, committed 8960K, reserved 1056768K
  class space    used 859K, capacity 922K, committed 1024K, reserved 1048576K
Event: 1.726 GC heap after
Heap after GC invocations=5 (full 0):
 PSYoungGen      total 18432K, used 2432K [0x00000000eb700000, 0x00000000edc00000, 0x0000000100000000)
  eden space 15872K, 0% used [0x00000000eb700000,0x00000000eb700000,0x00000000ec680000)
  from space 2560K, 95% used [0x00000000ec680000,0x00000000ec8e03a8,0x00000000ec900000)
  to   space 3072K, 0% used [0x00000000ed900000,0x00000000ed900000,0x00000000edc00000)
 ParOldGen       total 42496K, used 168K [0x00000000c2400000, 0x00000000c4d80000, 0x00000000eb700000)
  object space 42496K, 0% used [0x00000000c2400000,0x00000000c242a3f8,0x00000000c4d80000)
 Metaspace       used 8540K, capacity 8744K, committed 8960K, reserved 1056768K
  class space    used 859K, capacity 922K, committed 1024K, reserved 1048576K
}
Event: 1.967 GC heap before
{Heap before GC invocations=6 (full 0):
 PSYoungGen      total 18432K, used 18304K [0x00000000eb700000, 0x00000000edc00000, 0x0000000100000000)
  eden space 15872K, 100% used [0x00000000eb700000,0x00000000ec680000,0x00000000ec680000)
  from space 2560K, 95% used [0x00000000ec680000,0x00000000ec8e03a8,0x00000000ec900000)
  to   space 3072K, 0% used [0x00000000ed900000,0x00000000ed900000,0x00000000edc00000)
 ParOldGen       total 42496K, used 168K [0x00000000c2400000, 0x00000000c4d80000, 0x00000000eb700000)
  object space 42496K, 0% used [0x00000000c2400000,0x00000000c242a3f8,0x00000000c4d80000)
 Metaspace       used 10215K, capacity 10408K, committed 10624K, reserved 1058816K
  class space    used 1031K, capacity 1050K, committed 1152K, reserved 1048576K
Event: 1.980 GC heap after
Heap after GC invocations=6 (full 0):
 PSYoungGen      total 34304K, used 3059K [0x00000000eb700000, 0x00000000edd00000, 0x0000000100000000)
  eden space 31232K, 0% used [0x00000000eb700000,0x00000000eb700000,0x00000000ed580000)
  from space 3072K, 99% used [0x00000000ed900000,0x00000000edbfcc38,0x00000000edc00000)
  to   space 3584K, 0% used [0x00000000ed580000,0x00000000ed580000,0x00000000ed900000)
 ParOldGen       total 42496K, used 274K [0x00000000c2400000, 0x00000000c4d80000, 0x00000000eb700000)
  object space 42496K, 0% used [0x00000000c2400000,0x00000000c2444a78,0x00000000c4d80000)
 Metaspace       used 10215K, capacity 10408K, committed 10624K, reserved 1058816K
  class space    used 1031K, capacity 1050K, committed 1152K, reserved 1048576K
}
Event: 2.558 GC heap before
{Heap before GC invocations=7 (full 0):
 PSYoungGen      total 34304K, used 34291K [0x00000000eb700000, 0x00000000edd00000, 0x0000000100000000)
  eden space 31232K, 100% used [0x00000000eb700000,0x00000000ed580000,0x00000000ed580000)
  from space 3072K, 99% used [0x00000000ed900000,0x00000000edbfcc38,0x00000000edc00000)
  to   space 3584K, 0% used [0x00000000ed580000,0x00000000ed580000,0x00000000ed900000)
 ParOldGen       total 42496K, used 274K [0x00000000c2400000, 0x00000000c4d80000, 0x00000000eb700000)
  object space 42496K, 0% used [0x00000000c2400000,0x00000000c2444a78,0x00000000c4d80000)
 Metaspace       used 12460K, capacity 12700K, committed 12928K, reserved 1060864K
  class space    used 1233K, capacity 1324K, committed 1408K, reserved 1048576K
Event: 2.565 GC heap after
Heap after GC invocations=7 (full 0):
 PSYoungGen      total 34816K, used 2549K [0x00000000eb700000, 0x00000000efb00000, 0x0000000100000000)
  eden space 31232K, 0% used [0x00000000eb700000,0x00000000eb700000,0x00000000ed580000)
  from space 3584K, 71% used [0x00000000ed580000,0x00000000ed7fd728,0x00000000ed900000)
  to   space 3584K, 0% used [0x00000000ef780000,0x00000000ef780000,0x00000000efb00000)
 ParOldGen       total 42496K, used 1844K [0x00000000c2400000, 0x00000000c4d80000, 0x00000000eb700000)
  object space 42496K, 4% used [0x00000000c2400000,0x00000000c25cd0b8,0x00000000c4d80000)
 Metaspace       used 12460K, capacity 12700K, committed 12928K, reserved 1060864K
  class space    used 1233K, capacity 1324K, committed 1408K, reserved 1048576K
}
Event: 2.978 GC heap before
{Heap before GC invocations=8 (full 0):
 PSYoungGen      total 34816K, used 33781K [0x00000000eb700000, 0x00000000efb00000, 0x0000000100000000)
  eden space 31232K, 100% used [0x00000000eb700000,0x00000000ed580000,0x00000000ed580000)
  from space 3584K, 71% used [0x00000000ed580000,0x00000000ed7fd728,0x00000000ed900000)
  to   space 3584K, 0% used [0x00000000ef780000,0x00000000ef780000,0x00000000efb00000)
 ParOldGen       total 42496K, used 1844K [0x00000000c2400000, 0x00000000c4d80000, 0x00000000eb700000)
  object space 42496K, 4% used [0x00000000c2400000,0x00000000c25cd0b8,0x00000000c4d80000)
 Metaspace       used 13829K, capacity 14076K, committed 14336K, reserved 1062912K
  class space    used 1390K, capacity 1484K, committed 1536K, reserved 1048576K
Event: 2.984 GC heap after
Heap after GC invocations=8 (full 0):
 PSYoungGen      total 66048K, used 2840K [0x00000000eb700000, 0x00000000efb00000, 0x0000000100000000)
  eden space 62464K, 0% used [0x00000000eb700000,0x00000000eb700000,0x00000000ef400000)
  from space 3584K, 79% used [0x00000000ef780000,0x00000000efa460a8,0x00000000efb00000)
  to   space 3584K, 0% used [0x00000000ef400000,0x00000000ef400000,0x00000000ef780000)
 ParOldGen       total 42496K, used 2172K [0x00000000c2400000, 0x00000000c4d80000, 0x00000000eb700000)
  object space 42496K, 5% used [0x00000000c2400000,0x00000000c261f0b8,0x00000000c4d80000)
 Metaspace       used 13829K, capacity 14076K, committed 14336K, reserved 1062912K
  class space    used 1390K, capacity 1484K, committed 1536K, reserved 1048576K
}
Event: 4.226 GC heap before
{Heap before GC invocations=9 (full 0):
 PSYoungGen      total 66048K, used 65304K [0x00000000eb700000, 0x00000000efb00000, 0x0000000100000000)
  eden space 62464K, 100% used [0x00000000eb700000,0x00000000ef400000,0x00000000ef400000)
  from space 3584K, 79% used [0x00000000ef780000,0x00000000efa460a8,0x00000000efb00000)
  to   space 3584K, 0% used [0x00000000ef400000,0x00000000ef400000,0x00000000ef780000)
 ParOldGen       total 42496K, used 2172K [0x00000000c2400000, 0x00000000c4d80000, 0x00000000eb700000)
  object space 42496K, 5% used [0x00000000c2400000,0x00000000c261f0b8,0x00000000c4d80000)
 Metaspace       used 15806K, capacity 16052K, committed 16384K, reserved 1064960K
  class space    used 1618K, capacity 1712K, committed 1792K, reserved 1048576K

Deoptimization events (10 events):
Event: 1.355 Thread 0x00007f6b1800b000 Uncommon trap: reason=unstable_if action=reinterpret pc=0x00007f6b09272850 method=org.jacoco.agent.rt.internal_b0d6a23.asm.MethodVisitor.visitLineNumber(ILorg/jacoco/agent/rt/internal_b0d6a23/asm/Label;)V @ 4
Event: 1.397 Thread 0x00007f6b1800b000 Uncommon trap: reason=unstable_if action=reinterpret pc=0x00007f6b092c0004 method=java.util.ArrayList.remove(I)Ljava/lang/Object; @ 31
Event: 1.437 Thread 0x00007f6b1800b000 Uncommon trap: reason=unstable_if action=reinterpret pc=0x00007f6b092182d8 method=org.jacoco.agent.rt.internal_b0d6a23.asm.Item.isEqualTo(Lorg/jacoco/agent/rt/internal_b0d6a23/asm/Item;)Z @ 345
Event: 1.669 Thread 0x00007f6b1800b000 Uncommon trap: reason=bimorphic action=maybe_recompile pc=0x00007f6b093aa574 method=org.jacoco.agent.rt.internal_b0d6a23.asm.tree.LabelNode.accept(Lorg/jacoco/agent/rt/internal_b0d6a23/asm/MethodVisitor;)V @ 5
Event: 1.669 Thread 0x00007f6b1800b000 Uncommon trap: reason=bimorphic action=maybe_recompile pc=0x00007f6b093aa574 method=org.jacoco.agent.rt.internal_b0d6a23.asm.tree.LabelNode.accept(Lorg/jacoco/agent/rt/internal_b0d6a23/asm/MethodVisitor;)V @ 5
Event: 1.669 Thread 0x00007f6b1800b000 Uncommon trap: reason=bimorphic action=maybe_recompile pc=0x00007f6b093aa574 method=org.jacoco.agent.rt.internal_b0d6a23.asm.tree.LabelNode.accept(Lorg/jacoco/agent/rt/internal_b0d6a23/asm/MethodVisitor;)V @ 5
Event: 1.669 Thread 0x00007f6b1800b000 Uncommon trap: reason=bimorphic action=maybe_recompile pc=0x00007f6b093aa574 method=org.jacoco.agent.rt.internal_b0d6a23.asm.tree.LabelNode.accept(Lorg/jacoco/agent/rt/internal_b0d6a23/asm/MethodVisitor;)V @ 5
Event: 1.930 Thread 0x00007f6b1800b000 Uncommon trap: reason=null_check action=make_not_entrant pc=0x00007f6b09115004 method=java.lang.String.equals(Ljava/lang/Object;)Z @ 8
Event: 2.368 Thread 0x00007f6b1800b000 Uncommon trap: reason=unstable_if action=reinterpret pc=0x00007f6b092946f8 method=java.lang.AbstractStringBuilder.append(Ljava/lang/String;)Ljava/lang/AbstractStringBuilder; @ 1
Event: 3.013 Thread 0x00007f6b1800b000 Uncommon trap: reason=unstable_if action=reinterpret pc=0x00007f6b095447fc method=org.jacoco.agent.rt.internal_b0d6a23.asm.Type.getArgumentsAndReturnSizes(Ljava/lang/String;)I @ 47

Internal exceptions (10 events):
Event: 4.022 Thread 0x00007f6b1800b000 Exception <a 'java/security/PrivilegedActionException'> (0x00000000eeb29200) thrown at [/HUDSON3/workspace/8-2-build-linux-amd64/jdk8u144/9417/hotspot/src/share/vm/prims/jvm.cpp, line 1390]
Event: 4.022 Thread 0x00007f6b1800b000 Exception <a 'java/security/PrivilegedActionException'> (0x00000000eeb2d398) thrown at [/HUDSON3/workspace/8-2-build-linux-amd64/jdk8u144/9417/hotspot/src/share/vm/prims/jvm.cpp, line 1390]
Event: 4.022 Thread 0x00007f6b1800b000 Exception <a 'java/security/PrivilegedActionException'> (0x00000000eeb2d790) thrown at [/HUDSON3/workspace/8-2-build-linux-amd64/jdk8u144/9417/hotspot/src/share/vm/prims/jvm.cpp, line 1390]
Event: 4.022 Thread 0x00007f6b1800b000 Exception <a 'java/security/PrivilegedActionException'> (0x00000000eeb3edb8) thrown at [/HUDSON3/workspace/8-2-build-linux-amd64/jdk8u144/9417/hotspot/src/share/vm/prims/jvm.cpp, line 1390]
Event: 4.022 Thread 0x00007f6b1800b000 Exception <a 'java/security/PrivilegedActionException'> (0x00000000eeb3f1b0) thrown at [/HUDSON3/workspace/8-2-build-linux-amd64/jdk8u144/9417/hotspot/src/share/vm/prims/jvm.cpp, line 1390]
Event: 4.023 Thread 0x00007f6b1800b000 Exception <a 'java/security/PrivilegedActionException'> (0x00000000eeb43348) thrown at [/HUDSON3/workspace/8-2-build-linux-amd64/jdk8u144/9417/hotspot/src/share/vm/prims/jvm.cpp, line 1390]
Event: 4.023 Thread 0x00007f6b1800b000 Exception <a 'java/security/PrivilegedActionException'> (0x00000000eeb43740) thrown at [/HUDSON3/workspace/8-2-build-linux-amd64/jdk8u144/9417/hotspot/src/share/vm/prims/jvm.cpp, line 1390]
Event: 4.037 Thread 0x00007f6b1800b000 Exception <a 'java/lang/ArrayIndexOutOfBoundsException'> (0x00000000eebc40a0) thrown at [/HUDSON3/workspace/8-2-build-linux-amd64/jdk8u144/9417/hotspot/src/share/vm/runtime/sharedRuntime.cpp, line 605]
Event: 4.037 Thread 0x00007f6b1800b000 Exception <a 'java/lang/ArrayIndexOutOfBoundsException'> (0x00000000eebc81b8) thrown at [/HUDSON3/workspace/8-2-build-linux-amd64/jdk8u144/9417/hotspot/src/share/vm/runtime/sharedRuntime.cpp, line 605]
Event: 4.037 Thread 0x00007f6b1800b000 Exception <a 'java/lang/ArrayIndexOutOfBoundsException'> (0x00000000eebd0ae0) thrown at [/HUDSON3/workspace/8-2-build-linux-amd64/jdk8u144/9417/hotspot/src/share/vm/runtime/sharedRuntime.cpp, line 605]

Events (10 events):
Event: 4.186 loading class sun/text/normalizer/Trie$DefaultGetFoldingOffset done
Event: 4.190 loading class sun/text/normalizer/TrieIterator
Event: 4.190 loading class sun/text/normalizer/RangeValueIterator
Event: 4.190 loading class sun/text/normalizer/RangeValueIterator done
Event: 4.190 loading class sun/text/normalizer/TrieIterator done
Event: 4.190 loading class sun/text/normalizer/RangeValueIterator$Element
Event: 4.190 loading class sun/text/normalizer/RangeValueIterator$Element done
Event: 4.201 Thread 0x00007f6b1800b000 DEOPT PACKING pc=0x00007f6b09605f7c sp=0x00007f6b21eee0a0
Event: 4.201 Thread 0x00007f6b1800b000 DEOPT UNPACKING pc=0x00007f6b09047633 sp=0x00007f6b21eede20 mode 0
Event: 4.219 Executing VM operation: ParallelGCFailedAllocation


Dynamic libraries:
00400000-00401000 r-xp 00000000 08:01 2106691                            /usr/lib/jvm/java-8-oracle/jre/bin/java
00600000-00601000 rw-p 00000000 08:01 2106691                            /usr/lib/jvm/java-8-oracle/jre/bin/java
01003000-01024000 rw-p 00000000 00:00 0                                  [heap]
c2400000-c4d80000 rw-p 00000000 00:00 0 
c4d80000-eb700000 ---p 00000000 00:00 0 
eb700000-efb00000 rw-p 00000000 00:00 0 
f2000000-100000000 ---p 00000000 00:00 0 
100000000-1001c0000 rw-p 00000000 00:00 0 
1001c0000-140000000 ---p 00000000 00:00 0 
7f6ad4000000-7f6ad4021000 rw-p 00000000 00:00 0 
7f6ad4021000-7f6ad8000000 ---p 00000000 00:00 0 
7f6adc000000-7f6adcf31000 rw-p 00000000 00:00 0 
7f6adcf31000-7f6ae0000000 ---p 00000000 00:00 0 
7f6ae0000000-7f6ae0021000 rw-p 00000000 00:00 0 
7f6ae0021000-7f6ae4000000 ---p 00000000 00:00 0 
7f6ae4000000-7f6ae54d0000 rw-p 00000000 00:00 0 
7f6ae54d0000-7f6ae8000000 ---p 00000000 00:00 0 
7f6ae8000000-7f6ae8021000 rw-p 00000000 00:00 0 
7f6ae8021000-7f6aec000000 ---p 00000000 00:00 0 
7f6aecfff000-7f6af0000000 rw-p 00000000 00:00 0 
7f6af0000000-7f6af0021000 rw-p 00000000 00:00 0 
7f6af0021000-7f6af4000000 ---p 00000000 00:00 0 
7f6af4000000-7f6af4021000 rw-p 00000000 00:00 0 
7f6af4021000-7f6af8000000 ---p 00000000 00:00 0 
7f6af8000000-7f6af828e000 rw-p 00000000 00:00 0 
7f6af828e000-7f6afc000000 ---p 00000000 00:00 0 
7f6afc000000-7f6afc021000 rw-p 00000000 00:00 0 
7f6afc021000-7f6b00000000 ---p 00000000 00:00 0 
7f6b01cfd000-7f6b01d3d000 rw-p 00000000 00:00 0 
7f6b01d3d000-7f6b01efd000 ---p 00000000 00:00 0 
7f6b01efd000-7f6b020fd000 rw-p 00000000 00:00 0 
7f6b0216b000-7f6b02187000 r--s 00393000 08:01 2106535                    /usr/lib/jvm/java-8-oracle/jre/lib/ext/cldrdata.jar
7f6b02187000-7f6b02191000 r--s 00116000 08:01 2106532                    /usr/lib/jvm/java-8-oracle/jre/lib/ext/localedata.jar
7f6b02191000-7f6b02391000 rw-p 00000000 00:00 0 
7f6b02391000-7f6b023a4000 r--s 00345000 08:01 1976712                    /usr/lib/jvm/java-8-oracle/jre/lib/resources.jar
7f6b023a4000-7f6b025a4000 rw-p 00000000 00:00 0 
7f6b025a4000-7f6b025a6000 r--s 00007000 08:01 791719                     /home/madunlap/.m2/repository/org/apache/maven/surefire/surefire-junit4/2.10/surefire-junit4-2.10.jar
7f6b025a6000-7f6b025a8000 r--s 0000b000 08:01 921145                     /home/madunlap/.m2/repository/org/json/json/20160212/json-20160212.jar
7f6b025a8000-7f6b025aa000 r--s 00009000 08:01 921147                     /home/madunlap/.m2/repository/com/mashape/unirest/unirest-java/1.4.9/unirest-java-1.4.9.jar
7f6b025aa000-7f6b025ac000 r--s 0000e000 08:01 921141                     /home/madunlap/.m2/repository/org/jvnet/mimepull/mimepull/1.9.6/mimepull-1.9.6.jar
7f6b025ac000-7f6b025af000 r--s 0000e000 08:01 921143                     /home/madunlap/.m2/repository/org/glassfish/jersey/media/jersey-media-multipart/2.23.2/jersey-media-multipart-2.23.2.jar
7f6b025af000-7f6b025b3000 r--s 00019000 08:01 921137                     /home/madunlap/.m2/repository/javax/ws/rs/javax.ws.rs-api/2.0.1/javax.ws.rs-api-2.0.1.jar
7f6b025b3000-7f6b025b5000 r--s 00010000 08:01 921134                     /home/madunlap/.m2/repository/org/glassfish/jersey/media/jersey-media-jaxb/2.23.2/jersey-media-jaxb-2.23.2.jar
7f6b025b5000-7f6b025ba000 r--s 00025000 08:01 921138                     /home/madunlap/.m2/repository/org/glassfish/jersey/core/jersey-client/2.23.2/jersey-client-2.23.2.jar
7f6b025ba000-7f6b025d0000 r--s 000d3000 08:01 921133                     /home/madunlap/.m2/repository/org/glassfish/jersey/core/jersey-server/2.23.2/jersey-server-2.23.2.jar
7f6b025d0000-7f6b025d1000 r--s 00004000 08:01 921129                     /home/madunlap/.m2/repository/org/glassfish/hk2/osgi-resource-locator/1.0.1/osgi-resource-locator-1.0.1.jar
7f6b025d1000-7f6b025db000 r--s 000ae000 08:01 921127                     /home/madunlap/.m2/repository/org/javassist/javassist/3.20.0-GA/javassist-3.20.0-GA.jar
7f6b025db000-7f6b025de000 r--s 0002a000 08:01 921123                     /home/madunlap/.m2/repository/org/glassfish/hk2/hk2-locator/2.5.0-b05/hk2-locator-2.5.0-b05.jar
7f6b025de000-7f6b025e0000 r--s 00002000 08:01 921128                     /home/madunlap/.m2/repository/org/glassfish/hk2/external/aopalliance-repackaged/2.5.0-b05/aopalliance-repackaged-2.5.0-b05.jar
7f6b025e0000-7f6b025e4000 r--s 0001a000 08:01 921125                     /home/madunlap/.m2/repository/org/glassfish/hk2/hk2-utils/2.5.0-b05/hk2-utils-2.5.0-b05.jar
7f6b025e4000-7f6b025e9000 r--s 00027000 08:01 921118                     /home/madunlap/.m2/repository/org/glassfish/hk2/hk2-api/2.5.0-b05/hk2-api-2.5.0-b05.jar
7f6b025e9000-7f6b02601000 r--s 000d6000 08:01 921120                     /home/madunlap/.m2/repository/org/glassfish/jersey/bundles/repackaged/jersey-guava/2.23.2/jersey-guava-2.23.2.jar
7f6b02601000-7f6b02603000 r--s 00005000 08:01 921116                     /home/madunlap/.m2/repository/javax/annotation/javax.annotation-api/1.2/javax.annotation-api-1.2.jar
7f6b02603000-7f6b02612000 r--s 000a0000 08:01 921111                     /home/madunlap/.m2/repository/org/glassfish/jersey/core/jersey-common/2.23.2/jersey-common-2.23.2.jar
7f6b02612000-7f6b02613000 r--s 00001000 08:01 921113                     /home/madunlap/.m2/repository/org/glassfish/hk2/external/javax.inject/2.5.0-b05/javax.inject-2.5.0-b05.jar
7f6b02613000-7f6b02616000 r--s 0000e000 08:01 921110                     /home/madunlap/.m2/repository/org/glassfish/jersey/containers/jersey-container-servlet-core/2.23.2/jersey-container-servlet-core-2.23.2.jar
7f6b02616000-7f6b02618000 r--s 00003000 08:01 921107                     /home/madunlap/.m2/repository/org/glassfish/jersey/containers/jersey-container-servlet/2.23.2/jersey-container-servlet-2.23.2.jar
7f6b02618000-7f6b0261a000 r--s 00008000 08:01 921112                     /home/madunlap/.m2/repository/com/google/auto/auto-common/0.3/auto-common-0.3.jar
7f6b0261a000-7f6b0261b000 r--s 00002000 08:01 921105                     /home/madunlap/.m2/repository/com/google/auto/service/auto-service/1.0-rc2/auto-service-1.0-rc2.jar
7f6b0261b000-7f6b0261d000 r--s 0000c000 08:01 921153                     /home/madunlap/.m2/repository/com/lyncode/xoai-service-provider/4.1.0-header-patch/xoai-service-provider-4.1.0-header-patch.jar
7f6b0261d000-7f6b0261e000 r--s 00001000 08:01 921104                     /home/madunlap/.m2/repository/com/lyncode/builder-commons/1.0.2/builder-commons-1.0.2.jar
7f6b0261e000-7f6b02621000 r--s 00012000 08:01 921152                     /home/madunlap/.m2/repository/com/lyncode/xoai-data-provider/4.1.0-header-patch/xoai-data-provider-4.1.0-header-patch.jar
7f6b02621000-7f6b02623000 r--s 00005000 08:01 791390                     /home/madunlap/.m2/repository/stax/stax-api/1.0.1/stax-api-1.0.1.jar
7f6b02623000-7f6b02629000 r--s 00048000 08:01 921101                     /home/madunlap/.m2/repository/org/apache/commons/commons-lang3/3.1/commons-lang3-3.1.jar
7f6b02629000-7f6b0262b000 r--s 00004000 08:01 921097                     /home/madunlap/.m2/repository/javax/xml/stream/stax-api/1.0-2/stax-api-1.0-2.jar
7f6b0262b000-7f6b0262f000 r--s 00029000 08:01 921098                     /home/madunlap/.m2/repository/org/codehaus/woodstox/stax2-api/3.0.4/stax2-api-3.0.4.jar
7f6b0262f000-7f6b02635000 r--s 00045000 08:01 921095                     /home/madunlap/.m2/repository/org/hamcrest/hamcrest-all/1.3/hamcrest-all-1.3.jar
7f6b02635000-7f6b0263a000 r--s 00016000 08:01 791388                     /home/madunlap/.m2/repository/xml-apis/xml-apis/1.0.b2/xml-apis-1.0.b2.jar
7f6b0263a000-7f6b0263b000 r--s 00003000 08:01 921092                     /home/madunlap/.m2/repository/com/lyncode/test-support/1.0.4/test-support-1.0.4.jar
7f6b0263b000-7f6b0263d000 r--s 00004000 08:01 921090                     /home/madunlap/.m2/repository/com/lyncode/xml-io/1.0.3/xml-io-1.0.3.jar
7f6b0263d000-7f6b0263f000 r--s 0000d000 08:01 921151                     /home/madunlap/.m2/repository/com/lyncode/xoai-common/4.1.0-header-patch/xoai-common-4.1.0-header-patch.jar
7f6b0263f000-7f6b02642000 r--s 00011000 08:01 921088                     /home/madunlap/.m2/repository/com/github/scribejava/scribejava-core/3.1.0/scribejava-core-3.1.0.jar
7f6b02642000-7f6b02645000 r--s 00010000 08:01 921084                     /home/madunlap/.m2/repository/com/github/scribejava/scribejava-apis/3.1.0/scribejava-apis-3.1.0.jar
7f6b02645000-7f6b0264e000 r--s 0006f000 08:01 921083                     /home/madunlap/.m2/repository/log4j/log4j/1.2.17/log4j-1.2.17.jar
7f6b0264e000-7f6b02725000 r--s 007aa000 08:01 921093                     /home/madunlap/.m2/repository/net/sf/ehcache/ehcache/2.10.1/ehcache-2.10.1.jar
7f6b02725000-7f6b02727000 r--s 00008000 08:01 921082                     /home/madunlap/.m2/repository/org/apache/commons/commons-csv/1.2/commons-csv-1.2.jar
7f6b02727000-7f6b0272b000 r--s 00035000 08:01 921081                     /home/madunlap/.m2/repository/com/fasterxml/jackson/core/jackson-core/2.5.3/jackson-core-2.5.3.jar
7f6b0272b000-7f6b0272d000 r--s 00008000 08:01 921075                     /home/madunlap/.m2/repository/com/fasterxml/jackson/core/jackson-annotations/2.5.0/jackson-annotations-2.5.0.jar
7f6b0272d000-7f6b0273f000 r--s 00106000 08:01 921073                     /home/madunlap/.m2/repository/com/fasterxml/jackson/core/jackson-databind/2.5.3/jackson-databind-2.5.3.jar
7f6b0273f000-7f6b02742000 r--s 00006000 08:01 921070                     /home/madunlap/.m2/repository/com/google/code/findbugs/jsr305/1.3.9/jsr305-1.3.9.jar
7f6b02742000-7f6b02748000 r--s 00040000 08:01 921074                     /home/madunlap/.m2/repository/com/google/http-client/google-http-client/1.20.0/google-http-client-1.20.0.jar
7f6b02748000-7f6b02749000 r--s 00004000 08:01 921066                     /home/madunlap/.m2/repository/com/maxmind/db/maxmind-db/1.0.0/maxmind-db-1.0.0.jar
7f6b02749000-7f6b0274b000 r--s 00007000 08:01 921064                     /home/madunlap/.m2/repository/com/maxmind/geoip2/geoip2/2.3.1/geoip2-2.3.1.jar
7f6b0274b000-7f6b0274d000 r--s 00003000 08:01 921062                     /home/madunlap/.m2/repository/org/slf4j/jcl-over-slf4j/1.7.2/jcl-over-slf4j-1.7.2.jar
7f6b0274d000-7f6b02751000 r--s 00034000 08:01 921067                     /home/madunlap/.m2/repository/org/codehaus/jackson/jackson-core-asl/1.9.7/jackson-core-asl-1.9.7.jar
7f6b02751000-7f6b02760000 r--s 000b0000 08:01 921065                     /home/madunlap/.m2/repository/org/codehaus/jackson/jackson-mapper-asl/1.9.7/jackson-mapper-asl-1.9.7.jar
7f6b02760000-7f6b0276a000 r--s 0003d000 08:01 921060                     /home/madunlap/.m2/repository/org/javaswift/joss/0.9.10/joss-0.9.10.jar
7f6b0276a000-7f6b02771000 r--s 0003a000 08:01 921056                     /home/madunlap/.m2/repository/commons-codec/commons-codec/1.9/commons-codec-1.9.jar
7f6b02771000-7f6b02778000 r--s 00048000 08:01 921054                     /home/madunlap/.m2/repository/org/apache/httpcomponents/httpcore/4.4.1/httpcore-4.4.1.jar
7f6b02778000-7f6b02785000 r--s 000a4000 08:01 921052                     /home/madunlap/.m2/repository/org/apache/httpcomponents/httpclient/4.4.1/httpclient-4.4.1.jar
7f6b02785000-7f6b02789000 r--s 00028000 08:01 921050                     /home/madunlap/.m2/repository/org/apache/httpcomponents/httpasyncclient/4.1/httpasyncclient-4.1.jar
7f6b02789000-7f6b02790000 r--s 00050000 08:01 921049                     /home/madunlap/.m2/repository/org/apache/httpcomponents/httpcore-nio/4.4.1/httpcore-nio-4.4.1.jar
7f6b02790000-7f6b02796000 r--s 00033000 08:01 921046                     /home/madunlap/.m2/repository/io/searchbox/jest-common/0.1.7/jest-common-0.1.7.jar
7f6b02796000-7f6b02797000 r--s 00004000 08:01 921045                     /home/madunlap/.m2/repository/io/searchbox/jest/0.1.7/jest-0.1.7.jar
7f6b02797000-7f6b0279a000 r--s 0000f000 08:01 921042                     /home/madunlap/.m2/repository/commons-discovery/commons-discovery/0.2/commons-discovery-0.2.jar
7f6b0279a000-7f6b0279d000 r--s 0001c000 08:01 921043                     /home/madunlap/.m2/repository/axis/axis-wsdl4j/1.5.1/axis-wsdl4j-1.5.1.jar
7f6b0279d000-7f6b0279e000 r--s 00004000 08:01 921039                     /home/madunlap/.m2/repository/org/apache/axis/axis-saaj/1.4/axis-saaj-1.4.jar
7f6b0279e000-7f6b027a0000 r--s 00006000 08:01 921036                     /home/madunlap/.m2/repository/org/apache/axis/axis-jaxrpc/1.4/axis-jaxrpc-1.4.jar
7f6b027a0000-7f6b027b4000 r--s 00173000 08:01 921038                     /home/madunlap/.m2/repository/axis/axis/1.4/axis-1.4.jar
7f6b027b4000-7f6b027b6000 r--s 00009000 08:01 921034                     /home/madunlap/.m2/repository/org/objenesis/objenesis/2.1/objenesis-2.1.jar
7f6b027b6000-7f6b027d2000 r--s 00103000 08:01 921030                     /home/madunlap/.m2/repository/org/mockito/mockito-core/1.10.19/mockito-core-1.10.19.jar
7f6b027d2000-7f6b027d4000 r--s 00001000 08:01 921031                     /home/madunlap/.m2/repository/org/slf4j/slf4j-log4j12/1.7.7/slf4j-log4j12-1.7.7.jar
7f6b027d4000-7f6b027d6000 r--s 00006000 08:01 791385                     /home/madunlap/.m2/repository/org/slf4j/slf4j-api/1.7.7/slf4j-api-1.7.7.jar
7f6b027d6000-7f6b027da000 r--s 0001f000 08:01 921028                     /home/madunlap/.m2/repository/org/jacoco/org.jacoco.report/0.7.5.201505241946/org.jacoco.report-0.7.5.201505241946.jar
7f6b027da000-7f6b027df000 r--s 00058000 08:01 921027                     /home/madunlap/.m2/repository/org/ow2/asm/asm-debug-all/5.0.1/asm-debug-all-5.0.1.jar
7f6b027df000-7f6b027e3000 r--s 0001d000 08:01 791383                     /home/madunlap/.m2/repository/org/jacoco/org.jacoco.core/0.7.5.201505241946/org.jacoco.core-0.7.5.201505241946.jar
7f6b027e3000-7f6b027e4000 ---p 00000000 00:00 0 
7f6b027e4000-7f6b028e4000 rw-p 00000000 00:00 0 
7f6b028e4000-7f6b028e7000 ---p 00000000 00:00 0 
7f6b028e7000-7f6b029e5000 rw-p 00000000 00:00 0 
7f6b029e5000-7f6b029e8000 ---p 00000000 00:00 0 
7f6b029e8000-7f6b02ae6000 rw-p 00000000 00:00 0 
7f6b02ae6000-7f6b02ae9000 ---p 00000000 00:00 0 
7f6b02ae9000-7f6b02be7000 rw-p 00000000 00:00 0 
7f6b02be7000-7f6b02bf8000 r-xp 00000000 08:01 2106483                    /usr/lib/jvm/java-8-oracle/jre/lib/amd64/libnio.so
7f6b02bf8000-7f6b02df7000 ---p 00011000 08:01 2106483                    /usr/lib/jvm/java-8-oracle/jre/lib/amd64/libnio.so
7f6b02df7000-7f6b02df8000 rw-p 00010000 08:01 2106483                    /usr/lib/jvm/java-8-oracle/jre/lib/amd64/libnio.so
7f6b02df8000-7f6b02e0e000 r-xp 00000000 08:01 2106458                    /usr/lib/jvm/java-8-oracle/jre/lib/amd64/libnet.so
7f6b02e0e000-7f6b0300e000 ---p 00016000 08:01 2106458                    /usr/lib/jvm/java-8-oracle/jre/lib/amd64/libnet.so
7f6b0300e000-7f6b0300f000 rw-p 00016000 08:01 2106458                    /usr/lib/jvm/java-8-oracle/jre/lib/amd64/libnet.so
7f6b0300f000-7f6b03012000 r--s 0001a000 08:01 1976716                    /usr/lib/jvm/java-8-oracle/jre/lib/jce.jar
7f6b03012000-7f6b03017000 r--s 0009a000 08:01 1976643                    /usr/lib/jvm/java-8-oracle/jre/lib/jsse.jar
7f6b03017000-7f6b0301d000 r--s 00041000 08:01 661360                     /home/madunlap/.m2/repository/org/jacoco/org.jacoco.agent/0.7.5.201505241946/org.jacoco.agent-0.7.5.201505241946-runtime.jar
7f6b0301d000-7f6b0301f000 r--s 0000e000 08:01 921023                     /home/madunlap/.m2/repository/oro/oro/2.0.8/oro-2.0.8.jar
7f6b0301f000-7f6b03027000 r--s 00058000 08:01 921019                     /home/madunlap/.m2/repository/org/apache/velocity/velocity/1.5/velocity-1.5.jar
7f6b03027000-7f6b03028000 r--s 00001000 08:01 921022                     /home/madunlap/.m2/repository/org/codehaus/plexus/plexus-velocity/1.1.7/plexus-velocity-1.1.7.jar
7f6b03028000-7f6b03029000 r--s 00002000 08:01 921017                     /home/madunlap/.m2/repository/org/codehaus/plexus/plexus-i18n/1.0-beta-7/plexus-i18n-1.0-beta-7.jar
7f6b03029000-7f6b0302b000 r--s 00008000 08:01 921015                     /home/madunlap/.m2/repository/org/apache/maven/doxia/doxia-module-fml/1.1.2/doxia-module-fml-1.1.2.jar
7f6b0302b000-7f6b0302c000 r--s 00003000 08:01 921016                     /home/madunlap/.m2/repository/org/apache/maven/doxia/doxia-module-xhtml/1.1.2/doxia-module-xhtml-1.1.2.jar
7f6b0302c000-7f6b0302e000 r--s 0000b000 08:01 921011                     /home/madunlap/.m2/repository/org/apache/maven/doxia/doxia-decoration-model/1.1.2/doxia-decoration-model-1.1.2.jar
7f6b0302e000-7f6b03030000 r--s 0000b000 08:01 921008                     /home/madunlap/.m2/repository/org/apache/maven/doxia/doxia-site-renderer/1.1.2/doxia-site-renderer-1.1.2.jar
7f6b03030000-7f6b03034000 r--s 00023000 08:01 921010                     /home/madunlap/.m2/repository/org/apache/maven/doxia/doxia-core/1.1.2/doxia-core-1.1.2.jar
7f6b03034000-7f6b03036000 r--s 00003000 08:01 921007                     /home/madunlap/.m2/repository/org/apache/maven/reporting/maven-reporting-impl/2.1/maven-reporting-impl-2.1.jar
7f6b03036000-7f6b03037000 r--s 00002000 08:01 921004                     /home/madunlap/.m2/repository/org/apache/maven/doxia/doxia-logging-api/1.1/doxia-logging-api-1.1.jar
7f6b03037000-7f6b03039000 r--s 00002000 08:01 921001                     /home/madunlap/.m2/repository/org/apache/maven/doxia/doxia-sink-api/1.1/doxia-sink-api-1.1.jar
7f6b03039000-7f6b0303a000 r--s 00002000 08:01 920999                     /home/madunlap/.m2/repository/org/apache/maven/reporting/maven-reporting-api/2.2.1/maven-reporting-api-2.2.1.jar
7f6b0303a000-7f6b0303c000 r--s 00008000 08:01 920995                     /home/madunlap/.m2/repository/org/apache/maven/shared/maven-shared-io/1.1/maven-shared-io-1.1.jar
7f6b0303c000-7f6b0303e000 r--s 00008000 08:01 920998                     /home/madunlap/.m2/repository/org/apache/maven/shared/file-management/1.2.1/file-management-1.2.1.jar
7f6b0303e000-7f6b03043000 r--s 00039000 08:01 920997                     /home/madunlap/.m2/repository/org/codehaus/plexus/plexus-utils/1.5.6/plexus-utils-1.5.6.jar
7f6b03043000-7f6b03045000 r--s 00008000 08:01 920991                     /home/madunlap/.m2/repository/classworlds/classworlds/1.1-alpha-2/classworlds-1.1-alpha-2.jar
7f6b03045000-7f6b0304c000 r--s 00029000 08:01 920988                     /home/madunlap/.m2/repository/org/codehaus/plexus/plexus-container-default/1.0-alpha-9-stable-1/plexus-container-default-1.0-alpha-9-stable-1.jar
7f6b0304c000-7f6b0304f000 r--s 00011000 08:01 920989                     /home/madunlap/.m2/repository/org/apache/maven/maven-artifact/2.2.1/maven-artifact-2.2.1.jar
7f6b0304f000-7f6b03051000 r--s 0000b000 08:01 920985                     /home/madunlap/.m2/repository/org/codehaus/plexus/plexus-interpolation/1.11/plexus-interpolation-1.11.jar
7f6b03051000-7f6b03053000 r--s 00006000 08:01 920982                     /home/madunlap/.m2/repository/org/apache/maven/maven-plugin-registry/2.2.1/maven-plugin-registry-2.2.1.jar
7f6b03053000-7f6b0305b000 r--s 00049000 08:01 920984                     /home/madunlap/.m2/repository/backport-util-concurrent/backport-util-concurrent/3.1/backport-util-concurrent-3.1.jar
7f6b0305b000-7f6b0305d000 r--s 0000b000 08:01 920978                     /home/madunlap/.m2/repository/org/apache/maven/wagon/wagon-provider-api/1.0-beta-6/wagon-provider-api-1.0-beta-6.jar
7f6b0305d000-7f6b0305f000 r--s 00005000 08:01 920980                     /home/madunlap/.m2/repository/org/apache/maven/maven-repository-metadata/2.2.1/maven-repository-metadata-2.2.1.jar
7f6b0305f000-7f6b03061000 r--s 0000f000 08:01 920975                     /home/madunlap/.m2/repository/org/apache/maven/maven-artifact-manager/2.2.1/maven-artifact-manager-2.2.1.jar
7f6b03061000-7f6b03063000 r--s 00014000 08:01 920971                     /home/madunlap/.m2/repository/org/apache/maven/maven-model/2.2.1/maven-model-2.2.1.jar
7f6b03063000-7f6b03065000 r--s 00007000 08:01 920969                     /home/madunlap/.m2/repository/org/apache/maven/maven-profile/2.2.1/maven-profile-2.2.1.jar
7f6b03065000-7f6b03066000 r--s 0000b000 08:01 920972                     /home/madunlap/.m2/repository/org/apache/maven/maven-settings/2.2.1/maven-settings-2.2.1.jar
7f6b03066000-7f6b0306a000 r--s 00023000 08:01 920973                     /home/madunlap/.m2/repository/org/apache/maven/maven-project/2.2.1/maven-project-2.2.1.jar
7f6b0306a000-7f6b0306c000 r--s 00002000 08:01 661356                     /home/madunlap/.m2/repository/org/apache/maven/maven-plugin-api/2.2.1/maven-plugin-api-2.2.1.jar
7f6b0306c000-7f6b0306e000 r--s 0000b000 08:01 660606                     /home/madunlap/.m2/repository/org/jacoco/jacoco-maven-plugin/0.7.5.201505241946/jacoco-maven-plugin-0.7.5.201505241946.jar
7f6b0306e000-7f6b03070000 r--s 00013000 08:01 791380                     /home/madunlap/.m2/repository/com/jayway/restassured/xml-path/2.4.0/xml-path-2.4.0.jar
7f6b03070000-7f6b03072000 r--s 00007000 08:01 791379                     /home/madunlap/.m2/repository/com/jayway/restassured/rest-assured-common/2.4.0/rest-assured-common-2.4.0.jar
7f6b03072000-7f6b03074000 r--s 0001e000 08:01 661355                     /home/madunlap/.m2/repository/org/codehaus/groovy/groovy-json/2.3.7/groovy-json-2.3.7.jar
7f6b03074000-7f6b03076000 r--s 0000d000 08:01 791376                     /home/madunlap/.m2/repository/com/jayway/restassured/json-path/2.4.0/json-path-2.4.0.jar
7f6b03076000-7f6b03078000 r--s 00015000 08:01 791373                     /home/madunlap/.m2/repository/org/ccil/cowan/tagsoup/tagsoup/1.2.1/tagsoup-1.2.1.jar
7f6b03078000-7f6b03079000 r--s 0000c000 08:01 791372                     /home/madunlap/.m2/repository/org/hamcrest/hamcrest-library/1.3/hamcrest-library-1.3.jar
7f6b03079000-7f6b0307b000 r--s 00009000 08:01 791370                     /home/madunlap/.m2/repository/org/hamcrest/hamcrest-core/1.3/hamcrest-core-1.3.jar
7f6b0307b000-7f6b03080000 r--s 00034000 08:01 661352                     /home/madunlap/.m2/repository/org/codehaus/groovy/groovy-xml/2.3.7/groovy-xml-2.3.7.jar
7f6b03080000-7f6b030c9000 r--s 003fb000 08:01 661354                     /home/madunlap/.m2/repository/org/codehaus/groovy/groovy/2.3.7/groovy-2.3.7.jar
7f6b030c9000-7f6b030d3000 r--s 0008c000 08:01 791368                     /home/madunlap/.m2/repository/com/jayway/restassured/rest-assured/2.4.0/rest-assured-2.4.0.jar
7f6b030d3000-7f6b030d9000 r--s 00044000 08:01 791367                     /home/madunlap/.m2/repository/org/jsoup/jsoup/1.8.1/jsoup-1.8.1.jar
7f6b030d9000-7f6b030db000 r--s 00004000 08:01 791401                     /home/madunlap/.m2/repository/edu/ucsb/nceas/ezid/1.0.0/ezid-1.0.0.jar
7f6b030db000-7f6b030de000 r--s 0000b000 08:01 791362                     /home/madunlap/.m2/repository/org/ocpsoft/rewrite/rewrite-integration-faces/2.0.12.Final/rewrite-integration-faces-2.0.12.Final.jar
7f6b030de000-7f6b030e0000 r--s 00001000 08:01 791360                     /home/madunlap/.m2/repository/org/ocpsoft/rewrite/rewrite-annotations-api/2.0.12.Final/rewrite-annotations-api-2.0.12.Final.jar
7f6b030e0000-7f6b030e1000 r--s 00005000 08:01 791359                     /home/madunlap/.m2/repository/org/ocpsoft/rewrite/rewrite-addressbuilder/2.0.12.Final/rewrite-addressbuilder-2.0.12.Final.jar
7f6b030e1000-7f6b030e3000 r--s 00008000 08:01 791357                     /home/madunlap/.m2/repository/org/ocpsoft/rewrite/rewrite-api-servlet/2.0.12.Final/rewrite-api-servlet-2.0.12.Final.jar
7f6b030e3000-7f6b030e5000 r--s 00001000 08:01 791354                     /home/madunlap/.m2/repository/org/ocpsoft/logging/logging-api/1.0.2.Final/logging-api-1.0.2.Final.jar
7f6b030e5000-7f6b030e6000 r--s 00003000 08:01 791353                     /home/madunlap/.m2/repository/org/ocpsoft/common/common-api/1.0.5.Final/common-api-1.0.5.Final.jar
7f6b030e6000-7f6b030ea000 r--s 00018000 08:01 791351                     /home/madunlap/.m2/repository/org/ocpsoft/rewrite/rewrite-api/2.0.12.Final/rewrite-api-2.0.12.Final.jar
7f6b030ea000-7f6b030ec000 r--s 00005000 08:01 791349                     /home/madunlap/.m2/repository/org/ocpsoft/rewrite/rewrite-annotations-impl/2.0.12.Final/rewrite-annotations-impl-2.0.12.Final.jar
7f6b030ec000-7f6b030fa000 r--s 00092000 08:01 791352                     /home/madunlap/.m2/repository/org/ocpsoft/rewrite/rewrite-config-prettyfaces/2.0.12.Final/rewrite-config-prettyfaces-2.0.12.Final.jar
7f6b030fa000-7f6b03108000 r--s 0005f000 08:01 791345                     /home/madunlap/.m2/repository/org/ocpsoft/rewrite/rewrite-servlet/2.0.12.Final/rewrite-servlet-2.0.12.Final.jar
7f6b03108000-7f6b0310c000 r--s 0003c000 08:01 791218                     /home/madunlap/.m2/repository/javax/media/jai_codec/1.1.3/jai_codec-1.1.3.jar
7f6b0310c000-7f6b03120000 r--s 001bd000 08:01 791220                     /home/madunlap/.m2/repository/javax/media/jai_core/1.1.3/jai_core-1.1.3.jar
7f6b03120000-7f6b03131000 r--s 00106000 08:01 791219                     /home/madunlap/.m2/repository/javax/media/jai_imageio/1.1.1/jai_imageio-1.1.1.jar
7f6b03131000-7f6b03133000 r--s 00009000 08:01 791399                     /home/madunlap/.m2/repository/edu/harvard/hul/ois/jhove/jhove-handler/1.11.0/jhove-handler-1.11.0.jar
7f6b03133000-7f6b0313c000 r--s 00079000 08:01 791398                     /home/madunlap/.m2/repository/edu/harvard/hul/ois/jhove/jhove-module/1.11.0/jhove-module-1.11.0.jar
7f6b0313c000-7f6b0313f000 r--s 00011000 08:01 791396                     /home/madunlap/.m2/repository/edu/harvard/hul/ois/jhove/jhove/1.11.0/jhove-1.11.0.jar
7f6b0313f000-7f6b0314f000 r--s 0011f000 08:01 791342                     /home/madunlap/.m2/repository/org/apache/poi/poi-scratchpad/3.10-FINAL/poi-scratchpad-3.10-FINAL.jar
7f6b0314f000-7f6b03155000 r--s 00047000 08:01 791341                     /home/madunlap/.m2/repository/org/apache/poi/poi-examples/3.10-FINAL/poi-examples-3.10-FINAL.jar
7f6b03155000-7f6b0315a000 r--s 00048000 08:01 791338                     /home/madunlap/.m2/repository/dom4j/dom4j/1.6.1/dom4j-1.6.1.jar
7f6b0315a000-7f6b03197000 r--s 0024f000 08:01 791336                     /home/madunlap/.m2/repository/org/apache/xmlbeans/xmlbeans/2.3.0/xmlbeans-2.3.0.jar
7f6b03197000-7f6b0322f000 r--s 00420000 08:01 791334                     /home/madunlap/.m2/repository/org/apache/poi/poi-ooxml-schemas/3.10-FINAL/poi-ooxml-schemas-3.10-FINAL.jar
7f6b0322f000-7f6b0323d000 r--s 000ee000 08:01 791333                     /home/madunlap/.m2/repository/org/apache/poi/poi-ooxml/3.10-FINAL/poi-ooxml-3.10-FINAL.jar
7f6b0323d000-7f6b0325f000 r--s 001bb000 08:01 791332                     /home/madunlap/.m2/repository/org/apache/poi/poi/3.10-FINAL/poi-3.10-FINAL.jar
7f6b0325f000-7f6b03261000 r--s 00006000 08:01 791331                     /home/madunlap/.m2/repository/org/nuiton/thirdparty/Rserve/0.6-1/Rserve-0.6-1.jar
7f6b03261000-7f6b03263000 r--s 00006000 08:01 791328                     /home/madunlap/.m2/repository/org/nuiton/thirdparty/REngine/0.6-1/REngine-0.6-1.jar
7f6b03263000-7f6b03264000 r--s 0000c000 08:01 791397                     /home/madunlap/.m2/repository/org/dataverse/unf/6.0/unf-6.0.jar
7f6b03264000-7f6b0326d000 r--s 000a6000 08:01 791393                     /home/madunlap/.m2/repository/net/handle/handle/2006-06-16-generated/handle-2006-06-16-generated.jar
7f6b0326d000-7f6b03270000 r--s 00035000 08:01 791395                     /home/madunlap/.m2/repository/nom/tam/fits/fits/2012-10-25-generated/fits-2012-10-25-generated.jar
7f6b03270000-7f6b03277000 r--s 00028000 08:01 791326                     /home/madunlap/.m2/repository/concurrent/concurrent/1.3.4/concurrent-1.3.4.jar
7f6b03277000-7f6b03285000 r--s 00081000 08:01 791324                     /home/madunlap/.m2/repository/colt/colt/1.2.0/colt-1.2.0.jar
7f6b03285000-7f6b03292000 r--s 00083000 08:01 791320                     /home/madunlap/.m2/repository/commons-collections/commons-collections/3.2.2/commons-collections-3.2.2.jar
7f6b03292000-7f6b03296000 r--s 00020000 08:01 791319                     /home/madunlap/.m2/repository/commons-digester/commons-digester/1.8.1/commons-digester-1.8.1.jar
7f6b03296000-7f6b0329b000 r--s 00035000 08:01 791317                     /home/madunlap/.m2/repository/commons-beanutils/commons-beanutils/1.9.2/commons-beanutils-1.9.2.jar
7f6b0329b000-7f6b0329f000 r--s 0002a000 08:01 791315                     /home/madunlap/.m2/repository/commons-validator/commons-validator/1.6/commons-validator-1.6.jar
7f6b0329f000-7f6b032b2000 r--s 000df000 08:01 791313                     /home/madunlap/.m2/repository/org/apache/commons/commons-math/2.2/commons-math-2.2.jar
7f6b032b2000-7f6b032b4000 r--s 0000e000 08:01 791309                     /home/madunlap/.m2/repository/commons-logging/commons-logging/1.1.3/commons-logging-1.1.3.jar
7f6b032b4000-7f6b032b6000 r--s 00005000 08:01 791311                     /home/madunlap/.m2/repository/org/apache/httpcomponents/httpmime/4.2.6/httpmime-4.2.6.jar
7f6b032b6000-7f6b032c2000 r--s 000b3000 08:01 791304                     /home/madunlap/.m2/repository/org/apache/zookeeper/zookeeper/3.4.5/zookeeper-3.4.5.jar
7f6b032c2000-7f6b032ca000 r--s 0005b000 08:01 791305                     /home/madunlap/.m2/repository/org/apache/solr/solr-solrj/4.6.0/solr-solrj-4.6.0.jar
7f6b032ca000-7f6b032cf000 r--s 00041000 08:01 791300                     /home/madunlap/.m2/repository/commons-lang/commons-lang/2.6/commons-lang-2.6.jar
7f6b032cf000-7f6b032d1000 r--s 0000d000 08:01 791302                     /home/madunlap/.m2/repository/com/fasterxml/classmate/1.0.0/classmate-1.0.0.jar
7f6b032d1000-7f6b032d3000 r--s 0000d000 08:01 791296                     /home/madunlap/.m2/repository/org/jboss/logging/jboss-logging/3.1.1.GA/jboss-logging-3.1.1.GA.jar
7f6b032d3000-7f6b032d7000 r--s 0000c000 08:01 791294                     /home/madunlap/.m2/repository/javax/validation/validation-api/1.1.0.Final/validation-api-1.1.0.Final.jar
7f6b032d7000-7f6b032e4000 r--s 00080000 08:01 791293                     /home/madunlap/.m2/repository/org/hibernate/hibernate-validator/5.0.3.Final/hibernate-validator-5.0.3.Final.jar
7f6b032e4000-7f6b032ee000 r--s 0006b000 08:01 791289                     /home/madunlap/.m2/repository/org/omnifaces/omnifaces/1.7/omnifaces-1.7.jar
7f6b032ee000-7f6b032fd000 r--s 000c4000 08:01 791290                     /home/madunlap/.m2/repository/org/atmosphere/atmosphere-runtime/2.4.2/atmosphere-runtime-2.4.2.jar
7f6b032fd000-7f6b03311000 r--s 0013a000 08:01 791121                     /home/madunlap/.m2/repository/org/primefaces/themes/all-themes/1.0.10/all-themes-1.0.10.jar
7f6b03311000-7f6b0333d000 r--s 00318000 08:01 791288                     /home/madunlap/.m2/repository/org/primefaces/primefaces/5.3/primefaces-5.3.jar
7f6b0333d000-7f6b0335f000 r--s 00120000 08:01 791284                     /home/madunlap/.m2/repository/javax/javaee-web-api/7.0/javaee-web-api-7.0.jar
7f6b0335f000-7f6b03367000 r--s 00078000 08:01 791280                     /home/madunlap/.m2/repository/com/sun/mail/javax.mail/1.5.0/javax.mail-1.5.0.jar
7f6b03367000-7f6b0339b000 r--s 001a4000 08:01 791278                     /home/madunlap/.m2/repository/javax/javaee-api/7.0/javaee-api-7.0.jar
7f6b0339b000-7f6b033c6000 r--s 001f5000 08:01 791277                     /home/madunlap/.m2/repository/com/google/guava/guava/16.0.1/guava-16.0.1.jar
7f6b033c6000-7f6b033e4000 r--s 0027d000 08:01 791273                     /home/madunlap/.m2/repository/xalan/xalan/2.7.0/xalan-2.7.0.jar
7f6b033e4000-7f6b033f8000 r--s 000e3000 08:01 791272                     /home/madunlap/.m2/repository/xerces/xercesImpl/2.6.2/xercesImpl-2.6.2.jar
7f6b033f8000-7f6b033fe000 r--s 00019000 08:01 791270                     /home/madunlap/.m2/repository/xerces/xmlParserAPIs/2.6.2/xmlParserAPIs-2.6.2.jar
7f6b033fe000-7f6b03405000 r--s 00063000 08:01 791268                     /home/madunlap/.m2/repository/xom/xom/1.1/xom-1.1.jar
7f6b03405000-7f6b0340a000 r--s 0002a000 08:01 791265                     /home/madunlap/.m2/repository/com/google/code/gson/gson/2.2.4/gson-2.2.4.jar
7f6b0340a000-7f6b0340e000 r--s 00027000 08:01 791263                     /home/madunlap/.m2/repository/commons-io/commons-io/2.2/commons-io-2.2.jar
7f6b0340e000-7f6b03414000 r--s 00032000 08:01 791261                     /home/madunlap/.m2/repository/jaxen/jaxen/1.1.1/jaxen-1.1.1.jar
7f6b03414000-7f6b03820000 r--s 03c80000 08:01 791225                     /home/madunlap/.m2/repository/com/amazonaws/aws-java-sdk-bundle/1.11.172/aws-java-sdk-bundle-1.11.172.jar
7f6b03820000-7f6b03823000 ---p 00000000 00:00 0 
7f6b03823000-7f6b03921000 rw-p 00000000 00:00 0 
7f6b03921000-7f6b03bfc000 r--p 00000000 08:01 1441812                    /usr/lib/locale/locale-archive
7f6b03bfc000-7f6b03bff000 ---p 00000000 00:00 0 
7f6b03bff000-7f6b03cfd000 rw-p 00000000 00:00 0 
7f6b03cfd000-7f6b03d00000 ---p 00000000 00:00 0 
7f6b03d00000-7f6b03dfe000 rw-p 00000000 00:00 0 
7f6b03dfe000-7f6b03dff000 ---p 00000000 00:00 0 
7f6b03dff000-7f6b04000000 rw-p 00000000 00:00 0 
7f6b04000000-7f6b04021000 rw-p 00000000 00:00 0 
7f6b04021000-7f6b08000000 ---p 00000000 00:00 0 
7f6b08000000-7f6b08001000 r--s 00018000 08:01 791394                     /home/madunlap/.m2/repository/edu/harvard/iq/dvn/unf5/5.0/unf5-5.0.jar
7f6b08001000-7f6b08003000 r--s 0000e000 08:01 791282                     /home/madunlap/.m2/repository/javax/activation/activation/1.1/activation-1.1.jar
7f6b08003000-7f6b08005000 r--s 0000f000 08:01 791260                     /home/madunlap/.m2/repository/commons-fileupload/commons-fileupload/1.3.1/commons-fileupload-1.3.1.jar
7f6b08005000-7f6b0800c000 r--s 00079000 08:01 661348                     /home/madunlap/.m2/repository/org/codehaus/woodstox/wstx-asl/3.2.6/wstx-asl-3.2.6.jar
7f6b0800c000-7f6b08011000 r--s 00070000 08:01 661349                     /home/madunlap/.m2/repository/org/codehaus/woodstox/woodstox-core-asl/4.1.4/woodstox-core-asl-4.1.4.jar
7f6b08011000-7f6b08015000 r--s 00026000 08:01 791256                     /home/madunlap/.m2/repository/org/apache/ws/commons/axiom/axiom-impl/1.2.14/axiom-impl-1.2.14.jar
7f6b08015000-7f6b08018000 r--s 00015000 08:01 791254                     /home/madunlap/.m2/repository/org/apache/james/apache-mime4j-core/0.7.2/apache-mime4j-core-0.7.2.jar
7f6b08018000-7f6b0801d000 r--s 00032000 08:01 791252                     /home/madunlap/.m2/repository/org/apache/geronimo/specs/geronimo-javamail_1.4_spec/1.7.1/geronimo-javamail_1.4_spec-1.7.1.jar
7f6b0801d000-7f6b08027000 r--s 0005d000 08:01 791250                     /home/madunlap/.m2/repository/org/apache/ws/commons/axiom/axiom-api/1.2.14/axiom-api-1.2.14.jar
7f6b08027000-7f6b0802a000 r--s 0014e000 08:01 791249                     /home/madunlap/.m2/repository/org/apache/abdera/abdera-parser/1.1.3/abdera-parser-1.1.3.jar
7f6b0802a000-7f6b0802c000 r--s 00006000 08:01 791245                     /home/madunlap/.m2/repository/org/apache/geronimo/specs/geronimo-stax-api_1.0_spec/1.0.1/geronimo-stax-api_1.0_spec-1.0.1.jar
7f6b0802c000-7f6b0802e000 r--s 0000a000 08:01 791243                     /home/madunlap/.m2/repository/org/apache/geronimo/specs/geronimo-activation_1.1_spec/1.1/geronimo-activation_1.1_spec-1.1.jar
7f6b0802e000-7f6b08032000 r--s 00094000 08:01 791246                     /home/madunlap/.m2/repository/org/apache/abdera/abdera-i18n/1.1.3/abdera-i18n-1.1.3.jar
7f6b08032000-7f6b08036000 r--s 00024000 08:01 791241                     /home/madunlap/.m2/repository/org/apache/abdera/abdera-core/1.1.3/abdera-core-1.1.3.jar
7f6b08036000-7f6b0804f000 r--s 002fd000 08:01 791240                     /home/madunlap/.m2/repository/com/ibm/icu/icu4j/3.4.4/icu4j-3.4.4.jar
7f6b0804f000-7f6b08072000 r--s 001ae000 08:01 791235                     /home/madunlap/.m2/repository/com/hp/hpl/jena/jena/2.6.4/jena-2.6.4.jar
7f6b08072000-7f6b09000000 rw-p 00000000 00:00 0 
7f6b09000000-7f6b09610000 rwxp 00000000 00:00 0 
7f6b09610000-7f6b18000000 ---p 00000000 00:00 0 
7f6b18000000-7f6b18f91000 rw-p 00000000 00:00 0 
7f6b18f91000-7f6b1c000000 ---p 00000000 00:00 0 
7f6b1c000000-7f6b1c003000 r--s 00023000 08:01 791237                     /home/madunlap/.m2/repository/com/hp/hpl/jena/iri/0.8/iri-0.8.jar
7f6b1c003000-7f6b1c005000 r--s 0000d000 08:01 791233                     /home/madunlap/.m2/repository/org/apache/abdera/abdera-client/1.1.1/abdera-client-1.1.1.jar
7f6b1c005000-7f6b1c007000 r--s 00016000 08:01 791230                     /home/madunlap/.m2/repository/javax/servlet/servlet-api/2.4/servlet-api-2.4.jar
7f6b1c007000-7f6b1c00a000 r--s 0000f000 08:01 791226                     /home/madunlap/.m2/repository/org/swordapp/sword2-server/1.0/sword2-server-1.0-classes.jar
7f6b1c00a000-7f6b1c00f000 r--s 00040000 08:01 791224                     /home/madunlap/.m2/repository/commons-httpclient/commons-httpclient/3.0.1/commons-httpclient-3.0.1.jar
7f6b1c00f000-7f6b1c012000 r--s 00012000 08:01 791228                     /home/madunlap/.m2/repository/org/glassfish/javax.json/1.0.4/javax.json-1.0.4.jar
7f6b1c012000-7f6b1c018000 r--s 00034000 08:01 791227                     /home/madunlap/.m2/repository/junit/junit/4.8.1/junit-4.8.1.jar
7f6b1c018000-7f6b1c058000 r--s 00285000 08:01 925253                     /home/madunlap/.m2/repository/org/bouncycastle/bcprov-jdk15on/1.52/bcprov-jdk15on-1.52.jar
7f6b1c058000-7f6b1c05c000 r--s 00021000 08:01 925254                     /home/madunlap/.m2/repository/org/cryptacular/cryptacular/1.1.0/cryptacular-1.1.0.jar
7f6b1c05c000-7f6b1c05f000 r--s 00011000 08:01 925252                     /home/madunlap/.m2/repository/org/passay/passay/1.1.0/passay-1.1.0.jar
7f6b1c05f000-7f6b1c1af000 rw-p 00000000 00:00 0 
7f6b1c1af000-7f6b1c389000 r--s 03d4d000 08:01 1976682                    /usr/lib/jvm/java-8-oracle/jre/lib/rt.jar
7f6b1c389000-7f6b1e457000 rw-p 00000000 00:00 0 
7f6b1e457000-7f6b1e458000 ---p 00000000 00:00 0 
7f6b1e458000-7f6b1e558000 rw-p 00000000 00:00 0 
7f6b1e558000-7f6b1e559000 ---p 00000000 00:00 0 
7f6b1e559000-7f6b1e66e000 rw-p 00000000 00:00 0 
7f6b1e66e000-7f6b1e7a3000 ---p 00000000 00:00 0 
7f6b1e7a3000-7f6b1e7b8000 rw-p 00000000 00:00 0 
7f6b1e7b8000-7f6b1e8ec000 ---p 00000000 00:00 0 
7f6b1e8ec000-7f6b1e90f000 rw-p 00000000 00:00 0 
7f6b1e90f000-7f6b1e991000 ---p 00000000 00:00 0 
7f6b1e991000-7f6b1e9ab000 rw-p 00000000 00:00 0 
7f6b1e9ab000-7f6b1ed52000 ---p 00000000 00:00 0 
7f6b1ed52000-7f6b1ed6c000 r-xp 00000000 08:01 2106481                    /usr/lib/jvm/java-8-oracle/jre/lib/amd64/libzip.so
7f6b1ed6c000-7f6b1ef6c000 ---p 0001a000 08:01 2106481                    /usr/lib/jvm/java-8-oracle/jre/lib/amd64/libzip.so
7f6b1ef6c000-7f6b1ef6d000 rw-p 0001a000 08:01 2106481                    /usr/lib/jvm/java-8-oracle/jre/lib/amd64/libzip.so
7f6b1ef6d000-7f6b1ef78000 r-xp 00000000 08:01 663303                     /lib/x86_64-linux-gnu/libnss_files-2.24.so
7f6b1ef78000-7f6b1f177000 ---p 0000b000 08:01 663303                     /lib/x86_64-linux-gnu/libnss_files-2.24.so
7f6b1f177000-7f6b1f178000 r--p 0000a000 08:01 663303                     /lib/x86_64-linux-gnu/libnss_files-2.24.so
7f6b1f178000-7f6b1f179000 rw-p 0000b000 08:01 663303                     /lib/x86_64-linux-gnu/libnss_files-2.24.so
7f6b1f179000-7f6b1f17f000 rw-p 00000000 00:00 0 
7f6b1f17f000-7f6b1f18a000 r-xp 00000000 08:01 663305                     /lib/x86_64-linux-gnu/libnss_nis-2.24.so
7f6b1f18a000-7f6b1f389000 ---p 0000b000 08:01 663305                     /lib/x86_64-linux-gnu/libnss_nis-2.24.so
7f6b1f389000-7f6b1f38a000 r--p 0000a000 08:01 663305                     /lib/x86_64-linux-gnu/libnss_nis-2.24.so
7f6b1f38a000-7f6b1f38b000 rw-p 0000b000 08:01 663305                     /lib/x86_64-linux-gnu/libnss_nis-2.24.so
7f6b1f38b000-7f6b1f3a1000 r-xp 00000000 08:01 663300                     /lib/x86_64-linux-gnu/libnsl-2.24.so
7f6b1f3a1000-7f6b1f5a0000 ---p 00016000 08:01 663300                     /lib/x86_64-linux-gnu/libnsl-2.24.so
7f6b1f5a0000-7f6b1f5a1000 r--p 00015000 08:01 663300                     /lib/x86_64-linux-gnu/libnsl-2.24.so
7f6b1f5a1000-7f6b1f5a2000 rw-p 00016000 08:01 663300                     /lib/x86_64-linux-gnu/libnsl-2.24.so
7f6b1f5a2000-7f6b1f5a4000 rw-p 00000000 00:00 0 
7f6b1f5a4000-7f6b1f5ac000 r-xp 00000000 08:01 663301                     /lib/x86_64-linux-gnu/libnss_compat-2.24.so
7f6b1f5ac000-7f6b1f7ab000 ---p 00008000 08:01 663301                     /lib/x86_64-linux-gnu/libnss_compat-2.24.so
7f6b1f7ab000-7f6b1f7ac000 r--p 00007000 08:01 663301                     /lib/x86_64-linux-gnu/libnss_compat-2.24.so
7f6b1f7ac000-7f6b1f7ad000 rw-p 00008000 08:01 663301                     /lib/x86_64-linux-gnu/libnss_compat-2.24.so
7f6b1f7ad000-7f6b1f7b7000 r-xp 00000000 08:01 2106519                    /usr/lib/jvm/java-8-oracle/jre/lib/amd64/libinstrument.so
7f6b1f7b7000-7f6b1f9b6000 ---p 0000a000 08:01 2106519                    /usr/lib/jvm/java-8-oracle/jre/lib/amd64/libinstrument.so
7f6b1f9b6000-7f6b1f9b7000 rw-p 00009000 08:01 2106519                    /usr/lib/jvm/java-8-oracle/jre/lib/amd64/libinstrument.so
7f6b1f9b7000-7f6b1f9e2000 r-xp 00000000 08:01 2106508                    /usr/lib/jvm/java-8-oracle/jre/lib/amd64/libjava.so
7f6b1f9e2000-7f6b1fbe1000 ---p 0002b000 08:01 2106508                    /usr/lib/jvm/java-8-oracle/jre/lib/amd64/libjava.so
7f6b1fbe1000-7f6b1fbe3000 rw-p 0002a000 08:01 2106508                    /usr/lib/jvm/java-8-oracle/jre/lib/amd64/libjava.so
7f6b1fbe3000-7f6b1fbf0000 r-xp 00000000 08:01 2106459                    /usr/lib/jvm/java-8-oracle/jre/lib/amd64/libverify.so
7f6b1fbf0000-7f6b1fdf0000 ---p 0000d000 08:01 2106459                    /usr/lib/jvm/java-8-oracle/jre/lib/amd64/libverify.so
7f6b1fdf0000-7f6b1fdf2000 rw-p 0000d000 08:01 2106459                    /usr/lib/jvm/java-8-oracle/jre/lib/amd64/libverify.so
7f6b1fdf2000-7f6b1fdf9000 r-xp 00000000 08:01 663310                     /lib/x86_64-linux-gnu/librt-2.24.so
7f6b1fdf9000-7f6b1fff8000 ---p 00007000 08:01 663310                     /lib/x86_64-linux-gnu/librt-2.24.so
7f6b1fff8000-7f6b1fff9000 r--p 00006000 08:01 663310                     /lib/x86_64-linux-gnu/librt-2.24.so
7f6b1fff9000-7f6b1fffa000 rw-p 00007000 08:01 663310                     /lib/x86_64-linux-gnu/librt-2.24.so
7f6b1fffa000-7f6b20102000 r-xp 00000000 08:01 663297                     /lib/x86_64-linux-gnu/libm-2.24.so
7f6b20102000-7f6b20301000 ---p 00108000 08:01 663297                     /lib/x86_64-linux-gnu/libm-2.24.so
7f6b20301000-7f6b20302000 r--p 00107000 08:01 663297                     /lib/x86_64-linux-gnu/libm-2.24.so
7f6b20302000-7f6b20303000 rw-p 00108000 08:01 663297                     /lib/x86_64-linux-gnu/libm-2.24.so
7f6b20303000-7f6b20fd6000 r-xp 00000000 08:01 2106512                    /usr/lib/jvm/java-8-oracle/jre/lib/amd64/server/libjvm.so
7f6b20fd6000-7f6b211d5000 ---p 00cd3000 08:01 2106512                    /usr/lib/jvm/java-8-oracle/jre/lib/amd64/server/libjvm.so
7f6b211d5000-7f6b212af000 rw-p 00cd2000 08:01 2106512                    /usr/lib/jvm/java-8-oracle/jre/lib/amd64/server/libjvm.so
7f6b212af000-7f6b212fa000 rw-p 00000000 00:00 0 
7f6b212fa000-7f6b214b8000 r-xp 00000000 08:01 663293                     /lib/x86_64-linux-gnu/libc-2.24.so
7f6b214b8000-7f6b216b7000 ---p 001be000 08:01 663293                     /lib/x86_64-linux-gnu/libc-2.24.so
7f6b216b7000-7f6b216bb000 r--p 001bd000 08:01 663293                     /lib/x86_64-linux-gnu/libc-2.24.so
7f6b216bb000-7f6b216bd000 rw-p 001c1000 08:01 663293                     /lib/x86_64-linux-gnu/libc-2.24.so
7f6b216bd000-7f6b216c1000 rw-p 00000000 00:00 0 
7f6b216c1000-7f6b216c4000 r-xp 00000000 08:01 663296                     /lib/x86_64-linux-gnu/libdl-2.24.so
7f6b216c4000-7f6b218c3000 ---p 00003000 08:01 663296                     /lib/x86_64-linux-gnu/libdl-2.24.so
7f6b218c3000-7f6b218c4000 r--p 00002000 08:01 663296                     /lib/x86_64-linux-gnu/libdl-2.24.so
7f6b218c4000-7f6b218c5000 rw-p 00003000 08:01 663296                     /lib/x86_64-linux-gnu/libdl-2.24.so
7f6b218c5000-7f6b218da000 r-xp 00000000 08:01 2106497                    /usr/lib/jvm/java-8-oracle/jre/lib/amd64/jli/libjli.so
7f6b218da000-7f6b21ada000 ---p 00015000 08:01 2106497                    /usr/lib/jvm/java-8-oracle/jre/lib/amd64/jli/libjli.so
7f6b21ada000-7f6b21adb000 rw-p 00015000 08:01 2106497                    /usr/lib/jvm/java-8-oracle/jre/lib/amd64/jli/libjli.so
7f6b21adb000-7f6b21af3000 r-xp 00000000 08:01 663308                     /lib/x86_64-linux-gnu/libpthread-2.24.so
7f6b21af3000-7f6b21cf3000 ---p 00018000 08:01 663308                     /lib/x86_64-linux-gnu/libpthread-2.24.so
7f6b21cf3000-7f6b21cf4000 r--p 00018000 08:01 663308                     /lib/x86_64-linux-gnu/libpthread-2.24.so
7f6b21cf4000-7f6b21cf5000 rw-p 00019000 08:01 663308                     /lib/x86_64-linux-gnu/libpthread-2.24.so
7f6b21cf5000-7f6b21cf9000 rw-p 00000000 00:00 0 
7f6b21cf9000-7f6b21d1f000 r-xp 00000000 08:01 663288                     /lib/x86_64-linux-gnu/ld-2.24.so
7f6b21d1f000-7f6b21d20000 r--s 00005000 08:01 791308                     /home/madunlap/.m2/repository/org/noggit/noggit/0.5/noggit-0.5.jar
7f6b21d20000-7f6b21df1000 rw-p 00000000 00:00 0 
7f6b21df1000-7f6b21df4000 ---p 00000000 00:00 0 
7f6b21df4000-7f6b21ef4000 rw-p 00000000 00:00 0 
7f6b21ef4000-7f6b21ef5000 r--s 00004000 08:01 791275                     /home/madunlap/.m2/repository/org/mindrot/jbcrypt/0.3m/jbcrypt-0.3m.jar
7f6b21ef5000-7f6b21efa000 r--s 00023000 08:01 791711                     /home/madunlap/.m2/repository/org/apache/maven/surefire/surefire-api/2.10/surefire-api-2.10.jar
7f6b21efa000-7f6b21efc000 r--s 00007000 08:01 791708                     /home/madunlap/.m2/repository/org/apache/maven/surefire/surefire-booter/2.10/surefire-booter-2.10.jar
7f6b21efc000-7f6b21efd000 r--s 00005000 08:01 926073                     /home/madunlap/Documents/github/dataverse/target/surefire/surefirebooter925207957458348149.jar
7f6b21efd000-7f6b21f11000 rw-p 00000000 00:00 0 
7f6b21f11000-7f6b21f19000 rw-s 00000000 08:01 1835017                    /tmp/hsperfdata_madunlap/15305
7f6b21f19000-7f6b21f1a000 rw-p 00000000 00:00 0 
7f6b21f1a000-7f6b21f1b000 ---p 00000000 00:00 0 
7f6b21f1b000-7f6b21f1e000 rw-p 00000000 00:00 0 
7f6b21f1e000-7f6b21f1f000 r--p 00025000 08:01 663288                     /lib/x86_64-linux-gnu/ld-2.24.so
7f6b21f1f000-7f6b21f20000 rw-p 00026000 08:01 663288                     /lib/x86_64-linux-gnu/ld-2.24.so
7f6b21f20000-7f6b21f21000 rw-p 00000000 00:00 0 
7ffd7fc82000-7ffd7fca3000 rw-p 00000000 00:00 0                          [stack]
7ffd7fd63000-7ffd7fd65000 r--p 00000000 00:00 0                          [vvar]
7ffd7fd65000-7ffd7fd67000 r-xp 00000000 00:00 0                          [vdso]
ffffffffff600000-ffffffffff601000 r-xp 00000000 00:00 0                  [vsyscall]

VM Arguments:
jvm_args: -javaagent:/home/madunlap/.m2/repository/org/jacoco/org.jacoco.agent/0.7.5.201505241946/org.jacoco.agent-0.7.5.201505241946-runtime.jar=destfile=/home/madunlap/Documents/github/dataverse/target/jacoco.exec 
java_command: /home/madunlap/Documents/github/dataverse/target/surefire/surefirebooter925207957458348149.jar /home/madunlap/Documents/github/dataverse/target/surefire/surefire2843820759920861640tmp /home/madunlap/Documents/github/dataverse/target/surefire/surefire1684729707716886157tmp
java_class_path (initial): /home/madunlap/Documents/github/dataverse/target/surefire/surefirebooter925207957458348149.jar:/home/madunlap/.m2/repository/org/jacoco/org.jacoco.agent/0.7.5.201505241946/org.jacoco.agent-0.7.5.201505241946-runtime.jar
Launcher Type: SUN_STANDARD

Environment Variables:
JAVA_HOME=/usr/lib/jvm/java-8-oracle
PATH=/usr/local/sbin:/usr/local/bin:/usr/sbin:/usr/bin:/sbin:/bin:/usr/games:/usr/local/games:/snap/bin:/usr/lib/jvm/java-8-oracle/bin:/usr/lib/jvm/java-8-oracle/db/bin:/usr/lib/jvm/java-8-oracle/jre/bin
LD_LIBRARY_PATH=/usr/lib/jvm/java-8-oracle/jre/lib/amd64:/usr/lib/jvm/java-8-oracle/jre/lib/i386:
SHELL=/bin/bash
DISPLAY=:0

Signal Handlers:
SIGSEGV: [libjvm.so+0xacba10], sa_mask[0]=11111111011111111101111111111110, sa_flags=SA_RESTART|SA_SIGINFO
SIGBUS: [libjvm.so+0xacba10], sa_mask[0]=11111111011111111101111111111110, sa_flags=SA_RESTART|SA_SIGINFO
SIGFPE: [libjvm.so+0x924ba0], sa_mask[0]=11111111011111111101111111111110, sa_flags=SA_RESTART|SA_SIGINFO
SIGPIPE: [libjvm.so+0x924ba0], sa_mask[0]=11111111011111111101111111111110, sa_flags=SA_RESTART|SA_SIGINFO
SIGXFSZ: [libjvm.so+0x924ba0], sa_mask[0]=11111111011111111101111111111110, sa_flags=SA_RESTART|SA_SIGINFO
SIGILL: [libjvm.so+0x924ba0], sa_mask[0]=11111111011111111101111111111110, sa_flags=SA_RESTART|SA_SIGINFO
SIGUSR1: SIG_DFL, sa_mask[0]=00000000000000000000000000000000, sa_flags=none
SIGUSR2: [libjvm.so+0x9263e0], sa_mask[0]=00100000000000000000000000000000, sa_flags=SA_RESTART|SA_SIGINFO
SIGHUP: [libjvm.so+0x9277e0], sa_mask[0]=11111111011111111101111111111110, sa_flags=SA_RESTART|SA_SIGINFO
SIGINT: SIG_IGN, sa_mask[0]=00000000000000000000000000000000, sa_flags=none
SIGTERM: [libjvm.so+0x9277e0], sa_mask[0]=11111111011111111101111111111110, sa_flags=SA_RESTART|SA_SIGINFO
SIGQUIT: [libjvm.so+0x9277e0], sa_mask[0]=11111111011111111101111111111110, sa_flags=SA_RESTART|SA_SIGINFO


---------------  S Y S T E M  ---------------

OS:DISTRIB_ID=Ubuntu
DISTRIB_RELEASE=17.04
DISTRIB_CODENAME=zesty
DISTRIB_DESCRIPTION="Ubuntu 17.04"

uname:Linux 4.10.0-37-generic #41-Ubuntu SMP Fri Oct 6 20:20:37 UTC 2017 x86_64
libc:glibc 2.24 NPTL 2.24 
rlimit: STACK 8192k, CORE 0k, NPROC 15602, NOFILE 1048576, AS infinity
load average:1.08 0.63 0.44

/proc/meminfo:
MemTotal:        4039872 kB
MemFree:          101788 kB
MemAvailable:      10084 kB
Buffers:             472 kB
Cached:            40300 kB
SwapCached:         2932 kB
Active:          3090084 kB
Inactive:         630140 kB
Active(anon):    3084604 kB
Inactive(anon):   616916 kB
Active(file):       5480 kB
Inactive(file):    13224 kB
Unevictable:          32 kB
Mlocked:              32 kB
SwapTotal:       2097148 kB
SwapFree:             12 kB
Dirty:                 0 kB
Writeback:             0 kB
AnonPages:       3678252 kB
Mapped:            20032 kB
Shmem:             21832 kB
Slab:              90448 kB
SReclaimable:      41292 kB
SUnreclaim:        49156 kB
KernelStack:       15640 kB
PageTables:        72240 kB
NFS_Unstable:          0 kB
Bounce:                0 kB
WritebackTmp:          0 kB
CommitLimit:     4117084 kB
Committed_AS:   10667116 kB
VmallocTotal:   34359738367 kB
VmallocUsed:           0 kB
VmallocChunk:          0 kB
HardwareCorrupted:     0 kB
AnonHugePages:   1144832 kB
ShmemHugePages:        0 kB
ShmemPmdMapped:        0 kB
CmaTotal:              0 kB
CmaFree:               0 kB
HugePages_Total:       0
HugePages_Free:        0
HugePages_Rsvd:        0
HugePages_Surp:        0
Hugepagesize:       2048 kB
DirectMap4k:      159664 kB
DirectMap2M:     4034560 kB


CPU:total 2 (initial active 2) (2 cores per cpu, 1 threads per core) family 6 model 70 stepping 1, cmov, cx8, fxsr, mmx, sse, sse2, sse3, ssse3, sse4.1, sse4.2, popcnt, avx, avx2, aes, clmul, erms, lzcnt, tsc, tscinvbit, bmi1, bmi2

/proc/cpuinfo:
processor	: 0
vendor_id	: GenuineIntel
cpu family	: 6
model		: 70
model name	: Intel(R) Core(TM) i7-4870HQ CPU @ 2.50GHz
stepping	: 1
microcode	: 0x13
cpu MHz		: 2494.226
cache size	: 6144 KB
physical id	: 0
siblings	: 2
core id		: 0
cpu cores	: 2
apicid		: 0
initial apicid	: 0
fpu		: yes
fpu_exception	: yes
cpuid level	: 13
wp		: yes
flags		: fpu vme de pse tsc msr pae mce cx8 apic sep mtrr pge mca cmov pat pse36 clflush mmx fxsr sse sse2 ss ht syscall nx rdtscp lm constant_tsc nopl xtopology nonstop_tsc pni pclmulqdq ssse3 fma cx16 pcid sse4_1 sse4_2 x2apic movbe popcnt tsc_deadline_timer aes xsave avx f16c rdrand hypervisor lahf_lm abm fsgsbase tsc_adjust bmi1 avx2 smep bmi2 invpcid xsaveopt dtherm arat pln pts
bugs		:
bogomips	: 4988.45
clflush size	: 64
cache_alignment	: 64
address sizes	: 36 bits physical, 48 bits virtual
power management:

processor	: 1
vendor_id	: GenuineIntel
cpu family	: 6
model		: 70
model name	: Intel(R) Core(TM) i7-4870HQ CPU @ 2.50GHz
stepping	: 1
microcode	: 0x13
cpu MHz		: 2494.226
cache size	: 6144 KB
physical id	: 0
siblings	: 2
core id		: 1
cpu cores	: 2
apicid		: 1
initial apicid	: 1
fpu		: yes
fpu_exception	: yes
cpuid level	: 13
wp		: yes
flags		: fpu vme de pse tsc msr pae mce cx8 apic sep mtrr pge mca cmov pat pse36 clflush mmx fxsr sse sse2 ss ht syscall nx rdtscp lm constant_tsc nopl xtopology nonstop_tsc pni pclmulqdq ssse3 fma cx16 pcid sse4_1 sse4_2 x2apic movbe popcnt tsc_deadline_timer aes xsave avx f16c rdrand hypervisor lahf_lm abm fsgsbase tsc_adjust bmi1 avx2 smep bmi2 invpcid xsaveopt dtherm arat pln pts
bugs		:
bogomips	: 4988.45
clflush size	: 64
cache_alignment	: 64
address sizes	: 36 bits physical, 48 bits virtual
power management:



Memory: 4k page, physical 4039872k(101516k free), swap 2097148k(0k free)

vm_info: Java HotSpot(TM) 64-Bit Server VM (25.144-b01) for linux-amd64 JRE (1.8.0_144-b01), built on Jul 21 2017 21:57:33 by "java_re" with gcc 4.3.0 20080428 (Red Hat 4.3.0-8)

time: Tue Oct 17 15:10:02 2017
elapsed time: 4 seconds (0d 0h 0m 4s)

