#
# There is insufficient memory for the Java Runtime Environment to continue.
# Native memory allocation (mmap) failed to map 111149056 bytes for committing reserved memory.
# Possible reasons:
#   The system is out of physical RAM or swap space
#   In 32 bit mode, the process size limit was hit
# Possible solutions:
#   Reduce memory load on the system
#   Increase physical memory or swap space
#   Check if swap backing store is full
#   Use 64 bit Java on a 64 bit OS
#   Decrease Java heap size (-Xmx/-Xms)
#   Decrease number of Java threads
#   Decrease Java thread stack sizes (-Xss)
#   Set larger code cache with -XX:ReservedCodeCacheSize=
# This output file may be truncated or incomplete.
#
#  Out of Memory Error (os_linux.cpp:2640), pid=29613, tid=0x00007fdeb053e700
#
# JRE version: Java(TM) SE Runtime Environment (8.0_144-b01) (build 1.8.0_144-b01)
# Java VM: Java HotSpot(TM) 64-Bit Server VM (25.144-b01 mixed mode linux-amd64 compressed oops)
# Failed to write core dump. Core dumps have been disabled. To enable core dumping, try "ulimit -c unlimited" before starting Java again
#

---------------  T H R E A D  ---------------

Current thread (0x00007fdeac073800):  VMThread [stack: 0x00007fdeb043e000,0x00007fdeb053f000] [id=29619]

Stack: [0x00007fdeb043e000,0x00007fdeb053f000],  sp=0x00007fdeb053cfa0,  free space=1019k
Native frames: (J=compiled Java code, j=interpreted, Vv=VM code, C=native code)
V  [libjvm.so+0xacb18a]  VMError::report_and_die()+0x2ba
V  [libjvm.so+0x4ff4db]  report_vm_out_of_memory(char const*, int, unsigned long, VMErrorType, char const*)+0x8b
V  [libjvm.so+0x927d23]  os::Linux::commit_memory_impl(char*, unsigned long, bool)+0x103
V  [libjvm.so+0x928279]  os::pd_commit_memory(char*, unsigned long, unsigned long, bool)+0x29
V  [libjvm.so+0x92249a]  os::commit_memory(char*, unsigned long, unsigned long, bool)+0x2a
V  [libjvm.so+0x996ff3]  PSVirtualSpace::expand_by(unsigned long)+0x53
V  [libjvm.so+0x9983f8]  PSYoungGen::resize_generation(unsigned long, unsigned long)+0xf8
V  [libjvm.so+0x997552]  PSYoungGen::resize(unsigned long, unsigned long)+0x22
V  [libjvm.so+0x99482b]  PSScavenge::invoke_no_policy()+0xf3b
V  [libjvm.so+0x994fb1]  PSScavenge::invoke()+0x41
V  [libjvm.so+0x94bce0]  ParallelScavengeHeap::failed_mem_allocate(unsigned long)+0x70
V  [libjvm.so+0xaccba7]  VM_ParallelGCFailedAllocation::doit()+0x97
V  [libjvm.so+0xad4685]  VM_Operation::evaluate()+0x55
V  [libjvm.so+0xad2a5a]  VMThread::evaluate_operation(VM_Operation*)+0xba
V  [libjvm.so+0xad2dde]  VMThread::loop()+0x1ce
V  [libjvm.so+0xad3250]  VMThread::run()+0x70
V  [libjvm.so+0x92a338]  java_start(Thread*)+0x108

VM_Operation (0x00007fdeb5375440): ParallelGCFailedAllocation, mode: safepoint, requested by thread 0x00007fdeac00a000


---------------  P R O C E S S  ---------------

Java Threads: ( => current thread )
  0x00007fdeac57e000 JavaThread "process reaper" daemon [_thread_blocked, id=29631, stack(0x00007fde9a680000,0x00007fde9a6b9000)]
  0x00007fdeac0ba800 JavaThread "Service Thread" daemon [_thread_blocked, id=29625, stack(0x00007fde9ac43000,0x00007fde9ad44000)]
  0x00007fdeac0b7800 JavaThread "C1 CompilerThread1" daemon [_thread_blocked, id=29624, stack(0x00007fde9ad44000,0x00007fde9ae45000)]
  0x00007fdeac0b4800 JavaThread "C2 CompilerThread0" daemon [_thread_blocked, id=29623, stack(0x00007fdeb003a000,0x00007fdeb013b000)]
  0x00007fdeac0b3000 JavaThread "Signal Dispatcher" daemon [_thread_blocked, id=29622, stack(0x00007fdeb013b000,0x00007fdeb023c000)]
  0x00007fdeac080000 JavaThread "Finalizer" daemon [_thread_blocked, id=29621, stack(0x00007fdeb023c000,0x00007fdeb033d000)]
  0x00007fdeac07b800 JavaThread "Reference Handler" daemon [_thread_blocked, id=29620, stack(0x00007fdeb033d000,0x00007fdeb043e000)]
  0x00007fdeac00a000 JavaThread "main" [_thread_blocked, id=29616, stack(0x00007fdeb5279000,0x00007fdeb537a000)]

Other Threads:
=>0x00007fdeac073800 VMThread [stack: 0x00007fdeb043e000,0x00007fdeb053f000] [id=29619]
  0x00007fdeac0bd000 WatcherThread [stack: 0x00007fde9ab42000,0x00007fde9ac43000] [id=29626]

VM state:at safepoint (normal execution)

VM Mutex/Monitor currently owned by a thread:  ([mutex/lock_event])
[0x00007fdeac0061a0] Threads_lock - owner thread: 0x00007fdeac073800
[0x00007fdeac0066a0] Heap_lock - owner thread: 0x00007fdeac00a000

Heap:
 PSYoungGen      total 212480K, used 12792K [0x00000000eb700000, 0x00000000f9400000, 0x0000000100000000)
  eden space 199680K, 0% used [0x00000000eb700000,0x00000000eb700000,0x00000000f7a00000)
  from space 12800K, 99% used [0x00000000f7a00000,0x00000000f867e030,0x00000000f8680000)
  to   space 11776K, 0% used [0x00000000f8680000,0x00000000f8680000,0x00000000f9200000)
 ParOldGen       total 78848K, used 78756K [0x00000000c2400000, 0x00000000c7100000, 0x00000000eb700000)
  object space 78848K, 99% used [0x00000000c2400000,0x00000000c70e9168,0x00000000c7100000)
 Metaspace       used 21788K, capacity 22416K, committed 22576K, reserved 1069056K
  class space    used 2499K, capacity 2682K, committed 2688K, reserved 1048576K

Card table byte_map: [0x00007fdeb1e35000,0x00007fdeb2024000] byte_map_base: 0x00007fdeb1823000

Marking Bits: (ParMarkBitMap*) 0x00007fdeb4754dc0
 Begin Bits: [0x00007fde9b120000, 0x00007fde9c090000)
 End Bits:   [0x00007fde9c090000, 0x00007fde9d000000)

Polling page: 0x00007fdeb53a2000

CodeCache: size=245760Kb used=14736Kb max_used=14736Kb free=231023Kb
 bounds [0x00007fde9d000000, 0x00007fde9de80000, 0x00007fdeac000000]
 total_blobs=4566 nmethods=4187 adapters=292
 compilation: enabled

Compilation events (10 events):
Event: 8.767 Thread 0x00007fdeac0b7800 4546       2       com.sun.tools.javac.tree.JCTree$JCImport::getTag (4 bytes)
Event: 8.767 Thread 0x00007fdeac0b7800 nmethod 4546 0x00007fde9de6d2d0 code [0x00007fde9de6d420, 0x00007fde9de6d570]
Event: 8.767 Thread 0x00007fdeac0b7800 4547       2       com.sun.tools.javac.comp.Check::isCanonical (44 bytes)
Event: 8.767 Thread 0x00007fdeac0b7800 nmethod 4547 0x00007fde9de6ccd0 code [0x00007fde9de6ce60, 0x00007fde9de6d0f8]
Event: 8.767 Thread 0x00007fdeac0b7800 4548       2       com.sun.tools.javac.comp.Attr::attribImportQualifier (41 bytes)
Event: 8.768 Thread 0x00007fdeac0b7800 nmethod 4548 0x00007fde9de6c750 code [0x00007fde9de6c8c0, 0x00007fde9de6cb48]
Event: 8.768 Thread 0x00007fdeac0b7800 4550   !   2       com.sun.tools.javac.comp.MemberEnter::attribImportType (39 bytes)
Event: 8.768 Thread 0x00007fdeac0b7800 nmethod 4550 0x00007fde9de70910 code [0x00007fde9de70aa0, 0x00007fde9de70de8]
Event: 8.768 Thread 0x00007fdeac0b7800 4549       2       com.sun.tools.javac.comp.MemberEnter::importNamed (46 bytes)
Event: 8.768 Thread 0x00007fdeac0b7800 nmethod 4549 0x00007fde9de71190 code [0x00007fde9de71320, 0x00007fde9de71568]

GC Heap History (10 events):
Event: 2.679 GC heap after
Heap after GC invocations=7 (full 0):
 PSYoungGen      total 69632K, used 6112K [0x00000000eb700000, 0x00000000f4100000, 0x0000000100000000)
  eden space 63488K, 0% used [0x00000000eb700000,0x00000000eb700000,0x00000000ef500000)
  from space 6144K, 99% used [0x00000000ef500000,0x00000000efaf8020,0x00000000efb00000)
  to   space 7168K, 0% used [0x00000000f3a00000,0x00000000f3a00000,0x00000000f4100000)
 ParOldGen       total 42496K, used 8706K [0x00000000c2400000, 0x00000000c4d80000, 0x00000000eb700000)
  object space 42496K, 20% used [0x00000000c2400000,0x00000000c2c809f8,0x00000000c4d80000)
 Metaspace       used 14079K, capacity 14420K, committed 14592K, reserved 1062912K
  class space    used 1643K, capacity 1766K, committed 1792K, reserved 1048576K
}
Event: 3.063 GC heap before
{Heap before GC invocations=8 (full 0):
 PSYoungGen      total 69632K, used 69600K [0x00000000eb700000, 0x00000000f4100000, 0x0000000100000000)
  eden space 63488K, 100% used [0x00000000eb700000,0x00000000ef500000,0x00000000ef500000)
  from space 6144K, 99% used [0x00000000ef500000,0x00000000efaf8020,0x00000000efb00000)
  to   space 7168K, 0% used [0x00000000f3a00000,0x00000000f3a00000,0x00000000f4100000)
 ParOldGen       total 42496K, used 8706K [0x00000000c2400000, 0x00000000c4d80000, 0x00000000eb700000)
  object space 42496K, 20% used [0x00000000c2400000,0x00000000c2c809f8,0x00000000c4d80000)
 Metaspace       used 14309K, capacity 14694K, committed 14848K, reserved 1062912K
  class space    used 1647K, capacity 1769K, committed 1792K, reserved 1048576K
Event: 3.081 GC heap after
Heap after GC invocations=8 (full 0):
 PSYoungGen      total 132608K, used 7168K [0x00000000eb700000, 0x00000000f4400000, 0x0000000100000000)
  eden space 125440K, 0% used [0x00000000eb700000,0x00000000eb700000,0x00000000f3180000)
  from space 7168K, 100% used [0x00000000f3a00000,0x00000000f4100000,0x00000000f4100000)
  to   space 8704K, 0% used [0x00000000f3180000,0x00000000f3180000,0x00000000f3a00000)
 ParOldGen       total 42496K, used 10195K [0x00000000c2400000, 0x00000000c4d80000, 0x00000000eb700000)
  object space 42496K, 23% used [0x00000000c2400000,0x00000000c2df4ee8,0x00000000c4d80000)
 Metaspace       used 14309K, capacity 14694K, committed 14848K, reserved 1062912K
  class space    used 1647K, capacity 1769K, committed 1792K, reserved 1048576K
}
Event: 4.128 GC heap before
{Heap before GC invocations=9 (full 0):
 PSYoungGen      total 132608K, used 132608K [0x00000000eb700000, 0x00000000f4400000, 0x0000000100000000)
  eden space 125440K, 100% used [0x00000000eb700000,0x00000000f3180000,0x00000000f3180000)
  from space 7168K, 100% used [0x00000000f3a00000,0x00000000f4100000,0x00000000f4100000)
  to   space 8704K, 0% used [0x00000000f3180000,0x00000000f3180000,0x00000000f3a00000)
 ParOldGen       total 42496K, used 10195K [0x00000000c2400000, 0x00000000c4d80000, 0x00000000eb700000)
  object space 42496K, 23% used [0x00000000c2400000,0x00000000c2df4ee8,0x00000000c4d80000)
 Metaspace       used 15849K, capacity 16310K, committed 16640K, reserved 1064960K
  class space    used 1822K, capacity 1945K, committed 2048K, reserved 1048576K
Event: 4.161 GC heap after
Heap after GC invocations=9 (full 0):
 PSYoungGen      total 134144K, used 8704K [0x00000000eb700000, 0x00000000f9200000, 0x0000000100000000)
  eden space 125440K, 0% used [0x00000000eb700000,0x00000000eb700000,0x00000000f3180000)
  from space 8704K, 100% used [0x00000000f3180000,0x00000000f3a00000,0x00000000f3a00000)
  to   space 11776K, 0% used [0x00000000f8680000,0x00000000f8680000,0x00000000f9200000)
 ParOldGen       total 42496K, used 14056K [0x00000000c2400000, 0x00000000c4d80000, 0x00000000eb700000)
  object space 42496K, 33% used [0x00000000c2400000,0x00000000c31ba178,0x00000000c4d80000)
 Metaspace       used 15849K, capacity 16310K, committed 16640K, reserved 1064960K
  class space    used 1822K, capacity 1945K, committed 2048K, reserved 1048576K
}
Event: 5.438 GC heap before
{Heap before GC invocations=10 (full 0):
 PSYoungGen      total 134144K, used 121765K [0x00000000eb700000, 0x00000000f9200000, 0x0000000100000000)
  eden space 125440K, 90% used [0x00000000eb700000,0x00000000f25695a8,0x00000000f3180000)
  from space 8704K, 100% used [0x00000000f3180000,0x00000000f3a00000,0x00000000f3a00000)
  to   space 11776K, 0% used [0x00000000f8680000,0x00000000f8680000,0x00000000f9200000)
 ParOldGen       total 42496K, used 14056K [0x00000000c2400000, 0x00000000c4d80000, 0x00000000eb700000)
  object space 42496K, 33% used [0x00000000c2400000,0x00000000c31ba178,0x00000000c4d80000)
 Metaspace       used 20563K, capacity 21136K, committed 21296K, reserved 1069056K
  class space    used 2440K, capacity 2618K, committed 2688K, reserved 1048576K
Event: 5.494 GC heap after
Heap after GC invocations=10 (full 0):
 PSYoungGen      total 211456K, used 10354K [0x00000000eb700000, 0x00000000f9400000, 0x0000000100000000)
  eden space 199680K, 0% used [0x00000000eb700000,0x00000000eb700000,0x00000000f7a00000)
  from space 11776K, 87% used [0x00000000f8680000,0x00000000f909ca30,0x00000000f9200000)
  to   space 12800K, 0% used [0x00000000f7a00000,0x00000000f7a00000,0x00000000f8680000)
 ParOldGen       total 42496K, used 18744K [0x00000000c2400000, 0x00000000c4d80000, 0x00000000eb700000)
  object space 42496K, 44% used [0x00000000c2400000,0x00000000c364e178,0x00000000c4d80000)
 Metaspace       used 20563K, capacity 21136K, committed 21296K, reserved 1069056K
  class space    used 2440K, capacity 2618K, committed 2688K, reserved 1048576K
}
Event: 5.494 GC heap before
{Heap before GC invocations=11 (full 1):
 PSYoungGen      total 211456K, used 10354K [0x00000000eb700000, 0x00000000f9400000, 0x0000000100000000)
  eden space 199680K, 0% used [0x00000000eb700000,0x00000000eb700000,0x00000000f7a00000)
  from space 11776K, 87% used [0x00000000f8680000,0x00000000f909ca30,0x00000000f9200000)
  to   space 12800K, 0% used [0x00000000f7a00000,0x00000000f7a00000,0x00000000f8680000)
 ParOldGen       total 42496K, used 18744K [0x00000000c2400000, 0x00000000c4d80000, 0x00000000eb700000)
  object space 42496K, 44% used [0x00000000c2400000,0x00000000c364e178,0x00000000c4d80000)
 Metaspace       used 20563K, capacity 21136K, committed 21296K, reserved 1069056K
  class space    used 2440K, capacity 2618K, committed 2688K, reserved 1048576K
Event: 5.705 GC heap after
Heap after GC invocations=11 (full 1):
 PSYoungGen      total 211456K, used 0K [0x00000000eb700000, 0x00000000f9400000, 0x0000000100000000)
  eden space 199680K, 0% used [0x00000000eb700000,0x00000000eb700000,0x00000000f7a00000)
  from space 11776K, 0% used [0x00000000f8680000,0x00000000f8680000,0x00000000f9200000)
  to   space 12800K, 0% used [0x00000000f7a00000,0x00000000f7a00000,0x00000000f8680000)
 ParOldGen       total 53248K, used 23660K [0x00000000c2400000, 0x00000000c5800000, 0x00000000eb700000)
  object space 53248K, 44% used [0x00000000c2400000,0x00000000c3b1b2d0,0x00000000c5800000)
 Metaspace       used 20563K, capacity 21136K, committed 21296K, reserved 1069056K
  class space    used 2440K, capacity 2618K, committed 2688K, reserved 1048576K
}
Event: 8.770 GC heap before
{Heap before GC invocations=12 (full 1):
 PSYoungGen      total 211456K, used 199680K [0x00000000eb700000, 0x00000000f9400000, 0x0000000100000000)
  eden space 199680K, 100% used [0x00000000eb700000,0x00000000f7a00000,0x00000000f7a00000)
  from space 11776K, 0% used [0x00000000f8680000,0x00000000f8680000,0x00000000f9200000)
  to   space 12800K, 0% used [0x00000000f7a00000,0x00000000f7a00000,0x00000000f8680000)
 ParOldGen       total 53248K, used 23660K [0x00000000c2400000, 0x00000000c5800000, 0x00000000eb700000)
  object space 53248K, 44% used [0x00000000c2400000,0x00000000c3b1b2d0,0x00000000c5800000)
 Metaspace       used 21788K, capacity 22416K, committed 22576K, reserved 1069056K
  class space    used 2499K, capacity 2682K, committed 2688K, reserved 1048576K

Deoptimization events (10 events):
Event: 5.707 Thread 0x00007fdeac00a000 Uncommon trap: reason=class_check action=maybe_recompile pc=0x00007fde9d1b6838 method=sun.misc.URLClassPath.getLoader(I)Lsun/misc/URLClassPath$Loader; @ 94
Event: 5.708 Thread 0x00007fdeac00a000 Uncommon trap: reason=unstable_if action=reinterpret pc=0x00007fde9db6ef18 method=java.lang.String.regionMatches(ZILjava/lang/String;II)Z @ 41
Event: 5.751 Thread 0x00007fdeac00a000 Uncommon trap: reason=unstable_if action=reinterpret pc=0x00007fde9dca4b24 method=sun.misc.URLClassPath$JarLoader.getResource(Ljava/lang/String;Z)Lsun/misc/Resource; @ 62
Event: 5.767 Thread 0x00007fdeac00a000 Uncommon trap: reason=unstable_if action=reinterpret pc=0x00007fde9dc571c8 method=java.io.BufferedReader.readLine(Z)Ljava/lang/String; @ 192
Event: 5.777 Thread 0x00007fdeac00a000 Uncommon trap: reason=unstable_if action=reinterpret pc=0x00007fde9d1b6a20 method=java.util.HashMap.putVal(ILjava/lang/Object;Ljava/lang/Object;ZZ)Ljava/lang/Object; @ 193
Event: 5.959 Thread 0x00007fdeac00a000 Uncommon trap: reason=unstable_if action=reinterpret pc=0x00007fde9d5ef930 method=java.nio.charset.CharsetDecoder.decode(Ljava/nio/ByteBuffer;Ljava/nio/CharBuffer;Z)Ljava/nio/charset/CoderResult; @ 1
Event: 6.855 Thread 0x00007fdeac00a000 Uncommon trap: reason=unstable_if action=reinterpret pc=0x00007fde9d21e5f4 method=com.sun.tools.javac.util.ArrayUtils.ensureCapacity([BI)[B @ 3
Event: 6.857 Thread 0x00007fdeac00a000 Uncommon trap: reason=unstable_if action=reinterpret pc=0x00007fde9d295b40 method=com.sun.tools.javac.parser.JavaTokenizer.readToken()Lcom/sun/tools/javac/parser/Tokens$Token; @ 1296
Event: 7.514 Thread 0x00007fdeac00a000 Uncommon trap: reason=unstable_if action=reinterpret pc=0x00007fde9dd2c52c method=com.sun.tools.javac.parser.JavacParser.term3()Lcom/sun/tools/javac/tree/JCTree$JCExpression; @ 1519
Event: 8.317 Thread 0x00007fdeac00a000 Uncommon trap: reason=unstable_if action=reinterpret pc=0x00007fde9dcb0588 method=java.io.File.getName()Ljava/lang/String; @ 16

Internal exceptions (10 events):
Event: 5.759 Thread 0x00007fdeac00a000 Exception <a 'java/security/PrivilegedActionException'> (0x00000000eb7e6628) thrown at [/HUDSON3/workspace/8-2-build-linux-amd64/jdk8u144/9417/hotspot/src/share/vm/prims/jvm.cpp, line 1390]
Event: 5.778 Thread 0x00007fdeac00a000 Exception <a 'java/security/PrivilegedActionException'> (0x00000000eb867838) thrown at [/HUDSON3/workspace/8-2-build-linux-amd64/jdk8u144/9417/hotspot/src/share/vm/prims/jvm.cpp, line 1390]
Event: 5.778 Thread 0x00007fdeac00a000 Exception <a 'java/security/PrivilegedActionException'> (0x00000000eb867c30) thrown at [/HUDSON3/workspace/8-2-build-linux-amd64/jdk8u144/9417/hotspot/src/share/vm/prims/jvm.cpp, line 1390]
Event: 7.901 Thread 0x00007fdeac00a000 Exception <a 'java/io/FileNotFoundException'> (0x00000000f432c3e8) thrown at [/HUDSON3/workspace/8-2-build-linux-amd64/jdk8u144/9417/hotspot/src/share/vm/prims/jni.cpp, line 709]
Event: 7.906 Thread 0x00007fdeac00a000 Exception <a 'java/io/FileNotFoundException'> (0x00000000f4361418) thrown at [/HUDSON3/workspace/8-2-build-linux-amd64/jdk8u144/9417/hotspot/src/share/vm/prims/jni.cpp, line 709]
Event: 8.135 Thread 0x00007fdeac00a000 Exception <a 'java/io/FileNotFoundException'> (0x00000000f539db08) thrown at [/HUDSON3/workspace/8-2-build-linux-amd64/jdk8u144/9417/hotspot/src/share/vm/prims/jni.cpp, line 709]
Event: 8.135 Thread 0x00007fdeac00a000 Exception <a 'java/io/FileNotFoundException'> (0x00000000f539e828) thrown at [/HUDSON3/workspace/8-2-build-linux-amd64/jdk8u144/9417/hotspot/src/share/vm/prims/jni.cpp, line 709]
Event: 8.135 Thread 0x00007fdeac00a000 Exception <a 'java/io/FileNotFoundException'> (0x00000000f539f550) thrown at [/HUDSON3/workspace/8-2-build-linux-amd64/jdk8u144/9417/hotspot/src/share/vm/prims/jni.cpp, line 709]
Event: 8.178 Thread 0x00007fdeac00a000 Exception <a 'java/io/FileNotFoundException'> (0x00000000f580bde8) thrown at [/HUDSON3/workspace/8-2-build-linux-amd64/jdk8u144/9417/hotspot/src/share/vm/prims/jni.cpp, line 709]
Event: 8.178 Thread 0x00007fdeac00a000 Exception <a 'java/io/FileNotFoundException'> (0x00000000f582b380) thrown at [/HUDSON3/workspace/8-2-build-linux-amd64/jdk8u144/9417/hotspot/src/share/vm/prims/jni.cpp, line 709]

Events (10 events):
Event: 8.722 loading class com/sun/tools/javac/code/Symbol$VarSymbol$2 done
Event: 8.750 Executing VM operation: ForceSafepoint
Event: 8.750 Executing VM operation: ForceSafepoint done
Event: 8.756 loading class com/sun/tools/javac/tree/TreeMaker$1
Event: 8.756 loading class com/sun/tools/javac/tree/TreeMaker$1 done
Event: 8.758 loading class com/sun/tools/javac/code/TypeAnnotations$1
Event: 8.758 loading class com/sun/tools/javac/code/TypeAnnotations$1 done
Event: 8.758 loading class com/sun/tools/javac/code/TypeAnnotations$2
Event: 8.758 loading class com/sun/tools/javac/code/TypeAnnotations$2 done
Event: 8.770 Executing VM operation: ParallelGCFailedAllocation


Dynamic libraries:
00400000-00401000 r-xp 00000000 08:01 1711591                            /usr/lib/jvm/java-8-oracle/bin/java
00600000-00601000 rw-p 00000000 08:01 1711591                            /usr/lib/jvm/java-8-oracle/bin/java
01980000-019a1000 rw-p 00000000 00:00 0                                  [heap]
c2400000-c7100000 rw-p 00000000 00:00 0 
c7100000-eb700000 ---p 00000000 00:00 0 
eb700000-f9400000 rw-p 00000000 00:00 0 
ffe00000-100000000 ---p 00000000 00:00 0 
100000000-1002a0000 rw-p 00000000 00:00 0 
1002a0000-140000000 ---p 00000000 00:00 0 
7fde68fff000-7fde6c000000 rw-p 00000000 00:00 0 
7fde6c000000-7fde6c021000 rw-p 00000000 00:00 0 
7fde6c021000-7fde70000000 ---p 00000000 00:00 0 
7fde70000000-7fde70021000 rw-p 00000000 00:00 0 
7fde70021000-7fde74000000 ---p 00000000 00:00 0 
7fde74000000-7fde74c6c000 rw-p 00000000 00:00 0 
7fde74c6c000-7fde78000000 ---p 00000000 00:00 0 
7fde78000000-7fde78021000 rw-p 00000000 00:00 0 
7fde78021000-7fde7c000000 ---p 00000000 00:00 0 
7fde7c000000-7fde7c021000 rw-p 00000000 00:00 0 
7fde7c021000-7fde80000000 ---p 00000000 00:00 0 
7fde80000000-7fde8182a000 rw-p 00000000 00:00 0 
7fde8182a000-7fde84000000 ---p 00000000 00:00 0 
7fde84000000-7fde84021000 rw-p 00000000 00:00 0 
7fde84021000-7fde88000000 ---p 00000000 00:00 0 
7fde88000000-7fde88021000 rw-p 00000000 00:00 0 
7fde88021000-7fde8c000000 ---p 00000000 00:00 0 
7fde8c000000-7fde8c021000 rw-p 00000000 00:00 0 
7fde8c021000-7fde90000000 ---p 00000000 00:00 0 
7fde90000000-7fde9030f000 rw-p 00000000 00:00 0 
7fde9030f000-7fde94000000 ---p 00000000 00:00 0 
7fde94000000-7fde94023000 rw-p 00000000 00:00 0 
7fde94023000-7fde98000000 ---p 00000000 00:00 0 
7fde98f2e000-7fde98f2f000 r--s 00002000 08:01 921105                     /home/madunlap/.m2/repository/com/google/auto/service/auto-service/1.0-rc2/auto-service-1.0-rc2.jar
7fde98f2f000-7fde98f31000 r--s 0000c000 08:01 921153                     /home/madunlap/.m2/repository/com/lyncode/xoai-service-provider/4.1.0-header-patch/xoai-service-provider-4.1.0-header-patch.jar
7fde98f31000-7fde98f32000 r--s 00001000 08:01 921104                     /home/madunlap/.m2/repository/com/lyncode/builder-commons/1.0.2/builder-commons-1.0.2.jar
7fde98f32000-7fde98f35000 r--s 00012000 08:01 921152                     /home/madunlap/.m2/repository/com/lyncode/xoai-data-provider/4.1.0-header-patch/xoai-data-provider-4.1.0-header-patch.jar
7fde98f35000-7fde98f37000 r--s 00005000 08:01 791390                     /home/madunlap/.m2/repository/stax/stax-api/1.0.1/stax-api-1.0.1.jar
7fde98f37000-7fde98f3d000 r--s 00048000 08:01 921101                     /home/madunlap/.m2/repository/org/apache/commons/commons-lang3/3.1/commons-lang3-3.1.jar
7fde98f3d000-7fde98f3f000 r--s 00004000 08:01 921097                     /home/madunlap/.m2/repository/javax/xml/stream/stax-api/1.0-2/stax-api-1.0-2.jar
7fde98f3f000-7fde98f43000 r--s 00029000 08:01 921098                     /home/madunlap/.m2/repository/org/codehaus/woodstox/stax2-api/3.0.4/stax2-api-3.0.4.jar
7fde98f43000-7fde98f49000 r--s 00045000 08:01 921095                     /home/madunlap/.m2/repository/org/hamcrest/hamcrest-all/1.3/hamcrest-all-1.3.jar
7fde98f49000-7fde98f4a000 r--s 00003000 08:01 921092                     /home/madunlap/.m2/repository/com/lyncode/test-support/1.0.4/test-support-1.0.4.jar
7fde98f4a000-7fde98f4c000 r--s 00004000 08:01 921090                     /home/madunlap/.m2/repository/com/lyncode/xml-io/1.0.3/xml-io-1.0.3.jar
7fde98f4c000-7fde98f4e000 r--s 0000d000 08:01 921151                     /home/madunlap/.m2/repository/com/lyncode/xoai-common/4.1.0-header-patch/xoai-common-4.1.0-header-patch.jar
7fde98f4e000-7fde98f51000 r--s 00011000 08:01 921088                     /home/madunlap/.m2/repository/com/github/scribejava/scribejava-core/3.1.0/scribejava-core-3.1.0.jar
7fde98f51000-7fde98f54000 r--s 00010000 08:01 921084                     /home/madunlap/.m2/repository/com/github/scribejava/scribejava-apis/3.1.0/scribejava-apis-3.1.0.jar
7fde98f54000-7fde98f5d000 r--s 0006f000 08:01 921083                     /home/madunlap/.m2/repository/log4j/log4j/1.2.17/log4j-1.2.17.jar
7fde98f5d000-7fde99034000 r--s 007aa000 08:01 921093                     /home/madunlap/.m2/repository/net/sf/ehcache/ehcache/2.10.1/ehcache-2.10.1.jar
7fde99034000-7fde99036000 r--s 00008000 08:01 921082                     /home/madunlap/.m2/repository/org/apache/commons/commons-csv/1.2/commons-csv-1.2.jar
7fde99036000-7fde9903a000 r--s 00035000 08:01 921081                     /home/madunlap/.m2/repository/com/fasterxml/jackson/core/jackson-core/2.5.3/jackson-core-2.5.3.jar
7fde9903a000-7fde9903c000 r--s 00008000 08:01 921075                     /home/madunlap/.m2/repository/com/fasterxml/jackson/core/jackson-annotations/2.5.0/jackson-annotations-2.5.0.jar
7fde9903c000-7fde9904e000 r--s 00106000 08:01 921073                     /home/madunlap/.m2/repository/com/fasterxml/jackson/core/jackson-databind/2.5.3/jackson-databind-2.5.3.jar
7fde9904e000-7fde99051000 r--s 00006000 08:01 921070                     /home/madunlap/.m2/repository/com/google/code/findbugs/jsr305/1.3.9/jsr305-1.3.9.jar
7fde99051000-7fde99057000 r--s 00040000 08:01 921074                     /home/madunlap/.m2/repository/com/google/http-client/google-http-client/1.20.0/google-http-client-1.20.0.jar
7fde99057000-7fde99058000 r--s 00004000 08:01 921066                     /home/madunlap/.m2/repository/com/maxmind/db/maxmind-db/1.0.0/maxmind-db-1.0.0.jar
7fde99058000-7fde9905a000 r--s 00007000 08:01 921064                     /home/madunlap/.m2/repository/com/maxmind/geoip2/geoip2/2.3.1/geoip2-2.3.1.jar
7fde9905a000-7fde9905e000 r--s 00034000 08:01 921067                     /home/madunlap/.m2/repository/org/codehaus/jackson/jackson-core-asl/1.9.7/jackson-core-asl-1.9.7.jar
7fde9905e000-7fde9906d000 r--s 000b0000 08:01 921065                     /home/madunlap/.m2/repository/org/codehaus/jackson/jackson-mapper-asl/1.9.7/jackson-mapper-asl-1.9.7.jar
7fde9906d000-7fde99077000 r--s 0003d000 08:01 921060                     /home/madunlap/.m2/repository/org/javaswift/joss/0.9.10/joss-0.9.10.jar
7fde99077000-7fde9907e000 r--s 0003a000 08:01 921056                     /home/madunlap/.m2/repository/commons-codec/commons-codec/1.9/commons-codec-1.9.jar
7fde9907e000-7fde99085000 r--s 00048000 08:01 921054                     /home/madunlap/.m2/repository/org/apache/httpcomponents/httpcore/4.4.1/httpcore-4.4.1.jar
7fde99085000-7fde99092000 r--s 000a4000 08:01 921052                     /home/madunlap/.m2/repository/org/apache/httpcomponents/httpclient/4.4.1/httpclient-4.4.1.jar
7fde99092000-7fde99096000 r--s 00028000 08:01 921050                     /home/madunlap/.m2/repository/org/apache/httpcomponents/httpasyncclient/4.1/httpasyncclient-4.1.jar
7fde99096000-7fde9909d000 r--s 00050000 08:01 921049                     /home/madunlap/.m2/repository/org/apache/httpcomponents/httpcore-nio/4.4.1/httpcore-nio-4.4.1.jar
7fde9909d000-7fde990a3000 r--s 00033000 08:01 921046                     /home/madunlap/.m2/repository/io/searchbox/jest-common/0.1.7/jest-common-0.1.7.jar
7fde990a3000-7fde990a4000 r--s 00004000 08:01 921045                     /home/madunlap/.m2/repository/io/searchbox/jest/0.1.7/jest-0.1.7.jar
7fde990a4000-7fde990a5000 r--s 00004000 08:01 921039                     /home/madunlap/.m2/repository/org/apache/axis/axis-saaj/1.4/axis-saaj-1.4.jar
7fde990a5000-7fde990a7000 r--s 00006000 08:01 921036                     /home/madunlap/.m2/repository/org/apache/axis/axis-jaxrpc/1.4/axis-jaxrpc-1.4.jar
7fde990a7000-7fde990bb000 r--s 00173000 08:01 921038                     /home/madunlap/.m2/repository/axis/axis/1.4/axis-1.4.jar
7fde990bb000-7fde990d7000 r--s 00103000 08:01 921030                     /home/madunlap/.m2/repository/org/mockito/mockito-core/1.10.19/mockito-core-1.10.19.jar
7fde990d7000-7fde990d9000 r--s 00001000 08:01 921031                     /home/madunlap/.m2/repository/org/slf4j/slf4j-log4j12/1.7.7/slf4j-log4j12-1.7.7.jar
7fde990d9000-7fde990db000 r--s 00006000 08:01 791385                     /home/madunlap/.m2/repository/org/slf4j/slf4j-api/1.7.7/slf4j-api-1.7.7.jar
7fde990db000-7fde990dd000 r--s 00008000 08:01 920991                     /home/madunlap/.m2/repository/classworlds/classworlds/1.1-alpha-2/classworlds-1.1-alpha-2.jar
7fde990dd000-7fde990e4000 r--s 00029000 08:01 920988                     /home/madunlap/.m2/repository/org/codehaus/plexus/plexus-container-default/1.0-alpha-9-stable-1/plexus-container-default-1.0-alpha-9-stable-1.jar
7fde990e4000-7fde990e7000 r--s 00011000 08:01 920989                     /home/madunlap/.m2/repository/org/apache/maven/maven-artifact/2.2.1/maven-artifact-2.2.1.jar
7fde990e7000-7fde990e9000 r--s 00006000 08:01 920982                     /home/madunlap/.m2/repository/org/apache/maven/maven-plugin-registry/2.2.1/maven-plugin-registry-2.2.1.jar
7fde990e9000-7fde990eb000 r--s 0000b000 08:01 920978                     /home/madunlap/.m2/repository/org/apache/maven/wagon/wagon-provider-api/1.0-beta-6/wagon-provider-api-1.0-beta-6.jar
7fde990eb000-7fde990ed000 r--s 00005000 08:01 920980                     /home/madunlap/.m2/repository/org/apache/maven/maven-repository-metadata/2.2.1/maven-repository-metadata-2.2.1.jar
7fde990ed000-7fde990ef000 r--s 0000f000 08:01 920975                     /home/madunlap/.m2/repository/org/apache/maven/maven-artifact-manager/2.2.1/maven-artifact-manager-2.2.1.jar
7fde990ef000-7fde990f1000 r--s 00014000 08:01 920971                     /home/madunlap/.m2/repository/org/apache/maven/maven-model/2.2.1/maven-model-2.2.1.jar
7fde990f1000-7fde990f3000 r--s 00007000 08:01 920969                     /home/madunlap/.m2/repository/org/apache/maven/maven-profile/2.2.1/maven-profile-2.2.1.jar
7fde990f3000-7fde990f4000 r--s 0000b000 08:01 920972                     /home/madunlap/.m2/repository/org/apache/maven/maven-settings/2.2.1/maven-settings-2.2.1.jar
7fde990f4000-7fde990f8000 r--s 00023000 08:01 920973                     /home/madunlap/.m2/repository/org/apache/maven/maven-project/2.2.1/maven-project-2.2.1.jar
7fde990f8000-7fde990fa000 r--s 00002000 08:01 661356                     /home/madunlap/.m2/repository/org/apache/maven/maven-plugin-api/2.2.1/maven-plugin-api-2.2.1.jar
7fde990fa000-7fde990fc000 r--s 00015000 08:01 791373                     /home/madunlap/.m2/repository/org/ccil/cowan/tagsoup/tagsoup/1.2.1/tagsoup-1.2.1.jar
7fde990fc000-7fde99102000 r--s 00044000 08:01 791367                     /home/madunlap/.m2/repository/org/jsoup/jsoup/1.8.1/jsoup-1.8.1.jar
7fde99102000-7fde99104000 r--s 00004000 08:01 791401                     /home/madunlap/.m2/repository/edu/ucsb/nceas/ezid/1.0.0/ezid-1.0.0.jar
7fde99104000-7fde99107000 r--s 0000b000 08:01 791362                     /home/madunlap/.m2/repository/org/ocpsoft/rewrite/rewrite-integration-faces/2.0.12.Final/rewrite-integration-faces-2.0.12.Final.jar
7fde99107000-7fde99109000 r--s 00001000 08:01 791360                     /home/madunlap/.m2/repository/org/ocpsoft/rewrite/rewrite-annotations-api/2.0.12.Final/rewrite-annotations-api-2.0.12.Final.jar
7fde99109000-7fde9910a000 r--s 00005000 08:01 791359                     /home/madunlap/.m2/repository/org/ocpsoft/rewrite/rewrite-addressbuilder/2.0.12.Final/rewrite-addressbuilder-2.0.12.Final.jar
7fde9910a000-7fde9910c000 r--s 00008000 08:01 791357                     /home/madunlap/.m2/repository/org/ocpsoft/rewrite/rewrite-api-servlet/2.0.12.Final/rewrite-api-servlet-2.0.12.Final.jar
7fde9910c000-7fde9910e000 r--s 00001000 08:01 791354                     /home/madunlap/.m2/repository/org/ocpsoft/logging/logging-api/1.0.2.Final/logging-api-1.0.2.Final.jar
7fde9910e000-7fde9910f000 r--s 00003000 08:01 791353                     /home/madunlap/.m2/repository/org/ocpsoft/common/common-api/1.0.5.Final/common-api-1.0.5.Final.jar
7fde9910f000-7fde99113000 r--s 00018000 08:01 791351                     /home/madunlap/.m2/repository/org/ocpsoft/rewrite/rewrite-api/2.0.12.Final/rewrite-api-2.0.12.Final.jar
7fde99113000-7fde99115000 r--s 00005000 08:01 791349                     /home/madunlap/.m2/repository/org/ocpsoft/rewrite/rewrite-annotations-impl/2.0.12.Final/rewrite-annotations-impl-2.0.12.Final.jar
7fde99115000-7fde99123000 r--s 00092000 08:01 791352                     /home/madunlap/.m2/repository/org/ocpsoft/rewrite/rewrite-config-prettyfaces/2.0.12.Final/rewrite-config-prettyfaces-2.0.12.Final.jar
7fde99123000-7fde99131000 r--s 0005f000 08:01 791345                     /home/madunlap/.m2/repository/org/ocpsoft/rewrite/rewrite-servlet/2.0.12.Final/rewrite-servlet-2.0.12.Final.jar
7fde99131000-7fde99135000 r--s 0003c000 08:01 791218                     /home/madunlap/.m2/repository/javax/media/jai_codec/1.1.3/jai_codec-1.1.3.jar
7fde99135000-7fde99149000 r--s 001bd000 08:01 791220                     /home/madunlap/.m2/repository/javax/media/jai_core/1.1.3/jai_core-1.1.3.jar
7fde99149000-7fde9915a000 r--s 00106000 08:01 791219                     /home/madunlap/.m2/repository/javax/media/jai_imageio/1.1.1/jai_imageio-1.1.1.jar
7fde9915a000-7fde9915c000 r--s 00009000 08:01 791399                     /home/madunlap/.m2/repository/edu/harvard/hul/ois/jhove/jhove-handler/1.11.0/jhove-handler-1.11.0.jar
7fde9915c000-7fde99165000 r--s 00079000 08:01 791398                     /home/madunlap/.m2/repository/edu/harvard/hul/ois/jhove/jhove-module/1.11.0/jhove-module-1.11.0.jar
7fde99165000-7fde99168000 r--s 00011000 08:01 791396                     /home/madunlap/.m2/repository/edu/harvard/hul/ois/jhove/jhove/1.11.0/jhove-1.11.0.jar
7fde99168000-7fde99178000 r--s 0011f000 08:01 791342                     /home/madunlap/.m2/repository/org/apache/poi/poi-scratchpad/3.10-FINAL/poi-scratchpad-3.10-FINAL.jar
7fde99178000-7fde9917e000 r--s 00047000 08:01 791341                     /home/madunlap/.m2/repository/org/apache/poi/poi-examples/3.10-FINAL/poi-examples-3.10-FINAL.jar
7fde9917e000-7fde99183000 r--s 00048000 08:01 791338                     /home/madunlap/.m2/repository/dom4j/dom4j/1.6.1/dom4j-1.6.1.jar
7fde99183000-7fde991c0000 r--s 0024f000 08:01 791336                     /home/madunlap/.m2/repository/org/apache/xmlbeans/xmlbeans/2.3.0/xmlbeans-2.3.0.jar
7fde991c0000-7fde99258000 r--s 00420000 08:01 791334                     /home/madunlap/.m2/repository/org/apache/poi/poi-ooxml-schemas/3.10-FINAL/poi-ooxml-schemas-3.10-FINAL.jar
7fde99258000-7fde99266000 r--s 000ee000 08:01 791333                     /home/madunlap/.m2/repository/org/apache/poi/poi-ooxml/3.10-FINAL/poi-ooxml-3.10-FINAL.jar
7fde99266000-7fde99288000 r--s 001bb000 08:01 791332                     /home/madunlap/.m2/repository/org/apache/poi/poi/3.10-FINAL/poi-3.10-FINAL.jar
7fde99288000-7fde9928a000 r--s 00006000 08:01 791331                     /home/madunlap/.m2/repository/org/nuiton/thirdparty/Rserve/0.6-1/Rserve-0.6-1.jar
7fde9928a000-7fde9928c000 r--s 00006000 08:01 791328                     /home/madunlap/.m2/repository/org/nuiton/thirdparty/REngine/0.6-1/REngine-0.6-1.jar
7fde9928c000-7fde9928d000 r--s 0000c000 08:01 791397                     /home/madunlap/.m2/repository/org/dataverse/unf/6.0/unf-6.0.jar
7fde9928d000-7fde9928e000 r--s 00018000 08:01 791394                     /home/madunlap/.m2/repository/edu/harvard/iq/dvn/unf5/5.0/unf5-5.0.jar
7fde9928e000-7fde99297000 r--s 000a6000 08:01 791393                     /home/madunlap/.m2/repository/net/handle/handle/2006-06-16-generated/handle-2006-06-16-generated.jar
7fde99297000-7fde9929a000 r--s 00035000 08:01 791395                     /home/madunlap/.m2/repository/nom/tam/fits/fits/2012-10-25-generated/fits-2012-10-25-generated.jar
7fde9929a000-7fde992a1000 r--s 00028000 08:01 791326                     /home/madunlap/.m2/repository/concurrent/concurrent/1.3.4/concurrent-1.3.4.jar
7fde992a1000-7fde992af000 r--s 00081000 08:01 791324                     /home/madunlap/.m2/repository/colt/colt/1.2.0/colt-1.2.0.jar
7fde992af000-7fde992bc000 r--s 00083000 08:01 791320                     /home/madunlap/.m2/repository/commons-collections/commons-collections/3.2.2/commons-collections-3.2.2.jar
7fde992bc000-7fde992c0000 r--s 00020000 08:01 791319                     /home/madunlap/.m2/repository/commons-digester/commons-digester/1.8.1/commons-digester-1.8.1.jar
7fde992c0000-7fde992c5000 r--s 00035000 08:01 791317                     /home/madunlap/.m2/repository/commons-beanutils/commons-beanutils/1.9.2/commons-beanutils-1.9.2.jar
7fde992c5000-7fde992c9000 r--s 0002a000 08:01 791315                     /home/madunlap/.m2/repository/commons-validator/commons-validator/1.6/commons-validator-1.6.jar
7fde992c9000-7fde992dc000 r--s 000df000 08:01 791313                     /home/madunlap/.m2/repository/org/apache/commons/commons-math/2.2/commons-math-2.2.jar
7fde992dc000-7fde992de000 r--s 0000e000 08:01 791309                     /home/madunlap/.m2/repository/commons-logging/commons-logging/1.1.3/commons-logging-1.1.3.jar
7fde992de000-7fde992e0000 r--s 00005000 08:01 791311                     /home/madunlap/.m2/repository/org/apache/httpcomponents/httpmime/4.2.6/httpmime-4.2.6.jar
7fde992e0000-7fde992e1000 r--s 00005000 08:01 791308                     /home/madunlap/.m2/repository/org/noggit/noggit/0.5/noggit-0.5.jar
7fde992e1000-7fde992ed000 r--s 000b3000 08:01 791304                     /home/madunlap/.m2/repository/org/apache/zookeeper/zookeeper/3.4.5/zookeeper-3.4.5.jar
7fde992ed000-7fde992f5000 r--s 0005b000 08:01 791305                     /home/madunlap/.m2/repository/org/apache/solr/solr-solrj/4.6.0/solr-solrj-4.6.0.jar
7fde992f5000-7fde992f7000 r--s 0000d000 08:01 791302                     /home/madunlap/.m2/repository/com/fasterxml/classmate/1.0.0/classmate-1.0.0.jar
7fde992f7000-7fde992f9000 r--s 0000d000 08:01 791296                     /home/madunlap/.m2/repository/org/jboss/logging/jboss-logging/3.1.1.GA/jboss-logging-3.1.1.GA.jar
7fde992f9000-7fde992fd000 r--s 0000c000 08:01 791294                     /home/madunlap/.m2/repository/javax/validation/validation-api/1.1.0.Final/validation-api-1.1.0.Final.jar
7fde992fd000-7fde9930a000 r--s 00080000 08:01 791293                     /home/madunlap/.m2/repository/org/hibernate/hibernate-validator/5.0.3.Final/hibernate-validator-5.0.3.Final.jar
7fde9930a000-7fde99314000 r--s 0006b000 08:01 791289                     /home/madunlap/.m2/repository/org/omnifaces/omnifaces/1.7/omnifaces-1.7.jar
7fde99314000-7fde99323000 r--s 000c4000 08:01 791290                     /home/madunlap/.m2/repository/org/atmosphere/atmosphere-runtime/2.4.2/atmosphere-runtime-2.4.2.jar
7fde99323000-7fde99337000 r--s 0013a000 08:01 791121                     /home/madunlap/.m2/repository/org/primefaces/themes/all-themes/1.0.10/all-themes-1.0.10.jar
7fde99337000-7fde99363000 r--s 00318000 08:01 791288                     /home/madunlap/.m2/repository/org/primefaces/primefaces/5.3/primefaces-5.3.jar
7fde99363000-7fde99385000 r--s 00120000 08:01 791284                     /home/madunlap/.m2/repository/javax/javaee-web-api/7.0/javaee-web-api-7.0.jar
7fde99385000-7fde99387000 r--s 0000e000 08:01 791282                     /home/madunlap/.m2/repository/javax/activation/activation/1.1/activation-1.1.jar
7fde99387000-7fde9938f000 r--s 00078000 08:01 791280                     /home/madunlap/.m2/repository/com/sun/mail/javax.mail/1.5.0/javax.mail-1.5.0.jar
7fde9938f000-7fde993c3000 r--s 001a4000 08:01 791278                     /home/madunlap/.m2/repository/javax/javaee-api/7.0/javaee-api-7.0.jar
7fde993c3000-7fde993ee000 r--s 001f5000 08:01 791277                     /home/madunlap/.m2/repository/com/google/guava/guava/16.0.1/guava-16.0.1.jar
7fde993ee000-7fde993ef000 r--s 00004000 08:01 791275                     /home/madunlap/.m2/repository/org/mindrot/jbcrypt/0.3m/jbcrypt-0.3m.jar
7fde993ef000-7fde9940d000 r--s 0027d000 08:01 791273                     /home/madunlap/.m2/repository/xalan/xalan/2.7.0/xalan-2.7.0.jar
7fde9940d000-7fde99421000 r--s 000e3000 08:01 791272                     /home/madunlap/.m2/repository/xerces/xercesImpl/2.6.2/xercesImpl-2.6.2.jar
7fde99421000-7fde99427000 r--s 00019000 08:01 791270                     /home/madunlap/.m2/repository/xerces/xmlParserAPIs/2.6.2/xmlParserAPIs-2.6.2.jar
7fde99427000-7fde9942e000 r--s 00063000 08:01 791268                     /home/madunlap/.m2/repository/xom/xom/1.1/xom-1.1.jar
7fde9942e000-7fde99433000 r--s 0002a000 08:01 791265                     /home/madunlap/.m2/repository/com/google/code/gson/gson/2.2.4/gson-2.2.4.jar
7fde99433000-7fde99437000 r--s 00027000 08:01 791263                     /home/madunlap/.m2/repository/commons-io/commons-io/2.2/commons-io-2.2.jar
7fde99437000-7fde99439000 r--s 0000f000 08:01 791260                     /home/madunlap/.m2/repository/commons-fileupload/commons-fileupload/1.3.1/commons-fileupload-1.3.1.jar
7fde99439000-7fde9943f000 r--s 00032000 08:01 791261                     /home/madunlap/.m2/repository/jaxen/jaxen/1.1.1/jaxen-1.1.1.jar
7fde9943f000-7fde99446000 r--s 00079000 08:01 661348                     /home/madunlap/.m2/repository/org/codehaus/woodstox/wstx-asl/3.2.6/wstx-asl-3.2.6.jar
7fde99446000-7fde9944b000 r--s 00070000 08:01 661349                     /home/madunlap/.m2/repository/org/codehaus/woodstox/woodstox-core-asl/4.1.4/woodstox-core-asl-4.1.4.jar
7fde9944b000-7fde9944f000 r--s 00026000 08:01 791256                     /home/madunlap/.m2/repository/org/apache/ws/commons/axiom/axiom-impl/1.2.14/axiom-impl-1.2.14.jar
7fde9944f000-7fde99452000 r--s 00015000 08:01 791254                     /home/madunlap/.m2/repository/org/apache/james/apache-mime4j-core/0.7.2/apache-mime4j-core-0.7.2.jar
7fde99452000-7fde99457000 r--s 00032000 08:01 791252                     /home/madunlap/.m2/repository/org/apache/geronimo/specs/geronimo-javamail_1.4_spec/1.7.1/geronimo-javamail_1.4_spec-1.7.1.jar
7fde99457000-7fde99461000 r--s 0005d000 08:01 791250                     /home/madunlap/.m2/repository/org/apache/ws/commons/axiom/axiom-api/1.2.14/axiom-api-1.2.14.jar
7fde99461000-7fde99464000 r--s 0014e000 08:01 791249                     /home/madunlap/.m2/repository/org/apache/abdera/abdera-parser/1.1.3/abdera-parser-1.1.3.jar
7fde99464000-7fde99466000 r--s 00006000 08:01 791245                     /home/madunlap/.m2/repository/org/apache/geronimo/specs/geronimo-stax-api_1.0_spec/1.0.1/geronimo-stax-api_1.0_spec-1.0.1.jar
7fde99466000-7fde99468000 r--s 0000a000 08:01 791243                     /home/madunlap/.m2/repository/org/apache/geronimo/specs/geronimo-activation_1.1_spec/1.1/geronimo-activation_1.1_spec-1.1.jar
7fde99468000-7fde9946c000 r--s 00094000 08:01 791246                     /home/madunlap/.m2/repository/org/apache/abdera/abdera-i18n/1.1.3/abdera-i18n-1.1.3.jar
7fde9946c000-7fde99470000 r--s 00024000 08:01 791241                     /home/madunlap/.m2/repository/org/apache/abdera/abdera-core/1.1.3/abdera-core-1.1.3.jar
7fde99470000-7fde99489000 r--s 002fd000 08:01 791240                     /home/madunlap/.m2/repository/com/ibm/icu/icu4j/3.4.4/icu4j-3.4.4.jar
7fde99489000-7fde9948c000 r--s 00023000 08:01 791237                     /home/madunlap/.m2/repository/com/hp/hpl/jena/iri/0.8/iri-0.8.jar
7fde9948c000-7fde994af000 r--s 001ae000 08:01 791235                     /home/madunlap/.m2/repository/com/hp/hpl/jena/jena/2.6.4/jena-2.6.4.jar
7fde994af000-7fde994b1000 r--s 0000d000 08:01 791233                     /home/madunlap/.m2/repository/org/apache/abdera/abdera-client/1.1.1/abdera-client-1.1.1.jar
7fde994b1000-7fde994b3000 r--s 00016000 08:01 791230                     /home/madunlap/.m2/repository/javax/servlet/servlet-api/2.4/servlet-api-2.4.jar
7fde994b3000-7fde994b6000 r--s 0000f000 08:01 791226                     /home/madunlap/.m2/repository/org/swordapp/sword2-server/1.0/sword2-server-1.0-classes.jar
7fde994b6000-7fde994bb000 r--s 00040000 08:01 791224                     /home/madunlap/.m2/repository/commons-httpclient/commons-httpclient/3.0.1/commons-httpclient-3.0.1.jar
7fde994bb000-7fde998c7000 r--s 03c80000 08:01 791225                     /home/madunlap/.m2/repository/com/amazonaws/aws-java-sdk-bundle/1.11.172/aws-java-sdk-bundle-1.11.172.jar
7fde998c7000-7fde99a33000 rw-p 00000000 00:00 0 
7fde99a33000-7fde99ac7000 ---p 00000000 00:00 0 
7fde99ac7000-7fde99cc7000 rw-p 00000000 00:00 0 
7fde99cc7000-7fde99d41000 r--s 010f7000 08:01 1582200                    /usr/lib/jvm/java-8-oracle/lib/tools.jar
7fde99d41000-7fde99d44000 r--s 0001b000 08:01 791438                     /home/madunlap/.m2/repository/junit/junit/3.8.2/junit-3.8.2.jar
7fde99d44000-7fde99d52000 r--s 0008f000 08:01 921892                     /home/madunlap/.m2/repository/com/google/collections/google-collections/1.0/google-collections-1.0.jar
7fde99d52000-7fde99d53000 r--s 0000a000 08:01 921891                     /home/madunlap/.m2/repository/commons-logging/commons-logging-api/1.1/commons-logging-api-1.1.jar
7fde99d53000-7fde99d5a000 r--s 00051000 08:01 921889                     /home/madunlap/.m2/repository/log4j/log4j/1.2.12/log4j-1.2.12.jar
7fde99d5a000-7fde99d5e000 r--s 0001d000 08:01 921886                     /home/madunlap/.m2/repository/org/apache/xbean/xbean-reflect/3.4/xbean-reflect-3.4.jar
7fde99d5e000-7fde99d5f000 r--s 00004000 08:01 921885                     /home/madunlap/.m2/repository/org/codehaus/plexus/plexus-compiler-javac/2.2/plexus-compiler-javac-2.2.jar
7fde99d5f000-7fde99d61000 r--s 00000000 08:01 921883                     /home/madunlap/.m2/repository/org/codehaus/plexus/plexus-compiler-manager/2.2/plexus-compiler-manager-2.2.jar
7fde99d61000-7fde99d63000 r--s 00005000 08:01 921878                     /home/madunlap/.m2/repository/org/codehaus/plexus/plexus-compiler-api/2.2/plexus-compiler-api-2.2.jar
7fde99d63000-7fde99d65000 r--s 00002000 08:01 921877                     /home/madunlap/.m2/repository/org/apache/maven/shared/maven-shared-incremental/1.1/maven-shared-incremental-1.1.jar
7fde99d65000-7fde99d67000 r--s 00006000 08:01 921876                     /home/madunlap/.m2/repository/com/google/code/findbugs/jsr305/2.0.1/jsr305-2.0.1.jar
7fde99d67000-7fde99d6a000 r--s 00023000 08:01 921882                     /home/madunlap/.m2/repository/org/apache/maven/shared/maven-shared-utils/0.1/maven-shared-utils-0.1.jar
7fde99d6a000-7fde99d6e000 r--s 00030000 08:01 921884                     /home/madunlap/.m2/repository/org/codehaus/plexus/plexus-utils/1.5.1/plexus-utils-1.5.1.jar
7fde99d6e000-7fde99d70000 r--s 00009000 08:01 660601                     /home/madunlap/.m2/repository/org/apache/maven/plugins/maven-compiler-plugin/3.1/maven-compiler-plugin-3.1.jar
7fde99d70000-7fde99d72000 r--s 0000d000 08:01 921763                     /home/madunlap/.m2/repository/org/codehaus/plexus/plexus-interpolation/1.13/plexus-interpolation-1.13.jar
7fde99d72000-7fde99d73000 r--s 00001000 08:01 921761                     /home/madunlap/.m2/repository/org/sonatype/plexus/plexus-build-api/0.0.4/plexus-build-api-0.0.4.jar
7fde99d73000-7fde99d75000 r--s 00009000 08:01 921767                     /home/madunlap/.m2/repository/org/apache/maven/shared/maven-filtering/1.0/maven-filtering-1.0.jar
7fde99d75000-7fde99d76000 r--s 00001000 08:01 921765                     /home/madunlap/.m2/repository/org/apache/maven/doxia/doxia-sink-api/1.0-alpha-7/doxia-sink-api-1.0-alpha-7.jar
7fde99d76000-7fde99d77000 r--s 00002000 08:01 921760                     /home/madunlap/.m2/repository/org/apache/maven/reporting/maven-reporting-api/2.0.6/maven-reporting-api-2.0.6.jar
7fde99d77000-7fde99d79000 r--s 00005000 08:01 660590                     /home/madunlap/.m2/repository/org/apache/maven/plugins/maven-resources-plugin/2.5/maven-resources-plugin-2.5.jar
7fde99d79000-7fde99d7d000 r--s 0001f000 08:01 921028                     /home/madunlap/.m2/repository/org/jacoco/org.jacoco.report/0.7.5.201505241946/org.jacoco.report-0.7.5.201505241946.jar
7fde99d7d000-7fde99d82000 r--s 00058000 08:01 921027                     /home/madunlap/.m2/repository/org/ow2/asm/asm-debug-all/5.0.1/asm-debug-all-5.0.1.jar
7fde99d82000-7fde99d86000 r--s 0001d000 08:01 791383                     /home/madunlap/.m2/repository/org/jacoco/org.jacoco.core/0.7.5.201505241946/org.jacoco.core-0.7.5.201505241946.jar
7fde99d86000-7fde99d8c000 r--s 00041000 08:01 661360                     /home/madunlap/.m2/repository/org/jacoco/org.jacoco.agent/0.7.5.201505241946/org.jacoco.agent-0.7.5.201505241946-runtime.jar
7fde99d8c000-7fde99d99000 r--s 0007f000 08:01 921702                     /home/madunlap/.m2/repository/commons-collections/commons-collections/3.2/commons-collections-3.2.jar
7fde99d99000-7fde99d9b000 r--s 00008000 08:01 921015                     /home/madunlap/.m2/repository/org/apache/maven/doxia/doxia-module-fml/1.1.2/doxia-module-fml-1.1.2.jar
7fde99d9b000-7fde99d9c000 r--s 00003000 08:01 921016                     /home/madunlap/.m2/repository/org/apache/maven/doxia/doxia-module-xhtml/1.1.2/doxia-module-xhtml-1.1.2.jar
7fde99d9c000-7fde99d9e000 r--s 0000b000 08:01 921011                     /home/madunlap/.m2/repository/org/apache/maven/doxia/doxia-decoration-model/1.1.2/doxia-decoration-model-1.1.2.jar
7fde99d9e000-7fde99da0000 r--s 0000b000 08:01 921008                     /home/madunlap/.m2/repository/org/apache/maven/doxia/doxia-site-renderer/1.1.2/doxia-site-renderer-1.1.2.jar
7fde99da0000-7fde99da2000 r--s 00006000 08:01 791430                     /home/madunlap/.m2/repository/commons-codec/commons-codec/1.2/commons-codec-1.2.jar
7fde99da2000-7fde99da8000 r--s 00045000 08:01 791428                     /home/madunlap/.m2/repository/commons-httpclient/commons-httpclient/3.1/commons-httpclient-3.1.jar
7fde99da8000-7fde99dac000 r--s 0003c000 08:01 791427                     /home/madunlap/.m2/repository/commons-lang/commons-lang/2.4/commons-lang-2.4.jar
7fde99dac000-7fde99dc3000 r--s 00112000 08:01 791426                     /home/madunlap/.m2/repository/xerces/xercesImpl/2.8.1/xercesImpl-2.8.1.jar
7fde99dc3000-7fde99dc7000 r--s 00023000 08:01 921010                     /home/madunlap/.m2/repository/org/apache/maven/doxia/doxia-core/1.1.2/doxia-core-1.1.2.jar
7fde99dc7000-7fde99dc9000 r--s 00003000 08:01 921007                     /home/madunlap/.m2/repository/org/apache/maven/reporting/maven-reporting-impl/2.1/maven-reporting-impl-2.1.jar
7fde99dc9000-7fde99dca000 r--s 00002000 08:01 921004                     /home/madunlap/.m2/repository/org/apache/maven/doxia/doxia-logging-api/1.1/doxia-logging-api-1.1.jar
7fde99dca000-7fde99dcc000 r--s 00002000 08:01 921001                     /home/madunlap/.m2/repository/org/apache/maven/doxia/doxia-sink-api/1.1/doxia-sink-api-1.1.jar
7fde99dcc000-7fde99dcd000 r--s 00002000 08:01 920999                     /home/madunlap/.m2/repository/org/apache/maven/reporting/maven-reporting-api/2.2.1/maven-reporting-api-2.2.1.jar
7fde99dcd000-7fde99dd2000 r--s 00039000 08:01 920997                     /home/madunlap/.m2/repository/org/codehaus/plexus/plexus-utils/1.5.6/plexus-utils-1.5.6.jar
7fde99dd2000-7fde99dd8000 r--s 00034000 08:01 921701                     /home/madunlap/.m2/repository/junit/junit/4.8.2/junit-4.8.2.jar
7fde99dd8000-7fde99dda000 r--s 0000b000 08:01 920985                     /home/madunlap/.m2/repository/org/codehaus/plexus/plexus-interpolation/1.11/plexus-interpolation-1.11.jar
7fde99dda000-7fde99de2000 r--s 00049000 08:01 920984                     /home/madunlap/.m2/repository/backport-util-concurrent/backport-util-concurrent/3.1/backport-util-concurrent-3.1.jar
7fde99de2000-7fde99de5000 r--s 0001a000 08:01 1976716                    /usr/lib/jvm/java-8-oracle/jre/lib/jce.jar
7fde99de5000-7fde99fe5000 rw-p 00000000 00:00 0 
7fde99fe5000-7fde99fe7000 r--s 0000b000 08:01 660606                     /home/madunlap/.m2/repository/org/jacoco/jacoco-maven-plugin/0.7.5.201505241946/jacoco-maven-plugin-0.7.5.201505241946.jar
7fde99fe7000-7fde99ff5000 r--s 0007f000 08:01 791424                     /home/madunlap/.m2/repository/commons-collections/commons-collections/3.2.1/commons-collections-3.2.1.jar
7fde99ff5000-7fde99ffa000 r--s 00041000 08:01 791300                     /home/madunlap/.m2/repository/commons-lang/commons-lang/2.6/commons-lang-2.6.jar
7fde99ffa000-7fde99ffc000 r--s 00006000 08:01 921678                     /home/madunlap/.m2/repository/org/apache/maven/shared/maven-invoker/2.0.11/maven-invoker-2.0.11.jar
7fde99ffc000-7fde99ffe000 r--s 00006000 08:01 921677                     /home/madunlap/.m2/repository/org/apache/maven/shared/maven-common-artifact-filters/1.4/maven-common-artifact-filters-1.4.jar
7fde99ffe000-7fde9a000000 r--s 0000c000 08:01 921676                     /home/madunlap/.m2/repository/org/apache/maven/shared/maven-dependency-tree/2.0/maven-dependency-tree-2.0.jar
7fde9a000000-7fde9a002000 r--s 00000000 08:01 921682                     /home/madunlap/.m2/repository/org/codehaus/plexus/plexus-component-annotations/1.5.5/plexus-component-annotations-1.5.5.jar
7fde9a002000-7fde9a003000 r--s 0000a000 08:01 921680                     /home/madunlap/.m2/repository/asm/asm/3.3.1/asm-3.3.1.jar
7fde9a003000-7fde9a005000 r--s 00005000 08:01 921672                     /home/madunlap/.m2/repository/org/apache/maven/shared/maven-dependency-analyzer/1.3/maven-dependency-analyzer-1.3.jar
7fde9a005000-7fde9a008000 r--s 0000c000 08:01 921669                     /home/madunlap/.m2/repository/org/codehaus/plexus/plexus-io/2.0.6/plexus-io-2.0.6.jar
7fde9a008000-7fde9a00b000 r--s 0001b000 08:01 791422                     /home/madunlap/.m2/repository/junit/junit/3.8.1/junit-3.8.1.jar
7fde9a00b000-7fde9a00d000 r--s 00008000 08:01 920995                     /home/madunlap/.m2/repository/org/apache/maven/shared/maven-shared-io/1.1/maven-shared-io-1.1.jar
7fde9a00d000-7fde9a00f000 r--s 00008000 08:01 920998                     /home/madunlap/.m2/repository/org/apache/maven/shared/file-management/1.2.1/file-management-1.2.1.jar
7fde9a00f000-7fde9a013000 r--s 00035000 08:01 921667                     /home/madunlap/.m2/repository/org/codehaus/plexus/plexus-utils/3.0.9/plexus-utils-3.0.9.jar
7fde9a013000-7fde9a018000 r--s 00029000 08:01 921665                     /home/madunlap/.m2/repository/org/codehaus/plexus/plexus-archiver/2.2/plexus-archiver-2.2.jar
7fde9a018000-7fde9a01a000 r--s 00004000 08:01 921661                     /home/madunlap/.m2/repository/org/apache/maven/doxia/doxia-module-xhtml/1.0/doxia-module-xhtml-1.0.jar
7fde9a01a000-7fde9a01b000 r--s 00006000 08:01 921663                     /home/madunlap/.m2/repository/org/apache/maven/doxia/doxia-module-xdoc/1.0/doxia-module-xdoc-1.0.jar
7fde9a01b000-7fde9a01c000 r--s 00004000 08:01 921664                     /home/madunlap/.m2/repository/org/apache/maven/doxia/doxia-module-fml/1.0/doxia-module-fml-1.0.jar
7fde9a01c000-7fde9a01e000 r--s 0000a000 08:01 921659                     /home/madunlap/.m2/repository/org/apache/maven/doxia/doxia-module-apt/1.0/doxia-module-apt-1.0.jar
7fde9a01e000-7fde9a01f000 r--s 0000b000 08:01 921658                     /home/madunlap/.m2/repository/org/apache/maven/doxia/doxia-decoration-model/1.0/doxia-decoration-model-1.0.jar
7fde9a01f000-7fde9a027000 r--s 00058000 08:01 921019                     /home/madunlap/.m2/repository/org/apache/velocity/velocity/1.5/velocity-1.5.jar
7fde9a027000-7fde9a028000 r--s 00001000 08:01 921022                     /home/madunlap/.m2/repository/org/codehaus/plexus/plexus-velocity/1.1.7/plexus-velocity-1.1.7.jar
7fde9a028000-7fde9a029000 r--s 00002000 08:01 921017                     /home/madunlap/.m2/repository/org/codehaus/plexus/plexus-i18n/1.0-beta-7/plexus-i18n-1.0-beta-7.jar
7fde9a029000-7fde9a02b000 r--s 0000a000 08:01 921654                     /home/madunlap/.m2/repository/org/apache/maven/doxia/doxia-site-renderer/1.0/doxia-site-renderer-1.0.jar
7fde9a02b000-7fde9a02c000 r--s 00002000 08:01 921653                     /home/madunlap/.m2/repository/org/apache/maven/doxia/doxia-sink-api/1.0/doxia-sink-api-1.0.jar
7fde9a02c000-7fde9a031000 r--s 00016000 08:01 791388                     /home/madunlap/.m2/repository/xml-apis/xml-apis/1.0.b2/xml-apis-1.0.b2.jar
7fde9a031000-7fde9a033000 r--s 0000e000 08:01 921023                     /home/madunlap/.m2/repository/oro/oro/2.0.8/oro-2.0.8.jar
7fde9a033000-7fde9a035000 r--s 00008000 08:01 791420                     /home/madunlap/.m2/repository/commons-logging/commons-logging/1.0.4/commons-logging-1.0.4.jar
7fde9a035000-7fde9a039000 r--s 00026000 08:01 921649                     /home/madunlap/.m2/repository/commons-digester/commons-digester/1.6/commons-digester-1.6.jar
7fde9a039000-7fde9a03e000 r--s 0002a000 08:01 921644                     /home/madunlap/.m2/repository/commons-beanutils/commons-beanutils/1.7.0/commons-beanutils-1.7.0.jar
7fde9a03e000-7fde9a041000 r--s 00014000 08:01 921646                     /home/madunlap/.m2/repository/commons-validator/commons-validator/1.2.0/commons-validator-1.2.0.jar
7fde9a041000-7fde9a044000 r--s 00018000 08:01 791418                     /home/madunlap/.m2/repository/commons-io/commons-io/1.4/commons-io-1.4.jar
7fde9a044000-7fde9a046000 r--s 00009000 08:01 921639                     /home/madunlap/.m2/repository/org/apache/maven/shared/maven-doxia-tools/1.0.2/maven-doxia-tools-1.0.2.jar
7fde9a046000-7fde9a049000 r--s 0000b000 08:01 921640                     /home/madunlap/.m2/repository/org/apache/maven/doxia/doxia-core/1.0/doxia-core-1.0.jar
7fde9a049000-7fde9a04b000 r--s 00004000 08:01 921647                     /home/madunlap/.m2/repository/org/apache/maven/reporting/maven-reporting-impl/2.0.5/maven-reporting-impl-2.0.5.jar
7fde9a04b000-7fde9a04c000 r--s 00002000 08:01 921638                     /home/madunlap/.m2/repository/org/apache/maven/reporting/maven-reporting-api/3.0/maven-reporting-api-3.0.jar
7fde9a04c000-7fde9a04e000 r--s 00002000 08:01 921645                     /home/madunlap/.m2/repository/org/codehaus/plexus/plexus-interactivity-api/1.0-alpha-4/plexus-interactivity-api-1.0-alpha-4.jar
7fde9a04e000-7fde9a050000 r--s 00006000 08:01 921636                     /home/madunlap/.m2/repository/commons-cli/commons-cli/1.0/commons-cli-1.0.jar
7fde9a050000-7fde9a053000 r--s 00021000 08:01 660560                     /home/madunlap/.m2/repository/org/apache/maven/plugins/maven-dependency-plugin/2.6/maven-dependency-plugin-2.6.jar
7fde9a053000-7fde9a057000 r--s 00033000 08:01 921162                     /home/madunlap/.m2/repository/org/codehaus/plexus/plexus-utils/2.0.5/plexus-utils-2.0.5.jar
7fde9a057000-7fde9a058000 r--s 00005000 08:01 660568                     /home/madunlap/.m2/repository/org/apache/maven/plugins/maven-clean-plugin/2.4.1/maven-clean-plugin-2.4.1.jar
7fde9a058000-7fde9a258000 rw-p 00000000 00:00 0 
7fde9a258000-7fde9a269000 r-xp 00000000 08:01 2106483                    /usr/lib/jvm/java-8-oracle/jre/lib/amd64/libnio.so
7fde9a269000-7fde9a468000 ---p 00011000 08:01 2106483                    /usr/lib/jvm/java-8-oracle/jre/lib/amd64/libnio.so
7fde9a468000-7fde9a469000 rw-p 00010000 08:01 2106483                    /usr/lib/jvm/java-8-oracle/jre/lib/amd64/libnio.so
7fde9a469000-7fde9a47f000 r-xp 00000000 08:01 2106458                    /usr/lib/jvm/java-8-oracle/jre/lib/amd64/libnet.so
7fde9a47f000-7fde9a67f000 ---p 00016000 08:01 2106458                    /usr/lib/jvm/java-8-oracle/jre/lib/amd64/libnet.so
7fde9a67f000-7fde9a680000 rw-p 00016000 08:01 2106458                    /usr/lib/jvm/java-8-oracle/jre/lib/amd64/libnet.so
7fde9a680000-7fde9a683000 ---p 00000000 00:00 0 
7fde9a683000-7fde9a6b9000 rw-p 00000000 00:00 0 
7fde9a6b9000-7fde9a6ba000 r--p 00000000 00:00 0 
7fde9a6ba000-7fde9a8ba000 rw-p 00000000 00:00 0 
7fde9a8ba000-7fde9a8bf000 r--s 0009a000 08:01 1976643                    /usr/lib/jvm/java-8-oracle/jre/lib/jsse.jar
7fde9a8bf000-7fde9aabf000 rw-p 00000000 00:00 0 
7fde9aabf000-7fde9aac1000 r--s 0000c000 08:01 2112577                    /usr/local/netbeans-8.1/java/maven-nblib/netbeans-eventspy.jar
7fde9aac1000-7fde9aac3000 r--s 00002000 08:01 2112587                    /usr/local/netbeans-8.1/java/maven/lib/plexus-cipher-1.7.jar
7fde9aac3000-7fde9aac4000 r--s 0000a000 08:01 2112568                    /usr/local/netbeans-8.1/java/maven/lib/maven-embedder-3.0.5.jar
7fde9aac4000-7fde9aac6000 r--s 00000000 08:01 2112237                    /usr/local/netbeans-8.1/java/maven/lib/plexus-component-annotations-1.5.5.jar
7fde9aac6000-7fde9aac8000 r--s 0000a000 08:01 2112569                    /usr/local/netbeans-8.1/java/maven/lib/maven-settings-3.0.5.jar
7fde9aac8000-7fde9aacc000 r--s 0001c000 08:01 2112582                    /usr/local/netbeans-8.1/java/maven/lib/aether-util-1.13.1.jar
7fde9aacc000-7fde9aad3000 r--s 0003f000 08:01 2112554                    /usr/local/netbeans-8.1/java/maven/lib/sisu-inject-bean-2.3.0.jar
7fde9aad3000-7fde9aad7000 r--s 00021000 08:01 2112506                    /usr/local/netbeans-8.1/java/maven/lib/maven-model-builder-3.0.5.jar
7fde9aad7000-7fde9aad9000 r--s 0000b000 08:01 2112552                    /usr/local/netbeans-8.1/java/maven/lib/wagon-provider-api-2.4.jar
7fde9aad9000-7fde9aadd000 r--s 00033000 08:01 2112580                    /usr/local/netbeans-8.1/java/maven/lib/plexus-utils-2.0.6.jar
7fde9aadd000-7fde9aae1000 r--s 00013000 08:01 2112588                    /usr/local/netbeans-8.1/java/maven/lib/aether-api-1.13.1.jar
7fde9aae1000-7fde9aae3000 r--s 0000d000 08:01 2112510                    /usr/local/netbeans-8.1/java/maven/lib/plexus-interpolation-1.14.jar
7fde9aae3000-7fde9aafe000 r--s 000e4000 08:01 2112562                    /usr/local/netbeans-8.1/java/maven/lib/wagon-http-2.4-shaded.jar
7fde9aafe000-7fde9ab1d000 r--s 00154000 08:01 2112595                    /usr/local/netbeans-8.1/java/maven/lib/sisu-guava-0.9.9.jar
7fde9ab1d000-7fde9ab1e000 r--s 00002000 08:01 2112599                    /usr/local/netbeans-8.1/java/maven/lib/wagon-file-2.4.jar
7fde9ab1e000-7fde9ab26000 r--s 00050000 08:01 2112540                    /usr/local/netbeans-8.1/java/maven/lib/sisu-guice-3.1.0-no_aop.jar
7fde9ab26000-7fde9ab28000 r--s 0000b000 08:01 2112567                    /usr/local/netbeans-8.1/java/maven/lib/maven-artifact-3.0.5.jar
7fde9ab28000-7fde9ab2f000 r--s 0002b000 08:01 2112529                    /usr/local/netbeans-8.1/java/maven/lib/sisu-inject-plexus-2.3.0.jar
7fde9ab2f000-7fde9ab32000 r--s 0001d000 08:01 2112581                    /usr/local/netbeans-8.1/java/maven/lib/aether-impl-1.13.1.jar
7fde9ab32000-7fde9ab34000 r--s 00006000 08:01 2112424                    /usr/local/netbeans-8.1/java/maven/lib/aether-connector-wagon-1.13.1.jar
7fde9ab34000-7fde9ab36000 r--s 00009000 08:01 2112597                    /usr/local/netbeans-8.1/java/maven/lib/commons-cli-1.2.jar
7fde9ab36000-7fde9ab42000 r--s 0007d000 08:01 2112594                    /usr/local/netbeans-8.1/java/maven/lib/maven-core-3.0.5.jar
7fde9ab42000-7fde9ab43000 ---p 00000000 00:00 0 
7fde9ab43000-7fde9ac43000 rw-p 00000000 00:00 0 
7fde9ac43000-7fde9ac46000 ---p 00000000 00:00 0 
7fde9ac46000-7fde9ad44000 rw-p 00000000 00:00 0 
7fde9ad44000-7fde9ad47000 ---p 00000000 00:00 0 
7fde9ad47000-7fde9ae45000 rw-p 00000000 00:00 0 
7fde9ae45000-7fde9b120000 r--p 00000000 08:01 1441812                    /usr/lib/locale/locale-archive
7fde9b120000-7fde9d000000 rw-p 00000000 00:00 0 
7fde9d000000-7fde9de80000 rwxp 00000000 00:00 0 
7fde9de80000-7fdeac000000 ---p 00000000 00:00 0 
7fdeac000000-7fdead670000 rw-p 00000000 00:00 0 
7fdead670000-7fdeb0000000 ---p 00000000 00:00 0 
7fdeb0000000-7fdeb0001000 r--s 00003000 08:01 2112589                    /usr/local/netbeans-8.1/java/maven/lib/aether-spi-1.13.1.jar
7fdeb0001000-7fdeb0004000 r--s 00008000 08:01 2112453                    /usr/local/netbeans-8.1/java/maven/lib/maven-settings-builder-3.0.5.jar
7fdeb0004000-7fdeb0006000 r--s 00006000 08:01 2112358                    /usr/local/netbeans-8.1/java/maven/lib/maven-repository-metadata-3.0.5.jar
7fdeb0006000-7fdeb000c000 r--s 0003f000 08:01 2112583                    /usr/local/netbeans-8.1/java/maven/lib/maven-compat-3.0.5.jar
7fdeb000c000-7fdeb003a000 r--s 001c9000 08:01 2112509                    /usr/local/netbeans-8.1/java/maven/lib/ext/wagon-http-2.8-shaded.jar
7fdeb003a000-7fdeb003d000 ---p 00000000 00:00 0 
7fdeb003d000-7fdeb013b000 rw-p 00000000 00:00 0 
7fdeb013b000-7fdeb013e000 ---p 00000000 00:00 0 
7fdeb013e000-7fdeb023c000 rw-p 00000000 00:00 0 
7fdeb023c000-7fdeb023f000 ---p 00000000 00:00 0 
7fdeb023f000-7fdeb033d000 rw-p 00000000 00:00 0 
7fdeb033d000-7fdeb0340000 ---p 00000000 00:00 0 
7fdeb0340000-7fdeb043e000 rw-p 00000000 00:00 0 
7fdeb043e000-7fdeb043f000 ---p 00000000 00:00 0 
7fdeb043f000-7fdeb0eab000 rw-p 00000000 00:00 0 
7fdeb0eab000-7fdeb1085000 r--s 03d4d000 08:01 1976682                    /usr/lib/jvm/java-8-oracle/jre/lib/rt.jar
7fdeb1085000-7fdeb1ae9000 rw-p 00000000 00:00 0 
7fdeb1ae9000-7fdeb1aea000 ---p 00000000 00:00 0 
7fdeb1aea000-7fdeb1bea000 rw-p 00000000 00:00 0 
7fdeb1bea000-7fdeb1beb000 ---p 00000000 00:00 0 
7fdeb1beb000-7fdeb1d12000 rw-p 00000000 00:00 0 
7fdeb1d12000-7fdeb1e35000 ---p 00000000 00:00 0 
7fdeb1e35000-7fdeb1e5c000 rw-p 00000000 00:00 0 
7fdeb1e5c000-7fdeb1f7e000 ---p 00000000 00:00 0 
7fdeb1f7e000-7fdeb1fed000 rw-p 00000000 00:00 0 
7fdeb1fed000-7fdeb2023000 ---p 00000000 00:00 0 
7fdeb2023000-7fdeb205e000 rw-p 00000000 00:00 0 
7fdeb205e000-7fdeb23e4000 ---p 00000000 00:00 0 
7fdeb23e4000-7fdeb23fe000 r-xp 00000000 08:01 2106481                    /usr/lib/jvm/java-8-oracle/jre/lib/amd64/libzip.so
7fdeb23fe000-7fdeb25fe000 ---p 0001a000 08:01 2106481                    /usr/lib/jvm/java-8-oracle/jre/lib/amd64/libzip.so
7fdeb25fe000-7fdeb25ff000 rw-p 0001a000 08:01 2106481                    /usr/lib/jvm/java-8-oracle/jre/lib/amd64/libzip.so
7fdeb25ff000-7fdeb260a000 r-xp 00000000 08:01 663303                     /lib/x86_64-linux-gnu/libnss_files-2.24.so
7fdeb260a000-7fdeb2809000 ---p 0000b000 08:01 663303                     /lib/x86_64-linux-gnu/libnss_files-2.24.so
7fdeb2809000-7fdeb280a000 r--p 0000a000 08:01 663303                     /lib/x86_64-linux-gnu/libnss_files-2.24.so
7fdeb280a000-7fdeb280b000 rw-p 0000b000 08:01 663303                     /lib/x86_64-linux-gnu/libnss_files-2.24.so
7fdeb280b000-7fdeb2811000 rw-p 00000000 00:00 0 
7fdeb2811000-7fdeb281c000 r-xp 00000000 08:01 663305                     /lib/x86_64-linux-gnu/libnss_nis-2.24.so
7fdeb281c000-7fdeb2a1b000 ---p 0000b000 08:01 663305                     /lib/x86_64-linux-gnu/libnss_nis-2.24.so
7fdeb2a1b000-7fdeb2a1c000 r--p 0000a000 08:01 663305                     /lib/x86_64-linux-gnu/libnss_nis-2.24.so
7fdeb2a1c000-7fdeb2a1d000 rw-p 0000b000 08:01 663305                     /lib/x86_64-linux-gnu/libnss_nis-2.24.so
7fdeb2a1d000-7fdeb2a33000 r-xp 00000000 08:01 663300                     /lib/x86_64-linux-gnu/libnsl-2.24.so
7fdeb2a33000-7fdeb2c32000 ---p 00016000 08:01 663300                     /lib/x86_64-linux-gnu/libnsl-2.24.so
7fdeb2c32000-7fdeb2c33000 r--p 00015000 08:01 663300                     /lib/x86_64-linux-gnu/libnsl-2.24.so
7fdeb2c33000-7fdeb2c34000 rw-p 00016000 08:01 663300                     /lib/x86_64-linux-gnu/libnsl-2.24.so
7fdeb2c34000-7fdeb2c36000 rw-p 00000000 00:00 0 
7fdeb2c36000-7fdeb2c3e000 r-xp 00000000 08:01 663301                     /lib/x86_64-linux-gnu/libnss_compat-2.24.so
7fdeb2c3e000-7fdeb2e3d000 ---p 00008000 08:01 663301                     /lib/x86_64-linux-gnu/libnss_compat-2.24.so
7fdeb2e3d000-7fdeb2e3e000 r--p 00007000 08:01 663301                     /lib/x86_64-linux-gnu/libnss_compat-2.24.so
7fdeb2e3e000-7fdeb2e3f000 rw-p 00008000 08:01 663301                     /lib/x86_64-linux-gnu/libnss_compat-2.24.so
7fdeb2e3f000-7fdeb2e6a000 r-xp 00000000 08:01 2106508                    /usr/lib/jvm/java-8-oracle/jre/lib/amd64/libjava.so
7fdeb2e6a000-7fdeb3069000 ---p 0002b000 08:01 2106508                    /usr/lib/jvm/java-8-oracle/jre/lib/amd64/libjava.so
7fdeb3069000-7fdeb306b000 rw-p 0002a000 08:01 2106508                    /usr/lib/jvm/java-8-oracle/jre/lib/amd64/libjava.so
7fdeb306b000-7fdeb3078000 r-xp 00000000 08:01 2106459                    /usr/lib/jvm/java-8-oracle/jre/lib/amd64/libverify.so
7fdeb3078000-7fdeb3278000 ---p 0000d000 08:01 2106459                    /usr/lib/jvm/java-8-oracle/jre/lib/amd64/libverify.so
7fdeb3278000-7fdeb327a000 rw-p 0000d000 08:01 2106459                    /usr/lib/jvm/java-8-oracle/jre/lib/amd64/libverify.so
7fdeb327a000-7fdeb3281000 r-xp 00000000 08:01 663310                     /lib/x86_64-linux-gnu/librt-2.24.so
7fdeb3281000-7fdeb3480000 ---p 00007000 08:01 663310                     /lib/x86_64-linux-gnu/librt-2.24.so
7fdeb3480000-7fdeb3481000 r--p 00006000 08:01 663310                     /lib/x86_64-linux-gnu/librt-2.24.so
7fdeb3481000-7fdeb3482000 rw-p 00007000 08:01 663310                     /lib/x86_64-linux-gnu/librt-2.24.so
7fdeb3482000-7fdeb358a000 r-xp 00000000 08:01 663297                     /lib/x86_64-linux-gnu/libm-2.24.so
7fdeb358a000-7fdeb3789000 ---p 00108000 08:01 663297                     /lib/x86_64-linux-gnu/libm-2.24.so
7fdeb3789000-7fdeb378a000 r--p 00107000 08:01 663297                     /lib/x86_64-linux-gnu/libm-2.24.so
7fdeb378a000-7fdeb378b000 rw-p 00108000 08:01 663297                     /lib/x86_64-linux-gnu/libm-2.24.so
7fdeb378b000-7fdeb445e000 r-xp 00000000 08:01 2106512                    /usr/lib/jvm/java-8-oracle/jre/lib/amd64/server/libjvm.so
7fdeb445e000-7fdeb465d000 ---p 00cd3000 08:01 2106512                    /usr/lib/jvm/java-8-oracle/jre/lib/amd64/server/libjvm.so
7fdeb465d000-7fdeb4737000 rw-p 00cd2000 08:01 2106512                    /usr/lib/jvm/java-8-oracle/jre/lib/amd64/server/libjvm.so
7fdeb4737000-7fdeb4782000 rw-p 00000000 00:00 0 
7fdeb4782000-7fdeb4940000 r-xp 00000000 08:01 663293                     /lib/x86_64-linux-gnu/libc-2.24.so
7fdeb4940000-7fdeb4b3f000 ---p 001be000 08:01 663293                     /lib/x86_64-linux-gnu/libc-2.24.so
7fdeb4b3f000-7fdeb4b43000 r--p 001bd000 08:01 663293                     /lib/x86_64-linux-gnu/libc-2.24.so
7fdeb4b43000-7fdeb4b45000 rw-p 001c1000 08:01 663293                     /lib/x86_64-linux-gnu/libc-2.24.so
7fdeb4b45000-7fdeb4b49000 rw-p 00000000 00:00 0 
7fdeb4b49000-7fdeb4b4c000 r-xp 00000000 08:01 663296                     /lib/x86_64-linux-gnu/libdl-2.24.so
7fdeb4b4c000-7fdeb4d4b000 ---p 00003000 08:01 663296                     /lib/x86_64-linux-gnu/libdl-2.24.so
7fdeb4d4b000-7fdeb4d4c000 r--p 00002000 08:01 663296                     /lib/x86_64-linux-gnu/libdl-2.24.so
7fdeb4d4c000-7fdeb4d4d000 rw-p 00003000 08:01 663296                     /lib/x86_64-linux-gnu/libdl-2.24.so
7fdeb4d4d000-7fdeb4d62000 r-xp 00000000 08:01 1711533                    /usr/lib/jvm/java-8-oracle/lib/amd64/jli/libjli.so
7fdeb4d62000-7fdeb4f62000 ---p 00015000 08:01 1711533                    /usr/lib/jvm/java-8-oracle/lib/amd64/jli/libjli.so
7fdeb4f62000-7fdeb4f63000 rw-p 00015000 08:01 1711533                    /usr/lib/jvm/java-8-oracle/lib/amd64/jli/libjli.so
7fdeb4f63000-7fdeb4f7b000 r-xp 00000000 08:01 663308                     /lib/x86_64-linux-gnu/libpthread-2.24.so
7fdeb4f7b000-7fdeb517b000 ---p 00018000 08:01 663308                     /lib/x86_64-linux-gnu/libpthread-2.24.so
7fdeb517b000-7fdeb517c000 r--p 00018000 08:01 663308                     /lib/x86_64-linux-gnu/libpthread-2.24.so
7fdeb517c000-7fdeb517d000 rw-p 00019000 08:01 663308                     /lib/x86_64-linux-gnu/libpthread-2.24.so
7fdeb517d000-7fdeb5181000 rw-p 00000000 00:00 0 
7fdeb5181000-7fdeb51a7000 r-xp 00000000 08:01 663288                     /lib/x86_64-linux-gnu/ld-2.24.so
7fdeb51a7000-7fdeb5279000 rw-p 00000000 00:00 0 
7fdeb5279000-7fdeb527c000 ---p 00000000 00:00 0 
7fdeb527c000-7fdeb537c000 rw-p 00000000 00:00 0 
7fdeb537c000-7fdeb537e000 r--s 00026000 08:01 2112586                    /usr/local/netbeans-8.1/java/maven/lib/maven-model-3.0.5.jar
7fdeb537e000-7fdeb5380000 r--s 0000b000 08:01 2112553                    /usr/local/netbeans-8.1/java/maven/lib/maven-plugin-api-3.0.5.jar
7fdeb5380000-7fdeb5381000 r--s 00006000 08:01 2112507                    /usr/local/netbeans-8.1/java/maven/lib/plexus-sec-dispatcher-1.3.jar
7fdeb5381000-7fdeb5383000 r--s 0000c000 08:01 2112471                    /usr/local/netbeans-8.1/java/maven/lib/maven-aether-provider-3.0.5.jar
7fdeb5383000-7fdeb5385000 r--s 0000a000 08:01 2112542                    /usr/local/netbeans-8.1/java/maven/boot/plexus-classworlds-2.4.jar
7fdeb5385000-7fdeb5399000 rw-p 00000000 00:00 0 
7fdeb5399000-7fdeb53a1000 rw-s 00000000 08:01 1579786                    /tmp/hsperfdata_madunlap/29613
7fdeb53a1000-7fdeb53a2000 rw-p 00000000 00:00 0 
7fdeb53a2000-7fdeb53a3000 ---p 00000000 00:00 0 
7fdeb53a3000-7fdeb53a6000 rw-p 00000000 00:00 0 
7fdeb53a6000-7fdeb53a7000 r--p 00025000 08:01 663288                     /lib/x86_64-linux-gnu/ld-2.24.so
7fdeb53a7000-7fdeb53a8000 rw-p 00026000 08:01 663288                     /lib/x86_64-linux-gnu/ld-2.24.so
7fdeb53a8000-7fdeb53a9000 rw-p 00000000 00:00 0 
7fffc0eb9000-7fffc0eda000 rw-p 00000000 00:00 0                          [stack]
7fffc0f32000-7fffc0f34000 r--p 00000000 00:00 0                          [vvar]
7fffc0f34000-7fffc0f36000 r-xp 00000000 00:00 0                          [vdso]
ffffffffff600000-ffffffffff601000 r-xp 00000000 00:00 0                  [vsyscall]

VM Arguments:
jvm_args: -Dclassworlds.conf=/usr/local/netbeans-8.1/java/maven/bin/m2.conf -Dmaven.home=/usr/local/netbeans-8.1/java/maven 
java_command: org.codehaus.plexus.classworlds.launcher.Launcher -Dmaven.ext.class.path=/usr/local/netbeans-8.1/java/maven-nblib/netbeans-eventspy.jar clean install
java_class_path (initial): /usr/local/netbeans-8.1/java/maven/boot/plexus-classworlds-2.4.jar
Launcher Type: SUN_STANDARD

Environment Variables:
JAVA_HOME=/usr/lib/jvm/java-8-oracle
PATH=/usr/local/sbin:/usr/local/bin:/usr/sbin:/usr/bin:/sbin:/bin:/usr/games:/usr/local/games:/snap/bin:/usr/lib/jvm/java-8-oracle/bin:/usr/lib/jvm/java-8-oracle/db/bin:/usr/lib/jvm/java-8-oracle/jre/bin
LD_LIBRARY_PATH=/usr/lib/jvm/java-8-oracle/jre/lib/amd64:/usr/lib/jvm/java-8-oracle/jre/lib/i386:
SHELL=/bin/bash
DISPLAY=:0

Signal Handlers:
SIGSEGV: [libjvm.so+0xacba10], sa_mask[0]=11111111011111111101111111111110, sa_flags=SA_RESTART|SA_SIGINFO
SIGBUS: [libjvm.so+0xacba10], sa_mask[0]=11111111011111111101111111111110, sa_flags=SA_RESTART|SA_SIGINFO
SIGFPE: [libjvm.so+0x924ba0], sa_mask[0]=11111111011111111101111111111110, sa_flags=SA_RESTART|SA_SIGINFO
SIGPIPE: [libjvm.so+0x924ba0], sa_mask[0]=11111111011111111101111111111110, sa_flags=SA_RESTART|SA_SIGINFO
SIGXFSZ: [libjvm.so+0x924ba0], sa_mask[0]=11111111011111111101111111111110, sa_flags=SA_RESTART|SA_SIGINFO
SIGILL: [libjvm.so+0x924ba0], sa_mask[0]=11111111011111111101111111111110, sa_flags=SA_RESTART|SA_SIGINFO
SIGUSR1: SIG_DFL, sa_mask[0]=00000000000000000000000000000000, sa_flags=none
SIGUSR2: [libjvm.so+0x9263e0], sa_mask[0]=00100000000000000000000000000000, sa_flags=SA_RESTART|SA_SIGINFO
SIGHUP: [libjvm.so+0x9277e0], sa_mask[0]=11111111011111111101111111111110, sa_flags=SA_RESTART|SA_SIGINFO
SIGINT: SIG_IGN, sa_mask[0]=00000000000000000000000000000000, sa_flags=none
SIGTERM: [libjvm.so+0x9277e0], sa_mask[0]=11111111011111111101111111111110, sa_flags=SA_RESTART|SA_SIGINFO
SIGQUIT: [libjvm.so+0x9277e0], sa_mask[0]=11111111011111111101111111111110, sa_flags=SA_RESTART|SA_SIGINFO


---------------  S Y S T E M  ---------------

OS:DISTRIB_ID=Ubuntu
DISTRIB_RELEASE=17.04
DISTRIB_CODENAME=zesty
DISTRIB_DESCRIPTION="Ubuntu 17.04"

uname:Linux 4.10.0-35-generic #39-Ubuntu SMP Wed Sep 13 07:46:59 UTC 2017 x86_64
libc:glibc 2.24 NPTL 2.24 
rlimit: STACK 8192k, CORE 0k, NPROC 15602, NOFILE 1048576, AS infinity
load average:0.68 0.51 0.57

/proc/meminfo:
MemTotal:        4039880 kB
MemFree:          104484 kB
MemAvailable:      15412 kB
Buffers:            2692 kB
Cached:            44776 kB
SwapCached:        18584 kB
Active:          3097088 kB
Inactive:         614760 kB
Active(anon):    3086196 kB
Inactive(anon):   603716 kB
Active(file):      10892 kB
Inactive(file):    11044 kB
Unevictable:          32 kB
Mlocked:              32 kB
SwapTotal:       2097148 kB
SwapFree:              0 kB
Dirty:               660 kB
Writeback:             0 kB
AnonPages:       3647964 kB
Mapped:            33876 kB
Shmem:             25380 kB
Slab:              91432 kB
SReclaimable:      43176 kB
SUnreclaim:        48256 kB
KernelStack:       15924 kB
PageTables:        75476 kB
NFS_Unstable:          0 kB
Bounce:                0 kB
WritebackTmp:          0 kB
CommitLimit:     4117088 kB
Committed_AS:   11038996 kB
VmallocTotal:   34359738367 kB
VmallocUsed:           0 kB
VmallocChunk:          0 kB
HardwareCorrupted:     0 kB
AnonHugePages:   1081344 kB
ShmemHugePages:        0 kB
ShmemPmdMapped:        0 kB
CmaTotal:              0 kB
CmaFree:               0 kB
HugePages_Total:       0
HugePages_Free:        0
HugePages_Rsvd:        0
HugePages_Surp:        0
Hugepagesize:       2048 kB
DirectMap4k:      126896 kB
DirectMap2M:     4067328 kB


CPU:total 2 (initial active 2) (2 cores per cpu, 1 threads per core) family 6 model 70 stepping 1, cmov, cx8, fxsr, mmx, sse, sse2, sse3, ssse3, sse4.1, sse4.2, popcnt, avx, avx2, aes, clmul, erms, lzcnt, tsc, tscinvbit, bmi1, bmi2

/proc/cpuinfo:
processor	: 0
vendor_id	: GenuineIntel
cpu family	: 6
model		: 70
model name	: Intel(R) Core(TM) i7-4870HQ CPU @ 2.50GHz
stepping	: 1
microcode	: 0x13
cpu MHz		: 2494.226
cache size	: 6144 KB
physical id	: 0
siblings	: 2
core id		: 0
cpu cores	: 2
apicid		: 0
initial apicid	: 0
fpu		: yes
fpu_exception	: yes
cpuid level	: 13
wp		: yes
flags		: fpu vme de pse tsc msr pae mce cx8 apic sep mtrr pge mca cmov pat pse36 clflush mmx fxsr sse sse2 ss ht syscall nx rdtscp lm constant_tsc nopl xtopology nonstop_tsc pni pclmulqdq ssse3 fma cx16 pcid sse4_1 sse4_2 x2apic movbe popcnt tsc_deadline_timer aes xsave avx f16c rdrand hypervisor lahf_lm abm fsgsbase tsc_adjust bmi1 avx2 smep bmi2 invpcid xsaveopt dtherm arat pln pts
bugs		:
bogomips	: 4988.45
clflush size	: 64
cache_alignment	: 64
address sizes	: 36 bits physical, 48 bits virtual
power management:

processor	: 1
vendor_id	: GenuineIntel
cpu family	: 6
model		: 70
model name	: Intel(R) Core(TM) i7-4870HQ CPU @ 2.50GHz
stepping	: 1
microcode	: 0x13
cpu MHz		: 2494.226
cache size	: 6144 KB
physical id	: 0
siblings	: 2
core id		: 1
cpu cores	: 2
apicid		: 1
initial apicid	: 1
fpu		: yes
fpu_exception	: yes
cpuid level	: 13
wp		: yes
flags		: fpu vme de pse tsc msr pae mce cx8 apic sep mtrr pge mca cmov pat pse36 clflush mmx fxsr sse sse2 ss ht syscall nx rdtscp lm constant_tsc nopl xtopology nonstop_tsc pni pclmulqdq ssse3 fma cx16 pcid sse4_1 sse4_2 x2apic movbe popcnt tsc_deadline_timer aes xsave avx f16c rdrand hypervisor lahf_lm abm fsgsbase tsc_adjust bmi1 avx2 smep bmi2 invpcid xsaveopt dtherm arat pln pts
bugs		:
bogomips	: 4988.45
clflush size	: 64
cache_alignment	: 64
address sizes	: 36 bits physical, 48 bits virtual
power management:



Memory: 4k page, physical 4039880k(104484k free), swap 2097148k(0k free)

vm_info: Java HotSpot(TM) 64-Bit Server VM (25.144-b01) for linux-amd64 JRE (1.8.0_144-b01), built on Jul 21 2017 21:57:33 by "java_re" with gcc 4.3.0 20080428 (Red Hat 4.3.0-8)

time: Tue Sep 19 18:35:57 2017
elapsed time: 9 seconds (0d 0h 0m 9s)

