#
# There is insufficient memory for the Java Runtime Environment to continue.
# Native memory allocation (mmap) failed to map 128974848 bytes for committing reserved memory.
# Possible reasons:
#   The system is out of physical RAM or swap space
#   In 32 bit mode, the process size limit was hit
# Possible solutions:
#   Reduce memory load on the system
#   Increase physical memory or swap space
#   Check if swap backing store is full
#   Use 64 bit Java on a 64 bit OS
#   Decrease Java heap size (-Xmx/-Xms)
#   Decrease number of Java threads
#   Decrease Java thread stack sizes (-Xss)
#   Set larger code cache with -XX:ReservedCodeCacheSize=
# This output file may be truncated or incomplete.
#
#  Out of Memory Error (os_linux.cpp:2640), pid=27317, tid=0x00007f8b1563c700
#
# JRE version: Java(TM) SE Runtime Environment (8.0_144-b01) (build 1.8.0_144-b01)
# Java VM: Java HotSpot(TM) 64-Bit Server VM (25.144-b01 mixed mode linux-amd64 compressed oops)
# Failed to write core dump. Core dumps have been disabled. To enable core dumping, try "ulimit -c unlimited" before starting Java again
#

---------------  T H R E A D  ---------------

Current thread (0x00007f8b2c0fc000):  VMThread [stack: 0x00007f8b1553c000,0x00007f8b1563d000] [id=27321]

Stack: [0x00007f8b1553c000,0x00007f8b1563d000],  sp=0x00007f8b1563afa0,  free space=1019k
Native frames: (J=compiled Java code, j=interpreted, Vv=VM code, C=native code)
V  [libjvm.so+0xacb18a]  VMError::report_and_die()+0x2ba
V  [libjvm.so+0x4ff4db]  report_vm_out_of_memory(char const*, int, unsigned long, VMErrorType, char const*)+0x8b
V  [libjvm.so+0x927d23]  os::Linux::commit_memory_impl(char*, unsigned long, bool)+0x103
V  [libjvm.so+0x928279]  os::pd_commit_memory(char*, unsigned long, unsigned long, bool)+0x29
V  [libjvm.so+0x92249a]  os::commit_memory(char*, unsigned long, unsigned long, bool)+0x2a
V  [libjvm.so+0x996ff3]  PSVirtualSpace::expand_by(unsigned long)+0x53
V  [libjvm.so+0x9983f8]  PSYoungGen::resize_generation(unsigned long, unsigned long)+0xf8
V  [libjvm.so+0x997552]  PSYoungGen::resize(unsigned long, unsigned long)+0x22
V  [libjvm.so+0x99482b]  PSScavenge::invoke_no_policy()+0xf3b
V  [libjvm.so+0x994fb1]  PSScavenge::invoke()+0x41
V  [libjvm.so+0x94bce0]  ParallelScavengeHeap::failed_mem_allocate(unsigned long)+0x70
V  [libjvm.so+0xaccba7]  VM_ParallelGCFailedAllocation::doit()+0x97
V  [libjvm.so+0xad4685]  VM_Operation::evaluate()+0x55
V  [libjvm.so+0xad2a5a]  VMThread::evaluate_operation(VM_Operation*)+0xba
V  [libjvm.so+0xad2dde]  VMThread::loop()+0x1ce
V  [libjvm.so+0xad3250]  VMThread::run()+0x70
V  [libjvm.so+0x92a338]  java_start(Thread*)+0x108

VM_Operation (0x00007f8b335fce00): ParallelGCFailedAllocation, mode: safepoint, requested by thread 0x00007f8b2c00b000


---------------  P R O C E S S  ---------------

Java Threads: ( => current thread )
  0x00007f8b2c81b000 JavaThread "Service Thread" daemon [_thread_blocked, id=27330, stack(0x00007f8b1403a000,0x00007f8b1413b000)]
  0x00007f8b2c817000 JavaThread "C1 CompilerThread1" daemon [_thread_blocked, id=27329, stack(0x00007f8b1413b000,0x00007f8b1423c000)]
  0x00007f8b2c801000 JavaThread "C2 CompilerThread0" daemon [_thread_blocked, id=27328, stack(0x00007f8b1423c000,0x00007f8b1433d000)]
  0x00007f8b2c13b800 JavaThread "Signal Dispatcher" daemon [_thread_blocked, id=27324, stack(0x00007f8b14f5e000,0x00007f8b1505f000)]
  0x00007f8b2c108000 JavaThread "Finalizer" daemon [_thread_blocked, id=27323, stack(0x00007f8b1533a000,0x00007f8b1543b000)]
  0x00007f8b2c103800 JavaThread "Reference Handler" daemon [_thread_blocked, id=27322, stack(0x00007f8b1543b000,0x00007f8b1553c000)]
  0x00007f8b2c00b000 JavaThread "main" [_thread_blocked, id=27318, stack(0x00007f8b33500000,0x00007f8b33601000)]

Other Threads:
=>0x00007f8b2c0fc000 VMThread [stack: 0x00007f8b1553c000,0x00007f8b1563d000] [id=27321]
  0x00007f8b2c84b000 WatcherThread [stack: 0x00007f8afcefe000,0x00007f8afcfff000] [id=27331]

VM state:at safepoint (normal execution)

VM Mutex/Monitor currently owned by a thread:  ([mutex/lock_event])
[0x00007f8b2c0072e0] Threads_lock - owner thread: 0x00007f8b2c0fc000
[0x00007f8b2c0077e0] Heap_lock - owner thread: 0x00007f8b2c00b000

Heap:
 PSYoungGen      total 132096K, used 2355K [0x00000000eb700000, 0x00000000f3e00000, 0x0000000100000000)
  eden space 126464K, 0% used [0x00000000eb700000,0x00000000eb700000,0x00000000f3280000)
  from space 5632K, 41% used [0x00000000f3280000,0x00000000f34ccd78,0x00000000f3800000)
  to   space 5120K, 0% used [0x00000000f3800000,0x00000000f3800000,0x00000000f3d00000)
 ParOldGen       total 42496K, used 4055K [0x00000000c2400000, 0x00000000c4d80000, 0x00000000eb700000)
  object space 42496K, 9% used [0x00000000c2400000,0x00000000c27f5fa0,0x00000000c4d80000)
 Metaspace       used 15806K, capacity 16020K, committed 16384K, reserved 1064960K
  class space    used 1610K, capacity 1680K, committed 1792K, reserved 1048576K

Card table byte_map: [0x00007f8b1ce11000,0x00007f8b1d000000] byte_map_base: 0x00007f8b1c7ff000

Marking Bits: (ParMarkBitMap*) 0x00007f8b329dbdc0
 Begin Bits: [0x00007f8b16120000, 0x00007f8b17090000)
 End Bits:   [0x00007f8b17090000, 0x00007f8b18000000)

Polling page: 0x00007f8b33629000

CodeCache: size=245760Kb used=6380Kb max_used=6380Kb free=239379Kb
 bounds [0x00007f8b1d000000, 0x00007f8b1d640000, 0x00007f8b2c000000]
 total_blobs=2513 nmethods=2126 adapters=299
 compilation: enabled

Compilation events (10 events):
Event: 2.879 Thread 0x00007f8b2c817000 2158       2       sun.text.normalizer.TrieIterator::checkTrailBlock (50 bytes)
Event: 2.879 Thread 0x00007f8b2c817000 nmethod 2158 0x00007f8b1d639f10 code [0x00007f8b1d63a080, 0x00007f8b1d63a2a8]
Event: 2.900 Thread 0x00007f8b2c817000 2159       1       java.lang.ref.Finalizer::access$000 (4 bytes)
Event: 2.900 Thread 0x00007f8b2c817000 nmethod 2159 0x00007f8b1d63a390 code [0x00007f8b1d63a4e0, 0x00007f8b1d63a5d0]
Event: 2.901 Thread 0x00007f8b2c817000 2160 %     3       sun.text.normalizer.UCharacterProperty::upropsvec_addPropertyStarts @ 27 (48 bytes)
Event: 2.902 Thread 0x00007f8b2c817000 nmethod 2160% 0x00007f8b1d63a610 code [0x00007f8b1d63a7e0, 0x00007f8b1d63ae28]
Event: 2.902 Thread 0x00007f8b2c817000 2161       3       sun.text.normalizer.UCharacterProperty::upropsvec_addPropertyStarts (48 bytes)
Event: 2.902 Thread 0x00007f8b2c817000 nmethod 2161 0x00007f8b1d63b0d0 code [0x00007f8b1d63b280, 0x00007f8b1d63b848]
Event: 2.915 Thread 0x00007f8b2c817000 2163       2       sun.text.normalizer.Trie$DefaultGetFoldingOffset::getFoldingOffset (2 bytes)
Event: 2.916 Thread 0x00007f8b2c817000 nmethod 2163 0x00007f8b1d63ba90 code [0x00007f8b1d63bbe0, 0x00007f8b1d63bd30]

GC Heap History (10 events):
Event: 1.006 GC heap after
Heap after GC invocations=2 (full 0):
 PSYoungGen      total 34304K, used 2516K [0x00000000eb700000, 0x00000000edb00000, 0x0000000100000000)
  eden space 31744K, 0% used [0x00000000eb700000,0x00000000eb700000,0x00000000ed600000)
  from space 2560K, 98% used [0x00000000ed880000,0x00000000edaf53c0,0x00000000edb00000)
  to   space 2560K, 0% used [0x00000000ed600000,0x00000000ed600000,0x00000000ed880000)
 ParOldGen       total 42496K, used 8K [0x00000000c2400000, 0x00000000c4d80000, 0x00000000eb700000)
  object space 42496K, 0% used [0x00000000c2400000,0x00000000c2402000,0x00000000c4d80000)
 Metaspace       used 6350K, capacity 6474K, committed 6656K, reserved 1056768K
  class space    used 681K, capacity 725K, committed 768K, reserved 1048576K
}
Event: 1.323 GC heap before
{Heap before GC invocations=3 (full 0):
 PSYoungGen      total 34304K, used 34260K [0x00000000eb700000, 0x00000000edb00000, 0x0000000100000000)
  eden space 31744K, 100% used [0x00000000eb700000,0x00000000ed600000,0x00000000ed600000)
  from space 2560K, 98% used [0x00000000ed880000,0x00000000edaf53c0,0x00000000edb00000)
  to   space 2560K, 0% used [0x00000000ed600000,0x00000000ed600000,0x00000000ed880000)
 ParOldGen       total 42496K, used 8K [0x00000000c2400000, 0x00000000c4d80000, 0x00000000eb700000)
  object space 42496K, 0% used [0x00000000c2400000,0x00000000c2402000,0x00000000c4d80000)
 Metaspace       used 7810K, capacity 7990K, committed 8064K, reserved 1056768K
  class space    used 790K, capacity 823K, committed 896K, reserved 1048576K
Event: 1.328 GC heap after
Heap after GC invocations=3 (full 0):
 PSYoungGen      total 34304K, used 2153K [0x00000000eb700000, 0x00000000efa00000, 0x0000000100000000)
  eden space 31744K, 0% used [0x00000000eb700000,0x00000000eb700000,0x00000000ed600000)
  from space 2560K, 84% used [0x00000000ed600000,0x00000000ed81a700,0x00000000ed880000)
  to   space 2560K, 0% used [0x00000000ef780000,0x00000000ef780000,0x00000000efa00000)
 ParOldGen       total 42496K, used 8K [0x00000000c2400000, 0x00000000c4d80000, 0x00000000eb700000)
  object space 42496K, 0% used [0x00000000c2400000,0x00000000c2402000,0x00000000c4d80000)
 Metaspace       used 7810K, capacity 7990K, committed 8064K, reserved 1056768K
  class space    used 790K, capacity 823K, committed 896K, reserved 1048576K
}
Event: 1.733 GC heap before
{Heap before GC invocations=4 (full 0):
 PSYoungGen      total 34304K, used 33897K [0x00000000eb700000, 0x00000000efa00000, 0x0000000100000000)
  eden space 31744K, 100% used [0x00000000eb700000,0x00000000ed600000,0x00000000ed600000)
  from space 2560K, 84% used [0x00000000ed600000,0x00000000ed81a700,0x00000000ed880000)
  to   space 2560K, 0% used [0x00000000ef780000,0x00000000ef780000,0x00000000efa00000)
 ParOldGen       total 42496K, used 8K [0x00000000c2400000, 0x00000000c4d80000, 0x00000000eb700000)
  object space 42496K, 0% used [0x00000000c2400000,0x00000000c2402000,0x00000000c4d80000)
 Metaspace       used 10374K, capacity 10568K, committed 10880K, reserved 1058816K
  class space    used 1048K, capacity 1082K, committed 1152K, reserved 1048576K
Event: 1.741 GC heap after
Heap after GC invocations=4 (full 0):
 PSYoungGen      total 66048K, used 2555K [0x00000000eb700000, 0x00000000efa00000, 0x0000000100000000)
  eden space 63488K, 0% used [0x00000000eb700000,0x00000000eb700000,0x00000000ef500000)
  from space 2560K, 99% used [0x00000000ef780000,0x00000000ef9fec18,0x00000000efa00000)
  to   space 2560K, 0% used [0x00000000ef500000,0x00000000ef500000,0x00000000ef780000)
 ParOldGen       total 42496K, used 610K [0x00000000c2400000, 0x00000000c4d80000, 0x00000000eb700000)
  object space 42496K, 1% used [0x00000000c2400000,0x00000000c2498928,0x00000000c4d80000)
 Metaspace       used 10374K, capacity 10568K, committed 10880K, reserved 1058816K
  class space    used 1048K, capacity 1082K, committed 1152K, reserved 1048576K
}
Event: 2.378 GC heap before
{Heap before GC invocations=5 (full 0):
 PSYoungGen      total 66048K, used 66043K [0x00000000eb700000, 0x00000000efa00000, 0x0000000100000000)
  eden space 63488K, 100% used [0x00000000eb700000,0x00000000ef500000,0x00000000ef500000)
  from space 2560K, 99% used [0x00000000ef780000,0x00000000ef9fec18,0x00000000efa00000)
  to   space 2560K, 0% used [0x00000000ef500000,0x00000000ef500000,0x00000000ef780000)
 ParOldGen       total 42496K, used 610K [0x00000000c2400000, 0x00000000c4d80000, 0x00000000eb700000)
  object space 42496K, 1% used [0x00000000c2400000,0x00000000c2498928,0x00000000c4d80000)
 Metaspace       used 13893K, capacity 14140K, committed 14336K, reserved 1062912K
  class space    used 1395K, capacity 1484K, committed 1536K, reserved 1048576K
Event: 2.397 GC heap after
Heap after GC invocations=5 (full 0):
 PSYoungGen      total 66048K, used 2556K [0x00000000eb700000, 0x00000000f3d00000, 0x0000000100000000)
  eden space 63488K, 0% used [0x00000000eb700000,0x00000000eb700000,0x00000000ef500000)
  from space 2560K, 99% used [0x00000000ef500000,0x00000000ef77f158,0x00000000ef780000)
  to   space 5120K, 0% used [0x00000000f3800000,0x00000000f3800000,0x00000000f3d00000)
 ParOldGen       total 42496K, used 2956K [0x00000000c2400000, 0x00000000c4d80000, 0x00000000eb700000)
  object space 42496K, 6% used [0x00000000c2400000,0x00000000c26e3348,0x00000000c4d80000)
 Metaspace       used 13893K, capacity 14140K, committed 14336K, reserved 1062912K
  class space    used 1395K, capacity 1484K, committed 1536K, reserved 1048576K
}
Event: 2.884 GC heap before
{Heap before GC invocations=6 (full 0):
 PSYoungGen      total 66048K, used 66007K [0x00000000eb700000, 0x00000000f3d00000, 0x0000000100000000)
  eden space 63488K, 99% used [0x00000000eb700000,0x00000000ef4f6da8,0x00000000ef500000)
  from space 2560K, 99% used [0x00000000ef500000,0x00000000ef77f158,0x00000000ef780000)
  to   space 5120K, 0% used [0x00000000f3800000,0x00000000f3800000,0x00000000f3d00000)
 ParOldGen       total 42496K, used 2956K [0x00000000c2400000, 0x00000000c4d80000, 0x00000000eb700000)
  object space 42496K, 6% used [0x00000000c2400000,0x00000000c26e3348,0x00000000c4d80000)
 Metaspace       used 15805K, capacity 16020K, committed 16384K, reserved 1064960K
  class space    used 1610K, capacity 1680K, committed 1792K, reserved 1048576K
Event: 2.900 GC heap after
Heap after GC invocations=6 (full 0):
 PSYoungGen      total 131584K, used 4453K [0x00000000eb700000, 0x00000000f3e00000, 0x0000000100000000)
  eden space 126464K, 0% used [0x00000000eb700000,0x00000000eb700000,0x00000000f3280000)
  from space 5120K, 86% used [0x00000000f3800000,0x00000000f3c595a8,0x00000000f3d00000)
  to   space 5632K, 0% used [0x00000000f3280000,0x00000000f3280000,0x00000000f3800000)
 ParOldGen       total 42496K, used 2956K [0x00000000c2400000, 0x00000000c4d80000, 0x00000000eb700000)
  object space 42496K, 6% used [0x00000000c2400000,0x00000000c26e3348,0x00000000c4d80000)
 Metaspace       used 15805K, capacity 16020K, committed 16384K, reserved 1064960K
  class space    used 1610K, capacity 1680K, committed 1792K, reserved 1048576K
}
Event: 3.188 GC heap before
{Heap before GC invocations=7 (full 0):
 PSYoungGen      total 131584K, used 130815K [0x00000000eb700000, 0x00000000f3e00000, 0x0000000100000000)
  eden space 126464K, 99% used [0x00000000eb700000,0x00000000f3266910,0x00000000f3280000)
  from space 5120K, 86% used [0x00000000f3800000,0x00000000f3c595a8,0x00000000f3d00000)
  to   space 5632K, 0% used [0x00000000f3280000,0x00000000f3280000,0x00000000f3800000)
 ParOldGen       total 42496K, used 2956K [0x00000000c2400000, 0x00000000c4d80000, 0x00000000eb700000)
  object space 42496K, 6% used [0x00000000c2400000,0x00000000c26e3348,0x00000000c4d80000)
 Metaspace       used 15806K, capacity 16020K, committed 16384K, reserved 1064960K
  class space    used 1610K, capacity 1680K, committed 1792K, reserved 1048576K

Deoptimization events (10 events):
Event: 0.887 Thread 0x00007f8b2c00b000 Uncommon trap: reason=unstable_if action=reinterpret pc=0x00007f8b1d1735f0 method=java.lang.String.indexOf([CII[CIII)I @ 134
Event: 0.943 Thread 0x00007f8b2c00b000 Uncommon trap: reason=unstable_if action=reinterpret pc=0x00007f8b1d1b9404 method=org.jacoco.agent.rt.internal_b0d6a23.asm.ClassReader.readUTF(II[C)Ljava/lang/String; @ 77
Event: 0.962 Thread 0x00007f8b2c00b000 Uncommon trap: reason=unstable_if action=reinterpret pc=0x00007f8b1d21e330 method=org.jacoco.agent.rt.internal_b0d6a23.asm.ByteVector.putUTF8(Ljava/lang/String;)Lorg/jacoco/agent/rt/internal_b0d6a23/asm/ByteVector; @ 34
Event: 1.080 Thread 0x00007f8b2c00b000 Uncommon trap: reason=unstable_if action=reinterpret pc=0x00007f8b1d1d8318 method=org.jacoco.agent.rt.internal_b0d6a23.asm.Item.isEqualTo(Lorg/jacoco/agent/rt/internal_b0d6a23/asm/Item;)Z @ 345
Event: 1.140 Thread 0x00007f8b2c00b000 Uncommon trap: reason=unstable_if action=reinterpret pc=0x00007f8b1d2b4190 method=org.jacoco.agent.rt.internal_b0d6a23.asm.MethodVisitor.visitLineNumber(ILorg/jacoco/agent/rt/internal_b0d6a23/asm/Label;)V @ 4
Event: 1.140 Thread 0x00007f8b2c00b000 Uncommon trap: reason=unstable_if action=reinterpret pc=0x00007f8b1d2b8e2c method=org.jacoco.agent.rt.internal_b0d6a23.asm.MethodVisitor.visitLocalVariable(Ljava/lang/String;Ljava/lang/String;Ljava/lang/String;Lorg/jacoco/agent/rt/internal_b0d6a23/asm/Lab
Event: 1.423 Thread 0x00007f8b2c00b000 Uncommon trap: reason=unstable_if action=reinterpret pc=0x00007f8b1d38fd50 method=org.jacoco.agent.rt.internal_b0d6a23.asm.Item.isEqualTo(Lorg/jacoco/agent/rt/internal_b0d6a23/asm/Item;)Z @ 169
Event: 1.634 Thread 0x00007f8b2c00b000 Uncommon trap: reason=null_check action=make_not_entrant pc=0x00007f8b1d112144 method=java.lang.String.equals(Ljava/lang/Object;)Z @ 8
Event: 2.134 Thread 0x00007f8b2c00b000 Uncommon trap: reason=unstable_if action=reinterpret pc=0x00007f8b1d505910 method=java.util.regex.Pattern$CharProperty.match(Ljava/util/regex/Matcher;ILjava/lang/CharSequence;)Z @ 40
Event: 2.229 Thread 0x00007f8b2c00b000 Uncommon trap: reason=unstable_if action=reinterpret pc=0x00007f8b1d506e04 method=java.util.ArrayList.remove(I)Ljava/lang/Object; @ 31

Internal exceptions (10 events):
Event: 2.808 Thread 0x00007f8b2c00b000 Exception <a 'java/security/PrivilegedActionException'> (0x00000000ee703cf0) thrown at [/HUDSON3/workspace/8-2-build-linux-amd64/jdk8u144/9417/hotspot/src/share/vm/prims/jvm.cpp, line 1390]
Event: 2.808 Thread 0x00007f8b2c00b000 Exception <a 'java/security/PrivilegedActionException'> (0x00000000ee707e88) thrown at [/HUDSON3/workspace/8-2-build-linux-amd64/jdk8u144/9417/hotspot/src/share/vm/prims/jvm.cpp, line 1390]
Event: 2.808 Thread 0x00007f8b2c00b000 Exception <a 'java/security/PrivilegedActionException'> (0x00000000ee708280) thrown at [/HUDSON3/workspace/8-2-build-linux-amd64/jdk8u144/9417/hotspot/src/share/vm/prims/jvm.cpp, line 1390]
Event: 2.809 Thread 0x00007f8b2c00b000 Exception <a 'java/security/PrivilegedActionException'> (0x00000000ee719668) thrown at [/HUDSON3/workspace/8-2-build-linux-amd64/jdk8u144/9417/hotspot/src/share/vm/prims/jvm.cpp, line 1390]
Event: 2.809 Thread 0x00007f8b2c00b000 Exception <a 'java/security/PrivilegedActionException'> (0x00000000ee719a60) thrown at [/HUDSON3/workspace/8-2-build-linux-amd64/jdk8u144/9417/hotspot/src/share/vm/prims/jvm.cpp, line 1390]
Event: 2.810 Thread 0x00007f8b2c00b000 Exception <a 'java/security/PrivilegedActionException'> (0x00000000ee71dbf8) thrown at [/HUDSON3/workspace/8-2-build-linux-amd64/jdk8u144/9417/hotspot/src/share/vm/prims/jvm.cpp, line 1390]
Event: 2.810 Thread 0x00007f8b2c00b000 Exception <a 'java/security/PrivilegedActionException'> (0x00000000ee71dff0) thrown at [/HUDSON3/workspace/8-2-build-linux-amd64/jdk8u144/9417/hotspot/src/share/vm/prims/jvm.cpp, line 1390]
Event: 2.819 Thread 0x00007f8b2c00b000 Exception <a 'java/lang/ArrayIndexOutOfBoundsException'> (0x00000000ee79b3e0) thrown at [/HUDSON3/workspace/8-2-build-linux-amd64/jdk8u144/9417/hotspot/src/share/vm/runtime/sharedRuntime.cpp, line 605]
Event: 2.819 Thread 0x00007f8b2c00b000 Exception <a 'java/lang/ArrayIndexOutOfBoundsException'> (0x00000000ee7a2e58) thrown at [/HUDSON3/workspace/8-2-build-linux-amd64/jdk8u144/9417/hotspot/src/share/vm/runtime/sharedRuntime.cpp, line 605]
Event: 2.819 Thread 0x00007f8b2c00b000 Exception <a 'java/lang/ArrayIndexOutOfBoundsException'> (0x00000000ee7ab618) thrown at [/HUDSON3/workspace/8-2-build-linux-amd64/jdk8u144/9417/hotspot/src/share/vm/runtime/sharedRuntime.cpp, line 605]

Events (10 events):
Event: 2.873 loading class sun/text/normalizer/RangeValueIterator
Event: 2.873 loading class sun/text/normalizer/RangeValueIterator done
Event: 2.873 loading class sun/text/normalizer/TrieIterator done
Event: 2.874 loading class sun/text/normalizer/RangeValueIterator$Element
Event: 2.874 loading class sun/text/normalizer/RangeValueIterator$Element done
Event: 2.877 Thread 0x00007f8b2c00b000 DEOPT PACKING pc=0x00007f8b1d6348bc sp=0x00007f8b335fd0a0
Event: 2.877 Thread 0x00007f8b2c00b000 DEOPT UNPACKING pc=0x00007f8b1d047633 sp=0x00007f8b335fce20 mode 0
Event: 2.884 Executing VM operation: ParallelGCFailedAllocation
Event: 2.900 Executing VM operation: ParallelGCFailedAllocation done
Event: 3.188 Executing VM operation: ParallelGCFailedAllocation


Dynamic libraries:
00400000-00401000 r-xp 00000000 08:01 2106691                            /usr/lib/jvm/java-8-oracle/jre/bin/java
00600000-00601000 rw-p 00000000 08:01 2106691                            /usr/lib/jvm/java-8-oracle/jre/bin/java
00a94000-00ab5000 rw-p 00000000 00:00 0                                  [heap]
c2400000-c4d80000 rw-p 00000000 00:00 0 
c4d80000-eb700000 ---p 00000000 00:00 0 
eb700000-f3e00000 rw-p 00000000 00:00 0 
fb900000-100000000 ---p 00000000 00:00 0 
100000000-1001c0000 rw-p 00000000 00:00 0 
1001c0000-140000000 ---p 00000000 00:00 0 
7f8ae8000000-7f8ae8021000 rw-p 00000000 00:00 0 
7f8ae8021000-7f8aec000000 ---p 00000000 00:00 0 
7f8af0000000-7f8af1221000 rw-p 00000000 00:00 0 
7f8af1221000-7f8af4000000 ---p 00000000 00:00 0 
7f8af4000000-7f8af4021000 rw-p 00000000 00:00 0 
7f8af4021000-7f8af8000000 ---p 00000000 00:00 0 
7f8af8000000-7f8af971f000 rw-p 00000000 00:00 0 
7f8af971f000-7f8afc000000 ---p 00000000 00:00 0 
7f8afc175000-7f8afc1b5000 rw-p 00000000 00:00 0 
7f8afc1b5000-7f8afc375000 ---p 00000000 00:00 0 
7f8afc6b4000-7f8afc6d0000 r--s 00393000 08:01 2106535                    /usr/lib/jvm/java-8-oracle/jre/lib/ext/cldrdata.jar
7f8afc6d0000-7f8afc8d0000 rw-p 00000000 00:00 0 
7f8afc8d0000-7f8afc8e3000 r--s 00345000 08:01 1976712                    /usr/lib/jvm/java-8-oracle/jre/lib/resources.jar
7f8afc8e3000-7f8afc8e4000 r--s 00000000 08:01 1315056                    /tmp/junit5862251716325987515/testDTA.txt (deleted)
7f8afc8eb000-7f8afc8f5000 r--s 00116000 08:01 2106532                    /usr/lib/jvm/java-8-oracle/jre/lib/ext/localedata.jar
7f8afc8f5000-7f8afcaf5000 rw-p 00000000 00:00 0 
7f8afcaf5000-7f8afcaf6000 r--s 00000000 08:01 1315062                    /tmp/junit6165939271974263373/testNotSAV.txt (deleted)
7f8afcaf6000-7f8afcaf7000 r--s 00000000 08:01 1315061                    /tmp/junit6165939271974263373/testSAV.txt (deleted)
7f8afcaf7000-7f8afcaf8000 r--s 00000000 08:01 1315059                    /tmp/junit5862251716325987515/testDTA2.txt (deleted)
7f8afcaf8000-7f8afcaf9000 r--s 00000000 08:01 1315058                    /tmp/junit5862251716325987515/notDTA2.txt (deleted)
7f8afcaf9000-7f8afccf9000 rw-p 00000000 00:00 0 
7f8afccf9000-7f8afccfb000 r--s 00007000 08:01 791719                     /home/madunlap/.m2/repository/org/apache/maven/surefire/surefire-junit4/2.10/surefire-junit4-2.10.jar
7f8afccfb000-7f8afccfd000 r--s 0000b000 08:01 921145                     /home/madunlap/.m2/repository/org/json/json/20160212/json-20160212.jar
7f8afccfd000-7f8afccff000 r--s 00009000 08:01 921147                     /home/madunlap/.m2/repository/com/mashape/unirest/unirest-java/1.4.9/unirest-java-1.4.9.jar
7f8afccff000-7f8afcd01000 r--s 0000e000 08:01 921141                     /home/madunlap/.m2/repository/org/jvnet/mimepull/mimepull/1.9.6/mimepull-1.9.6.jar
7f8afcd01000-7f8afcd04000 r--s 0000e000 08:01 921143                     /home/madunlap/.m2/repository/org/glassfish/jersey/media/jersey-media-multipart/2.23.2/jersey-media-multipart-2.23.2.jar
7f8afcd04000-7f8afcd08000 r--s 00019000 08:01 921137                     /home/madunlap/.m2/repository/javax/ws/rs/javax.ws.rs-api/2.0.1/javax.ws.rs-api-2.0.1.jar
7f8afcd08000-7f8afcd0a000 r--s 00010000 08:01 921134                     /home/madunlap/.m2/repository/org/glassfish/jersey/media/jersey-media-jaxb/2.23.2/jersey-media-jaxb-2.23.2.jar
7f8afcd0a000-7f8afcd0f000 r--s 00025000 08:01 921138                     /home/madunlap/.m2/repository/org/glassfish/jersey/core/jersey-client/2.23.2/jersey-client-2.23.2.jar
7f8afcd0f000-7f8afcd25000 r--s 000d3000 08:01 921133                     /home/madunlap/.m2/repository/org/glassfish/jersey/core/jersey-server/2.23.2/jersey-server-2.23.2.jar
7f8afcd25000-7f8afcd26000 r--s 00004000 08:01 921129                     /home/madunlap/.m2/repository/org/glassfish/hk2/osgi-resource-locator/1.0.1/osgi-resource-locator-1.0.1.jar
7f8afcd26000-7f8afcd30000 r--s 000ae000 08:01 921127                     /home/madunlap/.m2/repository/org/javassist/javassist/3.20.0-GA/javassist-3.20.0-GA.jar
7f8afcd30000-7f8afcd33000 r--s 0002a000 08:01 921123                     /home/madunlap/.m2/repository/org/glassfish/hk2/hk2-locator/2.5.0-b05/hk2-locator-2.5.0-b05.jar
7f8afcd33000-7f8afcd35000 r--s 00002000 08:01 921128                     /home/madunlap/.m2/repository/org/glassfish/hk2/external/aopalliance-repackaged/2.5.0-b05/aopalliance-repackaged-2.5.0-b05.jar
7f8afcd35000-7f8afcd39000 r--s 0001a000 08:01 921125                     /home/madunlap/.m2/repository/org/glassfish/hk2/hk2-utils/2.5.0-b05/hk2-utils-2.5.0-b05.jar
7f8afcd39000-7f8afcd3e000 r--s 00027000 08:01 921118                     /home/madunlap/.m2/repository/org/glassfish/hk2/hk2-api/2.5.0-b05/hk2-api-2.5.0-b05.jar
7f8afcd3e000-7f8afcd56000 r--s 000d6000 08:01 921120                     /home/madunlap/.m2/repository/org/glassfish/jersey/bundles/repackaged/jersey-guava/2.23.2/jersey-guava-2.23.2.jar
7f8afcd56000-7f8afcd58000 r--s 00005000 08:01 921116                     /home/madunlap/.m2/repository/javax/annotation/javax.annotation-api/1.2/javax.annotation-api-1.2.jar
7f8afcd58000-7f8afcd67000 r--s 000a0000 08:01 921111                     /home/madunlap/.m2/repository/org/glassfish/jersey/core/jersey-common/2.23.2/jersey-common-2.23.2.jar
7f8afcd67000-7f8afcd68000 r--s 00001000 08:01 921113                     /home/madunlap/.m2/repository/org/glassfish/hk2/external/javax.inject/2.5.0-b05/javax.inject-2.5.0-b05.jar
7f8afcd68000-7f8afcd6b000 r--s 0000e000 08:01 921110                     /home/madunlap/.m2/repository/org/glassfish/jersey/containers/jersey-container-servlet-core/2.23.2/jersey-container-servlet-core-2.23.2.jar
7f8afcd6b000-7f8afcd6d000 r--s 00003000 08:01 921107                     /home/madunlap/.m2/repository/org/glassfish/jersey/containers/jersey-container-servlet/2.23.2/jersey-container-servlet-2.23.2.jar
7f8afcd6d000-7f8afcd6f000 r--s 00008000 08:01 921112                     /home/madunlap/.m2/repository/com/google/auto/auto-common/0.3/auto-common-0.3.jar
7f8afcd6f000-7f8afcd70000 r--s 00002000 08:01 921105                     /home/madunlap/.m2/repository/com/google/auto/service/auto-service/1.0-rc2/auto-service-1.0-rc2.jar
7f8afcd70000-7f8afcd72000 r--s 0000c000 08:01 921153                     /home/madunlap/.m2/repository/com/lyncode/xoai-service-provider/4.1.0-header-patch/xoai-service-provider-4.1.0-header-patch.jar
7f8afcd72000-7f8afcd73000 r--s 00001000 08:01 921104                     /home/madunlap/.m2/repository/com/lyncode/builder-commons/1.0.2/builder-commons-1.0.2.jar
7f8afcd73000-7f8afcd76000 r--s 00012000 08:01 921152                     /home/madunlap/.m2/repository/com/lyncode/xoai-data-provider/4.1.0-header-patch/xoai-data-provider-4.1.0-header-patch.jar
7f8afcd76000-7f8afcd78000 r--s 00005000 08:01 791390                     /home/madunlap/.m2/repository/stax/stax-api/1.0.1/stax-api-1.0.1.jar
7f8afcd78000-7f8afcd7e000 r--s 00048000 08:01 921101                     /home/madunlap/.m2/repository/org/apache/commons/commons-lang3/3.1/commons-lang3-3.1.jar
7f8afcd7e000-7f8afcd80000 r--s 00004000 08:01 921097                     /home/madunlap/.m2/repository/javax/xml/stream/stax-api/1.0-2/stax-api-1.0-2.jar
7f8afcd80000-7f8afcd84000 r--s 00029000 08:01 921098                     /home/madunlap/.m2/repository/org/codehaus/woodstox/stax2-api/3.0.4/stax2-api-3.0.4.jar
7f8afcd84000-7f8afcd8a000 r--s 00045000 08:01 921095                     /home/madunlap/.m2/repository/org/hamcrest/hamcrest-all/1.3/hamcrest-all-1.3.jar
7f8afcd8a000-7f8afcd8f000 r--s 00016000 08:01 791388                     /home/madunlap/.m2/repository/xml-apis/xml-apis/1.0.b2/xml-apis-1.0.b2.jar
7f8afcd8f000-7f8afcd90000 r--s 00003000 08:01 921092                     /home/madunlap/.m2/repository/com/lyncode/test-support/1.0.4/test-support-1.0.4.jar
7f8afcd90000-7f8afcd92000 r--s 00004000 08:01 921090                     /home/madunlap/.m2/repository/com/lyncode/xml-io/1.0.3/xml-io-1.0.3.jar
7f8afcd92000-7f8afcd94000 r--s 0000d000 08:01 921151                     /home/madunlap/.m2/repository/com/lyncode/xoai-common/4.1.0-header-patch/xoai-common-4.1.0-header-patch.jar
7f8afcd94000-7f8afcd97000 r--s 00011000 08:01 921088                     /home/madunlap/.m2/repository/com/github/scribejava/scribejava-core/3.1.0/scribejava-core-3.1.0.jar
7f8afcd97000-7f8afcd9a000 r--s 00010000 08:01 921084                     /home/madunlap/.m2/repository/com/github/scribejava/scribejava-apis/3.1.0/scribejava-apis-3.1.0.jar
7f8afcd9a000-7f8afcda3000 r--s 0006f000 08:01 921083                     /home/madunlap/.m2/repository/log4j/log4j/1.2.17/log4j-1.2.17.jar
7f8afcda3000-7f8afce7a000 r--s 007aa000 08:01 921093                     /home/madunlap/.m2/repository/net/sf/ehcache/ehcache/2.10.1/ehcache-2.10.1.jar
7f8afce7a000-7f8afce7c000 r--s 00008000 08:01 921082                     /home/madunlap/.m2/repository/org/apache/commons/commons-csv/1.2/commons-csv-1.2.jar
7f8afce7c000-7f8afce80000 r--s 00035000 08:01 921081                     /home/madunlap/.m2/repository/com/fasterxml/jackson/core/jackson-core/2.5.3/jackson-core-2.5.3.jar
7f8afce80000-7f8afce82000 r--s 00008000 08:01 921075                     /home/madunlap/.m2/repository/com/fasterxml/jackson/core/jackson-annotations/2.5.0/jackson-annotations-2.5.0.jar
7f8afce82000-7f8afce94000 r--s 00106000 08:01 921073                     /home/madunlap/.m2/repository/com/fasterxml/jackson/core/jackson-databind/2.5.3/jackson-databind-2.5.3.jar
7f8afce94000-7f8afce97000 r--s 00006000 08:01 921070                     /home/madunlap/.m2/repository/com/google/code/findbugs/jsr305/1.3.9/jsr305-1.3.9.jar
7f8afce97000-7f8afce9d000 r--s 00040000 08:01 921074                     /home/madunlap/.m2/repository/com/google/http-client/google-http-client/1.20.0/google-http-client-1.20.0.jar
7f8afce9d000-7f8afce9f000 r--s 00007000 08:01 921064                     /home/madunlap/.m2/repository/com/maxmind/geoip2/geoip2/2.3.1/geoip2-2.3.1.jar
7f8afce9f000-7f8afcea1000 r--s 00003000 08:01 921062                     /home/madunlap/.m2/repository/org/slf4j/jcl-over-slf4j/1.7.2/jcl-over-slf4j-1.7.2.jar
7f8afcea1000-7f8afcea5000 r--s 00034000 08:01 921067                     /home/madunlap/.m2/repository/org/codehaus/jackson/jackson-core-asl/1.9.7/jackson-core-asl-1.9.7.jar
7f8afcea5000-7f8afceb4000 r--s 000b0000 08:01 921065                     /home/madunlap/.m2/repository/org/codehaus/jackson/jackson-mapper-asl/1.9.7/jackson-mapper-asl-1.9.7.jar
7f8afceb4000-7f8afcebe000 r--s 0003d000 08:01 921060                     /home/madunlap/.m2/repository/org/javaswift/joss/0.9.10/joss-0.9.10.jar
7f8afcebe000-7f8afcec5000 r--s 0003a000 08:01 921056                     /home/madunlap/.m2/repository/commons-codec/commons-codec/1.9/commons-codec-1.9.jar
7f8afcec5000-7f8afcecc000 r--s 00048000 08:01 921054                     /home/madunlap/.m2/repository/org/apache/httpcomponents/httpcore/4.4.1/httpcore-4.4.1.jar
7f8afcecc000-7f8afced9000 r--s 000a4000 08:01 921052                     /home/madunlap/.m2/repository/org/apache/httpcomponents/httpclient/4.4.1/httpclient-4.4.1.jar
7f8afced9000-7f8afcedd000 r--s 00028000 08:01 921050                     /home/madunlap/.m2/repository/org/apache/httpcomponents/httpasyncclient/4.1/httpasyncclient-4.1.jar
7f8afcedd000-7f8afcee4000 r--s 00050000 08:01 921049                     /home/madunlap/.m2/repository/org/apache/httpcomponents/httpcore-nio/4.4.1/httpcore-nio-4.4.1.jar
7f8afcee4000-7f8afceea000 r--s 00033000 08:01 921046                     /home/madunlap/.m2/repository/io/searchbox/jest-common/0.1.7/jest-common-0.1.7.jar
7f8afceea000-7f8afcefe000 r--s 00173000 08:01 921038                     /home/madunlap/.m2/repository/axis/axis/1.4/axis-1.4.jar
7f8afcefe000-7f8afceff000 ---p 00000000 00:00 0 
7f8afceff000-7f8b00000000 rw-p 00000000 00:00 0 
7f8b00000000-7f8b00021000 rw-p 00000000 00:00 0 
7f8b00021000-7f8b04000000 ---p 00000000 00:00 0 
7f8b04000000-7f8b04021000 rw-p 00000000 00:00 0 
7f8b04021000-7f8b08000000 ---p 00000000 00:00 0 
7f8b08000000-7f8b0828e000 rw-p 00000000 00:00 0 
7f8b0828e000-7f8b0c000000 ---p 00000000 00:00 0 
7f8b0c000000-7f8b0c021000 rw-p 00000000 00:00 0 
7f8b0c021000-7f8b10000000 ---p 00000000 00:00 0 
7f8b10000000-7f8b10021000 rw-p 00000000 00:00 0 
7f8b10021000-7f8b14000000 ---p 00000000 00:00 0 
7f8b14000000-7f8b14001000 r--s 00004000 08:01 921066                     /home/madunlap/.m2/repository/com/maxmind/db/maxmind-db/1.0.0/maxmind-db-1.0.0.jar
7f8b14001000-7f8b14002000 r--s 00004000 08:01 921045                     /home/madunlap/.m2/repository/io/searchbox/jest/0.1.7/jest-0.1.7.jar
7f8b14002000-7f8b14005000 r--s 0000f000 08:01 921042                     /home/madunlap/.m2/repository/commons-discovery/commons-discovery/0.2/commons-discovery-0.2.jar
7f8b14005000-7f8b14008000 r--s 0001c000 08:01 921043                     /home/madunlap/.m2/repository/axis/axis-wsdl4j/1.5.1/axis-wsdl4j-1.5.1.jar
7f8b14008000-7f8b14009000 r--s 00004000 08:01 921039                     /home/madunlap/.m2/repository/org/apache/axis/axis-saaj/1.4/axis-saaj-1.4.jar
7f8b14009000-7f8b1400b000 r--s 00006000 08:01 921036                     /home/madunlap/.m2/repository/org/apache/axis/axis-jaxrpc/1.4/axis-jaxrpc-1.4.jar
7f8b1400b000-7f8b1400d000 r--s 00009000 08:01 921034                     /home/madunlap/.m2/repository/org/objenesis/objenesis/2.1/objenesis-2.1.jar
7f8b1400d000-7f8b14029000 r--s 00103000 08:01 921030                     /home/madunlap/.m2/repository/org/mockito/mockito-core/1.10.19/mockito-core-1.10.19.jar
7f8b14029000-7f8b1402b000 r--s 00001000 08:01 921031                     /home/madunlap/.m2/repository/org/slf4j/slf4j-log4j12/1.7.7/slf4j-log4j12-1.7.7.jar
7f8b1402b000-7f8b1402d000 r--s 00006000 08:01 791385                     /home/madunlap/.m2/repository/org/slf4j/slf4j-api/1.7.7/slf4j-api-1.7.7.jar
7f8b1402d000-7f8b14031000 r--s 0001f000 08:01 921028                     /home/madunlap/.m2/repository/org/jacoco/org.jacoco.report/0.7.5.201505241946/org.jacoco.report-0.7.5.201505241946.jar
7f8b14031000-7f8b14036000 r--s 00058000 08:01 921027                     /home/madunlap/.m2/repository/org/ow2/asm/asm-debug-all/5.0.1/asm-debug-all-5.0.1.jar
7f8b14036000-7f8b1403a000 r--s 0001d000 08:01 791383                     /home/madunlap/.m2/repository/org/jacoco/org.jacoco.core/0.7.5.201505241946/org.jacoco.core-0.7.5.201505241946.jar
7f8b1403a000-7f8b1403d000 ---p 00000000 00:00 0 
7f8b1403d000-7f8b1413b000 rw-p 00000000 00:00 0 
7f8b1413b000-7f8b1413e000 ---p 00000000 00:00 0 
7f8b1413e000-7f8b1423c000 rw-p 00000000 00:00 0 
7f8b1423c000-7f8b1423f000 ---p 00000000 00:00 0 
7f8b1423f000-7f8b1433d000 rw-p 00000000 00:00 0 
7f8b1433d000-7f8b1434e000 r-xp 00000000 08:01 2106483                    /usr/lib/jvm/java-8-oracle/jre/lib/amd64/libnio.so
7f8b1434e000-7f8b1454d000 ---p 00011000 08:01 2106483                    /usr/lib/jvm/java-8-oracle/jre/lib/amd64/libnio.so
7f8b1454d000-7f8b1454e000 rw-p 00010000 08:01 2106483                    /usr/lib/jvm/java-8-oracle/jre/lib/amd64/libnio.so
7f8b1454e000-7f8b14564000 r-xp 00000000 08:01 2106458                    /usr/lib/jvm/java-8-oracle/jre/lib/amd64/libnet.so
7f8b14564000-7f8b14764000 ---p 00016000 08:01 2106458                    /usr/lib/jvm/java-8-oracle/jre/lib/amd64/libnet.so
7f8b14764000-7f8b14765000 rw-p 00016000 08:01 2106458                    /usr/lib/jvm/java-8-oracle/jre/lib/amd64/libnet.so
7f8b14765000-7f8b14768000 r--s 0001a000 08:01 1976716                    /usr/lib/jvm/java-8-oracle/jre/lib/jce.jar
7f8b14768000-7f8b1476d000 r--s 0009a000 08:01 1976643                    /usr/lib/jvm/java-8-oracle/jre/lib/jsse.jar
7f8b1476d000-7f8b14773000 r--s 00041000 08:01 661360                     /home/madunlap/.m2/repository/org/jacoco/org.jacoco.agent/0.7.5.201505241946/org.jacoco.agent-0.7.5.201505241946-runtime.jar
7f8b14773000-7f8b14775000 r--s 0000e000 08:01 921023                     /home/madunlap/.m2/repository/oro/oro/2.0.8/oro-2.0.8.jar
7f8b14775000-7f8b1477d000 r--s 00058000 08:01 921019                     /home/madunlap/.m2/repository/org/apache/velocity/velocity/1.5/velocity-1.5.jar
7f8b1477d000-7f8b1477e000 r--s 00001000 08:01 921022                     /home/madunlap/.m2/repository/org/codehaus/plexus/plexus-velocity/1.1.7/plexus-velocity-1.1.7.jar
7f8b1477e000-7f8b1477f000 r--s 00002000 08:01 921017                     /home/madunlap/.m2/repository/org/codehaus/plexus/plexus-i18n/1.0-beta-7/plexus-i18n-1.0-beta-7.jar
7f8b1477f000-7f8b14781000 r--s 00008000 08:01 921015                     /home/madunlap/.m2/repository/org/apache/maven/doxia/doxia-module-fml/1.1.2/doxia-module-fml-1.1.2.jar
7f8b14781000-7f8b14782000 r--s 00003000 08:01 921016                     /home/madunlap/.m2/repository/org/apache/maven/doxia/doxia-module-xhtml/1.1.2/doxia-module-xhtml-1.1.2.jar
7f8b14782000-7f8b14784000 r--s 0000b000 08:01 921011                     /home/madunlap/.m2/repository/org/apache/maven/doxia/doxia-decoration-model/1.1.2/doxia-decoration-model-1.1.2.jar
7f8b14784000-7f8b14786000 r--s 0000b000 08:01 921008                     /home/madunlap/.m2/repository/org/apache/maven/doxia/doxia-site-renderer/1.1.2/doxia-site-renderer-1.1.2.jar
7f8b14786000-7f8b1478a000 r--s 00023000 08:01 921010                     /home/madunlap/.m2/repository/org/apache/maven/doxia/doxia-core/1.1.2/doxia-core-1.1.2.jar
7f8b1478a000-7f8b1478c000 r--s 00003000 08:01 921007                     /home/madunlap/.m2/repository/org/apache/maven/reporting/maven-reporting-impl/2.1/maven-reporting-impl-2.1.jar
7f8b1478c000-7f8b1478d000 r--s 00002000 08:01 921004                     /home/madunlap/.m2/repository/org/apache/maven/doxia/doxia-logging-api/1.1/doxia-logging-api-1.1.jar
7f8b1478d000-7f8b1478f000 r--s 00002000 08:01 921001                     /home/madunlap/.m2/repository/org/apache/maven/doxia/doxia-sink-api/1.1/doxia-sink-api-1.1.jar
7f8b1478f000-7f8b14790000 r--s 00002000 08:01 920999                     /home/madunlap/.m2/repository/org/apache/maven/reporting/maven-reporting-api/2.2.1/maven-reporting-api-2.2.1.jar
7f8b14790000-7f8b14792000 r--s 00008000 08:01 920995                     /home/madunlap/.m2/repository/org/apache/maven/shared/maven-shared-io/1.1/maven-shared-io-1.1.jar
7f8b14792000-7f8b14794000 r--s 00008000 08:01 920998                     /home/madunlap/.m2/repository/org/apache/maven/shared/file-management/1.2.1/file-management-1.2.1.jar
7f8b14794000-7f8b14799000 r--s 00039000 08:01 920997                     /home/madunlap/.m2/repository/org/codehaus/plexus/plexus-utils/1.5.6/plexus-utils-1.5.6.jar
7f8b14799000-7f8b1479b000 r--s 00008000 08:01 920991                     /home/madunlap/.m2/repository/classworlds/classworlds/1.1-alpha-2/classworlds-1.1-alpha-2.jar
7f8b1479b000-7f8b147a2000 r--s 00029000 08:01 920988                     /home/madunlap/.m2/repository/org/codehaus/plexus/plexus-container-default/1.0-alpha-9-stable-1/plexus-container-default-1.0-alpha-9-stable-1.jar
7f8b147a2000-7f8b147a5000 r--s 00011000 08:01 920989                     /home/madunlap/.m2/repository/org/apache/maven/maven-artifact/2.2.1/maven-artifact-2.2.1.jar
7f8b147a5000-7f8b147a7000 r--s 0000b000 08:01 920985                     /home/madunlap/.m2/repository/org/codehaus/plexus/plexus-interpolation/1.11/plexus-interpolation-1.11.jar
7f8b147a7000-7f8b147a9000 r--s 00006000 08:01 920982                     /home/madunlap/.m2/repository/org/apache/maven/maven-plugin-registry/2.2.1/maven-plugin-registry-2.2.1.jar
7f8b147a9000-7f8b147b1000 r--s 00049000 08:01 920984                     /home/madunlap/.m2/repository/backport-util-concurrent/backport-util-concurrent/3.1/backport-util-concurrent-3.1.jar
7f8b147b1000-7f8b147b3000 r--s 0000b000 08:01 920978                     /home/madunlap/.m2/repository/org/apache/maven/wagon/wagon-provider-api/1.0-beta-6/wagon-provider-api-1.0-beta-6.jar
7f8b147b3000-7f8b147b5000 r--s 00005000 08:01 920980                     /home/madunlap/.m2/repository/org/apache/maven/maven-repository-metadata/2.2.1/maven-repository-metadata-2.2.1.jar
7f8b147b5000-7f8b147b7000 r--s 0000f000 08:01 920975                     /home/madunlap/.m2/repository/org/apache/maven/maven-artifact-manager/2.2.1/maven-artifact-manager-2.2.1.jar
7f8b147b7000-7f8b147b9000 r--s 00014000 08:01 920971                     /home/madunlap/.m2/repository/org/apache/maven/maven-model/2.2.1/maven-model-2.2.1.jar
7f8b147b9000-7f8b147bb000 r--s 00007000 08:01 920969                     /home/madunlap/.m2/repository/org/apache/maven/maven-profile/2.2.1/maven-profile-2.2.1.jar
7f8b147bb000-7f8b147bc000 r--s 0000b000 08:01 920972                     /home/madunlap/.m2/repository/org/apache/maven/maven-settings/2.2.1/maven-settings-2.2.1.jar
7f8b147bc000-7f8b147c0000 r--s 00023000 08:01 920973                     /home/madunlap/.m2/repository/org/apache/maven/maven-project/2.2.1/maven-project-2.2.1.jar
7f8b147c0000-7f8b147c2000 r--s 00002000 08:01 661356                     /home/madunlap/.m2/repository/org/apache/maven/maven-plugin-api/2.2.1/maven-plugin-api-2.2.1.jar
7f8b147c2000-7f8b147c4000 r--s 0000b000 08:01 660606                     /home/madunlap/.m2/repository/org/jacoco/jacoco-maven-plugin/0.7.5.201505241946/jacoco-maven-plugin-0.7.5.201505241946.jar
7f8b147c4000-7f8b147c6000 r--s 00013000 08:01 791380                     /home/madunlap/.m2/repository/com/jayway/restassured/xml-path/2.4.0/xml-path-2.4.0.jar
7f8b147c6000-7f8b147c8000 r--s 00007000 08:01 791379                     /home/madunlap/.m2/repository/com/jayway/restassured/rest-assured-common/2.4.0/rest-assured-common-2.4.0.jar
7f8b147c8000-7f8b147ca000 r--s 0001e000 08:01 661355                     /home/madunlap/.m2/repository/org/codehaus/groovy/groovy-json/2.3.7/groovy-json-2.3.7.jar
7f8b147ca000-7f8b147cc000 r--s 0000d000 08:01 791376                     /home/madunlap/.m2/repository/com/jayway/restassured/json-path/2.4.0/json-path-2.4.0.jar
7f8b147cc000-7f8b147ce000 r--s 00015000 08:01 791373                     /home/madunlap/.m2/repository/org/ccil/cowan/tagsoup/tagsoup/1.2.1/tagsoup-1.2.1.jar
7f8b147ce000-7f8b147cf000 r--s 0000c000 08:01 791372                     /home/madunlap/.m2/repository/org/hamcrest/hamcrest-library/1.3/hamcrest-library-1.3.jar
7f8b147cf000-7f8b147d1000 r--s 00009000 08:01 791370                     /home/madunlap/.m2/repository/org/hamcrest/hamcrest-core/1.3/hamcrest-core-1.3.jar
7f8b147d1000-7f8b147d6000 r--s 00034000 08:01 661352                     /home/madunlap/.m2/repository/org/codehaus/groovy/groovy-xml/2.3.7/groovy-xml-2.3.7.jar
7f8b147d6000-7f8b1481f000 r--s 003fb000 08:01 661354                     /home/madunlap/.m2/repository/org/codehaus/groovy/groovy/2.3.7/groovy-2.3.7.jar
7f8b1481f000-7f8b14829000 r--s 0008c000 08:01 791368                     /home/madunlap/.m2/repository/com/jayway/restassured/rest-assured/2.4.0/rest-assured-2.4.0.jar
7f8b14829000-7f8b1482f000 r--s 00044000 08:01 791367                     /home/madunlap/.m2/repository/org/jsoup/jsoup/1.8.1/jsoup-1.8.1.jar
7f8b1482f000-7f8b14831000 r--s 00004000 08:01 791401                     /home/madunlap/.m2/repository/edu/ucsb/nceas/ezid/1.0.0/ezid-1.0.0.jar
7f8b14831000-7f8b14834000 r--s 0000b000 08:01 791362                     /home/madunlap/.m2/repository/org/ocpsoft/rewrite/rewrite-integration-faces/2.0.12.Final/rewrite-integration-faces-2.0.12.Final.jar
7f8b14834000-7f8b14836000 r--s 00001000 08:01 791360                     /home/madunlap/.m2/repository/org/ocpsoft/rewrite/rewrite-annotations-api/2.0.12.Final/rewrite-annotations-api-2.0.12.Final.jar
7f8b14836000-7f8b14837000 r--s 00005000 08:01 791359                     /home/madunlap/.m2/repository/org/ocpsoft/rewrite/rewrite-addressbuilder/2.0.12.Final/rewrite-addressbuilder-2.0.12.Final.jar
7f8b14837000-7f8b14839000 r--s 00008000 08:01 791357                     /home/madunlap/.m2/repository/org/ocpsoft/rewrite/rewrite-api-servlet/2.0.12.Final/rewrite-api-servlet-2.0.12.Final.jar
7f8b14839000-7f8b1483b000 r--s 00001000 08:01 791354                     /home/madunlap/.m2/repository/org/ocpsoft/logging/logging-api/1.0.2.Final/logging-api-1.0.2.Final.jar
7f8b1483b000-7f8b1483c000 r--s 00003000 08:01 791353                     /home/madunlap/.m2/repository/org/ocpsoft/common/common-api/1.0.5.Final/common-api-1.0.5.Final.jar
7f8b1483c000-7f8b14840000 r--s 00018000 08:01 791351                     /home/madunlap/.m2/repository/org/ocpsoft/rewrite/rewrite-api/2.0.12.Final/rewrite-api-2.0.12.Final.jar
7f8b14840000-7f8b14842000 r--s 00005000 08:01 791349                     /home/madunlap/.m2/repository/org/ocpsoft/rewrite/rewrite-annotations-impl/2.0.12.Final/rewrite-annotations-impl-2.0.12.Final.jar
7f8b14842000-7f8b14850000 r--s 00092000 08:01 791352                     /home/madunlap/.m2/repository/org/ocpsoft/rewrite/rewrite-config-prettyfaces/2.0.12.Final/rewrite-config-prettyfaces-2.0.12.Final.jar
7f8b14850000-7f8b1485e000 r--s 0005f000 08:01 791345                     /home/madunlap/.m2/repository/org/ocpsoft/rewrite/rewrite-servlet/2.0.12.Final/rewrite-servlet-2.0.12.Final.jar
7f8b1485e000-7f8b14862000 r--s 0003c000 08:01 791218                     /home/madunlap/.m2/repository/javax/media/jai_codec/1.1.3/jai_codec-1.1.3.jar
7f8b14862000-7f8b14876000 r--s 001bd000 08:01 791220                     /home/madunlap/.m2/repository/javax/media/jai_core/1.1.3/jai_core-1.1.3.jar
7f8b14876000-7f8b14887000 r--s 00106000 08:01 791219                     /home/madunlap/.m2/repository/javax/media/jai_imageio/1.1.1/jai_imageio-1.1.1.jar
7f8b14887000-7f8b14889000 r--s 00009000 08:01 791399                     /home/madunlap/.m2/repository/edu/harvard/hul/ois/jhove/jhove-handler/1.11.0/jhove-handler-1.11.0.jar
7f8b14889000-7f8b14892000 r--s 00079000 08:01 791398                     /home/madunlap/.m2/repository/edu/harvard/hul/ois/jhove/jhove-module/1.11.0/jhove-module-1.11.0.jar
7f8b14892000-7f8b14895000 r--s 00011000 08:01 791396                     /home/madunlap/.m2/repository/edu/harvard/hul/ois/jhove/jhove/1.11.0/jhove-1.11.0.jar
7f8b14895000-7f8b148a5000 r--s 0011f000 08:01 791342                     /home/madunlap/.m2/repository/org/apache/poi/poi-scratchpad/3.10-FINAL/poi-scratchpad-3.10-FINAL.jar
7f8b148a5000-7f8b148ab000 r--s 00047000 08:01 791341                     /home/madunlap/.m2/repository/org/apache/poi/poi-examples/3.10-FINAL/poi-examples-3.10-FINAL.jar
7f8b148ab000-7f8b148b0000 r--s 00048000 08:01 791338                     /home/madunlap/.m2/repository/dom4j/dom4j/1.6.1/dom4j-1.6.1.jar
7f8b148b0000-7f8b148ed000 r--s 0024f000 08:01 791336                     /home/madunlap/.m2/repository/org/apache/xmlbeans/xmlbeans/2.3.0/xmlbeans-2.3.0.jar
7f8b148ed000-7f8b14985000 r--s 00420000 08:01 791334                     /home/madunlap/.m2/repository/org/apache/poi/poi-ooxml-schemas/3.10-FINAL/poi-ooxml-schemas-3.10-FINAL.jar
7f8b14985000-7f8b14993000 r--s 000ee000 08:01 791333                     /home/madunlap/.m2/repository/org/apache/poi/poi-ooxml/3.10-FINAL/poi-ooxml-3.10-FINAL.jar
7f8b14993000-7f8b149b5000 r--s 001bb000 08:01 791332                     /home/madunlap/.m2/repository/org/apache/poi/poi/3.10-FINAL/poi-3.10-FINAL.jar
7f8b149b5000-7f8b149b7000 r--s 00006000 08:01 791331                     /home/madunlap/.m2/repository/org/nuiton/thirdparty/Rserve/0.6-1/Rserve-0.6-1.jar
7f8b149b7000-7f8b149b9000 r--s 00006000 08:01 791328                     /home/madunlap/.m2/repository/org/nuiton/thirdparty/REngine/0.6-1/REngine-0.6-1.jar
7f8b149b9000-7f8b149ba000 r--s 0000c000 08:01 791397                     /home/madunlap/.m2/repository/org/dataverse/unf/6.0/unf-6.0.jar
7f8b149ba000-7f8b149c3000 r--s 000a6000 08:01 791393                     /home/madunlap/.m2/repository/net/handle/handle/2006-06-16-generated/handle-2006-06-16-generated.jar
7f8b149c3000-7f8b149c6000 r--s 00035000 08:01 791395                     /home/madunlap/.m2/repository/nom/tam/fits/fits/2012-10-25-generated/fits-2012-10-25-generated.jar
7f8b149c6000-7f8b149cd000 r--s 00028000 08:01 791326                     /home/madunlap/.m2/repository/concurrent/concurrent/1.3.4/concurrent-1.3.4.jar
7f8b149cd000-7f8b149db000 r--s 00081000 08:01 791324                     /home/madunlap/.m2/repository/colt/colt/1.2.0/colt-1.2.0.jar
7f8b149db000-7f8b149e8000 r--s 00083000 08:01 791320                     /home/madunlap/.m2/repository/commons-collections/commons-collections/3.2.2/commons-collections-3.2.2.jar
7f8b149e8000-7f8b149ec000 r--s 00020000 08:01 791319                     /home/madunlap/.m2/repository/commons-digester/commons-digester/1.8.1/commons-digester-1.8.1.jar
7f8b149ec000-7f8b149f1000 r--s 00035000 08:01 791317                     /home/madunlap/.m2/repository/commons-beanutils/commons-beanutils/1.9.2/commons-beanutils-1.9.2.jar
7f8b149f1000-7f8b149f5000 r--s 0002a000 08:01 791315                     /home/madunlap/.m2/repository/commons-validator/commons-validator/1.6/commons-validator-1.6.jar
7f8b149f5000-7f8b14a08000 r--s 000df000 08:01 791313                     /home/madunlap/.m2/repository/org/apache/commons/commons-math/2.2/commons-math-2.2.jar
7f8b14a08000-7f8b14a0a000 r--s 0000e000 08:01 791309                     /home/madunlap/.m2/repository/commons-logging/commons-logging/1.1.3/commons-logging-1.1.3.jar
7f8b14a0a000-7f8b14a0c000 r--s 00005000 08:01 791311                     /home/madunlap/.m2/repository/org/apache/httpcomponents/httpmime/4.2.6/httpmime-4.2.6.jar
7f8b14a0c000-7f8b14a18000 r--s 000b3000 08:01 791304                     /home/madunlap/.m2/repository/org/apache/zookeeper/zookeeper/3.4.5/zookeeper-3.4.5.jar
7f8b14a18000-7f8b14a20000 r--s 0005b000 08:01 791305                     /home/madunlap/.m2/repository/org/apache/solr/solr-solrj/4.6.0/solr-solrj-4.6.0.jar
7f8b14a20000-7f8b14a25000 r--s 00041000 08:01 791300                     /home/madunlap/.m2/repository/commons-lang/commons-lang/2.6/commons-lang-2.6.jar
7f8b14a25000-7f8b14a27000 r--s 0000d000 08:01 791302                     /home/madunlap/.m2/repository/com/fasterxml/classmate/1.0.0/classmate-1.0.0.jar
7f8b14a27000-7f8b14a2b000 r--s 0000c000 08:01 791294                     /home/madunlap/.m2/repository/javax/validation/validation-api/1.1.0.Final/validation-api-1.1.0.Final.jar
7f8b14a2b000-7f8b14a38000 r--s 00080000 08:01 791293                     /home/madunlap/.m2/repository/org/hibernate/hibernate-validator/5.0.3.Final/hibernate-validator-5.0.3.Final.jar
7f8b14a38000-7f8b14a42000 r--s 0006b000 08:01 791289                     /home/madunlap/.m2/repository/org/omnifaces/omnifaces/1.7/omnifaces-1.7.jar
7f8b14a42000-7f8b14a51000 r--s 000c4000 08:01 791290                     /home/madunlap/.m2/repository/org/atmosphere/atmosphere-runtime/2.4.2/atmosphere-runtime-2.4.2.jar
7f8b14a51000-7f8b14a65000 r--s 0013a000 08:01 791121                     /home/madunlap/.m2/repository/org/primefaces/themes/all-themes/1.0.10/all-themes-1.0.10.jar
7f8b14a65000-7f8b14a91000 r--s 00318000 08:01 791288                     /home/madunlap/.m2/repository/org/primefaces/primefaces/5.3/primefaces-5.3.jar
7f8b14a91000-7f8b14ab3000 r--s 00120000 08:01 791284                     /home/madunlap/.m2/repository/javax/javaee-web-api/7.0/javaee-web-api-7.0.jar
7f8b14ab3000-7f8b14abb000 r--s 00078000 08:01 791280                     /home/madunlap/.m2/repository/com/sun/mail/javax.mail/1.5.0/javax.mail-1.5.0.jar
7f8b14abb000-7f8b14aef000 r--s 001a4000 08:01 791278                     /home/madunlap/.m2/repository/javax/javaee-api/7.0/javaee-api-7.0.jar
7f8b14aef000-7f8b14b1a000 r--s 001f5000 08:01 791277                     /home/madunlap/.m2/repository/com/google/guava/guava/16.0.1/guava-16.0.1.jar
7f8b14b1a000-7f8b14b38000 r--s 0027d000 08:01 791273                     /home/madunlap/.m2/repository/xalan/xalan/2.7.0/xalan-2.7.0.jar
7f8b14b38000-7f8b14b4c000 r--s 000e3000 08:01 791272                     /home/madunlap/.m2/repository/xerces/xercesImpl/2.6.2/xercesImpl-2.6.2.jar
7f8b14b4c000-7f8b14b52000 r--s 00019000 08:01 791270                     /home/madunlap/.m2/repository/xerces/xmlParserAPIs/2.6.2/xmlParserAPIs-2.6.2.jar
7f8b14b52000-7f8b14f5e000 r--s 03c80000 08:01 791225                     /home/madunlap/.m2/repository/com/amazonaws/aws-java-sdk-bundle/1.11.172/aws-java-sdk-bundle-1.11.172.jar
7f8b14f5e000-7f8b14f61000 ---p 00000000 00:00 0 
7f8b14f61000-7f8b1505f000 rw-p 00000000 00:00 0 
7f8b1505f000-7f8b1533a000 r--p 00000000 08:01 1441812                    /usr/lib/locale/locale-archive
7f8b1533a000-7f8b1533d000 ---p 00000000 00:00 0 
7f8b1533d000-7f8b1543b000 rw-p 00000000 00:00 0 
7f8b1543b000-7f8b1543e000 ---p 00000000 00:00 0 
7f8b1543e000-7f8b1553c000 rw-p 00000000 00:00 0 
7f8b1553c000-7f8b1553d000 ---p 00000000 00:00 0 
7f8b1553d000-7f8b15f46000 rw-p 00000000 00:00 0 
7f8b15f46000-7f8b16120000 r--s 03d4d000 08:01 1976682                    /usr/lib/jvm/java-8-oracle/jre/lib/rt.jar
7f8b16120000-7f8b18000000 rw-p 00000000 00:00 0 
7f8b18000000-7f8b18021000 rw-p 00000000 00:00 0 
7f8b18021000-7f8b1c000000 ---p 00000000 00:00 0 
7f8b1c000000-7f8b1c001000 r--s 00018000 08:01 791394                     /home/madunlap/.m2/repository/edu/harvard/iq/dvn/unf5/5.0/unf5-5.0.jar
7f8b1c001000-7f8b1c003000 r--s 0000d000 08:01 791296                     /home/madunlap/.m2/repository/org/jboss/logging/jboss-logging/3.1.1.GA/jboss-logging-3.1.1.GA.jar
7f8b1c003000-7f8b1c005000 r--s 0000e000 08:01 791282                     /home/madunlap/.m2/repository/javax/activation/activation/1.1/activation-1.1.jar
7f8b1c005000-7f8b1c00c000 r--s 00063000 08:01 791268                     /home/madunlap/.m2/repository/xom/xom/1.1/xom-1.1.jar
7f8b1c00c000-7f8b1c011000 r--s 0002a000 08:01 791265                     /home/madunlap/.m2/repository/com/google/code/gson/gson/2.2.4/gson-2.2.4.jar
7f8b1c011000-7f8b1c015000 r--s 00027000 08:01 791263                     /home/madunlap/.m2/repository/commons-io/commons-io/2.2/commons-io-2.2.jar
7f8b1c015000-7f8b1c017000 r--s 0000f000 08:01 791260                     /home/madunlap/.m2/repository/commons-fileupload/commons-fileupload/1.3.1/commons-fileupload-1.3.1.jar
7f8b1c017000-7f8b1c01d000 r--s 00032000 08:01 791261                     /home/madunlap/.m2/repository/jaxen/jaxen/1.1.1/jaxen-1.1.1.jar
7f8b1c01d000-7f8b1c024000 r--s 00079000 08:01 661348                     /home/madunlap/.m2/repository/org/codehaus/woodstox/wstx-asl/3.2.6/wstx-asl-3.2.6.jar
7f8b1c024000-7f8b1c029000 r--s 00070000 08:01 661349                     /home/madunlap/.m2/repository/org/codehaus/woodstox/woodstox-core-asl/4.1.4/woodstox-core-asl-4.1.4.jar
7f8b1c029000-7f8b1c02d000 r--s 00026000 08:01 791256                     /home/madunlap/.m2/repository/org/apache/ws/commons/axiom/axiom-impl/1.2.14/axiom-impl-1.2.14.jar
7f8b1c02d000-7f8b1c037000 r--s 0005d000 08:01 791250                     /home/madunlap/.m2/repository/org/apache/ws/commons/axiom/axiom-api/1.2.14/axiom-api-1.2.14.jar
7f8b1c037000-7f8b1c050000 r--s 002fd000 08:01 791240                     /home/madunlap/.m2/repository/com/ibm/icu/icu4j/3.4.4/icu4j-3.4.4.jar
7f8b1c050000-7f8b1cac5000 rw-p 00000000 00:00 0 
7f8b1cac5000-7f8b1cac6000 ---p 00000000 00:00 0 
7f8b1cac6000-7f8b1cbc6000 rw-p 00000000 00:00 0 
7f8b1cbc6000-7f8b1cbc7000 ---p 00000000 00:00 0 
7f8b1cbc7000-7f8b1ccdc000 rw-p 00000000 00:00 0 
7f8b1ccdc000-7f8b1ce11000 ---p 00000000 00:00 0 
7f8b1ce11000-7f8b1ce26000 rw-p 00000000 00:00 0 
7f8b1ce26000-7f8b1cf5a000 ---p 00000000 00:00 0 
7f8b1cf5a000-7f8b1cf9e000 rw-p 00000000 00:00 0 
7f8b1cf9e000-7f8b1cfff000 ---p 00000000 00:00 0 
7f8b1cfff000-7f8b1d000000 rw-p 00000000 00:00 0 
7f8b1d000000-7f8b1d640000 rwxp 00000000 00:00 0 
7f8b1d640000-7f8b2c000000 ---p 00000000 00:00 0 
7f8b2c000000-7f8b2cf3c000 rw-p 00000000 00:00 0 
7f8b2cf3c000-7f8b30000000 ---p 00000000 00:00 0 
7f8b30000000-7f8b30003000 r--s 00015000 08:01 791254                     /home/madunlap/.m2/repository/org/apache/james/apache-mime4j-core/0.7.2/apache-mime4j-core-0.7.2.jar
7f8b30003000-7f8b30008000 r--s 00032000 08:01 791252                     /home/madunlap/.m2/repository/org/apache/geronimo/specs/geronimo-javamail_1.4_spec/1.7.1/geronimo-javamail_1.4_spec-1.7.1.jar
7f8b30008000-7f8b3000b000 r--s 0014e000 08:01 791249                     /home/madunlap/.m2/repository/org/apache/abdera/abdera-parser/1.1.3/abdera-parser-1.1.3.jar
7f8b3000b000-7f8b3000d000 r--s 00006000 08:01 791245                     /home/madunlap/.m2/repository/org/apache/geronimo/specs/geronimo-stax-api_1.0_spec/1.0.1/geronimo-stax-api_1.0_spec-1.0.1.jar
7f8b3000d000-7f8b3000f000 r--s 0000a000 08:01 791243                     /home/madunlap/.m2/repository/org/apache/geronimo/specs/geronimo-activation_1.1_spec/1.1/geronimo-activation_1.1_spec-1.1.jar
7f8b3000f000-7f8b30013000 r--s 00094000 08:01 791246                     /home/madunlap/.m2/repository/org/apache/abdera/abdera-i18n/1.1.3/abdera-i18n-1.1.3.jar
7f8b30013000-7f8b30017000 r--s 00024000 08:01 791241                     /home/madunlap/.m2/repository/org/apache/abdera/abdera-core/1.1.3/abdera-core-1.1.3.jar
7f8b30017000-7f8b3001a000 r--s 00023000 08:01 791237                     /home/madunlap/.m2/repository/com/hp/hpl/jena/iri/0.8/iri-0.8.jar
7f8b3001a000-7f8b3003d000 r--s 001ae000 08:01 791235                     /home/madunlap/.m2/repository/com/hp/hpl/jena/jena/2.6.4/jena-2.6.4.jar
7f8b3003d000-7f8b3003f000 r--s 0000d000 08:01 791233                     /home/madunlap/.m2/repository/org/apache/abdera/abdera-client/1.1.1/abdera-client-1.1.1.jar
7f8b3003f000-7f8b30041000 r--s 00016000 08:01 791230                     /home/madunlap/.m2/repository/javax/servlet/servlet-api/2.4/servlet-api-2.4.jar
7f8b30041000-7f8b30044000 r--s 0000f000 08:01 791226                     /home/madunlap/.m2/repository/org/swordapp/sword2-server/1.0/sword2-server-1.0-classes.jar
7f8b30044000-7f8b30049000 r--s 00040000 08:01 791224                     /home/madunlap/.m2/repository/commons-httpclient/commons-httpclient/3.0.1/commons-httpclient-3.0.1.jar
7f8b30049000-7f8b3004c000 r--s 00012000 08:01 791228                     /home/madunlap/.m2/repository/org/glassfish/javax.json/1.0.4/javax.json-1.0.4.jar
7f8b3004c000-7f8b30052000 r--s 00034000 08:01 791227                     /home/madunlap/.m2/repository/junit/junit/4.8.1/junit-4.8.1.jar
7f8b30052000-7f8b300ba000 rw-p 00000000 00:00 0 
7f8b300ba000-7f8b30461000 ---p 00000000 00:00 0 
7f8b30461000-7f8b3047b000 r-xp 00000000 08:01 2106481                    /usr/lib/jvm/java-8-oracle/jre/lib/amd64/libzip.so
7f8b3047b000-7f8b3067b000 ---p 0001a000 08:01 2106481                    /usr/lib/jvm/java-8-oracle/jre/lib/amd64/libzip.so
7f8b3067b000-7f8b3067c000 rw-p 0001a000 08:01 2106481                    /usr/lib/jvm/java-8-oracle/jre/lib/amd64/libzip.so
7f8b3067c000-7f8b30687000 r-xp 00000000 08:01 663303                     /lib/x86_64-linux-gnu/libnss_files-2.24.so
7f8b30687000-7f8b30886000 ---p 0000b000 08:01 663303                     /lib/x86_64-linux-gnu/libnss_files-2.24.so
7f8b30886000-7f8b30887000 r--p 0000a000 08:01 663303                     /lib/x86_64-linux-gnu/libnss_files-2.24.so
7f8b30887000-7f8b30888000 rw-p 0000b000 08:01 663303                     /lib/x86_64-linux-gnu/libnss_files-2.24.so
7f8b30888000-7f8b3088e000 rw-p 00000000 00:00 0 
7f8b3088e000-7f8b30899000 r-xp 00000000 08:01 663305                     /lib/x86_64-linux-gnu/libnss_nis-2.24.so
7f8b30899000-7f8b30a98000 ---p 0000b000 08:01 663305                     /lib/x86_64-linux-gnu/libnss_nis-2.24.so
7f8b30a98000-7f8b30a99000 r--p 0000a000 08:01 663305                     /lib/x86_64-linux-gnu/libnss_nis-2.24.so
7f8b30a99000-7f8b30a9a000 rw-p 0000b000 08:01 663305                     /lib/x86_64-linux-gnu/libnss_nis-2.24.so
7f8b30a9a000-7f8b30ab0000 r-xp 00000000 08:01 663300                     /lib/x86_64-linux-gnu/libnsl-2.24.so
7f8b30ab0000-7f8b30caf000 ---p 00016000 08:01 663300                     /lib/x86_64-linux-gnu/libnsl-2.24.so
7f8b30caf000-7f8b30cb0000 r--p 00015000 08:01 663300                     /lib/x86_64-linux-gnu/libnsl-2.24.so
7f8b30cb0000-7f8b30cb1000 rw-p 00016000 08:01 663300                     /lib/x86_64-linux-gnu/libnsl-2.24.so
7f8b30cb1000-7f8b30cb3000 rw-p 00000000 00:00 0 
7f8b30cb3000-7f8b30cbb000 r-xp 00000000 08:01 663301                     /lib/x86_64-linux-gnu/libnss_compat-2.24.so
7f8b30cbb000-7f8b30eba000 ---p 00008000 08:01 663301                     /lib/x86_64-linux-gnu/libnss_compat-2.24.so
7f8b30eba000-7f8b30ebb000 r--p 00007000 08:01 663301                     /lib/x86_64-linux-gnu/libnss_compat-2.24.so
7f8b30ebb000-7f8b30ebc000 rw-p 00008000 08:01 663301                     /lib/x86_64-linux-gnu/libnss_compat-2.24.so
7f8b30ebc000-7f8b30ec6000 r-xp 00000000 08:01 2106519                    /usr/lib/jvm/java-8-oracle/jre/lib/amd64/libinstrument.so
7f8b30ec6000-7f8b310c5000 ---p 0000a000 08:01 2106519                    /usr/lib/jvm/java-8-oracle/jre/lib/amd64/libinstrument.so
7f8b310c5000-7f8b310c6000 rw-p 00009000 08:01 2106519                    /usr/lib/jvm/java-8-oracle/jre/lib/amd64/libinstrument.so
7f8b310c6000-7f8b310f1000 r-xp 00000000 08:01 2106508                    /usr/lib/jvm/java-8-oracle/jre/lib/amd64/libjava.so
7f8b310f1000-7f8b312f0000 ---p 0002b000 08:01 2106508                    /usr/lib/jvm/java-8-oracle/jre/lib/amd64/libjava.so
7f8b312f0000-7f8b312f2000 rw-p 0002a000 08:01 2106508                    /usr/lib/jvm/java-8-oracle/jre/lib/amd64/libjava.so
7f8b312f2000-7f8b312ff000 r-xp 00000000 08:01 2106459                    /usr/lib/jvm/java-8-oracle/jre/lib/amd64/libverify.so
7f8b312ff000-7f8b314ff000 ---p 0000d000 08:01 2106459                    /usr/lib/jvm/java-8-oracle/jre/lib/amd64/libverify.so
7f8b314ff000-7f8b31501000 rw-p 0000d000 08:01 2106459                    /usr/lib/jvm/java-8-oracle/jre/lib/amd64/libverify.so
7f8b31501000-7f8b31508000 r-xp 00000000 08:01 663310                     /lib/x86_64-linux-gnu/librt-2.24.so
7f8b31508000-7f8b31707000 ---p 00007000 08:01 663310                     /lib/x86_64-linux-gnu/librt-2.24.so
7f8b31707000-7f8b31708000 r--p 00006000 08:01 663310                     /lib/x86_64-linux-gnu/librt-2.24.so
7f8b31708000-7f8b31709000 rw-p 00007000 08:01 663310                     /lib/x86_64-linux-gnu/librt-2.24.so
7f8b31709000-7f8b31811000 r-xp 00000000 08:01 663297                     /lib/x86_64-linux-gnu/libm-2.24.so
7f8b31811000-7f8b31a10000 ---p 00108000 08:01 663297                     /lib/x86_64-linux-gnu/libm-2.24.so
7f8b31a10000-7f8b31a11000 r--p 00107000 08:01 663297                     /lib/x86_64-linux-gnu/libm-2.24.so
7f8b31a11000-7f8b31a12000 rw-p 00108000 08:01 663297                     /lib/x86_64-linux-gnu/libm-2.24.so
7f8b31a12000-7f8b326e5000 r-xp 00000000 08:01 2106512                    /usr/lib/jvm/java-8-oracle/jre/lib/amd64/server/libjvm.so
7f8b326e5000-7f8b328e4000 ---p 00cd3000 08:01 2106512                    /usr/lib/jvm/java-8-oracle/jre/lib/amd64/server/libjvm.so
7f8b328e4000-7f8b329be000 rw-p 00cd2000 08:01 2106512                    /usr/lib/jvm/java-8-oracle/jre/lib/amd64/server/libjvm.so
7f8b329be000-7f8b32a09000 rw-p 00000000 00:00 0 
7f8b32a09000-7f8b32bc7000 r-xp 00000000 08:01 663293                     /lib/x86_64-linux-gnu/libc-2.24.so
7f8b32bc7000-7f8b32dc6000 ---p 001be000 08:01 663293                     /lib/x86_64-linux-gnu/libc-2.24.so
7f8b32dc6000-7f8b32dca000 r--p 001bd000 08:01 663293                     /lib/x86_64-linux-gnu/libc-2.24.so
7f8b32dca000-7f8b32dcc000 rw-p 001c1000 08:01 663293                     /lib/x86_64-linux-gnu/libc-2.24.so
7f8b32dcc000-7f8b32dd0000 rw-p 00000000 00:00 0 
7f8b32dd0000-7f8b32dd3000 r-xp 00000000 08:01 663296                     /lib/x86_64-linux-gnu/libdl-2.24.so
7f8b32dd3000-7f8b32fd2000 ---p 00003000 08:01 663296                     /lib/x86_64-linux-gnu/libdl-2.24.so
7f8b32fd2000-7f8b32fd3000 r--p 00002000 08:01 663296                     /lib/x86_64-linux-gnu/libdl-2.24.so
7f8b32fd3000-7f8b32fd4000 rw-p 00003000 08:01 663296                     /lib/x86_64-linux-gnu/libdl-2.24.so
7f8b32fd4000-7f8b32fe9000 r-xp 00000000 08:01 2106497                    /usr/lib/jvm/java-8-oracle/jre/lib/amd64/jli/libjli.so
7f8b32fe9000-7f8b331e9000 ---p 00015000 08:01 2106497                    /usr/lib/jvm/java-8-oracle/jre/lib/amd64/jli/libjli.so
7f8b331e9000-7f8b331ea000 rw-p 00015000 08:01 2106497                    /usr/lib/jvm/java-8-oracle/jre/lib/amd64/jli/libjli.so
7f8b331ea000-7f8b33202000 r-xp 00000000 08:01 663308                     /lib/x86_64-linux-gnu/libpthread-2.24.so
7f8b33202000-7f8b33402000 ---p 00018000 08:01 663308                     /lib/x86_64-linux-gnu/libpthread-2.24.so
7f8b33402000-7f8b33403000 r--p 00018000 08:01 663308                     /lib/x86_64-linux-gnu/libpthread-2.24.so
7f8b33403000-7f8b33404000 rw-p 00019000 08:01 663308                     /lib/x86_64-linux-gnu/libpthread-2.24.so
7f8b33404000-7f8b33408000 rw-p 00000000 00:00 0 
7f8b33408000-7f8b3342e000 r-xp 00000000 08:01 663288                     /lib/x86_64-linux-gnu/ld-2.24.so
7f8b3342e000-7f8b3342f000 r--s 00005000 08:01 791308                     /home/madunlap/.m2/repository/org/noggit/noggit/0.5/noggit-0.5.jar
7f8b3342f000-7f8b33500000 rw-p 00000000 00:00 0 
7f8b33500000-7f8b33503000 ---p 00000000 00:00 0 
7f8b33503000-7f8b33603000 rw-p 00000000 00:00 0 
7f8b33603000-7f8b33604000 r--s 00004000 08:01 791275                     /home/madunlap/.m2/repository/org/mindrot/jbcrypt/0.3m/jbcrypt-0.3m.jar
7f8b33604000-7f8b33609000 r--s 00023000 08:01 791711                     /home/madunlap/.m2/repository/org/apache/maven/surefire/surefire-api/2.10/surefire-api-2.10.jar
7f8b33609000-7f8b3360b000 r--s 00007000 08:01 791708                     /home/madunlap/.m2/repository/org/apache/maven/surefire/surefire-booter/2.10/surefire-booter-2.10.jar
7f8b3360b000-7f8b3360c000 r--s 00005000 08:01 3934776                    /home/madunlap/Documents/github/dataverse/target/surefire/surefirebooter3870180166311997042.jar
7f8b3360c000-7f8b33620000 rw-p 00000000 00:00 0 
7f8b33620000-7f8b33628000 rw-s 00000000 08:01 1585666                    /tmp/hsperfdata_madunlap/27317
7f8b33628000-7f8b33629000 rw-p 00000000 00:00 0 
7f8b33629000-7f8b3362a000 ---p 00000000 00:00 0 
7f8b3362a000-7f8b3362d000 rw-p 00000000 00:00 0 
7f8b3362d000-7f8b3362e000 r--p 00025000 08:01 663288                     /lib/x86_64-linux-gnu/ld-2.24.so
7f8b3362e000-7f8b3362f000 rw-p 00026000 08:01 663288                     /lib/x86_64-linux-gnu/ld-2.24.so
7f8b3362f000-7f8b33630000 rw-p 00000000 00:00 0 
7ffe4ee8c000-7ffe4eead000 rw-p 00000000 00:00 0                          [stack]
7ffe4efaa000-7ffe4efac000 r--p 00000000 00:00 0                          [vvar]
7ffe4efac000-7ffe4efae000 r-xp 00000000 00:00 0                          [vdso]
ffffffffff600000-ffffffffff601000 r-xp 00000000 00:00 0                  [vsyscall]

VM Arguments:
jvm_args: -javaagent:/home/madunlap/.m2/repository/org/jacoco/org.jacoco.agent/0.7.5.201505241946/org.jacoco.agent-0.7.5.201505241946-runtime.jar=destfile=/home/madunlap/Documents/github/dataverse/target/jacoco.exec 
java_command: /home/madunlap/Documents/github/dataverse/target/surefire/surefirebooter3870180166311997042.jar /home/madunlap/Documents/github/dataverse/target/surefire/surefire9116238051548974431tmp /home/madunlap/Documents/github/dataverse/target/surefire/surefire6374224148986949781tmp
java_class_path (initial): /home/madunlap/Documents/github/dataverse/target/surefire/surefirebooter3870180166311997042.jar:/home/madunlap/.m2/repository/org/jacoco/org.jacoco.agent/0.7.5.201505241946/org.jacoco.agent-0.7.5.201505241946-runtime.jar
Launcher Type: SUN_STANDARD

Environment Variables:
JAVA_HOME=/usr/lib/jvm/java-8-oracle
PATH=/usr/local/sbin:/usr/local/bin:/usr/sbin:/usr/bin:/sbin:/bin:/usr/games:/usr/local/games:/snap/bin:/usr/lib/jvm/java-8-oracle/bin:/usr/lib/jvm/java-8-oracle/db/bin:/usr/lib/jvm/java-8-oracle/jre/bin
LD_LIBRARY_PATH=/usr/lib/jvm/java-8-oracle/jre/lib/amd64:/usr/lib/jvm/java-8-oracle/jre/lib/i386:
SHELL=/bin/bash
DISPLAY=:0

Signal Handlers:
SIGSEGV: [libjvm.so+0xacba10], sa_mask[0]=11111111011111111101111111111110, sa_flags=SA_RESTART|SA_SIGINFO
SIGBUS: [libjvm.so+0xacba10], sa_mask[0]=11111111011111111101111111111110, sa_flags=SA_RESTART|SA_SIGINFO
SIGFPE: [libjvm.so+0x924ba0], sa_mask[0]=11111111011111111101111111111110, sa_flags=SA_RESTART|SA_SIGINFO
SIGPIPE: [libjvm.so+0x924ba0], sa_mask[0]=11111111011111111101111111111110, sa_flags=SA_RESTART|SA_SIGINFO
SIGXFSZ: [libjvm.so+0x924ba0], sa_mask[0]=11111111011111111101111111111110, sa_flags=SA_RESTART|SA_SIGINFO
SIGILL: [libjvm.so+0x924ba0], sa_mask[0]=11111111011111111101111111111110, sa_flags=SA_RESTART|SA_SIGINFO
SIGUSR1: SIG_DFL, sa_mask[0]=00000000000000000000000000000000, sa_flags=none
SIGUSR2: [libjvm.so+0x9263e0], sa_mask[0]=00100000000000000000000000000000, sa_flags=SA_RESTART|SA_SIGINFO
SIGHUP: [libjvm.so+0x9277e0], sa_mask[0]=11111111011111111101111111111110, sa_flags=SA_RESTART|SA_SIGINFO
SIGINT: SIG_IGN, sa_mask[0]=00000000000000000000000000000000, sa_flags=none
SIGTERM: [libjvm.so+0x9277e0], sa_mask[0]=11111111011111111101111111111110, sa_flags=SA_RESTART|SA_SIGINFO
SIGQUIT: [libjvm.so+0x9277e0], sa_mask[0]=11111111011111111101111111111110, sa_flags=SA_RESTART|SA_SIGINFO


---------------  S Y S T E M  ---------------

OS:DISTRIB_ID=Ubuntu
DISTRIB_RELEASE=17.04
DISTRIB_CODENAME=zesty
DISTRIB_DESCRIPTION="Ubuntu 17.04"

uname:Linux 4.10.0-35-generic #39-Ubuntu SMP Wed Sep 13 07:46:59 UTC 2017 x86_64
libc:glibc 2.24 NPTL 2.24 
rlimit: STACK 8192k, CORE 0k, NPROC 15602, NOFILE 1048576, AS infinity
load average:2.58 1.34 0.85

/proc/meminfo:
MemTotal:        4039880 kB
MemFree:          105388 kB
MemAvailable:      17188 kB
Buffers:            1644 kB
Cached:            43356 kB
SwapCached:        29108 kB
Active:          3082980 kB
Inactive:         625952 kB
Active(anon):    3073328 kB
Inactive(anon):   613528 kB
Active(file):       9652 kB
Inactive(file):    12424 kB
Unevictable:          32 kB
Mlocked:              32 kB
SwapTotal:       2097148 kB
SwapFree:            172 kB
Dirty:               144 kB
Writeback:             8 kB
AnonPages:       3635960 kB
Mapped:            37432 kB
Shmem:             22792 kB
Slab:              92844 kB
SReclaimable:      44772 kB
SUnreclaim:        48072 kB
KernelStack:       16096 kB
PageTables:        76188 kB
NFS_Unstable:          0 kB
Bounce:                0 kB
WritebackTmp:          0 kB
CommitLimit:     4117088 kB
Committed_AS:   11464192 kB
VmallocTotal:   34359738367 kB
VmallocUsed:           0 kB
VmallocChunk:          0 kB
HardwareCorrupted:     0 kB
AnonHugePages:    722944 kB
ShmemHugePages:        0 kB
ShmemPmdMapped:        0 kB
CmaTotal:              0 kB
CmaFree:               0 kB
HugePages_Total:       0
HugePages_Free:        0
HugePages_Rsvd:        0
HugePages_Surp:        0
Hugepagesize:       2048 kB
DirectMap4k:      126896 kB
DirectMap2M:     4067328 kB


CPU:total 2 (initial active 2) (2 cores per cpu, 1 threads per core) family 6 model 70 stepping 1, cmov, cx8, fxsr, mmx, sse, sse2, sse3, ssse3, sse4.1, sse4.2, popcnt, avx, avx2, aes, clmul, erms, lzcnt, tsc, tscinvbit, bmi1, bmi2

/proc/cpuinfo:
processor	: 0
vendor_id	: GenuineIntel
cpu family	: 6
model		: 70
model name	: Intel(R) Core(TM) i7-4870HQ CPU @ 2.50GHz
stepping	: 1
microcode	: 0x13
cpu MHz		: 2494.226
cache size	: 6144 KB
physical id	: 0
siblings	: 2
core id		: 0
cpu cores	: 2
apicid		: 0
initial apicid	: 0
fpu		: yes
fpu_exception	: yes
cpuid level	: 13
wp		: yes
flags		: fpu vme de pse tsc msr pae mce cx8 apic sep mtrr pge mca cmov pat pse36 clflush mmx fxsr sse sse2 ss ht syscall nx rdtscp lm constant_tsc nopl xtopology nonstop_tsc pni pclmulqdq ssse3 fma cx16 pcid sse4_1 sse4_2 x2apic movbe popcnt tsc_deadline_timer aes xsave avx f16c rdrand hypervisor lahf_lm abm fsgsbase tsc_adjust bmi1 avx2 smep bmi2 invpcid xsaveopt dtherm arat pln pts
bugs		:
bogomips	: 4988.45
clflush size	: 64
cache_alignment	: 64
address sizes	: 36 bits physical, 48 bits virtual
power management:

processor	: 1
vendor_id	: GenuineIntel
cpu family	: 6
model		: 70
model name	: Intel(R) Core(TM) i7-4870HQ CPU @ 2.50GHz
stepping	: 1
microcode	: 0x13
cpu MHz		: 2494.226
cache size	: 6144 KB
physical id	: 0
siblings	: 2
core id		: 1
cpu cores	: 2
apicid		: 1
initial apicid	: 1
fpu		: yes
fpu_exception	: yes
cpuid level	: 13
wp		: yes
flags		: fpu vme de pse tsc msr pae mce cx8 apic sep mtrr pge mca cmov pat pse36 clflush mmx fxsr sse sse2 ss ht syscall nx rdtscp lm constant_tsc nopl xtopology nonstop_tsc pni pclmulqdq ssse3 fma cx16 pcid sse4_1 sse4_2 x2apic movbe popcnt tsc_deadline_timer aes xsave avx f16c rdrand hypervisor lahf_lm abm fsgsbase tsc_adjust bmi1 avx2 smep bmi2 invpcid xsaveopt dtherm arat pln pts
bugs		:
bogomips	: 4988.45
clflush size	: 64
cache_alignment	: 64
address sizes	: 36 bits physical, 48 bits virtual
power management:



Memory: 4k page, physical 4039880k(105388k free), swap 2097148k(180k free)

vm_info: Java HotSpot(TM) 64-Bit Server VM (25.144-b01) for linux-amd64 JRE (1.8.0_144-b01), built on Jul 21 2017 21:57:33 by "java_re" with gcc 4.3.0 20080428 (Red Hat 4.3.0-8)

time: Tue Sep 19 15:49:35 2017
elapsed time: 3 seconds (0d 0h 0m 3s)

