#
# There is insufficient memory for the Java Runtime Environment to continue.
# Native memory allocation (mmap) failed to map 78643200 bytes for committing reserved memory.
# Possible reasons:
#   The system is out of physical RAM or swap space
#   In 32 bit mode, the process size limit was hit
# Possible solutions:
#   Reduce memory load on the system
#   Increase physical memory or swap space
#   Check if swap backing store is full
#   Use 64 bit Java on a 64 bit OS
#   Decrease Java heap size (-Xmx/-Xms)
#   Decrease number of Java threads
#   Decrease Java thread stack sizes (-Xss)
#   Set larger code cache with -XX:ReservedCodeCacheSize=
# This output file may be truncated or incomplete.
#
#  Out of Memory Error (os_linux.cpp:2640), pid=2968, tid=0x00007f1aec8a9700
#
# JRE version: Java(TM) SE Runtime Environment (8.0_144-b01) (build 1.8.0_144-b01)
# Java VM: Java HotSpot(TM) 64-Bit Server VM (25.144-b01 mixed mode linux-amd64 compressed oops)
# Failed to write core dump. Core dumps have been disabled. To enable core dumping, try "ulimit -c unlimited" before starting Java again
#

---------------  T H R E A D  ---------------

Current thread (0x00007f1b000fc000):  VMThread [stack: 0x00007f1aec7a9000,0x00007f1aec8aa000] [id=2972]

Stack: [0x00007f1aec7a9000,0x00007f1aec8aa000],  sp=0x00007f1aec8a8220,  free space=1020k
Native frames: (J=compiled Java code, j=interpreted, Vv=VM code, C=native code)
V  [libjvm.so+0xacb18a]  VMError::report_and_die()+0x2ba
V  [libjvm.so+0x4ff4db]  report_vm_out_of_memory(char const*, int, unsigned long, VMErrorType, char const*)+0x8b
V  [libjvm.so+0x927d23]  os::Linux::commit_memory_impl(char*, unsigned long, bool)+0x103
V  [libjvm.so+0x928279]  os::pd_commit_memory(char*, unsigned long, unsigned long, bool)+0x29
V  [libjvm.so+0x92249a]  os::commit_memory(char*, unsigned long, unsigned long, bool)+0x2a
V  [libjvm.so+0x996ff3]  PSVirtualSpace::expand_by(unsigned long)+0x53
V  [libjvm.so+0x9983f8]  PSYoungGen::resize_generation(unsigned long, unsigned long)+0xf8
V  [libjvm.so+0x997552]  PSYoungGen::resize(unsigned long, unsigned long)+0x22
V  [libjvm.so+0x99482b]  PSScavenge::invoke_no_policy()+0xf3b
V  [libjvm.so+0x994fb1]  PSScavenge::invoke()+0x41
V  [libjvm.so+0x94bce0]  ParallelScavengeHeap::failed_mem_allocate(unsigned long)+0x70
V  [libjvm.so+0xaccba7]  VM_ParallelGCFailedAllocation::doit()+0x97
V  [libjvm.so+0xad4685]  VM_Operation::evaluate()+0x55
V  [libjvm.so+0xad2a5a]  VMThread::evaluate_operation(VM_Operation*)+0xba
V  [libjvm.so+0xad2dde]  VMThread::loop()+0x1ce
V  [libjvm.so+0xad3250]  VMThread::run()+0x70
V  [libjvm.so+0x92a338]  java_start(Thread*)+0x108

VM_Operation (0x00007f1b0674b140): ParallelGCFailedAllocation, mode: safepoint, requested by thread 0x00007f1b0000b000


---------------  P R O C E S S  ---------------

Java Threads: ( => current thread )
  0x00007f1b00845800 JavaThread "Service Thread" daemon [_thread_blocked, id=2981, stack(0x00007f1ae4140000,0x00007f1ae4241000)]
  0x00007f1b00841000 JavaThread "C1 CompilerThread1" daemon [_thread_blocked, id=2980, stack(0x00007f1ae4241000,0x00007f1ae4342000)]
  0x00007f1b0082b000 JavaThread "C2 CompilerThread0" daemon [_thread_blocked, id=2979, stack(0x00007f1ae4342000,0x00007f1ae4443000)]
  0x00007f1b0013b800 JavaThread "Signal Dispatcher" daemon [_thread_blocked, id=2975, stack(0x00007f1aec1cb000,0x00007f1aec2cc000)]
  0x00007f1b00108000 JavaThread "Finalizer" daemon [_thread_blocked, id=2974, stack(0x00007f1aec5a7000,0x00007f1aec6a8000)]
  0x00007f1b00103800 JavaThread "Reference Handler" daemon [_thread_blocked, id=2973, stack(0x00007f1aec6a8000,0x00007f1aec7a9000)]
  0x00007f1b0000b000 JavaThread "main" [_thread_blocked, id=2969, stack(0x00007f1b0664e000,0x00007f1b0674f000)]

Other Threads:
=>0x00007f1b000fc000 VMThread [stack: 0x00007f1aec7a9000,0x00007f1aec8aa000] [id=2972]
  0x00007f1b008aa000 WatcherThread [stack: 0x00007f1ae403f000,0x00007f1ae4140000] [id=2982]

VM state:at safepoint (normal execution)

VM Mutex/Monitor currently owned by a thread:  ([mutex/lock_event])
[0x00007f1b000072e0] Threads_lock - owner thread: 0x00007f1b000fc000
[0x00007f1b000077e0] Heap_lock - owner thread: 0x00007f1b0000b000

Heap:
 PSYoungGen      total 131072K, used 1388K [0x00000000eb700000, 0x00000000f3c00000, 0x0000000100000000)
  eden space 125952K, 0% used [0x00000000eb700000,0x00000000eb700000,0x00000000f3200000)
  from space 5120K, 27% used [0x00000000f3200000,0x00000000f335b2b8,0x00000000f3700000)
  to   space 4608K, 0% used [0x00000000f3780000,0x00000000f3780000,0x00000000f3c00000)
 ParOldGen       total 42496K, used 4570K [0x00000000c2400000, 0x00000000c4d80000, 0x00000000eb700000)
  object space 42496K, 10% used [0x00000000c2400000,0x00000000c2876968,0x00000000c4d80000)
 Metaspace       used 15820K, capacity 16116K, committed 16384K, reserved 1064960K
  class space    used 1616K, capacity 1712K, committed 1792K, reserved 1048576K

Card table byte_map: [0x00007f1aefff6000,0x00007f1af01e5000] byte_map_base: 0x00007f1aef9e4000

Marking Bits: (ParMarkBitMap*) 0x00007f1b05b29dc0
 Begin Bits: [0x00007f1aeddca000, 0x00007f1aeed3a000)
 End Bits:   [0x00007f1aeed3a000, 0x00007f1aefcaa000)

Polling page: 0x00007f1b06777000

CodeCache: size=245760Kb used=6964Kb max_used=6977Kb free=238795Kb
 bounds [0x00007f1af05a5000, 0x00007f1af0c85000, 0x00007f1aff5a5000]
 total_blobs=2597 nmethods=2211 adapters=299
 compilation: enabled

Compilation events (10 events):
Event: 3.606 Thread 0x00007f1b00841000 2214       3       sun.text.normalizer.TrieIterator::calculateNextSupplementaryElement (421 bytes)
Event: 3.607 Thread 0x00007f1b00841000 nmethod 2214 0x00007f1af0c72410 code [0x00007f1af0c72680, 0x00007f1af0c73488]
Event: 3.607 Thread 0x00007f1b00841000 2215       3       sun.text.normalizer.UTF16::getLeadSurrogate (17 bytes)
Event: 3.607 Thread 0x00007f1b00841000 nmethod 2215 0x00007f1af0c6f2d0 code [0x00007f1af0c6f440, 0x00007f1af0c6f5d0]
Event: 3.608 Thread 0x00007f1b0082b000 2216       4       sun.text.normalizer.TrieIterator::setResult (17 bytes)
Event: 3.608 Thread 0x00007f1b0082b000 nmethod 2216 0x00007f1af0c6f090 code [0x00007f1af0c6f1e0, 0x00007f1af0c6f258]
Event: 3.608 Thread 0x00007f1b0082b000 2217       4       sun.text.normalizer.UTF16::getTrailSurrogate (19 bytes)
Event: 3.609 Thread 0x00007f1b0082b000 nmethod 2217 0x00007f1af0c74a10 code [0x00007f1af0c74b60, 0x00007f1af0c74bd8]
Event: 3.616 Thread 0x00007f1b0082b000 2218       4       sun.text.normalizer.TrieIterator::calculateNextSupplementaryElement (421 bytes)
Event: 3.626 Thread 0x00007f1b0082b000 nmethod 2218 0x00007f1af0c71210 code [0x00007f1af0c713e0, 0x00007f1af0c71c18]

GC Heap History (10 events):
Event: 1.412 GC heap after
Heap after GC invocations=4 (full 0):
 PSYoungGen      total 34304K, used 2075K [0x00000000eb700000, 0x00000000edb00000, 0x0000000100000000)
  eden space 31744K, 0% used [0x00000000eb700000,0x00000000eb700000,0x00000000ed600000)
  from space 2560K, 81% used [0x00000000ed880000,0x00000000eda86e08,0x00000000edb00000)
  to   space 2560K, 0% used [0x00000000ed600000,0x00000000ed600000,0x00000000ed880000)
 ParOldGen       total 42496K, used 134K [0x00000000c2400000, 0x00000000c4d80000, 0x00000000eb700000)
  object space 42496K, 0% used [0x00000000c2400000,0x00000000c24218f0,0x00000000c4d80000)
 Metaspace       used 7750K, capacity 7862K, committed 8064K, reserved 1056768K
  class space    used 786K, capacity 823K, committed 896K, reserved 1048576K
}
Event: 1.851 GC heap before
{Heap before GC invocations=5 (full 0):
 PSYoungGen      total 34304K, used 33819K [0x00000000eb700000, 0x00000000edb00000, 0x0000000100000000)
  eden space 31744K, 100% used [0x00000000eb700000,0x00000000ed600000,0x00000000ed600000)
  from space 2560K, 81% used [0x00000000ed880000,0x00000000eda86e08,0x00000000edb00000)
  to   space 2560K, 0% used [0x00000000ed600000,0x00000000ed600000,0x00000000ed880000)
 ParOldGen       total 42496K, used 134K [0x00000000c2400000, 0x00000000c4d80000, 0x00000000eb700000)
  object space 42496K, 0% used [0x00000000c2400000,0x00000000c24218f0,0x00000000c4d80000)
 Metaspace       used 10243K, capacity 10408K, committed 10624K, reserved 1058816K
  class space    used 1031K, capacity 1050K, committed 1152K, reserved 1048576K
Event: 1.862 GC heap after
Heap after GC invocations=5 (full 0):
 PSYoungGen      total 34304K, used 2551K [0x00000000eb700000, 0x00000000efc00000, 0x0000000100000000)
  eden space 31744K, 0% used [0x00000000eb700000,0x00000000eb700000,0x00000000ed600000)
  from space 2560K, 99% used [0x00000000ed600000,0x00000000ed87dd38,0x00000000ed880000)
  to   space 3584K, 0% used [0x00000000ef880000,0x00000000ef880000,0x00000000efc00000)
 ParOldGen       total 42496K, used 813K [0x00000000c2400000, 0x00000000c4d80000, 0x00000000eb700000)
  object space 42496K, 1% used [0x00000000c2400000,0x00000000c24cb490,0x00000000c4d80000)
 Metaspace       used 10243K, capacity 10408K, committed 10624K, reserved 1058816K
  class space    used 1031K, capacity 1050K, committed 1152K, reserved 1048576K
}
Event: 2.434 GC heap before
{Heap before GC invocations=6 (full 0):
 PSYoungGen      total 34304K, used 34295K [0x00000000eb700000, 0x00000000efc00000, 0x0000000100000000)
  eden space 31744K, 100% used [0x00000000eb700000,0x00000000ed600000,0x00000000ed600000)
  from space 2560K, 99% used [0x00000000ed600000,0x00000000ed87dd38,0x00000000ed880000)
  to   space 3584K, 0% used [0x00000000ef880000,0x00000000ef880000,0x00000000efc00000)
 ParOldGen       total 42496K, used 813K [0x00000000c2400000, 0x00000000c4d80000, 0x00000000eb700000)
  object space 42496K, 1% used [0x00000000c2400000,0x00000000c24cb490,0x00000000c4d80000)
 Metaspace       used 12628K, capacity 12892K, committed 13184K, reserved 1060864K
  class space    used 1245K, capacity 1324K, committed 1408K, reserved 1048576K
Event: 2.448 GC heap after
Heap after GC invocations=6 (full 0):
 PSYoungGen      total 66560K, used 3556K [0x00000000eb700000, 0x00000000efd00000, 0x0000000100000000)
  eden space 62976K, 0% used [0x00000000eb700000,0x00000000eb700000,0x00000000ef480000)
  from space 3584K, 99% used [0x00000000ef880000,0x00000000efbf9218,0x00000000efc00000)
  to   space 4096K, 0% used [0x00000000ef480000,0x00000000ef480000,0x00000000ef880000)
 ParOldGen       total 42496K, used 988K [0x00000000c2400000, 0x00000000c4d80000, 0x00000000eb700000)
  object space 42496K, 2% used [0x00000000c2400000,0x00000000c24f7210,0x00000000c4d80000)
 Metaspace       used 12628K, capacity 12892K, committed 13184K, reserved 1060864K
  class space    used 1245K, capacity 1324K, committed 1408K, reserved 1048576K
}
Event: 3.126 GC heap before
{Heap before GC invocations=7 (full 0):
 PSYoungGen      total 66560K, used 66532K [0x00000000eb700000, 0x00000000efd00000, 0x0000000100000000)
  eden space 62976K, 100% used [0x00000000eb700000,0x00000000ef480000,0x00000000ef480000)
  from space 3584K, 99% used [0x00000000ef880000,0x00000000efbf9218,0x00000000efc00000)
  to   space 4096K, 0% used [0x00000000ef480000,0x00000000ef480000,0x00000000ef880000)
 ParOldGen       total 42496K, used 988K [0x00000000c2400000, 0x00000000c4d80000, 0x00000000eb700000)
  object space 42496K, 2% used [0x00000000c2400000,0x00000000c24f7210,0x00000000c4d80000)
 Metaspace       used 14949K, capacity 15246K, committed 15488K, reserved 1062912K
  class space    used 1533K, capacity 1615K, committed 1664K, reserved 1048576K
Event: 3.135 GC heap after
Heap after GC invocations=7 (full 0):
 PSYoungGen      total 67072K, used 4079K [0x00000000eb700000, 0x00000000f3d00000, 0x0000000100000000)
  eden space 62976K, 0% used [0x00000000eb700000,0x00000000eb700000,0x00000000ef480000)
  from space 4096K, 99% used [0x00000000ef480000,0x00000000ef87bfe8,0x00000000ef880000)
  to   space 5632K, 0% used [0x00000000f3780000,0x00000000f3780000,0x00000000f3d00000)
 ParOldGen       total 42496K, used 2688K [0x00000000c2400000, 0x00000000c4d80000, 0x00000000eb700000)
  object space 42496K, 6% used [0x00000000c2400000,0x00000000c26a03d8,0x00000000c4d80000)
 Metaspace       used 14949K, capacity 15246K, committed 15488K, reserved 1062912K
  class space    used 1533K, capacity 1615K, committed 1664K, reserved 1048576K
}
Event: 3.538 GC heap before
{Heap before GC invocations=8 (full 0):
 PSYoungGen      total 67072K, used 67000K [0x00000000eb700000, 0x00000000f3d00000, 0x0000000100000000)
  eden space 62976K, 99% used [0x00000000eb700000,0x00000000ef472050,0x00000000ef480000)
  from space 4096K, 99% used [0x00000000ef480000,0x00000000ef87bfe8,0x00000000ef880000)
  to   space 5632K, 0% used [0x00000000f3780000,0x00000000f3780000,0x00000000f3d00000)
 ParOldGen       total 42496K, used 2688K [0x00000000c2400000, 0x00000000c4d80000, 0x00000000eb700000)
  object space 42496K, 6% used [0x00000000c2400000,0x00000000c26a03d8,0x00000000c4d80000)
 Metaspace       used 15820K, capacity 16116K, committed 16384K, reserved 1064960K
  class space    used 1616K, capacity 1712K, committed 1792K, reserved 1048576K
Event: 3.543 GC heap after
Heap after GC invocations=8 (full 0):
 PSYoungGen      total 130560K, used 3218K [0x00000000eb700000, 0x00000000f3c00000, 0x0000000100000000)
  eden space 125952K, 0% used [0x00000000eb700000,0x00000000eb700000,0x00000000f3200000)
  from space 4608K, 69% used [0x00000000f3780000,0x00000000f3aa4a70,0x00000000f3c00000)
  to   space 5120K, 0% used [0x00000000f3200000,0x00000000f3200000,0x00000000f3700000)
 ParOldGen       total 42496K, used 3016K [0x00000000c2400000, 0x00000000c4d80000, 0x00000000eb700000)
  object space 42496K, 7% used [0x00000000c2400000,0x00000000c26f23d8,0x00000000c4d80000)
 Metaspace       used 15820K, capacity 16116K, committed 16384K, reserved 1064960K
  class space    used 1616K, capacity 1712K, committed 1792K, reserved 1048576K
}
Event: 3.637 GC heap before
{Heap before GC invocations=9 (full 0):
 PSYoungGen      total 130560K, used 129036K [0x00000000eb700000, 0x00000000f3c00000, 0x0000000100000000)
  eden space 125952K, 99% used [0x00000000eb700000,0x00000000f31de830,0x00000000f3200000)
  from space 4608K, 69% used [0x00000000f3780000,0x00000000f3aa4a70,0x00000000f3c00000)
  to   space 5120K, 0% used [0x00000000f3200000,0x00000000f3200000,0x00000000f3700000)
 ParOldGen       total 42496K, used 3016K [0x00000000c2400000, 0x00000000c4d80000, 0x00000000eb700000)
  object space 42496K, 7% used [0x00000000c2400000,0x00000000c26f23d8,0x00000000c4d80000)
 Metaspace       used 15820K, capacity 16116K, committed 16384K, reserved 1064960K
  class space    used 1616K, capacity 1712K, committed 1792K, reserved 1048576K

Deoptimization events (10 events):
Event: 0.986 Thread 0x00007f1b0000b000 Uncommon trap: reason=unstable_if action=reinterpret pc=0x00007f1af07a2e7c method=org.jacoco.agent.rt.internal_b0d6a23.asm.ClassReader.readUTF(II[C)Ljava/lang/String; @ 77
Event: 0.986 Thread 0x00007f1b0000b000 Uncommon trap: reason=unstable_if action=reinterpret pc=0x00007f1af0777cc4 method=org.jacoco.agent.rt.internal_b0d6a23.asm.ClassReader.readUTF(II[C)Ljava/lang/String; @ 77
Event: 1.108 Thread 0x00007f1b0000b000 Uncommon trap: reason=unstable_if action=reinterpret pc=0x00007f1af08171d0 method=org.jacoco.agent.rt.internal_b0d6a23.asm.MethodVisitor.visitLineNumber(ILorg/jacoco/agent/rt/internal_b0d6a23/asm/Label;)V @ 4
Event: 1.199 Thread 0x00007f1b0000b000 Uncommon trap: reason=unstable_if action=reinterpret pc=0x00007f1af07d74d8 method=org.jacoco.agent.rt.internal_b0d6a23.asm.Item.isEqualTo(Lorg/jacoco/agent/rt/internal_b0d6a23/asm/Item;)Z @ 345
Event: 1.718 Thread 0x00007f1b0000b000 Uncommon trap: reason=unstable_if action=reinterpret pc=0x00007f1af0940e48 method=sun.misc.MetaIndex.mayContain(Ljava/lang/String;)Z @ 13
Event: 1.781 Thread 0x00007f1b0000b000 Uncommon trap: reason=null_check action=make_not_entrant pc=0x00007f1af06bef84 method=java.lang.String.equals(Ljava/lang/Object;)Z @ 8
Event: 2.707 Thread 0x00007f1b0000b000 Uncommon trap: reason=unloaded action=reinterpret pc=0x00007f1af0af46e0 method=org.jacoco.agent.rt.internal_b0d6a23.asm.ClassReader.readConst(I[C)Ljava/lang/Object; @ 97
Event: 3.089 Thread 0x00007f1b0000b000 Uncommon trap: reason=range_check action=make_not_entrant pc=0x00007f1af0bb2a00 method=sun.reflect.generics.parser.SignatureParser.current()C @ 34
Event: 3.467 Thread 0x00007f1b0000b000 Uncommon trap: reason=unstable_if action=reinterpret pc=0x00007f1af0b79144 method=java.util.ArrayList.remove(I)Ljava/lang/Object; @ 31
Event: 3.606 Thread 0x00007f1b0000b000 Uncommon trap: reason=unstable_if action=reinterpret pc=0x00007f1af0c741b4 method=sun.text.normalizer.TrieIterator.checkNullNextTrailIndex()Z @ 4

Internal exceptions (10 events):
Event: 3.444 Thread 0x00007f1b0000b000 Exception <a 'java/security/PrivilegedActionException'> (0x00000000ecce6b18) thrown at [/HUDSON3/workspace/8-2-build-linux-amd64/jdk8u144/9417/hotspot/src/share/vm/prims/jvm.cpp, line 1390]
Event: 3.444 Thread 0x00007f1b0000b000 Exception <a 'java/security/PrivilegedActionException'> (0x00000000ecce6f10) thrown at [/HUDSON3/workspace/8-2-build-linux-amd64/jdk8u144/9417/hotspot/src/share/vm/prims/jvm.cpp, line 1390]
Event: 3.447 Thread 0x00007f1b0000b000 Exception <a 'java/security/PrivilegedActionException'> (0x00000000ecd4ba40) thrown at [/HUDSON3/workspace/8-2-build-linux-amd64/jdk8u144/9417/hotspot/src/share/vm/prims/jvm.cpp, line 1390]
Event: 3.447 Thread 0x00007f1b0000b000 Exception <a 'java/security/PrivilegedActionException'> (0x00000000ecd4be38) thrown at [/HUDSON3/workspace/8-2-build-linux-amd64/jdk8u144/9417/hotspot/src/share/vm/prims/jvm.cpp, line 1390]
Event: 3.447 Thread 0x00007f1b0000b000 Exception <a 'java/security/PrivilegedActionException'> (0x00000000ecd4ffd0) thrown at [/HUDSON3/workspace/8-2-build-linux-amd64/jdk8u144/9417/hotspot/src/share/vm/prims/jvm.cpp, line 1390]
Event: 3.447 Thread 0x00007f1b0000b000 Exception <a 'java/security/PrivilegedActionException'> (0x00000000ecd503c8) thrown at [/HUDSON3/workspace/8-2-build-linux-amd64/jdk8u144/9417/hotspot/src/share/vm/prims/jvm.cpp, line 1390]
Event: 3.447 Thread 0x00007f1b0000b000 Exception <a 'java/security/PrivilegedActionException'> (0x00000000ecd619f0) thrown at [/HUDSON3/workspace/8-2-build-linux-amd64/jdk8u144/9417/hotspot/src/share/vm/prims/jvm.cpp, line 1390]
Event: 3.447 Thread 0x00007f1b0000b000 Exception <a 'java/security/PrivilegedActionException'> (0x00000000ecd61de8) thrown at [/HUDSON3/workspace/8-2-build-linux-amd64/jdk8u144/9417/hotspot/src/share/vm/prims/jvm.cpp, line 1390]
Event: 3.447 Thread 0x00007f1b0000b000 Exception <a 'java/security/PrivilegedActionException'> (0x00000000ecd65f80) thrown at [/HUDSON3/workspace/8-2-build-linux-amd64/jdk8u144/9417/hotspot/src/share/vm/prims/jvm.cpp, line 1390]
Event: 3.447 Thread 0x00007f1b0000b000 Exception <a 'java/security/PrivilegedActionException'> (0x00000000ecd66378) thrown at [/HUDSON3/workspace/8-2-build-linux-amd64/jdk8u144/9417/hotspot/src/share/vm/prims/jvm.cpp, line 1390]

Events (10 events):
Event: 3.517 loading class sun/text/normalizer/RangeValueIterator$Element
Event: 3.517 loading class sun/text/normalizer/RangeValueIterator$Element done
Event: 3.538 Executing VM operation: ParallelGCFailedAllocation
Event: 3.543 Executing VM operation: ParallelGCFailedAllocation done
Event: 3.578 Thread 0x00007f1b0000b000 DEOPT PACKING pc=0x00007f1af0c615d1 sp=0x00007f1b0674b260
Event: 3.578 Thread 0x00007f1b0000b000 DEOPT UNPACKING pc=0x00007f1af05ec633 sp=0x00007f1b0674aff0 mode 0
Event: 3.606 Thread 0x00007f1b0000b000 Uncommon trap: trap_request=0xffffff65 fr.pc=0x00007f1af0c741b4
Event: 3.606 Thread 0x00007f1b0000b000 DEOPT PACKING pc=0x00007f1af0c741b4 sp=0x00007f1b0674b220
Event: 3.606 Thread 0x00007f1b0000b000 DEOPT UNPACKING pc=0x00007f1af05aa229 sp=0x00007f1b0674b180 mode 2
Event: 3.637 Executing VM operation: ParallelGCFailedAllocation


Dynamic libraries:
00400000-00401000 r-xp 00000000 08:01 2106691                            /usr/lib/jvm/java-8-oracle/jre/bin/java
00600000-00601000 rw-p 00000000 08:01 2106691                            /usr/lib/jvm/java-8-oracle/jre/bin/java
020fd000-0211e000 rw-p 00000000 00:00 0                                  [heap]
c2400000-c4d80000 rw-p 00000000 00:00 0 
c4d80000-eb700000 ---p 00000000 00:00 0 
eb700000-f3c00000 rw-p 00000000 00:00 0 
f8700000-100000000 ---p 00000000 00:00 0 
100000000-1001c0000 rw-p 00000000 00:00 0 
1001c0000-140000000 ---p 00000000 00:00 0 
7f1abf5c3000-7f1abf603000 rw-p 00000000 00:00 0 
7f1abf603000-7f1abf7c3000 ---p 00000000 00:00 0 
7f1abf7c3000-7f1abf7df000 r--s 00393000 08:01 2106535                    /usr/lib/jvm/java-8-oracle/jre/lib/ext/cldrdata.jar
7f1abf7df000-7f1abf7e9000 r--s 00116000 08:01 2106532                    /usr/lib/jvm/java-8-oracle/jre/lib/ext/localedata.jar
7f1abf7e9000-7f1abf9e9000 rw-p 00000000 00:00 0 
7f1abf9e9000-7f1abf9fc000 r--s 00345000 08:01 1976712                    /usr/lib/jvm/java-8-oracle/jre/lib/resources.jar
7f1abf9fc000-7f1abfbfc000 rw-p 00000000 00:00 0 
7f1abfc00000-7f1abfe00000 rw-p 00000000 00:00 0 
7f1abfe00000-7f1abfe02000 r--s 00007000 08:01 791719                     /home/madunlap/.m2/repository/org/apache/maven/surefire/surefire-junit4/2.10/surefire-junit4-2.10.jar
7f1abfe02000-7f1abfe04000 r--s 0000b000 08:01 921145                     /home/madunlap/.m2/repository/org/json/json/20160212/json-20160212.jar
7f1abfe04000-7f1abfe06000 r--s 00009000 08:01 921147                     /home/madunlap/.m2/repository/com/mashape/unirest/unirest-java/1.4.9/unirest-java-1.4.9.jar
7f1abfe06000-7f1abfe08000 r--s 0000e000 08:01 921141                     /home/madunlap/.m2/repository/org/jvnet/mimepull/mimepull/1.9.6/mimepull-1.9.6.jar
7f1abfe08000-7f1abfe0b000 r--s 0000e000 08:01 921143                     /home/madunlap/.m2/repository/org/glassfish/jersey/media/jersey-media-multipart/2.23.2/jersey-media-multipart-2.23.2.jar
7f1abfe0b000-7f1abfe0f000 r--s 00019000 08:01 921137                     /home/madunlap/.m2/repository/javax/ws/rs/javax.ws.rs-api/2.0.1/javax.ws.rs-api-2.0.1.jar
7f1abfe0f000-7f1abfe11000 r--s 00010000 08:01 921134                     /home/madunlap/.m2/repository/org/glassfish/jersey/media/jersey-media-jaxb/2.23.2/jersey-media-jaxb-2.23.2.jar
7f1abfe11000-7f1abfe16000 r--s 00025000 08:01 921138                     /home/madunlap/.m2/repository/org/glassfish/jersey/core/jersey-client/2.23.2/jersey-client-2.23.2.jar
7f1abfe16000-7f1abfe2c000 r--s 000d3000 08:01 921133                     /home/madunlap/.m2/repository/org/glassfish/jersey/core/jersey-server/2.23.2/jersey-server-2.23.2.jar
7f1abfe2c000-7f1abfe2d000 r--s 00004000 08:01 921129                     /home/madunlap/.m2/repository/org/glassfish/hk2/osgi-resource-locator/1.0.1/osgi-resource-locator-1.0.1.jar
7f1abfe2d000-7f1abfe37000 r--s 000ae000 08:01 921127                     /home/madunlap/.m2/repository/org/javassist/javassist/3.20.0-GA/javassist-3.20.0-GA.jar
7f1abfe37000-7f1abfe3a000 r--s 0002a000 08:01 921123                     /home/madunlap/.m2/repository/org/glassfish/hk2/hk2-locator/2.5.0-b05/hk2-locator-2.5.0-b05.jar
7f1abfe3a000-7f1abfe3c000 r--s 00002000 08:01 921128                     /home/madunlap/.m2/repository/org/glassfish/hk2/external/aopalliance-repackaged/2.5.0-b05/aopalliance-repackaged-2.5.0-b05.jar
7f1abfe3c000-7f1abfe40000 r--s 0001a000 08:01 921125                     /home/madunlap/.m2/repository/org/glassfish/hk2/hk2-utils/2.5.0-b05/hk2-utils-2.5.0-b05.jar
7f1abfe40000-7f1abfe45000 r--s 00027000 08:01 921118                     /home/madunlap/.m2/repository/org/glassfish/hk2/hk2-api/2.5.0-b05/hk2-api-2.5.0-b05.jar
7f1abfe45000-7f1abfe5d000 r--s 000d6000 08:01 921120                     /home/madunlap/.m2/repository/org/glassfish/jersey/bundles/repackaged/jersey-guava/2.23.2/jersey-guava-2.23.2.jar
7f1abfe5d000-7f1abfe5f000 r--s 00005000 08:01 921116                     /home/madunlap/.m2/repository/javax/annotation/javax.annotation-api/1.2/javax.annotation-api-1.2.jar
7f1abfe5f000-7f1abfe6e000 r--s 000a0000 08:01 921111                     /home/madunlap/.m2/repository/org/glassfish/jersey/core/jersey-common/2.23.2/jersey-common-2.23.2.jar
7f1abfe6e000-7f1abfe6f000 r--s 00001000 08:01 921113                     /home/madunlap/.m2/repository/org/glassfish/hk2/external/javax.inject/2.5.0-b05/javax.inject-2.5.0-b05.jar
7f1abfe6f000-7f1abfe72000 r--s 0000e000 08:01 921110                     /home/madunlap/.m2/repository/org/glassfish/jersey/containers/jersey-container-servlet-core/2.23.2/jersey-container-servlet-core-2.23.2.jar
7f1abfe72000-7f1abfe74000 r--s 00003000 08:01 921107                     /home/madunlap/.m2/repository/org/glassfish/jersey/containers/jersey-container-servlet/2.23.2/jersey-container-servlet-2.23.2.jar
7f1abfe74000-7f1abfe76000 r--s 00008000 08:01 921112                     /home/madunlap/.m2/repository/com/google/auto/auto-common/0.3/auto-common-0.3.jar
7f1abfe76000-7f1abfe77000 r--s 00002000 08:01 921105                     /home/madunlap/.m2/repository/com/google/auto/service/auto-service/1.0-rc2/auto-service-1.0-rc2.jar
7f1abfe77000-7f1abfe79000 r--s 0000c000 08:01 921153                     /home/madunlap/.m2/repository/com/lyncode/xoai-service-provider/4.1.0-header-patch/xoai-service-provider-4.1.0-header-patch.jar
7f1abfe79000-7f1abfe7a000 r--s 00001000 08:01 921104                     /home/madunlap/.m2/repository/com/lyncode/builder-commons/1.0.2/builder-commons-1.0.2.jar
7f1abfe7a000-7f1abfe7d000 r--s 00012000 08:01 921152                     /home/madunlap/.m2/repository/com/lyncode/xoai-data-provider/4.1.0-header-patch/xoai-data-provider-4.1.0-header-patch.jar
7f1abfe7d000-7f1abfe7f000 r--s 00005000 08:01 791390                     /home/madunlap/.m2/repository/stax/stax-api/1.0.1/stax-api-1.0.1.jar
7f1abfe7f000-7f1abfe85000 r--s 00048000 08:01 921101                     /home/madunlap/.m2/repository/org/apache/commons/commons-lang3/3.1/commons-lang3-3.1.jar
7f1abfe85000-7f1abfe87000 r--s 00004000 08:01 921097                     /home/madunlap/.m2/repository/javax/xml/stream/stax-api/1.0-2/stax-api-1.0-2.jar
7f1abfe87000-7f1abfe8b000 r--s 00029000 08:01 921098                     /home/madunlap/.m2/repository/org/codehaus/woodstox/stax2-api/3.0.4/stax2-api-3.0.4.jar
7f1abfe8b000-7f1abfe91000 r--s 00045000 08:01 921095                     /home/madunlap/.m2/repository/org/hamcrest/hamcrest-all/1.3/hamcrest-all-1.3.jar
7f1abfe91000-7f1abfe96000 r--s 00016000 08:01 791388                     /home/madunlap/.m2/repository/xml-apis/xml-apis/1.0.b2/xml-apis-1.0.b2.jar
7f1abfe96000-7f1abfe97000 r--s 00003000 08:01 921092                     /home/madunlap/.m2/repository/com/lyncode/test-support/1.0.4/test-support-1.0.4.jar
7f1abfe97000-7f1abfe99000 r--s 00004000 08:01 921090                     /home/madunlap/.m2/repository/com/lyncode/xml-io/1.0.3/xml-io-1.0.3.jar
7f1abfe99000-7f1abfe9b000 r--s 0000d000 08:01 921151                     /home/madunlap/.m2/repository/com/lyncode/xoai-common/4.1.0-header-patch/xoai-common-4.1.0-header-patch.jar
7f1abfe9b000-7f1abfe9e000 r--s 00011000 08:01 921088                     /home/madunlap/.m2/repository/com/github/scribejava/scribejava-core/3.1.0/scribejava-core-3.1.0.jar
7f1abfe9e000-7f1abfea1000 r--s 00010000 08:01 921084                     /home/madunlap/.m2/repository/com/github/scribejava/scribejava-apis/3.1.0/scribejava-apis-3.1.0.jar
7f1abfea1000-7f1abfeaa000 r--s 0006f000 08:01 921083                     /home/madunlap/.m2/repository/log4j/log4j/1.2.17/log4j-1.2.17.jar
7f1abfeaa000-7f1abff81000 r--s 007aa000 08:01 921093                     /home/madunlap/.m2/repository/net/sf/ehcache/ehcache/2.10.1/ehcache-2.10.1.jar
7f1abff81000-7f1abff83000 r--s 00008000 08:01 921082                     /home/madunlap/.m2/repository/org/apache/commons/commons-csv/1.2/commons-csv-1.2.jar
7f1abff83000-7f1abff87000 r--s 00035000 08:01 921081                     /home/madunlap/.m2/repository/com/fasterxml/jackson/core/jackson-core/2.5.3/jackson-core-2.5.3.jar
7f1abff87000-7f1abff89000 r--s 00008000 08:01 921075                     /home/madunlap/.m2/repository/com/fasterxml/jackson/core/jackson-annotations/2.5.0/jackson-annotations-2.5.0.jar
7f1abff89000-7f1abff9b000 r--s 00106000 08:01 921073                     /home/madunlap/.m2/repository/com/fasterxml/jackson/core/jackson-databind/2.5.3/jackson-databind-2.5.3.jar
7f1abff9b000-7f1abff9e000 r--s 00006000 08:01 921070                     /home/madunlap/.m2/repository/com/google/code/findbugs/jsr305/1.3.9/jsr305-1.3.9.jar
7f1abff9e000-7f1abffa4000 r--s 00040000 08:01 921074                     /home/madunlap/.m2/repository/com/google/http-client/google-http-client/1.20.0/google-http-client-1.20.0.jar
7f1abffa4000-7f1abffa5000 r--s 00004000 08:01 921066                     /home/madunlap/.m2/repository/com/maxmind/db/maxmind-db/1.0.0/maxmind-db-1.0.0.jar
7f1abffa5000-7f1abffa7000 r--s 00007000 08:01 921064                     /home/madunlap/.m2/repository/com/maxmind/geoip2/geoip2/2.3.1/geoip2-2.3.1.jar
7f1abffa7000-7f1abffa9000 r--s 00003000 08:01 921062                     /home/madunlap/.m2/repository/org/slf4j/jcl-over-slf4j/1.7.2/jcl-over-slf4j-1.7.2.jar
7f1abffa9000-7f1abffad000 r--s 00034000 08:01 921067                     /home/madunlap/.m2/repository/org/codehaus/jackson/jackson-core-asl/1.9.7/jackson-core-asl-1.9.7.jar
7f1abffad000-7f1abffbc000 r--s 000b0000 08:01 921065                     /home/madunlap/.m2/repository/org/codehaus/jackson/jackson-mapper-asl/1.9.7/jackson-mapper-asl-1.9.7.jar
7f1abffbc000-7f1abffc6000 r--s 0003d000 08:01 921060                     /home/madunlap/.m2/repository/org/javaswift/joss/0.9.10/joss-0.9.10.jar
7f1abffc6000-7f1abffcd000 r--s 0003a000 08:01 921056                     /home/madunlap/.m2/repository/commons-codec/commons-codec/1.9/commons-codec-1.9.jar
7f1abffcd000-7f1abffd4000 r--s 00048000 08:01 921054                     /home/madunlap/.m2/repository/org/apache/httpcomponents/httpcore/4.4.1/httpcore-4.4.1.jar
7f1abffd4000-7f1abffe1000 r--s 000a4000 08:01 921052                     /home/madunlap/.m2/repository/org/apache/httpcomponents/httpclient/4.4.1/httpclient-4.4.1.jar
7f1abffe1000-7f1abffe5000 r--s 00028000 08:01 921050                     /home/madunlap/.m2/repository/org/apache/httpcomponents/httpasyncclient/4.1/httpasyncclient-4.1.jar
7f1abffe5000-7f1abffec000 r--s 00050000 08:01 921049                     /home/madunlap/.m2/repository/org/apache/httpcomponents/httpcore-nio/4.4.1/httpcore-nio-4.4.1.jar
7f1abffec000-7f1ac0000000 r--s 00173000 08:01 921038                     /home/madunlap/.m2/repository/axis/axis/1.4/axis-1.4.jar
7f1ac0000000-7f1ac0021000 rw-p 00000000 00:00 0 
7f1ac0021000-7f1ac4000000 ---p 00000000 00:00 0 
7f1ac4000000-7f1ac4021000 rw-p 00000000 00:00 0 
7f1ac4021000-7f1ac8000000 ---p 00000000 00:00 0 
7f1ac8000000-7f1ac91aa000 rw-p 00000000 00:00 0 
7f1ac91aa000-7f1acc000000 ---p 00000000 00:00 0 
7f1acc000000-7f1acd0f7000 rw-p 00000000 00:00 0 
7f1acd0f7000-7f1ad0000000 ---p 00000000 00:00 0 
7f1ad0000000-7f1ad0021000 rw-p 00000000 00:00 0 
7f1ad0021000-7f1ad4000000 ---p 00000000 00:00 0 
7f1ad4000000-7f1ad4021000 rw-p 00000000 00:00 0 
7f1ad4021000-7f1ad8000000 ---p 00000000 00:00 0 
7f1ad8000000-7f1ad828e000 rw-p 00000000 00:00 0 
7f1ad828e000-7f1adc000000 ---p 00000000 00:00 0 
7f1adc000000-7f1adc021000 rw-p 00000000 00:00 0 
7f1adc021000-7f1ae0000000 ---p 00000000 00:00 0 
7f1ae0000000-7f1ae0021000 rw-p 00000000 00:00 0 
7f1ae0021000-7f1ae4000000 ---p 00000000 00:00 0 
7f1ae4000000-7f1ae4006000 r--s 00033000 08:01 921046                     /home/madunlap/.m2/repository/io/searchbox/jest-common/0.1.7/jest-common-0.1.7.jar
7f1ae4006000-7f1ae4007000 r--s 00004000 08:01 921045                     /home/madunlap/.m2/repository/io/searchbox/jest/0.1.7/jest-0.1.7.jar
7f1ae4007000-7f1ae400a000 r--s 0000f000 08:01 921042                     /home/madunlap/.m2/repository/commons-discovery/commons-discovery/0.2/commons-discovery-0.2.jar
7f1ae400a000-7f1ae400d000 r--s 0001c000 08:01 921043                     /home/madunlap/.m2/repository/axis/axis-wsdl4j/1.5.1/axis-wsdl4j-1.5.1.jar
7f1ae400d000-7f1ae400e000 r--s 00004000 08:01 921039                     /home/madunlap/.m2/repository/org/apache/axis/axis-saaj/1.4/axis-saaj-1.4.jar
7f1ae400e000-7f1ae4010000 r--s 00006000 08:01 921036                     /home/madunlap/.m2/repository/org/apache/axis/axis-jaxrpc/1.4/axis-jaxrpc-1.4.jar
7f1ae4010000-7f1ae4012000 r--s 00009000 08:01 921034                     /home/madunlap/.m2/repository/org/objenesis/objenesis/2.1/objenesis-2.1.jar
7f1ae4012000-7f1ae402e000 r--s 00103000 08:01 921030                     /home/madunlap/.m2/repository/org/mockito/mockito-core/1.10.19/mockito-core-1.10.19.jar
7f1ae402e000-7f1ae4030000 r--s 00001000 08:01 921031                     /home/madunlap/.m2/repository/org/slf4j/slf4j-log4j12/1.7.7/slf4j-log4j12-1.7.7.jar
7f1ae4030000-7f1ae4032000 r--s 00006000 08:01 791385                     /home/madunlap/.m2/repository/org/slf4j/slf4j-api/1.7.7/slf4j-api-1.7.7.jar
7f1ae4032000-7f1ae4036000 r--s 0001f000 08:01 921028                     /home/madunlap/.m2/repository/org/jacoco/org.jacoco.report/0.7.5.201505241946/org.jacoco.report-0.7.5.201505241946.jar
7f1ae4036000-7f1ae403b000 r--s 00058000 08:01 921027                     /home/madunlap/.m2/repository/org/ow2/asm/asm-debug-all/5.0.1/asm-debug-all-5.0.1.jar
7f1ae403b000-7f1ae403f000 r--s 0001d000 08:01 791383                     /home/madunlap/.m2/repository/org/jacoco/org.jacoco.core/0.7.5.201505241946/org.jacoco.core-0.7.5.201505241946.jar
7f1ae403f000-7f1ae4040000 ---p 00000000 00:00 0 
7f1ae4040000-7f1ae4140000 rw-p 00000000 00:00 0 
7f1ae4140000-7f1ae4143000 ---p 00000000 00:00 0 
7f1ae4143000-7f1ae4241000 rw-p 00000000 00:00 0 
7f1ae4241000-7f1ae4244000 ---p 00000000 00:00 0 
7f1ae4244000-7f1ae4342000 rw-p 00000000 00:00 0 
7f1ae4342000-7f1ae4345000 ---p 00000000 00:00 0 
7f1ae4345000-7f1ae4443000 rw-p 00000000 00:00 0 
7f1ae4443000-7f1ae4454000 r-xp 00000000 08:01 2106483                    /usr/lib/jvm/java-8-oracle/jre/lib/amd64/libnio.so
7f1ae4454000-7f1ae4653000 ---p 00011000 08:01 2106483                    /usr/lib/jvm/java-8-oracle/jre/lib/amd64/libnio.so
7f1ae4653000-7f1ae4654000 rw-p 00010000 08:01 2106483                    /usr/lib/jvm/java-8-oracle/jre/lib/amd64/libnio.so
7f1ae4654000-7f1ae7655000 rw-p 00000000 00:00 0 
7f1ae7655000-7f1ae766b000 r-xp 00000000 08:01 2106458                    /usr/lib/jvm/java-8-oracle/jre/lib/amd64/libnet.so
7f1ae766b000-7f1ae786b000 ---p 00016000 08:01 2106458                    /usr/lib/jvm/java-8-oracle/jre/lib/amd64/libnet.so
7f1ae786b000-7f1ae786c000 rw-p 00016000 08:01 2106458                    /usr/lib/jvm/java-8-oracle/jre/lib/amd64/libnet.so
7f1ae786c000-7f1ae786f000 r--s 0001a000 08:01 1976716                    /usr/lib/jvm/java-8-oracle/jre/lib/jce.jar
7f1ae786f000-7f1ae7874000 r--s 0009a000 08:01 1976643                    /usr/lib/jvm/java-8-oracle/jre/lib/jsse.jar
7f1ae7874000-7f1ae787a000 r--s 00041000 08:01 661360                     /home/madunlap/.m2/repository/org/jacoco/org.jacoco.agent/0.7.5.201505241946/org.jacoco.agent-0.7.5.201505241946-runtime.jar
7f1ae787a000-7f1ae787c000 r--s 0000e000 08:01 921023                     /home/madunlap/.m2/repository/oro/oro/2.0.8/oro-2.0.8.jar
7f1ae787c000-7f1ae7884000 r--s 00058000 08:01 921019                     /home/madunlap/.m2/repository/org/apache/velocity/velocity/1.5/velocity-1.5.jar
7f1ae7884000-7f1ae7885000 r--s 00001000 08:01 921022                     /home/madunlap/.m2/repository/org/codehaus/plexus/plexus-velocity/1.1.7/plexus-velocity-1.1.7.jar
7f1ae7885000-7f1ae7886000 r--s 00002000 08:01 921017                     /home/madunlap/.m2/repository/org/codehaus/plexus/plexus-i18n/1.0-beta-7/plexus-i18n-1.0-beta-7.jar
7f1ae7886000-7f1ae7888000 r--s 00008000 08:01 921015                     /home/madunlap/.m2/repository/org/apache/maven/doxia/doxia-module-fml/1.1.2/doxia-module-fml-1.1.2.jar
7f1ae7888000-7f1ae7889000 r--s 00003000 08:01 921016                     /home/madunlap/.m2/repository/org/apache/maven/doxia/doxia-module-xhtml/1.1.2/doxia-module-xhtml-1.1.2.jar
7f1ae7889000-7f1ae788b000 r--s 0000b000 08:01 921011                     /home/madunlap/.m2/repository/org/apache/maven/doxia/doxia-decoration-model/1.1.2/doxia-decoration-model-1.1.2.jar
7f1ae788b000-7f1ae788d000 r--s 0000b000 08:01 921008                     /home/madunlap/.m2/repository/org/apache/maven/doxia/doxia-site-renderer/1.1.2/doxia-site-renderer-1.1.2.jar
7f1ae788d000-7f1ae7891000 r--s 00023000 08:01 921010                     /home/madunlap/.m2/repository/org/apache/maven/doxia/doxia-core/1.1.2/doxia-core-1.1.2.jar
7f1ae7891000-7f1ae7893000 r--s 00003000 08:01 921007                     /home/madunlap/.m2/repository/org/apache/maven/reporting/maven-reporting-impl/2.1/maven-reporting-impl-2.1.jar
7f1ae7893000-7f1ae7894000 r--s 00002000 08:01 921004                     /home/madunlap/.m2/repository/org/apache/maven/doxia/doxia-logging-api/1.1/doxia-logging-api-1.1.jar
7f1ae7894000-7f1ae7896000 r--s 00002000 08:01 921001                     /home/madunlap/.m2/repository/org/apache/maven/doxia/doxia-sink-api/1.1/doxia-sink-api-1.1.jar
7f1ae7896000-7f1ae7897000 r--s 00002000 08:01 920999                     /home/madunlap/.m2/repository/org/apache/maven/reporting/maven-reporting-api/2.2.1/maven-reporting-api-2.2.1.jar
7f1ae7897000-7f1ae7899000 r--s 00008000 08:01 920995                     /home/madunlap/.m2/repository/org/apache/maven/shared/maven-shared-io/1.1/maven-shared-io-1.1.jar
7f1ae7899000-7f1ae789b000 r--s 00008000 08:01 920998                     /home/madunlap/.m2/repository/org/apache/maven/shared/file-management/1.2.1/file-management-1.2.1.jar
7f1ae789b000-7f1ae78a0000 r--s 00039000 08:01 920997                     /home/madunlap/.m2/repository/org/codehaus/plexus/plexus-utils/1.5.6/plexus-utils-1.5.6.jar
7f1ae78a0000-7f1ae78a2000 r--s 00008000 08:01 920991                     /home/madunlap/.m2/repository/classworlds/classworlds/1.1-alpha-2/classworlds-1.1-alpha-2.jar
7f1ae78a2000-7f1ae78a9000 r--s 00029000 08:01 920988                     /home/madunlap/.m2/repository/org/codehaus/plexus/plexus-container-default/1.0-alpha-9-stable-1/plexus-container-default-1.0-alpha-9-stable-1.jar
7f1ae78a9000-7f1ae78ac000 r--s 00011000 08:01 920989                     /home/madunlap/.m2/repository/org/apache/maven/maven-artifact/2.2.1/maven-artifact-2.2.1.jar
7f1ae78ac000-7f1ae78ae000 r--s 0000b000 08:01 920985                     /home/madunlap/.m2/repository/org/codehaus/plexus/plexus-interpolation/1.11/plexus-interpolation-1.11.jar
7f1ae78ae000-7f1ae78b0000 r--s 00006000 08:01 920982                     /home/madunlap/.m2/repository/org/apache/maven/maven-plugin-registry/2.2.1/maven-plugin-registry-2.2.1.jar
7f1ae78b0000-7f1ae78b8000 r--s 00049000 08:01 920984                     /home/madunlap/.m2/repository/backport-util-concurrent/backport-util-concurrent/3.1/backport-util-concurrent-3.1.jar
7f1ae78b8000-7f1ae78ba000 r--s 0000b000 08:01 920978                     /home/madunlap/.m2/repository/org/apache/maven/wagon/wagon-provider-api/1.0-beta-6/wagon-provider-api-1.0-beta-6.jar
7f1ae78ba000-7f1ae78bc000 r--s 00005000 08:01 920980                     /home/madunlap/.m2/repository/org/apache/maven/maven-repository-metadata/2.2.1/maven-repository-metadata-2.2.1.jar
7f1ae78bc000-7f1ae78be000 r--s 0000f000 08:01 920975                     /home/madunlap/.m2/repository/org/apache/maven/maven-artifact-manager/2.2.1/maven-artifact-manager-2.2.1.jar
7f1ae78be000-7f1ae78c0000 r--s 00014000 08:01 920971                     /home/madunlap/.m2/repository/org/apache/maven/maven-model/2.2.1/maven-model-2.2.1.jar
7f1ae78c0000-7f1ae78c2000 r--s 00007000 08:01 920969                     /home/madunlap/.m2/repository/org/apache/maven/maven-profile/2.2.1/maven-profile-2.2.1.jar
7f1ae78c2000-7f1ae78c3000 r--s 0000b000 08:01 920972                     /home/madunlap/.m2/repository/org/apache/maven/maven-settings/2.2.1/maven-settings-2.2.1.jar
7f1ae78c3000-7f1ae78c7000 r--s 00023000 08:01 920973                     /home/madunlap/.m2/repository/org/apache/maven/maven-project/2.2.1/maven-project-2.2.1.jar
7f1ae78c7000-7f1ae78c9000 r--s 00002000 08:01 661356                     /home/madunlap/.m2/repository/org/apache/maven/maven-plugin-api/2.2.1/maven-plugin-api-2.2.1.jar
7f1ae78c9000-7f1ae78cb000 r--s 0000b000 08:01 660606                     /home/madunlap/.m2/repository/org/jacoco/jacoco-maven-plugin/0.7.5.201505241946/jacoco-maven-plugin-0.7.5.201505241946.jar
7f1ae78cb000-7f1ae78cd000 r--s 00013000 08:01 791380                     /home/madunlap/.m2/repository/com/jayway/restassured/xml-path/2.4.0/xml-path-2.4.0.jar
7f1ae78cd000-7f1ae78cf000 r--s 00007000 08:01 791379                     /home/madunlap/.m2/repository/com/jayway/restassured/rest-assured-common/2.4.0/rest-assured-common-2.4.0.jar
7f1ae78cf000-7f1ae78d1000 r--s 0001e000 08:01 661355                     /home/madunlap/.m2/repository/org/codehaus/groovy/groovy-json/2.3.7/groovy-json-2.3.7.jar
7f1ae78d1000-7f1ae78d3000 r--s 0000d000 08:01 791376                     /home/madunlap/.m2/repository/com/jayway/restassured/json-path/2.4.0/json-path-2.4.0.jar
7f1ae78d3000-7f1ae78d5000 r--s 00015000 08:01 791373                     /home/madunlap/.m2/repository/org/ccil/cowan/tagsoup/tagsoup/1.2.1/tagsoup-1.2.1.jar
7f1ae78d5000-7f1ae78d6000 r--s 0000c000 08:01 791372                     /home/madunlap/.m2/repository/org/hamcrest/hamcrest-library/1.3/hamcrest-library-1.3.jar
7f1ae78d6000-7f1ae78d8000 r--s 00009000 08:01 791370                     /home/madunlap/.m2/repository/org/hamcrest/hamcrest-core/1.3/hamcrest-core-1.3.jar
7f1ae78d8000-7f1ae78dd000 r--s 00034000 08:01 661352                     /home/madunlap/.m2/repository/org/codehaus/groovy/groovy-xml/2.3.7/groovy-xml-2.3.7.jar
7f1ae78dd000-7f1ae7926000 r--s 003fb000 08:01 661354                     /home/madunlap/.m2/repository/org/codehaus/groovy/groovy/2.3.7/groovy-2.3.7.jar
7f1ae7926000-7f1ae7930000 r--s 0008c000 08:01 791368                     /home/madunlap/.m2/repository/com/jayway/restassured/rest-assured/2.4.0/rest-assured-2.4.0.jar
7f1ae7930000-7f1ae7936000 r--s 00044000 08:01 791367                     /home/madunlap/.m2/repository/org/jsoup/jsoup/1.8.1/jsoup-1.8.1.jar
7f1ae7936000-7f1ae7938000 r--s 00004000 08:01 791401                     /home/madunlap/.m2/repository/edu/ucsb/nceas/ezid/1.0.0/ezid-1.0.0.jar
7f1ae7938000-7f1ae793b000 r--s 0000b000 08:01 791362                     /home/madunlap/.m2/repository/org/ocpsoft/rewrite/rewrite-integration-faces/2.0.12.Final/rewrite-integration-faces-2.0.12.Final.jar
7f1ae793b000-7f1ae793d000 r--s 00001000 08:01 791360                     /home/madunlap/.m2/repository/org/ocpsoft/rewrite/rewrite-annotations-api/2.0.12.Final/rewrite-annotations-api-2.0.12.Final.jar
7f1ae793d000-7f1ae793e000 r--s 00005000 08:01 791359                     /home/madunlap/.m2/repository/org/ocpsoft/rewrite/rewrite-addressbuilder/2.0.12.Final/rewrite-addressbuilder-2.0.12.Final.jar
7f1ae793e000-7f1ae7940000 r--s 00008000 08:01 791357                     /home/madunlap/.m2/repository/org/ocpsoft/rewrite/rewrite-api-servlet/2.0.12.Final/rewrite-api-servlet-2.0.12.Final.jar
7f1ae7940000-7f1ae7942000 r--s 00001000 08:01 791354                     /home/madunlap/.m2/repository/org/ocpsoft/logging/logging-api/1.0.2.Final/logging-api-1.0.2.Final.jar
7f1ae7942000-7f1ae7943000 r--s 00003000 08:01 791353                     /home/madunlap/.m2/repository/org/ocpsoft/common/common-api/1.0.5.Final/common-api-1.0.5.Final.jar
7f1ae7943000-7f1ae7947000 r--s 00018000 08:01 791351                     /home/madunlap/.m2/repository/org/ocpsoft/rewrite/rewrite-api/2.0.12.Final/rewrite-api-2.0.12.Final.jar
7f1ae7947000-7f1ae7949000 r--s 00005000 08:01 791349                     /home/madunlap/.m2/repository/org/ocpsoft/rewrite/rewrite-annotations-impl/2.0.12.Final/rewrite-annotations-impl-2.0.12.Final.jar
7f1ae7949000-7f1ae7957000 r--s 00092000 08:01 791352                     /home/madunlap/.m2/repository/org/ocpsoft/rewrite/rewrite-config-prettyfaces/2.0.12.Final/rewrite-config-prettyfaces-2.0.12.Final.jar
7f1ae7957000-7f1ae7965000 r--s 0005f000 08:01 791345                     /home/madunlap/.m2/repository/org/ocpsoft/rewrite/rewrite-servlet/2.0.12.Final/rewrite-servlet-2.0.12.Final.jar
7f1ae7965000-7f1ae7969000 r--s 0003c000 08:01 791218                     /home/madunlap/.m2/repository/javax/media/jai_codec/1.1.3/jai_codec-1.1.3.jar
7f1ae7969000-7f1ae797d000 r--s 001bd000 08:01 791220                     /home/madunlap/.m2/repository/javax/media/jai_core/1.1.3/jai_core-1.1.3.jar
7f1ae797d000-7f1ae798e000 r--s 00106000 08:01 791219                     /home/madunlap/.m2/repository/javax/media/jai_imageio/1.1.1/jai_imageio-1.1.1.jar
7f1ae798e000-7f1ae7990000 r--s 00009000 08:01 791399                     /home/madunlap/.m2/repository/edu/harvard/hul/ois/jhove/jhove-handler/1.11.0/jhove-handler-1.11.0.jar
7f1ae7990000-7f1ae7999000 r--s 00079000 08:01 791398                     /home/madunlap/.m2/repository/edu/harvard/hul/ois/jhove/jhove-module/1.11.0/jhove-module-1.11.0.jar
7f1ae7999000-7f1ae799c000 r--s 00011000 08:01 791396                     /home/madunlap/.m2/repository/edu/harvard/hul/ois/jhove/jhove/1.11.0/jhove-1.11.0.jar
7f1ae799c000-7f1ae79ac000 r--s 0011f000 08:01 791342                     /home/madunlap/.m2/repository/org/apache/poi/poi-scratchpad/3.10-FINAL/poi-scratchpad-3.10-FINAL.jar
7f1ae79ac000-7f1ae79b2000 r--s 00047000 08:01 791341                     /home/madunlap/.m2/repository/org/apache/poi/poi-examples/3.10-FINAL/poi-examples-3.10-FINAL.jar
7f1ae79b2000-7f1ae79b7000 r--s 00048000 08:01 791338                     /home/madunlap/.m2/repository/dom4j/dom4j/1.6.1/dom4j-1.6.1.jar
7f1ae79b7000-7f1ae79f4000 r--s 0024f000 08:01 791336                     /home/madunlap/.m2/repository/org/apache/xmlbeans/xmlbeans/2.3.0/xmlbeans-2.3.0.jar
7f1ae79f4000-7f1ae7a8c000 r--s 00420000 08:01 791334                     /home/madunlap/.m2/repository/org/apache/poi/poi-ooxml-schemas/3.10-FINAL/poi-ooxml-schemas-3.10-FINAL.jar
7f1ae7a8c000-7f1ae7a9a000 r--s 000ee000 08:01 791333                     /home/madunlap/.m2/repository/org/apache/poi/poi-ooxml/3.10-FINAL/poi-ooxml-3.10-FINAL.jar
7f1ae7a9a000-7f1ae7abc000 r--s 001bb000 08:01 791332                     /home/madunlap/.m2/repository/org/apache/poi/poi/3.10-FINAL/poi-3.10-FINAL.jar
7f1ae7abc000-7f1ae7abe000 r--s 00006000 08:01 791331                     /home/madunlap/.m2/repository/org/nuiton/thirdparty/Rserve/0.6-1/Rserve-0.6-1.jar
7f1ae7abe000-7f1ae7ac0000 r--s 00006000 08:01 791328                     /home/madunlap/.m2/repository/org/nuiton/thirdparty/REngine/0.6-1/REngine-0.6-1.jar
7f1ae7ac0000-7f1ae7ac1000 r--s 0000c000 08:01 791397                     /home/madunlap/.m2/repository/org/dataverse/unf/6.0/unf-6.0.jar
7f1ae7ac1000-7f1ae7aca000 r--s 000a6000 08:01 791393                     /home/madunlap/.m2/repository/net/handle/handle/2006-06-16-generated/handle-2006-06-16-generated.jar
7f1ae7aca000-7f1ae7acd000 r--s 00035000 08:01 791395                     /home/madunlap/.m2/repository/nom/tam/fits/fits/2012-10-25-generated/fits-2012-10-25-generated.jar
7f1ae7acd000-7f1ae7ad4000 r--s 00028000 08:01 791326                     /home/madunlap/.m2/repository/concurrent/concurrent/1.3.4/concurrent-1.3.4.jar
7f1ae7ad4000-7f1ae7ae2000 r--s 00081000 08:01 791324                     /home/madunlap/.m2/repository/colt/colt/1.2.0/colt-1.2.0.jar
7f1ae7ae2000-7f1ae7aef000 r--s 00083000 08:01 791320                     /home/madunlap/.m2/repository/commons-collections/commons-collections/3.2.2/commons-collections-3.2.2.jar
7f1ae7aef000-7f1ae7af3000 r--s 00020000 08:01 791319                     /home/madunlap/.m2/repository/commons-digester/commons-digester/1.8.1/commons-digester-1.8.1.jar
7f1ae7af3000-7f1ae7af8000 r--s 00035000 08:01 791317                     /home/madunlap/.m2/repository/commons-beanutils/commons-beanutils/1.9.2/commons-beanutils-1.9.2.jar
7f1ae7af8000-7f1ae7afc000 r--s 0002a000 08:01 791315                     /home/madunlap/.m2/repository/commons-validator/commons-validator/1.6/commons-validator-1.6.jar
7f1ae7afc000-7f1ae7b0f000 r--s 000df000 08:01 791313                     /home/madunlap/.m2/repository/org/apache/commons/commons-math/2.2/commons-math-2.2.jar
7f1ae7b0f000-7f1ae7b11000 r--s 0000e000 08:01 791309                     /home/madunlap/.m2/repository/commons-logging/commons-logging/1.1.3/commons-logging-1.1.3.jar
7f1ae7b11000-7f1ae7b13000 r--s 00005000 08:01 791311                     /home/madunlap/.m2/repository/org/apache/httpcomponents/httpmime/4.2.6/httpmime-4.2.6.jar
7f1ae7b13000-7f1ae7b1f000 r--s 000b3000 08:01 791304                     /home/madunlap/.m2/repository/org/apache/zookeeper/zookeeper/3.4.5/zookeeper-3.4.5.jar
7f1ae7b1f000-7f1ae7b27000 r--s 0005b000 08:01 791305                     /home/madunlap/.m2/repository/org/apache/solr/solr-solrj/4.6.0/solr-solrj-4.6.0.jar
7f1ae7b27000-7f1ae7b2c000 r--s 00041000 08:01 791300                     /home/madunlap/.m2/repository/commons-lang/commons-lang/2.6/commons-lang-2.6.jar
7f1ae7b2c000-7f1ae7b2e000 r--s 0000d000 08:01 791302                     /home/madunlap/.m2/repository/com/fasterxml/classmate/1.0.0/classmate-1.0.0.jar
7f1ae7b2e000-7f1ae7b30000 r--s 0000d000 08:01 791296                     /home/madunlap/.m2/repository/org/jboss/logging/jboss-logging/3.1.1.GA/jboss-logging-3.1.1.GA.jar
7f1ae7b30000-7f1ae7b3d000 r--s 00080000 08:01 791293                     /home/madunlap/.m2/repository/org/hibernate/hibernate-validator/5.0.3.Final/hibernate-validator-5.0.3.Final.jar
7f1ae7b3d000-7f1ae7b47000 r--s 0006b000 08:01 791289                     /home/madunlap/.m2/repository/org/omnifaces/omnifaces/1.7/omnifaces-1.7.jar
7f1ae7b47000-7f1ae7b56000 r--s 000c4000 08:01 791290                     /home/madunlap/.m2/repository/org/atmosphere/atmosphere-runtime/2.4.2/atmosphere-runtime-2.4.2.jar
7f1ae7b56000-7f1ae7b6a000 r--s 0013a000 08:01 791121                     /home/madunlap/.m2/repository/org/primefaces/themes/all-themes/1.0.10/all-themes-1.0.10.jar
7f1ae7b6a000-7f1ae7b96000 r--s 00318000 08:01 791288                     /home/madunlap/.m2/repository/org/primefaces/primefaces/5.3/primefaces-5.3.jar
7f1ae7b96000-7f1ae7bb8000 r--s 00120000 08:01 791284                     /home/madunlap/.m2/repository/javax/javaee-web-api/7.0/javaee-web-api-7.0.jar
7f1ae7bb8000-7f1ae7bc0000 r--s 00078000 08:01 791280                     /home/madunlap/.m2/repository/com/sun/mail/javax.mail/1.5.0/javax.mail-1.5.0.jar
7f1ae7bc0000-7f1ae7bf4000 r--s 001a4000 08:01 791278                     /home/madunlap/.m2/repository/javax/javaee-api/7.0/javaee-api-7.0.jar
7f1ae7bf4000-7f1ae8000000 r--s 03c80000 08:01 791225                     /home/madunlap/.m2/repository/com/amazonaws/aws-java-sdk-bundle/1.11.172/aws-java-sdk-bundle-1.11.172.jar
7f1ae8000000-7f1ae8021000 rw-p 00000000 00:00 0 
7f1ae8021000-7f1aec000000 ---p 00000000 00:00 0 
7f1aec000000-7f1aec001000 r--s 00018000 08:01 791394                     /home/madunlap/.m2/repository/edu/harvard/iq/dvn/unf5/5.0/unf5-5.0.jar
7f1aec001000-7f1aec005000 r--s 0000c000 08:01 791294                     /home/madunlap/.m2/repository/javax/validation/validation-api/1.1.0.Final/validation-api-1.1.0.Final.jar
7f1aec005000-7f1aec007000 r--s 0000e000 08:01 791282                     /home/madunlap/.m2/repository/javax/activation/activation/1.1/activation-1.1.jar
7f1aec007000-7f1aec032000 r--s 001f5000 08:01 791277                     /home/madunlap/.m2/repository/com/google/guava/guava/16.0.1/guava-16.0.1.jar
7f1aec032000-7f1aec050000 r--s 0027d000 08:01 791273                     /home/madunlap/.m2/repository/xalan/xalan/2.7.0/xalan-2.7.0.jar
7f1aec050000-7f1aec064000 r--s 000e3000 08:01 791272                     /home/madunlap/.m2/repository/xerces/xercesImpl/2.6.2/xercesImpl-2.6.2.jar
7f1aec064000-7f1aec06a000 r--s 00019000 08:01 791270                     /home/madunlap/.m2/repository/xerces/xmlParserAPIs/2.6.2/xmlParserAPIs-2.6.2.jar
7f1aec06a000-7f1aec071000 r--s 00063000 08:01 791268                     /home/madunlap/.m2/repository/xom/xom/1.1/xom-1.1.jar
7f1aec071000-7f1aec076000 r--s 0002a000 08:01 791265                     /home/madunlap/.m2/repository/com/google/code/gson/gson/2.2.4/gson-2.2.4.jar
7f1aec076000-7f1aec07a000 r--s 00027000 08:01 791263                     /home/madunlap/.m2/repository/commons-io/commons-io/2.2/commons-io-2.2.jar
7f1aec07a000-7f1aec07c000 r--s 0000f000 08:01 791260                     /home/madunlap/.m2/repository/commons-fileupload/commons-fileupload/1.3.1/commons-fileupload-1.3.1.jar
7f1aec07c000-7f1aec082000 r--s 00032000 08:01 791261                     /home/madunlap/.m2/repository/jaxen/jaxen/1.1.1/jaxen-1.1.1.jar
7f1aec082000-7f1aec089000 r--s 00079000 08:01 661348                     /home/madunlap/.m2/repository/org/codehaus/woodstox/wstx-asl/3.2.6/wstx-asl-3.2.6.jar
7f1aec089000-7f1aec08e000 r--s 00070000 08:01 661349                     /home/madunlap/.m2/repository/org/codehaus/woodstox/woodstox-core-asl/4.1.4/woodstox-core-asl-4.1.4.jar
7f1aec08e000-7f1aec092000 r--s 00026000 08:01 791256                     /home/madunlap/.m2/repository/org/apache/ws/commons/axiom/axiom-impl/1.2.14/axiom-impl-1.2.14.jar
7f1aec092000-7f1aec095000 r--s 00015000 08:01 791254                     /home/madunlap/.m2/repository/org/apache/james/apache-mime4j-core/0.7.2/apache-mime4j-core-0.7.2.jar
7f1aec095000-7f1aec09a000 r--s 00032000 08:01 791252                     /home/madunlap/.m2/repository/org/apache/geronimo/specs/geronimo-javamail_1.4_spec/1.7.1/geronimo-javamail_1.4_spec-1.7.1.jar
7f1aec09a000-7f1aec0a4000 r--s 0005d000 08:01 791250                     /home/madunlap/.m2/repository/org/apache/ws/commons/axiom/axiom-api/1.2.14/axiom-api-1.2.14.jar
7f1aec0a4000-7f1aec0a7000 r--s 0014e000 08:01 791249                     /home/madunlap/.m2/repository/org/apache/abdera/abdera-parser/1.1.3/abdera-parser-1.1.3.jar
7f1aec0a7000-7f1aec0a9000 r--s 00006000 08:01 791245                     /home/madunlap/.m2/repository/org/apache/geronimo/specs/geronimo-stax-api_1.0_spec/1.0.1/geronimo-stax-api_1.0_spec-1.0.1.jar
7f1aec0a9000-7f1aec0ab000 r--s 0000a000 08:01 791243                     /home/madunlap/.m2/repository/org/apache/geronimo/specs/geronimo-activation_1.1_spec/1.1/geronimo-activation_1.1_spec-1.1.jar
7f1aec0ab000-7f1aec0af000 r--s 00094000 08:01 791246                     /home/madunlap/.m2/repository/org/apache/abdera/abdera-i18n/1.1.3/abdera-i18n-1.1.3.jar
7f1aec0af000-7f1aec0b3000 r--s 00024000 08:01 791241                     /home/madunlap/.m2/repository/org/apache/abdera/abdera-core/1.1.3/abdera-core-1.1.3.jar
7f1aec0b3000-7f1aec0cc000 r--s 002fd000 08:01 791240                     /home/madunlap/.m2/repository/com/ibm/icu/icu4j/3.4.4/icu4j-3.4.4.jar
7f1aec0cc000-7f1aec0cf000 r--s 00023000 08:01 791237                     /home/madunlap/.m2/repository/com/hp/hpl/jena/iri/0.8/iri-0.8.jar
7f1aec0cf000-7f1aec0f2000 r--s 001ae000 08:01 791235                     /home/madunlap/.m2/repository/com/hp/hpl/jena/jena/2.6.4/jena-2.6.4.jar
7f1aec0f2000-7f1aec0f4000 r--s 0000d000 08:01 791233                     /home/madunlap/.m2/repository/org/apache/abdera/abdera-client/1.1.1/abdera-client-1.1.1.jar
7f1aec0f4000-7f1aec0f6000 r--s 00016000 08:01 791230                     /home/madunlap/.m2/repository/javax/servlet/servlet-api/2.4/servlet-api-2.4.jar
7f1aec0f6000-7f1aec0f9000 r--s 0000f000 08:01 791226                     /home/madunlap/.m2/repository/org/swordapp/sword2-server/1.0/sword2-server-1.0-classes.jar
7f1aec0f9000-7f1aec0fe000 r--s 00040000 08:01 791224                     /home/madunlap/.m2/repository/commons-httpclient/commons-httpclient/3.0.1/commons-httpclient-3.0.1.jar
7f1aec0fe000-7f1aec104000 r--s 00034000 08:01 791227                     /home/madunlap/.m2/repository/junit/junit/4.8.1/junit-4.8.1.jar
7f1aec104000-7f1aec144000 r--s 00285000 08:01 925253                     /home/madunlap/.m2/repository/org/bouncycastle/bcprov-jdk15on/1.52/bcprov-jdk15on-1.52.jar
7f1aec144000-7f1aec1cb000 rw-p 00000000 00:00 0 
7f1aec1cb000-7f1aec1ce000 ---p 00000000 00:00 0 
7f1aec1ce000-7f1aec2cc000 rw-p 00000000 00:00 0 
7f1aec2cc000-7f1aec5a7000 r--p 00000000 08:01 1441812                    /usr/lib/locale/locale-archive
7f1aec5a7000-7f1aec5aa000 ---p 00000000 00:00 0 
7f1aec5aa000-7f1aec6a8000 rw-p 00000000 00:00 0 
7f1aec6a8000-7f1aec6ab000 ---p 00000000 00:00 0 
7f1aec6ab000-7f1aec7a9000 rw-p 00000000 00:00 0 
7f1aec7a9000-7f1aec7aa000 ---p 00000000 00:00 0 
7f1aec7aa000-7f1aed202000 rw-p 00000000 00:00 0 
7f1aed202000-7f1aed3dc000 r--s 03d4d000 08:01 1976682                    /usr/lib/jvm/java-8-oracle/jre/lib/rt.jar
7f1aed3dc000-7f1aefcaa000 rw-p 00000000 00:00 0 
7f1aefcaa000-7f1aefcab000 ---p 00000000 00:00 0 
7f1aefcab000-7f1aefdab000 rw-p 00000000 00:00 0 
7f1aefdab000-7f1aefdac000 ---p 00000000 00:00 0 
7f1aefdac000-7f1aefec1000 rw-p 00000000 00:00 0 
7f1aefec1000-7f1aefff6000 ---p 00000000 00:00 0 
7f1aefff6000-7f1af000b000 rw-p 00000000 00:00 0 
7f1af000b000-7f1af013f000 ---p 00000000 00:00 0 
7f1af013f000-7f1af0182000 rw-p 00000000 00:00 0 
7f1af0182000-7f1af01e4000 ---p 00000000 00:00 0 
7f1af01e4000-7f1af0201000 rw-p 00000000 00:00 0 
7f1af0201000-7f1af05a5000 ---p 00000000 00:00 0 
7f1af05a5000-7f1af0c85000 rwxp 00000000 00:00 0 
7f1af0c85000-7f1aff5a5000 ---p 00000000 00:00 0 
7f1aff5a5000-7f1aff5bf000 r-xp 00000000 08:01 2106481                    /usr/lib/jvm/java-8-oracle/jre/lib/amd64/libzip.so
7f1aff5bf000-7f1aff7bf000 ---p 0001a000 08:01 2106481                    /usr/lib/jvm/java-8-oracle/jre/lib/amd64/libzip.so
7f1aff7bf000-7f1aff7c0000 rw-p 0001a000 08:01 2106481                    /usr/lib/jvm/java-8-oracle/jre/lib/amd64/libzip.so
7f1aff7c0000-7f1aff7cb000 r-xp 00000000 08:01 663303                     /lib/x86_64-linux-gnu/libnss_files-2.24.so
7f1aff7cb000-7f1aff9ca000 ---p 0000b000 08:01 663303                     /lib/x86_64-linux-gnu/libnss_files-2.24.so
7f1aff9ca000-7f1aff9cb000 r--p 0000a000 08:01 663303                     /lib/x86_64-linux-gnu/libnss_files-2.24.so
7f1aff9cb000-7f1aff9cc000 rw-p 0000b000 08:01 663303                     /lib/x86_64-linux-gnu/libnss_files-2.24.so
7f1aff9cc000-7f1aff9d2000 rw-p 00000000 00:00 0 
7f1aff9d2000-7f1aff9dd000 r-xp 00000000 08:01 663305                     /lib/x86_64-linux-gnu/libnss_nis-2.24.so
7f1aff9dd000-7f1affbdc000 ---p 0000b000 08:01 663305                     /lib/x86_64-linux-gnu/libnss_nis-2.24.so
7f1affbdc000-7f1affbdd000 r--p 0000a000 08:01 663305                     /lib/x86_64-linux-gnu/libnss_nis-2.24.so
7f1affbdd000-7f1affbde000 rw-p 0000b000 08:01 663305                     /lib/x86_64-linux-gnu/libnss_nis-2.24.so
7f1affbde000-7f1affbf4000 r-xp 00000000 08:01 663300                     /lib/x86_64-linux-gnu/libnsl-2.24.so
7f1affbf4000-7f1affdf3000 ---p 00016000 08:01 663300                     /lib/x86_64-linux-gnu/libnsl-2.24.so
7f1affdf3000-7f1affdf4000 r--p 00015000 08:01 663300                     /lib/x86_64-linux-gnu/libnsl-2.24.so
7f1affdf4000-7f1affdf5000 rw-p 00016000 08:01 663300                     /lib/x86_64-linux-gnu/libnsl-2.24.so
7f1affdf5000-7f1affdf7000 rw-p 00000000 00:00 0 
7f1affdf7000-7f1affdff000 r-xp 00000000 08:01 663301                     /lib/x86_64-linux-gnu/libnss_compat-2.24.so
7f1affdff000-7f1affffe000 ---p 00008000 08:01 663301                     /lib/x86_64-linux-gnu/libnss_compat-2.24.so
7f1affffe000-7f1afffff000 r--p 00007000 08:01 663301                     /lib/x86_64-linux-gnu/libnss_compat-2.24.so
7f1afffff000-7f1b00000000 rw-p 00008000 08:01 663301                     /lib/x86_64-linux-gnu/libnss_compat-2.24.so
7f1b00000000-7f1b00ec9000 rw-p 00000000 00:00 0 
7f1b00ec9000-7f1b04000000 ---p 00000000 00:00 0 
7f1b04000000-7f1b04003000 r--s 00012000 08:01 791228                     /home/madunlap/.m2/repository/org/glassfish/javax.json/1.0.4/javax.json-1.0.4.jar
7f1b04003000-7f1b04007000 r--s 00021000 08:01 925254                     /home/madunlap/.m2/repository/org/cryptacular/cryptacular/1.1.0/cryptacular-1.1.0.jar
7f1b04007000-7f1b0400a000 r--s 00011000 08:01 925252                     /home/madunlap/.m2/repository/org/passay/passay/1.1.0/passay-1.1.0.jar
7f1b0400a000-7f1b04014000 r-xp 00000000 08:01 2106519                    /usr/lib/jvm/java-8-oracle/jre/lib/amd64/libinstrument.so
7f1b04014000-7f1b04213000 ---p 0000a000 08:01 2106519                    /usr/lib/jvm/java-8-oracle/jre/lib/amd64/libinstrument.so
7f1b04213000-7f1b04214000 rw-p 00009000 08:01 2106519                    /usr/lib/jvm/java-8-oracle/jre/lib/amd64/libinstrument.so
7f1b04214000-7f1b0423f000 r-xp 00000000 08:01 2106508                    /usr/lib/jvm/java-8-oracle/jre/lib/amd64/libjava.so
7f1b0423f000-7f1b0443e000 ---p 0002b000 08:01 2106508                    /usr/lib/jvm/java-8-oracle/jre/lib/amd64/libjava.so
7f1b0443e000-7f1b04440000 rw-p 0002a000 08:01 2106508                    /usr/lib/jvm/java-8-oracle/jre/lib/amd64/libjava.so
7f1b04440000-7f1b0444d000 r-xp 00000000 08:01 2106459                    /usr/lib/jvm/java-8-oracle/jre/lib/amd64/libverify.so
7f1b0444d000-7f1b0464d000 ---p 0000d000 08:01 2106459                    /usr/lib/jvm/java-8-oracle/jre/lib/amd64/libverify.so
7f1b0464d000-7f1b0464f000 rw-p 0000d000 08:01 2106459                    /usr/lib/jvm/java-8-oracle/jre/lib/amd64/libverify.so
7f1b0464f000-7f1b04656000 r-xp 00000000 08:01 663310                     /lib/x86_64-linux-gnu/librt-2.24.so
7f1b04656000-7f1b04855000 ---p 00007000 08:01 663310                     /lib/x86_64-linux-gnu/librt-2.24.so
7f1b04855000-7f1b04856000 r--p 00006000 08:01 663310                     /lib/x86_64-linux-gnu/librt-2.24.so
7f1b04856000-7f1b04857000 rw-p 00007000 08:01 663310                     /lib/x86_64-linux-gnu/librt-2.24.so
7f1b04857000-7f1b0495f000 r-xp 00000000 08:01 663297                     /lib/x86_64-linux-gnu/libm-2.24.so
7f1b0495f000-7f1b04b5e000 ---p 00108000 08:01 663297                     /lib/x86_64-linux-gnu/libm-2.24.so
7f1b04b5e000-7f1b04b5f000 r--p 00107000 08:01 663297                     /lib/x86_64-linux-gnu/libm-2.24.so
7f1b04b5f000-7f1b04b60000 rw-p 00108000 08:01 663297                     /lib/x86_64-linux-gnu/libm-2.24.so
7f1b04b60000-7f1b05833000 r-xp 00000000 08:01 2106512                    /usr/lib/jvm/java-8-oracle/jre/lib/amd64/server/libjvm.so
7f1b05833000-7f1b05a32000 ---p 00cd3000 08:01 2106512                    /usr/lib/jvm/java-8-oracle/jre/lib/amd64/server/libjvm.so
7f1b05a32000-7f1b05b0c000 rw-p 00cd2000 08:01 2106512                    /usr/lib/jvm/java-8-oracle/jre/lib/amd64/server/libjvm.so
7f1b05b0c000-7f1b05b57000 rw-p 00000000 00:00 0 
7f1b05b57000-7f1b05d15000 r-xp 00000000 08:01 663293                     /lib/x86_64-linux-gnu/libc-2.24.so
7f1b05d15000-7f1b05f14000 ---p 001be000 08:01 663293                     /lib/x86_64-linux-gnu/libc-2.24.so
7f1b05f14000-7f1b05f18000 r--p 001bd000 08:01 663293                     /lib/x86_64-linux-gnu/libc-2.24.so
7f1b05f18000-7f1b05f1a000 rw-p 001c1000 08:01 663293                     /lib/x86_64-linux-gnu/libc-2.24.so
7f1b05f1a000-7f1b05f1e000 rw-p 00000000 00:00 0 
7f1b05f1e000-7f1b05f21000 r-xp 00000000 08:01 663296                     /lib/x86_64-linux-gnu/libdl-2.24.so
7f1b05f21000-7f1b06120000 ---p 00003000 08:01 663296                     /lib/x86_64-linux-gnu/libdl-2.24.so
7f1b06120000-7f1b06121000 r--p 00002000 08:01 663296                     /lib/x86_64-linux-gnu/libdl-2.24.so
7f1b06121000-7f1b06122000 rw-p 00003000 08:01 663296                     /lib/x86_64-linux-gnu/libdl-2.24.so
7f1b06122000-7f1b06137000 r-xp 00000000 08:01 2106497                    /usr/lib/jvm/java-8-oracle/jre/lib/amd64/jli/libjli.so
7f1b06137000-7f1b06337000 ---p 00015000 08:01 2106497                    /usr/lib/jvm/java-8-oracle/jre/lib/amd64/jli/libjli.so
7f1b06337000-7f1b06338000 rw-p 00015000 08:01 2106497                    /usr/lib/jvm/java-8-oracle/jre/lib/amd64/jli/libjli.so
7f1b06338000-7f1b06350000 r-xp 00000000 08:01 663308                     /lib/x86_64-linux-gnu/libpthread-2.24.so
7f1b06350000-7f1b06550000 ---p 00018000 08:01 663308                     /lib/x86_64-linux-gnu/libpthread-2.24.so
7f1b06550000-7f1b06551000 r--p 00018000 08:01 663308                     /lib/x86_64-linux-gnu/libpthread-2.24.so
7f1b06551000-7f1b06552000 rw-p 00019000 08:01 663308                     /lib/x86_64-linux-gnu/libpthread-2.24.so
7f1b06552000-7f1b06556000 rw-p 00000000 00:00 0 
7f1b06556000-7f1b0657c000 r-xp 00000000 08:01 663288                     /lib/x86_64-linux-gnu/ld-2.24.so
7f1b0657c000-7f1b0657d000 r--s 00005000 08:01 791308                     /home/madunlap/.m2/repository/org/noggit/noggit/0.5/noggit-0.5.jar
7f1b0657d000-7f1b0664e000 rw-p 00000000 00:00 0 
7f1b0664e000-7f1b06651000 ---p 00000000 00:00 0 
7f1b06651000-7f1b06751000 rw-p 00000000 00:00 0 
7f1b06751000-7f1b06752000 r--s 00004000 08:01 791275                     /home/madunlap/.m2/repository/org/mindrot/jbcrypt/0.3m/jbcrypt-0.3m.jar
7f1b06752000-7f1b06757000 r--s 00023000 08:01 791711                     /home/madunlap/.m2/repository/org/apache/maven/surefire/surefire-api/2.10/surefire-api-2.10.jar
7f1b06757000-7f1b06759000 r--s 00007000 08:01 791708                     /home/madunlap/.m2/repository/org/apache/maven/surefire/surefire-booter/2.10/surefire-booter-2.10.jar
7f1b06759000-7f1b0675a000 r--s 00005000 08:01 926072                     /home/madunlap/Documents/github/dataverse/target/surefire/surefirebooter747792945288240444.jar
7f1b0675a000-7f1b0676e000 rw-p 00000000 00:00 0 
7f1b0676e000-7f1b06776000 rw-s 00000000 08:01 1835017                    /tmp/hsperfdata_madunlap/2968
7f1b06776000-7f1b06777000 rw-p 00000000 00:00 0 
7f1b06777000-7f1b06778000 ---p 00000000 00:00 0 
7f1b06778000-7f1b0677b000 rw-p 00000000 00:00 0 
7f1b0677b000-7f1b0677c000 r--p 00025000 08:01 663288                     /lib/x86_64-linux-gnu/ld-2.24.so
7f1b0677c000-7f1b0677d000 rw-p 00026000 08:01 663288                     /lib/x86_64-linux-gnu/ld-2.24.so
7f1b0677d000-7f1b0677e000 rw-p 00000000 00:00 0 
7ffd96b6f000-7ffd96b90000 rw-p 00000000 00:00 0                          [stack]
7ffd96bc1000-7ffd96bc3000 r--p 00000000 00:00 0                          [vvar]
7ffd96bc3000-7ffd96bc5000 r-xp 00000000 00:00 0                          [vdso]
ffffffffff600000-ffffffffff601000 r-xp 00000000 00:00 0                  [vsyscall]

VM Arguments:
jvm_args: -javaagent:/home/madunlap/.m2/repository/org/jacoco/org.jacoco.agent/0.7.5.201505241946/org.jacoco.agent-0.7.5.201505241946-runtime.jar=destfile=/home/madunlap/Documents/github/dataverse/target/jacoco.exec 
java_command: /home/madunlap/Documents/github/dataverse/target/surefire/surefirebooter747792945288240444.jar /home/madunlap/Documents/github/dataverse/target/surefire/surefire8320837237840888922tmp /home/madunlap/Documents/github/dataverse/target/surefire/surefire2568166976918851884tmp
java_class_path (initial): /home/madunlap/Documents/github/dataverse/target/surefire/surefirebooter747792945288240444.jar:/home/madunlap/.m2/repository/org/jacoco/org.jacoco.agent/0.7.5.201505241946/org.jacoco.agent-0.7.5.201505241946-runtime.jar
Launcher Type: SUN_STANDARD

Environment Variables:
JAVA_HOME=/usr/lib/jvm/java-8-oracle
PATH=/usr/local/sbin:/usr/local/bin:/usr/sbin:/usr/bin:/sbin:/bin:/usr/games:/usr/local/games:/snap/bin:/usr/lib/jvm/java-8-oracle/bin:/usr/lib/jvm/java-8-oracle/db/bin:/usr/lib/jvm/java-8-oracle/jre/bin
LD_LIBRARY_PATH=/usr/lib/jvm/java-8-oracle/jre/lib/amd64:/usr/lib/jvm/java-8-oracle/jre/lib/i386:
SHELL=/bin/bash
DISPLAY=:0

Signal Handlers:
SIGSEGV: [libjvm.so+0xacba10], sa_mask[0]=11111111011111111101111111111110, sa_flags=SA_RESTART|SA_SIGINFO
SIGBUS: [libjvm.so+0xacba10], sa_mask[0]=11111111011111111101111111111110, sa_flags=SA_RESTART|SA_SIGINFO
SIGFPE: [libjvm.so+0x924ba0], sa_mask[0]=11111111011111111101111111111110, sa_flags=SA_RESTART|SA_SIGINFO
SIGPIPE: [libjvm.so+0x924ba0], sa_mask[0]=11111111011111111101111111111110, sa_flags=SA_RESTART|SA_SIGINFO
SIGXFSZ: [libjvm.so+0x924ba0], sa_mask[0]=11111111011111111101111111111110, sa_flags=SA_RESTART|SA_SIGINFO
SIGILL: [libjvm.so+0x924ba0], sa_mask[0]=11111111011111111101111111111110, sa_flags=SA_RESTART|SA_SIGINFO
SIGUSR1: SIG_DFL, sa_mask[0]=00000000000000000000000000000000, sa_flags=none
SIGUSR2: [libjvm.so+0x9263e0], sa_mask[0]=00100000000000000000000000000000, sa_flags=SA_RESTART|SA_SIGINFO
SIGHUP: [libjvm.so+0x9277e0], sa_mask[0]=11111111011111111101111111111110, sa_flags=SA_RESTART|SA_SIGINFO
SIGINT: SIG_IGN, sa_mask[0]=00000000000000000000000000000000, sa_flags=none
SIGTERM: [libjvm.so+0x9277e0], sa_mask[0]=11111111011111111101111111111110, sa_flags=SA_RESTART|SA_SIGINFO
SIGQUIT: [libjvm.so+0x9277e0], sa_mask[0]=11111111011111111101111111111110, sa_flags=SA_RESTART|SA_SIGINFO


---------------  S Y S T E M  ---------------

OS:DISTRIB_ID=Ubuntu
DISTRIB_RELEASE=17.04
DISTRIB_CODENAME=zesty
DISTRIB_DESCRIPTION="Ubuntu 17.04"

uname:Linux 4.10.0-37-generic #41-Ubuntu SMP Fri Oct 6 20:20:37 UTC 2017 x86_64
libc:glibc 2.24 NPTL 2.24 
rlimit: STACK 8192k, CORE 0k, NPROC 15602, NOFILE 1048576, AS infinity
load average:1.61 0.72 0.55

/proc/meminfo:
MemTotal:        4039872 kB
MemFree:           99148 kB
MemAvailable:      10260 kB
Buffers:             932 kB
Cached:            37860 kB
SwapCached:        12796 kB
Active:          3183276 kB
Inactive:         532680 kB
Active(anon):    3170192 kB
Inactive(anon):   522628 kB
Active(file):      13084 kB
Inactive(file):    10052 kB
Unevictable:          32 kB
Mlocked:              32 kB
SwapTotal:       2097148 kB
SwapFree:           1468 kB
Dirty:               676 kB
Writeback:             0 kB
AnonPages:       3666564 kB
Mapped:            31892 kB
Shmem:             15528 kB
Slab:              91336 kB
SReclaimable:      42496 kB
SUnreclaim:        48840 kB
KernelStack:       15476 kB
PageTables:        78344 kB
NFS_Unstable:          0 kB
Bounce:                0 kB
WritebackTmp:          0 kB
CommitLimit:     4117084 kB
Committed_AS:   10588884 kB
VmallocTotal:   34359738367 kB
VmallocUsed:           0 kB
VmallocChunk:          0 kB
HardwareCorrupted:     0 kB
AnonHugePages:   1662976 kB
ShmemHugePages:        0 kB
ShmemPmdMapped:        0 kB
CmaTotal:              0 kB
CmaFree:               0 kB
HugePages_Total:       0
HugePages_Free:        0
HugePages_Rsvd:        0
HugePages_Surp:        0
Hugepagesize:       2048 kB
DirectMap4k:      171952 kB
DirectMap2M:     4022272 kB


CPU:total 2 (initial active 2) (2 cores per cpu, 1 threads per core) family 6 model 70 stepping 1, cmov, cx8, fxsr, mmx, sse, sse2, sse3, ssse3, sse4.1, sse4.2, popcnt, avx, avx2, aes, clmul, erms, lzcnt, tsc, tscinvbit, bmi1, bmi2

/proc/cpuinfo:
processor	: 0
vendor_id	: GenuineIntel
cpu family	: 6
model		: 70
model name	: Intel(R) Core(TM) i7-4870HQ CPU @ 2.50GHz
stepping	: 1
microcode	: 0x13
cpu MHz		: 2494.226
cache size	: 6144 KB
physical id	: 0
siblings	: 2
core id		: 0
cpu cores	: 2
apicid		: 0
initial apicid	: 0
fpu		: yes
fpu_exception	: yes
cpuid level	: 13
wp		: yes
flags		: fpu vme de pse tsc msr pae mce cx8 apic sep mtrr pge mca cmov pat pse36 clflush mmx fxsr sse sse2 ss ht syscall nx rdtscp lm constant_tsc nopl xtopology nonstop_tsc pni pclmulqdq ssse3 fma cx16 pcid sse4_1 sse4_2 x2apic movbe popcnt tsc_deadline_timer aes xsave avx f16c rdrand hypervisor lahf_lm abm fsgsbase tsc_adjust bmi1 avx2 smep bmi2 invpcid xsaveopt dtherm arat pln pts
bugs		:
bogomips	: 4988.45
clflush size	: 64
cache_alignment	: 64
address sizes	: 36 bits physical, 48 bits virtual
power management:

processor	: 1
vendor_id	: GenuineIntel
cpu family	: 6
model		: 70
model name	: Intel(R) Core(TM) i7-4870HQ CPU @ 2.50GHz
stepping	: 1
microcode	: 0x13
cpu MHz		: 2494.226
cache size	: 6144 KB
physical id	: 0
siblings	: 2
core id		: 1
cpu cores	: 2
apicid		: 1
initial apicid	: 1
fpu		: yes
fpu_exception	: yes
cpuid level	: 13
wp		: yes
flags		: fpu vme de pse tsc msr pae mce cx8 apic sep mtrr pge mca cmov pat pse36 clflush mmx fxsr sse sse2 ss ht syscall nx rdtscp lm constant_tsc nopl xtopology nonstop_tsc pni pclmulqdq ssse3 fma cx16 pcid sse4_1 sse4_2 x2apic movbe popcnt tsc_deadline_timer aes xsave avx f16c rdrand hypervisor lahf_lm abm fsgsbase tsc_adjust bmi1 avx2 smep bmi2 invpcid xsaveopt dtherm arat pln pts
bugs		:
bogomips	: 4988.45
clflush size	: 64
cache_alignment	: 64
address sizes	: 36 bits physical, 48 bits virtual
power management:



Memory: 4k page, physical 4039872k(99148k free), swap 2097148k(1468k free)

vm_info: Java HotSpot(TM) 64-Bit Server VM (25.144-b01) for linux-amd64 JRE (1.8.0_144-b01), built on Jul 21 2017 21:57:33 by "java_re" with gcc 4.3.0 20080428 (Red Hat 4.3.0-8)

time: Thu Oct 19 17:42:03 2017
elapsed time: 3 seconds (0d 0h 0m 3s)

