#
# There is insufficient memory for the Java Runtime Environment to continue.
# Native memory allocation (mmap) failed to map 84410368 bytes for committing reserved memory.
# Possible reasons:
#   The system is out of physical RAM or swap space
#   In 32 bit mode, the process size limit was hit
# Possible solutions:
#   Reduce memory load on the system
#   Increase physical memory or swap space
#   Check if swap backing store is full
#   Use 64 bit Java on a 64 bit OS
#   Decrease Java heap size (-Xmx/-Xms)
#   Decrease number of Java threads
#   Decrease Java thread stack sizes (-Xss)
#   Set larger code cache with -XX:ReservedCodeCacheSize=
# This output file may be truncated or incomplete.
#
#  Out of Memory Error (os_linux.cpp:2640), pid=22709, tid=0x00007f8f38f97700
#
# JRE version: Java(TM) SE Runtime Environment (8.0_144-b01) (build 1.8.0_144-b01)
# Java VM: Java HotSpot(TM) 64-Bit Server VM (25.144-b01 mixed mode linux-amd64 compressed oops)
# Failed to write core dump. Core dumps have been disabled. To enable core dumping, try "ulimit -c unlimited" before starting Java again
#

---------------  T H R E A D  ---------------

Current thread (0x00007f8f4c073800):  VMThread [stack: 0x00007f8f38e97000,0x00007f8f38f98000] [id=22715]

Stack: [0x00007f8f38e97000,0x00007f8f38f98000],  sp=0x00007f8f38f96020,  free space=1020k
Native frames: (J=compiled Java code, j=interpreted, Vv=VM code, C=native code)
V  [libjvm.so+0xacb18a]  VMError::report_and_die()+0x2ba
V  [libjvm.so+0x4ff4db]  report_vm_out_of_memory(char const*, int, unsigned long, VMErrorType, char const*)+0x8b
V  [libjvm.so+0x927d23]  os::Linux::commit_memory_impl(char*, unsigned long, bool)+0x103
V  [libjvm.so+0x928279]  os::pd_commit_memory(char*, unsigned long, unsigned long, bool)+0x29
V  [libjvm.so+0x92249a]  os::commit_memory(char*, unsigned long, unsigned long, bool)+0x2a
V  [libjvm.so+0x996ff3]  PSVirtualSpace::expand_by(unsigned long)+0x53
V  [libjvm.so+0x9878b0]  PSOldGen::expand(unsigned long)+0x170
V  [libjvm.so+0x987abb]  PSOldGen::resize(unsigned long)+0x1cb
V  [libjvm.so+0x98f7c1]  PSParallelCompact::invoke_no_policy(bool)+0x991
V  [libjvm.so+0x99511d]  PSScavenge::invoke()+0x1ad
V  [libjvm.so+0x94bce0]  ParallelScavengeHeap::failed_mem_allocate(unsigned long)+0x70
V  [libjvm.so+0xaccba7]  VM_ParallelGCFailedAllocation::doit()+0x97
V  [libjvm.so+0xad4685]  VM_Operation::evaluate()+0x55
V  [libjvm.so+0xad2a5a]  VMThread::evaluate_operation(VM_Operation*)+0xba
V  [libjvm.so+0xad2dde]  VMThread::loop()+0x1ce
V  [libjvm.so+0xad3250]  VMThread::run()+0x70
V  [libjvm.so+0x92a338]  java_start(Thread*)+0x108

VM_Operation (0x00007f8f52ccb230): ParallelGCFailedAllocation, mode: safepoint, requested by thread 0x00007f8f4c00a000


---------------  P R O C E S S  ---------------

Java Threads: ( => current thread )
  0x00007f8f4c5f3800 JavaThread "process reaper" daemon [_thread_blocked, id=22727, stack(0x00007f8f13fc7000,0x00007f8f14000000)]
  0x00007f8f4c0cc800 JavaThread "Service Thread" daemon [_thread_blocked, id=22721, stack(0x00007f8f385b6000,0x00007f8f386b7000)]
  0x00007f8f4c0b7800 JavaThread "C1 CompilerThread1" daemon [_thread_blocked, id=22720, stack(0x00007f8f386b7000,0x00007f8f387b8000)]
  0x00007f8f4c0b4800 JavaThread "C2 CompilerThread0" daemon [_thread_blocked, id=22719, stack(0x00007f8f387b8000,0x00007f8f388b9000)]
  0x00007f8f4c0b3000 JavaThread "Signal Dispatcher" daemon [_thread_blocked, id=22718, stack(0x00007f8f388b9000,0x00007f8f389ba000)]
  0x00007f8f4c080000 JavaThread "Finalizer" daemon [_thread_blocked, id=22717, stack(0x00007f8f38c95000,0x00007f8f38d96000)]
  0x00007f8f4c07b800 JavaThread "Reference Handler" daemon [_thread_blocked, id=22716, stack(0x00007f8f38d96000,0x00007f8f38e97000)]
  0x00007f8f4c00a000 JavaThread "main" [_thread_blocked, id=22712, stack(0x00007f8f52bd0000,0x00007f8f52cd1000)]

Other Threads:
=>0x00007f8f4c073800 VMThread [stack: 0x00007f8f38e97000,0x00007f8f38f98000] [id=22715]
  0x00007f8f4c0cf000 WatcherThread [stack: 0x00007f8f384b5000,0x00007f8f385b6000] [id=22722]

VM state:at safepoint (normal execution)

VM Mutex/Monitor currently owned by a thread:  ([mutex/lock_event])
[0x00007f8f4c005b20] ExpandHeap_lock - owner thread: 0x00007f8f4c073800
[0x00007f8f4c0061a0] Threads_lock - owner thread: 0x00007f8f4c073800
[0x00007f8f4c0066a0] Heap_lock - owner thread: 0x00007f8f4c00a000

Heap:
 PSYoungGen      total 286208K, used 0K [0x00000000eb700000, 0x0000000100000000, 0x0000000100000000)
  eden space 238592K, 0% used [0x00000000eb700000,0x00000000eb700000,0x00000000fa000000)
  from space 47616K, 0% used [0x00000000fa000000,0x00000000fa000000,0x00000000fce80000)
  to   space 47104K, 0% used [0x00000000fd200000,0x00000000fd200000,0x0000000100000000)
 ParOldGen       total 144384K, used 134098K [0x00000000c2400000, 0x00000000cb100000, 0x00000000eb700000)
  object space 144384K, 92% used [0x00000000c2400000,0x00000000ca6f4830,0x00000000cb100000)
 Metaspace       used 25004K, capacity 25704K, committed 25856K, reserved 1073152K
  class space    used 2746K, capacity 2946K, committed 3072K, reserved 1048576K

Card table byte_map: [0x00007f8f3c624000,0x00007f8f3c813000] byte_map_base: 0x00007f8f3c012000

Marking Bits: (ParMarkBitMap*) 0x00007f8f520abdc0
 Begin Bits: [0x00007f8f3a542000, 0x00007f8f3b4b2000)
 End Bits:   [0x00007f8f3b4b2000, 0x00007f8f3c422000)

Polling page: 0x00007f8f52cf9000

CodeCache: size=245760Kb used=21227Kb max_used=21850Kb free=224532Kb
 bounds [0x00007f8f3cbd3000, 0x00007f8f3e143000, 0x00007f8f4bbd3000]
 total_blobs=6818 nmethods=6434 adapters=296
 compilation: enabled

Compilation events (10 events):
Event: 12.706 Thread 0x00007f8f4c0b7800 7260       2       com.sun.tools.javac.code.Attribute$Enum::accept (8 bytes)
Event: 12.706 Thread 0x00007f8f4c0b7800 nmethod 7260 0x00007f8f3cea6490 code [0x00007f8f3cea6600, 0x00007f8f3cea6788]
Event: 12.706 Thread 0x00007f8f4c0b7800 7261       2       com.sun.tools.javac.jvm.ClassWriter$AttributeWriter::visitEnum (74 bytes)
Event: 12.707 Thread 0x00007f8f4c0b7800 nmethod 7261 0x00007f8f3d349910 code [0x00007f8f3d349b20, 0x00007f8f3d34a158]
Event: 12.711 Thread 0x00007f8f4c0b7800 7262       2       com.sun.tools.javac.comp.Check$NestedCheckContext::deferredAttrContext (10 bytes)
Event: 12.711 Thread 0x00007f8f4c0b7800 nmethod 7262 0x00007f8f3cea6110 code [0x00007f8f3cea6280, 0x00007f8f3cea6408]
Event: 12.716 Thread 0x00007f8f4c0b7800 7263       1       com.sun.tools.javac.tree.JCTree$JCBlock::getStatements (5 bytes)
Event: 12.716 Thread 0x00007f8f4c0b7800 nmethod 7263 0x00007f8f3d3495d0 code [0x00007f8f3d349720, 0x00007f8f3d349830]
Event: 12.717 Thread 0x00007f8f4c0b7800 7265       2       com.sun.tools.javac.jvm.ClassWriter$StackMapTableFrame$FullFrame::write (269 bytes)
Event: 12.718 Thread 0x00007f8f4c0b7800 nmethod 7265 0x00007f8f3e123210 code [0x00007f8f3e123560, 0x00007f8f3e1244f8]

GC Heap History (10 events):
Event: 5.295 GC heap after
Heap after GC invocations=11 (full 1):
 PSYoungGen      total 208896K, used 0K [0x00000000eb700000, 0x00000000f9900000, 0x0000000100000000)
  eden space 197120K, 0% used [0x00000000eb700000,0x00000000eb700000,0x00000000f7780000)
  from space 11776K, 0% used [0x00000000f8680000,0x00000000f8680000,0x00000000f9200000)
  to   space 15360K, 0% used [0x00000000f7780000,0x00000000f7780000,0x00000000f8680000)
 ParOldGen       total 56832K, used 25581K [0x00000000c2400000, 0x00000000c5b80000, 0x00000000eb700000)
  object space 56832K, 45% used [0x00000000c2400000,0x00000000c3cfb4d0,0x00000000c5b80000)
 Metaspace       used 20576K, capacity 21136K, committed 21296K, reserved 1069056K
  class space    used 2441K, capacity 2618K, committed 2688K, reserved 1048576K
}
Event: 8.180 GC heap before
{Heap before GC invocations=12 (full 1):
 PSYoungGen      total 208896K, used 197120K [0x00000000eb700000, 0x00000000f9900000, 0x0000000100000000)
  eden space 197120K, 100% used [0x00000000eb700000,0x00000000f7780000,0x00000000f7780000)
  from space 11776K, 0% used [0x00000000f8680000,0x00000000f8680000,0x00000000f9200000)
  to   space 15360K, 0% used [0x00000000f7780000,0x00000000f7780000,0x00000000f8680000)
 ParOldGen       total 56832K, used 25581K [0x00000000c2400000, 0x00000000c5b80000, 0x00000000eb700000)
  object space 56832K, 45% used [0x00000000c2400000,0x00000000c3cfb4d0,0x00000000c5b80000)
 Metaspace       used 21724K, capacity 22352K, committed 22576K, reserved 1069056K
  class space    used 2497K, capacity 2682K, committed 2688K, reserved 1048576K
Event: 8.483 GC heap after
Heap after GC invocations=12 (full 1):
 PSYoungGen      total 212480K, used 15336K [0x00000000eb700000, 0x00000000ff800000, 0x0000000100000000)
  eden space 197120K, 0% used [0x00000000eb700000,0x00000000eb700000,0x00000000f7780000)
  from space 15360K, 99% used [0x00000000f7780000,0x00000000f867a000,0x00000000f8680000)
  to   space 36864K, 0% used [0x00000000fd400000,0x00000000fd400000,0x00000000ff800000)
 ParOldGen       total 78336K, used 78096K [0x00000000c2400000, 0x00000000c7080000, 0x00000000eb700000)
  object space 78336K, 99% used [0x00000000c2400000,0x00000000c7044150,0x00000000c7080000)
 Metaspace       used 21724K, capacity 22352K, committed 22576K, reserved 1069056K
  class space    used 2497K, capacity 2682K, committed 2688K, reserved 1048576K
}
Event: 8.486 GC heap before
{Heap before GC invocations=13 (full 2):
 PSYoungGen      total 212480K, used 15336K [0x00000000eb700000, 0x00000000ff800000, 0x0000000100000000)
  eden space 197120K, 0% used [0x00000000eb700000,0x00000000eb700000,0x00000000f7780000)
  from space 15360K, 99% used [0x00000000f7780000,0x00000000f867a000,0x00000000f8680000)
  to   space 36864K, 0% used [0x00000000fd400000,0x00000000fd400000,0x00000000ff800000)
 ParOldGen       total 78336K, used 78096K [0x00000000c2400000, 0x00000000c7080000, 0x00000000eb700000)
  object space 78336K, 99% used [0x00000000c2400000,0x00000000c7044150,0x00000000c7080000)
 Metaspace       used 21724K, capacity 22352K, committed 22576K, reserved 1069056K
  class space    used 2497K, capacity 2682K, committed 2688K, reserved 1048576K
Event: 8.989 GC heap after
Heap after GC invocations=13 (full 2):
 PSYoungGen      total 212480K, used 7625K [0x00000000eb700000, 0x00000000ff800000, 0x0000000100000000)
  eden space 197120K, 0% used [0x00000000eb700000,0x00000000eb700000,0x00000000f7780000)
  from space 15360K, 49% used [0x00000000f7780000,0x00000000f7ef25d8,0x00000000f8680000)
  to   space 36864K, 0% used [0x00000000fd400000,0x00000000fd400000,0x00000000ff800000)
 ParOldGen       total 144384K, used 78295K [0x00000000c2400000, 0x00000000cb100000, 0x00000000eb700000)
  object space 144384K, 54% used [0x00000000c2400000,0x00000000c7075dd0,0x00000000cb100000)
 Metaspace       used 21724K, capacity 22352K, committed 22576K, reserved 1069056K
  class space    used 2497K, capacity 2682K, committed 2688K, reserved 1048576K
}
Event: 10.487 GC heap before
{Heap before GC invocations=14 (full 2):
 PSYoungGen      total 212480K, used 204745K [0x00000000eb700000, 0x00000000ff800000, 0x0000000100000000)
  eden space 197120K, 100% used [0x00000000eb700000,0x00000000f7780000,0x00000000f7780000)
  from space 15360K, 49% used [0x00000000f7780000,0x00000000f7ef25d8,0x00000000f8680000)
  to   space 36864K, 0% used [0x00000000fd400000,0x00000000fd400000,0x00000000ff800000)
 ParOldGen       total 144384K, used 78295K [0x00000000c2400000, 0x00000000cb100000, 0x00000000eb700000)
  object space 144384K, 54% used [0x00000000c2400000,0x00000000c7075dd0,0x00000000cb100000)
 Metaspace       used 23032K, capacity 23720K, committed 23936K, reserved 1071104K
  class space    used 2603K, capacity 2818K, committed 2944K, reserved 1048576K
Event: 10.606 GC heap after
Heap after GC invocations=14 (full 2):
 PSYoungGen      total 275456K, used 36863K [0x00000000eb700000, 0x00000000ffd00000, 0x0000000100000000)
  eden space 238592K, 0% used [0x00000000eb700000,0x00000000eb700000,0x00000000fa000000)
  from space 36864K, 99% used [0x00000000fd400000,0x00000000ff7ffcb8,0x00000000ff800000)
  to   space 47616K, 0% used [0x00000000fa000000,0x00000000fa000000,0x00000000fce80000)
 ParOldGen       total 144384K, used 89853K [0x00000000c2400000, 0x00000000cb100000, 0x00000000eb700000)
  object space 144384K, 62% used [0x00000000c2400000,0x00000000c7bbf6a8,0x00000000cb100000)
 Metaspace       used 23032K, capacity 23720K, committed 23936K, reserved 1071104K
  class space    used 2603K, capacity 2818K, committed 2944K, reserved 1048576K
}
Event: 12.730 GC heap before
{Heap before GC invocations=15 (full 2):
 PSYoungGen      total 275456K, used 275455K [0x00000000eb700000, 0x00000000ffd00000, 0x0000000100000000)
  eden space 238592K, 100% used [0x00000000eb700000,0x00000000fa000000,0x00000000fa000000)
  from space 36864K, 99% used [0x00000000fd400000,0x00000000ff7ffcb8,0x00000000ff800000)
  to   space 47616K, 0% used [0x00000000fa000000,0x00000000fa000000,0x00000000fce80000)
 ParOldGen       total 144384K, used 89853K [0x00000000c2400000, 0x00000000cb100000, 0x00000000eb700000)
  object space 144384K, 62% used [0x00000000c2400000,0x00000000c7bbf6a8,0x00000000cb100000)
 Metaspace       used 25004K, capacity 25704K, committed 25856K, reserved 1073152K
  class space    used 2746K, capacity 2946K, committed 3072K, reserved 1048576K
Event: 12.936 GC heap after
Heap after GC invocations=15 (full 2):
 PSYoungGen      total 286208K, used 23879K [0x00000000eb700000, 0x0000000100000000, 0x0000000100000000)
  eden space 238592K, 0% used [0x00000000eb700000,0x00000000eb700000,0x00000000fa000000)
  from space 47616K, 50% used [0x00000000fa000000,0x00000000fb751c40,0x00000000fce80000)
  to   space 47104K, 0% used [0x00000000fd200000,0x00000000fd200000,0x0000000100000000)
 ParOldGen       total 144384K, used 126498K [0x00000000c2400000, 0x00000000cb100000, 0x00000000eb700000)
  object space 144384K, 87% used [0x00000000c2400000,0x00000000c9f88968,0x00000000cb100000)
 Metaspace       used 25004K, capacity 25704K, committed 25856K, reserved 1073152K
  class space    used 2746K, capacity 2946K, committed 3072K, reserved 1048576K
}
Event: 12.936 GC heap before
{Heap before GC invocations=16 (full 3):
 PSYoungGen      total 286208K, used 23879K [0x00000000eb700000, 0x0000000100000000, 0x0000000100000000)
  eden space 238592K, 0% used [0x00000000eb700000,0x00000000eb700000,0x00000000fa000000)
  from space 47616K, 50% used [0x00000000fa000000,0x00000000fb751c40,0x00000000fce80000)
  to   space 47104K, 0% used [0x00000000fd200000,0x00000000fd200000,0x0000000100000000)
 ParOldGen       total 144384K, used 126498K [0x00000000c2400000, 0x00000000cb100000, 0x00000000eb700000)
  object space 144384K, 87% used [0x00000000c2400000,0x00000000c9f88968,0x00000000cb100000)
 Metaspace       used 25004K, capacity 25704K, committed 25856K, reserved 1073152K
  class space    used 2746K, capacity 2946K, committed 3072K, reserved 1048576K

Deoptimization events (10 events):
Event: 12.215 Thread 0x00007f8f4c00a000 Uncommon trap: reason=unstable_if action=reinterpret pc=0x00007f8f3dff0398 method=com.sun.tools.javac.code.Types.isSubtype(Lcom/sun/tools/javac/code/Type;Lcom/sun/tools/javac/code/Type;Z)Z @ 117
Event: 12.254 Thread 0x00007f8f4c00a000 Uncommon trap: reason=class_check action=maybe_recompile pc=0x00007f8f3de30404 method=com.sun.tools.javac.code.Type$ClassType.allparams()Lcom/sun/tools/javac/util/List; @ 16
Event: 12.255 Thread 0x00007f8f4c00a000 Uncommon trap: reason=class_check action=maybe_recompile pc=0x00007f8f3de30404 method=com.sun.tools.javac.code.Type$ClassType.allparams()Lcom/sun/tools/javac/util/List; @ 16
Event: 12.329 Thread 0x00007f8f4c00a000 Uncommon trap: reason=class_check action=maybe_recompile pc=0x00007f8f3de30404 method=com.sun.tools.javac.code.Type$ClassType.allparams()Lcom/sun/tools/javac/util/List; @ 16
Event: 12.372 Thread 0x00007f8f4c00a000 Uncommon trap: reason=unstable_if action=reinterpret pc=0x00007f8f3dbacfc0 method=com.sun.tools.javac.comp.Check.checkUnique(Lcom/sun/tools/javac/util/JCDiagnostic$DiagnosticPosition;Lcom/sun/tools/javac/code/Symbol;Lcom/sun/tools/javac/code/Scope;)Z @ 7
Event: 12.545 Thread 0x00007f8f4c00a000 Uncommon trap: reason=unstable_if action=reinterpret pc=0x00007f8f3d2618b4 method=com.sun.tools.javac.util.IntHashTable.rehash()V @ 88
Event: 12.557 Thread 0x00007f8f4c00a000 Uncommon trap: reason=unstable_if action=reinterpret pc=0x00007f8f3d5aa6bc method=com.sun.tools.javac.comp.Resolve.selectBest(Lcom/sun/tools/javac/comp/Env;Lcom/sun/tools/javac/code/Type;Lcom/sun/tools/javac/util/List;Lcom/sun/tools/javac/util/List;Lcom/s
Event: 12.668 Thread 0x00007f8f4c00a000 Uncommon trap: reason=bimorphic action=maybe_recompile pc=0x00007f8f3dfb97b8 method=com.sun.tools.javac.comp.Resolve$AbstractMethodCheck.argumentsAcceptable(Lcom/sun/tools/javac/comp/Env;Lcom/sun/tools/javac/comp/DeferredAttr$DeferredAttrContext;Lcom/sun/
Event: 12.669 Thread 0x00007f8f4c00a000 Uncommon trap: reason=bimorphic action=maybe_recompile pc=0x00007f8f3dfb97b8 method=com.sun.tools.javac.comp.Resolve$AbstractMethodCheck.argumentsAcceptable(Lcom/sun/tools/javac/comp/Env;Lcom/sun/tools/javac/comp/DeferredAttr$DeferredAttrContext;Lcom/sun/
Event: 12.673 Thread 0x00007f8f4c00a000 Uncommon trap: reason=unstable_if action=reinterpret pc=0x00007f8f3ccf02c8 method=com.sun.tools.javac.util.Bits$BitsState.getState([IZ)Lcom/sun/tools/javac/util/Bits$BitsState; @ 1

Internal exceptions (10 events):
Event: 5.467 Thread 0x00007f8f4c00a000 Exception <a 'java/security/PrivilegedActionException'> (0x00000000eb930638) thrown at [/HUDSON3/workspace/8-2-build-linux-amd64/jdk8u144/9417/hotspot/src/share/vm/prims/jvm.cpp, line 1390]
Event: 5.467 Thread 0x00007f8f4c00a000 Exception <a 'java/security/PrivilegedActionException'> (0x00000000eb930a30) thrown at [/HUDSON3/workspace/8-2-build-linux-amd64/jdk8u144/9417/hotspot/src/share/vm/prims/jvm.cpp, line 1390]
Event: 7.410 Thread 0x00007f8f4c00a000 Exception <a 'java/io/FileNotFoundException'> (0x00000000f44d31c0) thrown at [/HUDSON3/workspace/8-2-build-linux-amd64/jdk8u144/9417/hotspot/src/share/vm/prims/jni.cpp, line 709]
Event: 7.416 Thread 0x00007f8f4c00a000 Exception <a 'java/io/FileNotFoundException'> (0x00000000f45081f0) thrown at [/HUDSON3/workspace/8-2-build-linux-amd64/jdk8u144/9417/hotspot/src/share/vm/prims/jni.cpp, line 709]
Event: 7.606 Thread 0x00007f8f4c00a000 Exception <a 'java/io/FileNotFoundException'> (0x00000000f560b890) thrown at [/HUDSON3/workspace/8-2-build-linux-amd64/jdk8u144/9417/hotspot/src/share/vm/prims/jni.cpp, line 709]
Event: 7.606 Thread 0x00007f8f4c00a000 Exception <a 'java/io/FileNotFoundException'> (0x00000000f560c5b0) thrown at [/HUDSON3/workspace/8-2-build-linux-amd64/jdk8u144/9417/hotspot/src/share/vm/prims/jni.cpp, line 709]
Event: 7.606 Thread 0x00007f8f4c00a000 Exception <a 'java/io/FileNotFoundException'> (0x00000000f560d2d8) thrown at [/HUDSON3/workspace/8-2-build-linux-amd64/jdk8u144/9417/hotspot/src/share/vm/prims/jni.cpp, line 709]
Event: 7.662 Thread 0x00007f8f4c00a000 Exception <a 'java/io/FileNotFoundException'> (0x00000000f5a7a5e8) thrown at [/HUDSON3/workspace/8-2-build-linux-amd64/jdk8u144/9417/hotspot/src/share/vm/prims/jni.cpp, line 709]
Event: 7.663 Thread 0x00007f8f4c00a000 Exception <a 'java/io/FileNotFoundException'> (0x00000000f5a99b80) thrown at [/HUDSON3/workspace/8-2-build-linux-amd64/jdk8u144/9417/hotspot/src/share/vm/prims/jni.cpp, line 709]
Event: 10.449 Thread 0x00007f8f4c00a000 Exception <a 'java/io/FileNotFoundException'> (0x00000000f71352d0) thrown at [/HUDSON3/workspace/8-2-build-linux-amd64/jdk8u144/9417/hotspot/src/share/vm/prims/jni.cpp, line 709]

Events (10 events):
Event: 12.668 Thread 0x00007f8f4c00a000 DEOPT UNPACKING pc=0x00007f8f3cbd8229 sp=0x00007f8f52ccb070 mode 2
Event: 12.669 Thread 0x00007f8f4c00a000 Uncommon trap: trap_request=0xffffffc6 fr.pc=0x00007f8f3dfb97b8
Event: 12.669 Thread 0x00007f8f4c00a000 DEOPT PACKING pc=0x00007f8f3dfb97b8 sp=0x00007f8f52ccb190
Event: 12.669 Thread 0x00007f8f4c00a000 DEOPT UNPACKING pc=0x00007f8f3cbd8229 sp=0x00007f8f52ccb150 mode 2
Event: 12.673 Thread 0x00007f8f4c00a000 Uncommon trap: trap_request=0xffffff65 fr.pc=0x00007f8f3ccf02c8
Event: 12.673 Thread 0x00007f8f4c00a000 DEOPT PACKING pc=0x00007f8f3ccf02c8 sp=0x00007f8f52cce060
Event: 12.673 Thread 0x00007f8f4c00a000 DEOPT UNPACKING pc=0x00007f8f3cbd8229 sp=0x00007f8f52ccdfb8 mode 2
Event: 12.687 Thread 0x00007f8f4c00a000 DEOPT PACKING pc=0x00007f8f3e0cbbac sp=0x00007f8f52ccdb80
Event: 12.687 Thread 0x00007f8f4c00a000 DEOPT UNPACKING pc=0x00007f8f3cc1a633 sp=0x00007f8f52ccd930 mode 0
Event: 12.730 Executing VM operation: ParallelGCFailedAllocation


Dynamic libraries:
00400000-00401000 r-xp 00000000 08:01 1711591                            /usr/lib/jvm/java-8-oracle/bin/java
00600000-00601000 rw-p 00000000 08:01 1711591                            /usr/lib/jvm/java-8-oracle/bin/java
00cbb000-00cdc000 rw-p 00000000 00:00 0                                  [heap]
c2400000-cb100000 rw-p 00000000 00:00 0 
d0180000-eb700000 ---p 00000000 00:00 0 
eb700000-100000000 rw-p 00000000 00:00 0 
100000000-100300000 rw-p 00000000 00:00 0 
100300000-140000000 ---p 00000000 00:00 0 
7f8f073c9000-7f8f07409000 rw-p 00000000 00:00 0 
7f8f07409000-7f8f075c9000 ---p 00000000 00:00 0 
7f8f075c9000-7f8f075cb000 r--s 0000b000 08:01 921145                     /home/madunlap/.m2/repository/org/json/json/20160212/json-20160212.jar
7f8f075cb000-7f8f075cd000 r--s 00009000 08:01 921147                     /home/madunlap/.m2/repository/com/mashape/unirest/unirest-java/1.4.9/unirest-java-1.4.9.jar
7f8f075cd000-7f8f075cf000 r--s 0000e000 08:01 921141                     /home/madunlap/.m2/repository/org/jvnet/mimepull/mimepull/1.9.6/mimepull-1.9.6.jar
7f8f075cf000-7f8f075d2000 r--s 0000e000 08:01 921143                     /home/madunlap/.m2/repository/org/glassfish/jersey/media/jersey-media-multipart/2.23.2/jersey-media-multipart-2.23.2.jar
7f8f075d2000-7f8f075d6000 r--s 00019000 08:01 921137                     /home/madunlap/.m2/repository/javax/ws/rs/javax.ws.rs-api/2.0.1/javax.ws.rs-api-2.0.1.jar
7f8f075d6000-7f8f075d8000 r--s 00010000 08:01 921134                     /home/madunlap/.m2/repository/org/glassfish/jersey/media/jersey-media-jaxb/2.23.2/jersey-media-jaxb-2.23.2.jar
7f8f075d8000-7f8f075dd000 r--s 00025000 08:01 921138                     /home/madunlap/.m2/repository/org/glassfish/jersey/core/jersey-client/2.23.2/jersey-client-2.23.2.jar
7f8f075dd000-7f8f075f3000 r--s 000d3000 08:01 921133                     /home/madunlap/.m2/repository/org/glassfish/jersey/core/jersey-server/2.23.2/jersey-server-2.23.2.jar
7f8f075f3000-7f8f075f4000 r--s 00004000 08:01 921129                     /home/madunlap/.m2/repository/org/glassfish/hk2/osgi-resource-locator/1.0.1/osgi-resource-locator-1.0.1.jar
7f8f075f4000-7f8f075fe000 r--s 000ae000 08:01 921127                     /home/madunlap/.m2/repository/org/javassist/javassist/3.20.0-GA/javassist-3.20.0-GA.jar
7f8f075fe000-7f8f07601000 r--s 0002a000 08:01 921123                     /home/madunlap/.m2/repository/org/glassfish/hk2/hk2-locator/2.5.0-b05/hk2-locator-2.5.0-b05.jar
7f8f07601000-7f8f07603000 r--s 00002000 08:01 921128                     /home/madunlap/.m2/repository/org/glassfish/hk2/external/aopalliance-repackaged/2.5.0-b05/aopalliance-repackaged-2.5.0-b05.jar
7f8f07603000-7f8f07607000 r--s 0001a000 08:01 921125                     /home/madunlap/.m2/repository/org/glassfish/hk2/hk2-utils/2.5.0-b05/hk2-utils-2.5.0-b05.jar
7f8f07607000-7f8f0760c000 r--s 00027000 08:01 921118                     /home/madunlap/.m2/repository/org/glassfish/hk2/hk2-api/2.5.0-b05/hk2-api-2.5.0-b05.jar
7f8f0760c000-7f8f07624000 r--s 000d6000 08:01 921120                     /home/madunlap/.m2/repository/org/glassfish/jersey/bundles/repackaged/jersey-guava/2.23.2/jersey-guava-2.23.2.jar
7f8f07624000-7f8f07626000 r--s 00005000 08:01 921116                     /home/madunlap/.m2/repository/javax/annotation/javax.annotation-api/1.2/javax.annotation-api-1.2.jar
7f8f07626000-7f8f07635000 r--s 000a0000 08:01 921111                     /home/madunlap/.m2/repository/org/glassfish/jersey/core/jersey-common/2.23.2/jersey-common-2.23.2.jar
7f8f07635000-7f8f07636000 r--s 00001000 08:01 921113                     /home/madunlap/.m2/repository/org/glassfish/hk2/external/javax.inject/2.5.0-b05/javax.inject-2.5.0-b05.jar
7f8f07636000-7f8f07639000 r--s 0000e000 08:01 921110                     /home/madunlap/.m2/repository/org/glassfish/jersey/containers/jersey-container-servlet-core/2.23.2/jersey-container-servlet-core-2.23.2.jar
7f8f07639000-7f8f0763b000 r--s 00003000 08:01 921107                     /home/madunlap/.m2/repository/org/glassfish/jersey/containers/jersey-container-servlet/2.23.2/jersey-container-servlet-2.23.2.jar
7f8f0763b000-7f8f0763d000 r--s 00008000 08:01 921112                     /home/madunlap/.m2/repository/com/google/auto/auto-common/0.3/auto-common-0.3.jar
7f8f0763d000-7f8f0783d000 rw-p 00000000 00:00 0 
7f8f0783d000-7f8f0783e000 r--s 00002000 08:01 921105                     /home/madunlap/.m2/repository/com/google/auto/service/auto-service/1.0-rc2/auto-service-1.0-rc2.jar
7f8f0783e000-7f8f07840000 r--s 0000c000 08:01 921153                     /home/madunlap/.m2/repository/com/lyncode/xoai-service-provider/4.1.0-header-patch/xoai-service-provider-4.1.0-header-patch.jar
7f8f07840000-7f8f07841000 r--s 00001000 08:01 921104                     /home/madunlap/.m2/repository/com/lyncode/builder-commons/1.0.2/builder-commons-1.0.2.jar
7f8f07841000-7f8f07844000 r--s 00012000 08:01 921152                     /home/madunlap/.m2/repository/com/lyncode/xoai-data-provider/4.1.0-header-patch/xoai-data-provider-4.1.0-header-patch.jar
7f8f07844000-7f8f07846000 r--s 00005000 08:01 791390                     /home/madunlap/.m2/repository/stax/stax-api/1.0.1/stax-api-1.0.1.jar
7f8f07846000-7f8f0784c000 r--s 00048000 08:01 921101                     /home/madunlap/.m2/repository/org/apache/commons/commons-lang3/3.1/commons-lang3-3.1.jar
7f8f0784c000-7f8f0784e000 r--s 00004000 08:01 921097                     /home/madunlap/.m2/repository/javax/xml/stream/stax-api/1.0-2/stax-api-1.0-2.jar
7f8f0784e000-7f8f07852000 r--s 00029000 08:01 921098                     /home/madunlap/.m2/repository/org/codehaus/woodstox/stax2-api/3.0.4/stax2-api-3.0.4.jar
7f8f07852000-7f8f07858000 r--s 00045000 08:01 921095                     /home/madunlap/.m2/repository/org/hamcrest/hamcrest-all/1.3/hamcrest-all-1.3.jar
7f8f07858000-7f8f07859000 r--s 00003000 08:01 921092                     /home/madunlap/.m2/repository/com/lyncode/test-support/1.0.4/test-support-1.0.4.jar
7f8f07859000-7f8f0785b000 r--s 00004000 08:01 921090                     /home/madunlap/.m2/repository/com/lyncode/xml-io/1.0.3/xml-io-1.0.3.jar
7f8f0785b000-7f8f0785d000 r--s 0000d000 08:01 921151                     /home/madunlap/.m2/repository/com/lyncode/xoai-common/4.1.0-header-patch/xoai-common-4.1.0-header-patch.jar
7f8f0785d000-7f8f07860000 r--s 00011000 08:01 921088                     /home/madunlap/.m2/repository/com/github/scribejava/scribejava-core/3.1.0/scribejava-core-3.1.0.jar
7f8f07860000-7f8f07863000 r--s 00010000 08:01 921084                     /home/madunlap/.m2/repository/com/github/scribejava/scribejava-apis/3.1.0/scribejava-apis-3.1.0.jar
7f8f07863000-7f8f0786c000 r--s 0006f000 08:01 921083                     /home/madunlap/.m2/repository/log4j/log4j/1.2.17/log4j-1.2.17.jar
7f8f0786c000-7f8f07943000 r--s 007aa000 08:01 921093                     /home/madunlap/.m2/repository/net/sf/ehcache/ehcache/2.10.1/ehcache-2.10.1.jar
7f8f07943000-7f8f07945000 r--s 00008000 08:01 921082                     /home/madunlap/.m2/repository/org/apache/commons/commons-csv/1.2/commons-csv-1.2.jar
7f8f07945000-7f8f07949000 r--s 00035000 08:01 921081                     /home/madunlap/.m2/repository/com/fasterxml/jackson/core/jackson-core/2.5.3/jackson-core-2.5.3.jar
7f8f07949000-7f8f0794b000 r--s 00008000 08:01 921075                     /home/madunlap/.m2/repository/com/fasterxml/jackson/core/jackson-annotations/2.5.0/jackson-annotations-2.5.0.jar
7f8f0794b000-7f8f0795d000 r--s 00106000 08:01 921073                     /home/madunlap/.m2/repository/com/fasterxml/jackson/core/jackson-databind/2.5.3/jackson-databind-2.5.3.jar
7f8f0795d000-7f8f07960000 r--s 00006000 08:01 921070                     /home/madunlap/.m2/repository/com/google/code/findbugs/jsr305/1.3.9/jsr305-1.3.9.jar
7f8f07960000-7f8f07966000 r--s 00040000 08:01 921074                     /home/madunlap/.m2/repository/com/google/http-client/google-http-client/1.20.0/google-http-client-1.20.0.jar
7f8f07966000-7f8f07967000 r--s 00004000 08:01 921066                     /home/madunlap/.m2/repository/com/maxmind/db/maxmind-db/1.0.0/maxmind-db-1.0.0.jar
7f8f07967000-7f8f07969000 r--s 00007000 08:01 921064                     /home/madunlap/.m2/repository/com/maxmind/geoip2/geoip2/2.3.1/geoip2-2.3.1.jar
7f8f07969000-7f8f0796d000 r--s 00034000 08:01 921067                     /home/madunlap/.m2/repository/org/codehaus/jackson/jackson-core-asl/1.9.7/jackson-core-asl-1.9.7.jar
7f8f0796d000-7f8f0797c000 r--s 000b0000 08:01 921065                     /home/madunlap/.m2/repository/org/codehaus/jackson/jackson-mapper-asl/1.9.7/jackson-mapper-asl-1.9.7.jar
7f8f0797c000-7f8f07986000 r--s 0003d000 08:01 921060                     /home/madunlap/.m2/repository/org/javaswift/joss/0.9.10/joss-0.9.10.jar
7f8f07986000-7f8f0798d000 r--s 0003a000 08:01 921056                     /home/madunlap/.m2/repository/commons-codec/commons-codec/1.9/commons-codec-1.9.jar
7f8f0798d000-7f8f0799b000 r--s 00081000 08:01 791324                     /home/madunlap/.m2/repository/colt/colt/1.2.0/colt-1.2.0.jar
7f8f0799b000-7f8f079a2000 r--s 00048000 08:01 921054                     /home/madunlap/.m2/repository/org/apache/httpcomponents/httpcore/4.4.1/httpcore-4.4.1.jar
7f8f079a2000-7f8f079af000 r--s 000a4000 08:01 921052                     /home/madunlap/.m2/repository/org/apache/httpcomponents/httpclient/4.4.1/httpclient-4.4.1.jar
7f8f079af000-7f8f079b3000 r--s 00028000 08:01 921050                     /home/madunlap/.m2/repository/org/apache/httpcomponents/httpasyncclient/4.1/httpasyncclient-4.1.jar
7f8f079b3000-7f8f079ba000 r--s 00050000 08:01 921049                     /home/madunlap/.m2/repository/org/apache/httpcomponents/httpcore-nio/4.4.1/httpcore-nio-4.4.1.jar
7f8f079ba000-7f8f079c0000 r--s 00033000 08:01 921046                     /home/madunlap/.m2/repository/io/searchbox/jest-common/0.1.7/jest-common-0.1.7.jar
7f8f079c0000-7f8f079c1000 r--s 00004000 08:01 921045                     /home/madunlap/.m2/repository/io/searchbox/jest/0.1.7/jest-0.1.7.jar
7f8f079c1000-7f8f079c2000 r--s 00004000 08:01 921039                     /home/madunlap/.m2/repository/org/apache/axis/axis-saaj/1.4/axis-saaj-1.4.jar
7f8f079c2000-7f8f079c4000 r--s 00006000 08:01 921036                     /home/madunlap/.m2/repository/org/apache/axis/axis-jaxrpc/1.4/axis-jaxrpc-1.4.jar
7f8f079c4000-7f8f079d8000 r--s 00173000 08:01 921038                     /home/madunlap/.m2/repository/axis/axis/1.4/axis-1.4.jar
7f8f079d8000-7f8f079f4000 r--s 00103000 08:01 921030                     /home/madunlap/.m2/repository/org/mockito/mockito-core/1.10.19/mockito-core-1.10.19.jar
7f8f079f4000-7f8f079f6000 r--s 00001000 08:01 921031                     /home/madunlap/.m2/repository/org/slf4j/slf4j-log4j12/1.7.7/slf4j-log4j12-1.7.7.jar
7f8f079f6000-7f8f079f8000 r--s 00006000 08:01 791385                     /home/madunlap/.m2/repository/org/slf4j/slf4j-api/1.7.7/slf4j-api-1.7.7.jar
7f8f079f8000-7f8f079fa000 r--s 00008000 08:01 920991                     /home/madunlap/.m2/repository/classworlds/classworlds/1.1-alpha-2/classworlds-1.1-alpha-2.jar
7f8f079fa000-7f8f07a01000 r--s 00029000 08:01 920988                     /home/madunlap/.m2/repository/org/codehaus/plexus/plexus-container-default/1.0-alpha-9-stable-1/plexus-container-default-1.0-alpha-9-stable-1.jar
7f8f07a01000-7f8f07a04000 r--s 00011000 08:01 920989                     /home/madunlap/.m2/repository/org/apache/maven/maven-artifact/2.2.1/maven-artifact-2.2.1.jar
7f8f07a04000-7f8f07a06000 r--s 00006000 08:01 920982                     /home/madunlap/.m2/repository/org/apache/maven/maven-plugin-registry/2.2.1/maven-plugin-registry-2.2.1.jar
7f8f07a06000-7f8f07a08000 r--s 0000b000 08:01 920978                     /home/madunlap/.m2/repository/org/apache/maven/wagon/wagon-provider-api/1.0-beta-6/wagon-provider-api-1.0-beta-6.jar
7f8f07a08000-7f8f07a0a000 r--s 00005000 08:01 920980                     /home/madunlap/.m2/repository/org/apache/maven/maven-repository-metadata/2.2.1/maven-repository-metadata-2.2.1.jar
7f8f07a0a000-7f8f07a0c000 r--s 0000f000 08:01 920975                     /home/madunlap/.m2/repository/org/apache/maven/maven-artifact-manager/2.2.1/maven-artifact-manager-2.2.1.jar
7f8f07a0c000-7f8f07a0e000 r--s 00014000 08:01 920971                     /home/madunlap/.m2/repository/org/apache/maven/maven-model/2.2.1/maven-model-2.2.1.jar
7f8f07a0e000-7f8f07a10000 r--s 00007000 08:01 920969                     /home/madunlap/.m2/repository/org/apache/maven/maven-profile/2.2.1/maven-profile-2.2.1.jar
7f8f07a10000-7f8f07a11000 r--s 0000b000 08:01 920972                     /home/madunlap/.m2/repository/org/apache/maven/maven-settings/2.2.1/maven-settings-2.2.1.jar
7f8f07a11000-7f8f07a15000 r--s 00023000 08:01 920973                     /home/madunlap/.m2/repository/org/apache/maven/maven-project/2.2.1/maven-project-2.2.1.jar
7f8f07a15000-7f8f07a17000 r--s 00002000 08:01 661356                     /home/madunlap/.m2/repository/org/apache/maven/maven-plugin-api/2.2.1/maven-plugin-api-2.2.1.jar
7f8f07a17000-7f8f07a19000 r--s 00015000 08:01 791373                     /home/madunlap/.m2/repository/org/ccil/cowan/tagsoup/tagsoup/1.2.1/tagsoup-1.2.1.jar
7f8f07a19000-7f8f07a1f000 r--s 00044000 08:01 791367                     /home/madunlap/.m2/repository/org/jsoup/jsoup/1.8.1/jsoup-1.8.1.jar
7f8f07a1f000-7f8f07a21000 r--s 00004000 08:01 791401                     /home/madunlap/.m2/repository/edu/ucsb/nceas/ezid/1.0.0/ezid-1.0.0.jar
7f8f07a21000-7f8f07a24000 r--s 0000b000 08:01 791362                     /home/madunlap/.m2/repository/org/ocpsoft/rewrite/rewrite-integration-faces/2.0.12.Final/rewrite-integration-faces-2.0.12.Final.jar
7f8f07a24000-7f8f07a26000 r--s 00001000 08:01 791360                     /home/madunlap/.m2/repository/org/ocpsoft/rewrite/rewrite-annotations-api/2.0.12.Final/rewrite-annotations-api-2.0.12.Final.jar
7f8f07a26000-7f8f07a27000 r--s 00005000 08:01 791359                     /home/madunlap/.m2/repository/org/ocpsoft/rewrite/rewrite-addressbuilder/2.0.12.Final/rewrite-addressbuilder-2.0.12.Final.jar
7f8f07a27000-7f8f07a29000 r--s 00008000 08:01 791357                     /home/madunlap/.m2/repository/org/ocpsoft/rewrite/rewrite-api-servlet/2.0.12.Final/rewrite-api-servlet-2.0.12.Final.jar
7f8f07a29000-7f8f07a2b000 r--s 00001000 08:01 791354                     /home/madunlap/.m2/repository/org/ocpsoft/logging/logging-api/1.0.2.Final/logging-api-1.0.2.Final.jar
7f8f07a2b000-7f8f07a2f000 r--s 00018000 08:01 791351                     /home/madunlap/.m2/repository/org/ocpsoft/rewrite/rewrite-api/2.0.12.Final/rewrite-api-2.0.12.Final.jar
7f8f07a2f000-7f8f07a31000 r--s 00005000 08:01 791349                     /home/madunlap/.m2/repository/org/ocpsoft/rewrite/rewrite-annotations-impl/2.0.12.Final/rewrite-annotations-impl-2.0.12.Final.jar
7f8f07a31000-7f8f07a3f000 r--s 00092000 08:01 791352                     /home/madunlap/.m2/repository/org/ocpsoft/rewrite/rewrite-config-prettyfaces/2.0.12.Final/rewrite-config-prettyfaces-2.0.12.Final.jar
7f8f07a3f000-7f8f07a4d000 r--s 0005f000 08:01 791345                     /home/madunlap/.m2/repository/org/ocpsoft/rewrite/rewrite-servlet/2.0.12.Final/rewrite-servlet-2.0.12.Final.jar
7f8f07a4d000-7f8f07a51000 r--s 0003c000 08:01 791218                     /home/madunlap/.m2/repository/javax/media/jai_codec/1.1.3/jai_codec-1.1.3.jar
7f8f07a51000-7f8f07a65000 r--s 001bd000 08:01 791220                     /home/madunlap/.m2/repository/javax/media/jai_core/1.1.3/jai_core-1.1.3.jar
7f8f07a65000-7f8f07a76000 r--s 00106000 08:01 791219                     /home/madunlap/.m2/repository/javax/media/jai_imageio/1.1.1/jai_imageio-1.1.1.jar
7f8f07a76000-7f8f07a78000 r--s 00009000 08:01 791399                     /home/madunlap/.m2/repository/edu/harvard/hul/ois/jhove/jhove-handler/1.11.0/jhove-handler-1.11.0.jar
7f8f07a78000-7f8f07a81000 r--s 00079000 08:01 791398                     /home/madunlap/.m2/repository/edu/harvard/hul/ois/jhove/jhove-module/1.11.0/jhove-module-1.11.0.jar
7f8f07a81000-7f8f07a84000 r--s 00011000 08:01 791396                     /home/madunlap/.m2/repository/edu/harvard/hul/ois/jhove/jhove/1.11.0/jhove-1.11.0.jar
7f8f07a84000-7f8f07a94000 r--s 0011f000 08:01 791342                     /home/madunlap/.m2/repository/org/apache/poi/poi-scratchpad/3.10-FINAL/poi-scratchpad-3.10-FINAL.jar
7f8f07a94000-7f8f07a9a000 r--s 00047000 08:01 791341                     /home/madunlap/.m2/repository/org/apache/poi/poi-examples/3.10-FINAL/poi-examples-3.10-FINAL.jar
7f8f07a9a000-7f8f07a9f000 r--s 00048000 08:01 791338                     /home/madunlap/.m2/repository/dom4j/dom4j/1.6.1/dom4j-1.6.1.jar
7f8f07a9f000-7f8f07adc000 r--s 0024f000 08:01 791336                     /home/madunlap/.m2/repository/org/apache/xmlbeans/xmlbeans/2.3.0/xmlbeans-2.3.0.jar
7f8f07adc000-7f8f07b74000 r--s 00420000 08:01 791334                     /home/madunlap/.m2/repository/org/apache/poi/poi-ooxml-schemas/3.10-FINAL/poi-ooxml-schemas-3.10-FINAL.jar
7f8f07b74000-7f8f07b82000 r--s 000ee000 08:01 791333                     /home/madunlap/.m2/repository/org/apache/poi/poi-ooxml/3.10-FINAL/poi-ooxml-3.10-FINAL.jar
7f8f07b82000-7f8f07ba4000 r--s 001bb000 08:01 791332                     /home/madunlap/.m2/repository/org/apache/poi/poi/3.10-FINAL/poi-3.10-FINAL.jar
7f8f07ba4000-7f8f07ba6000 r--s 00006000 08:01 791331                     /home/madunlap/.m2/repository/org/nuiton/thirdparty/Rserve/0.6-1/Rserve-0.6-1.jar
7f8f07ba6000-7f8f07baf000 r--s 000a6000 08:01 791393                     /home/madunlap/.m2/repository/net/handle/handle/2006-06-16-generated/handle-2006-06-16-generated.jar
7f8f07baf000-7f8f07bb4000 r--s 00040000 08:01 791224                     /home/madunlap/.m2/repository/commons-httpclient/commons-httpclient/3.0.1/commons-httpclient-3.0.1.jar
7f8f07bb4000-7f8f07bf4000 r--s 00285000 08:01 925253                     /home/madunlap/.m2/repository/org/bouncycastle/bcprov-jdk15on/1.52/bcprov-jdk15on-1.52.jar
7f8f07bf4000-7f8f08000000 r--s 03c80000 08:01 791225                     /home/madunlap/.m2/repository/com/amazonaws/aws-java-sdk-bundle/1.11.172/aws-java-sdk-bundle-1.11.172.jar
7f8f08000000-7f8f08021000 rw-p 00000000 00:00 0 
7f8f08021000-7f8f0c000000 ---p 00000000 00:00 0 
7f8f0c000000-7f8f0c021000 rw-p 00000000 00:00 0 
7f8f0c021000-7f8f10000000 ---p 00000000 00:00 0 
7f8f10000000-7f8f10001000 r--s 00003000 08:01 791353                     /home/madunlap/.m2/repository/org/ocpsoft/common/common-api/1.0.5.Final/common-api-1.0.5.Final.jar
7f8f10001000-7f8f10003000 r--s 00006000 08:01 791328                     /home/madunlap/.m2/repository/org/nuiton/thirdparty/REngine/0.6-1/REngine-0.6-1.jar
7f8f10003000-7f8f10007000 r--s 00021000 08:01 925254                     /home/madunlap/.m2/repository/org/cryptacular/cryptacular/1.1.0/cryptacular-1.1.0.jar
7f8f10007000-7f8f1000a000 r--s 00011000 08:01 925252                     /home/madunlap/.m2/repository/org/passay/passay/1.1.0/passay-1.1.0.jar
7f8f1000a000-7f8f1000b000 r--s 0000c000 08:01 791397                     /home/madunlap/.m2/repository/org/dataverse/unf/6.0/unf-6.0.jar
7f8f1000b000-7f8f1000c000 r--s 00018000 08:01 791394                     /home/madunlap/.m2/repository/edu/harvard/iq/dvn/unf5/5.0/unf5-5.0.jar
7f8f1000c000-7f8f1000f000 r--s 00035000 08:01 791395                     /home/madunlap/.m2/repository/nom/tam/fits/fits/2012-10-25-generated/fits-2012-10-25-generated.jar
7f8f1000f000-7f8f10016000 r--s 00028000 08:01 791326                     /home/madunlap/.m2/repository/concurrent/concurrent/1.3.4/concurrent-1.3.4.jar
7f8f10016000-7f8f10023000 r--s 00083000 08:01 791320                     /home/madunlap/.m2/repository/commons-collections/commons-collections/3.2.2/commons-collections-3.2.2.jar
7f8f10023000-7f8f10027000 r--s 00020000 08:01 791319                     /home/madunlap/.m2/repository/commons-digester/commons-digester/1.8.1/commons-digester-1.8.1.jar
7f8f10027000-7f8f1002c000 r--s 00035000 08:01 791317                     /home/madunlap/.m2/repository/commons-beanutils/commons-beanutils/1.9.2/commons-beanutils-1.9.2.jar
7f8f1002c000-7f8f10030000 r--s 0002a000 08:01 791315                     /home/madunlap/.m2/repository/commons-validator/commons-validator/1.6/commons-validator-1.6.jar
7f8f10030000-7f8f10043000 r--s 000df000 08:01 791313                     /home/madunlap/.m2/repository/org/apache/commons/commons-math/2.2/commons-math-2.2.jar
7f8f10043000-7f8f10045000 r--s 0000e000 08:01 791309                     /home/madunlap/.m2/repository/commons-logging/commons-logging/1.1.3/commons-logging-1.1.3.jar
7f8f10045000-7f8f10047000 r--s 00005000 08:01 791311                     /home/madunlap/.m2/repository/org/apache/httpcomponents/httpmime/4.2.6/httpmime-4.2.6.jar
7f8f10047000-7f8f10048000 r--s 00005000 08:01 791308                     /home/madunlap/.m2/repository/org/noggit/noggit/0.5/noggit-0.5.jar
7f8f10048000-7f8f10054000 r--s 000b3000 08:01 791304                     /home/madunlap/.m2/repository/org/apache/zookeeper/zookeeper/3.4.5/zookeeper-3.4.5.jar
7f8f10054000-7f8f1005c000 r--s 0005b000 08:01 791305                     /home/madunlap/.m2/repository/org/apache/solr/solr-solrj/4.6.0/solr-solrj-4.6.0.jar
7f8f1005c000-7f8f1005e000 r--s 0000d000 08:01 791302                     /home/madunlap/.m2/repository/com/fasterxml/classmate/1.0.0/classmate-1.0.0.jar
7f8f1005e000-7f8f10060000 r--s 0000d000 08:01 791296                     /home/madunlap/.m2/repository/org/jboss/logging/jboss-logging/3.1.1.GA/jboss-logging-3.1.1.GA.jar
7f8f10060000-7f8f10064000 r--s 0000c000 08:01 791294                     /home/madunlap/.m2/repository/javax/validation/validation-api/1.1.0.Final/validation-api-1.1.0.Final.jar
7f8f10064000-7f8f10071000 r--s 00080000 08:01 791293                     /home/madunlap/.m2/repository/org/hibernate/hibernate-validator/5.0.3.Final/hibernate-validator-5.0.3.Final.jar
7f8f10071000-7f8f1007b000 r--s 0006b000 08:01 791289                     /home/madunlap/.m2/repository/org/omnifaces/omnifaces/1.7/omnifaces-1.7.jar
7f8f1007b000-7f8f1008a000 r--s 000c4000 08:01 791290                     /home/madunlap/.m2/repository/org/atmosphere/atmosphere-runtime/2.4.2/atmosphere-runtime-2.4.2.jar
7f8f1008a000-7f8f1009e000 r--s 0013a000 08:01 791121                     /home/madunlap/.m2/repository/org/primefaces/themes/all-themes/1.0.10/all-themes-1.0.10.jar
7f8f1009e000-7f8f100ca000 r--s 00318000 08:01 791288                     /home/madunlap/.m2/repository/org/primefaces/primefaces/5.3/primefaces-5.3.jar
7f8f100ca000-7f8f100ec000 r--s 00120000 08:01 791284                     /home/madunlap/.m2/repository/javax/javaee-web-api/7.0/javaee-web-api-7.0.jar
7f8f100ec000-7f8f100ee000 r--s 0000e000 08:01 791282                     /home/madunlap/.m2/repository/javax/activation/activation/1.1/activation-1.1.jar
7f8f100ee000-7f8f100f6000 r--s 00078000 08:01 791280                     /home/madunlap/.m2/repository/com/sun/mail/javax.mail/1.5.0/javax.mail-1.5.0.jar
7f8f100f6000-7f8f1012a000 r--s 001a4000 08:01 791278                     /home/madunlap/.m2/repository/javax/javaee-api/7.0/javaee-api-7.0.jar
7f8f1012a000-7f8f10155000 r--s 001f5000 08:01 791277                     /home/madunlap/.m2/repository/com/google/guava/guava/16.0.1/guava-16.0.1.jar
7f8f10155000-7f8f10156000 r--s 00004000 08:01 791275                     /home/madunlap/.m2/repository/org/mindrot/jbcrypt/0.3m/jbcrypt-0.3m.jar
7f8f10156000-7f8f10174000 r--s 0027d000 08:01 791273                     /home/madunlap/.m2/repository/xalan/xalan/2.7.0/xalan-2.7.0.jar
7f8f10174000-7f8f10188000 r--s 000e3000 08:01 791272                     /home/madunlap/.m2/repository/xerces/xercesImpl/2.6.2/xercesImpl-2.6.2.jar
7f8f10188000-7f8f1018e000 r--s 00019000 08:01 791270                     /home/madunlap/.m2/repository/xerces/xmlParserAPIs/2.6.2/xmlParserAPIs-2.6.2.jar
7f8f1018e000-7f8f10195000 r--s 00063000 08:01 791268                     /home/madunlap/.m2/repository/xom/xom/1.1/xom-1.1.jar
7f8f10195000-7f8f1019a000 r--s 0002a000 08:01 791265                     /home/madunlap/.m2/repository/com/google/code/gson/gson/2.2.4/gson-2.2.4.jar
7f8f1019a000-7f8f1019e000 r--s 00027000 08:01 791263                     /home/madunlap/.m2/repository/commons-io/commons-io/2.2/commons-io-2.2.jar
7f8f1019e000-7f8f101a0000 r--s 0000f000 08:01 791260                     /home/madunlap/.m2/repository/commons-fileupload/commons-fileupload/1.3.1/commons-fileupload-1.3.1.jar
7f8f101a0000-7f8f101a6000 r--s 00032000 08:01 791261                     /home/madunlap/.m2/repository/jaxen/jaxen/1.1.1/jaxen-1.1.1.jar
7f8f101a6000-7f8f101ad000 r--s 00079000 08:01 661348                     /home/madunlap/.m2/repository/org/codehaus/woodstox/wstx-asl/3.2.6/wstx-asl-3.2.6.jar
7f8f101ad000-7f8f101b2000 r--s 00070000 08:01 661349                     /home/madunlap/.m2/repository/org/codehaus/woodstox/woodstox-core-asl/4.1.4/woodstox-core-asl-4.1.4.jar
7f8f101b2000-7f8f101b6000 r--s 00026000 08:01 791256                     /home/madunlap/.m2/repository/org/apache/ws/commons/axiom/axiom-impl/1.2.14/axiom-impl-1.2.14.jar
7f8f101b6000-7f8f101b9000 r--s 00015000 08:01 791254                     /home/madunlap/.m2/repository/org/apache/james/apache-mime4j-core/0.7.2/apache-mime4j-core-0.7.2.jar
7f8f101b9000-7f8f101be000 r--s 00032000 08:01 791252                     /home/madunlap/.m2/repository/org/apache/geronimo/specs/geronimo-javamail_1.4_spec/1.7.1/geronimo-javamail_1.4_spec-1.7.1.jar
7f8f101be000-7f8f101c8000 r--s 0005d000 08:01 791250                     /home/madunlap/.m2/repository/org/apache/ws/commons/axiom/axiom-api/1.2.14/axiom-api-1.2.14.jar
7f8f101c8000-7f8f101cb000 r--s 0014e000 08:01 791249                     /home/madunlap/.m2/repository/org/apache/abdera/abdera-parser/1.1.3/abdera-parser-1.1.3.jar
7f8f101cb000-7f8f101cd000 r--s 00006000 08:01 791245                     /home/madunlap/.m2/repository/org/apache/geronimo/specs/geronimo-stax-api_1.0_spec/1.0.1/geronimo-stax-api_1.0_spec-1.0.1.jar
7f8f101cd000-7f8f101cf000 r--s 0000a000 08:01 791243                     /home/madunlap/.m2/repository/org/apache/geronimo/specs/geronimo-activation_1.1_spec/1.1/geronimo-activation_1.1_spec-1.1.jar
7f8f101cf000-7f8f101d3000 r--s 00094000 08:01 791246                     /home/madunlap/.m2/repository/org/apache/abdera/abdera-i18n/1.1.3/abdera-i18n-1.1.3.jar
7f8f101d3000-7f8f101d7000 r--s 00024000 08:01 791241                     /home/madunlap/.m2/repository/org/apache/abdera/abdera-core/1.1.3/abdera-core-1.1.3.jar
7f8f101d7000-7f8f101f0000 r--s 002fd000 08:01 791240                     /home/madunlap/.m2/repository/com/ibm/icu/icu4j/3.4.4/icu4j-3.4.4.jar
7f8f101f0000-7f8f101f3000 r--s 00023000 08:01 791237                     /home/madunlap/.m2/repository/com/hp/hpl/jena/iri/0.8/iri-0.8.jar
7f8f101f3000-7f8f10216000 r--s 001ae000 08:01 791235                     /home/madunlap/.m2/repository/com/hp/hpl/jena/jena/2.6.4/jena-2.6.4.jar
7f8f10216000-7f8f10218000 r--s 0000d000 08:01 791233                     /home/madunlap/.m2/repository/org/apache/abdera/abdera-client/1.1.1/abdera-client-1.1.1.jar
7f8f10218000-7f8f1021a000 r--s 00016000 08:01 791230                     /home/madunlap/.m2/repository/javax/servlet/servlet-api/2.4/servlet-api-2.4.jar
7f8f1021a000-7f8f1021d000 r--s 0000f000 08:01 791226                     /home/madunlap/.m2/repository/org/swordapp/sword2-server/1.0/sword2-server-1.0-classes.jar
7f8f1021d000-7f8f1041d000 rw-p 00000000 00:00 0 
7f8f1041d000-7f8f1061d000 rw-p 00000000 00:00 0 
7f8f1061d000-7f8f10697000 r--s 010f7000 08:01 1582200                    /usr/lib/jvm/java-8-oracle/lib/tools.jar
7f8f10697000-7f8f1069a000 r--s 0001b000 08:01 791438                     /home/madunlap/.m2/repository/junit/junit/3.8.2/junit-3.8.2.jar
7f8f1069a000-7f8f106a8000 r--s 0008f000 08:01 921892                     /home/madunlap/.m2/repository/com/google/collections/google-collections/1.0/google-collections-1.0.jar
7f8f106a8000-7f8f106a9000 r--s 0000a000 08:01 921891                     /home/madunlap/.m2/repository/commons-logging/commons-logging-api/1.1/commons-logging-api-1.1.jar
7f8f106a9000-7f8f106b0000 r--s 00051000 08:01 921889                     /home/madunlap/.m2/repository/log4j/log4j/1.2.12/log4j-1.2.12.jar
7f8f106b0000-7f8f106b4000 r--s 0001d000 08:01 921886                     /home/madunlap/.m2/repository/org/apache/xbean/xbean-reflect/3.4/xbean-reflect-3.4.jar
7f8f106b4000-7f8f106b5000 r--s 00004000 08:01 921885                     /home/madunlap/.m2/repository/org/codehaus/plexus/plexus-compiler-javac/2.2/plexus-compiler-javac-2.2.jar
7f8f106b5000-7f8f106b7000 r--s 00000000 08:01 921883                     /home/madunlap/.m2/repository/org/codehaus/plexus/plexus-compiler-manager/2.2/plexus-compiler-manager-2.2.jar
7f8f106b7000-7f8f106b9000 r--s 00005000 08:01 921878                     /home/madunlap/.m2/repository/org/codehaus/plexus/plexus-compiler-api/2.2/plexus-compiler-api-2.2.jar
7f8f106b9000-7f8f106bb000 r--s 00002000 08:01 921877                     /home/madunlap/.m2/repository/org/apache/maven/shared/maven-shared-incremental/1.1/maven-shared-incremental-1.1.jar
7f8f106bb000-7f8f106bd000 r--s 00006000 08:01 921876                     /home/madunlap/.m2/repository/com/google/code/findbugs/jsr305/2.0.1/jsr305-2.0.1.jar
7f8f106bd000-7f8f106c0000 r--s 00023000 08:01 921882                     /home/madunlap/.m2/repository/org/apache/maven/shared/maven-shared-utils/0.1/maven-shared-utils-0.1.jar
7f8f106c0000-7f8f106c4000 r--s 00030000 08:01 921884                     /home/madunlap/.m2/repository/org/codehaus/plexus/plexus-utils/1.5.1/plexus-utils-1.5.1.jar
7f8f106c4000-7f8f106c6000 r--s 00009000 08:01 660601                     /home/madunlap/.m2/repository/org/apache/maven/plugins/maven-compiler-plugin/3.1/maven-compiler-plugin-3.1.jar
7f8f106c6000-7f8f106c8000 r--s 0000d000 08:01 921763                     /home/madunlap/.m2/repository/org/codehaus/plexus/plexus-interpolation/1.13/plexus-interpolation-1.13.jar
7f8f106c8000-7f8f106c9000 r--s 00001000 08:01 921761                     /home/madunlap/.m2/repository/org/sonatype/plexus/plexus-build-api/0.0.4/plexus-build-api-0.0.4.jar
7f8f106c9000-7f8f106cb000 r--s 00009000 08:01 921767                     /home/madunlap/.m2/repository/org/apache/maven/shared/maven-filtering/1.0/maven-filtering-1.0.jar
7f8f106cb000-7f8f106cc000 r--s 00001000 08:01 921765                     /home/madunlap/.m2/repository/org/apache/maven/doxia/doxia-sink-api/1.0-alpha-7/doxia-sink-api-1.0-alpha-7.jar
7f8f106cc000-7f8f106cd000 r--s 00002000 08:01 921760                     /home/madunlap/.m2/repository/org/apache/maven/reporting/maven-reporting-api/2.0.6/maven-reporting-api-2.0.6.jar
7f8f106cd000-7f8f106cf000 r--s 00005000 08:01 660590                     /home/madunlap/.m2/repository/org/apache/maven/plugins/maven-resources-plugin/2.5/maven-resources-plugin-2.5.jar
7f8f106cf000-7f8f106d3000 r--s 0001f000 08:01 921028                     /home/madunlap/.m2/repository/org/jacoco/org.jacoco.report/0.7.5.201505241946/org.jacoco.report-0.7.5.201505241946.jar
7f8f106d3000-7f8f106d8000 r--s 00058000 08:01 921027                     /home/madunlap/.m2/repository/org/ow2/asm/asm-debug-all/5.0.1/asm-debug-all-5.0.1.jar
7f8f106d8000-7f8f106dc000 r--s 0001d000 08:01 791383                     /home/madunlap/.m2/repository/org/jacoco/org.jacoco.core/0.7.5.201505241946/org.jacoco.core-0.7.5.201505241946.jar
7f8f106dc000-7f8f106e2000 r--s 00041000 08:01 661360                     /home/madunlap/.m2/repository/org/jacoco/org.jacoco.agent/0.7.5.201505241946/org.jacoco.agent-0.7.5.201505241946-runtime.jar
7f8f106e2000-7f8f106ef000 r--s 0007f000 08:01 921702                     /home/madunlap/.m2/repository/commons-collections/commons-collections/3.2/commons-collections-3.2.jar
7f8f106ef000-7f8f106f1000 r--s 00008000 08:01 921015                     /home/madunlap/.m2/repository/org/apache/maven/doxia/doxia-module-fml/1.1.2/doxia-module-fml-1.1.2.jar
7f8f106f1000-7f8f106f2000 r--s 00003000 08:01 921016                     /home/madunlap/.m2/repository/org/apache/maven/doxia/doxia-module-xhtml/1.1.2/doxia-module-xhtml-1.1.2.jar
7f8f106f2000-7f8f106f4000 r--s 0000b000 08:01 921011                     /home/madunlap/.m2/repository/org/apache/maven/doxia/doxia-decoration-model/1.1.2/doxia-decoration-model-1.1.2.jar
7f8f106f4000-7f8f106f6000 r--s 0000b000 08:01 921008                     /home/madunlap/.m2/repository/org/apache/maven/doxia/doxia-site-renderer/1.1.2/doxia-site-renderer-1.1.2.jar
7f8f106f6000-7f8f106f8000 r--s 00006000 08:01 791430                     /home/madunlap/.m2/repository/commons-codec/commons-codec/1.2/commons-codec-1.2.jar
7f8f106f8000-7f8f106fe000 r--s 00045000 08:01 791428                     /home/madunlap/.m2/repository/commons-httpclient/commons-httpclient/3.1/commons-httpclient-3.1.jar
7f8f106fe000-7f8f10702000 r--s 0003c000 08:01 791427                     /home/madunlap/.m2/repository/commons-lang/commons-lang/2.4/commons-lang-2.4.jar
7f8f10702000-7f8f10719000 r--s 00112000 08:01 791426                     /home/madunlap/.m2/repository/xerces/xercesImpl/2.8.1/xercesImpl-2.8.1.jar
7f8f10719000-7f8f1071d000 r--s 00023000 08:01 921010                     /home/madunlap/.m2/repository/org/apache/maven/doxia/doxia-core/1.1.2/doxia-core-1.1.2.jar
7f8f1071d000-7f8f1071f000 r--s 00003000 08:01 921007                     /home/madunlap/.m2/repository/org/apache/maven/reporting/maven-reporting-impl/2.1/maven-reporting-impl-2.1.jar
7f8f1071f000-7f8f10720000 r--s 00002000 08:01 921004                     /home/madunlap/.m2/repository/org/apache/maven/doxia/doxia-logging-api/1.1/doxia-logging-api-1.1.jar
7f8f10720000-7f8f10722000 r--s 00002000 08:01 921001                     /home/madunlap/.m2/repository/org/apache/maven/doxia/doxia-sink-api/1.1/doxia-sink-api-1.1.jar
7f8f10722000-7f8f10723000 r--s 00002000 08:01 920999                     /home/madunlap/.m2/repository/org/apache/maven/reporting/maven-reporting-api/2.2.1/maven-reporting-api-2.2.1.jar
7f8f10723000-7f8f10728000 r--s 00039000 08:01 920997                     /home/madunlap/.m2/repository/org/codehaus/plexus/plexus-utils/1.5.6/plexus-utils-1.5.6.jar
7f8f10728000-7f8f1072e000 r--s 00034000 08:01 921701                     /home/madunlap/.m2/repository/junit/junit/4.8.2/junit-4.8.2.jar
7f8f1072e000-7f8f10730000 r--s 0000b000 08:01 920985                     /home/madunlap/.m2/repository/org/codehaus/plexus/plexus-interpolation/1.11/plexus-interpolation-1.11.jar
7f8f10730000-7f8f10738000 r--s 00049000 08:01 920984                     /home/madunlap/.m2/repository/backport-util-concurrent/backport-util-concurrent/3.1/backport-util-concurrent-3.1.jar
7f8f10738000-7f8f1073b000 r--s 0001a000 08:01 1976716                    /usr/lib/jvm/java-8-oracle/jre/lib/jce.jar
7f8f1073b000-7f8f1093b000 rw-p 00000000 00:00 0 
7f8f1093b000-7f8f1093d000 r--s 0000b000 08:01 660606                     /home/madunlap/.m2/repository/org/jacoco/jacoco-maven-plugin/0.7.5.201505241946/jacoco-maven-plugin-0.7.5.201505241946.jar
7f8f1093d000-7f8f1094b000 r--s 0007f000 08:01 791424                     /home/madunlap/.m2/repository/commons-collections/commons-collections/3.2.1/commons-collections-3.2.1.jar
7f8f1094b000-7f8f10950000 r--s 00041000 08:01 791300                     /home/madunlap/.m2/repository/commons-lang/commons-lang/2.6/commons-lang-2.6.jar
7f8f10950000-7f8f10952000 r--s 00006000 08:01 921678                     /home/madunlap/.m2/repository/org/apache/maven/shared/maven-invoker/2.0.11/maven-invoker-2.0.11.jar
7f8f10952000-7f8f10954000 r--s 00006000 08:01 921677                     /home/madunlap/.m2/repository/org/apache/maven/shared/maven-common-artifact-filters/1.4/maven-common-artifact-filters-1.4.jar
7f8f10954000-7f8f10956000 r--s 0000c000 08:01 921676                     /home/madunlap/.m2/repository/org/apache/maven/shared/maven-dependency-tree/2.0/maven-dependency-tree-2.0.jar
7f8f10956000-7f8f10958000 r--s 00000000 08:01 921682                     /home/madunlap/.m2/repository/org/codehaus/plexus/plexus-component-annotations/1.5.5/plexus-component-annotations-1.5.5.jar
7f8f10958000-7f8f10959000 r--s 0000a000 08:01 921680                     /home/madunlap/.m2/repository/asm/asm/3.3.1/asm-3.3.1.jar
7f8f10959000-7f8f1095b000 r--s 00005000 08:01 921672                     /home/madunlap/.m2/repository/org/apache/maven/shared/maven-dependency-analyzer/1.3/maven-dependency-analyzer-1.3.jar
7f8f1095b000-7f8f1095e000 r--s 0000c000 08:01 921669                     /home/madunlap/.m2/repository/org/codehaus/plexus/plexus-io/2.0.6/plexus-io-2.0.6.jar
7f8f1095e000-7f8f10961000 r--s 0001b000 08:01 791422                     /home/madunlap/.m2/repository/junit/junit/3.8.1/junit-3.8.1.jar
7f8f10961000-7f8f10963000 r--s 00008000 08:01 920995                     /home/madunlap/.m2/repository/org/apache/maven/shared/maven-shared-io/1.1/maven-shared-io-1.1.jar
7f8f10963000-7f8f10965000 r--s 00008000 08:01 920998                     /home/madunlap/.m2/repository/org/apache/maven/shared/file-management/1.2.1/file-management-1.2.1.jar
7f8f10965000-7f8f10969000 r--s 00035000 08:01 921667                     /home/madunlap/.m2/repository/org/codehaus/plexus/plexus-utils/3.0.9/plexus-utils-3.0.9.jar
7f8f10969000-7f8f1096e000 r--s 00029000 08:01 921665                     /home/madunlap/.m2/repository/org/codehaus/plexus/plexus-archiver/2.2/plexus-archiver-2.2.jar
7f8f1096e000-7f8f10970000 r--s 00004000 08:01 921661                     /home/madunlap/.m2/repository/org/apache/maven/doxia/doxia-module-xhtml/1.0/doxia-module-xhtml-1.0.jar
7f8f10970000-7f8f10971000 r--s 00006000 08:01 921663                     /home/madunlap/.m2/repository/org/apache/maven/doxia/doxia-module-xdoc/1.0/doxia-module-xdoc-1.0.jar
7f8f10971000-7f8f10972000 r--s 00004000 08:01 921664                     /home/madunlap/.m2/repository/org/apache/maven/doxia/doxia-module-fml/1.0/doxia-module-fml-1.0.jar
7f8f10972000-7f8f10974000 r--s 0000a000 08:01 921659                     /home/madunlap/.m2/repository/org/apache/maven/doxia/doxia-module-apt/1.0/doxia-module-apt-1.0.jar
7f8f10974000-7f8f10975000 r--s 0000b000 08:01 921658                     /home/madunlap/.m2/repository/org/apache/maven/doxia/doxia-decoration-model/1.0/doxia-decoration-model-1.0.jar
7f8f10975000-7f8f1097d000 r--s 00058000 08:01 921019                     /home/madunlap/.m2/repository/org/apache/velocity/velocity/1.5/velocity-1.5.jar
7f8f1097d000-7f8f1097e000 r--s 00001000 08:01 921022                     /home/madunlap/.m2/repository/org/codehaus/plexus/plexus-velocity/1.1.7/plexus-velocity-1.1.7.jar
7f8f1097e000-7f8f1097f000 r--s 00002000 08:01 921017                     /home/madunlap/.m2/repository/org/codehaus/plexus/plexus-i18n/1.0-beta-7/plexus-i18n-1.0-beta-7.jar
7f8f1097f000-7f8f10981000 r--s 0000a000 08:01 921654                     /home/madunlap/.m2/repository/org/apache/maven/doxia/doxia-site-renderer/1.0/doxia-site-renderer-1.0.jar
7f8f10981000-7f8f10986000 r--s 00016000 08:01 791388                     /home/madunlap/.m2/repository/xml-apis/xml-apis/1.0.b2/xml-apis-1.0.b2.jar
7f8f10986000-7f8f10988000 r--s 0000e000 08:01 921023                     /home/madunlap/.m2/repository/oro/oro/2.0.8/oro-2.0.8.jar
7f8f10988000-7f8f1098a000 r--s 00008000 08:01 791420                     /home/madunlap/.m2/repository/commons-logging/commons-logging/1.0.4/commons-logging-1.0.4.jar
7f8f1098a000-7f8f1098e000 r--s 00026000 08:01 921649                     /home/madunlap/.m2/repository/commons-digester/commons-digester/1.6/commons-digester-1.6.jar
7f8f1098e000-7f8f10993000 r--s 0002a000 08:01 921644                     /home/madunlap/.m2/repository/commons-beanutils/commons-beanutils/1.7.0/commons-beanutils-1.7.0.jar
7f8f10993000-7f8f10996000 r--s 00014000 08:01 921646                     /home/madunlap/.m2/repository/commons-validator/commons-validator/1.2.0/commons-validator-1.2.0.jar
7f8f10996000-7f8f10999000 r--s 00018000 08:01 791418                     /home/madunlap/.m2/repository/commons-io/commons-io/1.4/commons-io-1.4.jar
7f8f10999000-7f8f1099b000 r--s 00009000 08:01 921639                     /home/madunlap/.m2/repository/org/apache/maven/shared/maven-doxia-tools/1.0.2/maven-doxia-tools-1.0.2.jar
7f8f1099b000-7f8f1099e000 r--s 0000b000 08:01 921640                     /home/madunlap/.m2/repository/org/apache/maven/doxia/doxia-core/1.0/doxia-core-1.0.jar
7f8f1099e000-7f8f10b9e000 rw-p 00000000 00:00 0 
7f8f10b9e000-7f8f10baf000 r-xp 00000000 08:01 2106483                    /usr/lib/jvm/java-8-oracle/jre/lib/amd64/libnio.so
7f8f10baf000-7f8f10dae000 ---p 00011000 08:01 2106483                    /usr/lib/jvm/java-8-oracle/jre/lib/amd64/libnio.so
7f8f10dae000-7f8f10daf000 rw-p 00010000 08:01 2106483                    /usr/lib/jvm/java-8-oracle/jre/lib/amd64/libnio.so
7f8f10daf000-7f8f13db0000 rw-p 00000000 00:00 0 
7f8f13db0000-7f8f13dc6000 r-xp 00000000 08:01 2106458                    /usr/lib/jvm/java-8-oracle/jre/lib/amd64/libnet.so
7f8f13dc6000-7f8f13fc6000 ---p 00016000 08:01 2106458                    /usr/lib/jvm/java-8-oracle/jre/lib/amd64/libnet.so
7f8f13fc6000-7f8f13fc7000 rw-p 00016000 08:01 2106458                    /usr/lib/jvm/java-8-oracle/jre/lib/amd64/libnet.so
7f8f13fc7000-7f8f13fca000 ---p 00000000 00:00 0 
7f8f13fca000-7f8f14000000 rw-p 00000000 00:00 0 
7f8f14000000-7f8f15674000 rw-p 00000000 00:00 0 
7f8f15674000-7f8f18000000 ---p 00000000 00:00 0 
7f8f18000000-7f8f18021000 rw-p 00000000 00:00 0 
7f8f18021000-7f8f1c000000 ---p 00000000 00:00 0 
7f8f1c000000-7f8f1c021000 rw-p 00000000 00:00 0 
7f8f1c021000-7f8f20000000 ---p 00000000 00:00 0 
7f8f20000000-7f8f20fcb000 rw-p 00000000 00:00 0 
7f8f20fcb000-7f8f24000000 ---p 00000000 00:00 0 
7f8f24000000-7f8f24021000 rw-p 00000000 00:00 0 
7f8f24021000-7f8f28000000 ---p 00000000 00:00 0 
7f8f28000000-7f8f28021000 rw-p 00000000 00:00 0 
7f8f28021000-7f8f2c000000 ---p 00000000 00:00 0 
7f8f2c000000-7f8f2c021000 rw-p 00000000 00:00 0 
7f8f2c021000-7f8f30000000 ---p 00000000 00:00 0 
7f8f30000000-7f8f3028f000 rw-p 00000000 00:00 0 
7f8f3028f000-7f8f34000000 ---p 00000000 00:00 0 
7f8f34000000-7f8f3402f000 rw-p 00000000 00:00 0 
7f8f3402f000-7f8f38000000 ---p 00000000 00:00 0 
7f8f38000000-7f8f38001000 r--s 00002000 08:01 921653                     /home/madunlap/.m2/repository/org/apache/maven/doxia/doxia-sink-api/1.0/doxia-sink-api-1.0.jar
7f8f38001000-7f8f38003000 r--s 00004000 08:01 921647                     /home/madunlap/.m2/repository/org/apache/maven/reporting/maven-reporting-impl/2.0.5/maven-reporting-impl-2.0.5.jar
7f8f38003000-7f8f38004000 r--s 00002000 08:01 921638                     /home/madunlap/.m2/repository/org/apache/maven/reporting/maven-reporting-api/3.0/maven-reporting-api-3.0.jar
7f8f38004000-7f8f38006000 r--s 00002000 08:01 921645                     /home/madunlap/.m2/repository/org/codehaus/plexus/plexus-interactivity-api/1.0-alpha-4/plexus-interactivity-api-1.0-alpha-4.jar
7f8f38006000-7f8f38008000 r--s 00006000 08:01 921636                     /home/madunlap/.m2/repository/commons-cli/commons-cli/1.0/commons-cli-1.0.jar
7f8f38008000-7f8f3800b000 r--s 00021000 08:01 660560                     /home/madunlap/.m2/repository/org/apache/maven/plugins/maven-dependency-plugin/2.6/maven-dependency-plugin-2.6.jar
7f8f3800b000-7f8f3800f000 r--s 00033000 08:01 921162                     /home/madunlap/.m2/repository/org/codehaus/plexus/plexus-utils/2.0.5/plexus-utils-2.0.5.jar
7f8f3800f000-7f8f38010000 r--s 00005000 08:01 660568                     /home/madunlap/.m2/repository/org/apache/maven/plugins/maven-clean-plugin/2.4.1/maven-clean-plugin-2.4.1.jar
7f8f38010000-7f8f38011000 r--p 00000000 00:00 0 
7f8f38011000-7f8f38211000 rw-p 00000000 00:00 0 
7f8f38211000-7f8f38216000 r--s 0009a000 08:01 1976643                    /usr/lib/jvm/java-8-oracle/jre/lib/jsse.jar
7f8f38216000-7f8f38416000 rw-p 00000000 00:00 0 
7f8f38416000-7f8f38418000 r--s 0000c000 08:01 2112577                    /usr/local/netbeans-8.1/java/maven-nblib/netbeans-eventspy.jar
7f8f38418000-7f8f3841a000 r--s 00002000 08:01 2112587                    /usr/local/netbeans-8.1/java/maven/lib/plexus-cipher-1.7.jar
7f8f3841a000-7f8f3841b000 r--s 0000a000 08:01 2112568                    /usr/local/netbeans-8.1/java/maven/lib/maven-embedder-3.0.5.jar
7f8f3841b000-7f8f3841d000 r--s 00000000 08:01 2112237                    /usr/local/netbeans-8.1/java/maven/lib/plexus-component-annotations-1.5.5.jar
7f8f3841d000-7f8f3841f000 r--s 0000a000 08:01 2112569                    /usr/local/netbeans-8.1/java/maven/lib/maven-settings-3.0.5.jar
7f8f3841f000-7f8f38423000 r--s 0001c000 08:01 2112582                    /usr/local/netbeans-8.1/java/maven/lib/aether-util-1.13.1.jar
7f8f38423000-7f8f3842a000 r--s 0003f000 08:01 2112554                    /usr/local/netbeans-8.1/java/maven/lib/sisu-inject-bean-2.3.0.jar
7f8f3842a000-7f8f3842e000 r--s 00021000 08:01 2112506                    /usr/local/netbeans-8.1/java/maven/lib/maven-model-builder-3.0.5.jar
7f8f3842e000-7f8f38430000 r--s 0000b000 08:01 2112552                    /usr/local/netbeans-8.1/java/maven/lib/wagon-provider-api-2.4.jar
7f8f38430000-7f8f38434000 r--s 00033000 08:01 2112580                    /usr/local/netbeans-8.1/java/maven/lib/plexus-utils-2.0.6.jar
7f8f38434000-7f8f38438000 r--s 00013000 08:01 2112588                    /usr/local/netbeans-8.1/java/maven/lib/aether-api-1.13.1.jar
7f8f38438000-7f8f3843a000 r--s 0000d000 08:01 2112510                    /usr/local/netbeans-8.1/java/maven/lib/plexus-interpolation-1.14.jar
7f8f3843a000-7f8f38455000 r--s 000e4000 08:01 2112562                    /usr/local/netbeans-8.1/java/maven/lib/wagon-http-2.4-shaded.jar
7f8f38455000-7f8f38474000 r--s 00154000 08:01 2112595                    /usr/local/netbeans-8.1/java/maven/lib/sisu-guava-0.9.9.jar
7f8f38474000-7f8f38475000 r--s 00002000 08:01 2112599                    /usr/local/netbeans-8.1/java/maven/lib/wagon-file-2.4.jar
7f8f38475000-7f8f38476000 r--s 00003000 08:01 2112589                    /usr/local/netbeans-8.1/java/maven/lib/aether-spi-1.13.1.jar
7f8f38476000-7f8f3847e000 r--s 00050000 08:01 2112540                    /usr/local/netbeans-8.1/java/maven/lib/sisu-guice-3.1.0-no_aop.jar
7f8f3847e000-7f8f38480000 r--s 0000b000 08:01 2112567                    /usr/local/netbeans-8.1/java/maven/lib/maven-artifact-3.0.5.jar
7f8f38480000-7f8f38487000 r--s 0002b000 08:01 2112529                    /usr/local/netbeans-8.1/java/maven/lib/sisu-inject-plexus-2.3.0.jar
7f8f38487000-7f8f384b5000 r--s 001c9000 08:01 2112509                    /usr/local/netbeans-8.1/java/maven/lib/ext/wagon-http-2.8-shaded.jar
7f8f384b5000-7f8f384b6000 ---p 00000000 00:00 0 
7f8f384b6000-7f8f385b6000 rw-p 00000000 00:00 0 
7f8f385b6000-7f8f385b9000 ---p 00000000 00:00 0 
7f8f385b9000-7f8f386b7000 rw-p 00000000 00:00 0 
7f8f386b7000-7f8f386ba000 ---p 00000000 00:00 0 
7f8f386ba000-7f8f387b8000 rw-p 00000000 00:00 0 
7f8f387b8000-7f8f387bb000 ---p 00000000 00:00 0 
7f8f387bb000-7f8f388b9000 rw-p 00000000 00:00 0 
7f8f388b9000-7f8f388bc000 ---p 00000000 00:00 0 
7f8f388bc000-7f8f389ba000 rw-p 00000000 00:00 0 
7f8f389ba000-7f8f38c95000 r--p 00000000 08:01 1441812                    /usr/lib/locale/locale-archive
7f8f38c95000-7f8f38c98000 ---p 00000000 00:00 0 
7f8f38c98000-7f8f38d96000 rw-p 00000000 00:00 0 
7f8f38d96000-7f8f38d99000 ---p 00000000 00:00 0 
7f8f38d99000-7f8f38e97000 rw-p 00000000 00:00 0 
7f8f38e97000-7f8f38e98000 ---p 00000000 00:00 0 
7f8f38e98000-7f8f39904000 rw-p 00000000 00:00 0 
7f8f39904000-7f8f39ade000 r--s 03d4d000 08:01 1976682                    /usr/lib/jvm/java-8-oracle/jre/lib/rt.jar
7f8f39ade000-7f8f3c422000 rw-p 00000000 00:00 0 
7f8f3c422000-7f8f3c423000 ---p 00000000 00:00 0 
7f8f3c423000-7f8f3c523000 rw-p 00000000 00:00 0 
7f8f3c523000-7f8f3c524000 ---p 00000000 00:00 0 
7f8f3c524000-7f8f3c66b000 rw-p 00000000 00:00 0 
7f8f3c66b000-7f8f3c76d000 ---p 00000000 00:00 0 
7f8f3c76d000-7f8f3c812000 rw-p 00000000 00:00 0 
7f8f3c812000-7f8f3c869000 rw-p 00000000 00:00 0 
7f8f3c869000-7f8f3cbd3000 ---p 00000000 00:00 0 
7f8f3cbd3000-7f8f3e143000 rwxp 00000000 00:00 0 
7f8f3e143000-7f8f4bbd3000 ---p 00000000 00:00 0 
7f8f4bbd3000-7f8f4bbed000 r-xp 00000000 08:01 2106481                    /usr/lib/jvm/java-8-oracle/jre/lib/amd64/libzip.so
7f8f4bbed000-7f8f4bded000 ---p 0001a000 08:01 2106481                    /usr/lib/jvm/java-8-oracle/jre/lib/amd64/libzip.so
7f8f4bded000-7f8f4bdee000 rw-p 0001a000 08:01 2106481                    /usr/lib/jvm/java-8-oracle/jre/lib/amd64/libzip.so
7f8f4bdee000-7f8f4bdf9000 r-xp 00000000 08:01 663303                     /lib/x86_64-linux-gnu/libnss_files-2.24.so
7f8f4bdf9000-7f8f4bff8000 ---p 0000b000 08:01 663303                     /lib/x86_64-linux-gnu/libnss_files-2.24.so
7f8f4bff8000-7f8f4bff9000 r--p 0000a000 08:01 663303                     /lib/x86_64-linux-gnu/libnss_files-2.24.so
7f8f4bff9000-7f8f4bffa000 rw-p 0000b000 08:01 663303                     /lib/x86_64-linux-gnu/libnss_files-2.24.so
7f8f4bffa000-7f8f4c000000 rw-p 00000000 00:00 0 
7f8f4c000000-7f8f4d84f000 rw-p 00000000 00:00 0 
7f8f4d84f000-7f8f50000000 ---p 00000000 00:00 0 
7f8f50000000-7f8f50003000 r--s 0001d000 08:01 2112581                    /usr/local/netbeans-8.1/java/maven/lib/aether-impl-1.13.1.jar
7f8f50003000-7f8f50005000 r--s 00006000 08:01 2112424                    /usr/local/netbeans-8.1/java/maven/lib/aether-connector-wagon-1.13.1.jar
7f8f50005000-7f8f50007000 r--s 00009000 08:01 2112597                    /usr/local/netbeans-8.1/java/maven/lib/commons-cli-1.2.jar
7f8f50007000-7f8f5000a000 r--s 00008000 08:01 2112453                    /usr/local/netbeans-8.1/java/maven/lib/maven-settings-builder-3.0.5.jar
7f8f5000a000-7f8f5000c000 r--s 00006000 08:01 2112358                    /usr/local/netbeans-8.1/java/maven/lib/maven-repository-metadata-3.0.5.jar
7f8f5000c000-7f8f50018000 r--s 0007d000 08:01 2112594                    /usr/local/netbeans-8.1/java/maven/lib/maven-core-3.0.5.jar
7f8f50018000-7f8f5001e000 r--s 0003f000 08:01 2112583                    /usr/local/netbeans-8.1/java/maven/lib/maven-compat-3.0.5.jar
7f8f5001e000-7f8f50065000 rw-p 00000000 00:00 0 
7f8f50065000-7f8f50168000 ---p 00000000 00:00 0 
7f8f50168000-7f8f50173000 r-xp 00000000 08:01 663305                     /lib/x86_64-linux-gnu/libnss_nis-2.24.so
7f8f50173000-7f8f50372000 ---p 0000b000 08:01 663305                     /lib/x86_64-linux-gnu/libnss_nis-2.24.so
7f8f50372000-7f8f50373000 r--p 0000a000 08:01 663305                     /lib/x86_64-linux-gnu/libnss_nis-2.24.so
7f8f50373000-7f8f50374000 rw-p 0000b000 08:01 663305                     /lib/x86_64-linux-gnu/libnss_nis-2.24.so
7f8f50374000-7f8f5038a000 r-xp 00000000 08:01 663300                     /lib/x86_64-linux-gnu/libnsl-2.24.so
7f8f5038a000-7f8f50589000 ---p 00016000 08:01 663300                     /lib/x86_64-linux-gnu/libnsl-2.24.so
7f8f50589000-7f8f5058a000 r--p 00015000 08:01 663300                     /lib/x86_64-linux-gnu/libnsl-2.24.so
7f8f5058a000-7f8f5058b000 rw-p 00016000 08:01 663300                     /lib/x86_64-linux-gnu/libnsl-2.24.so
7f8f5058b000-7f8f5058d000 rw-p 00000000 00:00 0 
7f8f5058d000-7f8f50595000 r-xp 00000000 08:01 663301                     /lib/x86_64-linux-gnu/libnss_compat-2.24.so
7f8f50595000-7f8f50794000 ---p 00008000 08:01 663301                     /lib/x86_64-linux-gnu/libnss_compat-2.24.so
7f8f50794000-7f8f50795000 r--p 00007000 08:01 663301                     /lib/x86_64-linux-gnu/libnss_compat-2.24.so
7f8f50795000-7f8f50796000 rw-p 00008000 08:01 663301                     /lib/x86_64-linux-gnu/libnss_compat-2.24.so
7f8f50796000-7f8f507c1000 r-xp 00000000 08:01 2106508                    /usr/lib/jvm/java-8-oracle/jre/lib/amd64/libjava.so
7f8f507c1000-7f8f509c0000 ---p 0002b000 08:01 2106508                    /usr/lib/jvm/java-8-oracle/jre/lib/amd64/libjava.so
7f8f509c0000-7f8f509c2000 rw-p 0002a000 08:01 2106508                    /usr/lib/jvm/java-8-oracle/jre/lib/amd64/libjava.so
7f8f509c2000-7f8f509cf000 r-xp 00000000 08:01 2106459                    /usr/lib/jvm/java-8-oracle/jre/lib/amd64/libverify.so
7f8f509cf000-7f8f50bcf000 ---p 0000d000 08:01 2106459                    /usr/lib/jvm/java-8-oracle/jre/lib/amd64/libverify.so
7f8f50bcf000-7f8f50bd1000 rw-p 0000d000 08:01 2106459                    /usr/lib/jvm/java-8-oracle/jre/lib/amd64/libverify.so
7f8f50bd1000-7f8f50bd8000 r-xp 00000000 08:01 663310                     /lib/x86_64-linux-gnu/librt-2.24.so
7f8f50bd8000-7f8f50dd7000 ---p 00007000 08:01 663310                     /lib/x86_64-linux-gnu/librt-2.24.so
7f8f50dd7000-7f8f50dd8000 r--p 00006000 08:01 663310                     /lib/x86_64-linux-gnu/librt-2.24.so
7f8f50dd8000-7f8f50dd9000 rw-p 00007000 08:01 663310                     /lib/x86_64-linux-gnu/librt-2.24.so
7f8f50dd9000-7f8f50ee1000 r-xp 00000000 08:01 663297                     /lib/x86_64-linux-gnu/libm-2.24.so
7f8f50ee1000-7f8f510e0000 ---p 00108000 08:01 663297                     /lib/x86_64-linux-gnu/libm-2.24.so
7f8f510e0000-7f8f510e1000 r--p 00107000 08:01 663297                     /lib/x86_64-linux-gnu/libm-2.24.so
7f8f510e1000-7f8f510e2000 rw-p 00108000 08:01 663297                     /lib/x86_64-linux-gnu/libm-2.24.so
7f8f510e2000-7f8f51db5000 r-xp 00000000 08:01 2106512                    /usr/lib/jvm/java-8-oracle/jre/lib/amd64/server/libjvm.so
7f8f51db5000-7f8f51fb4000 ---p 00cd3000 08:01 2106512                    /usr/lib/jvm/java-8-oracle/jre/lib/amd64/server/libjvm.so
7f8f51fb4000-7f8f5208e000 rw-p 00cd2000 08:01 2106512                    /usr/lib/jvm/java-8-oracle/jre/lib/amd64/server/libjvm.so
7f8f5208e000-7f8f520d9000 rw-p 00000000 00:00 0 
7f8f520d9000-7f8f52297000 r-xp 00000000 08:01 663293                     /lib/x86_64-linux-gnu/libc-2.24.so
7f8f52297000-7f8f52496000 ---p 001be000 08:01 663293                     /lib/x86_64-linux-gnu/libc-2.24.so
7f8f52496000-7f8f5249a000 r--p 001bd000 08:01 663293                     /lib/x86_64-linux-gnu/libc-2.24.so
7f8f5249a000-7f8f5249c000 rw-p 001c1000 08:01 663293                     /lib/x86_64-linux-gnu/libc-2.24.so
7f8f5249c000-7f8f524a0000 rw-p 00000000 00:00 0 
7f8f524a0000-7f8f524a3000 r-xp 00000000 08:01 663296                     /lib/x86_64-linux-gnu/libdl-2.24.so
7f8f524a3000-7f8f526a2000 ---p 00003000 08:01 663296                     /lib/x86_64-linux-gnu/libdl-2.24.so
7f8f526a2000-7f8f526a3000 r--p 00002000 08:01 663296                     /lib/x86_64-linux-gnu/libdl-2.24.so
7f8f526a3000-7f8f526a4000 rw-p 00003000 08:01 663296                     /lib/x86_64-linux-gnu/libdl-2.24.so
7f8f526a4000-7f8f526b9000 r-xp 00000000 08:01 1711533                    /usr/lib/jvm/java-8-oracle/lib/amd64/jli/libjli.so
7f8f526b9000-7f8f528b9000 ---p 00015000 08:01 1711533                    /usr/lib/jvm/java-8-oracle/lib/amd64/jli/libjli.so
7f8f528b9000-7f8f528ba000 rw-p 00015000 08:01 1711533                    /usr/lib/jvm/java-8-oracle/lib/amd64/jli/libjli.so
7f8f528ba000-7f8f528d2000 r-xp 00000000 08:01 663308                     /lib/x86_64-linux-gnu/libpthread-2.24.so
7f8f528d2000-7f8f52ad2000 ---p 00018000 08:01 663308                     /lib/x86_64-linux-gnu/libpthread-2.24.so
7f8f52ad2000-7f8f52ad3000 r--p 00018000 08:01 663308                     /lib/x86_64-linux-gnu/libpthread-2.24.so
7f8f52ad3000-7f8f52ad4000 rw-p 00019000 08:01 663308                     /lib/x86_64-linux-gnu/libpthread-2.24.so
7f8f52ad4000-7f8f52ad8000 rw-p 00000000 00:00 0 
7f8f52ad8000-7f8f52afe000 r-xp 00000000 08:01 663288                     /lib/x86_64-linux-gnu/ld-2.24.so
7f8f52afe000-7f8f52bd0000 rw-p 00000000 00:00 0 
7f8f52bd0000-7f8f52bd3000 ---p 00000000 00:00 0 
7f8f52bd3000-7f8f52cd3000 rw-p 00000000 00:00 0 
7f8f52cd3000-7f8f52cd5000 r--s 00026000 08:01 2112586                    /usr/local/netbeans-8.1/java/maven/lib/maven-model-3.0.5.jar
7f8f52cd5000-7f8f52cd7000 r--s 0000b000 08:01 2112553                    /usr/local/netbeans-8.1/java/maven/lib/maven-plugin-api-3.0.5.jar
7f8f52cd7000-7f8f52cd8000 r--s 00006000 08:01 2112507                    /usr/local/netbeans-8.1/java/maven/lib/plexus-sec-dispatcher-1.3.jar
7f8f52cd8000-7f8f52cda000 r--s 0000c000 08:01 2112471                    /usr/local/netbeans-8.1/java/maven/lib/maven-aether-provider-3.0.5.jar
7f8f52cda000-7f8f52cdc000 r--s 0000a000 08:01 2112542                    /usr/local/netbeans-8.1/java/maven/boot/plexus-classworlds-2.4.jar
7f8f52cdc000-7f8f52cf0000 rw-p 00000000 00:00 0 
7f8f52cf0000-7f8f52cf8000 rw-s 00000000 08:01 1835012                    /tmp/hsperfdata_madunlap/22709
7f8f52cf8000-7f8f52cf9000 rw-p 00000000 00:00 0 
7f8f52cf9000-7f8f52cfa000 ---p 00000000 00:00 0 
7f8f52cfa000-7f8f52cfd000 rw-p 00000000 00:00 0 
7f8f52cfd000-7f8f52cfe000 r--p 00025000 08:01 663288                     /lib/x86_64-linux-gnu/ld-2.24.so
7f8f52cfe000-7f8f52cff000 rw-p 00026000 08:01 663288                     /lib/x86_64-linux-gnu/ld-2.24.so
7f8f52cff000-7f8f52d00000 rw-p 00000000 00:00 0 
7fff752cf000-7fff752f0000 rw-p 00000000 00:00 0                          [stack]
7fff75341000-7fff75343000 r--p 00000000 00:00 0                          [vvar]
7fff75343000-7fff75345000 r-xp 00000000 00:00 0                          [vdso]
ffffffffff600000-ffffffffff601000 r-xp 00000000 00:00 0                  [vsyscall]

VM Arguments:
jvm_args: -Dclassworlds.conf=/usr/local/netbeans-8.1/java/maven/bin/m2.conf -Dmaven.home=/usr/local/netbeans-8.1/java/maven 
java_command: org.codehaus.plexus.classworlds.launcher.Launcher -Dmaven.ext.class.path=/usr/local/netbeans-8.1/java/maven-nblib/netbeans-eventspy.jar clean install
java_class_path (initial): /usr/local/netbeans-8.1/java/maven/boot/plexus-classworlds-2.4.jar
Launcher Type: SUN_STANDARD

Environment Variables:
JAVA_HOME=/usr/lib/jvm/java-8-oracle
PATH=/usr/local/sbin:/usr/local/bin:/usr/sbin:/usr/bin:/sbin:/bin:/usr/games:/usr/local/games:/snap/bin:/usr/lib/jvm/java-8-oracle/bin:/usr/lib/jvm/java-8-oracle/db/bin:/usr/lib/jvm/java-8-oracle/jre/bin
LD_LIBRARY_PATH=/usr/lib/jvm/java-8-oracle/jre/lib/amd64:/usr/lib/jvm/java-8-oracle/jre/lib/i386:
SHELL=/bin/bash
DISPLAY=:0

Signal Handlers:
SIGSEGV: [libjvm.so+0xacba10], sa_mask[0]=11111111011111111101111111111110, sa_flags=SA_RESTART|SA_SIGINFO
SIGBUS: [libjvm.so+0xacba10], sa_mask[0]=11111111011111111101111111111110, sa_flags=SA_RESTART|SA_SIGINFO
SIGFPE: [libjvm.so+0x924ba0], sa_mask[0]=11111111011111111101111111111110, sa_flags=SA_RESTART|SA_SIGINFO
SIGPIPE: [libjvm.so+0x924ba0], sa_mask[0]=11111111011111111101111111111110, sa_flags=SA_RESTART|SA_SIGINFO
SIGXFSZ: [libjvm.so+0x924ba0], sa_mask[0]=11111111011111111101111111111110, sa_flags=SA_RESTART|SA_SIGINFO
SIGILL: [libjvm.so+0x924ba0], sa_mask[0]=11111111011111111101111111111110, sa_flags=SA_RESTART|SA_SIGINFO
SIGUSR1: SIG_DFL, sa_mask[0]=00000000000000000000000000000000, sa_flags=none
SIGUSR2: [libjvm.so+0x9263e0], sa_mask[0]=00100000000000000000000000000000, sa_flags=SA_RESTART|SA_SIGINFO
SIGHUP: [libjvm.so+0x9277e0], sa_mask[0]=11111111011111111101111111111110, sa_flags=SA_RESTART|SA_SIGINFO
SIGINT: SIG_IGN, sa_mask[0]=00000000000000000000000000000000, sa_flags=none
SIGTERM: [libjvm.so+0x9277e0], sa_mask[0]=11111111011111111101111111111110, sa_flags=SA_RESTART|SA_SIGINFO
SIGQUIT: [libjvm.so+0x9277e0], sa_mask[0]=11111111011111111101111111111110, sa_flags=SA_RESTART|SA_SIGINFO


---------------  S Y S T E M  ---------------

OS:DISTRIB_ID=Ubuntu
DISTRIB_RELEASE=17.04
DISTRIB_CODENAME=zesty
DISTRIB_DESCRIPTION="Ubuntu 17.04"

uname:Linux 4.10.0-37-generic #41-Ubuntu SMP Fri Oct 6 20:20:37 UTC 2017 x86_64
libc:glibc 2.24 NPTL 2.24 
rlimit: STACK 8192k, CORE 0k, NPROC 15602, NOFILE 1048576, AS infinity
load average:1.19 0.62 0.46

/proc/meminfo:
MemTotal:        4039872 kB
MemFree:           99816 kB
MemAvailable:       6664 kB
Buffers:             472 kB
Cached:            34236 kB
SwapCached:         7860 kB
Active:          3155972 kB
Inactive:         563496 kB
Active(anon):    3146196 kB
Inactive(anon):   555452 kB
Active(file):       9776 kB
Inactive(file):     8044 kB
Unevictable:          32 kB
Mlocked:              32 kB
SwapTotal:       2097148 kB
SwapFree:             12 kB
Dirty:              1000 kB
Writeback:             0 kB
AnonPages:       3679112 kB
Mapped:            19912 kB
Shmem:             16592 kB
Slab:              87240 kB
SReclaimable:      39280 kB
SUnreclaim:        47960 kB
KernelStack:       15200 kB
PageTables:        78892 kB
NFS_Unstable:          0 kB
Bounce:                0 kB
WritebackTmp:          0 kB
CommitLimit:     4117084 kB
Committed_AS:   10287580 kB
VmallocTotal:   34359738367 kB
VmallocUsed:           0 kB
VmallocChunk:          0 kB
HardwareCorrupted:     0 kB
AnonHugePages:   1134592 kB
ShmemHugePages:        0 kB
ShmemPmdMapped:        0 kB
CmaTotal:              0 kB
CmaFree:               0 kB
HugePages_Total:       0
HugePages_Free:        0
HugePages_Rsvd:        0
HugePages_Surp:        0
Hugepagesize:       2048 kB
DirectMap4k:      151472 kB
DirectMap2M:     4042752 kB


CPU:total 2 (initial active 2) (2 cores per cpu, 1 threads per core) family 6 model 70 stepping 1, cmov, cx8, fxsr, mmx, sse, sse2, sse3, ssse3, sse4.1, sse4.2, popcnt, avx, avx2, aes, clmul, erms, lzcnt, tsc, tscinvbit, bmi1, bmi2

/proc/cpuinfo:
processor	: 0
vendor_id	: GenuineIntel
cpu family	: 6
model		: 70
model name	: Intel(R) Core(TM) i7-4870HQ CPU @ 2.50GHz
stepping	: 1
microcode	: 0x13
cpu MHz		: 2494.226
cache size	: 6144 KB
physical id	: 0
siblings	: 2
core id		: 0
cpu cores	: 2
apicid		: 0
initial apicid	: 0
fpu		: yes
fpu_exception	: yes
cpuid level	: 13
wp		: yes
flags		: fpu vme de pse tsc msr pae mce cx8 apic sep mtrr pge mca cmov pat pse36 clflush mmx fxsr sse sse2 ss ht syscall nx rdtscp lm constant_tsc nopl xtopology nonstop_tsc pni pclmulqdq ssse3 fma cx16 pcid sse4_1 sse4_2 x2apic movbe popcnt tsc_deadline_timer aes xsave avx f16c rdrand hypervisor lahf_lm abm fsgsbase tsc_adjust bmi1 avx2 smep bmi2 invpcid xsaveopt dtherm arat pln pts
bugs		:
bogomips	: 4988.45
clflush size	: 64
cache_alignment	: 64
address sizes	: 36 bits physical, 48 bits virtual
power management:

processor	: 1
vendor_id	: GenuineIntel
cpu family	: 6
model		: 70
model name	: Intel(R) Core(TM) i7-4870HQ CPU @ 2.50GHz
stepping	: 1
microcode	: 0x13
cpu MHz		: 2494.226
cache size	: 6144 KB
physical id	: 0
siblings	: 2
core id		: 1
cpu cores	: 2
apicid		: 1
initial apicid	: 1
fpu		: yes
fpu_exception	: yes
cpuid level	: 13
wp		: yes
flags		: fpu vme de pse tsc msr pae mce cx8 apic sep mtrr pge mca cmov pat pse36 clflush mmx fxsr sse sse2 ss ht syscall nx rdtscp lm constant_tsc nopl xtopology nonstop_tsc pni pclmulqdq ssse3 fma cx16 pcid sse4_1 sse4_2 x2apic movbe popcnt tsc_deadline_timer aes xsave avx f16c rdrand hypervisor lahf_lm abm fsgsbase tsc_adjust bmi1 avx2 smep bmi2 invpcid xsaveopt dtherm arat pln pts
bugs		:
bogomips	: 4988.45
clflush size	: 64
cache_alignment	: 64
address sizes	: 36 bits physical, 48 bits virtual
power management:



Memory: 4k page, physical 4039872k(99868k free), swap 2097148k(4k free)

vm_info: Java HotSpot(TM) 64-Bit Server VM (25.144-b01) for linux-amd64 JRE (1.8.0_144-b01), built on Jul 21 2017 21:57:33 by "java_re" with gcc 4.3.0 20080428 (Red Hat 4.3.0-8)

time: Mon Oct 16 16:39:42 2017
elapsed time: 13 seconds (0d 0h 0m 13s)

