#
# There is insufficient memory for the Java Runtime Environment to continue.
# Native memory allocation (mmap) failed to map 87556096 bytes for committing reserved memory.
# Possible reasons:
#   The system is out of physical RAM or swap space
#   In 32 bit mode, the process size limit was hit
# Possible solutions:
#   Reduce memory load on the system
#   Increase physical memory or swap space
#   Check if swap backing store is full
#   Use 64 bit Java on a 64 bit OS
#   Decrease Java heap size (-Xmx/-Xms)
#   Decrease number of Java threads
#   Decrease Java thread stack sizes (-Xss)
#   Set larger code cache with -XX:ReservedCodeCacheSize=
# This output file may be truncated or incomplete.
#
#  Out of Memory Error (os_linux.cpp:2640), pid=1438, tid=0x00007f94d86f6700
#
# JRE version: Java(TM) SE Runtime Environment (8.0_144-b01) (build 1.8.0_144-b01)
# Java VM: Java HotSpot(TM) 64-Bit Server VM (25.144-b01 mixed mode linux-amd64 compressed oops)
# Failed to write core dump. Core dumps have been disabled. To enable core dumping, try "ulimit -c unlimited" before starting Java again
#

---------------  T H R E A D  ---------------

Current thread (0x00007f94d4073800):  VMThread [stack: 0x00007f94d85f6000,0x00007f94d86f7000] [id=1444]

Stack: [0x00007f94d85f6000,0x00007f94d86f7000],  sp=0x00007f94d86f51a0,  free space=1020k
Native frames: (J=compiled Java code, j=interpreted, Vv=VM code, C=native code)
V  [libjvm.so+0xacb18a]  VMError::report_and_die()+0x2ba
V  [libjvm.so+0x4ff4db]  report_vm_out_of_memory(char const*, int, unsigned long, VMErrorType, char const*)+0x8b
V  [libjvm.so+0x927d23]  os::Linux::commit_memory_impl(char*, unsigned long, bool)+0x103
V  [libjvm.so+0x928279]  os::pd_commit_memory(char*, unsigned long, unsigned long, bool)+0x29
V  [libjvm.so+0x92249a]  os::commit_memory(char*, unsigned long, unsigned long, bool)+0x2a
V  [libjvm.so+0x996ff3]  PSVirtualSpace::expand_by(unsigned long)+0x53
V  [libjvm.so+0x9878b0]  PSOldGen::expand(unsigned long)+0x170
V  [libjvm.so+0x987abb]  PSOldGen::resize(unsigned long)+0x1cb
V  [libjvm.so+0x98f7c1]  PSParallelCompact::invoke_no_policy(bool)+0x991
V  [libjvm.so+0x99511d]  PSScavenge::invoke()+0x1ad
V  [libjvm.so+0x94bce0]  ParallelScavengeHeap::failed_mem_allocate(unsigned long)+0x70
V  [libjvm.so+0xaccba7]  VM_ParallelGCFailedAllocation::doit()+0x97
V  [libjvm.so+0xad4685]  VM_Operation::evaluate()+0x55
V  [libjvm.so+0xad2a5a]  VMThread::evaluate_operation(VM_Operation*)+0xba
V  [libjvm.so+0xad2dde]  VMThread::loop()+0x1ce
V  [libjvm.so+0xad3250]  VMThread::run()+0x70
V  [libjvm.so+0x92a338]  java_start(Thread*)+0x108

VM_Operation (0x00007f94dd52d750): ParallelGCFailedAllocation, mode: safepoint, requested by thread 0x00007f94d400a000


---------------  P R O C E S S  ---------------

Java Threads: ( => current thread )
  0x00007f94d4554800 JavaThread "process reaper" daemon [_thread_blocked, id=1456, stack(0x00007f94c4718000,0x00007f94c4751000)]
  0x00007f94d40ba800 JavaThread "Service Thread" daemon [_thread_blocked, id=1450, stack(0x00007f94c4cfd000,0x00007f94c4dfe000)]
  0x00007f94d40b7800 JavaThread "C1 CompilerThread1" daemon [_thread_blocked, id=1449, stack(0x00007f94c4dfe000,0x00007f94c4eff000)]
  0x00007f94d40b4800 JavaThread "C2 CompilerThread0" daemon [_thread_blocked, id=1448, stack(0x00007f94c4eff000,0x00007f94c5000000)]
  0x00007f94d40b3000 JavaThread "Signal Dispatcher" daemon [_thread_blocked, id=1447, stack(0x00007f94d8018000,0x00007f94d8119000)]
  0x00007f94d4080000 JavaThread "Finalizer" daemon [_thread_blocked, id=1446, stack(0x00007f94d83f4000,0x00007f94d84f5000)]
  0x00007f94d407b800 JavaThread "Reference Handler" daemon [_thread_blocked, id=1445, stack(0x00007f94d84f5000,0x00007f94d85f6000)]
  0x00007f94d400a000 JavaThread "main" [_thread_blocked, id=1441, stack(0x00007f94dd431000,0x00007f94dd532000)]

Other Threads:
=>0x00007f94d4073800 VMThread [stack: 0x00007f94d85f6000,0x00007f94d86f7000] [id=1444]
  0x00007f94d40bd000 WatcherThread [stack: 0x00007f94c4bfc000,0x00007f94c4cfd000] [id=1451]

VM state:at safepoint (normal execution)

VM Mutex/Monitor currently owned by a thread:  ([mutex/lock_event])
[0x00007f94d4005b20] ExpandHeap_lock - owner thread: 0x00007f94d4073800
[0x00007f94d40061a0] Threads_lock - owner thread: 0x00007f94d4073800
[0x00007f94d40066a0] Heap_lock - owner thread: 0x00007f94d400a000

Heap:
 PSYoungGen      total 271360K, used 0K [0x00000000eb700000, 0x0000000100000000, 0x0000000100000000)
  eden space 246784K, 0% used [0x00000000eb700000,0x00000000eb700000,0x00000000fa800000)
  from space 24576K, 0% used [0x00000000fa800000,0x00000000fa800000,0x00000000fc000000)
  to   space 45568K, 0% used [0x00000000fd380000,0x00000000fd380000,0x0000000100000000)
 ParOldGen       total 138240K, used 132546K [0x00000000c2400000, 0x00000000cab00000, 0x00000000eb700000)
  object space 138240K, 95% used [0x00000000c2400000,0x00000000ca570928,0x00000000cab00000)
 Metaspace       used 25023K, capacity 25704K, committed 25776K, reserved 1073152K
  class space    used 2746K, capacity 2946K, committed 2992K, reserved 1048576K

Card table byte_map: [0x00007f94d9fed000,0x00007f94da1dc000] byte_map_base: 0x00007f94d99db000

Marking Bits: (ParMarkBitMap*) 0x00007f94dc90cdc0
 Begin Bits: [0x00007f94be120000, 0x00007f94bf090000)
 End Bits:   [0x00007f94bf090000, 0x00007f94c0000000)

Polling page: 0x00007f94dd55a000

CodeCache: size=245760Kb used=20153Kb max_used=20166Kb free=225606Kb
 bounds [0x00007f94c5000000, 0x00007f94c63d0000, 0x00007f94d4000000]
 total_blobs=6685 nmethods=6301 adapters=296
 compilation: enabled

Compilation events (10 events):
Event: 11.885 Thread 0x00007f94d40b4800 nmethod 6992 0x00007f94c63c0a50 code [0x00007f94c63c0c60, 0x00007f94c63c14a8]
Event: 11.885 Thread 0x00007f94d40b4800 6966       4       com.sun.tools.javac.code.Symbol$ClassSymbol::members (16 bytes)
Event: 11.886 Thread 0x00007f94d40b4800 nmethod 6966 0x00007f94c6398a90 code [0x00007f94c6398be0, 0x00007f94c6398c68]
Event: 11.886 Thread 0x00007f94d40b4800 6976 %     4       java.util.HashMap::clear @ 33 (50 bytes)
Event: 11.886 Thread 0x00007f94d40b7800 7037       2       com.sun.tools.javac.jvm.Items$CondItem::isFalse (23 bytes)
Event: 11.886 Thread 0x00007f94d40b7800 nmethod 7037 0x00007f94c6398750 code [0x00007f94c63988a0, 0x00007f94c6398a10]
Event: 11.888 Thread 0x00007f94d40b4800 nmethod 6976% 0x00007f94c63983d0 code [0x00007f94c6398520, 0x00007f94c6398698]
Event: 11.888 Thread 0x00007f94d40b4800 7011       4       com.sun.tools.javac.tree.TreeScanner::visitNewClass (41 bytes)
Event: 11.895 Thread 0x00007f94d40b4800 nmethod 7011 0x00007f94c63c2190 code [0x00007f94c63c2380, 0x00007f94c63c2ac8]
Event: 11.895 Thread 0x00007f94d40b4800 6728       4       com.sun.tools.javac.code.Types::isSubtype (186 bytes)

GC Heap History (10 events):
Event: 5.378 GC heap after
Heap after GC invocations=11 (full 1):
 PSYoungGen      total 214016K, used 0K [0x00000000eb700000, 0x00000000f9300000, 0x0000000100000000)
  eden space 202752K, 0% used [0x00000000eb700000,0x00000000eb700000,0x00000000f7d00000)
  from space 11264K, 0% used [0x00000000f8800000,0x00000000f8800000,0x00000000f9300000)
  to   space 11264K, 0% used [0x00000000f7d00000,0x00000000f7d00000,0x00000000f8800000)
 ParOldGen       total 50688K, used 21469K [0x00000000c2400000, 0x00000000c5580000, 0x00000000eb700000)
  object space 50688K, 42% used [0x00000000c2400000,0x00000000c38f7630,0x00000000c5580000)
 Metaspace       used 20465K, capacity 21104K, committed 21296K, reserved 1069056K
  class space    used 2412K, capacity 2586K, committed 2608K, reserved 1048576K
}
Event: 7.111 GC heap before
{Heap before GC invocations=12 (full 1):
 PSYoungGen      total 214016K, used 202752K [0x00000000eb700000, 0x00000000f9300000, 0x0000000100000000)
  eden space 202752K, 100% used [0x00000000eb700000,0x00000000f7d00000,0x00000000f7d00000)
  from space 11264K, 0% used [0x00000000f8800000,0x00000000f8800000,0x00000000f9300000)
  to   space 11264K, 0% used [0x00000000f7d00000,0x00000000f7d00000,0x00000000f8800000)
 ParOldGen       total 50688K, used 21469K [0x00000000c2400000, 0x00000000c5580000, 0x00000000eb700000)
  object space 50688K, 42% used [0x00000000c2400000,0x00000000c38f7630,0x00000000c5580000)
 Metaspace       used 21370K, capacity 22000K, committed 22192K, reserved 1069056K
  class space    used 2481K, capacity 2650K, committed 2736K, reserved 1048576K
Event: 7.251 GC heap after
Heap after GC invocations=12 (full 1):
 PSYoungGen      total 214016K, used 11238K [0x00000000eb700000, 0x0000000100000000, 0x0000000100000000)
  eden space 202752K, 0% used [0x00000000eb700000,0x00000000eb700000,0x00000000f7d00000)
  from space 11264K, 99% used [0x00000000f7d00000,0x00000000f87f98a8,0x00000000f8800000)
  to   space 32256K, 0% used [0x00000000fe080000,0x00000000fe080000,0x0000000100000000)
 ParOldGen       total 74240K, used 74133K [0x00000000c2400000, 0x00000000c6c80000, 0x00000000eb700000)
  object space 74240K, 99% used [0x00000000c2400000,0x00000000c6c65480,0x00000000c6c80000)
 Metaspace       used 21370K, capacity 22000K, committed 22192K, reserved 1069056K
  class space    used 2481K, capacity 2650K, committed 2736K, reserved 1048576K
}
Event: 7.252 GC heap before
{Heap before GC invocations=13 (full 2):
 PSYoungGen      total 214016K, used 11238K [0x00000000eb700000, 0x0000000100000000, 0x0000000100000000)
  eden space 202752K, 0% used [0x00000000eb700000,0x00000000eb700000,0x00000000f7d00000)
  from space 11264K, 99% used [0x00000000f7d00000,0x00000000f87f98a8,0x00000000f8800000)
  to   space 32256K, 0% used [0x00000000fe080000,0x00000000fe080000,0x0000000100000000)
 ParOldGen       total 74240K, used 74133K [0x00000000c2400000, 0x00000000c6c80000, 0x00000000eb700000)
  object space 74240K, 99% used [0x00000000c2400000,0x00000000c6c65480,0x00000000c6c80000)
 Metaspace       used 21370K, capacity 22000K, committed 22192K, reserved 1069056K
  class space    used 2481K, capacity 2650K, committed 2736K, reserved 1048576K
Event: 7.541 GC heap after
Heap after GC invocations=13 (full 2):
 PSYoungGen      total 214016K, used 7620K [0x00000000eb700000, 0x0000000100000000, 0x0000000100000000)
  eden space 202752K, 0% used [0x00000000eb700000,0x00000000eb700000,0x00000000f7d00000)
  from space 11264K, 67% used [0x00000000f7d00000,0x00000000f8471338,0x00000000f8800000)
  to   space 32256K, 0% used [0x00000000fe080000,0x00000000fe080000,0x0000000100000000)
 ParOldGen       total 138240K, used 74087K [0x00000000c2400000, 0x00000000cab00000, 0x00000000eb700000)
  object space 138240K, 53% used [0x00000000c2400000,0x00000000c6c59fe0,0x00000000cab00000)
 Metaspace       used 21370K, capacity 22000K, committed 22192K, reserved 1069056K
  class space    used 2481K, capacity 2650K, committed 2736K, reserved 1048576K
}
Event: 9.285 GC heap before
{Heap before GC invocations=14 (full 2):
 PSYoungGen      total 214016K, used 210372K [0x00000000eb700000, 0x0000000100000000, 0x0000000100000000)
  eden space 202752K, 100% used [0x00000000eb700000,0x00000000f7d00000,0x00000000f7d00000)
  from space 11264K, 67% used [0x00000000f7d00000,0x00000000f8471338,0x00000000f8800000)
  to   space 32256K, 0% used [0x00000000fe080000,0x00000000fe080000,0x0000000100000000)
 ParOldGen       total 138240K, used 74087K [0x00000000c2400000, 0x00000000cab00000, 0x00000000eb700000)
  object space 138240K, 53% used [0x00000000c2400000,0x00000000c6c59fe0,0x00000000cab00000)
 Metaspace       used 23009K, capacity 23720K, committed 23856K, reserved 1071104K
  class space    used 2594K, capacity 2818K, committed 2864K, reserved 1048576K
Event: 9.398 GC heap after
Heap after GC invocations=14 (full 2):
 PSYoungGen      total 276480K, used 32235K [0x00000000eb700000, 0x0000000100000000, 0x0000000100000000)
  eden space 244224K, 0% used [0x00000000eb700000,0x00000000eb700000,0x00000000fa580000)
  from space 32256K, 99% used [0x00000000fe080000,0x00000000ffffaf70,0x0000000100000000)
  to   space 45056K, 0% used [0x00000000fa800000,0x00000000fa800000,0x00000000fd400000)
 ParOldGen       total 138240K, used 94005K [0x00000000c2400000, 0x00000000cab00000, 0x00000000eb700000)
  object space 138240K, 68% used [0x00000000c2400000,0x00000000c7fcd510,0x00000000cab00000)
 Metaspace       used 23009K, capacity 23720K, committed 23856K, reserved 1071104K
  class space    used 2594K, capacity 2818K, committed 2864K, reserved 1048576K
}
Event: 11.902 GC heap before
{Heap before GC invocations=15 (full 2):
 PSYoungGen      total 276480K, used 276459K [0x00000000eb700000, 0x0000000100000000, 0x0000000100000000)
  eden space 244224K, 100% used [0x00000000eb700000,0x00000000fa580000,0x00000000fa580000)
  from space 32256K, 99% used [0x00000000fe080000,0x00000000ffffaf70,0x0000000100000000)
  to   space 45056K, 0% used [0x00000000fa800000,0x00000000fa800000,0x00000000fd400000)
 ParOldGen       total 138240K, used 94005K [0x00000000c2400000, 0x00000000cab00000, 0x00000000eb700000)
  object space 138240K, 68% used [0x00000000c2400000,0x00000000c7fcd510,0x00000000cab00000)
 Metaspace       used 25023K, capacity 25704K, committed 25776K, reserved 1073152K
  class space    used 2746K, capacity 2946K, committed 2992K, reserved 1048576K
Event: 12.027 GC heap after
Heap after GC invocations=15 (full 2):
 PSYoungGen      total 271360K, used 24285K [0x00000000eb700000, 0x0000000100000000, 0x0000000100000000)
  eden space 246784K, 0% used [0x00000000eb700000,0x00000000eb700000,0x00000000fa800000)
  from space 24576K, 98% used [0x00000000fa800000,0x00000000fbfb7578,0x00000000fc000000)
  to   space 45568K, 0% used [0x00000000fd380000,0x00000000fd380000,0x0000000100000000)
 ParOldGen       total 138240K, used 124362K [0x00000000c2400000, 0x00000000cab00000, 0x00000000eb700000)
  object space 138240K, 89% used [0x00000000c2400000,0x00000000c9d72a40,0x00000000cab00000)
 Metaspace       used 25023K, capacity 25704K, committed 25776K, reserved 1073152K
  class space    used 2746K, capacity 2946K, committed 2992K, reserved 1048576K
}
Event: 12.027 GC heap before
{Heap before GC invocations=16 (full 3):
 PSYoungGen      total 271360K, used 24285K [0x00000000eb700000, 0x0000000100000000, 0x0000000100000000)
  eden space 246784K, 0% used [0x00000000eb700000,0x00000000eb700000,0x00000000fa800000)
  from space 24576K, 98% used [0x00000000fa800000,0x00000000fbfb7578,0x00000000fc000000)
  to   space 45568K, 0% used [0x00000000fd380000,0x00000000fd380000,0x0000000100000000)
 ParOldGen       total 138240K, used 124362K [0x00000000c2400000, 0x00000000cab00000, 0x00000000eb700000)
  object space 138240K, 89% used [0x00000000c2400000,0x00000000c9d72a40,0x00000000cab00000)
 Metaspace       used 25023K, capacity 25704K, committed 25776K, reserved 1073152K
  class space    used 2746K, capacity 2946K, committed 2992K, reserved 1048576K

Deoptimization events (10 events):
Event: 11.213 Thread 0x00007f94d400a000 Uncommon trap: reason=unstable_if action=reinterpret pc=0x00007f94c5ce8358 method=com.sun.tools.javac.util.IntHashTable.rehash()V @ 88
Event: 11.268 Thread 0x00007f94d400a000 Uncommon trap: reason=bimorphic action=maybe_recompile pc=0x00007f94c62a06fc method=com.sun.tools.javac.comp.Resolve.findMethod(Lcom/sun/tools/javac/comp/Env;Lcom/sun/tools/javac/code/Type;Lcom/sun/tools/javac/util/Name;Lcom/sun/tools/javac/util/List;Lcom
Event: 11.270 Thread 0x00007f94d400a000 Uncommon trap: reason=bimorphic action=maybe_recompile pc=0x00007f94c62a06fc method=com.sun.tools.javac.comp.Resolve.findMethod(Lcom/sun/tools/javac/comp/Env;Lcom/sun/tools/javac/code/Type;Lcom/sun/tools/javac/util/Name;Lcom/sun/tools/javac/util/List;Lcom
Event: 11.272 Thread 0x00007f94d400a000 Uncommon trap: reason=bimorphic action=maybe_recompile pc=0x00007f94c62a06fc method=com.sun.tools.javac.comp.Resolve.findMethod(Lcom/sun/tools/javac/comp/Env;Lcom/sun/tools/javac/code/Type;Lcom/sun/tools/javac/util/Name;Lcom/sun/tools/javac/util/List;Lcom
Event: 11.273 Thread 0x00007f94d400a000 Uncommon trap: reason=bimorphic action=maybe_recompile pc=0x00007f94c62a06fc method=com.sun.tools.javac.comp.Resolve.findMethod(Lcom/sun/tools/javac/comp/Env;Lcom/sun/tools/javac/code/Type;Lcom/sun/tools/javac/util/Name;Lcom/sun/tools/javac/util/List;Lcom
Event: 11.385 Thread 0x00007f94d400a000 Uncommon trap: reason=class_check action=maybe_recompile pc=0x00007f94c62fe724 method=com.sun.tools.javac.tree.TreeScanner.visitNewClass(Lcom/sun/tools/javac/tree/JCTree$JCNewClass;)V @ 5
Event: 11.385 Thread 0x00007f94d400a000 Uncommon trap: reason=class_check action=maybe_recompile pc=0x00007f94c62fe724 method=com.sun.tools.javac.tree.TreeScanner.visitNewClass(Lcom/sun/tools/javac/tree/JCTree$JCNewClass;)V @ 5
Event: 11.385 Thread 0x00007f94d400a000 Uncommon trap: reason=class_check action=maybe_recompile pc=0x00007f94c62fe724 method=com.sun.tools.javac.tree.TreeScanner.visitNewClass(Lcom/sun/tools/javac/tree/JCTree$JCNewClass;)V @ 5
Event: 11.385 Thread 0x00007f94d400a000 Uncommon trap: reason=class_check action=maybe_recompile pc=0x00007f94c62fe724 method=com.sun.tools.javac.tree.TreeScanner.visitNewClass(Lcom/sun/tools/javac/tree/JCTree$JCNewClass;)V @ 5
Event: 11.593 Thread 0x00007f94d400a000 Uncommon trap: reason=unstable_if action=reinterpret pc=0x00007f94c5f18c40 method=com.sun.tools.javac.comp.Check.checkUnique(Lcom/sun/tools/javac/util/JCDiagnostic$DiagnosticPosition;Lcom/sun/tools/javac/code/Symbol;Lcom/sun/tools/javac/code/Scope;)Z @ 7

Internal exceptions (10 events):
Event: 6.950 Thread 0x00007f94d400a000 Exception <a 'java/io/FileNotFoundException'> (0x00000000f6202030) thrown at [/HUDSON3/workspace/8-2-build-linux-amd64/jdk8u144/9417/hotspot/src/share/vm/prims/jni.cpp, line 709]
Event: 6.956 Thread 0x00007f94d400a000 Exception <a 'java/io/FileNotFoundException'> (0x00000000f6237060) thrown at [/HUDSON3/workspace/8-2-build-linux-amd64/jdk8u144/9417/hotspot/src/share/vm/prims/jni.cpp, line 709]
Event: 7.054 Thread 0x00007f94d400a000 Exception <a 'java/io/FileNotFoundException'> (0x00000000f7274268) thrown at [/HUDSON3/workspace/8-2-build-linux-amd64/jdk8u144/9417/hotspot/src/share/vm/prims/jni.cpp, line 709]
Event: 7.054 Thread 0x00007f94d400a000 Exception <a 'java/io/FileNotFoundException'> (0x00000000f7274f88) thrown at [/HUDSON3/workspace/8-2-build-linux-amd64/jdk8u144/9417/hotspot/src/share/vm/prims/jni.cpp, line 709]
Event: 7.054 Thread 0x00007f94d400a000 Exception <a 'java/io/FileNotFoundException'> (0x00000000f7275cb0) thrown at [/HUDSON3/workspace/8-2-build-linux-amd64/jdk8u144/9417/hotspot/src/share/vm/prims/jni.cpp, line 709]
Event: 7.079 Thread 0x00007f94d400a000 Exception <a 'java/io/FileNotFoundException'> (0x00000000f76e2698) thrown at [/HUDSON3/workspace/8-2-build-linux-amd64/jdk8u144/9417/hotspot/src/share/vm/prims/jni.cpp, line 709]
Event: 7.079 Thread 0x00007f94d400a000 Exception <a 'java/io/FileNotFoundException'> (0x00000000f7701c30) thrown at [/HUDSON3/workspace/8-2-build-linux-amd64/jdk8u144/9417/hotspot/src/share/vm/prims/jni.cpp, line 709]
Event: 8.897 Thread 0x00007f94d400a000 Implicit null exception at 0x00007f94c56eac90 to 0x00007f94c56eb1b1
Event: 9.430 Thread 0x00007f94d400a000 Exception <a 'java/io/FileNotFoundException'> (0x00000000ec01acd8) thrown at [/HUDSON3/workspace/8-2-build-linux-amd64/jdk8u144/9417/hotspot/src/share/vm/prims/jni.cpp, line 709]
Event: 10.480 Thread 0x00007f94d400a000 Implicit null exception at 0x00007f94c609236c to 0x00007f94c6094539

Events (10 events):
Event: 11.791 Thread 0x00007f94d400a000 DEOPT UNPACKING pc=0x00007f94c5047633 sp=0x00007f94dd52e510 mode 0
Event: 11.837 loading class com/sun/tools/javac/util/Log$2
Event: 11.837 loading class com/sun/tools/javac/util/Log$2 done
Event: 11.838 loading class com/sun/tools/javac/util/Log$WriterKind
Event: 11.838 loading class com/sun/tools/javac/util/Log$WriterKind done
Event: 11.856 Thread 0x00007f94d400a000 DEOPT PACKING pc=0x00007f94c6123c09 sp=0x00007f94dd52e4d0
Event: 11.856 Thread 0x00007f94d400a000 DEOPT UNPACKING pc=0x00007f94c5047633 sp=0x00007f94dd52e288 mode 0
Event: 11.901 Thread 0x00007f94d400a000 DEOPT PACKING pc=0x00007f94c58f2cc7 sp=0x00007f94dd52eff0
Event: 11.901 Thread 0x00007f94d400a000 DEOPT UNPACKING pc=0x00007f94c5047633 sp=0x00007f94dd52ed30 mode 0
Event: 11.902 Executing VM operation: ParallelGCFailedAllocation


Dynamic libraries:
00400000-00401000 r-xp 00000000 08:01 1711591                            /usr/lib/jvm/java-8-oracle/bin/java
00600000-00601000 rw-p 00000000 08:01 1711591                            /usr/lib/jvm/java-8-oracle/bin/java
00b9c000-00bbd000 rw-p 00000000 00:00 0                                  [heap]
c2400000-cab00000 rw-p 00000000 00:00 0 
cfe80000-eb700000 ---p 00000000 00:00 0 
eb700000-100000000 rw-p 00000000 00:00 0 
100000000-1002ec000 rw-p 00000000 00:00 0 
1002ec000-140000000 ---p 00000000 00:00 0 
7f9490000000-7f9490021000 rw-p 00000000 00:00 0 
7f9490021000-7f9494000000 ---p 00000000 00:00 0 
7f9494fff000-7f9498000000 rw-p 00000000 00:00 0 
7f9498000000-7f9498021000 rw-p 00000000 00:00 0 
7f9498021000-7f949c000000 ---p 00000000 00:00 0 
7f949c000000-7f949c021000 rw-p 00000000 00:00 0 
7f949c021000-7f94a0000000 ---p 00000000 00:00 0 
7f94a0000000-7f94a1bc1000 rw-p 00000000 00:00 0 
7f94a1bc1000-7f94a4000000 ---p 00000000 00:00 0 
7f94a4000000-7f94a511e000 rw-p 00000000 00:00 0 
7f94a511e000-7f94a8000000 ---p 00000000 00:00 0 
7f94a8000000-7f94a8021000 rw-p 00000000 00:00 0 
7f94a8021000-7f94ac000000 ---p 00000000 00:00 0 
7f94ac000000-7f94ac021000 rw-p 00000000 00:00 0 
7f94ac021000-7f94b0000000 ---p 00000000 00:00 0 
7f94b0000000-7f94b02ea000 rw-p 00000000 00:00 0 
7f94b02ea000-7f94b4000000 ---p 00000000 00:00 0 
7f94b4000000-7f94b4021000 rw-p 00000000 00:00 0 
7f94b4021000-7f94b8000000 ---p 00000000 00:00 0 
7f94b8000000-7f94b8021000 rw-p 00000000 00:00 0 
7f94b8021000-7f94bc000000 ---p 00000000 00:00 0 
7f94bcaef000-7f94bcb2f000 rw-p 00000000 00:00 0 
7f94bcb2f000-7f94bccef000 ---p 00000000 00:00 0 
7f94bccef000-7f94bceef000 rw-p 00000000 00:00 0 
7f94bceef000-7f94bcef0000 r--s 00002000 08:01 921105                     /home/madunlap/.m2/repository/com/google/auto/service/auto-service/1.0-rc2/auto-service-1.0-rc2.jar
7f94bcef0000-7f94bcef2000 r--s 0000c000 08:01 921153                     /home/madunlap/.m2/repository/com/lyncode/xoai-service-provider/4.1.0-header-patch/xoai-service-provider-4.1.0-header-patch.jar
7f94bcef2000-7f94bcef3000 r--s 00001000 08:01 921104                     /home/madunlap/.m2/repository/com/lyncode/builder-commons/1.0.2/builder-commons-1.0.2.jar
7f94bcef3000-7f94bcef6000 r--s 00012000 08:01 921152                     /home/madunlap/.m2/repository/com/lyncode/xoai-data-provider/4.1.0-header-patch/xoai-data-provider-4.1.0-header-patch.jar
7f94bcef6000-7f94bcef8000 r--s 00005000 08:01 791390                     /home/madunlap/.m2/repository/stax/stax-api/1.0.1/stax-api-1.0.1.jar
7f94bcef8000-7f94bcefe000 r--s 00048000 08:01 921101                     /home/madunlap/.m2/repository/org/apache/commons/commons-lang3/3.1/commons-lang3-3.1.jar
7f94bcefe000-7f94bcf00000 r--s 00004000 08:01 921097                     /home/madunlap/.m2/repository/javax/xml/stream/stax-api/1.0-2/stax-api-1.0-2.jar
7f94bcf00000-7f94bcf04000 r--s 00029000 08:01 921098                     /home/madunlap/.m2/repository/org/codehaus/woodstox/stax2-api/3.0.4/stax2-api-3.0.4.jar
7f94bcf04000-7f94bcf0a000 r--s 00045000 08:01 921095                     /home/madunlap/.m2/repository/org/hamcrest/hamcrest-all/1.3/hamcrest-all-1.3.jar
7f94bcf0a000-7f94bcf0b000 r--s 00003000 08:01 921092                     /home/madunlap/.m2/repository/com/lyncode/test-support/1.0.4/test-support-1.0.4.jar
7f94bcf0b000-7f94bcf0d000 r--s 00004000 08:01 921090                     /home/madunlap/.m2/repository/com/lyncode/xml-io/1.0.3/xml-io-1.0.3.jar
7f94bcf0d000-7f94bcf0f000 r--s 0000d000 08:01 921151                     /home/madunlap/.m2/repository/com/lyncode/xoai-common/4.1.0-header-patch/xoai-common-4.1.0-header-patch.jar
7f94bcf0f000-7f94bcf12000 r--s 00011000 08:01 921088                     /home/madunlap/.m2/repository/com/github/scribejava/scribejava-core/3.1.0/scribejava-core-3.1.0.jar
7f94bcf12000-7f94bcf15000 r--s 00010000 08:01 921084                     /home/madunlap/.m2/repository/com/github/scribejava/scribejava-apis/3.1.0/scribejava-apis-3.1.0.jar
7f94bcf15000-7f94bcf1e000 r--s 0006f000 08:01 921083                     /home/madunlap/.m2/repository/log4j/log4j/1.2.17/log4j-1.2.17.jar
7f94bcf1e000-7f94bcff5000 r--s 007aa000 08:01 921093                     /home/madunlap/.m2/repository/net/sf/ehcache/ehcache/2.10.1/ehcache-2.10.1.jar
7f94bcff5000-7f94bcff7000 r--s 00008000 08:01 921082                     /home/madunlap/.m2/repository/org/apache/commons/commons-csv/1.2/commons-csv-1.2.jar
7f94bcff7000-7f94bcffb000 r--s 00035000 08:01 921081                     /home/madunlap/.m2/repository/com/fasterxml/jackson/core/jackson-core/2.5.3/jackson-core-2.5.3.jar
7f94bcffb000-7f94bcffd000 r--s 00008000 08:01 921075                     /home/madunlap/.m2/repository/com/fasterxml/jackson/core/jackson-annotations/2.5.0/jackson-annotations-2.5.0.jar
7f94bcffd000-7f94bd00f000 r--s 00106000 08:01 921073                     /home/madunlap/.m2/repository/com/fasterxml/jackson/core/jackson-databind/2.5.3/jackson-databind-2.5.3.jar
7f94bd00f000-7f94bd012000 r--s 00006000 08:01 921070                     /home/madunlap/.m2/repository/com/google/code/findbugs/jsr305/1.3.9/jsr305-1.3.9.jar
7f94bd012000-7f94bd018000 r--s 00040000 08:01 921074                     /home/madunlap/.m2/repository/com/google/http-client/google-http-client/1.20.0/google-http-client-1.20.0.jar
7f94bd018000-7f94bd019000 r--s 00004000 08:01 921066                     /home/madunlap/.m2/repository/com/maxmind/db/maxmind-db/1.0.0/maxmind-db-1.0.0.jar
7f94bd019000-7f94bd01b000 r--s 00007000 08:01 921064                     /home/madunlap/.m2/repository/com/maxmind/geoip2/geoip2/2.3.1/geoip2-2.3.1.jar
7f94bd01b000-7f94bd01f000 r--s 00034000 08:01 921067                     /home/madunlap/.m2/repository/org/codehaus/jackson/jackson-core-asl/1.9.7/jackson-core-asl-1.9.7.jar
7f94bd01f000-7f94bd02e000 r--s 000b0000 08:01 921065                     /home/madunlap/.m2/repository/org/codehaus/jackson/jackson-mapper-asl/1.9.7/jackson-mapper-asl-1.9.7.jar
7f94bd02e000-7f94bd038000 r--s 0003d000 08:01 921060                     /home/madunlap/.m2/repository/org/javaswift/joss/0.9.10/joss-0.9.10.jar
7f94bd038000-7f94bd03f000 r--s 0003a000 08:01 921056                     /home/madunlap/.m2/repository/commons-codec/commons-codec/1.9/commons-codec-1.9.jar
7f94bd03f000-7f94bd046000 r--s 00048000 08:01 921054                     /home/madunlap/.m2/repository/org/apache/httpcomponents/httpcore/4.4.1/httpcore-4.4.1.jar
7f94bd046000-7f94bd053000 r--s 000a4000 08:01 921052                     /home/madunlap/.m2/repository/org/apache/httpcomponents/httpclient/4.4.1/httpclient-4.4.1.jar
7f94bd053000-7f94bd057000 r--s 00028000 08:01 921050                     /home/madunlap/.m2/repository/org/apache/httpcomponents/httpasyncclient/4.1/httpasyncclient-4.1.jar
7f94bd057000-7f94bd05e000 r--s 00050000 08:01 921049                     /home/madunlap/.m2/repository/org/apache/httpcomponents/httpcore-nio/4.4.1/httpcore-nio-4.4.1.jar
7f94bd05e000-7f94bd064000 r--s 00033000 08:01 921046                     /home/madunlap/.m2/repository/io/searchbox/jest-common/0.1.7/jest-common-0.1.7.jar
7f94bd064000-7f94bd065000 r--s 00004000 08:01 921045                     /home/madunlap/.m2/repository/io/searchbox/jest/0.1.7/jest-0.1.7.jar
7f94bd065000-7f94bd066000 r--s 00004000 08:01 921039                     /home/madunlap/.m2/repository/org/apache/axis/axis-saaj/1.4/axis-saaj-1.4.jar
7f94bd066000-7f94bd068000 r--s 00006000 08:01 921036                     /home/madunlap/.m2/repository/org/apache/axis/axis-jaxrpc/1.4/axis-jaxrpc-1.4.jar
7f94bd068000-7f94bd07c000 r--s 00173000 08:01 921038                     /home/madunlap/.m2/repository/axis/axis/1.4/axis-1.4.jar
7f94bd07c000-7f94bd098000 r--s 00103000 08:01 921030                     /home/madunlap/.m2/repository/org/mockito/mockito-core/1.10.19/mockito-core-1.10.19.jar
7f94bd098000-7f94bd09a000 r--s 00001000 08:01 921031                     /home/madunlap/.m2/repository/org/slf4j/slf4j-log4j12/1.7.7/slf4j-log4j12-1.7.7.jar
7f94bd09a000-7f94bd09c000 r--s 00006000 08:01 791385                     /home/madunlap/.m2/repository/org/slf4j/slf4j-api/1.7.7/slf4j-api-1.7.7.jar
7f94bd09c000-7f94bd09e000 r--s 00008000 08:01 920991                     /home/madunlap/.m2/repository/classworlds/classworlds/1.1-alpha-2/classworlds-1.1-alpha-2.jar
7f94bd09e000-7f94bd0a5000 r--s 00029000 08:01 920988                     /home/madunlap/.m2/repository/org/codehaus/plexus/plexus-container-default/1.0-alpha-9-stable-1/plexus-container-default-1.0-alpha-9-stable-1.jar
7f94bd0a5000-7f94bd0a8000 r--s 00011000 08:01 920989                     /home/madunlap/.m2/repository/org/apache/maven/maven-artifact/2.2.1/maven-artifact-2.2.1.jar
7f94bd0a8000-7f94bd0aa000 r--s 00006000 08:01 920982                     /home/madunlap/.m2/repository/org/apache/maven/maven-plugin-registry/2.2.1/maven-plugin-registry-2.2.1.jar
7f94bd0aa000-7f94bd0ac000 r--s 0000b000 08:01 920978                     /home/madunlap/.m2/repository/org/apache/maven/wagon/wagon-provider-api/1.0-beta-6/wagon-provider-api-1.0-beta-6.jar
7f94bd0ac000-7f94bd0ae000 r--s 00005000 08:01 920980                     /home/madunlap/.m2/repository/org/apache/maven/maven-repository-metadata/2.2.1/maven-repository-metadata-2.2.1.jar
7f94bd0ae000-7f94bd0b0000 r--s 0000f000 08:01 920975                     /home/madunlap/.m2/repository/org/apache/maven/maven-artifact-manager/2.2.1/maven-artifact-manager-2.2.1.jar
7f94bd0b0000-7f94bd0b2000 r--s 00014000 08:01 920971                     /home/madunlap/.m2/repository/org/apache/maven/maven-model/2.2.1/maven-model-2.2.1.jar
7f94bd0b2000-7f94bd0b4000 r--s 00007000 08:01 920969                     /home/madunlap/.m2/repository/org/apache/maven/maven-profile/2.2.1/maven-profile-2.2.1.jar
7f94bd0b4000-7f94bd0b5000 r--s 0000b000 08:01 920972                     /home/madunlap/.m2/repository/org/apache/maven/maven-settings/2.2.1/maven-settings-2.2.1.jar
7f94bd0b5000-7f94bd0b9000 r--s 00023000 08:01 920973                     /home/madunlap/.m2/repository/org/apache/maven/maven-project/2.2.1/maven-project-2.2.1.jar
7f94bd0b9000-7f94bd0bb000 r--s 00002000 08:01 661356                     /home/madunlap/.m2/repository/org/apache/maven/maven-plugin-api/2.2.1/maven-plugin-api-2.2.1.jar
7f94bd0bb000-7f94bd0bd000 r--s 00015000 08:01 791373                     /home/madunlap/.m2/repository/org/ccil/cowan/tagsoup/tagsoup/1.2.1/tagsoup-1.2.1.jar
7f94bd0bd000-7f94bd0c3000 r--s 00044000 08:01 791367                     /home/madunlap/.m2/repository/org/jsoup/jsoup/1.8.1/jsoup-1.8.1.jar
7f94bd0c3000-7f94bd0c5000 r--s 00004000 08:01 791401                     /home/madunlap/.m2/repository/edu/ucsb/nceas/ezid/1.0.0/ezid-1.0.0.jar
7f94bd0c5000-7f94bd0c8000 r--s 0000b000 08:01 791362                     /home/madunlap/.m2/repository/org/ocpsoft/rewrite/rewrite-integration-faces/2.0.12.Final/rewrite-integration-faces-2.0.12.Final.jar
7f94bd0c8000-7f94bd0ca000 r--s 00001000 08:01 791360                     /home/madunlap/.m2/repository/org/ocpsoft/rewrite/rewrite-annotations-api/2.0.12.Final/rewrite-annotations-api-2.0.12.Final.jar
7f94bd0ca000-7f94bd0cb000 r--s 00005000 08:01 791359                     /home/madunlap/.m2/repository/org/ocpsoft/rewrite/rewrite-addressbuilder/2.0.12.Final/rewrite-addressbuilder-2.0.12.Final.jar
7f94bd0cb000-7f94bd0cd000 r--s 00008000 08:01 791357                     /home/madunlap/.m2/repository/org/ocpsoft/rewrite/rewrite-api-servlet/2.0.12.Final/rewrite-api-servlet-2.0.12.Final.jar
7f94bd0cd000-7f94bd0cf000 r--s 00001000 08:01 791354                     /home/madunlap/.m2/repository/org/ocpsoft/logging/logging-api/1.0.2.Final/logging-api-1.0.2.Final.jar
7f94bd0cf000-7f94bd0d0000 r--s 00003000 08:01 791353                     /home/madunlap/.m2/repository/org/ocpsoft/common/common-api/1.0.5.Final/common-api-1.0.5.Final.jar
7f94bd0d0000-7f94bd0d4000 r--s 00018000 08:01 791351                     /home/madunlap/.m2/repository/org/ocpsoft/rewrite/rewrite-api/2.0.12.Final/rewrite-api-2.0.12.Final.jar
7f94bd0d4000-7f94bd0d6000 r--s 00005000 08:01 791349                     /home/madunlap/.m2/repository/org/ocpsoft/rewrite/rewrite-annotations-impl/2.0.12.Final/rewrite-annotations-impl-2.0.12.Final.jar
7f94bd0d6000-7f94bd0e4000 r--s 00092000 08:01 791352                     /home/madunlap/.m2/repository/org/ocpsoft/rewrite/rewrite-config-prettyfaces/2.0.12.Final/rewrite-config-prettyfaces-2.0.12.Final.jar
7f94bd0e4000-7f94bd0f2000 r--s 0005f000 08:01 791345                     /home/madunlap/.m2/repository/org/ocpsoft/rewrite/rewrite-servlet/2.0.12.Final/rewrite-servlet-2.0.12.Final.jar
7f94bd0f2000-7f94bd0f6000 r--s 0003c000 08:01 791218                     /home/madunlap/.m2/repository/javax/media/jai_codec/1.1.3/jai_codec-1.1.3.jar
7f94bd0f6000-7f94bd10a000 r--s 001bd000 08:01 791220                     /home/madunlap/.m2/repository/javax/media/jai_core/1.1.3/jai_core-1.1.3.jar
7f94bd10a000-7f94bd11b000 r--s 00106000 08:01 791219                     /home/madunlap/.m2/repository/javax/media/jai_imageio/1.1.1/jai_imageio-1.1.1.jar
7f94bd11b000-7f94bd11d000 r--s 00009000 08:01 791399                     /home/madunlap/.m2/repository/edu/harvard/hul/ois/jhove/jhove-handler/1.11.0/jhove-handler-1.11.0.jar
7f94bd11d000-7f94bd126000 r--s 00079000 08:01 791398                     /home/madunlap/.m2/repository/edu/harvard/hul/ois/jhove/jhove-module/1.11.0/jhove-module-1.11.0.jar
7f94bd126000-7f94bd129000 r--s 00011000 08:01 791396                     /home/madunlap/.m2/repository/edu/harvard/hul/ois/jhove/jhove/1.11.0/jhove-1.11.0.jar
7f94bd129000-7f94bd139000 r--s 0011f000 08:01 791342                     /home/madunlap/.m2/repository/org/apache/poi/poi-scratchpad/3.10-FINAL/poi-scratchpad-3.10-FINAL.jar
7f94bd139000-7f94bd13f000 r--s 00047000 08:01 791341                     /home/madunlap/.m2/repository/org/apache/poi/poi-examples/3.10-FINAL/poi-examples-3.10-FINAL.jar
7f94bd13f000-7f94bd144000 r--s 00048000 08:01 791338                     /home/madunlap/.m2/repository/dom4j/dom4j/1.6.1/dom4j-1.6.1.jar
7f94bd144000-7f94bd181000 r--s 0024f000 08:01 791336                     /home/madunlap/.m2/repository/org/apache/xmlbeans/xmlbeans/2.3.0/xmlbeans-2.3.0.jar
7f94bd181000-7f94bd219000 r--s 00420000 08:01 791334                     /home/madunlap/.m2/repository/org/apache/poi/poi-ooxml-schemas/3.10-FINAL/poi-ooxml-schemas-3.10-FINAL.jar
7f94bd219000-7f94bd227000 r--s 000ee000 08:01 791333                     /home/madunlap/.m2/repository/org/apache/poi/poi-ooxml/3.10-FINAL/poi-ooxml-3.10-FINAL.jar
7f94bd227000-7f94bd249000 r--s 001bb000 08:01 791332                     /home/madunlap/.m2/repository/org/apache/poi/poi/3.10-FINAL/poi-3.10-FINAL.jar
7f94bd249000-7f94bd24b000 r--s 00006000 08:01 791331                     /home/madunlap/.m2/repository/org/nuiton/thirdparty/Rserve/0.6-1/Rserve-0.6-1.jar
7f94bd24b000-7f94bd24d000 r--s 00006000 08:01 791328                     /home/madunlap/.m2/repository/org/nuiton/thirdparty/REngine/0.6-1/REngine-0.6-1.jar
7f94bd24d000-7f94bd24e000 r--s 0000c000 08:01 791397                     /home/madunlap/.m2/repository/org/dataverse/unf/6.0/unf-6.0.jar
7f94bd24e000-7f94bd24f000 r--s 00018000 08:01 791394                     /home/madunlap/.m2/repository/edu/harvard/iq/dvn/unf5/5.0/unf5-5.0.jar
7f94bd24f000-7f94bd258000 r--s 000a6000 08:01 791393                     /home/madunlap/.m2/repository/net/handle/handle/2006-06-16-generated/handle-2006-06-16-generated.jar
7f94bd258000-7f94bd25b000 r--s 00035000 08:01 791395                     /home/madunlap/.m2/repository/nom/tam/fits/fits/2012-10-25-generated/fits-2012-10-25-generated.jar
7f94bd25b000-7f94bd262000 r--s 00028000 08:01 791326                     /home/madunlap/.m2/repository/concurrent/concurrent/1.3.4/concurrent-1.3.4.jar
7f94bd262000-7f94bd270000 r--s 00081000 08:01 791324                     /home/madunlap/.m2/repository/colt/colt/1.2.0/colt-1.2.0.jar
7f94bd270000-7f94bd27d000 r--s 00083000 08:01 791320                     /home/madunlap/.m2/repository/commons-collections/commons-collections/3.2.2/commons-collections-3.2.2.jar
7f94bd27d000-7f94bd281000 r--s 00020000 08:01 791319                     /home/madunlap/.m2/repository/commons-digester/commons-digester/1.8.1/commons-digester-1.8.1.jar
7f94bd281000-7f94bd286000 r--s 00035000 08:01 791317                     /home/madunlap/.m2/repository/commons-beanutils/commons-beanutils/1.9.2/commons-beanutils-1.9.2.jar
7f94bd286000-7f94bd28a000 r--s 0002a000 08:01 791315                     /home/madunlap/.m2/repository/commons-validator/commons-validator/1.6/commons-validator-1.6.jar
7f94bd28a000-7f94bd29d000 r--s 000df000 08:01 791313                     /home/madunlap/.m2/repository/org/apache/commons/commons-math/2.2/commons-math-2.2.jar
7f94bd29d000-7f94bd29f000 r--s 0000e000 08:01 791309                     /home/madunlap/.m2/repository/commons-logging/commons-logging/1.1.3/commons-logging-1.1.3.jar
7f94bd29f000-7f94bd2a1000 r--s 00005000 08:01 791311                     /home/madunlap/.m2/repository/org/apache/httpcomponents/httpmime/4.2.6/httpmime-4.2.6.jar
7f94bd2a1000-7f94bd2a2000 r--s 00005000 08:01 791308                     /home/madunlap/.m2/repository/org/noggit/noggit/0.5/noggit-0.5.jar
7f94bd2a2000-7f94bd2ae000 r--s 000b3000 08:01 791304                     /home/madunlap/.m2/repository/org/apache/zookeeper/zookeeper/3.4.5/zookeeper-3.4.5.jar
7f94bd2ae000-7f94bd2b6000 r--s 0005b000 08:01 791305                     /home/madunlap/.m2/repository/org/apache/solr/solr-solrj/4.6.0/solr-solrj-4.6.0.jar
7f94bd2b6000-7f94bd2b8000 r--s 0000d000 08:01 791302                     /home/madunlap/.m2/repository/com/fasterxml/classmate/1.0.0/classmate-1.0.0.jar
7f94bd2b8000-7f94bd2ba000 r--s 0000d000 08:01 791296                     /home/madunlap/.m2/repository/org/jboss/logging/jboss-logging/3.1.1.GA/jboss-logging-3.1.1.GA.jar
7f94bd2ba000-7f94bd2be000 r--s 0000c000 08:01 791294                     /home/madunlap/.m2/repository/javax/validation/validation-api/1.1.0.Final/validation-api-1.1.0.Final.jar
7f94bd2be000-7f94bd2cb000 r--s 00080000 08:01 791293                     /home/madunlap/.m2/repository/org/hibernate/hibernate-validator/5.0.3.Final/hibernate-validator-5.0.3.Final.jar
7f94bd2cb000-7f94bd2d5000 r--s 0006b000 08:01 791289                     /home/madunlap/.m2/repository/org/omnifaces/omnifaces/1.7/omnifaces-1.7.jar
7f94bd2d5000-7f94bd2e4000 r--s 000c4000 08:01 791290                     /home/madunlap/.m2/repository/org/atmosphere/atmosphere-runtime/2.4.2/atmosphere-runtime-2.4.2.jar
7f94bd2e4000-7f94bd2f8000 r--s 0013a000 08:01 791121                     /home/madunlap/.m2/repository/org/primefaces/themes/all-themes/1.0.10/all-themes-1.0.10.jar
7f94bd2f8000-7f94bd324000 r--s 00318000 08:01 791288                     /home/madunlap/.m2/repository/org/primefaces/primefaces/5.3/primefaces-5.3.jar
7f94bd324000-7f94bd346000 r--s 00120000 08:01 791284                     /home/madunlap/.m2/repository/javax/javaee-web-api/7.0/javaee-web-api-7.0.jar
7f94bd346000-7f94bd348000 r--s 0000e000 08:01 791282                     /home/madunlap/.m2/repository/javax/activation/activation/1.1/activation-1.1.jar
7f94bd348000-7f94bd350000 r--s 00078000 08:01 791280                     /home/madunlap/.m2/repository/com/sun/mail/javax.mail/1.5.0/javax.mail-1.5.0.jar
7f94bd350000-7f94bd384000 r--s 001a4000 08:01 791278                     /home/madunlap/.m2/repository/javax/javaee-api/7.0/javaee-api-7.0.jar
7f94bd384000-7f94bd3af000 r--s 001f5000 08:01 791277                     /home/madunlap/.m2/repository/com/google/guava/guava/16.0.1/guava-16.0.1.jar
7f94bd3af000-7f94bd3b0000 r--s 00004000 08:01 791275                     /home/madunlap/.m2/repository/org/mindrot/jbcrypt/0.3m/jbcrypt-0.3m.jar
7f94bd3b0000-7f94bd3ce000 r--s 0027d000 08:01 791273                     /home/madunlap/.m2/repository/xalan/xalan/2.7.0/xalan-2.7.0.jar
7f94bd3ce000-7f94bd3e2000 r--s 000e3000 08:01 791272                     /home/madunlap/.m2/repository/xerces/xercesImpl/2.6.2/xercesImpl-2.6.2.jar
7f94bd3e2000-7f94bd3e8000 r--s 00019000 08:01 791270                     /home/madunlap/.m2/repository/xerces/xmlParserAPIs/2.6.2/xmlParserAPIs-2.6.2.jar
7f94bd3e8000-7f94bd3ef000 r--s 00063000 08:01 791268                     /home/madunlap/.m2/repository/xom/xom/1.1/xom-1.1.jar
7f94bd3ef000-7f94bd3f4000 r--s 0002a000 08:01 791265                     /home/madunlap/.m2/repository/com/google/code/gson/gson/2.2.4/gson-2.2.4.jar
7f94bd3f4000-7f94bd3f8000 r--s 00027000 08:01 791263                     /home/madunlap/.m2/repository/commons-io/commons-io/2.2/commons-io-2.2.jar
7f94bd3f8000-7f94bd3fa000 r--s 0000f000 08:01 791260                     /home/madunlap/.m2/repository/commons-fileupload/commons-fileupload/1.3.1/commons-fileupload-1.3.1.jar
7f94bd3fa000-7f94bd400000 r--s 00032000 08:01 791261                     /home/madunlap/.m2/repository/jaxen/jaxen/1.1.1/jaxen-1.1.1.jar
7f94bd400000-7f94bd407000 r--s 00079000 08:01 661348                     /home/madunlap/.m2/repository/org/codehaus/woodstox/wstx-asl/3.2.6/wstx-asl-3.2.6.jar
7f94bd407000-7f94bd40c000 r--s 00070000 08:01 661349                     /home/madunlap/.m2/repository/org/codehaus/woodstox/woodstox-core-asl/4.1.4/woodstox-core-asl-4.1.4.jar
7f94bd40c000-7f94bd410000 r--s 00026000 08:01 791256                     /home/madunlap/.m2/repository/org/apache/ws/commons/axiom/axiom-impl/1.2.14/axiom-impl-1.2.14.jar
7f94bd410000-7f94bd413000 r--s 00015000 08:01 791254                     /home/madunlap/.m2/repository/org/apache/james/apache-mime4j-core/0.7.2/apache-mime4j-core-0.7.2.jar
7f94bd413000-7f94bd418000 r--s 00032000 08:01 791252                     /home/madunlap/.m2/repository/org/apache/geronimo/specs/geronimo-javamail_1.4_spec/1.7.1/geronimo-javamail_1.4_spec-1.7.1.jar
7f94bd418000-7f94bd422000 r--s 0005d000 08:01 791250                     /home/madunlap/.m2/repository/org/apache/ws/commons/axiom/axiom-api/1.2.14/axiom-api-1.2.14.jar
7f94bd422000-7f94bd425000 r--s 0014e000 08:01 791249                     /home/madunlap/.m2/repository/org/apache/abdera/abdera-parser/1.1.3/abdera-parser-1.1.3.jar
7f94bd425000-7f94bd427000 r--s 00006000 08:01 791245                     /home/madunlap/.m2/repository/org/apache/geronimo/specs/geronimo-stax-api_1.0_spec/1.0.1/geronimo-stax-api_1.0_spec-1.0.1.jar
7f94bd427000-7f94bd429000 r--s 0000a000 08:01 791243                     /home/madunlap/.m2/repository/org/apache/geronimo/specs/geronimo-activation_1.1_spec/1.1/geronimo-activation_1.1_spec-1.1.jar
7f94bd429000-7f94bd42d000 r--s 00094000 08:01 791246                     /home/madunlap/.m2/repository/org/apache/abdera/abdera-i18n/1.1.3/abdera-i18n-1.1.3.jar
7f94bd42d000-7f94bd431000 r--s 00024000 08:01 791241                     /home/madunlap/.m2/repository/org/apache/abdera/abdera-core/1.1.3/abdera-core-1.1.3.jar
7f94bd431000-7f94bd44a000 r--s 002fd000 08:01 791240                     /home/madunlap/.m2/repository/com/ibm/icu/icu4j/3.4.4/icu4j-3.4.4.jar
7f94bd44a000-7f94bd44d000 r--s 00023000 08:01 791237                     /home/madunlap/.m2/repository/com/hp/hpl/jena/iri/0.8/iri-0.8.jar
7f94bd44d000-7f94bd470000 r--s 001ae000 08:01 791235                     /home/madunlap/.m2/repository/com/hp/hpl/jena/jena/2.6.4/jena-2.6.4.jar
7f94bd470000-7f94bd472000 r--s 0000d000 08:01 791233                     /home/madunlap/.m2/repository/org/apache/abdera/abdera-client/1.1.1/abdera-client-1.1.1.jar
7f94bd472000-7f94bd474000 r--s 00016000 08:01 791230                     /home/madunlap/.m2/repository/javax/servlet/servlet-api/2.4/servlet-api-2.4.jar
7f94bd474000-7f94bd477000 r--s 0000f000 08:01 791226                     /home/madunlap/.m2/repository/org/swordapp/sword2-server/1.0/sword2-server-1.0-classes.jar
7f94bd477000-7f94bd47c000 r--s 00040000 08:01 791224                     /home/madunlap/.m2/repository/commons-httpclient/commons-httpclient/3.0.1/commons-httpclient-3.0.1.jar
7f94bd47c000-7f94bd888000 r--s 03c80000 08:01 791225                     /home/madunlap/.m2/repository/com/amazonaws/aws-java-sdk-bundle/1.11.172/aws-java-sdk-bundle-1.11.172.jar
7f94bda0b000-7f94bda0d000 r--s 0000b000 08:01 921145                     /home/madunlap/.m2/repository/org/json/json/20160212/json-20160212.jar
7f94bda0d000-7f94bda0f000 r--s 00009000 08:01 921147                     /home/madunlap/.m2/repository/com/mashape/unirest/unirest-java/1.4.9/unirest-java-1.4.9.jar
7f94bda0f000-7f94bda11000 r--s 0000e000 08:01 921141                     /home/madunlap/.m2/repository/org/jvnet/mimepull/mimepull/1.9.6/mimepull-1.9.6.jar
7f94bda11000-7f94bda14000 r--s 0000e000 08:01 921143                     /home/madunlap/.m2/repository/org/glassfish/jersey/media/jersey-media-multipart/2.23.2/jersey-media-multipart-2.23.2.jar
7f94bda14000-7f94bda18000 r--s 00019000 08:01 921137                     /home/madunlap/.m2/repository/javax/ws/rs/javax.ws.rs-api/2.0.1/javax.ws.rs-api-2.0.1.jar
7f94bda18000-7f94bda1a000 r--s 00010000 08:01 921134                     /home/madunlap/.m2/repository/org/glassfish/jersey/media/jersey-media-jaxb/2.23.2/jersey-media-jaxb-2.23.2.jar
7f94bda1a000-7f94bda1f000 r--s 00025000 08:01 921138                     /home/madunlap/.m2/repository/org/glassfish/jersey/core/jersey-client/2.23.2/jersey-client-2.23.2.jar
7f94bda1f000-7f94bda35000 r--s 000d3000 08:01 921133                     /home/madunlap/.m2/repository/org/glassfish/jersey/core/jersey-server/2.23.2/jersey-server-2.23.2.jar
7f94bda35000-7f94bda36000 r--s 00004000 08:01 921129                     /home/madunlap/.m2/repository/org/glassfish/hk2/osgi-resource-locator/1.0.1/osgi-resource-locator-1.0.1.jar
7f94bda36000-7f94bda40000 r--s 000ae000 08:01 921127                     /home/madunlap/.m2/repository/org/javassist/javassist/3.20.0-GA/javassist-3.20.0-GA.jar
7f94bda40000-7f94bda43000 r--s 0002a000 08:01 921123                     /home/madunlap/.m2/repository/org/glassfish/hk2/hk2-locator/2.5.0-b05/hk2-locator-2.5.0-b05.jar
7f94bda43000-7f94bda45000 r--s 00002000 08:01 921128                     /home/madunlap/.m2/repository/org/glassfish/hk2/external/aopalliance-repackaged/2.5.0-b05/aopalliance-repackaged-2.5.0-b05.jar
7f94bda45000-7f94bda49000 r--s 0001a000 08:01 921125                     /home/madunlap/.m2/repository/org/glassfish/hk2/hk2-utils/2.5.0-b05/hk2-utils-2.5.0-b05.jar
7f94bda49000-7f94bda4e000 r--s 00027000 08:01 921118                     /home/madunlap/.m2/repository/org/glassfish/hk2/hk2-api/2.5.0-b05/hk2-api-2.5.0-b05.jar
7f94bda4e000-7f94bda66000 r--s 000d6000 08:01 921120                     /home/madunlap/.m2/repository/org/glassfish/jersey/bundles/repackaged/jersey-guava/2.23.2/jersey-guava-2.23.2.jar
7f94bda66000-7f94bda68000 r--s 00005000 08:01 921116                     /home/madunlap/.m2/repository/javax/annotation/javax.annotation-api/1.2/javax.annotation-api-1.2.jar
7f94bda68000-7f94bda77000 r--s 000a0000 08:01 921111                     /home/madunlap/.m2/repository/org/glassfish/jersey/core/jersey-common/2.23.2/jersey-common-2.23.2.jar
7f94bda77000-7f94bda78000 r--s 00001000 08:01 921113                     /home/madunlap/.m2/repository/org/glassfish/hk2/external/javax.inject/2.5.0-b05/javax.inject-2.5.0-b05.jar
7f94bda78000-7f94bda7b000 r--s 0000e000 08:01 921110                     /home/madunlap/.m2/repository/org/glassfish/jersey/containers/jersey-container-servlet-core/2.23.2/jersey-container-servlet-core-2.23.2.jar
7f94bda7b000-7f94bda7d000 r--s 00003000 08:01 921107                     /home/madunlap/.m2/repository/org/glassfish/jersey/containers/jersey-container-servlet/2.23.2/jersey-container-servlet-2.23.2.jar
7f94bda7d000-7f94bda7f000 r--s 00008000 08:01 921112                     /home/madunlap/.m2/repository/com/google/auto/auto-common/0.3/auto-common-0.3.jar
7f94bda7f000-7f94bdc7f000 rw-p 00000000 00:00 0 
7f94bdc7f000-7f94bde7f000 rw-p 00000000 00:00 0 
7f94bde7f000-7f94bdef9000 r--s 010f7000 08:01 1582200                    /usr/lib/jvm/java-8-oracle/lib/tools.jar
7f94bdef9000-7f94bdefc000 r--s 0001b000 08:01 791438                     /home/madunlap/.m2/repository/junit/junit/3.8.2/junit-3.8.2.jar
7f94bdefc000-7f94bdf0a000 r--s 0008f000 08:01 921892                     /home/madunlap/.m2/repository/com/google/collections/google-collections/1.0/google-collections-1.0.jar
7f94bdf0a000-7f94bdf0b000 r--s 0000a000 08:01 921891                     /home/madunlap/.m2/repository/commons-logging/commons-logging-api/1.1/commons-logging-api-1.1.jar
7f94bdf0b000-7f94bdf12000 r--s 00051000 08:01 921889                     /home/madunlap/.m2/repository/log4j/log4j/1.2.12/log4j-1.2.12.jar
7f94bdf12000-7f94bdf16000 r--s 0001d000 08:01 921886                     /home/madunlap/.m2/repository/org/apache/xbean/xbean-reflect/3.4/xbean-reflect-3.4.jar
7f94bdf16000-7f94bdf17000 r--s 00004000 08:01 921885                     /home/madunlap/.m2/repository/org/codehaus/plexus/plexus-compiler-javac/2.2/plexus-compiler-javac-2.2.jar
7f94bdf17000-7f94bdf19000 r--s 00000000 08:01 921883                     /home/madunlap/.m2/repository/org/codehaus/plexus/plexus-compiler-manager/2.2/plexus-compiler-manager-2.2.jar
7f94bdf19000-7f94bdf1b000 r--s 00005000 08:01 921878                     /home/madunlap/.m2/repository/org/codehaus/plexus/plexus-compiler-api/2.2/plexus-compiler-api-2.2.jar
7f94bdf1b000-7f94bdf1d000 r--s 00002000 08:01 921877                     /home/madunlap/.m2/repository/org/apache/maven/shared/maven-shared-incremental/1.1/maven-shared-incremental-1.1.jar
7f94bdf1d000-7f94bdf20000 r--s 00023000 08:01 921882                     /home/madunlap/.m2/repository/org/apache/maven/shared/maven-shared-utils/0.1/maven-shared-utils-0.1.jar
7f94bdf20000-7f94c0000000 rw-p 00000000 00:00 0 
7f94c0000000-7f94c002b000 rw-p 00000000 00:00 0 
7f94c002b000-7f94c4000000 ---p 00000000 00:00 0 
7f94c4000000-7f94c4002000 r--s 00006000 08:01 921876                     /home/madunlap/.m2/repository/com/google/code/findbugs/jsr305/2.0.1/jsr305-2.0.1.jar
7f94c4002000-7f94c4006000 r--s 00030000 08:01 921884                     /home/madunlap/.m2/repository/org/codehaus/plexus/plexus-utils/1.5.1/plexus-utils-1.5.1.jar
7f94c4006000-7f94c4008000 r--s 00009000 08:01 660601                     /home/madunlap/.m2/repository/org/apache/maven/plugins/maven-compiler-plugin/3.1/maven-compiler-plugin-3.1.jar
7f94c4008000-7f94c400a000 r--s 0000d000 08:01 921763                     /home/madunlap/.m2/repository/org/codehaus/plexus/plexus-interpolation/1.13/plexus-interpolation-1.13.jar
7f94c400a000-7f94c400b000 r--s 00001000 08:01 921761                     /home/madunlap/.m2/repository/org/sonatype/plexus/plexus-build-api/0.0.4/plexus-build-api-0.0.4.jar
7f94c400b000-7f94c400d000 r--s 00009000 08:01 921767                     /home/madunlap/.m2/repository/org/apache/maven/shared/maven-filtering/1.0/maven-filtering-1.0.jar
7f94c400d000-7f94c400e000 r--s 00001000 08:01 921765                     /home/madunlap/.m2/repository/org/apache/maven/doxia/doxia-sink-api/1.0-alpha-7/doxia-sink-api-1.0-alpha-7.jar
7f94c400e000-7f94c400f000 r--s 00002000 08:01 921760                     /home/madunlap/.m2/repository/org/apache/maven/reporting/maven-reporting-api/2.0.6/maven-reporting-api-2.0.6.jar
7f94c400f000-7f94c4011000 r--s 00005000 08:01 660590                     /home/madunlap/.m2/repository/org/apache/maven/plugins/maven-resources-plugin/2.5/maven-resources-plugin-2.5.jar
7f94c4011000-7f94c4015000 r--s 0001f000 08:01 921028                     /home/madunlap/.m2/repository/org/jacoco/org.jacoco.report/0.7.5.201505241946/org.jacoco.report-0.7.5.201505241946.jar
7f94c4015000-7f94c401a000 r--s 00058000 08:01 921027                     /home/madunlap/.m2/repository/org/ow2/asm/asm-debug-all/5.0.1/asm-debug-all-5.0.1.jar
7f94c401a000-7f94c401e000 r--s 0001d000 08:01 791383                     /home/madunlap/.m2/repository/org/jacoco/org.jacoco.core/0.7.5.201505241946/org.jacoco.core-0.7.5.201505241946.jar
7f94c401e000-7f94c4024000 r--s 00041000 08:01 661360                     /home/madunlap/.m2/repository/org/jacoco/org.jacoco.agent/0.7.5.201505241946/org.jacoco.agent-0.7.5.201505241946-runtime.jar
7f94c4024000-7f94c4031000 r--s 0007f000 08:01 921702                     /home/madunlap/.m2/repository/commons-collections/commons-collections/3.2/commons-collections-3.2.jar
7f94c4031000-7f94c4033000 r--s 00008000 08:01 921015                     /home/madunlap/.m2/repository/org/apache/maven/doxia/doxia-module-fml/1.1.2/doxia-module-fml-1.1.2.jar
7f94c4033000-7f94c4034000 r--s 00003000 08:01 921016                     /home/madunlap/.m2/repository/org/apache/maven/doxia/doxia-module-xhtml/1.1.2/doxia-module-xhtml-1.1.2.jar
7f94c4034000-7f94c4036000 r--s 0000b000 08:01 921011                     /home/madunlap/.m2/repository/org/apache/maven/doxia/doxia-decoration-model/1.1.2/doxia-decoration-model-1.1.2.jar
7f94c4036000-7f94c4038000 r--s 0000b000 08:01 921008                     /home/madunlap/.m2/repository/org/apache/maven/doxia/doxia-site-renderer/1.1.2/doxia-site-renderer-1.1.2.jar
7f94c4038000-7f94c403a000 r--s 00006000 08:01 791430                     /home/madunlap/.m2/repository/commons-codec/commons-codec/1.2/commons-codec-1.2.jar
7f94c403a000-7f94c4040000 r--s 00045000 08:01 791428                     /home/madunlap/.m2/repository/commons-httpclient/commons-httpclient/3.1/commons-httpclient-3.1.jar
7f94c4040000-7f94c4044000 r--s 0003c000 08:01 791427                     /home/madunlap/.m2/repository/commons-lang/commons-lang/2.4/commons-lang-2.4.jar
7f94c4044000-7f94c405b000 r--s 00112000 08:01 791426                     /home/madunlap/.m2/repository/xerces/xercesImpl/2.8.1/xercesImpl-2.8.1.jar
7f94c405b000-7f94c405f000 r--s 00023000 08:01 921010                     /home/madunlap/.m2/repository/org/apache/maven/doxia/doxia-core/1.1.2/doxia-core-1.1.2.jar
7f94c405f000-7f94c4061000 r--s 00003000 08:01 921007                     /home/madunlap/.m2/repository/org/apache/maven/reporting/maven-reporting-impl/2.1/maven-reporting-impl-2.1.jar
7f94c4061000-7f94c4062000 r--s 00002000 08:01 921004                     /home/madunlap/.m2/repository/org/apache/maven/doxia/doxia-logging-api/1.1/doxia-logging-api-1.1.jar
7f94c4062000-7f94c4064000 r--s 00002000 08:01 921001                     /home/madunlap/.m2/repository/org/apache/maven/doxia/doxia-sink-api/1.1/doxia-sink-api-1.1.jar
7f94c4064000-7f94c4065000 r--s 00002000 08:01 920999                     /home/madunlap/.m2/repository/org/apache/maven/reporting/maven-reporting-api/2.2.1/maven-reporting-api-2.2.1.jar
7f94c4065000-7f94c406a000 r--s 00039000 08:01 920997                     /home/madunlap/.m2/repository/org/codehaus/plexus/plexus-utils/1.5.6/plexus-utils-1.5.6.jar
7f94c406a000-7f94c4070000 r--s 00034000 08:01 921701                     /home/madunlap/.m2/repository/junit/junit/4.8.2/junit-4.8.2.jar
7f94c4070000-7f94c4072000 r--s 0000b000 08:01 920985                     /home/madunlap/.m2/repository/org/codehaus/plexus/plexus-interpolation/1.11/plexus-interpolation-1.11.jar
7f94c4072000-7f94c407a000 r--s 00049000 08:01 920984                     /home/madunlap/.m2/repository/backport-util-concurrent/backport-util-concurrent/3.1/backport-util-concurrent-3.1.jar
7f94c407a000-7f94c407d000 r--s 0001a000 08:01 1976716                    /usr/lib/jvm/java-8-oracle/jre/lib/jce.jar
7f94c407d000-7f94c407f000 r--s 0000b000 08:01 660606                     /home/madunlap/.m2/repository/org/jacoco/jacoco-maven-plugin/0.7.5.201505241946/jacoco-maven-plugin-0.7.5.201505241946.jar
7f94c407f000-7f94c408d000 r--s 0007f000 08:01 791424                     /home/madunlap/.m2/repository/commons-collections/commons-collections/3.2.1/commons-collections-3.2.1.jar
7f94c408d000-7f94c4092000 r--s 00041000 08:01 791300                     /home/madunlap/.m2/repository/commons-lang/commons-lang/2.6/commons-lang-2.6.jar
7f94c4092000-7f94c4094000 r--s 00006000 08:01 921678                     /home/madunlap/.m2/repository/org/apache/maven/shared/maven-invoker/2.0.11/maven-invoker-2.0.11.jar
7f94c4094000-7f94c4096000 r--s 00006000 08:01 921677                     /home/madunlap/.m2/repository/org/apache/maven/shared/maven-common-artifact-filters/1.4/maven-common-artifact-filters-1.4.jar
7f94c4096000-7f94c4098000 r--s 0000c000 08:01 921676                     /home/madunlap/.m2/repository/org/apache/maven/shared/maven-dependency-tree/2.0/maven-dependency-tree-2.0.jar
7f94c4098000-7f94c409a000 r--s 00000000 08:01 921682                     /home/madunlap/.m2/repository/org/codehaus/plexus/plexus-component-annotations/1.5.5/plexus-component-annotations-1.5.5.jar
7f94c409a000-7f94c409b000 r--s 0000a000 08:01 921680                     /home/madunlap/.m2/repository/asm/asm/3.3.1/asm-3.3.1.jar
7f94c409b000-7f94c409d000 r--s 00005000 08:01 921672                     /home/madunlap/.m2/repository/org/apache/maven/shared/maven-dependency-analyzer/1.3/maven-dependency-analyzer-1.3.jar
7f94c409d000-7f94c40a0000 r--s 0000c000 08:01 921669                     /home/madunlap/.m2/repository/org/codehaus/plexus/plexus-io/2.0.6/plexus-io-2.0.6.jar
7f94c40a0000-7f94c40a3000 r--s 0001b000 08:01 791422                     /home/madunlap/.m2/repository/junit/junit/3.8.1/junit-3.8.1.jar
7f94c40a3000-7f94c40a5000 r--s 00008000 08:01 920995                     /home/madunlap/.m2/repository/org/apache/maven/shared/maven-shared-io/1.1/maven-shared-io-1.1.jar
7f94c40a5000-7f94c40a7000 r--s 00008000 08:01 920998                     /home/madunlap/.m2/repository/org/apache/maven/shared/file-management/1.2.1/file-management-1.2.1.jar
7f94c40a7000-7f94c40ab000 r--s 00035000 08:01 921667                     /home/madunlap/.m2/repository/org/codehaus/plexus/plexus-utils/3.0.9/plexus-utils-3.0.9.jar
7f94c40ab000-7f94c40b0000 r--s 00029000 08:01 921665                     /home/madunlap/.m2/repository/org/codehaus/plexus/plexus-archiver/2.2/plexus-archiver-2.2.jar
7f94c40b0000-7f94c40b2000 r--s 00004000 08:01 921661                     /home/madunlap/.m2/repository/org/apache/maven/doxia/doxia-module-xhtml/1.0/doxia-module-xhtml-1.0.jar
7f94c40b2000-7f94c40b3000 r--s 00006000 08:01 921663                     /home/madunlap/.m2/repository/org/apache/maven/doxia/doxia-module-xdoc/1.0/doxia-module-xdoc-1.0.jar
7f94c40b3000-7f94c40b4000 r--s 00004000 08:01 921664                     /home/madunlap/.m2/repository/org/apache/maven/doxia/doxia-module-fml/1.0/doxia-module-fml-1.0.jar
7f94c40b4000-7f94c40b6000 r--s 0000a000 08:01 921659                     /home/madunlap/.m2/repository/org/apache/maven/doxia/doxia-module-apt/1.0/doxia-module-apt-1.0.jar
7f94c40b6000-7f94c40b7000 r--s 0000b000 08:01 921658                     /home/madunlap/.m2/repository/org/apache/maven/doxia/doxia-decoration-model/1.0/doxia-decoration-model-1.0.jar
7f94c40b7000-7f94c40bf000 r--s 00058000 08:01 921019                     /home/madunlap/.m2/repository/org/apache/velocity/velocity/1.5/velocity-1.5.jar
7f94c40bf000-7f94c40c0000 r--s 00001000 08:01 921022                     /home/madunlap/.m2/repository/org/codehaus/plexus/plexus-velocity/1.1.7/plexus-velocity-1.1.7.jar
7f94c40c0000-7f94c40c1000 r--s 00002000 08:01 921017                     /home/madunlap/.m2/repository/org/codehaus/plexus/plexus-i18n/1.0-beta-7/plexus-i18n-1.0-beta-7.jar
7f94c40c1000-7f94c40c3000 r--s 0000a000 08:01 921654                     /home/madunlap/.m2/repository/org/apache/maven/doxia/doxia-site-renderer/1.0/doxia-site-renderer-1.0.jar
7f94c40c3000-7f94c40c4000 r--s 00002000 08:01 921653                     /home/madunlap/.m2/repository/org/apache/maven/doxia/doxia-sink-api/1.0/doxia-sink-api-1.0.jar
7f94c40c4000-7f94c40c9000 r--s 00016000 08:01 791388                     /home/madunlap/.m2/repository/xml-apis/xml-apis/1.0.b2/xml-apis-1.0.b2.jar
7f94c40c9000-7f94c40cb000 r--s 0000e000 08:01 921023                     /home/madunlap/.m2/repository/oro/oro/2.0.8/oro-2.0.8.jar
7f94c40cb000-7f94c40cd000 r--s 00008000 08:01 791420                     /home/madunlap/.m2/repository/commons-logging/commons-logging/1.0.4/commons-logging-1.0.4.jar
7f94c40cd000-7f94c40d1000 r--s 00026000 08:01 921649                     /home/madunlap/.m2/repository/commons-digester/commons-digester/1.6/commons-digester-1.6.jar
7f94c40d1000-7f94c40d6000 r--s 0002a000 08:01 921644                     /home/madunlap/.m2/repository/commons-beanutils/commons-beanutils/1.7.0/commons-beanutils-1.7.0.jar
7f94c40d6000-7f94c40d9000 r--s 00014000 08:01 921646                     /home/madunlap/.m2/repository/commons-validator/commons-validator/1.2.0/commons-validator-1.2.0.jar
7f94c40d9000-7f94c40dc000 r--s 00018000 08:01 791418                     /home/madunlap/.m2/repository/commons-io/commons-io/1.4/commons-io-1.4.jar
7f94c40dc000-7f94c40de000 r--s 00009000 08:01 921639                     /home/madunlap/.m2/repository/org/apache/maven/shared/maven-doxia-tools/1.0.2/maven-doxia-tools-1.0.2.jar
7f94c40de000-7f94c40e1000 r--s 0000b000 08:01 921640                     /home/madunlap/.m2/repository/org/apache/maven/doxia/doxia-core/1.0/doxia-core-1.0.jar
7f94c40e1000-7f94c40e3000 r--s 00004000 08:01 921647                     /home/madunlap/.m2/repository/org/apache/maven/reporting/maven-reporting-impl/2.0.5/maven-reporting-impl-2.0.5.jar
7f94c40e3000-7f94c40e4000 r--s 00002000 08:01 921638                     /home/madunlap/.m2/repository/org/apache/maven/reporting/maven-reporting-api/3.0/maven-reporting-api-3.0.jar
7f94c40e4000-7f94c40e6000 r--s 00002000 08:01 921645                     /home/madunlap/.m2/repository/org/codehaus/plexus/plexus-interactivity-api/1.0-alpha-4/plexus-interactivity-api-1.0-alpha-4.jar
7f94c40e6000-7f94c40e8000 r--s 00006000 08:01 921636                     /home/madunlap/.m2/repository/commons-cli/commons-cli/1.0/commons-cli-1.0.jar
7f94c40e8000-7f94c40eb000 r--s 00021000 08:01 660560                     /home/madunlap/.m2/repository/org/apache/maven/plugins/maven-dependency-plugin/2.6/maven-dependency-plugin-2.6.jar
7f94c40eb000-7f94c40ef000 r--s 00033000 08:01 921162                     /home/madunlap/.m2/repository/org/codehaus/plexus/plexus-utils/2.0.5/plexus-utils-2.0.5.jar
7f94c40ef000-7f94c40f0000 r--s 00005000 08:01 660568                     /home/madunlap/.m2/repository/org/apache/maven/plugins/maven-clean-plugin/2.4.1/maven-clean-plugin-2.4.1.jar
7f94c40f0000-7f94c42f0000 rw-p 00000000 00:00 0 
7f94c42f0000-7f94c4301000 r-xp 00000000 08:01 2106483                    /usr/lib/jvm/java-8-oracle/jre/lib/amd64/libnio.so
7f94c4301000-7f94c4500000 ---p 00011000 08:01 2106483                    /usr/lib/jvm/java-8-oracle/jre/lib/amd64/libnio.so
7f94c4500000-7f94c4501000 rw-p 00010000 08:01 2106483                    /usr/lib/jvm/java-8-oracle/jre/lib/amd64/libnio.so
7f94c4501000-7f94c4517000 r-xp 00000000 08:01 2106458                    /usr/lib/jvm/java-8-oracle/jre/lib/amd64/libnet.so
7f94c4517000-7f94c4717000 ---p 00016000 08:01 2106458                    /usr/lib/jvm/java-8-oracle/jre/lib/amd64/libnet.so
7f94c4717000-7f94c4718000 rw-p 00016000 08:01 2106458                    /usr/lib/jvm/java-8-oracle/jre/lib/amd64/libnet.so
7f94c4718000-7f94c471b000 ---p 00000000 00:00 0 
7f94c471b000-7f94c4751000 rw-p 00000000 00:00 0 
7f94c4751000-7f94c4752000 r--p 00000000 00:00 0 
7f94c4752000-7f94c4952000 rw-p 00000000 00:00 0 
7f94c4952000-7f94c4957000 r--s 0009a000 08:01 1976643                    /usr/lib/jvm/java-8-oracle/jre/lib/jsse.jar
7f94c4957000-7f94c4b57000 rw-p 00000000 00:00 0 
7f94c4b57000-7f94c4b59000 r--s 0000c000 08:01 2112577                    /usr/local/netbeans-8.1/java/maven-nblib/netbeans-eventspy.jar
7f94c4b59000-7f94c4b5b000 r--s 00002000 08:01 2112587                    /usr/local/netbeans-8.1/java/maven/lib/plexus-cipher-1.7.jar
7f94c4b5b000-7f94c4b5c000 r--s 0000a000 08:01 2112568                    /usr/local/netbeans-8.1/java/maven/lib/maven-embedder-3.0.5.jar
7f94c4b5c000-7f94c4b5e000 r--s 00000000 08:01 2112237                    /usr/local/netbeans-8.1/java/maven/lib/plexus-component-annotations-1.5.5.jar
7f94c4b5e000-7f94c4b60000 r--s 0000a000 08:01 2112569                    /usr/local/netbeans-8.1/java/maven/lib/maven-settings-3.0.5.jar
7f94c4b60000-7f94c4b64000 r--s 0001c000 08:01 2112582                    /usr/local/netbeans-8.1/java/maven/lib/aether-util-1.13.1.jar
7f94c4b64000-7f94c4b6b000 r--s 0003f000 08:01 2112554                    /usr/local/netbeans-8.1/java/maven/lib/sisu-inject-bean-2.3.0.jar
7f94c4b6b000-7f94c4b6f000 r--s 00021000 08:01 2112506                    /usr/local/netbeans-8.1/java/maven/lib/maven-model-builder-3.0.5.jar
7f94c4b6f000-7f94c4b71000 r--s 0000b000 08:01 2112552                    /usr/local/netbeans-8.1/java/maven/lib/wagon-provider-api-2.4.jar
7f94c4b71000-7f94c4b75000 r--s 00033000 08:01 2112580                    /usr/local/netbeans-8.1/java/maven/lib/plexus-utils-2.0.6.jar
7f94c4b75000-7f94c4b79000 r--s 00013000 08:01 2112588                    /usr/local/netbeans-8.1/java/maven/lib/aether-api-1.13.1.jar
7f94c4b79000-7f94c4b7b000 r--s 0000d000 08:01 2112510                    /usr/local/netbeans-8.1/java/maven/lib/plexus-interpolation-1.14.jar
7f94c4b7b000-7f94c4b96000 r--s 000e4000 08:01 2112562                    /usr/local/netbeans-8.1/java/maven/lib/wagon-http-2.4-shaded.jar
7f94c4b96000-7f94c4bb5000 r--s 00154000 08:01 2112595                    /usr/local/netbeans-8.1/java/maven/lib/sisu-guava-0.9.9.jar
7f94c4bb5000-7f94c4bb6000 r--s 00002000 08:01 2112599                    /usr/local/netbeans-8.1/java/maven/lib/wagon-file-2.4.jar
7f94c4bb6000-7f94c4bbe000 r--s 00050000 08:01 2112540                    /usr/local/netbeans-8.1/java/maven/lib/sisu-guice-3.1.0-no_aop.jar
7f94c4bbe000-7f94c4bc0000 r--s 0000b000 08:01 2112567                    /usr/local/netbeans-8.1/java/maven/lib/maven-artifact-3.0.5.jar
7f94c4bc0000-7f94c4bc7000 r--s 0002b000 08:01 2112529                    /usr/local/netbeans-8.1/java/maven/lib/sisu-inject-plexus-2.3.0.jar
7f94c4bc7000-7f94c4bca000 r--s 0001d000 08:01 2112581                    /usr/local/netbeans-8.1/java/maven/lib/aether-impl-1.13.1.jar
7f94c4bca000-7f94c4bcc000 r--s 00006000 08:01 2112424                    /usr/local/netbeans-8.1/java/maven/lib/aether-connector-wagon-1.13.1.jar
7f94c4bcc000-7f94c4bce000 r--s 00009000 08:01 2112597                    /usr/local/netbeans-8.1/java/maven/lib/commons-cli-1.2.jar
7f94c4bce000-7f94c4bfc000 r--s 001c9000 08:01 2112509                    /usr/local/netbeans-8.1/java/maven/lib/ext/wagon-http-2.8-shaded.jar
7f94c4bfc000-7f94c4bfd000 ---p 00000000 00:00 0 
7f94c4bfd000-7f94c4cfd000 rw-p 00000000 00:00 0 
7f94c4cfd000-7f94c4d00000 ---p 00000000 00:00 0 
7f94c4d00000-7f94c4dfe000 rw-p 00000000 00:00 0 
7f94c4dfe000-7f94c4e01000 ---p 00000000 00:00 0 
7f94c4e01000-7f94c4eff000 rw-p 00000000 00:00 0 
7f94c4eff000-7f94c4f02000 ---p 00000000 00:00 0 
7f94c4f02000-7f94c5000000 rw-p 00000000 00:00 0 
7f94c5000000-7f94c63d0000 rwxp 00000000 00:00 0 
7f94c63d0000-7f94d4000000 ---p 00000000 00:00 0 
7f94d4000000-7f94d59ce000 rw-p 00000000 00:00 0 
7f94d59ce000-7f94d8000000 ---p 00000000 00:00 0 
7f94d8000000-7f94d8001000 r--s 00003000 08:01 2112589                    /usr/local/netbeans-8.1/java/maven/lib/aether-spi-1.13.1.jar
7f94d8001000-7f94d8004000 r--s 00008000 08:01 2112453                    /usr/local/netbeans-8.1/java/maven/lib/maven-settings-builder-3.0.5.jar
7f94d8004000-7f94d8006000 r--s 00006000 08:01 2112358                    /usr/local/netbeans-8.1/java/maven/lib/maven-repository-metadata-3.0.5.jar
7f94d8006000-7f94d8012000 r--s 0007d000 08:01 2112594                    /usr/local/netbeans-8.1/java/maven/lib/maven-core-3.0.5.jar
7f94d8012000-7f94d8018000 r--s 0003f000 08:01 2112583                    /usr/local/netbeans-8.1/java/maven/lib/maven-compat-3.0.5.jar
7f94d8018000-7f94d801b000 ---p 00000000 00:00 0 
7f94d801b000-7f94d8119000 rw-p 00000000 00:00 0 
7f94d8119000-7f94d83f4000 r--p 00000000 08:01 1441812                    /usr/lib/locale/locale-archive
7f94d83f4000-7f94d83f7000 ---p 00000000 00:00 0 
7f94d83f7000-7f94d84f5000 rw-p 00000000 00:00 0 
7f94d84f5000-7f94d84f8000 ---p 00000000 00:00 0 
7f94d84f8000-7f94d85f6000 rw-p 00000000 00:00 0 
7f94d85f6000-7f94d85f7000 ---p 00000000 00:00 0 
7f94d85f7000-7f94d9063000 rw-p 00000000 00:00 0 
7f94d9063000-7f94d923d000 r--s 03d4d000 08:01 1976682                    /usr/lib/jvm/java-8-oracle/jre/lib/rt.jar
7f94d923d000-7f94d9ca1000 rw-p 00000000 00:00 0 
7f94d9ca1000-7f94d9ca2000 ---p 00000000 00:00 0 
7f94d9ca2000-7f94d9da2000 rw-p 00000000 00:00 0 
7f94d9da2000-7f94d9da3000 ---p 00000000 00:00 0 
7f94d9da3000-7f94d9ee7000 rw-p 00000000 00:00 0 
7f94d9ee7000-7f94d9fed000 ---p 00000000 00:00 0 
7f94d9fed000-7f94da031000 rw-p 00000000 00:00 0 
7f94da031000-7f94da136000 ---p 00000000 00:00 0 
7f94da136000-7f94da1db000 rw-p 00000000 00:00 0 
7f94da1db000-7f94da22c000 rw-p 00000000 00:00 0 
7f94da22c000-7f94da59c000 ---p 00000000 00:00 0 
7f94da59c000-7f94da5b6000 r-xp 00000000 08:01 2106481                    /usr/lib/jvm/java-8-oracle/jre/lib/amd64/libzip.so
7f94da5b6000-7f94da7b6000 ---p 0001a000 08:01 2106481                    /usr/lib/jvm/java-8-oracle/jre/lib/amd64/libzip.so
7f94da7b6000-7f94da7b7000 rw-p 0001a000 08:01 2106481                    /usr/lib/jvm/java-8-oracle/jre/lib/amd64/libzip.so
7f94da7b7000-7f94da7c2000 r-xp 00000000 08:01 663303                     /lib/x86_64-linux-gnu/libnss_files-2.24.so
7f94da7c2000-7f94da9c1000 ---p 0000b000 08:01 663303                     /lib/x86_64-linux-gnu/libnss_files-2.24.so
7f94da9c1000-7f94da9c2000 r--p 0000a000 08:01 663303                     /lib/x86_64-linux-gnu/libnss_files-2.24.so
7f94da9c2000-7f94da9c3000 rw-p 0000b000 08:01 663303                     /lib/x86_64-linux-gnu/libnss_files-2.24.so
7f94da9c3000-7f94da9c9000 rw-p 00000000 00:00 0 
7f94da9c9000-7f94da9d4000 r-xp 00000000 08:01 663305                     /lib/x86_64-linux-gnu/libnss_nis-2.24.so
7f94da9d4000-7f94dabd3000 ---p 0000b000 08:01 663305                     /lib/x86_64-linux-gnu/libnss_nis-2.24.so
7f94dabd3000-7f94dabd4000 r--p 0000a000 08:01 663305                     /lib/x86_64-linux-gnu/libnss_nis-2.24.so
7f94dabd4000-7f94dabd5000 rw-p 0000b000 08:01 663305                     /lib/x86_64-linux-gnu/libnss_nis-2.24.so
7f94dabd5000-7f94dabeb000 r-xp 00000000 08:01 663300                     /lib/x86_64-linux-gnu/libnsl-2.24.so
7f94dabeb000-7f94dadea000 ---p 00016000 08:01 663300                     /lib/x86_64-linux-gnu/libnsl-2.24.so
7f94dadea000-7f94dadeb000 r--p 00015000 08:01 663300                     /lib/x86_64-linux-gnu/libnsl-2.24.so
7f94dadeb000-7f94dadec000 rw-p 00016000 08:01 663300                     /lib/x86_64-linux-gnu/libnsl-2.24.so
7f94dadec000-7f94dadee000 rw-p 00000000 00:00 0 
7f94dadee000-7f94dadf6000 r-xp 00000000 08:01 663301                     /lib/x86_64-linux-gnu/libnss_compat-2.24.so
7f94dadf6000-7f94daff5000 ---p 00008000 08:01 663301                     /lib/x86_64-linux-gnu/libnss_compat-2.24.so
7f94daff5000-7f94daff6000 r--p 00007000 08:01 663301                     /lib/x86_64-linux-gnu/libnss_compat-2.24.so
7f94daff6000-7f94daff7000 rw-p 00008000 08:01 663301                     /lib/x86_64-linux-gnu/libnss_compat-2.24.so
7f94daff7000-7f94db022000 r-xp 00000000 08:01 2106508                    /usr/lib/jvm/java-8-oracle/jre/lib/amd64/libjava.so
7f94db022000-7f94db221000 ---p 0002b000 08:01 2106508                    /usr/lib/jvm/java-8-oracle/jre/lib/amd64/libjava.so
7f94db221000-7f94db223000 rw-p 0002a000 08:01 2106508                    /usr/lib/jvm/java-8-oracle/jre/lib/amd64/libjava.so
7f94db223000-7f94db230000 r-xp 00000000 08:01 2106459                    /usr/lib/jvm/java-8-oracle/jre/lib/amd64/libverify.so
7f94db230000-7f94db430000 ---p 0000d000 08:01 2106459                    /usr/lib/jvm/java-8-oracle/jre/lib/amd64/libverify.so
7f94db430000-7f94db432000 rw-p 0000d000 08:01 2106459                    /usr/lib/jvm/java-8-oracle/jre/lib/amd64/libverify.so
7f94db432000-7f94db439000 r-xp 00000000 08:01 663310                     /lib/x86_64-linux-gnu/librt-2.24.so
7f94db439000-7f94db638000 ---p 00007000 08:01 663310                     /lib/x86_64-linux-gnu/librt-2.24.so
7f94db638000-7f94db639000 r--p 00006000 08:01 663310                     /lib/x86_64-linux-gnu/librt-2.24.so
7f94db639000-7f94db63a000 rw-p 00007000 08:01 663310                     /lib/x86_64-linux-gnu/librt-2.24.so
7f94db63a000-7f94db742000 r-xp 00000000 08:01 663297                     /lib/x86_64-linux-gnu/libm-2.24.so
7f94db742000-7f94db941000 ---p 00108000 08:01 663297                     /lib/x86_64-linux-gnu/libm-2.24.so
7f94db941000-7f94db942000 r--p 00107000 08:01 663297                     /lib/x86_64-linux-gnu/libm-2.24.so
7f94db942000-7f94db943000 rw-p 00108000 08:01 663297                     /lib/x86_64-linux-gnu/libm-2.24.so
7f94db943000-7f94dc616000 r-xp 00000000 08:01 2106512                    /usr/lib/jvm/java-8-oracle/jre/lib/amd64/server/libjvm.so
7f94dc616000-7f94dc815000 ---p 00cd3000 08:01 2106512                    /usr/lib/jvm/java-8-oracle/jre/lib/amd64/server/libjvm.so
7f94dc815000-7f94dc8ef000 rw-p 00cd2000 08:01 2106512                    /usr/lib/jvm/java-8-oracle/jre/lib/amd64/server/libjvm.so
7f94dc8ef000-7f94dc93a000 rw-p 00000000 00:00 0 
7f94dc93a000-7f94dcaf8000 r-xp 00000000 08:01 663293                     /lib/x86_64-linux-gnu/libc-2.24.so
7f94dcaf8000-7f94dccf7000 ---p 001be000 08:01 663293                     /lib/x86_64-linux-gnu/libc-2.24.so
7f94dccf7000-7f94dccfb000 r--p 001bd000 08:01 663293                     /lib/x86_64-linux-gnu/libc-2.24.so
7f94dccfb000-7f94dccfd000 rw-p 001c1000 08:01 663293                     /lib/x86_64-linux-gnu/libc-2.24.so
7f94dccfd000-7f94dcd01000 rw-p 00000000 00:00 0 
7f94dcd01000-7f94dcd04000 r-xp 00000000 08:01 663296                     /lib/x86_64-linux-gnu/libdl-2.24.so
7f94dcd04000-7f94dcf03000 ---p 00003000 08:01 663296                     /lib/x86_64-linux-gnu/libdl-2.24.so
7f94dcf03000-7f94dcf04000 r--p 00002000 08:01 663296                     /lib/x86_64-linux-gnu/libdl-2.24.so
7f94dcf04000-7f94dcf05000 rw-p 00003000 08:01 663296                     /lib/x86_64-linux-gnu/libdl-2.24.so
7f94dcf05000-7f94dcf1a000 r-xp 00000000 08:01 1711533                    /usr/lib/jvm/java-8-oracle/lib/amd64/jli/libjli.so
7f94dcf1a000-7f94dd11a000 ---p 00015000 08:01 1711533                    /usr/lib/jvm/java-8-oracle/lib/amd64/jli/libjli.so
7f94dd11a000-7f94dd11b000 rw-p 00015000 08:01 1711533                    /usr/lib/jvm/java-8-oracle/lib/amd64/jli/libjli.so
7f94dd11b000-7f94dd133000 r-xp 00000000 08:01 663308                     /lib/x86_64-linux-gnu/libpthread-2.24.so
7f94dd133000-7f94dd333000 ---p 00018000 08:01 663308                     /lib/x86_64-linux-gnu/libpthread-2.24.so
7f94dd333000-7f94dd334000 r--p 00018000 08:01 663308                     /lib/x86_64-linux-gnu/libpthread-2.24.so
7f94dd334000-7f94dd335000 rw-p 00019000 08:01 663308                     /lib/x86_64-linux-gnu/libpthread-2.24.so
7f94dd335000-7f94dd339000 rw-p 00000000 00:00 0 
7f94dd339000-7f94dd35f000 r-xp 00000000 08:01 663288                     /lib/x86_64-linux-gnu/ld-2.24.so
7f94dd35f000-7f94dd431000 rw-p 00000000 00:00 0 
7f94dd431000-7f94dd434000 ---p 00000000 00:00 0 
7f94dd434000-7f94dd534000 rw-p 00000000 00:00 0 
7f94dd534000-7f94dd536000 r--s 00026000 08:01 2112586                    /usr/local/netbeans-8.1/java/maven/lib/maven-model-3.0.5.jar
7f94dd536000-7f94dd538000 r--s 0000b000 08:01 2112553                    /usr/local/netbeans-8.1/java/maven/lib/maven-plugin-api-3.0.5.jar
7f94dd538000-7f94dd539000 r--s 00006000 08:01 2112507                    /usr/local/netbeans-8.1/java/maven/lib/plexus-sec-dispatcher-1.3.jar
7f94dd539000-7f94dd53b000 r--s 0000c000 08:01 2112471                    /usr/local/netbeans-8.1/java/maven/lib/maven-aether-provider-3.0.5.jar
7f94dd53b000-7f94dd53d000 r--s 0000a000 08:01 2112542                    /usr/local/netbeans-8.1/java/maven/boot/plexus-classworlds-2.4.jar
7f94dd53d000-7f94dd551000 rw-p 00000000 00:00 0 
7f94dd551000-7f94dd559000 rw-s 00000000 08:01 1972824                    /tmp/hsperfdata_madunlap/1438
7f94dd559000-7f94dd55a000 rw-p 00000000 00:00 0 
7f94dd55a000-7f94dd55b000 ---p 00000000 00:00 0 
7f94dd55b000-7f94dd55e000 rw-p 00000000 00:00 0 
7f94dd55e000-7f94dd55f000 r--p 00025000 08:01 663288                     /lib/x86_64-linux-gnu/ld-2.24.so
7f94dd55f000-7f94dd560000 rw-p 00026000 08:01 663288                     /lib/x86_64-linux-gnu/ld-2.24.so
7f94dd560000-7f94dd561000 rw-p 00000000 00:00 0 
7ffc8d917000-7ffc8d938000 rw-p 00000000 00:00 0                          [stack]
7ffc8d952000-7ffc8d954000 r--p 00000000 00:00 0                          [vvar]
7ffc8d954000-7ffc8d956000 r-xp 00000000 00:00 0                          [vdso]
ffffffffff600000-ffffffffff601000 r-xp 00000000 00:00 0                  [vsyscall]

VM Arguments:
jvm_args: -Dclassworlds.conf=/usr/local/netbeans-8.1/java/maven/bin/m2.conf -Dmaven.home=/usr/local/netbeans-8.1/java/maven 
java_command: org.codehaus.plexus.classworlds.launcher.Launcher -Dmaven.ext.class.path=/usr/local/netbeans-8.1/java/maven-nblib/netbeans-eventspy.jar clean install
java_class_path (initial): /usr/local/netbeans-8.1/java/maven/boot/plexus-classworlds-2.4.jar
Launcher Type: SUN_STANDARD

Environment Variables:
JAVA_HOME=/usr/lib/jvm/java-8-oracle
PATH=/usr/local/sbin:/usr/local/bin:/usr/sbin:/usr/bin:/sbin:/bin:/usr/games:/usr/local/games:/snap/bin:/usr/lib/jvm/java-8-oracle/bin:/usr/lib/jvm/java-8-oracle/db/bin:/usr/lib/jvm/java-8-oracle/jre/bin
LD_LIBRARY_PATH=/usr/lib/jvm/java-8-oracle/jre/lib/amd64:/usr/lib/jvm/java-8-oracle/jre/lib/i386:
SHELL=/bin/bash
DISPLAY=:0

Signal Handlers:
SIGSEGV: [libjvm.so+0xacba10], sa_mask[0]=11111111011111111101111111111110, sa_flags=SA_RESTART|SA_SIGINFO
SIGBUS: [libjvm.so+0xacba10], sa_mask[0]=11111111011111111101111111111110, sa_flags=SA_RESTART|SA_SIGINFO
SIGFPE: [libjvm.so+0x924ba0], sa_mask[0]=11111111011111111101111111111110, sa_flags=SA_RESTART|SA_SIGINFO
SIGPIPE: [libjvm.so+0x924ba0], sa_mask[0]=11111111011111111101111111111110, sa_flags=SA_RESTART|SA_SIGINFO
SIGXFSZ: [libjvm.so+0x924ba0], sa_mask[0]=11111111011111111101111111111110, sa_flags=SA_RESTART|SA_SIGINFO
SIGILL: [libjvm.so+0x924ba0], sa_mask[0]=11111111011111111101111111111110, sa_flags=SA_RESTART|SA_SIGINFO
SIGUSR1: SIG_DFL, sa_mask[0]=00000000000000000000000000000000, sa_flags=none
SIGUSR2: [libjvm.so+0x9263e0], sa_mask[0]=00100000000000000000000000000000, sa_flags=SA_RESTART|SA_SIGINFO
SIGHUP: [libjvm.so+0x9277e0], sa_mask[0]=11111111011111111101111111111110, sa_flags=SA_RESTART|SA_SIGINFO
SIGINT: SIG_IGN, sa_mask[0]=00000000000000000000000000000000, sa_flags=none
SIGTERM: [libjvm.so+0x9277e0], sa_mask[0]=11111111011111111101111111111110, sa_flags=SA_RESTART|SA_SIGINFO
SIGQUIT: [libjvm.so+0x9277e0], sa_mask[0]=11111111011111111101111111111110, sa_flags=SA_RESTART|SA_SIGINFO


---------------  S Y S T E M  ---------------

OS:DISTRIB_ID=Ubuntu
DISTRIB_RELEASE=17.04
DISTRIB_CODENAME=zesty
DISTRIB_DESCRIPTION="Ubuntu 17.04"

uname:Linux 4.10.0-33-generic #37-Ubuntu SMP Fri Aug 11 10:55:28 UTC 2017 x86_64
libc:glibc 2.24 NPTL 2.24 
rlimit: STACK 8192k, CORE 0k, NPROC 15602, NOFILE 1048576, AS infinity
load average:0.94 0.63 0.37

/proc/meminfo:
MemTotal:        4039880 kB
MemFree:          113788 kB
MemAvailable:      29748 kB
Buffers:            2180 kB
Cached:            42460 kB
SwapCached:         9476 kB
Active:          3050144 kB
Inactive:         619244 kB
Active(anon):    3039060 kB
Inactive(anon):   607904 kB
Active(file):      11084 kB
Inactive(file):    11340 kB
Unevictable:          32 kB
Mlocked:              32 kB
SwapTotal:       2097148 kB
SwapFree:             24 kB
Dirty:              2092 kB
Writeback:             0 kB
AnonPages:       3617308 kB
Mapped:            37732 kB
Shmem:             22296 kB
Slab:             104800 kB
SReclaimable:      52752 kB
SUnreclaim:        52048 kB
KernelStack:       16888 kB
PageTables:        81732 kB
NFS_Unstable:          0 kB
Bounce:                0 kB
WritebackTmp:          0 kB
CommitLimit:     4117088 kB
Committed_AS:   11804096 kB
VmallocTotal:   34359738367 kB
VmallocUsed:           0 kB
VmallocChunk:          0 kB
HardwareCorrupted:     0 kB
AnonHugePages:   1277952 kB
ShmemHugePages:        0 kB
ShmemPmdMapped:        0 kB
CmaTotal:              0 kB
CmaFree:               0 kB
HugePages_Total:       0
HugePages_Free:        0
HugePages_Rsvd:        0
HugePages_Surp:        0
Hugepagesize:       2048 kB
DirectMap4k:      184240 kB
DirectMap2M:     4009984 kB


CPU:total 2 (initial active 2) (2 cores per cpu, 1 threads per core) family 6 model 70 stepping 1, cmov, cx8, fxsr, mmx, sse, sse2, sse3, ssse3, sse4.1, sse4.2, popcnt, avx, avx2, aes, clmul, erms, lzcnt, tsc, tscinvbit, bmi1, bmi2

/proc/cpuinfo:
processor	: 0
vendor_id	: GenuineIntel
cpu family	: 6
model		: 70
model name	: Intel(R) Core(TM) i7-4870HQ CPU @ 2.50GHz
stepping	: 1
microcode	: 0x13
cpu MHz		: 2494.226
cache size	: 6144 KB
physical id	: 0
siblings	: 2
core id		: 0
cpu cores	: 2
apicid		: 0
initial apicid	: 0
fpu		: yes
fpu_exception	: yes
cpuid level	: 13
wp		: yes
flags		: fpu vme de pse tsc msr pae mce cx8 apic sep mtrr pge mca cmov pat pse36 clflush mmx fxsr sse sse2 ss ht syscall nx rdtscp lm constant_tsc nopl xtopology nonstop_tsc pni pclmulqdq ssse3 fma cx16 pcid sse4_1 sse4_2 x2apic movbe popcnt tsc_deadline_timer aes xsave avx f16c rdrand hypervisor lahf_lm abm fsgsbase tsc_adjust bmi1 avx2 smep bmi2 invpcid xsaveopt dtherm arat pln pts
bugs		:
bogomips	: 4988.45
clflush size	: 64
cache_alignment	: 64
address sizes	: 36 bits physical, 48 bits virtual
power management:

processor	: 1
vendor_id	: GenuineIntel
cpu family	: 6
model		: 70
model name	: Intel(R) Core(TM) i7-4870HQ CPU @ 2.50GHz
stepping	: 1
microcode	: 0x13
cpu MHz		: 2494.226
cache size	: 6144 KB
physical id	: 0
siblings	: 2
core id		: 1
cpu cores	: 2
apicid		: 1
initial apicid	: 1
fpu		: yes
fpu_exception	: yes
cpuid level	: 13
wp		: yes
flags		: fpu vme de pse tsc msr pae mce cx8 apic sep mtrr pge mca cmov pat pse36 clflush mmx fxsr sse sse2 ss ht syscall nx rdtscp lm constant_tsc nopl xtopology nonstop_tsc pni pclmulqdq ssse3 fma cx16 pcid sse4_1 sse4_2 x2apic movbe popcnt tsc_deadline_timer aes xsave avx f16c rdrand hypervisor lahf_lm abm fsgsbase tsc_adjust bmi1 avx2 smep bmi2 invpcid xsaveopt dtherm arat pln pts
bugs		:
bogomips	: 4988.45
clflush size	: 64
cache_alignment	: 64
address sizes	: 36 bits physical, 48 bits virtual
power management:



Memory: 4k page, physical 4039880k(113664k free), swap 2097148k(24k free)

vm_info: Java HotSpot(TM) 64-Bit Server VM (25.144-b01) for linux-amd64 JRE (1.8.0_144-b01), built on Jul 21 2017 21:57:33 by "java_re" with gcc 4.3.0 20080428 (Red Hat 4.3.0-8)

time: Tue Sep 19 13:24:11 2017
elapsed time: 12 seconds (0d 0h 0m 12s)

