#
# There is insufficient memory for the Java Runtime Environment to continue.
# Native memory allocation (mmap) failed to map 87031808 bytes for committing reserved memory.
# Possible reasons:
#   The system is out of physical RAM or swap space
#   In 32 bit mode, the process size limit was hit
# Possible solutions:
#   Reduce memory load on the system
#   Increase physical memory or swap space
#   Check if swap backing store is full
#   Use 64 bit Java on a 64 bit OS
#   Decrease Java heap size (-Xmx/-Xms)
#   Decrease number of Java threads
#   Decrease Java thread stack sizes (-Xss)
#   Set larger code cache with -XX:ReservedCodeCacheSize=
# This output file may be truncated or incomplete.
#
#  Out of Memory Error (os_linux.cpp:2640), pid=12308, tid=0x00007f1db03fc700
#
# JRE version: Java(TM) SE Runtime Environment (8.0_151-b12) (build 1.8.0_151-b12)
# Java VM: Java HotSpot(TM) 64-Bit Server VM (25.151-b12 mixed mode linux-amd64 compressed oops)
# Failed to write core dump. Core dumps have been disabled. To enable core dumping, try "ulimit -c unlimited" before starting Java again
#

---------------  T H R E A D  ---------------

Current thread (0x00007f1dc4073800):  VMThread [stack: 0x00007f1db02fc000,0x00007f1db03fd000] [id=12317]

Stack: [0x00007f1db02fc000,0x00007f1db03fd000],  sp=0x00007f1db03fb0a0,  free space=1020k
Native frames: (J=compiled Java code, j=interpreted, Vv=VM code, C=native code)
V  [libjvm.so+0xacb58a]  VMError::report_and_die()+0x2ba
V  [libjvm.so+0x4ff4ab]  report_vm_out_of_memory(char const*, int, unsigned long, VMErrorType, char const*)+0x8b
V  [libjvm.so+0x928113]  os::Linux::commit_memory_impl(char*, unsigned long, bool)+0x103
V  [libjvm.so+0x928669]  os::pd_commit_memory(char*, unsigned long, unsigned long, bool)+0x29
V  [libjvm.so+0x92288a]  os::commit_memory(char*, unsigned long, unsigned long, bool)+0x2a
V  [libjvm.so+0x9973e3]  PSVirtualSpace::expand_by(unsigned long)+0x53
V  [libjvm.so+0x987ca0]  PSOldGen::expand(unsigned long)+0x170
V  [libjvm.so+0x987eab]  PSOldGen::resize(unsigned long)+0x1cb
V  [libjvm.so+0x98fbb1]  PSParallelCompact::invoke_no_policy(bool)+0x991
V  [libjvm.so+0x99550d]  PSScavenge::invoke()+0x1ad
V  [libjvm.so+0x94c0d0]  ParallelScavengeHeap::failed_mem_allocate(unsigned long)+0x70
V  [libjvm.so+0xaccfa7]  VM_ParallelGCFailedAllocation::doit()+0x97
V  [libjvm.so+0xad4a85]  VM_Operation::evaluate()+0x55
V  [libjvm.so+0xad2e5a]  VMThread::evaluate_operation(VM_Operation*)+0xba
V  [libjvm.so+0xad31de]  VMThread::loop()+0x1ce
V  [libjvm.so+0xad3650]  VMThread::run()+0x70
V  [libjvm.so+0x92a728]  java_start(Thread*)+0x108

VM_Operation (0x00007f1dcb3b1360): ParallelGCFailedAllocation, mode: safepoint, requested by thread 0x00007f1dc400a000


---------------  P R O C E S S  ---------------

Java Threads: ( => current thread )
  0x00007f1dc45a6000 JavaThread "process reaper" daemon [_thread_blocked, id=12335, stack(0x00007f1db0031000,0x00007f1db006a000)]
  0x00007f1dc40ba800 JavaThread "Service Thread" daemon [_thread_blocked, id=12323, stack(0x00007f1da3921000,0x00007f1da3a22000)]
  0x00007f1dc40b7800 JavaThread "C1 CompilerThread1" daemon [_thread_blocked, id=12322, stack(0x00007f1da3a22000,0x00007f1da3b23000)]
  0x00007f1dc40b4800 JavaThread "C2 CompilerThread0" daemon [_thread_blocked, id=12321, stack(0x00007f1da3b23000,0x00007f1da3c24000)]
  0x00007f1dc40b0800 JavaThread "Signal Dispatcher" daemon [_thread_blocked, id=12320, stack(0x00007f1da3c24000,0x00007f1da3d25000)]
  0x00007f1dc4080000 JavaThread "Finalizer" daemon [_thread_blocked, id=12319, stack(0x00007f1db00fa000,0x00007f1db01fb000)]
  0x00007f1dc407b800 JavaThread "Reference Handler" daemon [_thread_blocked, id=12318, stack(0x00007f1db01fb000,0x00007f1db02fc000)]
  0x00007f1dc400a000 JavaThread "main" [_thread_blocked, id=12311, stack(0x00007f1dcb2b4000,0x00007f1dcb3b5000)]

Other Threads:
=>0x00007f1dc4073800 VMThread [stack: 0x00007f1db02fc000,0x00007f1db03fd000] [id=12317]
  0x00007f1dc40bd000 WatcherThread [stack: 0x00007f1da3820000,0x00007f1da3921000] [id=12324]

VM state:at safepoint (normal execution)

VM Mutex/Monitor currently owned by a thread:  ([mutex/lock_event])
[0x00007f1dc4005b80] ExpandHeap_lock - owner thread: 0x00007f1dc4073800
[0x00007f1dc4006200] Threads_lock - owner thread: 0x00007f1dc4073800
[0x00007f1dc4006700] Heap_lock - owner thread: 0x00007f1dc400a000

Heap:
 PSYoungGen      total 223744K, used 3990K [0x00000000e0f00000, 0x00000000f1780000, 0x0000000100000000)
  eden space 214528K, 0% used [0x00000000e0f00000,0x00000000e0f00000,0x00000000ee080000)
  from space 9216K, 43% used [0x00000000f0c00000,0x00000000f0fe59e8,0x00000000f1500000)
  to   space 28160K, 0% used [0x00000000ee080000,0x00000000ee080000,0x00000000efc00000)
 ParOldGen       total 71680K, used 71532K [0x00000000a2c00000, 0x00000000a7200000, 0x00000000e0f00000)
  object space 71680K, 99% used [0x00000000a2c00000,0x00000000a71db1e0,0x00000000a7200000)
 Metaspace       used 21223K, capacity 21848K, committed 22064K, reserved 1069056K
  class space    used 2465K, capacity 2642K, committed 2688K, reserved 1048576K

Card table byte_map: [0x00007f1db4d15000,0x00007f1db5000000] byte_map_base: 0x00007f1db47ff000

Marking Bits: (ParMarkBitMap*) 0x00007f1dca78ff80
 Begin Bits: [0x00007f1db1a81000, 0x00007f1db31d1000)
 End Bits:   [0x00007f1db31d1000, 0x00007f1db4921000)

Polling page: 0x00007f1dcb3dd000

CodeCache: size=245760Kb used=11653Kb max_used=11668Kb free=234106Kb
 bounds [0x00007f1db5000000, 0x00007f1db5b70000, 0x00007f1dc4000000]
 total_blobs=4101 nmethods=3726 adapters=288
 compilation: enabled

Compilation events (10 events):
Event: 10.484 Thread 0x00007f1dc40b7800 4047       2       java.util.ComparableTimSort::mergeAt (356 bytes)
Event: 10.484 Thread 0x00007f1dc40b7800 nmethod 4047 0x00007f1db5b59ed0 code [0x00007f1db5b5a0a0, 0x00007f1db5b5a538]
Event: 10.487 Thread 0x00007f1dc40b7800 4048 %     3       java.util.ComparableTimSort::mergeLo @ 147 (656 bytes)
Event: 10.489 Thread 0x00007f1dc40b7800 nmethod 4048% 0x00007f1db5b5a990 code [0x00007f1db5b5ace0, 0x00007f1db5b5d138]
Event: 10.489 Thread 0x00007f1dc40b7800 4049       3       java.util.ComparableTimSort::mergeLo (656 bytes)
Event: 10.490 Thread 0x00007f1dc40b7800 nmethod 4049 0x00007f1db5b5dfd0 code [0x00007f1db5b5e320, 0x00007f1db5b606f8]
Event: 10.532 Thread 0x00007f1dc40b4800 nmethod 3978% 0x00007f1db5b64e50 code [0x00007f1db5b655a0, 0x00007f1db5b67e80]
Event: 10.532 Thread 0x00007f1dc40b4800 4031   !   4       java.lang.StringCoding::decode (120 bytes)
Event: 10.564 Thread 0x00007f1dc40b4800 nmethod 4031 0x00007f1db5b6cd90 code [0x00007f1db5b6d040, 0x00007f1db5b6e290]
Event: 10.564 Thread 0x00007f1dc40b4800 4028 %     4       com.sun.tools.javac.file.ZipFileIndex$ZipDirectory::readEntry @ 102 (587 bytes)

GC Heap History (10 events):
Event: 6.329 GC heap after
Heap after GC invocations=9 (full 0):
 PSYoungGen      total 104960K, used 7168K [0x00000000e0f00000, 0x00000000eb900000, 0x0000000100000000)
  eden space 97792K, 0% used [0x00000000e0f00000,0x00000000e0f00000,0x00000000e6e80000)
  from space 7168K, 100% used [0x00000000e6e80000,0x00000000e7580000,0x00000000e7580000)
  to   space 8704K, 0% used [0x00000000eb080000,0x00000000eb080000,0x00000000eb900000)
 ParOldGen       total 64512K, used 12374K [0x00000000a2c00000, 0x00000000a6b00000, 0x00000000e0f00000)
  object space 64512K, 19% used [0x00000000a2c00000,0x00000000a3815960,0x00000000a6b00000)
 Metaspace       used 14567K, capacity 14950K, committed 15104K, reserved 1062912K
  class space    used 1661K, capacity 1769K, committed 1792K, reserved 1048576K
}
Event: 7.724 GC heap before
{Heap before GC invocations=10 (full 0):
 PSYoungGen      total 104960K, used 104960K [0x00000000e0f00000, 0x00000000eb900000, 0x0000000100000000)
  eden space 97792K, 100% used [0x00000000e0f00000,0x00000000e6e80000,0x00000000e6e80000)
  from space 7168K, 100% used [0x00000000e6e80000,0x00000000e7580000,0x00000000e7580000)
  to   space 8704K, 0% used [0x00000000eb080000,0x00000000eb080000,0x00000000eb900000)
 ParOldGen       total 64512K, used 12374K [0x00000000a2c00000, 0x00000000a6b00000, 0x00000000e0f00000)
  object space 64512K, 19% used [0x00000000a2c00000,0x00000000a3815960,0x00000000a6b00000)
 Metaspace       used 17672K, capacity 18296K, committed 18432K, reserved 1064960K
  class space    used 2039K, capacity 2226K, committed 2304K, reserved 1048576K
Event: 7.740 GC heap after
Heap after GC invocations=10 (full 0):
 PSYoungGen      total 164864K, used 8583K [0x00000000e0f00000, 0x00000000eba00000, 0x0000000100000000)
  eden space 156160K, 0% used [0x00000000e0f00000,0x00000000e0f00000,0x00000000ea780000)
  from space 8704K, 98% used [0x00000000eb080000,0x00000000eb8e1f98,0x00000000eb900000)
  to   space 9216K, 0% used [0x00000000ea780000,0x00000000ea780000,0x00000000eb080000)
 ParOldGen       total 64512K, used 16038K [0x00000000a2c00000, 0x00000000a6b00000, 0x00000000e0f00000)
  object space 64512K, 24% used [0x00000000a2c00000,0x00000000a3ba9960,0x00000000a6b00000)
 Metaspace       used 17672K, capacity 18296K, committed 18432K, reserved 1064960K
  class space    used 2039K, capacity 2226K, committed 2304K, reserved 1048576K
}
Event: 8.365 GC heap before
{Heap before GC invocations=11 (full 0):
 PSYoungGen      total 164864K, used 58531K [0x00000000e0f00000, 0x00000000eba00000, 0x0000000100000000)
  eden space 156160K, 31% used [0x00000000e0f00000,0x00000000e3fc6ec8,0x00000000ea780000)
  from space 8704K, 98% used [0x00000000eb080000,0x00000000eb8e1f98,0x00000000eb900000)
  to   space 9216K, 0% used [0x00000000ea780000,0x00000000ea780000,0x00000000eb080000)
 ParOldGen       total 64512K, used 16038K [0x00000000a2c00000, 0x00000000a6b00000, 0x00000000e0f00000)
  object space 64512K, 24% used [0x00000000a2c00000,0x00000000a3ba9960,0x00000000a6b00000)
 Metaspace       used 20506K, capacity 21112K, committed 21296K, reserved 1069056K
  class space    used 2426K, capacity 2610K, committed 2688K, reserved 1048576K
Event: 8.383 GC heap after
Heap after GC invocations=11 (full 0):
 PSYoungGen      total 165376K, used 5132K [0x00000000e0f00000, 0x00000000f1500000, 0x0000000100000000)
  eden space 156160K, 0% used [0x00000000e0f00000,0x00000000e0f00000,0x00000000ea780000)
  from space 9216K, 55% used [0x00000000ea780000,0x00000000eac83278,0x00000000eb080000)
  to   space 9216K, 0% used [0x00000000f0c00000,0x00000000f0c00000,0x00000000f1500000)
 ParOldGen       total 64512K, used 21985K [0x00000000a2c00000, 0x00000000a6b00000, 0x00000000e0f00000)
  object space 64512K, 34% used [0x00000000a2c00000,0x00000000a4178578,0x00000000a6b00000)
 Metaspace       used 20506K, capacity 21112K, committed 21296K, reserved 1069056K
  class space    used 2426K, capacity 2610K, committed 2688K, reserved 1048576K
}
Event: 8.383 GC heap before
{Heap before GC invocations=12 (full 1):
 PSYoungGen      total 165376K, used 5132K [0x00000000e0f00000, 0x00000000f1500000, 0x0000000100000000)
  eden space 156160K, 0% used [0x00000000e0f00000,0x00000000e0f00000,0x00000000ea780000)
  from space 9216K, 55% used [0x00000000ea780000,0x00000000eac83278,0x00000000eb080000)
  to   space 9216K, 0% used [0x00000000f0c00000,0x00000000f0c00000,0x00000000f1500000)
 ParOldGen       total 64512K, used 21985K [0x00000000a2c00000, 0x00000000a6b00000, 0x00000000e0f00000)
  object space 64512K, 34% used [0x00000000a2c00000,0x00000000a4178578,0x00000000a6b00000)
 Metaspace       used 20506K, capacity 21112K, committed 21296K, reserved 1069056K
  class space    used 2426K, capacity 2610K, committed 2688K, reserved 1048576K
Event: 8.598 GC heap after
Heap after GC invocations=12 (full 1):
 PSYoungGen      total 165376K, used 0K [0x00000000e0f00000, 0x00000000f1500000, 0x0000000100000000)
  eden space 156160K, 0% used [0x00000000e0f00000,0x00000000e0f00000,0x00000000ea780000)
  from space 9216K, 0% used [0x00000000ea780000,0x00000000ea780000,0x00000000eb080000)
  to   space 9216K, 0% used [0x00000000f0c00000,0x00000000f0c00000,0x00000000f1500000)
 ParOldGen       total 64000K, used 22867K [0x00000000a2c00000, 0x00000000a6a80000, 0x00000000e0f00000)
  object space 64000K, 35% used [0x00000000a2c00000,0x00000000a4254df0,0x00000000a6a80000)
 Metaspace       used 20506K, capacity 21112K, committed 21296K, reserved 1069056K
  class space    used 2426K, capacity 2610K, committed 2688K, reserved 1048576K
}
Event: 10.593 GC heap before
{Heap before GC invocations=13 (full 1):
 PSYoungGen      total 165376K, used 156160K [0x00000000e0f00000, 0x00000000f1500000, 0x0000000100000000)
  eden space 156160K, 100% used [0x00000000e0f00000,0x00000000ea780000,0x00000000ea780000)
  from space 9216K, 0% used [0x00000000ea780000,0x00000000ea780000,0x00000000eb080000)
  to   space 9216K, 0% used [0x00000000f0c00000,0x00000000f0c00000,0x00000000f1500000)
 ParOldGen       total 64000K, used 22867K [0x00000000a2c00000, 0x00000000a6a80000, 0x00000000e0f00000)
  object space 64000K, 35% used [0x00000000a2c00000,0x00000000a4254df0,0x00000000a6a80000)
 Metaspace       used 21223K, capacity 21848K, committed 22064K, reserved 1069056K
  class space    used 2465K, capacity 2642K, committed 2688K, reserved 1048576K
Event: 10.759 GC heap after
Heap after GC invocations=13 (full 1):
 PSYoungGen      total 223744K, used 9184K [0x00000000e0f00000, 0x00000000f1780000, 0x0000000100000000)
  eden space 214528K, 0% used [0x00000000e0f00000,0x00000000e0f00000,0x00000000ee080000)
  from space 9216K, 99% used [0x00000000f0c00000,0x00000000f14f8180,0x00000000f1500000)
  to   space 28160K, 0% used [0x00000000ee080000,0x00000000ee080000,0x00000000efc00000)
 ParOldGen       total 71680K, used 71185K [0x00000000a2c00000, 0x00000000a7200000, 0x00000000e0f00000)
  object space 71680K, 99% used [0x00000000a2c00000,0x00000000a7184528,0x00000000a7200000)
 Metaspace       used 21223K, capacity 21848K, committed 22064K, reserved 1069056K
  class space    used 2465K, capacity 2642K, committed 2688K, reserved 1048576K
}
Event: 10.760 GC heap before
{Heap before GC invocations=14 (full 2):
 PSYoungGen      total 223744K, used 9184K [0x00000000e0f00000, 0x00000000f1780000, 0x0000000100000000)
  eden space 214528K, 0% used [0x00000000e0f00000,0x00000000e0f00000,0x00000000ee080000)
  from space 9216K, 99% used [0x00000000f0c00000,0x00000000f14f8180,0x00000000f1500000)
  to   space 28160K, 0% used [0x00000000ee080000,0x00000000ee080000,0x00000000efc00000)
 ParOldGen       total 71680K, used 71185K [0x00000000a2c00000, 0x00000000a7200000, 0x00000000e0f00000)
  object space 71680K, 99% used [0x00000000a2c00000,0x00000000a7184528,0x00000000a7200000)
 Metaspace       used 21223K, capacity 21848K, committed 22064K, reserved 1069056K
  class space    used 2465K, capacity 2642K, committed 2688K, reserved 1048576K

Deoptimization events (10 events):
Event: 7.747 Thread 0x00007f1dc400a000 Uncommon trap: reason=unstable_if action=reinterpret pc=0x00007f1db586653c method=java.util.regex.Pattern.compile()V @ 271
Event: 7.760 Thread 0x00007f1dc400a000 Uncommon trap: reason=unstable_if action=reinterpret pc=0x00007f1db54778f0 method=java.util.regex.Pattern.has(I)Z @ 6
Event: 8.326 Thread 0x00007f1dc400a000 Uncommon trap: reason=class_check action=maybe_recompile pc=0x00007f1db51bad28 method=sun.misc.URLClassPath.getLoader(I)Lsun/misc/URLClassPath$Loader; @ 94
Event: 8.350 Thread 0x00007f1dc400a000 Uncommon trap: reason=unstable_if action=reinterpret pc=0x00007f1db58f25e0 method=sun.misc.URLClassPath$JarLoader.getResource(Ljava/lang/String;Z)Lsun/misc/Resource; @ 62
Event: 8.599 Thread 0x00007f1dc400a000 Uncommon trap: reason=unstable_if action=reinterpret pc=0x00007f1db51baf38 method=java.util.HashMap.putVal(ILjava/lang/Object;Ljava/lang/Object;ZZ)Ljava/lang/Object; @ 193
Event: 8.604 Thread 0x00007f1dc4080000 Uncommon trap: reason=class_check action=maybe_recompile pc=0x00007f1db5113234 method=java.lang.ref.ReferenceQueue.reallyPoll()Ljava/lang/ref/Reference; @ 52
Event: 8.614 Thread 0x00007f1dc4080000 Uncommon trap: reason=class_check action=maybe_recompile pc=0x00007f1db5113234 method=java.lang.ref.ReferenceQueue.reallyPoll()Ljava/lang/ref/Reference; @ 52
Event: 8.614 Thread 0x00007f1dc4080000 Uncommon trap: reason=class_check action=maybe_recompile pc=0x00007f1db5113234 method=java.lang.ref.ReferenceQueue.reallyPoll()Ljava/lang/ref/Reference; @ 52
Event: 8.615 Thread 0x00007f1dc4080000 Uncommon trap: reason=class_check action=maybe_recompile pc=0x00007f1db5113234 method=java.lang.ref.ReferenceQueue.reallyPoll()Ljava/lang/ref/Reference; @ 52
Event: 9.647 Thread 0x00007f1dc400a000 Uncommon trap: reason=unstable_if action=reinterpret pc=0x00007f1db5a54064 method=com.sun.tools.javac.util.ArrayUtils.ensureCapacity([BI)[B @ 3

Internal exceptions (10 events):
Event: 8.359 Thread 0x00007f1dc400a000 Exception <a 'java/security/PrivilegedActionException'> (0x00000000e3ce2c20) thrown at [/HUDSON/workspace/8-2-build-linux-amd64/jdk8u151/9699/hotspot/src/share/vm/prims/jvm.cpp, line 1390]
Event: 8.359 Thread 0x00007f1dc400a000 Exception <a 'java/security/PrivilegedActionException'> (0x00000000e3ce3018) thrown at [/HUDSON/workspace/8-2-build-linux-amd64/jdk8u151/9699/hotspot/src/share/vm/prims/jvm.cpp, line 1390]
Event: 8.359 Thread 0x00007f1dc400a000 Exception <a 'java/security/PrivilegedActionException'> (0x00000000e3cea140) thrown at [/HUDSON/workspace/8-2-build-linux-amd64/jdk8u151/9699/hotspot/src/share/vm/prims/jvm.cpp, line 1390]
Event: 8.359 Thread 0x00007f1dc400a000 Exception <a 'java/security/PrivilegedActionException'> (0x00000000e3cea538) thrown at [/HUDSON/workspace/8-2-build-linux-amd64/jdk8u151/9699/hotspot/src/share/vm/prims/jvm.cpp, line 1390]
Event: 8.359 Thread 0x00007f1dc400a000 Exception <a 'java/security/PrivilegedActionException'> (0x00000000e3ceb700) thrown at [/HUDSON/workspace/8-2-build-linux-amd64/jdk8u151/9699/hotspot/src/share/vm/prims/jvm.cpp, line 1390]
Event: 8.359 Thread 0x00007f1dc400a000 Exception <a 'java/security/PrivilegedActionException'> (0x00000000e3cebaf8) thrown at [/HUDSON/workspace/8-2-build-linux-amd64/jdk8u151/9699/hotspot/src/share/vm/prims/jvm.cpp, line 1390]
Event: 8.613 Thread 0x00007f1dc400a000 Exception <a 'java/security/PrivilegedActionException'> (0x00000000e0f1f320) thrown at [/HUDSON/workspace/8-2-build-linux-amd64/jdk8u151/9699/hotspot/src/share/vm/prims/jvm.cpp, line 1390]
Event: 8.613 Thread 0x00007f1dc400a000 Exception <a 'java/security/PrivilegedActionException'> (0x00000000e0f1f718) thrown at [/HUDSON/workspace/8-2-build-linux-amd64/jdk8u151/9699/hotspot/src/share/vm/prims/jvm.cpp, line 1390]
Event: 10.499 Thread 0x00007f1dc400a000 Exception <a 'java/io/FileNotFoundException'> (0x00000000e9b976a8) thrown at [/HUDSON/workspace/8-2-build-linux-amd64/jdk8u151/9699/hotspot/src/share/vm/prims/jni.cpp, line 709]
Event: 10.503 Thread 0x00007f1dc400a000 Exception <a 'java/io/FileNotFoundException'> (0x00000000e9bcc768) thrown at [/HUDSON/workspace/8-2-build-linux-amd64/jdk8u151/9699/hotspot/src/share/vm/prims/jni.cpp, line 709]

Events (10 events):
Event: 10.390 loading class java/io/RandomAccessFile$1 done
Event: 10.395 Thread 0x00007f1dc400a000 DEOPT PACKING pc=0x00007f1db5b28eba sp=0x00007f1dcb3b16b0
Event: 10.395 Thread 0x00007f1dc400a000 DEOPT UNPACKING pc=0x00007f1db5047633 sp=0x00007f1dcb3b14f8 mode 0
Event: 10.472 Thread 0x00007f1dc400a000 DEOPT PACKING pc=0x00007f1db5b31c12 sp=0x00007f1dcb3b16a0
Event: 10.472 Thread 0x00007f1dc400a000 DEOPT UNPACKING pc=0x00007f1db5047633 sp=0x00007f1dcb3b1400 mode 0
Event: 10.490 Thread 0x00007f1dc400a000 DEOPT PACKING pc=0x00007f1db5b2e20a sp=0x00007f1dcb3b1580
Event: 10.490 Thread 0x00007f1dc400a000 DEOPT UNPACKING pc=0x00007f1db5047633 sp=0x00007f1dcb3b1308 mode 0
Event: 10.499 loading class com/sun/tools/javac/file/JavacFileManager$MissingArchive
Event: 10.499 loading class com/sun/tools/javac/file/JavacFileManager$MissingArchive done
Event: 10.593 Executing VM operation: ParallelGCFailedAllocation


Dynamic libraries:
00400000-00401000 r-xp 00000000 08:01 2106513                            /usr/lib/jvm/java-8-oracle/bin/java
00600000-00601000 rw-p 00000000 08:01 2106513                            /usr/lib/jvm/java-8-oracle/bin/java
0203e000-0205f000 rw-p 00000000 00:00 0                                  [heap]
a2c00000-a7200000 rw-p 00000000 00:00 0 
ac500000-e0f00000 ---p 00000000 00:00 0 
e0f00000-f1780000 rw-p 00000000 00:00 0 
f1780000-100000000 ---p 00000000 00:00 0 
100000000-1002a0000 rw-p 00000000 00:00 0 
1002a0000-140000000 ---p 00000000 00:00 0 
7f1d7ea66000-7f1d7ea67000 r--s 00002000 08:01 921105                     /home/madunlap/.m2/repository/com/google/auto/service/auto-service/1.0-rc2/auto-service-1.0-rc2.jar
7f1d7ea67000-7f1d7ea69000 r--s 0000c000 08:01 921153                     /home/madunlap/.m2/repository/com/lyncode/xoai-service-provider/4.1.0-header-patch/xoai-service-provider-4.1.0-header-patch.jar
7f1d7ea69000-7f1d7ea6a000 r--s 00001000 08:01 921104                     /home/madunlap/.m2/repository/com/lyncode/builder-commons/1.0.2/builder-commons-1.0.2.jar
7f1d7ea6a000-7f1d7ea6d000 r--s 00012000 08:01 921152                     /home/madunlap/.m2/repository/com/lyncode/xoai-data-provider/4.1.0-header-patch/xoai-data-provider-4.1.0-header-patch.jar
7f1d7ea6d000-7f1d7ea6f000 r--s 00005000 08:01 791390                     /home/madunlap/.m2/repository/stax/stax-api/1.0.1/stax-api-1.0.1.jar
7f1d7ea6f000-7f1d7ea75000 r--s 00048000 08:01 921101                     /home/madunlap/.m2/repository/org/apache/commons/commons-lang3/3.1/commons-lang3-3.1.jar
7f1d7ea75000-7f1d7ea77000 r--s 00004000 08:01 921097                     /home/madunlap/.m2/repository/javax/xml/stream/stax-api/1.0-2/stax-api-1.0-2.jar
7f1d7ea77000-7f1d7ea7b000 r--s 00029000 08:01 921098                     /home/madunlap/.m2/repository/org/codehaus/woodstox/stax2-api/3.0.4/stax2-api-3.0.4.jar
7f1d7ea7b000-7f1d7ea81000 r--s 00045000 08:01 921095                     /home/madunlap/.m2/repository/org/hamcrest/hamcrest-all/1.3/hamcrest-all-1.3.jar
7f1d7ea81000-7f1d7ea82000 r--s 00003000 08:01 921092                     /home/madunlap/.m2/repository/com/lyncode/test-support/1.0.4/test-support-1.0.4.jar
7f1d7ea82000-7f1d7ea84000 r--s 00004000 08:01 921090                     /home/madunlap/.m2/repository/com/lyncode/xml-io/1.0.3/xml-io-1.0.3.jar
7f1d7ea84000-7f1d7ea86000 r--s 0000d000 08:01 921151                     /home/madunlap/.m2/repository/com/lyncode/xoai-common/4.1.0-header-patch/xoai-common-4.1.0-header-patch.jar
7f1d7ea86000-7f1d7ea89000 r--s 00011000 08:01 921088                     /home/madunlap/.m2/repository/com/github/scribejava/scribejava-core/3.1.0/scribejava-core-3.1.0.jar
7f1d7ea89000-7f1d7ea8c000 r--s 00010000 08:01 921084                     /home/madunlap/.m2/repository/com/github/scribejava/scribejava-apis/3.1.0/scribejava-apis-3.1.0.jar
7f1d7ea8c000-7f1d7ea95000 r--s 0006f000 08:01 921083                     /home/madunlap/.m2/repository/log4j/log4j/1.2.17/log4j-1.2.17.jar
7f1d7ea95000-7f1d7eb6c000 r--s 007aa000 08:01 921093                     /home/madunlap/.m2/repository/net/sf/ehcache/ehcache/2.10.1/ehcache-2.10.1.jar
7f1d7eb6c000-7f1d7eb6e000 r--s 00008000 08:01 921082                     /home/madunlap/.m2/repository/org/apache/commons/commons-csv/1.2/commons-csv-1.2.jar
7f1d7eb6e000-7f1d7eb72000 r--s 00035000 08:01 921081                     /home/madunlap/.m2/repository/com/fasterxml/jackson/core/jackson-core/2.5.3/jackson-core-2.5.3.jar
7f1d7eb72000-7f1d7eb74000 r--s 00008000 08:01 921075                     /home/madunlap/.m2/repository/com/fasterxml/jackson/core/jackson-annotations/2.5.0/jackson-annotations-2.5.0.jar
7f1d7eb74000-7f1d7eb86000 r--s 00106000 08:01 921073                     /home/madunlap/.m2/repository/com/fasterxml/jackson/core/jackson-databind/2.5.3/jackson-databind-2.5.3.jar
7f1d7eb86000-7f1d7eb89000 r--s 00006000 08:01 921070                     /home/madunlap/.m2/repository/com/google/code/findbugs/jsr305/1.3.9/jsr305-1.3.9.jar
7f1d7eb89000-7f1d7eb8f000 r--s 00040000 08:01 921074                     /home/madunlap/.m2/repository/com/google/http-client/google-http-client/1.20.0/google-http-client-1.20.0.jar
7f1d7eb8f000-7f1d7eb90000 r--s 00004000 08:01 921066                     /home/madunlap/.m2/repository/com/maxmind/db/maxmind-db/1.0.0/maxmind-db-1.0.0.jar
7f1d7eb90000-7f1d7eb92000 r--s 00007000 08:01 921064                     /home/madunlap/.m2/repository/com/maxmind/geoip2/geoip2/2.3.1/geoip2-2.3.1.jar
7f1d7eb92000-7f1d7eb96000 r--s 00034000 08:01 921067                     /home/madunlap/.m2/repository/org/codehaus/jackson/jackson-core-asl/1.9.7/jackson-core-asl-1.9.7.jar
7f1d7eb96000-7f1d7eba5000 r--s 000b0000 08:01 921065                     /home/madunlap/.m2/repository/org/codehaus/jackson/jackson-mapper-asl/1.9.7/jackson-mapper-asl-1.9.7.jar
7f1d7eba5000-7f1d7ebaf000 r--s 0003d000 08:01 921060                     /home/madunlap/.m2/repository/org/javaswift/joss/0.9.10/joss-0.9.10.jar
7f1d7ebaf000-7f1d7ebb6000 r--s 0003a000 08:01 921056                     /home/madunlap/.m2/repository/commons-codec/commons-codec/1.9/commons-codec-1.9.jar
7f1d7ebb6000-7f1d7ebbd000 r--s 00048000 08:01 921054                     /home/madunlap/.m2/repository/org/apache/httpcomponents/httpcore/4.4.1/httpcore-4.4.1.jar
7f1d7ebbd000-7f1d7ebca000 r--s 000a4000 08:01 921052                     /home/madunlap/.m2/repository/org/apache/httpcomponents/httpclient/4.4.1/httpclient-4.4.1.jar
7f1d7ebca000-7f1d7ebce000 r--s 00028000 08:01 921050                     /home/madunlap/.m2/repository/org/apache/httpcomponents/httpasyncclient/4.1/httpasyncclient-4.1.jar
7f1d7ebce000-7f1d7ebd5000 r--s 00050000 08:01 921049                     /home/madunlap/.m2/repository/org/apache/httpcomponents/httpcore-nio/4.4.1/httpcore-nio-4.4.1.jar
7f1d7ebd5000-7f1d7ebdb000 r--s 00033000 08:01 921046                     /home/madunlap/.m2/repository/io/searchbox/jest-common/0.1.7/jest-common-0.1.7.jar
7f1d7ebdb000-7f1d7ebdc000 r--s 00004000 08:01 921045                     /home/madunlap/.m2/repository/io/searchbox/jest/0.1.7/jest-0.1.7.jar
7f1d7ebdc000-7f1d7ebdd000 r--s 00004000 08:01 921039                     /home/madunlap/.m2/repository/org/apache/axis/axis-saaj/1.4/axis-saaj-1.4.jar
7f1d7ebdd000-7f1d7ebdf000 r--s 00006000 08:01 921036                     /home/madunlap/.m2/repository/org/apache/axis/axis-jaxrpc/1.4/axis-jaxrpc-1.4.jar
7f1d7ebdf000-7f1d7ebf3000 r--s 00173000 08:01 921038                     /home/madunlap/.m2/repository/axis/axis/1.4/axis-1.4.jar
7f1d7ebf3000-7f1d7ec0f000 r--s 00103000 08:01 921030                     /home/madunlap/.m2/repository/org/mockito/mockito-core/1.10.19/mockito-core-1.10.19.jar
7f1d7ec0f000-7f1d7ec11000 r--s 00001000 08:01 921031                     /home/madunlap/.m2/repository/org/slf4j/slf4j-log4j12/1.7.7/slf4j-log4j12-1.7.7.jar
7f1d7ec11000-7f1d7ec13000 r--s 00006000 08:01 791385                     /home/madunlap/.m2/repository/org/slf4j/slf4j-api/1.7.7/slf4j-api-1.7.7.jar
7f1d7ec13000-7f1d7ec15000 r--s 00008000 08:01 920991                     /home/madunlap/.m2/repository/classworlds/classworlds/1.1-alpha-2/classworlds-1.1-alpha-2.jar
7f1d7ec15000-7f1d7ec1c000 r--s 00029000 08:01 920988                     /home/madunlap/.m2/repository/org/codehaus/plexus/plexus-container-default/1.0-alpha-9-stable-1/plexus-container-default-1.0-alpha-9-stable-1.jar
7f1d7ec1c000-7f1d7ec1f000 r--s 00011000 08:01 920989                     /home/madunlap/.m2/repository/org/apache/maven/maven-artifact/2.2.1/maven-artifact-2.2.1.jar
7f1d7ec1f000-7f1d7ec21000 r--s 00006000 08:01 920982                     /home/madunlap/.m2/repository/org/apache/maven/maven-plugin-registry/2.2.1/maven-plugin-registry-2.2.1.jar
7f1d7ec21000-7f1d7ec23000 r--s 0000b000 08:01 920978                     /home/madunlap/.m2/repository/org/apache/maven/wagon/wagon-provider-api/1.0-beta-6/wagon-provider-api-1.0-beta-6.jar
7f1d7ec23000-7f1d7ec25000 r--s 00005000 08:01 920980                     /home/madunlap/.m2/repository/org/apache/maven/maven-repository-metadata/2.2.1/maven-repository-metadata-2.2.1.jar
7f1d7ec25000-7f1d7ec27000 r--s 0000f000 08:01 920975                     /home/madunlap/.m2/repository/org/apache/maven/maven-artifact-manager/2.2.1/maven-artifact-manager-2.2.1.jar
7f1d7ec27000-7f1d7ec29000 r--s 00014000 08:01 920971                     /home/madunlap/.m2/repository/org/apache/maven/maven-model/2.2.1/maven-model-2.2.1.jar
7f1d7ec29000-7f1d7ec2b000 r--s 00007000 08:01 920969                     /home/madunlap/.m2/repository/org/apache/maven/maven-profile/2.2.1/maven-profile-2.2.1.jar
7f1d7ec2b000-7f1d7ec2c000 r--s 0000b000 08:01 920972                     /home/madunlap/.m2/repository/org/apache/maven/maven-settings/2.2.1/maven-settings-2.2.1.jar
7f1d7ec2c000-7f1d7ec30000 r--s 00023000 08:01 920973                     /home/madunlap/.m2/repository/org/apache/maven/maven-project/2.2.1/maven-project-2.2.1.jar
7f1d7ec30000-7f1d7ec32000 r--s 00002000 08:01 661356                     /home/madunlap/.m2/repository/org/apache/maven/maven-plugin-api/2.2.1/maven-plugin-api-2.2.1.jar
7f1d7ec32000-7f1d7ec34000 r--s 00015000 08:01 791373                     /home/madunlap/.m2/repository/org/ccil/cowan/tagsoup/tagsoup/1.2.1/tagsoup-1.2.1.jar
7f1d7ec34000-7f1d7ec3a000 r--s 00044000 08:01 791367                     /home/madunlap/.m2/repository/org/jsoup/jsoup/1.8.1/jsoup-1.8.1.jar
7f1d7ec3a000-7f1d7ec3c000 r--s 00004000 08:01 791401                     /home/madunlap/.m2/repository/edu/ucsb/nceas/ezid/1.0.0/ezid-1.0.0.jar
7f1d7ec3c000-7f1d7ec3f000 r--s 0000b000 08:01 791362                     /home/madunlap/.m2/repository/org/ocpsoft/rewrite/rewrite-integration-faces/2.0.12.Final/rewrite-integration-faces-2.0.12.Final.jar
7f1d7ec3f000-7f1d7ec41000 r--s 00001000 08:01 791360                     /home/madunlap/.m2/repository/org/ocpsoft/rewrite/rewrite-annotations-api/2.0.12.Final/rewrite-annotations-api-2.0.12.Final.jar
7f1d7ec41000-7f1d7ec42000 r--s 00005000 08:01 791359                     /home/madunlap/.m2/repository/org/ocpsoft/rewrite/rewrite-addressbuilder/2.0.12.Final/rewrite-addressbuilder-2.0.12.Final.jar
7f1d7ec42000-7f1d7ec44000 r--s 00008000 08:01 791357                     /home/madunlap/.m2/repository/org/ocpsoft/rewrite/rewrite-api-servlet/2.0.12.Final/rewrite-api-servlet-2.0.12.Final.jar
7f1d7ec44000-7f1d7ec46000 r--s 00001000 08:01 791354                     /home/madunlap/.m2/repository/org/ocpsoft/logging/logging-api/1.0.2.Final/logging-api-1.0.2.Final.jar
7f1d7ec46000-7f1d7ec47000 r--s 00003000 08:01 791353                     /home/madunlap/.m2/repository/org/ocpsoft/common/common-api/1.0.5.Final/common-api-1.0.5.Final.jar
7f1d7ec47000-7f1d7ec4b000 r--s 00018000 08:01 791351                     /home/madunlap/.m2/repository/org/ocpsoft/rewrite/rewrite-api/2.0.12.Final/rewrite-api-2.0.12.Final.jar
7f1d7ee9d000-7f1d7ee9f000 r--s 00005000 08:01 791349                     /home/madunlap/.m2/repository/org/ocpsoft/rewrite/rewrite-annotations-impl/2.0.12.Final/rewrite-annotations-impl-2.0.12.Final.jar
7f1d7ee9f000-7f1d7eead000 r--s 00092000 08:01 791352                     /home/madunlap/.m2/repository/org/ocpsoft/rewrite/rewrite-config-prettyfaces/2.0.12.Final/rewrite-config-prettyfaces-2.0.12.Final.jar
7f1d7eead000-7f1d7eebb000 r--s 0005f000 08:01 791345                     /home/madunlap/.m2/repository/org/ocpsoft/rewrite/rewrite-servlet/2.0.12.Final/rewrite-servlet-2.0.12.Final.jar
7f1d7eebb000-7f1d7eebf000 r--s 0003c000 08:01 791218                     /home/madunlap/.m2/repository/javax/media/jai_codec/1.1.3/jai_codec-1.1.3.jar
7f1d7eebf000-7f1d7eed3000 r--s 001bd000 08:01 791220                     /home/madunlap/.m2/repository/javax/media/jai_core/1.1.3/jai_core-1.1.3.jar
7f1d7eed3000-7f1d7eee4000 r--s 00106000 08:01 791219                     /home/madunlap/.m2/repository/javax/media/jai_imageio/1.1.1/jai_imageio-1.1.1.jar
7f1d7eee4000-7f1d7eee6000 r--s 00009000 08:01 791399                     /home/madunlap/.m2/repository/edu/harvard/hul/ois/jhove/jhove-handler/1.11.0/jhove-handler-1.11.0.jar
7f1d7eee6000-7f1d7eeef000 r--s 00079000 08:01 791398                     /home/madunlap/.m2/repository/edu/harvard/hul/ois/jhove/jhove-module/1.11.0/jhove-module-1.11.0.jar
7f1d7eeef000-7f1d7eef2000 r--s 00011000 08:01 791396                     /home/madunlap/.m2/repository/edu/harvard/hul/ois/jhove/jhove/1.11.0/jhove-1.11.0.jar
7f1d7eef2000-7f1d7ef02000 r--s 0011f000 08:01 791342                     /home/madunlap/.m2/repository/org/apache/poi/poi-scratchpad/3.10-FINAL/poi-scratchpad-3.10-FINAL.jar
7f1d7ef02000-7f1d7ef08000 r--s 00047000 08:01 791341                     /home/madunlap/.m2/repository/org/apache/poi/poi-examples/3.10-FINAL/poi-examples-3.10-FINAL.jar
7f1d7ef08000-7f1d7ef0d000 r--s 00048000 08:01 791338                     /home/madunlap/.m2/repository/dom4j/dom4j/1.6.1/dom4j-1.6.1.jar
7f1d7ef0d000-7f1d7ef4a000 r--s 0024f000 08:01 791336                     /home/madunlap/.m2/repository/org/apache/xmlbeans/xmlbeans/2.3.0/xmlbeans-2.3.0.jar
7f1d7ef4a000-7f1d7efe2000 r--s 00420000 08:01 791334                     /home/madunlap/.m2/repository/org/apache/poi/poi-ooxml-schemas/3.10-FINAL/poi-ooxml-schemas-3.10-FINAL.jar
7f1d7efe2000-7f1d7eff0000 r--s 000ee000 08:01 791333                     /home/madunlap/.m2/repository/org/apache/poi/poi-ooxml/3.10-FINAL/poi-ooxml-3.10-FINAL.jar
7f1d7eff0000-7f1d7f012000 r--s 001bb000 08:01 791332                     /home/madunlap/.m2/repository/org/apache/poi/poi/3.10-FINAL/poi-3.10-FINAL.jar
7f1d7f012000-7f1d7f014000 r--s 00006000 08:01 791331                     /home/madunlap/.m2/repository/org/nuiton/thirdparty/Rserve/0.6-1/Rserve-0.6-1.jar
7f1d7f014000-7f1d7f016000 r--s 00006000 08:01 791328                     /home/madunlap/.m2/repository/org/nuiton/thirdparty/REngine/0.6-1/REngine-0.6-1.jar
7f1d7f016000-7f1d7f017000 r--s 0000c000 08:01 791397                     /home/madunlap/.m2/repository/org/dataverse/unf/6.0/unf-6.0.jar
7f1d7f017000-7f1d7f018000 r--s 00018000 08:01 791394                     /home/madunlap/.m2/repository/edu/harvard/iq/dvn/unf5/5.0/unf5-5.0.jar
7f1d7f018000-7f1d7f021000 r--s 000a6000 08:01 791393                     /home/madunlap/.m2/repository/net/handle/handle/2006-06-16-generated/handle-2006-06-16-generated.jar
7f1d7f021000-7f1d7f024000 r--s 00035000 08:01 791395                     /home/madunlap/.m2/repository/nom/tam/fits/fits/2012-10-25-generated/fits-2012-10-25-generated.jar
7f1d7f024000-7f1d7f02b000 r--s 00028000 08:01 791326                     /home/madunlap/.m2/repository/concurrent/concurrent/1.3.4/concurrent-1.3.4.jar
7f1d7f02b000-7f1d7f039000 r--s 00081000 08:01 791324                     /home/madunlap/.m2/repository/colt/colt/1.2.0/colt-1.2.0.jar
7f1d7f039000-7f1d7f046000 r--s 00083000 08:01 791320                     /home/madunlap/.m2/repository/commons-collections/commons-collections/3.2.2/commons-collections-3.2.2.jar
7f1d7f046000-7f1d7f04a000 r--s 00020000 08:01 791319                     /home/madunlap/.m2/repository/commons-digester/commons-digester/1.8.1/commons-digester-1.8.1.jar
7f1d7f04a000-7f1d7f04f000 r--s 00035000 08:01 791317                     /home/madunlap/.m2/repository/commons-beanutils/commons-beanutils/1.9.2/commons-beanutils-1.9.2.jar
7f1d7f04f000-7f1d7f053000 r--s 0002a000 08:01 791315                     /home/madunlap/.m2/repository/commons-validator/commons-validator/1.6/commons-validator-1.6.jar
7f1d7f053000-7f1d7f066000 r--s 000df000 08:01 791313                     /home/madunlap/.m2/repository/org/apache/commons/commons-math/2.2/commons-math-2.2.jar
7f1d7f066000-7f1d7f068000 r--s 0000e000 08:01 791309                     /home/madunlap/.m2/repository/commons-logging/commons-logging/1.1.3/commons-logging-1.1.3.jar
7f1d7f068000-7f1d7f06a000 r--s 00005000 08:01 791311                     /home/madunlap/.m2/repository/org/apache/httpcomponents/httpmime/4.2.6/httpmime-4.2.6.jar
7f1d7f06a000-7f1d7f06b000 r--s 00005000 08:01 791308                     /home/madunlap/.m2/repository/org/noggit/noggit/0.5/noggit-0.5.jar
7f1d7f06b000-7f1d7f077000 r--s 000b3000 08:01 791304                     /home/madunlap/.m2/repository/org/apache/zookeeper/zookeeper/3.4.5/zookeeper-3.4.5.jar
7f1d7f077000-7f1d7f07f000 r--s 0005b000 08:01 791305                     /home/madunlap/.m2/repository/org/apache/solr/solr-solrj/4.6.0/solr-solrj-4.6.0.jar
7f1d7f07f000-7f1d7f081000 r--s 0000d000 08:01 791302                     /home/madunlap/.m2/repository/com/fasterxml/classmate/1.0.0/classmate-1.0.0.jar
7f1d7f081000-7f1d7f083000 r--s 0000d000 08:01 791296                     /home/madunlap/.m2/repository/org/jboss/logging/jboss-logging/3.1.1.GA/jboss-logging-3.1.1.GA.jar
7f1d7f083000-7f1d7f087000 r--s 0000c000 08:01 791294                     /home/madunlap/.m2/repository/javax/validation/validation-api/1.1.0.Final/validation-api-1.1.0.Final.jar
7f1d7f087000-7f1d7f094000 r--s 00080000 08:01 791293                     /home/madunlap/.m2/repository/org/hibernate/hibernate-validator/5.0.3.Final/hibernate-validator-5.0.3.Final.jar
7f1d7f094000-7f1d7f09e000 r--s 0006b000 08:01 791289                     /home/madunlap/.m2/repository/org/omnifaces/omnifaces/1.7/omnifaces-1.7.jar
7f1d7f09e000-7f1d7f0ad000 r--s 000c4000 08:01 791290                     /home/madunlap/.m2/repository/org/atmosphere/atmosphere-runtime/2.4.2/atmosphere-runtime-2.4.2.jar
7f1d7f0ad000-7f1d7f0c1000 r--s 0013a000 08:01 791121                     /home/madunlap/.m2/repository/org/primefaces/themes/all-themes/1.0.10/all-themes-1.0.10.jar
7f1d7f0c1000-7f1d7f0ed000 r--s 00318000 08:01 791288                     /home/madunlap/.m2/repository/org/primefaces/primefaces/5.3/primefaces-5.3.jar
7f1d7f0ed000-7f1d7f10f000 r--s 00120000 08:01 791284                     /home/madunlap/.m2/repository/javax/javaee-web-api/7.0/javaee-web-api-7.0.jar
7f1d7f10f000-7f1d7f111000 r--s 0000e000 08:01 791282                     /home/madunlap/.m2/repository/javax/activation/activation/1.1/activation-1.1.jar
7f1d7f111000-7f1d7f119000 r--s 00078000 08:01 791280                     /home/madunlap/.m2/repository/com/sun/mail/javax.mail/1.5.0/javax.mail-1.5.0.jar
7f1d7f119000-7f1d7f14d000 r--s 001a4000 08:01 791278                     /home/madunlap/.m2/repository/javax/javaee-api/7.0/javaee-api-7.0.jar
7f1d7f14d000-7f1d7f178000 r--s 001f5000 08:01 791277                     /home/madunlap/.m2/repository/com/google/guava/guava/16.0.1/guava-16.0.1.jar
7f1d7f178000-7f1d7f179000 r--s 00004000 08:01 791275                     /home/madunlap/.m2/repository/org/mindrot/jbcrypt/0.3m/jbcrypt-0.3m.jar
7f1d7f179000-7f1d7f197000 r--s 0027d000 08:01 791273                     /home/madunlap/.m2/repository/xalan/xalan/2.7.0/xalan-2.7.0.jar
7f1d7f197000-7f1d7f1ab000 r--s 000e3000 08:01 791272                     /home/madunlap/.m2/repository/xerces/xercesImpl/2.6.2/xercesImpl-2.6.2.jar
7f1d7f1ab000-7f1d7f1b1000 r--s 00019000 08:01 791270                     /home/madunlap/.m2/repository/xerces/xmlParserAPIs/2.6.2/xmlParserAPIs-2.6.2.jar
7f1d7f1b1000-7f1d7f1b8000 r--s 00063000 08:01 791268                     /home/madunlap/.m2/repository/xom/xom/1.1/xom-1.1.jar
7f1d7f1b8000-7f1d7f1bd000 r--s 0002a000 08:01 791265                     /home/madunlap/.m2/repository/com/google/code/gson/gson/2.2.4/gson-2.2.4.jar
7f1d7f1bd000-7f1d7f1c1000 r--s 00027000 08:01 791263                     /home/madunlap/.m2/repository/commons-io/commons-io/2.2/commons-io-2.2.jar
7f1d7f1c1000-7f1d7f1c3000 r--s 0000f000 08:01 791260                     /home/madunlap/.m2/repository/commons-fileupload/commons-fileupload/1.3.1/commons-fileupload-1.3.1.jar
7f1d7f1c3000-7f1d7f1c9000 r--s 00032000 08:01 791261                     /home/madunlap/.m2/repository/jaxen/jaxen/1.1.1/jaxen-1.1.1.jar
7f1d7f1c9000-7f1d7f1d0000 r--s 00079000 08:01 661348                     /home/madunlap/.m2/repository/org/codehaus/woodstox/wstx-asl/3.2.6/wstx-asl-3.2.6.jar
7f1d7f1d0000-7f1d7f1d5000 r--s 00070000 08:01 661349                     /home/madunlap/.m2/repository/org/codehaus/woodstox/woodstox-core-asl/4.1.4/woodstox-core-asl-4.1.4.jar
7f1d7f1d5000-7f1d7f1d9000 r--s 00026000 08:01 791256                     /home/madunlap/.m2/repository/org/apache/ws/commons/axiom/axiom-impl/1.2.14/axiom-impl-1.2.14.jar
7f1d7f1d9000-7f1d7f1dc000 r--s 00015000 08:01 791254                     /home/madunlap/.m2/repository/org/apache/james/apache-mime4j-core/0.7.2/apache-mime4j-core-0.7.2.jar
7f1d7f1dc000-7f1d7f1e1000 r--s 00032000 08:01 791252                     /home/madunlap/.m2/repository/org/apache/geronimo/specs/geronimo-javamail_1.4_spec/1.7.1/geronimo-javamail_1.4_spec-1.7.1.jar
7f1d7f1e1000-7f1d7f1eb000 r--s 0005d000 08:01 791250                     /home/madunlap/.m2/repository/org/apache/ws/commons/axiom/axiom-api/1.2.14/axiom-api-1.2.14.jar
7f1d7f1eb000-7f1d7f1ee000 r--s 0014e000 08:01 791249                     /home/madunlap/.m2/repository/org/apache/abdera/abdera-parser/1.1.3/abdera-parser-1.1.3.jar
7f1d7f1ee000-7f1d7f1f0000 r--s 00006000 08:01 791245                     /home/madunlap/.m2/repository/org/apache/geronimo/specs/geronimo-stax-api_1.0_spec/1.0.1/geronimo-stax-api_1.0_spec-1.0.1.jar
7f1d7f1f0000-7f1d7f1f2000 r--s 0000a000 08:01 791243                     /home/madunlap/.m2/repository/org/apache/geronimo/specs/geronimo-activation_1.1_spec/1.1/geronimo-activation_1.1_spec-1.1.jar
7f1d7f1f2000-7f1d7f1f6000 r--s 00094000 08:01 791246                     /home/madunlap/.m2/repository/org/apache/abdera/abdera-i18n/1.1.3/abdera-i18n-1.1.3.jar
7f1d7f1f6000-7f1d7f1fa000 r--s 00024000 08:01 791241                     /home/madunlap/.m2/repository/org/apache/abdera/abdera-core/1.1.3/abdera-core-1.1.3.jar
7f1d7f1fa000-7f1d7f213000 r--s 002fd000 08:01 791240                     /home/madunlap/.m2/repository/com/ibm/icu/icu4j/3.4.4/icu4j-3.4.4.jar
7f1d7f213000-7f1d7f216000 r--s 00023000 08:01 791237                     /home/madunlap/.m2/repository/com/hp/hpl/jena/iri/0.8/iri-0.8.jar
7f1d7f216000-7f1d7f239000 r--s 001ae000 08:01 791235                     /home/madunlap/.m2/repository/com/hp/hpl/jena/jena/2.6.4/jena-2.6.4.jar
7f1d7f239000-7f1d7f23b000 r--s 0000d000 08:01 791233                     /home/madunlap/.m2/repository/org/apache/abdera/abdera-client/1.1.1/abdera-client-1.1.1.jar
7f1d7f23b000-7f1d7f23d000 r--s 00016000 08:01 791230                     /home/madunlap/.m2/repository/javax/servlet/servlet-api/2.4/servlet-api-2.4.jar
7f1d7f23d000-7f1d7f240000 r--s 0000f000 08:01 791226                     /home/madunlap/.m2/repository/org/swordapp/sword2-server/1.0/sword2-server-1.0-classes.jar
7f1d7f240000-7f1d7f245000 r--s 00040000 08:01 791224                     /home/madunlap/.m2/repository/commons-httpclient/commons-httpclient/3.0.1/commons-httpclient-3.0.1.jar
7f1d7f245000-7f1d7f285000 r--s 00285000 08:01 925253                     /home/madunlap/.m2/repository/org/bouncycastle/bcprov-jdk15on/1.52/bcprov-jdk15on-1.52.jar
7f1d7f285000-7f1d7f289000 r--s 00021000 08:01 925254                     /home/madunlap/.m2/repository/org/cryptacular/cryptacular/1.1.0/cryptacular-1.1.0.jar
7f1d7f289000-7f1d7f28c000 r--s 00011000 08:01 925252                     /home/madunlap/.m2/repository/org/passay/passay/1.1.0/passay-1.1.0.jar
7f1d7f28c000-7f1d7f698000 r--s 03c80000 08:01 791225                     /home/madunlap/.m2/repository/com/amazonaws/aws-java-sdk-bundle/1.11.172/aws-java-sdk-bundle-1.11.172.jar
7f1d7f698000-7f1d7f784000 rw-p 00000000 00:00 0 
7f1d7f784000-7f1d7f898000 ---p 00000000 00:00 0 
7f1d7f898000-7f1d7fa98000 rw-p 00000000 00:00 0 
7f1d7fa98000-7f1d7fb12000 r--s 010f7000 08:01 2106635                    /usr/lib/jvm/java-8-oracle/lib/tools.jar
7f1d7fb12000-7f1d7fb15000 r--s 0001b000 08:01 791438                     /home/madunlap/.m2/repository/junit/junit/3.8.2/junit-3.8.2.jar
7f1d7fb15000-7f1d7fb23000 r--s 0008f000 08:01 921892                     /home/madunlap/.m2/repository/com/google/collections/google-collections/1.0/google-collections-1.0.jar
7f1d7fb23000-7f1d7fb24000 r--s 0000a000 08:01 921891                     /home/madunlap/.m2/repository/commons-logging/commons-logging-api/1.1/commons-logging-api-1.1.jar
7f1d7fb24000-7f1d7fb2b000 r--s 00051000 08:01 921889                     /home/madunlap/.m2/repository/log4j/log4j/1.2.12/log4j-1.2.12.jar
7f1d7fb2b000-7f1d7fb2f000 r--s 0001d000 08:01 921886                     /home/madunlap/.m2/repository/org/apache/xbean/xbean-reflect/3.4/xbean-reflect-3.4.jar
7f1d7fb2f000-7f1d7fb30000 r--s 00004000 08:01 921885                     /home/madunlap/.m2/repository/org/codehaus/plexus/plexus-compiler-javac/2.2/plexus-compiler-javac-2.2.jar
7f1d7fb30000-7f1d7fb32000 r--s 00000000 08:01 921883                     /home/madunlap/.m2/repository/org/codehaus/plexus/plexus-compiler-manager/2.2/plexus-compiler-manager-2.2.jar
7f1d7fb32000-7f1d7fb34000 r--s 00005000 08:01 921878                     /home/madunlap/.m2/repository/org/codehaus/plexus/plexus-compiler-api/2.2/plexus-compiler-api-2.2.jar
7f1d7fb34000-7f1d7fb36000 r--s 00002000 08:01 921877                     /home/madunlap/.m2/repository/org/apache/maven/shared/maven-shared-incremental/1.1/maven-shared-incremental-1.1.jar
7f1d7fb36000-7f1d7fb38000 r--s 00006000 08:01 921876                     /home/madunlap/.m2/repository/com/google/code/findbugs/jsr305/2.0.1/jsr305-2.0.1.jar
7f1d7fb38000-7f1d7fb3b000 r--s 00023000 08:01 921882                     /home/madunlap/.m2/repository/org/apache/maven/shared/maven-shared-utils/0.1/maven-shared-utils-0.1.jar
7f1d7fb3b000-7f1d7fb3f000 r--s 00030000 08:01 921884                     /home/madunlap/.m2/repository/org/codehaus/plexus/plexus-utils/1.5.1/plexus-utils-1.5.1.jar
7f1d7fb3f000-7f1d7fb41000 r--s 00009000 08:01 660601                     /home/madunlap/.m2/repository/org/apache/maven/plugins/maven-compiler-plugin/3.1/maven-compiler-plugin-3.1.jar
7f1d7fb41000-7f1d7fb43000 r--s 0000d000 08:01 921763                     /home/madunlap/.m2/repository/org/codehaus/plexus/plexus-interpolation/1.13/plexus-interpolation-1.13.jar
7f1d7fb43000-7f1d7fb44000 r--s 00001000 08:01 921761                     /home/madunlap/.m2/repository/org/sonatype/plexus/plexus-build-api/0.0.4/plexus-build-api-0.0.4.jar
7f1d7fb44000-7f1d7fb46000 r--s 00009000 08:01 921767                     /home/madunlap/.m2/repository/org/apache/maven/shared/maven-filtering/1.0/maven-filtering-1.0.jar
7f1d7fb46000-7f1d7fb4a000 r--s 00033000 08:01 921162                     /home/madunlap/.m2/repository/org/codehaus/plexus/plexus-utils/2.0.5/plexus-utils-2.0.5.jar
7f1d7fb4a000-7f1d7fb4b000 r--s 00001000 08:01 921765                     /home/madunlap/.m2/repository/org/apache/maven/doxia/doxia-sink-api/1.0-alpha-7/doxia-sink-api-1.0-alpha-7.jar
7f1d7fb4b000-7f1d7fb4c000 r--s 00002000 08:01 921760                     /home/madunlap/.m2/repository/org/apache/maven/reporting/maven-reporting-api/2.0.6/maven-reporting-api-2.0.6.jar
7f1d7fb4c000-7f1d7fb4e000 r--s 00005000 08:01 660590                     /home/madunlap/.m2/repository/org/apache/maven/plugins/maven-resources-plugin/2.5/maven-resources-plugin-2.5.jar
7f1d7fb4e000-7f1d7fb52000 r--s 0001f000 08:01 921028                     /home/madunlap/.m2/repository/org/jacoco/org.jacoco.report/0.7.5.201505241946/org.jacoco.report-0.7.5.201505241946.jar
7f1d7fb52000-7f1d7fb57000 r--s 00058000 08:01 921027                     /home/madunlap/.m2/repository/org/ow2/asm/asm-debug-all/5.0.1/asm-debug-all-5.0.1.jar
7f1d7fb57000-7f1d7fb5b000 r--s 0001d000 08:01 791383                     /home/madunlap/.m2/repository/org/jacoco/org.jacoco.core/0.7.5.201505241946/org.jacoco.core-0.7.5.201505241946.jar
7f1d7fb5b000-7f1d7fb61000 r--s 00041000 08:01 661360                     /home/madunlap/.m2/repository/org/jacoco/org.jacoco.agent/0.7.5.201505241946/org.jacoco.agent-0.7.5.201505241946-runtime.jar
7f1d7fb61000-7f1d7fb6e000 r--s 0007f000 08:01 921702                     /home/madunlap/.m2/repository/commons-collections/commons-collections/3.2/commons-collections-3.2.jar
7f1d7fb6e000-7f1d7fb70000 r--s 00008000 08:01 921015                     /home/madunlap/.m2/repository/org/apache/maven/doxia/doxia-module-fml/1.1.2/doxia-module-fml-1.1.2.jar
7f1d7fb70000-7f1d7fb71000 r--s 00003000 08:01 921016                     /home/madunlap/.m2/repository/org/apache/maven/doxia/doxia-module-xhtml/1.1.2/doxia-module-xhtml-1.1.2.jar
7f1d7fb71000-7f1d7fb73000 r--s 0000b000 08:01 921011                     /home/madunlap/.m2/repository/org/apache/maven/doxia/doxia-decoration-model/1.1.2/doxia-decoration-model-1.1.2.jar
7f1d7fb73000-7f1d7fb75000 r--s 0000b000 08:01 921008                     /home/madunlap/.m2/repository/org/apache/maven/doxia/doxia-site-renderer/1.1.2/doxia-site-renderer-1.1.2.jar
7f1d7fb75000-7f1d7fb77000 r--s 00006000 08:01 791430                     /home/madunlap/.m2/repository/commons-codec/commons-codec/1.2/commons-codec-1.2.jar
7f1d7fb77000-7f1d7fb7d000 r--s 00045000 08:01 791428                     /home/madunlap/.m2/repository/commons-httpclient/commons-httpclient/3.1/commons-httpclient-3.1.jar
7f1d7fb7d000-7f1d7fb81000 r--s 0003c000 08:01 791427                     /home/madunlap/.m2/repository/commons-lang/commons-lang/2.4/commons-lang-2.4.jar
7f1d7fb81000-7f1d7fb98000 r--s 00112000 08:01 791426                     /home/madunlap/.m2/repository/xerces/xercesImpl/2.8.1/xercesImpl-2.8.1.jar
7f1d7fb98000-7f1d7fb9c000 r--s 00023000 08:01 921010                     /home/madunlap/.m2/repository/org/apache/maven/doxia/doxia-core/1.1.2/doxia-core-1.1.2.jar
7f1d7fb9c000-7f1d7fb9e000 r--s 00003000 08:01 921007                     /home/madunlap/.m2/repository/org/apache/maven/reporting/maven-reporting-impl/2.1/maven-reporting-impl-2.1.jar
7f1d7fb9e000-7f1d7fb9f000 r--s 00002000 08:01 921004                     /home/madunlap/.m2/repository/org/apache/maven/doxia/doxia-logging-api/1.1/doxia-logging-api-1.1.jar
7f1d7fb9f000-7f1d7fba1000 r--s 00002000 08:01 921001                     /home/madunlap/.m2/repository/org/apache/maven/doxia/doxia-sink-api/1.1/doxia-sink-api-1.1.jar
7f1d7fba1000-7f1d7fba2000 r--s 00002000 08:01 920999                     /home/madunlap/.m2/repository/org/apache/maven/reporting/maven-reporting-api/2.2.1/maven-reporting-api-2.2.1.jar
7f1d7fba2000-7f1d7fba7000 r--s 00039000 08:01 920997                     /home/madunlap/.m2/repository/org/codehaus/plexus/plexus-utils/1.5.6/plexus-utils-1.5.6.jar
7f1d7fba7000-7f1d7fbad000 r--s 00034000 08:01 921701                     /home/madunlap/.m2/repository/junit/junit/4.8.2/junit-4.8.2.jar
7f1d7fbad000-7f1d7fbaf000 r--s 0000b000 08:01 920985                     /home/madunlap/.m2/repository/org/codehaus/plexus/plexus-interpolation/1.11/plexus-interpolation-1.11.jar
7f1d7fbaf000-7f1d7fbb7000 r--s 00049000 08:01 920984                     /home/madunlap/.m2/repository/backport-util-concurrent/backport-util-concurrent/3.1/backport-util-concurrent-3.1.jar
7f1d7fbb7000-7f1d7fbba000 r--s 0001a000 08:01 2233367                    /usr/lib/jvm/java-8-oracle/jre/lib/jce.jar
7f1d7fbba000-7f1d7fdba000 rw-p 00000000 00:00 0 
7f1d7fdba000-7f1d7fdbc000 r--s 0000b000 08:01 660606                     /home/madunlap/.m2/repository/org/jacoco/jacoco-maven-plugin/0.7.5.201505241946/jacoco-maven-plugin-0.7.5.201505241946.jar
7f1d7fdbc000-7f1d7fdca000 r--s 0007f000 08:01 791424                     /home/madunlap/.m2/repository/commons-collections/commons-collections/3.2.1/commons-collections-3.2.1.jar
7f1d7fdca000-7f1d7fdcf000 r--s 00041000 08:01 791300                     /home/madunlap/.m2/repository/commons-lang/commons-lang/2.6/commons-lang-2.6.jar
7f1d7fdcf000-7f1d7fdd1000 r--s 00006000 08:01 921678                     /home/madunlap/.m2/repository/org/apache/maven/shared/maven-invoker/2.0.11/maven-invoker-2.0.11.jar
7f1d7fdd1000-7f1d7fdd3000 r--s 00006000 08:01 921677                     /home/madunlap/.m2/repository/org/apache/maven/shared/maven-common-artifact-filters/1.4/maven-common-artifact-filters-1.4.jar
7f1d7fdd3000-7f1d7fdd5000 r--s 0000c000 08:01 921676                     /home/madunlap/.m2/repository/org/apache/maven/shared/maven-dependency-tree/2.0/maven-dependency-tree-2.0.jar
7f1d7fdd5000-7f1d7fdd7000 r--s 00000000 08:01 921682                     /home/madunlap/.m2/repository/org/codehaus/plexus/plexus-component-annotations/1.5.5/plexus-component-annotations-1.5.5.jar
7f1d7fdd7000-7f1d7fdd8000 r--s 0000a000 08:01 921680                     /home/madunlap/.m2/repository/asm/asm/3.3.1/asm-3.3.1.jar
7f1d7fdd8000-7f1d7fdda000 r--s 00005000 08:01 921672                     /home/madunlap/.m2/repository/org/apache/maven/shared/maven-dependency-analyzer/1.3/maven-dependency-analyzer-1.3.jar
7f1d7fdda000-7f1d7fddd000 r--s 0000c000 08:01 921669                     /home/madunlap/.m2/repository/org/codehaus/plexus/plexus-io/2.0.6/plexus-io-2.0.6.jar
7f1d7fddd000-7f1d7fde0000 r--s 0001b000 08:01 791422                     /home/madunlap/.m2/repository/junit/junit/3.8.1/junit-3.8.1.jar
7f1d7fde0000-7f1d7fde2000 r--s 00008000 08:01 920995                     /home/madunlap/.m2/repository/org/apache/maven/shared/maven-shared-io/1.1/maven-shared-io-1.1.jar
7f1d7fde2000-7f1d7fde4000 r--s 00008000 08:01 920998                     /home/madunlap/.m2/repository/org/apache/maven/shared/file-management/1.2.1/file-management-1.2.1.jar
7f1d7fde4000-7f1d7fde8000 r--s 00035000 08:01 921667                     /home/madunlap/.m2/repository/org/codehaus/plexus/plexus-utils/3.0.9/plexus-utils-3.0.9.jar
7f1d7fde8000-7f1d7fded000 r--s 00029000 08:01 921665                     /home/madunlap/.m2/repository/org/codehaus/plexus/plexus-archiver/2.2/plexus-archiver-2.2.jar
7f1d7fded000-7f1d7fdef000 r--s 00004000 08:01 921661                     /home/madunlap/.m2/repository/org/apache/maven/doxia/doxia-module-xhtml/1.0/doxia-module-xhtml-1.0.jar
7f1d7fdef000-7f1d7fe00000 r-xp 00000000 08:01 2233354                    /usr/lib/jvm/java-8-oracle/jre/lib/amd64/libnio.so
7f1d7fe00000-7f1d7ffff000 ---p 00011000 08:01 2233354                    /usr/lib/jvm/java-8-oracle/jre/lib/amd64/libnio.so
7f1d7ffff000-7f1d80000000 rw-p 00010000 08:01 2233354                    /usr/lib/jvm/java-8-oracle/jre/lib/amd64/libnio.so
7f1d80000000-7f1d80021000 rw-p 00000000 00:00 0 
7f1d80021000-7f1d84000000 ---p 00000000 00:00 0 
7f1d84000000-7f1d84021000 rw-p 00000000 00:00 0 
7f1d84021000-7f1d88000000 ---p 00000000 00:00 0 
7f1d88000000-7f1d89251000 rw-p 00000000 00:00 0 
7f1d89251000-7f1d8c000000 ---p 00000000 00:00 0 
7f1d8c000000-7f1d8c021000 rw-p 00000000 00:00 0 
7f1d8c021000-7f1d90000000 ---p 00000000 00:00 0 
7f1d90000000-7f1d90021000 rw-p 00000000 00:00 0 
7f1d90021000-7f1d94000000 ---p 00000000 00:00 0 
7f1d94000000-7f1d95503000 rw-p 00000000 00:00 0 
7f1d95503000-7f1d98000000 ---p 00000000 00:00 0 
7f1d98000000-7f1d98021000 rw-p 00000000 00:00 0 
7f1d98021000-7f1d9c000000 ---p 00000000 00:00 0 
7f1d9c000000-7f1d9c021000 rw-p 00000000 00:00 0 
7f1d9c021000-7f1da0000000 ---p 00000000 00:00 0 
7f1da0000000-7f1da0008000 r--s 00058000 08:01 921019                     /home/madunlap/.m2/repository/org/apache/velocity/velocity/1.5/velocity-1.5.jar
7f1da0008000-7f1da0208000 rw-p 00000000 00:00 0 
7f1da0208000-7f1da3209000 rw-p 00000000 00:00 0 
7f1da3209000-7f1da3220000 r-xp 00000000 08:01 2233351                    /usr/lib/jvm/java-8-oracle/jre/lib/amd64/libnet.so
7f1da3220000-7f1da341f000 ---p 00017000 08:01 2233351                    /usr/lib/jvm/java-8-oracle/jre/lib/amd64/libnet.so
7f1da341f000-7f1da3420000 rw-p 00016000 08:01 2233351                    /usr/lib/jvm/java-8-oracle/jre/lib/amd64/libnet.so
7f1da3420000-7f1da3620000 rw-p 00000000 00:00 0 
7f1da3620000-7f1da3820000 rw-p 00000000 00:00 0 
7f1da3820000-7f1da3821000 ---p 00000000 00:00 0 
7f1da3821000-7f1da3921000 rw-p 00000000 00:00 0 
7f1da3921000-7f1da3924000 ---p 00000000 00:00 0 
7f1da3924000-7f1da3a22000 rw-p 00000000 00:00 0 
7f1da3a22000-7f1da3a25000 ---p 00000000 00:00 0 
7f1da3a25000-7f1da3b23000 rw-p 00000000 00:00 0 
7f1da3b23000-7f1da3b26000 ---p 00000000 00:00 0 
7f1da3b26000-7f1da3c24000 rw-p 00000000 00:00 0 
7f1da3c24000-7f1da3c27000 ---p 00000000 00:00 0 
7f1da3c27000-7f1da3d25000 rw-p 00000000 00:00 0 
7f1da3d25000-7f1da4000000 r--p 00000000 08:01 1441812                    /usr/lib/locale/locale-archive
7f1da4000000-7f1da4021000 rw-p 00000000 00:00 0 
7f1da4021000-7f1da8000000 ---p 00000000 00:00 0 
7f1da8000000-7f1da828f000 rw-p 00000000 00:00 0 
7f1da828f000-7f1dac000000 ---p 00000000 00:00 0 
7f1dac000000-7f1dac021000 rw-p 00000000 00:00 0 
7f1dac021000-7f1db0000000 ---p 00000000 00:00 0 
7f1db0000000-7f1db0001000 r--s 00006000 08:01 921663                     /home/madunlap/.m2/repository/org/apache/maven/doxia/doxia-module-xdoc/1.0/doxia-module-xdoc-1.0.jar
7f1db0001000-7f1db0002000 r--s 00004000 08:01 921664                     /home/madunlap/.m2/repository/org/apache/maven/doxia/doxia-module-fml/1.0/doxia-module-fml-1.0.jar
7f1db0002000-7f1db0004000 r--s 0000a000 08:01 921659                     /home/madunlap/.m2/repository/org/apache/maven/doxia/doxia-module-apt/1.0/doxia-module-apt-1.0.jar
7f1db0004000-7f1db0005000 r--s 0000b000 08:01 921658                     /home/madunlap/.m2/repository/org/apache/maven/doxia/doxia-decoration-model/1.0/doxia-decoration-model-1.0.jar
7f1db0005000-7f1db0006000 r--s 00001000 08:01 921022                     /home/madunlap/.m2/repository/org/codehaus/plexus/plexus-velocity/1.1.7/plexus-velocity-1.1.7.jar
7f1db0006000-7f1db0007000 r--s 00002000 08:01 921017                     /home/madunlap/.m2/repository/org/codehaus/plexus/plexus-i18n/1.0-beta-7/plexus-i18n-1.0-beta-7.jar
7f1db0007000-7f1db0009000 r--s 0000a000 08:01 921654                     /home/madunlap/.m2/repository/org/apache/maven/doxia/doxia-site-renderer/1.0/doxia-site-renderer-1.0.jar
7f1db0009000-7f1db000a000 r--s 00002000 08:01 921653                     /home/madunlap/.m2/repository/org/apache/maven/doxia/doxia-sink-api/1.0/doxia-sink-api-1.0.jar
7f1db000a000-7f1db000f000 r--s 00016000 08:01 791388                     /home/madunlap/.m2/repository/xml-apis/xml-apis/1.0.b2/xml-apis-1.0.b2.jar
7f1db000f000-7f1db0011000 r--s 0000e000 08:01 921023                     /home/madunlap/.m2/repository/oro/oro/2.0.8/oro-2.0.8.jar
7f1db0011000-7f1db0013000 r--s 00008000 08:01 791420                     /home/madunlap/.m2/repository/commons-logging/commons-logging/1.0.4/commons-logging-1.0.4.jar
7f1db0013000-7f1db0017000 r--s 00026000 08:01 921649                     /home/madunlap/.m2/repository/commons-digester/commons-digester/1.6/commons-digester-1.6.jar
7f1db0017000-7f1db001c000 r--s 0002a000 08:01 921644                     /home/madunlap/.m2/repository/commons-beanutils/commons-beanutils/1.7.0/commons-beanutils-1.7.0.jar
7f1db001c000-7f1db001f000 r--s 00014000 08:01 921646                     /home/madunlap/.m2/repository/commons-validator/commons-validator/1.2.0/commons-validator-1.2.0.jar
7f1db001f000-7f1db0022000 r--s 00018000 08:01 791418                     /home/madunlap/.m2/repository/commons-io/commons-io/1.4/commons-io-1.4.jar
7f1db0022000-7f1db0024000 r--s 00009000 08:01 921639                     /home/madunlap/.m2/repository/org/apache/maven/shared/maven-doxia-tools/1.0.2/maven-doxia-tools-1.0.2.jar
7f1db0024000-7f1db0027000 r--s 0000b000 08:01 921640                     /home/madunlap/.m2/repository/org/apache/maven/doxia/doxia-core/1.0/doxia-core-1.0.jar
7f1db0027000-7f1db0029000 r--s 00004000 08:01 921647                     /home/madunlap/.m2/repository/org/apache/maven/reporting/maven-reporting-impl/2.0.5/maven-reporting-impl-2.0.5.jar
7f1db0029000-7f1db002a000 r--s 00002000 08:01 921638                     /home/madunlap/.m2/repository/org/apache/maven/reporting/maven-reporting-api/3.0/maven-reporting-api-3.0.jar
7f1db002a000-7f1db002c000 r--s 00002000 08:01 921645                     /home/madunlap/.m2/repository/org/codehaus/plexus/plexus-interactivity-api/1.0-alpha-4/plexus-interactivity-api-1.0-alpha-4.jar
7f1db002c000-7f1db002e000 r--s 00006000 08:01 921636                     /home/madunlap/.m2/repository/commons-cli/commons-cli/1.0/commons-cli-1.0.jar
7f1db002e000-7f1db0031000 r--s 00021000 08:01 660560                     /home/madunlap/.m2/repository/org/apache/maven/plugins/maven-dependency-plugin/2.6/maven-dependency-plugin-2.6.jar
7f1db0031000-7f1db0034000 ---p 00000000 00:00 0 
7f1db0034000-7f1db006a000 rw-p 00000000 00:00 0 
7f1db006a000-7f1db006b000 r--p 00000000 00:00 0 
7f1db006b000-7f1db0070000 r--s 0009a000 08:01 2233194                    /usr/lib/jvm/java-8-oracle/jre/lib/jsse.jar
7f1db0070000-7f1db0072000 r--s 0000c000 08:01 2112577                    /usr/local/netbeans-8.1/java/maven-nblib/netbeans-eventspy.jar
7f1db0072000-7f1db0074000 r--s 00002000 08:01 2112587                    /usr/local/netbeans-8.1/java/maven/lib/plexus-cipher-1.7.jar
7f1db0074000-7f1db0075000 r--s 0000a000 08:01 2112568                    /usr/local/netbeans-8.1/java/maven/lib/maven-embedder-3.0.5.jar
7f1db0075000-7f1db0077000 r--s 00000000 08:01 2112237                    /usr/local/netbeans-8.1/java/maven/lib/plexus-component-annotations-1.5.5.jar
7f1db0077000-7f1db0079000 r--s 0000a000 08:01 2112569                    /usr/local/netbeans-8.1/java/maven/lib/maven-settings-3.0.5.jar
7f1db0079000-7f1db007d000 r--s 0001c000 08:01 2112582                    /usr/local/netbeans-8.1/java/maven/lib/aether-util-1.13.1.jar
7f1db007d000-7f1db0084000 r--s 0003f000 08:01 2112554                    /usr/local/netbeans-8.1/java/maven/lib/sisu-inject-bean-2.3.0.jar
7f1db0084000-7f1db0088000 r--s 00021000 08:01 2112506                    /usr/local/netbeans-8.1/java/maven/lib/maven-model-builder-3.0.5.jar
7f1db0088000-7f1db008a000 r--s 0000b000 08:01 2112552                    /usr/local/netbeans-8.1/java/maven/lib/wagon-provider-api-2.4.jar
7f1db008a000-7f1db008e000 r--s 00033000 08:01 2112580                    /usr/local/netbeans-8.1/java/maven/lib/plexus-utils-2.0.6.jar
7f1db008e000-7f1db0092000 r--s 00013000 08:01 2112588                    /usr/local/netbeans-8.1/java/maven/lib/aether-api-1.13.1.jar
7f1db0092000-7f1db00ad000 r--s 000e4000 08:01 2112562                    /usr/local/netbeans-8.1/java/maven/lib/wagon-http-2.4-shaded.jar
7f1db00ad000-7f1db00cc000 r--s 00154000 08:01 2112595                    /usr/local/netbeans-8.1/java/maven/lib/sisu-guava-0.9.9.jar
7f1db00cc000-7f1db00fa000 r--s 001c9000 08:01 2112509                    /usr/local/netbeans-8.1/java/maven/lib/ext/wagon-http-2.8-shaded.jar
7f1db00fa000-7f1db00fd000 ---p 00000000 00:00 0 
7f1db00fd000-7f1db01fb000 rw-p 00000000 00:00 0 
7f1db01fb000-7f1db01fe000 ---p 00000000 00:00 0 
7f1db01fe000-7f1db02fc000 rw-p 00000000 00:00 0 
7f1db02fc000-7f1db02fd000 ---p 00000000 00:00 0 
7f1db02fd000-7f1db0d48000 rw-p 00000000 00:00 0 
7f1db0d48000-7f1db0f21000 r--s 03d5a000 08:01 2233137                    /usr/lib/jvm/java-8-oracle/jre/lib/rt.jar
7f1db0f21000-7f1db4921000 rw-p 00000000 00:00 0 
7f1db4921000-7f1db4922000 ---p 00000000 00:00 0 
7f1db4922000-7f1db4a22000 rw-p 00000000 00:00 0 
7f1db4a22000-7f1db4a23000 ---p 00000000 00:00 0 
7f1db4a23000-7f1db4b46000 rw-p 00000000 00:00 0 
7f1db4b46000-7f1db4d15000 ---p 00000000 00:00 0 
7f1db4d15000-7f1db4d38000 rw-p 00000000 00:00 0 
7f1db4d38000-7f1db4f06000 ---p 00000000 00:00 0 
7f1db4f06000-7f1db4f8b000 rw-p 00000000 00:00 0 
7f1db4f8b000-7f1db4fff000 ---p 00000000 00:00 0 
7f1db4fff000-7f1db5000000 rw-p 00000000 00:00 0 
7f1db5000000-7f1db5b70000 rwxp 00000000 00:00 0 
7f1db5b70000-7f1dc4000000 ---p 00000000 00:00 0 
7f1dc4000000-7f1dc55da000 rw-p 00000000 00:00 0 
7f1dc55da000-7f1dc8000000 ---p 00000000 00:00 0 
7f1dc8000000-7f1dc8008000 r--s 00050000 08:01 2112540                    /usr/local/netbeans-8.1/java/maven/lib/sisu-guice-3.1.0-no_aop.jar
7f1dc8008000-7f1dc800f000 r--s 0002b000 08:01 2112529                    /usr/local/netbeans-8.1/java/maven/lib/sisu-inject-plexus-2.3.0.jar
7f1dc800f000-7f1dc808c000 rw-p 00000000 00:00 0 
7f1dc808c000-7f1dc841e000 ---p 00000000 00:00 0 
7f1dc841e000-7f1dc8439000 r-xp 00000000 08:01 2233347                    /usr/lib/jvm/java-8-oracle/jre/lib/amd64/libzip.so
7f1dc8439000-7f1dc8639000 ---p 0001b000 08:01 2233347                    /usr/lib/jvm/java-8-oracle/jre/lib/amd64/libzip.so
7f1dc8639000-7f1dc863a000 rw-p 0001b000 08:01 2233347                    /usr/lib/jvm/java-8-oracle/jre/lib/amd64/libzip.so
7f1dc863a000-7f1dc8645000 r-xp 00000000 08:01 663303                     /lib/x86_64-linux-gnu/libnss_files-2.24.so
7f1dc8645000-7f1dc8844000 ---p 0000b000 08:01 663303                     /lib/x86_64-linux-gnu/libnss_files-2.24.so
7f1dc8844000-7f1dc8845000 r--p 0000a000 08:01 663303                     /lib/x86_64-linux-gnu/libnss_files-2.24.so
7f1dc8845000-7f1dc8846000 rw-p 0000b000 08:01 663303                     /lib/x86_64-linux-gnu/libnss_files-2.24.so
7f1dc8846000-7f1dc884c000 rw-p 00000000 00:00 0 
7f1dc884c000-7f1dc8857000 r-xp 00000000 08:01 663305                     /lib/x86_64-linux-gnu/libnss_nis-2.24.so
7f1dc8857000-7f1dc8a56000 ---p 0000b000 08:01 663305                     /lib/x86_64-linux-gnu/libnss_nis-2.24.so
7f1dc8a56000-7f1dc8a57000 r--p 0000a000 08:01 663305                     /lib/x86_64-linux-gnu/libnss_nis-2.24.so
7f1dc8a57000-7f1dc8a58000 rw-p 0000b000 08:01 663305                     /lib/x86_64-linux-gnu/libnss_nis-2.24.so
7f1dc8a58000-7f1dc8a6e000 r-xp 00000000 08:01 663300                     /lib/x86_64-linux-gnu/libnsl-2.24.so
7f1dc8a6e000-7f1dc8c6d000 ---p 00016000 08:01 663300                     /lib/x86_64-linux-gnu/libnsl-2.24.so
7f1dc8c6d000-7f1dc8c6e000 r--p 00015000 08:01 663300                     /lib/x86_64-linux-gnu/libnsl-2.24.so
7f1dc8c6e000-7f1dc8c6f000 rw-p 00016000 08:01 663300                     /lib/x86_64-linux-gnu/libnsl-2.24.so
7f1dc8c6f000-7f1dc8c71000 rw-p 00000000 00:00 0 
7f1dc8c71000-7f1dc8c79000 r-xp 00000000 08:01 663301                     /lib/x86_64-linux-gnu/libnss_compat-2.24.so
7f1dc8c79000-7f1dc8e78000 ---p 00008000 08:01 663301                     /lib/x86_64-linux-gnu/libnss_compat-2.24.so
7f1dc8e78000-7f1dc8e79000 r--p 00007000 08:01 663301                     /lib/x86_64-linux-gnu/libnss_compat-2.24.so
7f1dc8e79000-7f1dc8e7a000 rw-p 00008000 08:01 663301                     /lib/x86_64-linux-gnu/libnss_compat-2.24.so
7f1dc8e7a000-7f1dc8ea5000 r-xp 00000000 08:01 2233341                    /usr/lib/jvm/java-8-oracle/jre/lib/amd64/libjava.so
7f1dc8ea5000-7f1dc90a4000 ---p 0002b000 08:01 2233341                    /usr/lib/jvm/java-8-oracle/jre/lib/amd64/libjava.so
7f1dc90a4000-7f1dc90a6000 rw-p 0002a000 08:01 2233341                    /usr/lib/jvm/java-8-oracle/jre/lib/amd64/libjava.so
7f1dc90a6000-7f1dc90b3000 r-xp 00000000 08:01 2233346                    /usr/lib/jvm/java-8-oracle/jre/lib/amd64/libverify.so
7f1dc90b3000-7f1dc92b3000 ---p 0000d000 08:01 2233346                    /usr/lib/jvm/java-8-oracle/jre/lib/amd64/libverify.so
7f1dc92b3000-7f1dc92b5000 rw-p 0000d000 08:01 2233346                    /usr/lib/jvm/java-8-oracle/jre/lib/amd64/libverify.so
7f1dc92b5000-7f1dc92bc000 r-xp 00000000 08:01 663310                     /lib/x86_64-linux-gnu/librt-2.24.so
7f1dc92bc000-7f1dc94bb000 ---p 00007000 08:01 663310                     /lib/x86_64-linux-gnu/librt-2.24.so
7f1dc94bb000-7f1dc94bc000 r--p 00006000 08:01 663310                     /lib/x86_64-linux-gnu/librt-2.24.so
7f1dc94bc000-7f1dc94bd000 rw-p 00007000 08:01 663310                     /lib/x86_64-linux-gnu/librt-2.24.so
7f1dc94bd000-7f1dc95c5000 r-xp 00000000 08:01 663297                     /lib/x86_64-linux-gnu/libm-2.24.so
7f1dc95c5000-7f1dc97c4000 ---p 00108000 08:01 663297                     /lib/x86_64-linux-gnu/libm-2.24.so
7f1dc97c4000-7f1dc97c5000 r--p 00107000 08:01 663297                     /lib/x86_64-linux-gnu/libm-2.24.so
7f1dc97c5000-7f1dc97c6000 rw-p 00108000 08:01 663297                     /lib/x86_64-linux-gnu/libm-2.24.so
7f1dc97c6000-7f1dca499000 r-xp 00000000 08:01 2233324                    /usr/lib/jvm/java-8-oracle/jre/lib/amd64/server/libjvm.so
7f1dca499000-7f1dca698000 ---p 00cd3000 08:01 2233324                    /usr/lib/jvm/java-8-oracle/jre/lib/amd64/server/libjvm.so
7f1dca698000-7f1dca772000 rw-p 00cd2000 08:01 2233324                    /usr/lib/jvm/java-8-oracle/jre/lib/amd64/server/libjvm.so
7f1dca772000-7f1dca7bd000 rw-p 00000000 00:00 0 
7f1dca7bd000-7f1dca97b000 r-xp 00000000 08:01 663293                     /lib/x86_64-linux-gnu/libc-2.24.so
7f1dca97b000-7f1dcab7a000 ---p 001be000 08:01 663293                     /lib/x86_64-linux-gnu/libc-2.24.so
7f1dcab7a000-7f1dcab7e000 r--p 001bd000 08:01 663293                     /lib/x86_64-linux-gnu/libc-2.24.so
7f1dcab7e000-7f1dcab80000 rw-p 001c1000 08:01 663293                     /lib/x86_64-linux-gnu/libc-2.24.so
7f1dcab80000-7f1dcab84000 rw-p 00000000 00:00 0 
7f1dcab84000-7f1dcab87000 r-xp 00000000 08:01 663296                     /lib/x86_64-linux-gnu/libdl-2.24.so
7f1dcab87000-7f1dcad86000 ---p 00003000 08:01 663296                     /lib/x86_64-linux-gnu/libdl-2.24.so
7f1dcad86000-7f1dcad87000 r--p 00002000 08:01 663296                     /lib/x86_64-linux-gnu/libdl-2.24.so
7f1dcad87000-7f1dcad88000 rw-p 00003000 08:01 663296                     /lib/x86_64-linux-gnu/libdl-2.24.so
7f1dcad88000-7f1dcad9e000 r-xp 00000000 08:01 2232954                    /usr/lib/jvm/java-8-oracle/lib/amd64/jli/libjli.so
7f1dcad9e000-7f1dcaf9d000 ---p 00016000 08:01 2232954                    /usr/lib/jvm/java-8-oracle/lib/amd64/jli/libjli.so
7f1dcaf9d000-7f1dcaf9e000 rw-p 00015000 08:01 2232954                    /usr/lib/jvm/java-8-oracle/lib/amd64/jli/libjli.so
7f1dcaf9e000-7f1dcafb6000 r-xp 00000000 08:01 663308                     /lib/x86_64-linux-gnu/libpthread-2.24.so
7f1dcafb6000-7f1dcb1b6000 ---p 00018000 08:01 663308                     /lib/x86_64-linux-gnu/libpthread-2.24.so
7f1dcb1b6000-7f1dcb1b7000 r--p 00018000 08:01 663308                     /lib/x86_64-linux-gnu/libpthread-2.24.so
7f1dcb1b7000-7f1dcb1b8000 rw-p 00019000 08:01 663308                     /lib/x86_64-linux-gnu/libpthread-2.24.so
7f1dcb1b8000-7f1dcb1bc000 rw-p 00000000 00:00 0 
7f1dcb1bc000-7f1dcb1e2000 r-xp 00000000 08:01 663288                     /lib/x86_64-linux-gnu/ld-2.24.so
7f1dcb1e2000-7f1dcb1e4000 r--s 0000d000 08:01 2112510                    /usr/local/netbeans-8.1/java/maven/lib/plexus-interpolation-1.14.jar
7f1dcb1e4000-7f1dcb1e5000 r--s 00002000 08:01 2112599                    /usr/local/netbeans-8.1/java/maven/lib/wagon-file-2.4.jar
7f1dcb1e5000-7f1dcb1e6000 r--s 00003000 08:01 2112589                    /usr/local/netbeans-8.1/java/maven/lib/aether-spi-1.13.1.jar
7f1dcb1e6000-7f1dcb1e8000 r--s 0000b000 08:01 2112567                    /usr/local/netbeans-8.1/java/maven/lib/maven-artifact-3.0.5.jar
7f1dcb1e8000-7f1dcb1eb000 r--s 0001d000 08:01 2112581                    /usr/local/netbeans-8.1/java/maven/lib/aether-impl-1.13.1.jar
7f1dcb1eb000-7f1dcb1ed000 r--s 00006000 08:01 2112424                    /usr/local/netbeans-8.1/java/maven/lib/aether-connector-wagon-1.13.1.jar
7f1dcb1ed000-7f1dcb1ef000 r--s 00009000 08:01 2112597                    /usr/local/netbeans-8.1/java/maven/lib/commons-cli-1.2.jar
7f1dcb1ef000-7f1dcb1f2000 r--s 00008000 08:01 2112453                    /usr/local/netbeans-8.1/java/maven/lib/maven-settings-builder-3.0.5.jar
7f1dcb1f2000-7f1dcb2b4000 rw-p 00000000 00:00 0 
7f1dcb2b4000-7f1dcb2b7000 ---p 00000000 00:00 0 
7f1dcb2b7000-7f1dcb3b7000 rw-p 00000000 00:00 0 
7f1dcb3b7000-7f1dcb3b9000 r--s 00006000 08:01 2112358                    /usr/local/netbeans-8.1/java/maven/lib/maven-repository-metadata-3.0.5.jar
7f1dcb3b9000-7f1dcb3c5000 r--s 0007d000 08:01 2112594                    /usr/local/netbeans-8.1/java/maven/lib/maven-core-3.0.5.jar
7f1dcb3c5000-7f1dcb3cb000 r--s 0003f000 08:01 2112583                    /usr/local/netbeans-8.1/java/maven/lib/maven-compat-3.0.5.jar
7f1dcb3cb000-7f1dcb3cd000 r--s 00026000 08:01 2112586                    /usr/local/netbeans-8.1/java/maven/lib/maven-model-3.0.5.jar
7f1dcb3cd000-7f1dcb3cf000 r--s 0000b000 08:01 2112553                    /usr/local/netbeans-8.1/java/maven/lib/maven-plugin-api-3.0.5.jar
7f1dcb3cf000-7f1dcb3d0000 r--s 00006000 08:01 2112507                    /usr/local/netbeans-8.1/java/maven/lib/plexus-sec-dispatcher-1.3.jar
7f1dcb3d0000-7f1dcb3d2000 r--s 0000c000 08:01 2112471                    /usr/local/netbeans-8.1/java/maven/lib/maven-aether-provider-3.0.5.jar
7f1dcb3d2000-7f1dcb3d4000 r--s 0000a000 08:01 2112542                    /usr/local/netbeans-8.1/java/maven/boot/plexus-classworlds-2.4.jar
7f1dcb3d4000-7f1dcb3dc000 rw-s 00000000 08:01 1315224                    /tmp/hsperfdata_madunlap/12308
7f1dcb3dc000-7f1dcb3dd000 rw-p 00000000 00:00 0 
7f1dcb3dd000-7f1dcb3de000 ---p 00000000 00:00 0 
7f1dcb3de000-7f1dcb3e1000 rw-p 00000000 00:00 0 
7f1dcb3e1000-7f1dcb3e2000 r--p 00025000 08:01 663288                     /lib/x86_64-linux-gnu/ld-2.24.so
7f1dcb3e2000-7f1dcb3e3000 rw-p 00026000 08:01 663288                     /lib/x86_64-linux-gnu/ld-2.24.so
7f1dcb3e3000-7f1dcb3e4000 rw-p 00000000 00:00 0 
7ffd81418000-7ffd81439000 rw-p 00000000 00:00 0                          [stack]
7ffd815df000-7ffd815e1000 r--p 00000000 00:00 0                          [vvar]
7ffd815e1000-7ffd815e3000 r-xp 00000000 00:00 0                          [vdso]
ffffffffff600000-ffffffffff601000 r-xp 00000000 00:00 0                  [vsyscall]

VM Arguments:
jvm_args: -Dclassworlds.conf=/usr/local/netbeans-8.1/java/maven/bin/m2.conf -Dmaven.home=/usr/local/netbeans-8.1/java/maven 
java_command: org.codehaus.plexus.classworlds.launcher.Launcher -Dnetbeans.deploy.debugmode=true -Dnetbeans.deploy=true -Dmaven.ext.class.path=/usr/local/netbeans-8.1/java/maven-nblib/netbeans-eventspy.jar package
java_class_path (initial): /usr/local/netbeans-8.1/java/maven/boot/plexus-classworlds-2.4.jar
Launcher Type: SUN_STANDARD

Environment Variables:
JAVA_HOME=/usr/lib/jvm/java-8-oracle
PATH=/home/madunlap/bin:/usr/local/sbin:/usr/local/bin:/usr/sbin:/usr/bin:/sbin:/bin:/usr/games:/usr/local/games:/snap/bin:/usr/lib/jvm/java-8-oracle/bin:/usr/lib/jvm/java-8-oracle/db/bin:/usr/lib/jvm/java-8-oracle/jre/bin
LD_LIBRARY_PATH=/usr/lib/jvm/java-8-oracle/jre/lib/amd64:/usr/lib/jvm/java-8-oracle/jre/lib/i386:
SHELL=/bin/bash
DISPLAY=:0

Signal Handlers:
SIGSEGV: [libjvm.so+0xacbe10], sa_mask[0]=11111111011111111101111111111110, sa_flags=SA_RESTART|SA_SIGINFO
SIGBUS: [libjvm.so+0xacbe10], sa_mask[0]=11111111011111111101111111111110, sa_flags=SA_RESTART|SA_SIGINFO
SIGFPE: [libjvm.so+0x924f90], sa_mask[0]=11111111011111111101111111111110, sa_flags=SA_RESTART|SA_SIGINFO
SIGPIPE: [libjvm.so+0x924f90], sa_mask[0]=11111111011111111101111111111110, sa_flags=SA_RESTART|SA_SIGINFO
SIGXFSZ: [libjvm.so+0x924f90], sa_mask[0]=11111111011111111101111111111110, sa_flags=SA_RESTART|SA_SIGINFO
SIGILL: [libjvm.so+0x924f90], sa_mask[0]=11111111011111111101111111111110, sa_flags=SA_RESTART|SA_SIGINFO
SIGUSR1: SIG_DFL, sa_mask[0]=00000000000000000000000000000000, sa_flags=none
SIGUSR2: [libjvm.so+0x9267d0], sa_mask[0]=00100000000000000000000000000000, sa_flags=SA_RESTART|SA_SIGINFO
SIGHUP: [libjvm.so+0x927bd0], sa_mask[0]=11111111011111111101111111111110, sa_flags=SA_RESTART|SA_SIGINFO
SIGINT: SIG_IGN, sa_mask[0]=00000000000000000000000000000000, sa_flags=none
SIGTERM: [libjvm.so+0x927bd0], sa_mask[0]=11111111011111111101111111111110, sa_flags=SA_RESTART|SA_SIGINFO
SIGQUIT: [libjvm.so+0x927bd0], sa_mask[0]=11111111011111111101111111111110, sa_flags=SA_RESTART|SA_SIGINFO


---------------  S Y S T E M  ---------------

OS:DISTRIB_ID=Ubuntu
DISTRIB_RELEASE=17.04
DISTRIB_CODENAME=zesty
DISTRIB_DESCRIPTION="Ubuntu 17.04"

uname:Linux 4.10.0-38-generic #42-Ubuntu SMP Tue Oct 10 13:24:27 UTC 2017 x86_64
libc:glibc 2.24 NPTL 2.24 
rlimit: STACK 8192k, CORE 0k, NPROC 23666, NOFILE 1048576, AS infinity
load average:2.40 1.40 1.31

/proc/meminfo:
MemTotal:        6104256 kB
MemFree:           97140 kB
MemAvailable:       4108 kB
Buffers:            1580 kB
Cached:            63740 kB
SwapCached:         9644 kB
Active:          5000732 kB
Inactive:         725912 kB
Active(anon):    4987688 kB
Inactive(anon):   712584 kB
Active(file):      13044 kB
Inactive(file):    13328 kB
Unevictable:          32 kB
Mlocked:              32 kB
SwapTotal:       2097148 kB
SwapFree:              0 kB
Dirty:               188 kB
Writeback:             0 kB
AnonPages:       5654448 kB
Mapped:            56504 kB
Shmem:             38764 kB
Slab:             105948 kB
SReclaimable:      47380 kB
SUnreclaim:        58568 kB
KernelStack:       19852 kB
PageTables:        98660 kB
NFS_Unstable:          0 kB
Bounce:                0 kB
WritebackTmp:          0 kB
CommitLimit:     5149276 kB
Committed_AS:   16085812 kB
VmallocTotal:   34359738367 kB
VmallocUsed:           0 kB
VmallocChunk:          0 kB
HardwareCorrupted:     0 kB
AnonHugePages:   2781184 kB
ShmemHugePages:        0 kB
ShmemPmdMapped:        0 kB
CmaTotal:              0 kB
CmaFree:               0 kB
HugePages_Total:       0
HugePages_Free:        0
HugePages_Rsvd:        0
HugePages_Surp:        0
Hugepagesize:       2048 kB
DirectMap4k:      223152 kB
DirectMap2M:     6068224 kB


CPU:total 2 (initial active 2) (2 cores per cpu, 1 threads per core) family 6 model 70 stepping 1, cmov, cx8, fxsr, mmx, sse, sse2, sse3, ssse3, sse4.1, sse4.2, popcnt, avx, avx2, aes, clmul, erms, lzcnt, tsc, tscinvbit, bmi1, bmi2

/proc/cpuinfo:
processor	: 0
vendor_id	: GenuineIntel
cpu family	: 6
model		: 70
model name	: Intel(R) Core(TM) i7-4870HQ CPU @ 2.50GHz
stepping	: 1
microcode	: 0x13
cpu MHz		: 2494.226
cache size	: 6144 KB
physical id	: 0
siblings	: 2
core id		: 0
cpu cores	: 2
apicid		: 0
initial apicid	: 0
fpu		: yes
fpu_exception	: yes
cpuid level	: 13
wp		: yes
flags		: fpu vme de pse tsc msr pae mce cx8 apic sep mtrr pge mca cmov pat pse36 clflush mmx fxsr sse sse2 ss ht syscall nx rdtscp lm constant_tsc nopl xtopology nonstop_tsc pni pclmulqdq ssse3 fma cx16 pcid sse4_1 sse4_2 x2apic movbe popcnt tsc_deadline_timer aes xsave avx f16c rdrand hypervisor lahf_lm abm fsgsbase tsc_adjust bmi1 avx2 smep bmi2 invpcid xsaveopt dtherm arat pln pts
bugs		:
bogomips	: 4988.45
clflush size	: 64
cache_alignment	: 64
address sizes	: 36 bits physical, 48 bits virtual
power management:

processor	: 1
vendor_id	: GenuineIntel
cpu family	: 6
model		: 70
model name	: Intel(R) Core(TM) i7-4870HQ CPU @ 2.50GHz
stepping	: 1
microcode	: 0x13
cpu MHz		: 2494.226
cache size	: 6144 KB
physical id	: 0
siblings	: 2
core id		: 1
cpu cores	: 2
apicid		: 1
initial apicid	: 1
fpu		: yes
fpu_exception	: yes
cpuid level	: 13
wp		: yes
flags		: fpu vme de pse tsc msr pae mce cx8 apic sep mtrr pge mca cmov pat pse36 clflush mmx fxsr sse sse2 ss ht syscall nx rdtscp lm constant_tsc nopl xtopology nonstop_tsc pni pclmulqdq ssse3 fma cx16 pcid sse4_1 sse4_2 x2apic movbe popcnt tsc_deadline_timer aes xsave avx f16c rdrand hypervisor lahf_lm abm fsgsbase tsc_adjust bmi1 avx2 smep bmi2 invpcid xsaveopt dtherm arat pln pts
bugs		:
bogomips	: 4988.45
clflush size	: 64
cache_alignment	: 64
address sizes	: 36 bits physical, 48 bits virtual
power management:



Memory: 4k page, physical 6104256k(96992k free), swap 2097148k(0k free)

vm_info: Java HotSpot(TM) 64-Bit Server VM (25.151-b12) for linux-amd64 JRE (1.8.0_151-b12), built on Sep  5 2017 19:20:58 by "java_re" with gcc 4.3.0 20080428 (Red Hat 4.3.0-8)

time: Thu Nov 16 16:19:25 2017
elapsed time: 11 seconds (0d 0h 0m 11s)

