#
# There is insufficient memory for the Java Runtime Environment to continue.
# Native memory allocation (mmap) failed to map 68157440 bytes for committing reserved memory.
# Possible reasons:
#   The system is out of physical RAM or swap space
#   In 32 bit mode, the process size limit was hit
# Possible solutions:
#   Reduce memory load on the system
#   Increase physical memory or swap space
#   Check if swap backing store is full
#   Use 64 bit Java on a 64 bit OS
#   Decrease Java heap size (-Xmx/-Xms)
#   Decrease number of Java threads
#   Decrease Java thread stack sizes (-Xss)
#   Set larger code cache with -XX:ReservedCodeCacheSize=
# This output file may be truncated or incomplete.
#
#  Out of Memory Error (os_linux.cpp:2640), pid=16640, tid=0x00007f6f9bdfd700
#
# JRE version: Java(TM) SE Runtime Environment (8.0_144-b01) (build 1.8.0_144-b01)
# Java VM: Java HotSpot(TM) 64-Bit Server VM (25.144-b01 mixed mode linux-amd64 compressed oops)
# Failed to write core dump. Core dumps have been disabled. To enable core dumping, try "ulimit -c unlimited" before starting Java again
#

---------------  T H R E A D  ---------------

Current thread (0x00007f6fb00fa800):  VMThread [stack: 0x00007f6f9bcfd000,0x00007f6f9bdfe000] [id=16644]

Stack: [0x00007f6f9bcfd000,0x00007f6f9bdfe000],  sp=0x00007f6f9bdfc200,  free space=1020k
Native frames: (J=compiled Java code, j=interpreted, Vv=VM code, C=native code)
V  [libjvm.so+0xacb18a]  VMError::report_and_die()+0x2ba
V  [libjvm.so+0x4ff4db]  report_vm_out_of_memory(char const*, int, unsigned long, VMErrorType, char const*)+0x8b
V  [libjvm.so+0x927d23]  os::Linux::commit_memory_impl(char*, unsigned long, bool)+0x103
V  [libjvm.so+0x928279]  os::pd_commit_memory(char*, unsigned long, unsigned long, bool)+0x29
V  [libjvm.so+0x92249a]  os::commit_memory(char*, unsigned long, unsigned long, bool)+0x2a
V  [libjvm.so+0x996ff3]  PSVirtualSpace::expand_by(unsigned long)+0x53
V  [libjvm.so+0x9983f8]  PSYoungGen::resize_generation(unsigned long, unsigned long)+0xf8
V  [libjvm.so+0x997552]  PSYoungGen::resize(unsigned long, unsigned long)+0x22
V  [libjvm.so+0x99482b]  PSScavenge::invoke_no_policy()+0xf3b
V  [libjvm.so+0x98fad5]  PSParallelCompact::invoke(bool)+0x85
V  [libjvm.so+0x485f14]  CollectedHeap::collect_as_vm_thread(GCCause::Cause)+0x114
V  [libjvm.so+0xacc601]  VM_CollectForMetadataAllocation::doit()+0x161
V  [libjvm.so+0xad4685]  VM_Operation::evaluate()+0x55
V  [libjvm.so+0xad2a5a]  VMThread::evaluate_operation(VM_Operation*)+0xba
V  [libjvm.so+0xad2dde]  VMThread::loop()+0x1ce
V  [libjvm.so+0xad3250]  VMThread::run()+0x70
V  [libjvm.so+0x92a338]  java_start(Thread*)+0x108

VM_Operation (0x00007f6fb9c22600): CollectForMetadataAllocation, mode: safepoint, requested by thread 0x00007f6fb000a000


---------------  P R O C E S S  ---------------

Java Threads: ( => current thread )
  0x00007f6fb0149800 JavaThread "Service Thread" daemon [_thread_blocked, id=16650, stack(0x00007f6f9b41c000,0x00007f6f9b51d000)]
  0x00007f6fb013e800 JavaThread "C1 CompilerThread1" daemon [_thread_blocked, id=16649, stack(0x00007f6f9b51d000,0x00007f6f9b61e000)]
  0x00007f6fb013b800 JavaThread "C2 CompilerThread0" daemon [_thread_blocked, id=16648, stack(0x00007f6f9b61e000,0x00007f6f9b71f000)]
  0x00007f6fb0137800 JavaThread "Signal Dispatcher" daemon [_thread_blocked, id=16647, stack(0x00007f6f9b71f000,0x00007f6f9b820000)]
  0x00007f6fb0107000 JavaThread "Finalizer" daemon [_thread_blocked, id=16646, stack(0x00007f6f9bafb000,0x00007f6f9bbfc000)]
  0x00007f6fb0102800 JavaThread "Reference Handler" daemon [_thread_blocked, id=16645, stack(0x00007f6f9bbfc000,0x00007f6f9bcfd000)]
  0x00007f6fb000a000 JavaThread "main" [_thread_blocked, id=16641, stack(0x00007f6fb9b2a000,0x00007f6fb9c2b000)]

Other Threads:
=>0x00007f6fb00fa800 VMThread [stack: 0x00007f6f9bcfd000,0x00007f6f9bdfe000] [id=16644]
  0x00007f6fb014c000 WatcherThread [stack: 0x00007f6f9b31b000,0x00007f6f9b41c000] [id=16651]

VM state:at safepoint (normal execution)

VM Mutex/Monitor currently owned by a thread:  ([mutex/lock_event])
[0x00007f6fb0006070] Threads_lock - owner thread: 0x00007f6fb00fa800
[0x00007f6fb0006570] Heap_lock - owner thread: 0x00007f6fb000a000

Heap:
 PSYoungGen      total 69120K, used 6133K [0x00000000eb700000, 0x00000000f0100000, 0x0000000100000000)
  eden space 62976K, 0% used [0x00000000eb700000,0x00000000eb700000,0x00000000ef480000)
  from space 6144K, 99% used [0x00000000ef480000,0x00000000efa7d688,0x00000000efa80000)
  to   space 5632K, 0% used [0x00000000efa80000,0x00000000efa80000,0x00000000f0000000)
 ParOldGen       total 42496K, used 7163K [0x00000000c2400000, 0x00000000c4d80000, 0x00000000eb700000)
  object space 42496K, 16% used [0x00000000c2400000,0x00000000c2afefb8,0x00000000c4d80000)
 Metaspace       used 20872K, capacity 21188K, committed 21296K, reserved 1069056K
  class space    used 2471K, capacity 2572K, committed 2608K, reserved 1048576K

Card table byte_map: [0x00007f6fb66e6000,0x00007f6fb68d5000] byte_map_base: 0x00007f6fb60d4000

Marking Bits: (ParMarkBitMap*) 0x00007f6fb9005dc0
 Begin Bits: [0x00007f6fb44ba000, 0x00007f6fb542a000)
 End Bits:   [0x00007f6fb542a000, 0x00007f6fb639a000)

Polling page: 0x00007f6fb9c53000

CodeCache: size=245760Kb used=7780Kb max_used=7790Kb free=237979Kb
 bounds [0x00007f6fa1000000, 0x00007f6fa17b0000, 0x00007f6fb0000000]
 total_blobs=2830 nmethods=2425 adapters=318
 compilation: enabled

Compilation events (10 events):
Event: 9.781 Thread 0x00007f6fb013e800 nmethod 2429 0x00007f6fa179cb90 code [0x00007f6fa179cd20, 0x00007f6fa179d108]
Event: 9.784 Thread 0x00007f6fb013b800 2430       4       java.io.UnixFileSystem::getBooleanAttributes (49 bytes)
Event: 9.786 Thread 0x00007f6fb013b800 nmethod 2430 0x00007f6fa179fc90 code [0x00007f6fa179fe00, 0x00007f6fa179ff38]
Event: 9.802 Thread 0x00007f6fb013e800 2431       3       java.io.ExpiringCache::entryFor (57 bytes)
Event: 9.802 Thread 0x00007f6fb013e800 nmethod 2431 0x00007f6fa179c2d0 code [0x00007f6fa179c480, 0x00007f6fa179c9d8]
Event: 9.812 Thread 0x00007f6fb013b800 2432       4       java.lang.String::toLowerCase (8 bytes)
Event: 9.813 Thread 0x00007f6fb013b800 nmethod 2432 0x00007f6fa179e450 code [0x00007f6fa179e5a0, 0x00007f6fa179e648]
Event: 9.826 Thread 0x00007f6fb013b800 2433   !   4       java.lang.ClassLoader::loadClass (122 bytes)
Event: 9.845 Thread 0x00007f6fb013e800 2434       3       java.lang.Package::<init> (56 bytes)
Event: 9.845 Thread 0x00007f6fb013e800 nmethod 2434 0x00007f6fa179be10 code [0x00007f6fa179bf80, 0x00007f6fa179c1f0]

GC Heap History (10 events):
Event: 1.628 GC heap after
Heap after GC invocations=2 (full 0):
 PSYoungGen      total 18432K, used 2531K [0x00000000eb700000, 0x00000000ecb80000, 0x0000000100000000)
  eden space 15872K, 0% used [0x00000000eb700000,0x00000000eb700000,0x00000000ec680000)
  from space 2560K, 98% used [0x00000000ec900000,0x00000000ecb78c10,0x00000000ecb80000)
  to   space 2560K, 0% used [0x00000000ec680000,0x00000000ec680000,0x00000000ec900000)
 ParOldGen       total 42496K, used 1026K [0x00000000c2400000, 0x00000000c4d80000, 0x00000000eb700000)
  object space 42496K, 2% used [0x00000000c2400000,0x00000000c2500a78,0x00000000c4d80000)
 Metaspace       used 9441K, capacity 9686K, committed 9856K, reserved 1058816K
  class space    used 1023K, capacity 1067K, committed 1152K, reserved 1048576K
}
Event: 1.893 GC heap before
{Heap before GC invocations=3 (full 0):
 PSYoungGen      total 18432K, used 18403K [0x00000000eb700000, 0x00000000ecb80000, 0x0000000100000000)
  eden space 15872K, 100% used [0x00000000eb700000,0x00000000ec680000,0x00000000ec680000)
  from space 2560K, 98% used [0x00000000ec900000,0x00000000ecb78c10,0x00000000ecb80000)
  to   space 2560K, 0% used [0x00000000ec680000,0x00000000ec680000,0x00000000ec900000)
 ParOldGen       total 42496K, used 1026K [0x00000000c2400000, 0x00000000c4d80000, 0x00000000eb700000)
  object space 42496K, 2% used [0x00000000c2400000,0x00000000c2500a78,0x00000000c4d80000)
 Metaspace       used 10595K, capacity 10844K, committed 11008K, reserved 1058816K
  class space    used 1191K, capacity 1260K, committed 1280K, reserved 1048576K
Event: 1.907 GC heap after
Heap after GC invocations=3 (full 0):
 PSYoungGen      total 18432K, used 2544K [0x00000000eb700000, 0x00000000edb00000, 0x0000000100000000)
  eden space 15872K, 0% used [0x00000000eb700000,0x00000000eb700000,0x00000000ec680000)
  from space 2560K, 99% used [0x00000000ec680000,0x00000000ec8fc000,0x00000000ec900000)
  to   space 2560K, 0% used [0x00000000ed880000,0x00000000ed880000,0x00000000edb00000)
 ParOldGen       total 42496K, used 2035K [0x00000000c2400000, 0x00000000c4d80000, 0x00000000eb700000)
  object space 42496K, 4% used [0x00000000c2400000,0x00000000c25fcc90,0x00000000c4d80000)
 Metaspace       used 10595K, capacity 10844K, committed 11008K, reserved 1058816K
  class space    used 1191K, capacity 1260K, committed 1280K, reserved 1048576K
}
Event: 2.236 GC heap before
{Heap before GC invocations=4 (full 0):
 PSYoungGen      total 18432K, used 18416K [0x00000000eb700000, 0x00000000edb00000, 0x0000000100000000)
  eden space 15872K, 100% used [0x00000000eb700000,0x00000000ec680000,0x00000000ec680000)
  from space 2560K, 99% used [0x00000000ec680000,0x00000000ec8fc000,0x00000000ec900000)
  to   space 2560K, 0% used [0x00000000ed880000,0x00000000ed880000,0x00000000edb00000)
 ParOldGen       total 42496K, used 2035K [0x00000000c2400000, 0x00000000c4d80000, 0x00000000eb700000)
  object space 42496K, 4% used [0x00000000c2400000,0x00000000c25fcc90,0x00000000c4d80000)
 Metaspace       used 11496K, capacity 11752K, committed 11904K, reserved 1060864K
  class space    used 1317K, capacity 1390K, committed 1408K, reserved 1048576K
Event: 2.247 GC heap after
Heap after GC invocations=4 (full 0):
 PSYoungGen      total 34304K, used 2542K [0x00000000eb700000, 0x00000000edb00000, 0x0000000100000000)
  eden space 31744K, 0% used [0x00000000eb700000,0x00000000eb700000,0x00000000ed600000)
  from space 2560K, 99% used [0x00000000ed880000,0x00000000edafbb50,0x00000000edb00000)
  to   space 2560K, 0% used [0x00000000ed600000,0x00000000ed600000,0x00000000ed880000)
 ParOldGen       total 42496K, used 2905K [0x00000000c2400000, 0x00000000c4d80000, 0x00000000eb700000)
  object space 42496K, 6% used [0x00000000c2400000,0x00000000c26d6650,0x00000000c4d80000)
 Metaspace       used 11496K, capacity 11752K, committed 11904K, reserved 1060864K
  class space    used 1317K, capacity 1390K, committed 1408K, reserved 1048576K
}
Event: 3.727 GC heap before
{Heap before GC invocations=5 (full 0):
 PSYoungGen      total 34304K, used 34286K [0x00000000eb700000, 0x00000000edb00000, 0x0000000100000000)
  eden space 31744K, 100% used [0x00000000eb700000,0x00000000ed600000,0x00000000ed600000)
  from space 2560K, 99% used [0x00000000ed880000,0x00000000edafbb50,0x00000000edb00000)
  to   space 2560K, 0% used [0x00000000ed600000,0x00000000ed600000,0x00000000ed880000)
 ParOldGen       total 42496K, used 2905K [0x00000000c2400000, 0x00000000c4d80000, 0x00000000eb700000)
  object space 42496K, 6% used [0x00000000c2400000,0x00000000c26d6650,0x00000000c4d80000)
 Metaspace       used 13867K, capacity 14164K, committed 14336K, reserved 1062912K
  class space    used 1608K, capacity 1680K, committed 1792K, reserved 1048576K
Event: 3.735 GC heap after
Heap after GC invocations=5 (full 0):
 PSYoungGen      total 34304K, used 2528K [0x00000000eb700000, 0x00000000f0000000, 0x0000000100000000)
  eden space 31744K, 0% used [0x00000000eb700000,0x00000000eb700000,0x00000000ed600000)
  from space 2560K, 98% used [0x00000000ed600000,0x00000000ed878080,0x00000000ed880000)
  to   space 5632K, 0% used [0x00000000efa80000,0x00000000efa80000,0x00000000f0000000)
 ParOldGen       total 42496K, used 5269K [0x00000000c2400000, 0x00000000c4d80000, 0x00000000eb700000)
  object space 42496K, 12% used [0x00000000c2400000,0x00000000c2925530,0x00000000c4d80000)
 Metaspace       used 13867K, capacity 14164K, committed 14336K, reserved 1062912K
  class space    used 1608K, capacity 1680K, committed 1792K, reserved 1048576K
}
Event: 4.884 GC heap before
{Heap before GC invocations=6 (full 0):
 PSYoungGen      total 34304K, used 34272K [0x00000000eb700000, 0x00000000f0000000, 0x0000000100000000)
  eden space 31744K, 100% used [0x00000000eb700000,0x00000000ed600000,0x00000000ed600000)
  from space 2560K, 98% used [0x00000000ed600000,0x00000000ed878080,0x00000000ed880000)
  to   space 5632K, 0% used [0x00000000efa80000,0x00000000efa80000,0x00000000f0000000)
 ParOldGen       total 42496K, used 5269K [0x00000000c2400000, 0x00000000c4d80000, 0x00000000eb700000)
  object space 42496K, 12% used [0x00000000c2400000,0x00000000c2925530,0x00000000c4d80000)
 Metaspace       used 17387K, capacity 17774K, committed 18048K, reserved 1064960K
  class space    used 2051K, capacity 2132K, committed 2176K, reserved 1048576K
Event: 4.901 GC heap after
Heap after GC invocations=6 (full 0):
 PSYoungGen      total 68608K, used 5293K [0x00000000eb700000, 0x00000000f0100000, 0x0000000100000000)
  eden space 62976K, 0% used [0x00000000eb700000,0x00000000eb700000,0x00000000ef480000)
  from space 5632K, 93% used [0x00000000efa80000,0x00000000effab5d8,0x00000000f0000000)
  to   space 6144K, 0% used [0x00000000ef480000,0x00000000ef480000,0x00000000efa80000)
 ParOldGen       total 42496K, used 5277K [0x00000000c2400000, 0x00000000c4d80000, 0x00000000eb700000)
  object space 42496K, 12% used [0x00000000c2400000,0x00000000c2927530,0x00000000c4d80000)
 Metaspace       used 17387K, capacity 17774K, committed 18048K, reserved 1064960K
  class space    used 2051K, capacity 2132K, committed 2176K, reserved 1048576K
}
Event: 9.867 GC heap before
{Heap before GC invocations=7 (full 0):
 PSYoungGen      total 68608K, used 60298K [0x00000000eb700000, 0x00000000f0100000, 0x0000000100000000)
  eden space 62976K, 87% used [0x00000000eb700000,0x00000000eecb73a0,0x00000000ef480000)
  from space 5632K, 93% used [0x00000000efa80000,0x00000000effab5d8,0x00000000f0000000)
  to   space 6144K, 0% used [0x00000000ef480000,0x00000000ef480000,0x00000000efa80000)
 ParOldGen       total 42496K, used 5277K [0x00000000c2400000, 0x00000000c4d80000, 0x00000000eb700000)
  object space 42496K, 12% used [0x00000000c2400000,0x00000000c2927530,0x00000000c4d80000)
 Metaspace       used 20872K, capacity 21188K, committed 21296K, reserved 1069056K
  class space    used 2471K, capacity 2572K, committed 2608K, reserved 1048576K

Deoptimization events (10 events):
Event: 5.267 Thread 0x00007f6fb000a000 Uncommon trap: reason=class_check action=maybe_recompile pc=0x00007f6fa142db84 method=java.util.jar.JarFile.getJarEntry(Ljava/lang/String;)Ljava/util/jar/JarEntry; @ 2
Event: 5.267 Thread 0x00007f6fb000a000 Uncommon trap: reason=class_check action=maybe_recompile pc=0x00007f6fa142db84 method=java.util.jar.JarFile.getJarEntry(Ljava/lang/String;)Ljava/util/jar/JarEntry; @ 2
Event: 6.293 Thread 0x00007f6fb000a000 Uncommon trap: reason=unstable_if action=reinterpret pc=0x00007f6fa12717e0 method=sun.nio.cs.UTF_8$Decoder.decode([BII[C)I @ 30
Event: 6.969 Thread 0x00007f6fb000a000 Uncommon trap: reason=unstable_if action=reinterpret pc=0x00007f6fa14f1acc method=java.lang.ThreadLocal$ThreadLocalMap.getEntry(Ljava/lang/ThreadLocal;)Ljava/lang/ThreadLocal$ThreadLocalMap$Entry; @ 29
Event: 7.002 Thread 0x00007f6fb000a000 Uncommon trap: reason=unstable_if action=reinterpret pc=0x00007f6fa14f2f6c method=java.lang.ThreadLocal$ThreadLocalMap.getEntry(Ljava/lang/ThreadLocal;)Ljava/lang/ThreadLocal$ThreadLocalMap$Entry; @ 29
Event: 7.690 Thread 0x00007f6fb000a000 Uncommon trap: reason=unstable_if action=reinterpret pc=0x00007f6fa141d99c method=java.util.regex.Pattern$BitClass.isSatisfiedBy(I)Z @ 4
Event: 7.691 Thread 0x00007f6fb000a000 Uncommon trap: reason=unstable_if action=reinterpret pc=0x00007f6fa1596fe0 method=java.lang.Character.isHighSurrogate(C)Z @ 3
Event: 7.692 Thread 0x00007f6fb000a000 Uncommon trap: reason=unstable_if action=reinterpret pc=0x00007f6fa15e27b0 method=java.util.regex.Pattern$Curly.match0(Ljava/util/regex/Matcher;IILjava/lang/CharSequence;)Z @ 66
Event: 7.796 Thread 0x00007f6fb000a000 Uncommon trap: reason=unstable_if action=reinterpret pc=0x00007f6fa1173f24 method=sun.nio.cs.UTF_8$Encoder.encode([CII[B)I @ 33
Event: 7.818 Thread 0x00007f6fb000a000 Uncommon trap: reason=unstable_if action=reinterpret pc=0x00007f6fa16c5b5c method=sun.nio.cs.UTF_8$Encoder.encodeArrayLoop(Ljava/nio/CharBuffer;Ljava/nio/ByteBuffer;)Ljava/nio/charset/CoderResult; @ 87

Internal exceptions (10 events):
Event: 8.411 Thread 0x00007f6fb000a000 Exception <a 'java/security/PrivilegedActionException'> (0x00000000ed2d3df0) thrown at [/HUDSON3/workspace/8-2-build-linux-amd64/jdk8u144/9417/hotspot/src/share/vm/prims/jvm.cpp, line 1390]
Event: 8.411 Thread 0x00007f6fb000a000 Exception <a 'java/security/PrivilegedActionException'> (0x00000000ed2d41e8) thrown at [/HUDSON3/workspace/8-2-build-linux-amd64/jdk8u144/9417/hotspot/src/share/vm/prims/jvm.cpp, line 1390]
Event: 8.428 Thread 0x00007f6fb000a000 Exception <a 'java/security/PrivilegedActionException'> (0x00000000ed375978) thrown at [/HUDSON3/workspace/8-2-build-linux-amd64/jdk8u144/9417/hotspot/src/share/vm/prims/jvm.cpp, line 1390]
Event: 8.428 Thread 0x00007f6fb000a000 Exception <a 'java/security/PrivilegedActionException'> (0x00000000ed375d70) thrown at [/HUDSON3/workspace/8-2-build-linux-amd64/jdk8u144/9417/hotspot/src/share/vm/prims/jvm.cpp, line 1390]
Event: 9.706 Thread 0x00007f6fb000a000 Exception <a 'java/lang/NullPointerException'> (0x00000000ee7a1108) thrown at [/HUDSON3/workspace/8-2-build-linux-amd64/jdk8u144/9417/hotspot/src/share/vm/interpreter/linkResolver.cpp, line 1299]
Event: 9.714 Thread 0x00007f6fb000a000 Exception <a 'java/lang/reflect/InvocationTargetException'> (0x00000000ee7f6f20) thrown at [/HUDSON3/workspace/8-2-build-linux-amd64/jdk8u144/9417/hotspot/src/share/vm/runtime/reflection.cpp, line 1092]
Event: 9.715 Thread 0x00007f6fb000a000 Exception <a 'java/lang/reflect/InvocationTargetException'> (0x00000000ee7f9a70) thrown at [/HUDSON3/workspace/8-2-build-linux-amd64/jdk8u144/9417/hotspot/src/share/vm/runtime/reflection.cpp, line 1092]
Event: 9.715 Thread 0x00007f6fb000a000 Exception <a 'java/lang/reflect/InvocationTargetException'> (0x00000000ee7fcd60) thrown at [/HUDSON3/workspace/8-2-build-linux-amd64/jdk8u144/9417/hotspot/src/share/vm/runtime/reflection.cpp, line 1092]
Event: 9.796 Thread 0x00007f6fb000a000 Exception <a 'java/security/PrivilegedActionException'> (0x00000000ee8d96d0) thrown at [/HUDSON3/workspace/8-2-build-linux-amd64/jdk8u144/9417/hotspot/src/share/vm/prims/jvm.cpp, line 1390]
Event: 9.797 Thread 0x00007f6fb000a000 Exception <a 'java/security/PrivilegedActionException'> (0x00000000ee8d9ac8) thrown at [/HUDSON3/workspace/8-2-build-linux-amd64/jdk8u144/9417/hotspot/src/share/vm/prims/jvm.cpp, line 1390]

Events (10 events):
Event: 9.850 loading class org/glassfish/hk2/utilities/binding/BindingBuilder done
Event: 9.851 loading class org/glassfish/hk2/utilities/binding/ScopedBindingBuilder
Event: 9.851 loading class org/glassfish/hk2/utilities/binding/ScopedBindingBuilder done
Event: 9.854 loading class org/glassfish/hk2/api/HK2Loader
Event: 9.854 loading class org/glassfish/hk2/api/HK2Loader done
Event: 9.857 loading class org/glassfish/jersey/internal/inject/Injections
Event: 9.857 loading class org/glassfish/jersey/internal/inject/Injections done
Event: 9.859 loading class org/glassfish/hk2/api/MultiException
Event: 9.859 loading class org/glassfish/hk2/api/MultiException done
Event: 9.865 Executing VM operation: CollectForMetadataAllocation


Dynamic libraries:
00400000-00401000 r-xp 00000000 08:01 2106691                            /usr/lib/jvm/java-8-oracle/jre/bin/java
00600000-00601000 rw-p 00000000 08:01 2106691                            /usr/lib/jvm/java-8-oracle/jre/bin/java
00a55000-00a76000 rw-p 00000000 00:00 0                                  [heap]
c2400000-c4d80000 rw-p 00000000 00:00 0 
c4d80000-eb700000 ---p 00000000 00:00 0 
eb700000-f0100000 rw-p 00000000 00:00 0 
f4200000-100000000 ---p 00000000 00:00 0 
100000000-10028c000 rw-p 00000000 00:00 0 
10028c000-140000000 ---p 00000000 00:00 0 
7f6f70fff000-7f6f74000000 rw-p 00000000 00:00 0 
7f6f74000000-7f6f74021000 rw-p 00000000 00:00 0 
7f6f74021000-7f6f78000000 ---p 00000000 00:00 0 
7f6f78000000-7f6f78021000 rw-p 00000000 00:00 0 
7f6f78021000-7f6f7c000000 ---p 00000000 00:00 0 
7f6f7c000000-7f6f7c98f000 rw-p 00000000 00:00 0 
7f6f7c98f000-7f6f80000000 ---p 00000000 00:00 0 
7f6f80000000-7f6f80653000 rw-p 00000000 00:00 0 
7f6f80653000-7f6f84000000 ---p 00000000 00:00 0 
7f6f84000000-7f6f84021000 rw-p 00000000 00:00 0 
7f6f84021000-7f6f88000000 ---p 00000000 00:00 0 
7f6f88000000-7f6f88021000 rw-p 00000000 00:00 0 
7f6f88021000-7f6f8c000000 ---p 00000000 00:00 0 
7f6f8c000000-7f6f8c28e000 rw-p 00000000 00:00 0 
7f6f8c28e000-7f6f90000000 ---p 00000000 00:00 0 
7f6f90000000-7f6f90021000 rw-p 00000000 00:00 0 
7f6f90021000-7f6f94000000 ---p 00000000 00:00 0 
7f6f94000000-7f6f94021000 rw-p 00000000 00:00 0 
7f6f94021000-7f6f98000000 ---p 00000000 00:00 0 
7f6f99900000-7f6f99940000 rw-p 00000000 00:00 0 
7f6f99940000-7f6f99b00000 ---p 00000000 00:00 0 
7f6f99b00000-7f6f99d00000 rw-p 00000000 00:00 0 
7f6f99d00000-7f6f99d16000 r-xp 00000000 08:01 660263                     /lib/x86_64-linux-gnu/libgcc_s.so.1
7f6f99d16000-7f6f99f15000 ---p 00016000 08:01 660263                     /lib/x86_64-linux-gnu/libgcc_s.so.1
7f6f99f15000-7f6f99f16000 r--p 00015000 08:01 660263                     /lib/x86_64-linux-gnu/libgcc_s.so.1
7f6f99f16000-7f6f99f17000 rw-p 00016000 08:01 660263                     /lib/x86_64-linux-gnu/libgcc_s.so.1
7f6f99f37000-7f6f99f38000 r--s 00000000 08:01 1185946                    /home/madunlap/Documents/github/dataverse/src/main/webapp/resources/images/cc0.png
7f6f99f38000-7f6f99f3e000 r--s 0003f000 08:01 2106530                    /usr/lib/jvm/java-8-oracle/jre/lib/ext/sunjce_provider.jar
7f6f99f3e000-7f6f99f70000 r-xp 00000000 08:01 2106466                    /usr/lib/jvm/java-8-oracle/jre/lib/amd64/libsunec.so
7f6f99f70000-7f6f9a16f000 ---p 00032000 08:01 2106466                    /usr/lib/jvm/java-8-oracle/jre/lib/amd64/libsunec.so
7f6f9a16f000-7f6f9a175000 rw-p 00031000 08:01 2106466                    /usr/lib/jvm/java-8-oracle/jre/lib/amd64/libsunec.so
7f6f9a175000-7f6f9a385000 rw-p 00000000 00:00 0 
7f6f9a385000-7f6f9a585000 rw-p 00000000 00:00 0 
7f6f9a585000-7f6f9a785000 rw-p 00000000 00:00 0 
7f6f9a785000-7f6f9a985000 rw-p 00000000 00:00 0 
7f6f9a985000-7f6f9a998000 r--s 00345000 08:01 1976712                    /usr/lib/jvm/java-8-oracle/jre/lib/resources.jar
7f6f9a998000-7f6f9a9b4000 r--s 00393000 08:01 2106535                    /usr/lib/jvm/java-8-oracle/jre/lib/ext/cldrdata.jar
7f6f9a9b4000-7f6f9a9be000 r--s 00116000 08:01 2106532                    /usr/lib/jvm/java-8-oracle/jre/lib/ext/localedata.jar
7f6f9a9be000-7f6f9a9c0000 r--s 00009000 08:01 2106529                    /usr/lib/jvm/java-8-oracle/jre/lib/ext/sunec.jar
7f6f9a9c0000-7f6f9a9c3000 r--s 0001a000 08:01 1976716                    /usr/lib/jvm/java-8-oracle/jre/lib/jce.jar
7f6f9a9c3000-7f6f9a9d4000 r-xp 00000000 08:01 2106483                    /usr/lib/jvm/java-8-oracle/jre/lib/amd64/libnio.so
7f6f9a9d4000-7f6f9abd3000 ---p 00011000 08:01 2106483                    /usr/lib/jvm/java-8-oracle/jre/lib/amd64/libnio.so
7f6f9abd3000-7f6f9abd4000 rw-p 00010000 08:01 2106483                    /usr/lib/jvm/java-8-oracle/jre/lib/amd64/libnio.so
7f6f9abd4000-7f6f9abea000 r-xp 00000000 08:01 2106458                    /usr/lib/jvm/java-8-oracle/jre/lib/amd64/libnet.so
7f6f9abea000-7f6f9adea000 ---p 00016000 08:01 2106458                    /usr/lib/jvm/java-8-oracle/jre/lib/amd64/libnet.so
7f6f9adea000-7f6f9adeb000 rw-p 00016000 08:01 2106458                    /usr/lib/jvm/java-8-oracle/jre/lib/amd64/libnet.so
7f6f9adeb000-7f6f9adf0000 r--s 0009a000 08:01 1976643                    /usr/lib/jvm/java-8-oracle/jre/lib/jsse.jar
7f6f9adf0000-7f6f9adf2000 r--s 00007000 08:01 791719                     /home/madunlap/.m2/repository/org/apache/maven/surefire/surefire-junit4/2.10/surefire-junit4-2.10.jar
7f6f9adf2000-7f6f9adf4000 r--s 0000b000 08:01 921145                     /home/madunlap/.m2/repository/org/json/json/20160212/json-20160212.jar
7f6f9adf4000-7f6f9adf6000 r--s 00009000 08:01 921147                     /home/madunlap/.m2/repository/com/mashape/unirest/unirest-java/1.4.9/unirest-java-1.4.9.jar
7f6f9adf6000-7f6f9adf8000 r--s 0000e000 08:01 921141                     /home/madunlap/.m2/repository/org/jvnet/mimepull/mimepull/1.9.6/mimepull-1.9.6.jar
7f6f9adf8000-7f6f9adfb000 r--s 0000e000 08:01 921143                     /home/madunlap/.m2/repository/org/glassfish/jersey/media/jersey-media-multipart/2.23.2/jersey-media-multipart-2.23.2.jar
7f6f9adfb000-7f6f9adff000 r--s 00019000 08:01 921137                     /home/madunlap/.m2/repository/javax/ws/rs/javax.ws.rs-api/2.0.1/javax.ws.rs-api-2.0.1.jar
7f6f9adff000-7f6f9ae01000 r--s 00010000 08:01 921134                     /home/madunlap/.m2/repository/org/glassfish/jersey/media/jersey-media-jaxb/2.23.2/jersey-media-jaxb-2.23.2.jar
7f6f9ae01000-7f6f9ae06000 r--s 00025000 08:01 921138                     /home/madunlap/.m2/repository/org/glassfish/jersey/core/jersey-client/2.23.2/jersey-client-2.23.2.jar
7f6f9ae06000-7f6f9ae1c000 r--s 000d3000 08:01 921133                     /home/madunlap/.m2/repository/org/glassfish/jersey/core/jersey-server/2.23.2/jersey-server-2.23.2.jar
7f6f9ae1c000-7f6f9ae1d000 r--s 00004000 08:01 921129                     /home/madunlap/.m2/repository/org/glassfish/hk2/osgi-resource-locator/1.0.1/osgi-resource-locator-1.0.1.jar
7f6f9ae1d000-7f6f9ae27000 r--s 000ae000 08:01 921127                     /home/madunlap/.m2/repository/org/javassist/javassist/3.20.0-GA/javassist-3.20.0-GA.jar
7f6f9ae27000-7f6f9ae2a000 r--s 0002a000 08:01 921123                     /home/madunlap/.m2/repository/org/glassfish/hk2/hk2-locator/2.5.0-b05/hk2-locator-2.5.0-b05.jar
7f6f9ae2a000-7f6f9ae2c000 r--s 00002000 08:01 921128                     /home/madunlap/.m2/repository/org/glassfish/hk2/external/aopalliance-repackaged/2.5.0-b05/aopalliance-repackaged-2.5.0-b05.jar
7f6f9ae2c000-7f6f9ae30000 r--s 0001a000 08:01 921125                     /home/madunlap/.m2/repository/org/glassfish/hk2/hk2-utils/2.5.0-b05/hk2-utils-2.5.0-b05.jar
7f6f9ae30000-7f6f9ae35000 r--s 00027000 08:01 921118                     /home/madunlap/.m2/repository/org/glassfish/hk2/hk2-api/2.5.0-b05/hk2-api-2.5.0-b05.jar
7f6f9ae35000-7f6f9ae4d000 r--s 000d6000 08:01 921120                     /home/madunlap/.m2/repository/org/glassfish/jersey/bundles/repackaged/jersey-guava/2.23.2/jersey-guava-2.23.2.jar
7f6f9ae4d000-7f6f9ae4f000 r--s 00005000 08:01 921116                     /home/madunlap/.m2/repository/javax/annotation/javax.annotation-api/1.2/javax.annotation-api-1.2.jar
7f6f9ae4f000-7f6f9ae5e000 r--s 000a0000 08:01 921111                     /home/madunlap/.m2/repository/org/glassfish/jersey/core/jersey-common/2.23.2/jersey-common-2.23.2.jar
7f6f9ae5e000-7f6f9ae5f000 r--s 00001000 08:01 921113                     /home/madunlap/.m2/repository/org/glassfish/hk2/external/javax.inject/2.5.0-b05/javax.inject-2.5.0-b05.jar
7f6f9ae5f000-7f6f9ae62000 r--s 0000e000 08:01 921110                     /home/madunlap/.m2/repository/org/glassfish/jersey/containers/jersey-container-servlet-core/2.23.2/jersey-container-servlet-core-2.23.2.jar
7f6f9ae62000-7f6f9ae64000 r--s 00003000 08:01 921107                     /home/madunlap/.m2/repository/org/glassfish/jersey/containers/jersey-container-servlet/2.23.2/jersey-container-servlet-2.23.2.jar
7f6f9ae64000-7f6f9ae66000 r--s 00008000 08:01 921112                     /home/madunlap/.m2/repository/com/google/auto/auto-common/0.3/auto-common-0.3.jar
7f6f9ae66000-7f6f9ae67000 r--s 00002000 08:01 921105                     /home/madunlap/.m2/repository/com/google/auto/service/auto-service/1.0-rc2/auto-service-1.0-rc2.jar
7f6f9ae67000-7f6f9ae69000 r--s 0000c000 08:01 921153                     /home/madunlap/.m2/repository/com/lyncode/xoai-service-provider/4.1.0-header-patch/xoai-service-provider-4.1.0-header-patch.jar
7f6f9ae69000-7f6f9ae77000 r--s 0007f000 08:01 791424                     /home/madunlap/.m2/repository/commons-collections/commons-collections/3.2.1/commons-collections-3.2.1.jar
7f6f9ae77000-7f6f9ae78000 r--s 00001000 08:01 921104                     /home/madunlap/.m2/repository/com/lyncode/builder-commons/1.0.2/builder-commons-1.0.2.jar
7f6f9ae78000-7f6f9ae7b000 r--s 00012000 08:01 921152                     /home/madunlap/.m2/repository/com/lyncode/xoai-data-provider/4.1.0-header-patch/xoai-data-provider-4.1.0-header-patch.jar
7f6f9ae7b000-7f6f9ae7d000 r--s 00005000 08:01 791390                     /home/madunlap/.m2/repository/stax/stax-api/1.0.1/stax-api-1.0.1.jar
7f6f9ae7d000-7f6f9ae83000 r--s 00048000 08:01 921101                     /home/madunlap/.m2/repository/org/apache/commons/commons-lang3/3.1/commons-lang3-3.1.jar
7f6f9ae83000-7f6f9ae85000 r--s 00004000 08:01 921097                     /home/madunlap/.m2/repository/javax/xml/stream/stax-api/1.0-2/stax-api-1.0-2.jar
7f6f9ae85000-7f6f9ae89000 r--s 00029000 08:01 921098                     /home/madunlap/.m2/repository/org/codehaus/woodstox/stax2-api/3.0.4/stax2-api-3.0.4.jar
7f6f9ae89000-7f6f9ae8f000 r--s 00045000 08:01 921095                     /home/madunlap/.m2/repository/org/hamcrest/hamcrest-all/1.3/hamcrest-all-1.3.jar
7f6f9ae8f000-7f6f9ae94000 r--s 00016000 08:01 791388                     /home/madunlap/.m2/repository/xml-apis/xml-apis/1.0.b2/xml-apis-1.0.b2.jar
7f6f9ae94000-7f6f9ae95000 r--s 00003000 08:01 921092                     /home/madunlap/.m2/repository/com/lyncode/test-support/1.0.4/test-support-1.0.4.jar
7f6f9ae95000-7f6f9ae97000 r--s 00004000 08:01 921090                     /home/madunlap/.m2/repository/com/lyncode/xml-io/1.0.3/xml-io-1.0.3.jar
7f6f9ae97000-7f6f9ae99000 r--s 0000d000 08:01 921151                     /home/madunlap/.m2/repository/com/lyncode/xoai-common/4.1.0-header-patch/xoai-common-4.1.0-header-patch.jar
7f6f9ae99000-7f6f9ae9c000 r--s 00011000 08:01 921088                     /home/madunlap/.m2/repository/com/github/scribejava/scribejava-core/3.1.0/scribejava-core-3.1.0.jar
7f6f9ae9c000-7f6f9ae9f000 r--s 00010000 08:01 921084                     /home/madunlap/.m2/repository/com/github/scribejava/scribejava-apis/3.1.0/scribejava-apis-3.1.0.jar
7f6f9ae9f000-7f6f9aea8000 r--s 0006f000 08:01 921083                     /home/madunlap/.m2/repository/log4j/log4j/1.2.17/log4j-1.2.17.jar
7f6f9aea8000-7f6f9af7f000 r--s 007aa000 08:01 921093                     /home/madunlap/.m2/repository/net/sf/ehcache/ehcache/2.10.1/ehcache-2.10.1.jar
7f6f9af7f000-7f6f9af81000 r--s 00008000 08:01 921082                     /home/madunlap/.m2/repository/org/apache/commons/commons-csv/1.2/commons-csv-1.2.jar
7f6f9af81000-7f6f9af85000 r--s 00035000 08:01 921081                     /home/madunlap/.m2/repository/com/fasterxml/jackson/core/jackson-core/2.5.3/jackson-core-2.5.3.jar
7f6f9af85000-7f6f9af87000 r--s 00008000 08:01 921075                     /home/madunlap/.m2/repository/com/fasterxml/jackson/core/jackson-annotations/2.5.0/jackson-annotations-2.5.0.jar
7f6f9af87000-7f6f9af99000 r--s 00106000 08:01 921073                     /home/madunlap/.m2/repository/com/fasterxml/jackson/core/jackson-databind/2.5.3/jackson-databind-2.5.3.jar
7f6f9af99000-7f6f9af9c000 r--s 00006000 08:01 921070                     /home/madunlap/.m2/repository/com/google/code/findbugs/jsr305/1.3.9/jsr305-1.3.9.jar
7f6f9af9c000-7f6f9afa2000 r--s 00040000 08:01 921074                     /home/madunlap/.m2/repository/com/google/http-client/google-http-client/1.20.0/google-http-client-1.20.0.jar
7f6f9afa2000-7f6f9afa3000 r--s 00004000 08:01 921066                     /home/madunlap/.m2/repository/com/maxmind/db/maxmind-db/1.0.0/maxmind-db-1.0.0.jar
7f6f9afa3000-7f6f9afa5000 r--s 00007000 08:01 921064                     /home/madunlap/.m2/repository/com/maxmind/geoip2/geoip2/2.3.1/geoip2-2.3.1.jar
7f6f9afa5000-7f6f9afa7000 r--s 00003000 08:01 921062                     /home/madunlap/.m2/repository/org/slf4j/jcl-over-slf4j/1.7.2/jcl-over-slf4j-1.7.2.jar
7f6f9afa7000-7f6f9afab000 r--s 00034000 08:01 921067                     /home/madunlap/.m2/repository/org/codehaus/jackson/jackson-core-asl/1.9.7/jackson-core-asl-1.9.7.jar
7f6f9afab000-7f6f9afba000 r--s 000b0000 08:01 921065                     /home/madunlap/.m2/repository/org/codehaus/jackson/jackson-mapper-asl/1.9.7/jackson-mapper-asl-1.9.7.jar
7f6f9afba000-7f6f9afc4000 r--s 0003d000 08:01 921060                     /home/madunlap/.m2/repository/org/javaswift/joss/0.9.10/joss-0.9.10.jar
7f6f9afc4000-7f6f9afcb000 r--s 0003a000 08:01 921056                     /home/madunlap/.m2/repository/commons-codec/commons-codec/1.9/commons-codec-1.9.jar
7f6f9afcb000-7f6f9afd2000 r--s 00048000 08:01 921054                     /home/madunlap/.m2/repository/org/apache/httpcomponents/httpcore/4.4.1/httpcore-4.4.1.jar
7f6f9afd2000-7f6f9afdf000 r--s 000a4000 08:01 921052                     /home/madunlap/.m2/repository/org/apache/httpcomponents/httpclient/4.4.1/httpclient-4.4.1.jar
7f6f9afdf000-7f6f9afe3000 r--s 00028000 08:01 921050                     /home/madunlap/.m2/repository/org/apache/httpcomponents/httpasyncclient/4.1/httpasyncclient-4.1.jar
7f6f9afe3000-7f6f9afea000 r--s 00050000 08:01 921049                     /home/madunlap/.m2/repository/org/apache/httpcomponents/httpcore-nio/4.4.1/httpcore-nio-4.4.1.jar
7f6f9afea000-7f6f9aff0000 r--s 00033000 08:01 921046                     /home/madunlap/.m2/repository/io/searchbox/jest-common/0.1.7/jest-common-0.1.7.jar
7f6f9aff0000-7f6f9aff1000 r--s 00004000 08:01 921045                     /home/madunlap/.m2/repository/io/searchbox/jest/0.1.7/jest-0.1.7.jar
7f6f9aff1000-7f6f9aff4000 r--s 0000f000 08:01 921042                     /home/madunlap/.m2/repository/commons-discovery/commons-discovery/0.2/commons-discovery-0.2.jar
7f6f9aff4000-7f6f9aff7000 r--s 0001c000 08:01 921043                     /home/madunlap/.m2/repository/axis/axis-wsdl4j/1.5.1/axis-wsdl4j-1.5.1.jar
7f6f9aff7000-7f6f9aff8000 r--s 00004000 08:01 921039                     /home/madunlap/.m2/repository/org/apache/axis/axis-saaj/1.4/axis-saaj-1.4.jar
7f6f9aff8000-7f6f9affa000 r--s 00006000 08:01 921036                     /home/madunlap/.m2/repository/org/apache/axis/axis-jaxrpc/1.4/axis-jaxrpc-1.4.jar
7f6f9affa000-7f6f9b00e000 r--s 00173000 08:01 921038                     /home/madunlap/.m2/repository/axis/axis/1.4/axis-1.4.jar
7f6f9b00e000-7f6f9b010000 r--s 00009000 08:01 921034                     /home/madunlap/.m2/repository/org/objenesis/objenesis/2.1/objenesis-2.1.jar
7f6f9b010000-7f6f9b02c000 r--s 00103000 08:01 921030                     /home/madunlap/.m2/repository/org/mockito/mockito-core/1.10.19/mockito-core-1.10.19.jar
7f6f9b02c000-7f6f9b02e000 r--s 00001000 08:01 921031                     /home/madunlap/.m2/repository/org/slf4j/slf4j-log4j12/1.7.7/slf4j-log4j12-1.7.7.jar
7f6f9b02e000-7f6f9b030000 r--s 00006000 08:01 791385                     /home/madunlap/.m2/repository/org/slf4j/slf4j-api/1.7.7/slf4j-api-1.7.7.jar
7f6f9b030000-7f6f9b034000 r--s 0001f000 08:01 921028                     /home/madunlap/.m2/repository/org/jacoco/org.jacoco.report/0.7.5.201505241946/org.jacoco.report-0.7.5.201505241946.jar
7f6f9b034000-7f6f9b039000 r--s 00058000 08:01 921027                     /home/madunlap/.m2/repository/org/ow2/asm/asm-debug-all/5.0.1/asm-debug-all-5.0.1.jar
7f6f9b039000-7f6f9b03d000 r--s 0001d000 08:01 791383                     /home/madunlap/.m2/repository/org/jacoco/org.jacoco.core/0.7.5.201505241946/org.jacoco.core-0.7.5.201505241946.jar
7f6f9b03d000-7f6f9b043000 r--s 00041000 08:01 661360                     /home/madunlap/.m2/repository/org/jacoco/org.jacoco.agent/0.7.5.201505241946/org.jacoco.agent-0.7.5.201505241946-runtime.jar
7f6f9b043000-7f6f9b045000 r--s 0000e000 08:01 921023                     /home/madunlap/.m2/repository/oro/oro/2.0.8/oro-2.0.8.jar
7f6f9b045000-7f6f9b04d000 r--s 00058000 08:01 921019                     /home/madunlap/.m2/repository/org/apache/velocity/velocity/1.5/velocity-1.5.jar
7f6f9b04d000-7f6f9b04e000 r--s 00001000 08:01 921022                     /home/madunlap/.m2/repository/org/codehaus/plexus/plexus-velocity/1.1.7/plexus-velocity-1.1.7.jar
7f6f9b04e000-7f6f9b04f000 r--s 00002000 08:01 921017                     /home/madunlap/.m2/repository/org/codehaus/plexus/plexus-i18n/1.0-beta-7/plexus-i18n-1.0-beta-7.jar
7f6f9b04f000-7f6f9b051000 r--s 00008000 08:01 921015                     /home/madunlap/.m2/repository/org/apache/maven/doxia/doxia-module-fml/1.1.2/doxia-module-fml-1.1.2.jar
7f6f9b051000-7f6f9b052000 r--s 00003000 08:01 921016                     /home/madunlap/.m2/repository/org/apache/maven/doxia/doxia-module-xhtml/1.1.2/doxia-module-xhtml-1.1.2.jar
7f6f9b052000-7f6f9b054000 r--s 0000b000 08:01 921011                     /home/madunlap/.m2/repository/org/apache/maven/doxia/doxia-decoration-model/1.1.2/doxia-decoration-model-1.1.2.jar
7f6f9b054000-7f6f9b056000 r--s 0000b000 08:01 921008                     /home/madunlap/.m2/repository/org/apache/maven/doxia/doxia-site-renderer/1.1.2/doxia-site-renderer-1.1.2.jar
7f6f9b056000-7f6f9b05a000 r--s 00023000 08:01 921010                     /home/madunlap/.m2/repository/org/apache/maven/doxia/doxia-core/1.1.2/doxia-core-1.1.2.jar
7f6f9b05a000-7f6f9b05c000 r--s 00003000 08:01 921007                     /home/madunlap/.m2/repository/org/apache/maven/reporting/maven-reporting-impl/2.1/maven-reporting-impl-2.1.jar
7f6f9b05c000-7f6f9b05d000 r--s 00002000 08:01 921004                     /home/madunlap/.m2/repository/org/apache/maven/doxia/doxia-logging-api/1.1/doxia-logging-api-1.1.jar
7f6f9b05d000-7f6f9b05f000 r--s 00002000 08:01 921001                     /home/madunlap/.m2/repository/org/apache/maven/doxia/doxia-sink-api/1.1/doxia-sink-api-1.1.jar
7f6f9b05f000-7f6f9b060000 r--s 00002000 08:01 920999                     /home/madunlap/.m2/repository/org/apache/maven/reporting/maven-reporting-api/2.2.1/maven-reporting-api-2.2.1.jar
7f6f9b060000-7f6f9b062000 r--s 00008000 08:01 920995                     /home/madunlap/.m2/repository/org/apache/maven/shared/maven-shared-io/1.1/maven-shared-io-1.1.jar
7f6f9b062000-7f6f9b064000 r--s 00008000 08:01 920998                     /home/madunlap/.m2/repository/org/apache/maven/shared/file-management/1.2.1/file-management-1.2.1.jar
7f6f9b064000-7f6f9b069000 r--s 00039000 08:01 920997                     /home/madunlap/.m2/repository/org/codehaus/plexus/plexus-utils/1.5.6/plexus-utils-1.5.6.jar
7f6f9b069000-7f6f9b06b000 r--s 00008000 08:01 920991                     /home/madunlap/.m2/repository/classworlds/classworlds/1.1-alpha-2/classworlds-1.1-alpha-2.jar
7f6f9b06b000-7f6f9b072000 r--s 00029000 08:01 920988                     /home/madunlap/.m2/repository/org/codehaus/plexus/plexus-container-default/1.0-alpha-9-stable-1/plexus-container-default-1.0-alpha-9-stable-1.jar
7f6f9b072000-7f6f9b075000 r--s 00011000 08:01 920989                     /home/madunlap/.m2/repository/org/apache/maven/maven-artifact/2.2.1/maven-artifact-2.2.1.jar
7f6f9b075000-7f6f9b077000 r--s 0000b000 08:01 920985                     /home/madunlap/.m2/repository/org/codehaus/plexus/plexus-interpolation/1.11/plexus-interpolation-1.11.jar
7f6f9b077000-7f6f9b079000 r--s 00006000 08:01 920982                     /home/madunlap/.m2/repository/org/apache/maven/maven-plugin-registry/2.2.1/maven-plugin-registry-2.2.1.jar
7f6f9b079000-7f6f9b081000 r--s 00049000 08:01 920984                     /home/madunlap/.m2/repository/backport-util-concurrent/backport-util-concurrent/3.1/backport-util-concurrent-3.1.jar
7f6f9b081000-7f6f9b083000 r--s 0000b000 08:01 920978                     /home/madunlap/.m2/repository/org/apache/maven/wagon/wagon-provider-api/1.0-beta-6/wagon-provider-api-1.0-beta-6.jar
7f6f9b083000-7f6f9b085000 r--s 00005000 08:01 920980                     /home/madunlap/.m2/repository/org/apache/maven/maven-repository-metadata/2.2.1/maven-repository-metadata-2.2.1.jar
7f6f9b085000-7f6f9b087000 r--s 0000f000 08:01 920975                     /home/madunlap/.m2/repository/org/apache/maven/maven-artifact-manager/2.2.1/maven-artifact-manager-2.2.1.jar
7f6f9b087000-7f6f9b089000 r--s 00014000 08:01 920971                     /home/madunlap/.m2/repository/org/apache/maven/maven-model/2.2.1/maven-model-2.2.1.jar
7f6f9b089000-7f6f9b08b000 r--s 00007000 08:01 920969                     /home/madunlap/.m2/repository/org/apache/maven/maven-profile/2.2.1/maven-profile-2.2.1.jar
7f6f9b08b000-7f6f9b08c000 r--s 0000b000 08:01 920972                     /home/madunlap/.m2/repository/org/apache/maven/maven-settings/2.2.1/maven-settings-2.2.1.jar
7f6f9b08c000-7f6f9b090000 r--s 00023000 08:01 920973                     /home/madunlap/.m2/repository/org/apache/maven/maven-project/2.2.1/maven-project-2.2.1.jar
7f6f9b090000-7f6f9b092000 r--s 00002000 08:01 661356                     /home/madunlap/.m2/repository/org/apache/maven/maven-plugin-api/2.2.1/maven-plugin-api-2.2.1.jar
7f6f9b092000-7f6f9b094000 r--s 0000b000 08:01 660606                     /home/madunlap/.m2/repository/org/jacoco/jacoco-maven-plugin/0.7.5.201505241946/jacoco-maven-plugin-0.7.5.201505241946.jar
7f6f9b094000-7f6f9b096000 r--s 00013000 08:01 791380                     /home/madunlap/.m2/repository/com/jayway/restassured/xml-path/2.4.0/xml-path-2.4.0.jar
7f6f9b096000-7f6f9b098000 r--s 00007000 08:01 791379                     /home/madunlap/.m2/repository/com/jayway/restassured/rest-assured-common/2.4.0/rest-assured-common-2.4.0.jar
7f6f9b098000-7f6f9b09a000 r--s 0001e000 08:01 661355                     /home/madunlap/.m2/repository/org/codehaus/groovy/groovy-json/2.3.7/groovy-json-2.3.7.jar
7f6f9b09a000-7f6f9b09c000 r--s 0000d000 08:01 791376                     /home/madunlap/.m2/repository/com/jayway/restassured/json-path/2.4.0/json-path-2.4.0.jar
7f6f9b09c000-7f6f9b09e000 r--s 00015000 08:01 791373                     /home/madunlap/.m2/repository/org/ccil/cowan/tagsoup/tagsoup/1.2.1/tagsoup-1.2.1.jar
7f6f9b09e000-7f6f9b09f000 r--s 0000c000 08:01 791372                     /home/madunlap/.m2/repository/org/hamcrest/hamcrest-library/1.3/hamcrest-library-1.3.jar
7f6f9b09f000-7f6f9b0a1000 r--s 00009000 08:01 791370                     /home/madunlap/.m2/repository/org/hamcrest/hamcrest-core/1.3/hamcrest-core-1.3.jar
7f6f9b0a1000-7f6f9b0a6000 r--s 00034000 08:01 661352                     /home/madunlap/.m2/repository/org/codehaus/groovy/groovy-xml/2.3.7/groovy-xml-2.3.7.jar
7f6f9b0a6000-7f6f9b0ef000 r--s 003fb000 08:01 661354                     /home/madunlap/.m2/repository/org/codehaus/groovy/groovy/2.3.7/groovy-2.3.7.jar
7f6f9b0ef000-7f6f9b0f9000 r--s 0008c000 08:01 791368                     /home/madunlap/.m2/repository/com/jayway/restassured/rest-assured/2.4.0/rest-assured-2.4.0.jar
7f6f9b0f9000-7f6f9b0ff000 r--s 00044000 08:01 791367                     /home/madunlap/.m2/repository/org/jsoup/jsoup/1.8.1/jsoup-1.8.1.jar
7f6f9b0ff000-7f6f9b101000 r--s 00004000 08:01 791401                     /home/madunlap/.m2/repository/edu/ucsb/nceas/ezid/1.0.0/ezid-1.0.0.jar
7f6f9b101000-7f6f9b104000 r--s 0000b000 08:01 791362                     /home/madunlap/.m2/repository/org/ocpsoft/rewrite/rewrite-integration-faces/2.0.12.Final/rewrite-integration-faces-2.0.12.Final.jar
7f6f9b104000-7f6f9b106000 r--s 00001000 08:01 791360                     /home/madunlap/.m2/repository/org/ocpsoft/rewrite/rewrite-annotations-api/2.0.12.Final/rewrite-annotations-api-2.0.12.Final.jar
7f6f9b106000-7f6f9b107000 r--s 00005000 08:01 791359                     /home/madunlap/.m2/repository/org/ocpsoft/rewrite/rewrite-addressbuilder/2.0.12.Final/rewrite-addressbuilder-2.0.12.Final.jar
7f6f9b107000-7f6f9b109000 r--s 00008000 08:01 791357                     /home/madunlap/.m2/repository/org/ocpsoft/rewrite/rewrite-api-servlet/2.0.12.Final/rewrite-api-servlet-2.0.12.Final.jar
7f6f9b109000-7f6f9b10b000 r--s 00001000 08:01 791354                     /home/madunlap/.m2/repository/org/ocpsoft/logging/logging-api/1.0.2.Final/logging-api-1.0.2.Final.jar
7f6f9b10b000-7f6f9b10c000 r--s 00003000 08:01 791353                     /home/madunlap/.m2/repository/org/ocpsoft/common/common-api/1.0.5.Final/common-api-1.0.5.Final.jar
7f6f9b10c000-7f6f9b110000 r--s 00018000 08:01 791351                     /home/madunlap/.m2/repository/org/ocpsoft/rewrite/rewrite-api/2.0.12.Final/rewrite-api-2.0.12.Final.jar
7f6f9b110000-7f6f9b112000 r--s 00005000 08:01 791349                     /home/madunlap/.m2/repository/org/ocpsoft/rewrite/rewrite-annotations-impl/2.0.12.Final/rewrite-annotations-impl-2.0.12.Final.jar
7f6f9b112000-7f6f9b120000 r--s 00092000 08:01 791352                     /home/madunlap/.m2/repository/org/ocpsoft/rewrite/rewrite-config-prettyfaces/2.0.12.Final/rewrite-config-prettyfaces-2.0.12.Final.jar
7f6f9b120000-7f6f9b12e000 r--s 0005f000 08:01 791345                     /home/madunlap/.m2/repository/org/ocpsoft/rewrite/rewrite-servlet/2.0.12.Final/rewrite-servlet-2.0.12.Final.jar
7f6f9b12e000-7f6f9b132000 r--s 0003c000 08:01 791218                     /home/madunlap/.m2/repository/javax/media/jai_codec/1.1.3/jai_codec-1.1.3.jar
7f6f9b132000-7f6f9b146000 r--s 001bd000 08:01 791220                     /home/madunlap/.m2/repository/javax/media/jai_core/1.1.3/jai_core-1.1.3.jar
7f6f9b146000-7f6f9b157000 r--s 00106000 08:01 791219                     /home/madunlap/.m2/repository/javax/media/jai_imageio/1.1.1/jai_imageio-1.1.1.jar
7f6f9b157000-7f6f9b159000 r--s 00009000 08:01 791399                     /home/madunlap/.m2/repository/edu/harvard/hul/ois/jhove/jhove-handler/1.11.0/jhove-handler-1.11.0.jar
7f6f9b159000-7f6f9b162000 r--s 00079000 08:01 791398                     /home/madunlap/.m2/repository/edu/harvard/hul/ois/jhove/jhove-module/1.11.0/jhove-module-1.11.0.jar
7f6f9b162000-7f6f9b165000 r--s 00011000 08:01 791396                     /home/madunlap/.m2/repository/edu/harvard/hul/ois/jhove/jhove/1.11.0/jhove-1.11.0.jar
7f6f9b165000-7f6f9b175000 r--s 0011f000 08:01 791342                     /home/madunlap/.m2/repository/org/apache/poi/poi-scratchpad/3.10-FINAL/poi-scratchpad-3.10-FINAL.jar
7f6f9b175000-7f6f9b17b000 r--s 00047000 08:01 791341                     /home/madunlap/.m2/repository/org/apache/poi/poi-examples/3.10-FINAL/poi-examples-3.10-FINAL.jar
7f6f9b17b000-7f6f9b180000 r--s 00048000 08:01 791338                     /home/madunlap/.m2/repository/dom4j/dom4j/1.6.1/dom4j-1.6.1.jar
7f6f9b180000-7f6f9b1bd000 r--s 0024f000 08:01 791336                     /home/madunlap/.m2/repository/org/apache/xmlbeans/xmlbeans/2.3.0/xmlbeans-2.3.0.jar
7f6f9b1bd000-7f6f9b255000 r--s 00420000 08:01 791334                     /home/madunlap/.m2/repository/org/apache/poi/poi-ooxml-schemas/3.10-FINAL/poi-ooxml-schemas-3.10-FINAL.jar
7f6f9b255000-7f6f9b263000 r--s 000ee000 08:01 791333                     /home/madunlap/.m2/repository/org/apache/poi/poi-ooxml/3.10-FINAL/poi-ooxml-3.10-FINAL.jar
7f6f9b263000-7f6f9b285000 r--s 001bb000 08:01 791332                     /home/madunlap/.m2/repository/org/apache/poi/poi/3.10-FINAL/poi-3.10-FINAL.jar
7f6f9b285000-7f6f9b287000 r--s 00006000 08:01 791331                     /home/madunlap/.m2/repository/org/nuiton/thirdparty/Rserve/0.6-1/Rserve-0.6-1.jar
7f6f9b287000-7f6f9b289000 r--s 00006000 08:01 791328                     /home/madunlap/.m2/repository/org/nuiton/thirdparty/REngine/0.6-1/REngine-0.6-1.jar
7f6f9b289000-7f6f9b28a000 r--s 0000c000 08:01 791397                     /home/madunlap/.m2/repository/org/dataverse/unf/6.0/unf-6.0.jar
7f6f9b28a000-7f6f9b293000 r--s 000a6000 08:01 791393                     /home/madunlap/.m2/repository/net/handle/handle/2006-06-16-generated/handle-2006-06-16-generated.jar
7f6f9b293000-7f6f9b296000 r--s 00035000 08:01 791395                     /home/madunlap/.m2/repository/nom/tam/fits/fits/2012-10-25-generated/fits-2012-10-25-generated.jar
7f6f9b296000-7f6f9b29d000 r--s 00028000 08:01 791326                     /home/madunlap/.m2/repository/concurrent/concurrent/1.3.4/concurrent-1.3.4.jar
7f6f9b29d000-7f6f9b2ab000 r--s 00081000 08:01 791324                     /home/madunlap/.m2/repository/colt/colt/1.2.0/colt-1.2.0.jar
7f6f9b2ab000-7f6f9b2af000 r--s 00020000 08:01 3934937                    /home/madunlap/.m2/repository/commons-digester/commons-digester/1.8/commons-digester-1.8.jar
7f6f9b2af000-7f6f9b2b4000 r--s 00034000 08:01 3934936                    /home/madunlap/.m2/repository/commons-beanutils/commons-beanutils/1.8.3/commons-beanutils-1.8.3.jar
7f6f9b2b4000-7f6f9b2b8000 r--s 00028000 08:01 1713994                    /home/madunlap/.m2/repository/commons-validator/commons-validator/1.4.0/commons-validator-1.4.0.jar
7f6f9b2b8000-7f6f9b2cb000 r--s 000df000 08:01 791313                     /home/madunlap/.m2/repository/org/apache/commons/commons-math/2.2/commons-math-2.2.jar
7f6f9b2cb000-7f6f9b2cd000 r--s 0000e000 08:01 791309                     /home/madunlap/.m2/repository/commons-logging/commons-logging/1.1.3/commons-logging-1.1.3.jar
7f6f9b2cd000-7f6f9b2cf000 r--s 00005000 08:01 791311                     /home/madunlap/.m2/repository/org/apache/httpcomponents/httpmime/4.2.6/httpmime-4.2.6.jar
7f6f9b2cf000-7f6f9b2db000 r--s 000b3000 08:01 791304                     /home/madunlap/.m2/repository/org/apache/zookeeper/zookeeper/3.4.5/zookeeper-3.4.5.jar
7f6f9b2db000-7f6f9b2e3000 r--s 0005b000 08:01 791305                     /home/madunlap/.m2/repository/org/apache/solr/solr-solrj/4.6.0/solr-solrj-4.6.0.jar
7f6f9b2e3000-7f6f9b2e8000 r--s 00041000 08:01 791300                     /home/madunlap/.m2/repository/commons-lang/commons-lang/2.6/commons-lang-2.6.jar
7f6f9b2e8000-7f6f9b2ea000 r--s 0000d000 08:01 791302                     /home/madunlap/.m2/repository/com/fasterxml/classmate/1.0.0/classmate-1.0.0.jar
7f6f9b2ea000-7f6f9b2ec000 r--s 0000d000 08:01 791296                     /home/madunlap/.m2/repository/org/jboss/logging/jboss-logging/3.1.1.GA/jboss-logging-3.1.1.GA.jar
7f6f9b2ec000-7f6f9b2f0000 r--s 0000c000 08:01 791294                     /home/madunlap/.m2/repository/javax/validation/validation-api/1.1.0.Final/validation-api-1.1.0.Final.jar
7f6f9b2f0000-7f6f9b2fd000 r--s 00080000 08:01 791293                     /home/madunlap/.m2/repository/org/hibernate/hibernate-validator/5.0.3.Final/hibernate-validator-5.0.3.Final.jar
7f6f9b2fd000-7f6f9b307000 r--s 0006b000 08:01 791289                     /home/madunlap/.m2/repository/org/omnifaces/omnifaces/1.7/omnifaces-1.7.jar
7f6f9b307000-7f6f9b31b000 r--s 0013a000 08:01 791121                     /home/madunlap/.m2/repository/org/primefaces/themes/all-themes/1.0.10/all-themes-1.0.10.jar
7f6f9b31b000-7f6f9b31c000 ---p 00000000 00:00 0 
7f6f9b31c000-7f6f9b41c000 rw-p 00000000 00:00 0 
7f6f9b41c000-7f6f9b41f000 ---p 00000000 00:00 0 
7f6f9b41f000-7f6f9b51d000 rw-p 00000000 00:00 0 
7f6f9b51d000-7f6f9b520000 ---p 00000000 00:00 0 
7f6f9b520000-7f6f9b61e000 rw-p 00000000 00:00 0 
7f6f9b61e000-7f6f9b621000 ---p 00000000 00:00 0 
7f6f9b621000-7f6f9b71f000 rw-p 00000000 00:00 0 
7f6f9b71f000-7f6f9b722000 ---p 00000000 00:00 0 
7f6f9b722000-7f6f9b820000 rw-p 00000000 00:00 0 
7f6f9b820000-7f6f9bafb000 r--p 00000000 08:01 1441812                    /usr/lib/locale/locale-archive
7f6f9bafb000-7f6f9bafe000 ---p 00000000 00:00 0 
7f6f9bafe000-7f6f9bbfc000 rw-p 00000000 00:00 0 
7f6f9bbfc000-7f6f9bbff000 ---p 00000000 00:00 0 
7f6f9bbff000-7f6f9bcfd000 rw-p 00000000 00:00 0 
7f6f9bcfd000-7f6f9bcfe000 ---p 00000000 00:00 0 
7f6f9bcfe000-7f6f9c000000 rw-p 00000000 00:00 0 
7f6f9c000000-7f6f9c021000 rw-p 00000000 00:00 0 
7f6f9c021000-7f6fa0000000 ---p 00000000 00:00 0 
7f6fa0000000-7f6fa0001000 r--s 00018000 08:01 791394                     /home/madunlap/.m2/repository/edu/harvard/iq/dvn/unf5/5.0/unf5-5.0.jar
7f6fa0001000-7f6fa0010000 r--s 000c4000 08:01 791290                     /home/madunlap/.m2/repository/org/atmosphere/atmosphere-runtime/2.4.2/atmosphere-runtime-2.4.2.jar
7f6fa0010000-7f6fa003c000 r--s 00318000 08:01 791288                     /home/madunlap/.m2/repository/org/primefaces/primefaces/5.3/primefaces-5.3.jar
7f6fa003c000-7f6fa005e000 r--s 00120000 08:01 791284                     /home/madunlap/.m2/repository/javax/javaee-web-api/7.0/javaee-web-api-7.0.jar
7f6fa005e000-7f6fa0060000 r--s 0000e000 08:01 791282                     /home/madunlap/.m2/repository/javax/activation/activation/1.1/activation-1.1.jar
7f6fa0060000-7f6fa0068000 r--s 00078000 08:01 791280                     /home/madunlap/.m2/repository/com/sun/mail/javax.mail/1.5.0/javax.mail-1.5.0.jar
7f6fa0068000-7f6fa009c000 r--s 001a4000 08:01 791278                     /home/madunlap/.m2/repository/javax/javaee-api/7.0/javaee-api-7.0.jar
7f6fa009c000-7f6fa00c7000 r--s 001f5000 08:01 791277                     /home/madunlap/.m2/repository/com/google/guava/guava/16.0.1/guava-16.0.1.jar
7f6fa00c7000-7f6fa00e5000 r--s 0027d000 08:01 791273                     /home/madunlap/.m2/repository/xalan/xalan/2.7.0/xalan-2.7.0.jar
7f6fa00e5000-7f6fa00f9000 r--s 000e3000 08:01 791272                     /home/madunlap/.m2/repository/xerces/xercesImpl/2.6.2/xercesImpl-2.6.2.jar
7f6fa00f9000-7f6fa1000000 rw-p 00000000 00:00 0 
7f6fa1000000-7f6fa17b0000 rwxp 00000000 00:00 0 
7f6fa17b0000-7f6fb0000000 ---p 00000000 00:00 0 
7f6fb0000000-7f6fb1126000 rw-p 00000000 00:00 0 
7f6fb1126000-7f6fb4000000 ---p 00000000 00:00 0 
7f6fb4000000-7f6fb4006000 r--s 00019000 08:01 791270                     /home/madunlap/.m2/repository/xerces/xmlParserAPIs/2.6.2/xmlParserAPIs-2.6.2.jar
7f6fb4006000-7f6fb400d000 r--s 00063000 08:01 791268                     /home/madunlap/.m2/repository/xom/xom/1.1/xom-1.1.jar
7f6fb400d000-7f6fb4012000 r--s 0002a000 08:01 791265                     /home/madunlap/.m2/repository/com/google/code/gson/gson/2.2.4/gson-2.2.4.jar
7f6fb4012000-7f6fb4016000 r--s 00027000 08:01 791263                     /home/madunlap/.m2/repository/commons-io/commons-io/2.2/commons-io-2.2.jar
7f6fb4016000-7f6fb4018000 r--s 0000f000 08:01 791260                     /home/madunlap/.m2/repository/commons-fileupload/commons-fileupload/1.3.1/commons-fileupload-1.3.1.jar
7f6fb4018000-7f6fb401e000 r--s 00032000 08:01 791261                     /home/madunlap/.m2/repository/jaxen/jaxen/1.1.1/jaxen-1.1.1.jar
7f6fb401e000-7f6fb4025000 r--s 00079000 08:01 661348                     /home/madunlap/.m2/repository/org/codehaus/woodstox/wstx-asl/3.2.6/wstx-asl-3.2.6.jar
7f6fb4025000-7f6fb402a000 r--s 00070000 08:01 661349                     /home/madunlap/.m2/repository/org/codehaus/woodstox/woodstox-core-asl/4.1.4/woodstox-core-asl-4.1.4.jar
7f6fb402a000-7f6fb402e000 r--s 00026000 08:01 791256                     /home/madunlap/.m2/repository/org/apache/ws/commons/axiom/axiom-impl/1.2.14/axiom-impl-1.2.14.jar
7f6fb402e000-7f6fb4031000 r--s 00015000 08:01 791254                     /home/madunlap/.m2/repository/org/apache/james/apache-mime4j-core/0.7.2/apache-mime4j-core-0.7.2.jar
7f6fb4031000-7f6fb4036000 r--s 00032000 08:01 791252                     /home/madunlap/.m2/repository/org/apache/geronimo/specs/geronimo-javamail_1.4_spec/1.7.1/geronimo-javamail_1.4_spec-1.7.1.jar
7f6fb4036000-7f6fb4040000 r--s 0005d000 08:01 791250                     /home/madunlap/.m2/repository/org/apache/ws/commons/axiom/axiom-api/1.2.14/axiom-api-1.2.14.jar
7f6fb4040000-7f6fb4043000 r--s 0014e000 08:01 791249                     /home/madunlap/.m2/repository/org/apache/abdera/abdera-parser/1.1.3/abdera-parser-1.1.3.jar
7f6fb4043000-7f6fb4045000 r--s 00006000 08:01 791245                     /home/madunlap/.m2/repository/org/apache/geronimo/specs/geronimo-stax-api_1.0_spec/1.0.1/geronimo-stax-api_1.0_spec-1.0.1.jar
7f6fb4045000-7f6fb4047000 r--s 0000a000 08:01 791243                     /home/madunlap/.m2/repository/org/apache/geronimo/specs/geronimo-activation_1.1_spec/1.1/geronimo-activation_1.1_spec-1.1.jar
7f6fb4047000-7f6fb404b000 r--s 00094000 08:01 791246                     /home/madunlap/.m2/repository/org/apache/abdera/abdera-i18n/1.1.3/abdera-i18n-1.1.3.jar
7f6fb404b000-7f6fb404f000 r--s 00024000 08:01 791241                     /home/madunlap/.m2/repository/org/apache/abdera/abdera-core/1.1.3/abdera-core-1.1.3.jar
7f6fb404f000-7f6fb4068000 r--s 002fd000 08:01 791240                     /home/madunlap/.m2/repository/com/ibm/icu/icu4j/3.4.4/icu4j-3.4.4.jar
7f6fb4068000-7f6fb406b000 r--s 00023000 08:01 791237                     /home/madunlap/.m2/repository/com/hp/hpl/jena/iri/0.8/iri-0.8.jar
7f6fb406b000-7f6fb408e000 r--s 001ae000 08:01 791235                     /home/madunlap/.m2/repository/com/hp/hpl/jena/jena/2.6.4/jena-2.6.4.jar
7f6fb408e000-7f6fb4090000 r--s 0000d000 08:01 791233                     /home/madunlap/.m2/repository/org/apache/abdera/abdera-client/1.1.1/abdera-client-1.1.1.jar
7f6fb4090000-7f6fb4092000 r--s 00016000 08:01 791230                     /home/madunlap/.m2/repository/javax/servlet/servlet-api/2.4/servlet-api-2.4.jar
7f6fb4092000-7f6fb4095000 r--s 0000f000 08:01 791226                     /home/madunlap/.m2/repository/org/swordapp/sword2-server/1.0/sword2-server-1.0-classes.jar
7f6fb4095000-7f6fb409a000 r--s 00040000 08:01 791224                     /home/madunlap/.m2/repository/commons-httpclient/commons-httpclient/3.0.1/commons-httpclient-3.0.1.jar
7f6fb409a000-7f6fb409d000 r--s 00012000 08:01 791228                     /home/madunlap/.m2/repository/org/glassfish/javax.json/1.0.4/javax.json-1.0.4.jar
7f6fb409d000-7f6fb40a3000 r--s 00034000 08:01 791227                     /home/madunlap/.m2/repository/junit/junit/4.8.1/junit-4.8.1.jar
7f6fb40a3000-7f6fb40f2000 rw-p 00000000 00:00 0 
7f6fb40f2000-7f6fb42cc000 r--s 03d4d000 08:01 1976682                    /usr/lib/jvm/java-8-oracle/jre/lib/rt.jar
7f6fb42cc000-7f6fb639a000 rw-p 00000000 00:00 0 
7f6fb639a000-7f6fb639b000 ---p 00000000 00:00 0 
7f6fb639b000-7f6fb649b000 rw-p 00000000 00:00 0 
7f6fb649b000-7f6fb649c000 ---p 00000000 00:00 0 
7f6fb649c000-7f6fb65b1000 rw-p 00000000 00:00 0 
7f6fb65b1000-7f6fb66e6000 ---p 00000000 00:00 0 
7f6fb66e6000-7f6fb66fb000 rw-p 00000000 00:00 0 
7f6fb66fb000-7f6fb682f000 ---p 00000000 00:00 0 
7f6fb682f000-7f6fb6855000 rw-p 00000000 00:00 0 
7f6fb6855000-7f6fb68d4000 ---p 00000000 00:00 0 
7f6fb68d4000-7f6fb68f4000 rw-p 00000000 00:00 0 
7f6fb68f4000-7f6fb6c95000 ---p 00000000 00:00 0 
7f6fb6c95000-7f6fb6caf000 r-xp 00000000 08:01 2106481                    /usr/lib/jvm/java-8-oracle/jre/lib/amd64/libzip.so
7f6fb6caf000-7f6fb6eaf000 ---p 0001a000 08:01 2106481                    /usr/lib/jvm/java-8-oracle/jre/lib/amd64/libzip.so
7f6fb6eaf000-7f6fb6eb0000 rw-p 0001a000 08:01 2106481                    /usr/lib/jvm/java-8-oracle/jre/lib/amd64/libzip.so
7f6fb6eb0000-7f6fb6ebb000 r-xp 00000000 08:01 663303                     /lib/x86_64-linux-gnu/libnss_files-2.24.so
7f6fb6ebb000-7f6fb70ba000 ---p 0000b000 08:01 663303                     /lib/x86_64-linux-gnu/libnss_files-2.24.so
7f6fb70ba000-7f6fb70bb000 r--p 0000a000 08:01 663303                     /lib/x86_64-linux-gnu/libnss_files-2.24.so
7f6fb70bb000-7f6fb70bc000 rw-p 0000b000 08:01 663303                     /lib/x86_64-linux-gnu/libnss_files-2.24.so
7f6fb70bc000-7f6fb70c2000 rw-p 00000000 00:00 0 
7f6fb70c2000-7f6fb70cd000 r-xp 00000000 08:01 663305                     /lib/x86_64-linux-gnu/libnss_nis-2.24.so
7f6fb70cd000-7f6fb72cc000 ---p 0000b000 08:01 663305                     /lib/x86_64-linux-gnu/libnss_nis-2.24.so
7f6fb72cc000-7f6fb72cd000 r--p 0000a000 08:01 663305                     /lib/x86_64-linux-gnu/libnss_nis-2.24.so
7f6fb72cd000-7f6fb72ce000 rw-p 0000b000 08:01 663305                     /lib/x86_64-linux-gnu/libnss_nis-2.24.so
7f6fb72ce000-7f6fb72e4000 r-xp 00000000 08:01 663300                     /lib/x86_64-linux-gnu/libnsl-2.24.so
7f6fb72e4000-7f6fb74e3000 ---p 00016000 08:01 663300                     /lib/x86_64-linux-gnu/libnsl-2.24.so
7f6fb74e3000-7f6fb74e4000 r--p 00015000 08:01 663300                     /lib/x86_64-linux-gnu/libnsl-2.24.so
7f6fb74e4000-7f6fb74e5000 rw-p 00016000 08:01 663300                     /lib/x86_64-linux-gnu/libnsl-2.24.so
7f6fb74e5000-7f6fb74e7000 rw-p 00000000 00:00 0 
7f6fb74e7000-7f6fb74ef000 r-xp 00000000 08:01 663301                     /lib/x86_64-linux-gnu/libnss_compat-2.24.so
7f6fb74ef000-7f6fb76ee000 ---p 00008000 08:01 663301                     /lib/x86_64-linux-gnu/libnss_compat-2.24.so
7f6fb76ee000-7f6fb76ef000 r--p 00007000 08:01 663301                     /lib/x86_64-linux-gnu/libnss_compat-2.24.so
7f6fb76ef000-7f6fb76f0000 rw-p 00008000 08:01 663301                     /lib/x86_64-linux-gnu/libnss_compat-2.24.so
7f6fb76f0000-7f6fb771b000 r-xp 00000000 08:01 2106508                    /usr/lib/jvm/java-8-oracle/jre/lib/amd64/libjava.so
7f6fb771b000-7f6fb791a000 ---p 0002b000 08:01 2106508                    /usr/lib/jvm/java-8-oracle/jre/lib/amd64/libjava.so
7f6fb791a000-7f6fb791c000 rw-p 0002a000 08:01 2106508                    /usr/lib/jvm/java-8-oracle/jre/lib/amd64/libjava.so
7f6fb791c000-7f6fb7929000 r-xp 00000000 08:01 2106459                    /usr/lib/jvm/java-8-oracle/jre/lib/amd64/libverify.so
7f6fb7929000-7f6fb7b29000 ---p 0000d000 08:01 2106459                    /usr/lib/jvm/java-8-oracle/jre/lib/amd64/libverify.so
7f6fb7b29000-7f6fb7b2b000 rw-p 0000d000 08:01 2106459                    /usr/lib/jvm/java-8-oracle/jre/lib/amd64/libverify.so
7f6fb7b2b000-7f6fb7b32000 r-xp 00000000 08:01 663310                     /lib/x86_64-linux-gnu/librt-2.24.so
7f6fb7b32000-7f6fb7d31000 ---p 00007000 08:01 663310                     /lib/x86_64-linux-gnu/librt-2.24.so
7f6fb7d31000-7f6fb7d32000 r--p 00006000 08:01 663310                     /lib/x86_64-linux-gnu/librt-2.24.so
7f6fb7d32000-7f6fb7d33000 rw-p 00007000 08:01 663310                     /lib/x86_64-linux-gnu/librt-2.24.so
7f6fb7d33000-7f6fb7e3b000 r-xp 00000000 08:01 663297                     /lib/x86_64-linux-gnu/libm-2.24.so
7f6fb7e3b000-7f6fb803a000 ---p 00108000 08:01 663297                     /lib/x86_64-linux-gnu/libm-2.24.so
7f6fb803a000-7f6fb803b000 r--p 00107000 08:01 663297                     /lib/x86_64-linux-gnu/libm-2.24.so
7f6fb803b000-7f6fb803c000 rw-p 00108000 08:01 663297                     /lib/x86_64-linux-gnu/libm-2.24.so
7f6fb803c000-7f6fb8d0f000 r-xp 00000000 08:01 2106512                    /usr/lib/jvm/java-8-oracle/jre/lib/amd64/server/libjvm.so
7f6fb8d0f000-7f6fb8f0e000 ---p 00cd3000 08:01 2106512                    /usr/lib/jvm/java-8-oracle/jre/lib/amd64/server/libjvm.so
7f6fb8f0e000-7f6fb8fe8000 rw-p 00cd2000 08:01 2106512                    /usr/lib/jvm/java-8-oracle/jre/lib/amd64/server/libjvm.so
7f6fb8fe8000-7f6fb9033000 rw-p 00000000 00:00 0 
7f6fb9033000-7f6fb91f1000 r-xp 00000000 08:01 663293                     /lib/x86_64-linux-gnu/libc-2.24.so
7f6fb91f1000-7f6fb93f0000 ---p 001be000 08:01 663293                     /lib/x86_64-linux-gnu/libc-2.24.so
7f6fb93f0000-7f6fb93f4000 r--p 001bd000 08:01 663293                     /lib/x86_64-linux-gnu/libc-2.24.so
7f6fb93f4000-7f6fb93f6000 rw-p 001c1000 08:01 663293                     /lib/x86_64-linux-gnu/libc-2.24.so
7f6fb93f6000-7f6fb93fa000 rw-p 00000000 00:00 0 
7f6fb93fa000-7f6fb93fd000 r-xp 00000000 08:01 663296                     /lib/x86_64-linux-gnu/libdl-2.24.so
7f6fb93fd000-7f6fb95fc000 ---p 00003000 08:01 663296                     /lib/x86_64-linux-gnu/libdl-2.24.so
7f6fb95fc000-7f6fb95fd000 r--p 00002000 08:01 663296                     /lib/x86_64-linux-gnu/libdl-2.24.so
7f6fb95fd000-7f6fb95fe000 rw-p 00003000 08:01 663296                     /lib/x86_64-linux-gnu/libdl-2.24.so
7f6fb95fe000-7f6fb9613000 r-xp 00000000 08:01 2106497                    /usr/lib/jvm/java-8-oracle/jre/lib/amd64/jli/libjli.so
7f6fb9613000-7f6fb9813000 ---p 00015000 08:01 2106497                    /usr/lib/jvm/java-8-oracle/jre/lib/amd64/jli/libjli.so
7f6fb9813000-7f6fb9814000 rw-p 00015000 08:01 2106497                    /usr/lib/jvm/java-8-oracle/jre/lib/amd64/jli/libjli.so
7f6fb9814000-7f6fb982c000 r-xp 00000000 08:01 663308                     /lib/x86_64-linux-gnu/libpthread-2.24.so
7f6fb982c000-7f6fb9a2c000 ---p 00018000 08:01 663308                     /lib/x86_64-linux-gnu/libpthread-2.24.so
7f6fb9a2c000-7f6fb9a2d000 r--p 00018000 08:01 663308                     /lib/x86_64-linux-gnu/libpthread-2.24.so
7f6fb9a2d000-7f6fb9a2e000 rw-p 00019000 08:01 663308                     /lib/x86_64-linux-gnu/libpthread-2.24.so
7f6fb9a2e000-7f6fb9a32000 rw-p 00000000 00:00 0 
7f6fb9a32000-7f6fb9a58000 r-xp 00000000 08:01 663288                     /lib/x86_64-linux-gnu/ld-2.24.so
7f6fb9a58000-7f6fb9a59000 r--s 00005000 08:01 791308                     /home/madunlap/.m2/repository/org/noggit/noggit/0.5/noggit-0.5.jar
7f6fb9a59000-7f6fb9b2a000 rw-p 00000000 00:00 0 
7f6fb9b2a000-7f6fb9b2d000 ---p 00000000 00:00 0 
7f6fb9b2d000-7f6fb9c2d000 rw-p 00000000 00:00 0 
7f6fb9c2d000-7f6fb9c2e000 r--s 00004000 08:01 791275                     /home/madunlap/.m2/repository/org/mindrot/jbcrypt/0.3m/jbcrypt-0.3m.jar
7f6fb9c2e000-7f6fb9c33000 r--s 00023000 08:01 791711                     /home/madunlap/.m2/repository/org/apache/maven/surefire/surefire-api/2.10/surefire-api-2.10.jar
7f6fb9c33000-7f6fb9c35000 r--s 00007000 08:01 791708                     /home/madunlap/.m2/repository/org/apache/maven/surefire/surefire-booter/2.10/surefire-booter-2.10.jar
7f6fb9c35000-7f6fb9c36000 r--s 00005000 08:01 927704                     /home/madunlap/Documents/github/dataverse/target/surefire/surefirebooter4457607693501931264.jar
7f6fb9c36000-7f6fb9c4a000 rw-p 00000000 00:00 0 
7f6fb9c4a000-7f6fb9c52000 rw-s 00000000 08:01 1714058                    /tmp/hsperfdata_madunlap/16640
7f6fb9c52000-7f6fb9c53000 rw-p 00000000 00:00 0 
7f6fb9c53000-7f6fb9c54000 ---p 00000000 00:00 0 
7f6fb9c54000-7f6fb9c57000 rw-p 00000000 00:00 0 
7f6fb9c57000-7f6fb9c58000 r--p 00025000 08:01 663288                     /lib/x86_64-linux-gnu/ld-2.24.so
7f6fb9c58000-7f6fb9c59000 rw-p 00026000 08:01 663288                     /lib/x86_64-linux-gnu/ld-2.24.so
7f6fb9c59000-7f6fb9c5a000 rw-p 00000000 00:00 0 
7ffd5aac9000-7ffd5aaea000 rw-p 00000000 00:00 0                          [stack]
7ffd5ab76000-7ffd5ab78000 r--p 00000000 00:00 0                          [vvar]
7ffd5ab78000-7ffd5ab7a000 r-xp 00000000 00:00 0                          [vdso]
ffffffffff600000-ffffffffff601000 r-xp 00000000 00:00 0                  [vsyscall]

VM Arguments:
java_command: /home/madunlap/Documents/github/dataverse/target/surefire/surefirebooter4457607693501931264.jar /home/madunlap/Documents/github/dataverse/target/surefire/surefire7405595469253256448tmp /home/madunlap/Documents/github/dataverse/target/surefire/surefire1042728621024654373tmp
java_class_path (initial): /home/madunlap/Documents/github/dataverse/target/surefire/surefirebooter4457607693501931264.jar
Launcher Type: SUN_STANDARD

Environment Variables:
JAVA_HOME=/usr/lib/jvm/java-8-oracle
PATH=/usr/local/sbin:/usr/local/bin:/usr/sbin:/usr/bin:/sbin:/bin:/usr/games:/usr/local/games:/snap/bin:/usr/lib/jvm/java-8-oracle/bin:/usr/lib/jvm/java-8-oracle/db/bin:/usr/lib/jvm/java-8-oracle/jre/bin
LD_LIBRARY_PATH=/usr/lib/jvm/java-8-oracle/jre/lib/amd64:/usr/lib/jvm/java-8-oracle/jre/lib/i386:
SHELL=/bin/bash
DISPLAY=:0

Signal Handlers:
SIGSEGV: [libjvm.so+0xacba10], sa_mask[0]=11111111011111111101111111111110, sa_flags=SA_RESTART|SA_SIGINFO
SIGBUS: [libjvm.so+0xacba10], sa_mask[0]=11111111011111111101111111111110, sa_flags=SA_RESTART|SA_SIGINFO
SIGFPE: [libjvm.so+0x924ba0], sa_mask[0]=11111111011111111101111111111110, sa_flags=SA_RESTART|SA_SIGINFO
SIGPIPE: [libjvm.so+0x924ba0], sa_mask[0]=11111111011111111101111111111110, sa_flags=SA_RESTART|SA_SIGINFO
SIGXFSZ: [libjvm.so+0x924ba0], sa_mask[0]=11111111011111111101111111111110, sa_flags=SA_RESTART|SA_SIGINFO
SIGILL: [libjvm.so+0x924ba0], sa_mask[0]=11111111011111111101111111111110, sa_flags=SA_RESTART|SA_SIGINFO
SIGUSR1: SIG_DFL, sa_mask[0]=00000000000000000000000000000000, sa_flags=none
SIGUSR2: [libjvm.so+0x9263e0], sa_mask[0]=00100000000000000000000000000000, sa_flags=SA_RESTART|SA_SIGINFO
SIGHUP: [libjvm.so+0x9277e0], sa_mask[0]=11111111011111111101111111111110, sa_flags=SA_RESTART|SA_SIGINFO
SIGINT: SIG_IGN, sa_mask[0]=00000000000000000000000000000000, sa_flags=none
SIGTERM: [libjvm.so+0x9277e0], sa_mask[0]=11111111011111111101111111111110, sa_flags=SA_RESTART|SA_SIGINFO
SIGQUIT: [libjvm.so+0x9277e0], sa_mask[0]=11111111011111111101111111111110, sa_flags=SA_RESTART|SA_SIGINFO


---------------  S Y S T E M  ---------------

OS:DISTRIB_ID=Ubuntu
DISTRIB_RELEASE=17.04
DISTRIB_CODENAME=zesty
DISTRIB_DESCRIPTION="Ubuntu 17.04"

uname:Linux 4.10.0-33-generic #37-Ubuntu SMP Fri Aug 11 10:55:28 UTC 2017 x86_64
libc:glibc 2.24 NPTL 2.24 
rlimit: STACK 8192k, CORE 0k, NPROC 15602, NOFILE 1048576, AS infinity
load average:0.72 0.55 0.73

/proc/meminfo:
MemTotal:        4039884 kB
MemFree:          110676 kB
MemAvailable:      22192 kB
Buffers:             416 kB
Cached:            45924 kB
SwapCached:         2132 kB
Active:          3179408 kB
Inactive:         529964 kB
Active(anon):    3166512 kB
Inactive(anon):   517064 kB
Active(file):      12896 kB
Inactive(file):    12900 kB
Unevictable:          32 kB
Mlocked:              32 kB
SwapTotal:       2097148 kB
SwapFree:             24 kB
Dirty:               108 kB
Writeback:             0 kB
AnonPages:       3661820 kB
Mapped:            31348 kB
Shmem:             20304 kB
Slab:              87972 kB
SReclaimable:      40488 kB
SUnreclaim:        47484 kB
KernelStack:       15784 kB
PageTables:        76572 kB
NFS_Unstable:          0 kB
Bounce:                0 kB
WritebackTmp:          0 kB
CommitLimit:     4117088 kB
Committed_AS:   10890480 kB
VmallocTotal:   34359738367 kB
VmallocUsed:           0 kB
VmallocChunk:          0 kB
HardwareCorrupted:     0 kB
AnonHugePages:   1142784 kB
ShmemHugePages:        0 kB
ShmemPmdMapped:        0 kB
CmaTotal:              0 kB
CmaFree:               0 kB
HugePages_Total:       0
HugePages_Free:        0
HugePages_Rsvd:        0
HugePages_Surp:        0
Hugepagesize:       2048 kB
DirectMap4k:      151472 kB
DirectMap2M:     4042752 kB


CPU:total 2 (initial active 2) (2 cores per cpu, 1 threads per core) family 6 model 70 stepping 1, cmov, cx8, fxsr, mmx, sse, sse2, sse3, ssse3, sse4.1, sse4.2, popcnt, avx, avx2, aes, clmul, erms, lzcnt, tsc, tscinvbit, bmi1, bmi2

/proc/cpuinfo:
processor	: 0
vendor_id	: GenuineIntel
cpu family	: 6
model		: 70
model name	: Intel(R) Core(TM) i7-4870HQ CPU @ 2.50GHz
stepping	: 1
microcode	: 0x13
cpu MHz		: 2494.226
cache size	: 6144 KB
physical id	: 0
siblings	: 2
core id		: 0
cpu cores	: 2
apicid		: 0
initial apicid	: 0
fpu		: yes
fpu_exception	: yes
cpuid level	: 13
wp		: yes
flags		: fpu vme de pse tsc msr pae mce cx8 apic sep mtrr pge mca cmov pat pse36 clflush mmx fxsr sse sse2 ss ht syscall nx rdtscp lm constant_tsc nopl xtopology nonstop_tsc pni pclmulqdq ssse3 fma cx16 pcid sse4_1 sse4_2 x2apic movbe popcnt tsc_deadline_timer aes xsave avx f16c rdrand hypervisor lahf_lm abm fsgsbase tsc_adjust bmi1 avx2 smep bmi2 invpcid xsaveopt dtherm arat pln pts
bugs		:
bogomips	: 4988.45
clflush size	: 64
cache_alignment	: 64
address sizes	: 36 bits physical, 48 bits virtual
power management:

processor	: 1
vendor_id	: GenuineIntel
cpu family	: 6
model		: 70
model name	: Intel(R) Core(TM) i7-4870HQ CPU @ 2.50GHz
stepping	: 1
microcode	: 0x13
cpu MHz		: 2494.226
cache size	: 6144 KB
physical id	: 0
siblings	: 2
core id		: 1
cpu cores	: 2
apicid		: 1
initial apicid	: 1
fpu		: yes
fpu_exception	: yes
cpuid level	: 13
wp		: yes
flags		: fpu vme de pse tsc msr pae mce cx8 apic sep mtrr pge mca cmov pat pse36 clflush mmx fxsr sse sse2 ss ht syscall nx rdtscp lm constant_tsc nopl xtopology nonstop_tsc pni pclmulqdq ssse3 fma cx16 pcid sse4_1 sse4_2 x2apic movbe popcnt tsc_deadline_timer aes xsave avx f16c rdrand hypervisor lahf_lm abm fsgsbase tsc_adjust bmi1 avx2 smep bmi2 invpcid xsaveopt dtherm arat pln pts
bugs		:
bogomips	: 4988.45
clflush size	: 64
cache_alignment	: 64
address sizes	: 36 bits physical, 48 bits virtual
power management:



Memory: 4k page, physical 4039884k(110852k free), swap 2097148k(28k free)

vm_info: Java HotSpot(TM) 64-Bit Server VM (25.144-b01) for linux-amd64 JRE (1.8.0_144-b01), built on Jul 21 2017 21:57:33 by "java_re" with gcc 4.3.0 20080428 (Red Hat 4.3.0-8)

time: Mon Sep 11 13:54:33 2017
elapsed time: 10 seconds (0d 0h 0m 10s)

