#
# There is insufficient memory for the Java Runtime Environment to continue.
# Native memory allocation (mmap) failed to map 86507520 bytes for committing reserved memory.
# Possible reasons:
#   The system is out of physical RAM or swap space
#   In 32 bit mode, the process size limit was hit
# Possible solutions:
#   Reduce memory load on the system
#   Increase physical memory or swap space
#   Check if swap backing store is full
#   Use 64 bit Java on a 64 bit OS
#   Decrease Java heap size (-Xmx/-Xms)
#   Decrease number of Java threads
#   Decrease Java thread stack sizes (-Xss)
#   Set larger code cache with -XX:ReservedCodeCacheSize=
# This output file may be truncated or incomplete.
#
#  Out of Memory Error (os_linux.cpp:2640), pid=29640, tid=0x00007fa6305ee700
#
# JRE version: Java(TM) SE Runtime Environment (8.0_151-b12) (build 1.8.0_151-b12)
# Java VM: Java HotSpot(TM) 64-Bit Server VM (25.151-b12 mixed mode linux-amd64 compressed oops)
# Failed to write core dump. Core dumps have been disabled. To enable core dumping, try "ulimit -c unlimited" before starting Java again
#

---------------  T H R E A D  ---------------

Current thread (0x00007fa644073800):  VMThread [stack: 0x00007fa6304ee000,0x00007fa6305ef000] [id=29646]

Stack: [0x00007fa6304ee000,0x00007fa6305ef000],  sp=0x00007fa6305ed2a0,  free space=1020k
Native frames: (J=compiled Java code, j=interpreted, Vv=VM code, C=native code)
V  [libjvm.so+0xacb58a]  VMError::report_and_die()+0x2ba
V  [libjvm.so+0x4ff4ab]  report_vm_out_of_memory(char const*, int, unsigned long, VMErrorType, char const*)+0x8b
V  [libjvm.so+0x928113]  os::Linux::commit_memory_impl(char*, unsigned long, bool)+0x103
V  [libjvm.so+0x928669]  os::pd_commit_memory(char*, unsigned long, unsigned long, bool)+0x29
V  [libjvm.so+0x92288a]  os::commit_memory(char*, unsigned long, unsigned long, bool)+0x2a
V  [libjvm.so+0x9973e3]  PSVirtualSpace::expand_by(unsigned long)+0x53
V  [libjvm.so+0x987ca0]  PSOldGen::expand(unsigned long)+0x170
V  [libjvm.so+0x987eab]  PSOldGen::resize(unsigned long)+0x1cb
V  [libjvm.so+0x98fbb1]  PSParallelCompact::invoke_no_policy(bool)+0x991
V  [libjvm.so+0x99550d]  PSScavenge::invoke()+0x1ad
V  [libjvm.so+0x94c0d0]  ParallelScavengeHeap::failed_mem_allocate(unsigned long)+0x70
V  [libjvm.so+0xaccfa7]  VM_ParallelGCFailedAllocation::doit()+0x97
V  [libjvm.so+0xad4a85]  VM_Operation::evaluate()+0x55
V  [libjvm.so+0xad2e5a]  VMThread::evaluate_operation(VM_Operation*)+0xba
V  [libjvm.so+0xad31de]  VMThread::loop()+0x1ce
V  [libjvm.so+0xad3650]  VMThread::run()+0x70
V  [libjvm.so+0x92a728]  java_start(Thread*)+0x108

VM_Operation (0x00007fa64b5a5fd0): ParallelGCFailedAllocation, mode: safepoint, requested by thread 0x00007fa64400a000


---------------  P R O C E S S  ---------------

Java Threads: ( => current thread )
  0x00007fa644573800 JavaThread "process reaper" daemon [_thread_blocked, id=29663, stack(0x00007fa61b646000,0x00007fa61b67f000)]
  0x00007fa6440ba800 JavaThread "Service Thread" daemon [_thread_blocked, id=29652, stack(0x00007fa61bbfc000,0x00007fa61bcfd000)]
  0x00007fa6440b7800 JavaThread "C1 CompilerThread1" daemon [_thread_blocked, id=29651, stack(0x00007fa61bcfd000,0x00007fa61bdfe000)]
  0x00007fa6440b4800 JavaThread "C2 CompilerThread0" daemon [_thread_blocked, id=29650, stack(0x00007fa61bdfe000,0x00007fa61beff000)]
  0x00007fa6440b3000 JavaThread "Signal Dispatcher" daemon [_thread_blocked, id=29649, stack(0x00007fa61beff000,0x00007fa61c000000)]
  0x00007fa644080000 JavaThread "Finalizer" daemon [_thread_blocked, id=29648, stack(0x00007fa6302ec000,0x00007fa6303ed000)]
  0x00007fa64407b800 JavaThread "Reference Handler" daemon [_thread_blocked, id=29647, stack(0x00007fa6303ed000,0x00007fa6304ee000)]
  0x00007fa64400a000 JavaThread "main" [_thread_blocked, id=29643, stack(0x00007fa64b4a9000,0x00007fa64b5aa000)]

Other Threads:
=>0x00007fa644073800 VMThread [stack: 0x00007fa6304ee000,0x00007fa6305ef000] [id=29646]
  0x00007fa6440bd000 WatcherThread [stack: 0x00007fa61bafb000,0x00007fa61bbfc000] [id=29653]

VM state:at safepoint (normal execution)

VM Mutex/Monitor currently owned by a thread:  ([mutex/lock_event])
[0x00007fa644005b20] ExpandHeap_lock - owner thread: 0x00007fa644073800
[0x00007fa6440061a0] Threads_lock - owner thread: 0x00007fa644073800
[0x00007fa6440066a0] Heap_lock - owner thread: 0x00007fa64400a000

Heap:
 PSYoungGen      total 281088K, used 10159K [0x00000000e0f00000, 0x00000000f5b80000, 0x0000000100000000)
  eden space 266240K, 0% used [0x00000000e0f00000,0x00000000e0f00000,0x00000000f1300000)
  from space 14848K, 68% used [0x00000000f4d00000,0x00000000f56ebf18,0x00000000f5b80000)
  to   space 36352K, 0% used [0x00000000f1480000,0x00000000f1480000,0x00000000f3800000)
 ParOldGen       total 75776K, used 75347K [0x00000000a2c00000, 0x00000000a7600000, 0x00000000e0f00000)
  object space 75776K, 99% used [0x00000000a2c00000,0x00000000a7594e30,0x00000000a7600000)
 Metaspace       used 21619K, capacity 22256K, committed 22576K, reserved 1069056K
  class space    used 2492K, capacity 2650K, committed 2688K, reserved 1048576K

Card table byte_map: [0x00007fa634d15000,0x00007fa635000000] byte_map_base: 0x00007fa6347ff000

Marking Bits: (ParMarkBitMap*) 0x00007fa64a984f80
 Begin Bits: [0x00007fa631c73000, 0x00007fa6333c3000)
 End Bits:   [0x00007fa6333c3000, 0x00007fa634b13000)

Polling page: 0x00007fa64b5d2000

CodeCache: size=245760Kb used=12726Kb max_used=12726Kb free=233033Kb
 bounds [0x00007fa635000000, 0x00007fa635c90000, 0x00007fa644000000]
 total_blobs=4193 nmethods=3813 adapters=292
 compilation: enabled

Compilation events (10 events):
Event: 8.437 Thread 0x00007fa6440b7800 4349       1       com.sun.tools.javac.code.Type$MethodType::getThrownTypes (5 bytes)
Event: 8.437 Thread 0x00007fa6440b7800 nmethod 4349 0x00007fa635533390 code [0x00007fa6355334e0, 0x00007fa6355335f0]
Event: 8.441 Thread 0x00007fa6440b7800 4351       2       com.sun.tools.javac.jvm.ClassReader::skipMember (55 bytes)
Event: 8.441 Thread 0x00007fa6440b7800 nmethod 4351 0x00007fa635532f10 code [0x00007fa635533080, 0x00007fa635533298]
Event: 8.441 Thread 0x00007fa6440b7800 4353       2       com.sun.tools.javac.jvm.ClassReader::readName (55 bytes)
Event: 8.441 Thread 0x00007fa6440b7800 nmethod 4353 0x00007fa635532150 code [0x00007fa635532340, 0x00007fa6355329f8]
Event: 8.441 Thread 0x00007fa6440b7800 4355       2       com.sun.tools.javac.code.Symbol$ClassSymbol::erasure (38 bytes)
Event: 8.442 Thread 0x00007fa6440b7800 nmethod 4355 0x00007fa6354e5f10 code [0x00007fa6354e60c0, 0x00007fa6354e6488]
Event: 8.442 Thread 0x00007fa6440b7800 4352       1       com.sun.tools.javac.code.Type::isPrimitive (2 bytes)
Event: 8.442 Thread 0x00007fa6440b7800 nmethod 4352 0x00007fa635531e90 code [0x00007fa635531fe0, 0x00007fa6355320f0]

GC Heap History (10 events):
Event: 3.921 GC heap after
Heap after GC invocations=7 (full 0):
 PSYoungGen      total 105472K, used 7152K [0x00000000e0f00000, 0x00000000ee100000, 0x0000000100000000)
  eden space 98304K, 0% used [0x00000000e0f00000,0x00000000e0f00000,0x00000000e6f00000)
  from space 7168K, 99% used [0x00000000e6f00000,0x00000000e75fc010,0x00000000e7600000)
  to   space 9216K, 0% used [0x00000000ed800000,0x00000000ed800000,0x00000000ee100000)
 ParOldGen       total 64512K, used 10802K [0x00000000a2c00000, 0x00000000a6b00000, 0x00000000e0f00000)
  object space 64512K, 16% used [0x00000000a2c00000,0x00000000a368c9e8,0x00000000a6b00000)
 Metaspace       used 14399K, capacity 14758K, committed 14848K, reserved 1062912K
  class space    used 1655K, capacity 1769K, committed 1792K, reserved 1048576K
}
Event: 5.074 GC heap before
{Heap before GC invocations=8 (full 0):
 PSYoungGen      total 105472K, used 105456K [0x00000000e0f00000, 0x00000000ee100000, 0x0000000100000000)
  eden space 98304K, 100% used [0x00000000e0f00000,0x00000000e6f00000,0x00000000e6f00000)
  from space 7168K, 99% used [0x00000000e6f00000,0x00000000e75fc010,0x00000000e7600000)
  to   space 9216K, 0% used [0x00000000ed800000,0x00000000ed800000,0x00000000ee100000)
 ParOldGen       total 64512K, used 10802K [0x00000000a2c00000, 0x00000000a6b00000, 0x00000000e0f00000)
  object space 64512K, 16% used [0x00000000a2c00000,0x00000000a368c9e8,0x00000000a6b00000)
 Metaspace       used 16603K, capacity 17164K, committed 17536K, reserved 1064960K
  class space    used 1908K, capacity 2058K, committed 2176K, reserved 1048576K
Event: 5.101 GC heap after
Heap after GC invocations=8 (full 0):
 PSYoungGen      total 203264K, used 9216K [0x00000000e0f00000, 0x00000000ee600000, 0x0000000100000000)
  eden space 194048K, 0% used [0x00000000e0f00000,0x00000000e0f00000,0x00000000ecc80000)
  from space 9216K, 100% used [0x00000000ed800000,0x00000000ee100000,0x00000000ee100000)
  to   space 11776K, 0% used [0x00000000ecc80000,0x00000000ecc80000,0x00000000ed800000)
 ParOldGen       total 64512K, used 14529K [0x00000000a2c00000, 0x00000000a6b00000, 0x00000000e0f00000)
  object space 64512K, 22% used [0x00000000a2c00000,0x00000000a3a307a8,0x00000000a6b00000)
 Metaspace       used 16603K, capacity 17164K, committed 17536K, reserved 1064960K
  class space    used 1908K, capacity 2058K, committed 2176K, reserved 1048576K
}
Event: 6.095 GC heap before
{Heap before GC invocations=9 (full 0):
 PSYoungGen      total 203264K, used 102282K [0x00000000e0f00000, 0x00000000ee600000, 0x0000000100000000)
  eden space 194048K, 47% used [0x00000000e0f00000,0x00000000e69e2940,0x00000000ecc80000)
  from space 9216K, 100% used [0x00000000ed800000,0x00000000ee100000,0x00000000ee100000)
  to   space 11776K, 0% used [0x00000000ecc80000,0x00000000ecc80000,0x00000000ed800000)
 ParOldGen       total 64512K, used 14529K [0x00000000a2c00000, 0x00000000a6b00000, 0x00000000e0f00000)
  object space 64512K, 22% used [0x00000000a2c00000,0x00000000a3a307a8,0x00000000a6b00000)
 Metaspace       used 20555K, capacity 21136K, committed 21296K, reserved 1069056K
  class space    used 2437K, capacity 2618K, committed 2688K, reserved 1048576K
Event: 6.162 GC heap after
Heap after GC invocations=9 (full 0):
 PSYoungGen      total 205824K, used 11748K [0x00000000e0f00000, 0x00000000f5b80000, 0x0000000100000000)
  eden space 194048K, 0% used [0x00000000e0f00000,0x00000000e0f00000,0x00000000ecc80000)
  from space 11776K, 99% used [0x00000000ecc80000,0x00000000ed7f9308,0x00000000ed800000)
  to   space 14848K, 0% used [0x00000000f4d00000,0x00000000f4d00000,0x00000000f5b80000)
 ParOldGen       total 64512K, used 17855K [0x00000000a2c00000, 0x00000000a6b00000, 0x00000000e0f00000)
  object space 64512K, 27% used [0x00000000a2c00000,0x00000000a3d6fd28,0x00000000a6b00000)
 Metaspace       used 20555K, capacity 21136K, committed 21296K, reserved 1069056K
  class space    used 2437K, capacity 2618K, committed 2688K, reserved 1048576K
}
Event: 6.163 GC heap before
{Heap before GC invocations=10 (full 1):
 PSYoungGen      total 205824K, used 11748K [0x00000000e0f00000, 0x00000000f5b80000, 0x0000000100000000)
  eden space 194048K, 0% used [0x00000000e0f00000,0x00000000e0f00000,0x00000000ecc80000)
  from space 11776K, 99% used [0x00000000ecc80000,0x00000000ed7f9308,0x00000000ed800000)
  to   space 14848K, 0% used [0x00000000f4d00000,0x00000000f4d00000,0x00000000f5b80000)
 ParOldGen       total 64512K, used 17855K [0x00000000a2c00000, 0x00000000a6b00000, 0x00000000e0f00000)
  object space 64512K, 27% used [0x00000000a2c00000,0x00000000a3d6fd28,0x00000000a6b00000)
 Metaspace       used 20555K, capacity 21136K, committed 21296K, reserved 1069056K
  class space    used 2437K, capacity 2618K, committed 2688K, reserved 1048576K
Event: 6.346 GC heap after
Heap after GC invocations=10 (full 1):
 PSYoungGen      total 205824K, used 0K [0x00000000e0f00000, 0x00000000f5b80000, 0x0000000100000000)
  eden space 194048K, 0% used [0x00000000e0f00000,0x00000000e0f00000,0x00000000ecc80000)
  from space 11776K, 0% used [0x00000000ecc80000,0x00000000ecc80000,0x00000000ed800000)
  to   space 14848K, 0% used [0x00000000f4d00000,0x00000000f4d00000,0x00000000f5b80000)
 ParOldGen       total 63488K, used 23018K [0x00000000a2c00000, 0x00000000a6a00000, 0x00000000e0f00000)
  object space 63488K, 36% used [0x00000000a2c00000,0x00000000a427a928,0x00000000a6a00000)
 Metaspace       used 20555K, capacity 21136K, committed 21296K, reserved 1069056K
  class space    used 2437K, capacity 2618K, committed 2688K, reserved 1048576K
}
Event: 8.444 GC heap before
{Heap before GC invocations=11 (full 1):
 PSYoungGen      total 205824K, used 194048K [0x00000000e0f00000, 0x00000000f5b80000, 0x0000000100000000)
  eden space 194048K, 100% used [0x00000000e0f00000,0x00000000ecc80000,0x00000000ecc80000)
  from space 11776K, 0% used [0x00000000ecc80000,0x00000000ecc80000,0x00000000ed800000)
  to   space 14848K, 0% used [0x00000000f4d00000,0x00000000f4d00000,0x00000000f5b80000)
 ParOldGen       total 63488K, used 23018K [0x00000000a2c00000, 0x00000000a6a00000, 0x00000000e0f00000)
  object space 63488K, 36% used [0x00000000a2c00000,0x00000000a427a928,0x00000000a6a00000)
 Metaspace       used 21619K, capacity 22256K, committed 22576K, reserved 1069056K
  class space    used 2492K, capacity 2650K, committed 2688K, reserved 1048576K
Event: 8.608 GC heap after
Heap after GC invocations=11 (full 1):
 PSYoungGen      total 281088K, used 14840K [0x00000000e0f00000, 0x00000000f5b80000, 0x0000000100000000)
  eden space 266240K, 0% used [0x00000000e0f00000,0x00000000e0f00000,0x00000000f1300000)
  from space 14848K, 99% used [0x00000000f4d00000,0x00000000f5b7e150,0x00000000f5b80000)
  to   space 36352K, 0% used [0x00000000f1480000,0x00000000f1480000,0x00000000f3800000)
 ParOldGen       total 75776K, used 75660K [0x00000000a2c00000, 0x00000000a7600000, 0x00000000e0f00000)
  object space 75776K, 99% used [0x00000000a2c00000,0x00000000a75e32d0,0x00000000a7600000)
 Metaspace       used 21619K, capacity 22256K, committed 22576K, reserved 1069056K
  class space    used 2492K, capacity 2650K, committed 2688K, reserved 1048576K
}
Event: 8.608 GC heap before
{Heap before GC invocations=12 (full 2):
 PSYoungGen      total 281088K, used 14840K [0x00000000e0f00000, 0x00000000f5b80000, 0x0000000100000000)
  eden space 266240K, 0% used [0x00000000e0f00000,0x00000000e0f00000,0x00000000f1300000)
  from space 14848K, 99% used [0x00000000f4d00000,0x00000000f5b7e150,0x00000000f5b80000)
  to   space 36352K, 0% used [0x00000000f1480000,0x00000000f1480000,0x00000000f3800000)
 ParOldGen       total 75776K, used 75660K [0x00000000a2c00000, 0x00000000a7600000, 0x00000000e0f00000)
  object space 75776K, 99% used [0x00000000a2c00000,0x00000000a75e32d0,0x00000000a7600000)
 Metaspace       used 21619K, capacity 22256K, committed 22576K, reserved 1069056K
  class space    used 2492K, capacity 2650K, committed 2688K, reserved 1048576K

Deoptimization events (10 events):
Event: 6.357 Thread 0x00007fa64400a000 Uncommon trap: reason=class_check action=maybe_recompile pc=0x00007fa6351b52b8 method=sun.misc.URLClassPath.getLoader(I)Lsun/misc/URLClassPath$Loader; @ 94
Event: 6.388 Thread 0x00007fa64400a000 Uncommon trap: reason=unstable_if action=reinterpret pc=0x00007fa635bae530 method=sun.misc.URLClassPath$JarLoader.getResource(Ljava/lang/String;Z)Lsun/misc/Resource; @ 62
Event: 6.397 Thread 0x00007fa64400a000 Uncommon trap: reason=unstable_if action=reinterpret pc=0x00007fa635989558 method=java.io.BufferedReader.readLine(Z)Ljava/lang/String; @ 192
Event: 6.401 Thread 0x00007fa64400a000 Uncommon trap: reason=unstable_if action=reinterpret pc=0x00007fa6351b54a0 method=java.util.HashMap.putVal(ILjava/lang/Object;Ljava/lang/Object;ZZ)Ljava/lang/Object; @ 193
Event: 6.564 Thread 0x00007fa64400a000 Uncommon trap: reason=unstable_if action=reinterpret pc=0x00007fa63516abc0 method=com.sun.tools.javac.parser.UnicodeReader.scanChar()V @ 37
Event: 6.564 Thread 0x00007fa64400a000 Uncommon trap: reason=unstable_if action=reinterpret pc=0x00007fa6353147e0 method=com.sun.tools.javac.parser.UnicodeReader.scanChar()V @ 37
Event: 6.565 Thread 0x00007fa64400a000 Uncommon trap: reason=unstable_if action=reinterpret pc=0x00007fa6355f7110 method=com.sun.tools.javac.parser.UnicodeReader.scanChar()V @ 37
Event: 6.878 Thread 0x00007fa64400a000 Uncommon trap: reason=unstable_if action=reinterpret pc=0x00007fa6352276c4 method=com.sun.tools.javac.parser.JavaTokenizer.readToken()Lcom/sun/tools/javac/parser/Tokens$Token; @ 961
Event: 7.173 Thread 0x00007fa64400a000 Uncommon trap: reason=unstable_if action=reinterpret pc=0x00007fa63516cc70 method=com.sun.tools.javac.util.ArrayUtils.ensureCapacity([BI)[B @ 3
Event: 7.443 Thread 0x00007fa64400a000 Uncommon trap: reason=unstable_if action=reinterpret pc=0x00007fa6359d84dc method=com.sun.tools.javac.parser.UnicodeReader.scanCommentChar()V @ 10

Internal exceptions (10 events):
Event: 6.391 Thread 0x00007fa64400a000 Exception <a 'java/security/PrivilegedActionException'> (0x00000000e10ea438) thrown at [/HUDSON/workspace/8-2-build-linux-amd64/jdk8u151/9699/hotspot/src/share/vm/prims/jvm.cpp, line 1390]
Event: 6.402 Thread 0x00007fa64400a000 Exception <a 'java/security/PrivilegedActionException'> (0x00000000e116b648) thrown at [/HUDSON/workspace/8-2-build-linux-amd64/jdk8u151/9699/hotspot/src/share/vm/prims/jvm.cpp, line 1390]
Event: 6.402 Thread 0x00007fa64400a000 Exception <a 'java/security/PrivilegedActionException'> (0x00000000e116ba40) thrown at [/HUDSON/workspace/8-2-build-linux-amd64/jdk8u151/9699/hotspot/src/share/vm/prims/jvm.cpp, line 1390]
Event: 7.982 Thread 0x00007fa64400a000 Exception <a 'java/io/FileNotFoundException'> (0x00000000e9df67b8) thrown at [/HUDSON/workspace/8-2-build-linux-amd64/jdk8u151/9699/hotspot/src/share/vm/prims/jni.cpp, line 709]
Event: 7.986 Thread 0x00007fa64400a000 Exception <a 'java/io/FileNotFoundException'> (0x00000000e9e2b970) thrown at [/HUDSON/workspace/8-2-build-linux-amd64/jdk8u151/9699/hotspot/src/share/vm/prims/jni.cpp, line 709]
Event: 8.151 Thread 0x00007fa64400a000 Exception <a 'java/io/FileNotFoundException'> (0x00000000eaf3dd18) thrown at [/HUDSON/workspace/8-2-build-linux-amd64/jdk8u151/9699/hotspot/src/share/vm/prims/jni.cpp, line 709]
Event: 8.151 Thread 0x00007fa64400a000 Exception <a 'java/io/FileNotFoundException'> (0x00000000eaf3ea38) thrown at [/HUDSON/workspace/8-2-build-linux-amd64/jdk8u151/9699/hotspot/src/share/vm/prims/jni.cpp, line 709]
Event: 8.151 Thread 0x00007fa64400a000 Exception <a 'java/io/FileNotFoundException'> (0x00000000eaf3f760) thrown at [/HUDSON/workspace/8-2-build-linux-amd64/jdk8u151/9699/hotspot/src/share/vm/prims/jni.cpp, line 709]
Event: 8.189 Thread 0x00007fa64400a000 Exception <a 'java/io/FileNotFoundException'> (0x00000000eb3abe00) thrown at [/HUDSON/workspace/8-2-build-linux-amd64/jdk8u151/9699/hotspot/src/share/vm/prims/jni.cpp, line 709]
Event: 8.189 Thread 0x00007fa64400a000 Exception <a 'java/io/FileNotFoundException'> (0x00000000eb3cb398) thrown at [/HUDSON/workspace/8-2-build-linux-amd64/jdk8u151/9699/hotspot/src/share/vm/prims/jni.cpp, line 709]

Events (10 events):
Event: 8.417 loading class com/sun/tools/javac/jvm/ClassReader$ProxyVisitor done
Event: 8.417 loading class com/sun/tools/javac/code/Scope$1
Event: 8.417 loading class com/sun/tools/javac/code/Scope$1 done
Event: 8.418 loading class com/sun/tools/javac/code/Type$ArrayType$1
Event: 8.418 loading class com/sun/tools/javac/code/Type$ArrayType$1 done
Event: 8.419 loading class com/sun/tools/javac/jvm/Code
Event: 8.419 loading class com/sun/tools/javac/jvm/Code done
Event: 8.422 loading class com/sun/tools/javac/jvm/Code$1
Event: 8.422 loading class com/sun/tools/javac/jvm/Code$1 done
Event: 8.444 Executing VM operation: ParallelGCFailedAllocation


Dynamic libraries:
00400000-00401000 r-xp 00000000 08:01 2106513                            /usr/lib/jvm/java-8-oracle/bin/java
00600000-00601000 rw-p 00000000 08:01 2106513                            /usr/lib/jvm/java-8-oracle/bin/java
018f4000-01915000 rw-p 00000000 00:00 0                                  [heap]
a2c00000-a7600000 rw-p 00000000 00:00 0 
ac880000-e0f00000 ---p 00000000 00:00 0 
e0f00000-f5b80000 rw-p 00000000 00:00 0 
f5b80000-100000000 ---p 00000000 00:00 0 
100000000-1002a0000 rw-p 00000000 00:00 0 
1002a0000-140000000 ---p 00000000 00:00 0 
7fa5fc000000-7fa5fc021000 rw-p 00000000 00:00 0 
7fa5fc021000-7fa600000000 ---p 00000000 00:00 0 
7fa602eac000-7fa602ead000 r--s 00002000 08:01 921105                     /home/madunlap/.m2/repository/com/google/auto/service/auto-service/1.0-rc2/auto-service-1.0-rc2.jar
7fa602ead000-7fa602eaf000 r--s 0000c000 08:01 921153                     /home/madunlap/.m2/repository/com/lyncode/xoai-service-provider/4.1.0-header-patch/xoai-service-provider-4.1.0-header-patch.jar
7fa602eaf000-7fa602eb0000 r--s 00001000 08:01 921104                     /home/madunlap/.m2/repository/com/lyncode/builder-commons/1.0.2/builder-commons-1.0.2.jar
7fa602eb0000-7fa602eb3000 r--s 00012000 08:01 921152                     /home/madunlap/.m2/repository/com/lyncode/xoai-data-provider/4.1.0-header-patch/xoai-data-provider-4.1.0-header-patch.jar
7fa602eb3000-7fa602eb5000 r--s 00005000 08:01 791390                     /home/madunlap/.m2/repository/stax/stax-api/1.0.1/stax-api-1.0.1.jar
7fa602eb5000-7fa602ebb000 r--s 00048000 08:01 921101                     /home/madunlap/.m2/repository/org/apache/commons/commons-lang3/3.1/commons-lang3-3.1.jar
7fa602ebb000-7fa602ebd000 r--s 00004000 08:01 921097                     /home/madunlap/.m2/repository/javax/xml/stream/stax-api/1.0-2/stax-api-1.0-2.jar
7fa602ebd000-7fa602ec1000 r--s 00029000 08:01 921098                     /home/madunlap/.m2/repository/org/codehaus/woodstox/stax2-api/3.0.4/stax2-api-3.0.4.jar
7fa602ec1000-7fa602ec7000 r--s 00045000 08:01 921095                     /home/madunlap/.m2/repository/org/hamcrest/hamcrest-all/1.3/hamcrest-all-1.3.jar
7fa602ec7000-7fa602ec8000 r--s 00003000 08:01 921092                     /home/madunlap/.m2/repository/com/lyncode/test-support/1.0.4/test-support-1.0.4.jar
7fa602ec8000-7fa602eca000 r--s 00004000 08:01 921090                     /home/madunlap/.m2/repository/com/lyncode/xml-io/1.0.3/xml-io-1.0.3.jar
7fa602eca000-7fa602ecc000 r--s 0000d000 08:01 921151                     /home/madunlap/.m2/repository/com/lyncode/xoai-common/4.1.0-header-patch/xoai-common-4.1.0-header-patch.jar
7fa602ecc000-7fa602ecf000 r--s 00011000 08:01 921088                     /home/madunlap/.m2/repository/com/github/scribejava/scribejava-core/3.1.0/scribejava-core-3.1.0.jar
7fa602ecf000-7fa602ed2000 r--s 00010000 08:01 921084                     /home/madunlap/.m2/repository/com/github/scribejava/scribejava-apis/3.1.0/scribejava-apis-3.1.0.jar
7fa602ed2000-7fa602edb000 r--s 0006f000 08:01 921083                     /home/madunlap/.m2/repository/log4j/log4j/1.2.17/log4j-1.2.17.jar
7fa602edb000-7fa602fb2000 r--s 007aa000 08:01 921093                     /home/madunlap/.m2/repository/net/sf/ehcache/ehcache/2.10.1/ehcache-2.10.1.jar
7fa602fb2000-7fa602fb4000 r--s 00008000 08:01 921082                     /home/madunlap/.m2/repository/org/apache/commons/commons-csv/1.2/commons-csv-1.2.jar
7fa602fb4000-7fa602fb8000 r--s 00035000 08:01 921081                     /home/madunlap/.m2/repository/com/fasterxml/jackson/core/jackson-core/2.5.3/jackson-core-2.5.3.jar
7fa602fb8000-7fa602fba000 r--s 00008000 08:01 921075                     /home/madunlap/.m2/repository/com/fasterxml/jackson/core/jackson-annotations/2.5.0/jackson-annotations-2.5.0.jar
7fa602fba000-7fa602fcc000 r--s 00106000 08:01 921073                     /home/madunlap/.m2/repository/com/fasterxml/jackson/core/jackson-databind/2.5.3/jackson-databind-2.5.3.jar
7fa602fcc000-7fa602fcf000 r--s 00006000 08:01 921070                     /home/madunlap/.m2/repository/com/google/code/findbugs/jsr305/1.3.9/jsr305-1.3.9.jar
7fa602fcf000-7fa602fd5000 r--s 00040000 08:01 921074                     /home/madunlap/.m2/repository/com/google/http-client/google-http-client/1.20.0/google-http-client-1.20.0.jar
7fa602fd5000-7fa602fd6000 r--s 00004000 08:01 921066                     /home/madunlap/.m2/repository/com/maxmind/db/maxmind-db/1.0.0/maxmind-db-1.0.0.jar
7fa602fd6000-7fa602fd8000 r--s 00007000 08:01 921064                     /home/madunlap/.m2/repository/com/maxmind/geoip2/geoip2/2.3.1/geoip2-2.3.1.jar
7fa602fd8000-7fa602fdc000 r--s 00034000 08:01 921067                     /home/madunlap/.m2/repository/org/codehaus/jackson/jackson-core-asl/1.9.7/jackson-core-asl-1.9.7.jar
7fa602fdc000-7fa602feb000 r--s 000b0000 08:01 921065                     /home/madunlap/.m2/repository/org/codehaus/jackson/jackson-mapper-asl/1.9.7/jackson-mapper-asl-1.9.7.jar
7fa602feb000-7fa602ff5000 r--s 0003d000 08:01 921060                     /home/madunlap/.m2/repository/org/javaswift/joss/0.9.10/joss-0.9.10.jar
7fa602ff5000-7fa603002000 r--s 00080000 08:01 791293                     /home/madunlap/.m2/repository/org/hibernate/hibernate-validator/5.0.3.Final/hibernate-validator-5.0.3.Final.jar
7fa603002000-7fa60300c000 r--s 0006b000 08:01 791289                     /home/madunlap/.m2/repository/org/omnifaces/omnifaces/1.7/omnifaces-1.7.jar
7fa60300c000-7fa60301b000 r--s 000c4000 08:01 791290                     /home/madunlap/.m2/repository/org/atmosphere/atmosphere-runtime/2.4.2/atmosphere-runtime-2.4.2.jar
7fa60301b000-7fa60302f000 r--s 0013a000 08:01 791121                     /home/madunlap/.m2/repository/org/primefaces/themes/all-themes/1.0.10/all-themes-1.0.10.jar
7fa60302f000-7fa60305b000 r--s 00318000 08:01 791288                     /home/madunlap/.m2/repository/org/primefaces/primefaces/5.3/primefaces-5.3.jar
7fa60305b000-7fa60307d000 r--s 00120000 08:01 791284                     /home/madunlap/.m2/repository/javax/javaee-web-api/7.0/javaee-web-api-7.0.jar
7fa60307d000-7fa60307f000 r--s 0000e000 08:01 791282                     /home/madunlap/.m2/repository/javax/activation/activation/1.1/activation-1.1.jar
7fa60307f000-7fa603087000 r--s 00078000 08:01 791280                     /home/madunlap/.m2/repository/com/sun/mail/javax.mail/1.5.0/javax.mail-1.5.0.jar
7fa603087000-7fa6030bb000 r--s 001a4000 08:01 791278                     /home/madunlap/.m2/repository/javax/javaee-api/7.0/javaee-api-7.0.jar
7fa6030bb000-7fa6030e6000 r--s 001f5000 08:01 791277                     /home/madunlap/.m2/repository/com/google/guava/guava/16.0.1/guava-16.0.1.jar
7fa6030e6000-7fa6030e7000 r--s 00004000 08:01 791275                     /home/madunlap/.m2/repository/org/mindrot/jbcrypt/0.3m/jbcrypt-0.3m.jar
7fa6030e7000-7fa603105000 r--s 0027d000 08:01 791273                     /home/madunlap/.m2/repository/xalan/xalan/2.7.0/xalan-2.7.0.jar
7fa603105000-7fa603119000 r--s 000e3000 08:01 791272                     /home/madunlap/.m2/repository/xerces/xercesImpl/2.6.2/xercesImpl-2.6.2.jar
7fa603119000-7fa60311f000 r--s 00019000 08:01 791270                     /home/madunlap/.m2/repository/xerces/xmlParserAPIs/2.6.2/xmlParserAPIs-2.6.2.jar
7fa60311f000-7fa603126000 r--s 00063000 08:01 791268                     /home/madunlap/.m2/repository/xom/xom/1.1/xom-1.1.jar
7fa603126000-7fa60312b000 r--s 0002a000 08:01 791265                     /home/madunlap/.m2/repository/com/google/code/gson/gson/2.2.4/gson-2.2.4.jar
7fa60312b000-7fa60312f000 r--s 00027000 08:01 791263                     /home/madunlap/.m2/repository/commons-io/commons-io/2.2/commons-io-2.2.jar
7fa60312f000-7fa603131000 r--s 0000f000 08:01 791260                     /home/madunlap/.m2/repository/commons-fileupload/commons-fileupload/1.3.1/commons-fileupload-1.3.1.jar
7fa603131000-7fa603137000 r--s 00032000 08:01 791261                     /home/madunlap/.m2/repository/jaxen/jaxen/1.1.1/jaxen-1.1.1.jar
7fa603137000-7fa60313e000 r--s 00079000 08:01 661348                     /home/madunlap/.m2/repository/org/codehaus/woodstox/wstx-asl/3.2.6/wstx-asl-3.2.6.jar
7fa60313e000-7fa603143000 r--s 00070000 08:01 661349                     /home/madunlap/.m2/repository/org/codehaus/woodstox/woodstox-core-asl/4.1.4/woodstox-core-asl-4.1.4.jar
7fa603143000-7fa603147000 r--s 00026000 08:01 791256                     /home/madunlap/.m2/repository/org/apache/ws/commons/axiom/axiom-impl/1.2.14/axiom-impl-1.2.14.jar
7fa603147000-7fa60314a000 r--s 00015000 08:01 791254                     /home/madunlap/.m2/repository/org/apache/james/apache-mime4j-core/0.7.2/apache-mime4j-core-0.7.2.jar
7fa60314a000-7fa60314f000 r--s 00032000 08:01 791252                     /home/madunlap/.m2/repository/org/apache/geronimo/specs/geronimo-javamail_1.4_spec/1.7.1/geronimo-javamail_1.4_spec-1.7.1.jar
7fa60314f000-7fa603159000 r--s 0005d000 08:01 791250                     /home/madunlap/.m2/repository/org/apache/ws/commons/axiom/axiom-api/1.2.14/axiom-api-1.2.14.jar
7fa603159000-7fa60315c000 r--s 0014e000 08:01 791249                     /home/madunlap/.m2/repository/org/apache/abdera/abdera-parser/1.1.3/abdera-parser-1.1.3.jar
7fa60315c000-7fa60315e000 r--s 00006000 08:01 791245                     /home/madunlap/.m2/repository/org/apache/geronimo/specs/geronimo-stax-api_1.0_spec/1.0.1/geronimo-stax-api_1.0_spec-1.0.1.jar
7fa60315e000-7fa603160000 r--s 0000a000 08:01 791243                     /home/madunlap/.m2/repository/org/apache/geronimo/specs/geronimo-activation_1.1_spec/1.1/geronimo-activation_1.1_spec-1.1.jar
7fa603160000-7fa603164000 r--s 00094000 08:01 791246                     /home/madunlap/.m2/repository/org/apache/abdera/abdera-i18n/1.1.3/abdera-i18n-1.1.3.jar
7fa603164000-7fa603168000 r--s 00024000 08:01 791241                     /home/madunlap/.m2/repository/org/apache/abdera/abdera-core/1.1.3/abdera-core-1.1.3.jar
7fa603168000-7fa603181000 r--s 002fd000 08:01 791240                     /home/madunlap/.m2/repository/com/ibm/icu/icu4j/3.4.4/icu4j-3.4.4.jar
7fa603181000-7fa603184000 r--s 00023000 08:01 791237                     /home/madunlap/.m2/repository/com/hp/hpl/jena/iri/0.8/iri-0.8.jar
7fa603184000-7fa6031a7000 r--s 001ae000 08:01 791235                     /home/madunlap/.m2/repository/com/hp/hpl/jena/jena/2.6.4/jena-2.6.4.jar
7fa6031a7000-7fa6031a9000 r--s 0000d000 08:01 791233                     /home/madunlap/.m2/repository/org/apache/abdera/abdera-client/1.1.1/abdera-client-1.1.1.jar
7fa6031a9000-7fa6031ab000 r--s 00016000 08:01 791230                     /home/madunlap/.m2/repository/javax/servlet/servlet-api/2.4/servlet-api-2.4.jar
7fa6031ab000-7fa6031ae000 r--s 0000f000 08:01 791226                     /home/madunlap/.m2/repository/org/swordapp/sword2-server/1.0/sword2-server-1.0-classes.jar
7fa6031ae000-7fa6031b3000 r--s 00040000 08:01 791224                     /home/madunlap/.m2/repository/commons-httpclient/commons-httpclient/3.0.1/commons-httpclient-3.0.1.jar
7fa6031b3000-7fa6031f3000 r--s 00285000 08:01 925253                     /home/madunlap/.m2/repository/org/bouncycastle/bcprov-jdk15on/1.52/bcprov-jdk15on-1.52.jar
7fa6031f3000-7fa6031f7000 r--s 00021000 08:01 925254                     /home/madunlap/.m2/repository/org/cryptacular/cryptacular/1.1.0/cryptacular-1.1.0.jar
7fa6031f7000-7fa6031fa000 r--s 00011000 08:01 925252                     /home/madunlap/.m2/repository/org/passay/passay/1.1.0/passay-1.1.0.jar
7fa6031fa000-7fa603606000 r--s 03c80000 08:01 791225                     /home/madunlap/.m2/repository/com/amazonaws/aws-java-sdk-bundle/1.11.172/aws-java-sdk-bundle-1.11.172.jar
7fa603606000-7fa60360d000 r--s 0003a000 08:01 921056                     /home/madunlap/.m2/repository/commons-codec/commons-codec/1.9/commons-codec-1.9.jar
7fa60360d000-7fa603614000 r--s 00048000 08:01 921054                     /home/madunlap/.m2/repository/org/apache/httpcomponents/httpcore/4.4.1/httpcore-4.4.1.jar
7fa603614000-7fa603621000 r--s 000a4000 08:01 921052                     /home/madunlap/.m2/repository/org/apache/httpcomponents/httpclient/4.4.1/httpclient-4.4.1.jar
7fa603621000-7fa603625000 r--s 00028000 08:01 921050                     /home/madunlap/.m2/repository/org/apache/httpcomponents/httpasyncclient/4.1/httpasyncclient-4.1.jar
7fa603625000-7fa60362c000 r--s 00050000 08:01 921049                     /home/madunlap/.m2/repository/org/apache/httpcomponents/httpcore-nio/4.4.1/httpcore-nio-4.4.1.jar
7fa60362c000-7fa603632000 r--s 00033000 08:01 921046                     /home/madunlap/.m2/repository/io/searchbox/jest-common/0.1.7/jest-common-0.1.7.jar
7fa603632000-7fa603633000 r--s 00004000 08:01 921045                     /home/madunlap/.m2/repository/io/searchbox/jest/0.1.7/jest-0.1.7.jar
7fa603633000-7fa603634000 r--s 00004000 08:01 921039                     /home/madunlap/.m2/repository/org/apache/axis/axis-saaj/1.4/axis-saaj-1.4.jar
7fa603634000-7fa603636000 r--s 00006000 08:01 921036                     /home/madunlap/.m2/repository/org/apache/axis/axis-jaxrpc/1.4/axis-jaxrpc-1.4.jar
7fa603636000-7fa60364a000 r--s 00173000 08:01 921038                     /home/madunlap/.m2/repository/axis/axis/1.4/axis-1.4.jar
7fa60364a000-7fa603666000 r--s 00103000 08:01 921030                     /home/madunlap/.m2/repository/org/mockito/mockito-core/1.10.19/mockito-core-1.10.19.jar
7fa603666000-7fa603668000 r--s 00001000 08:01 921031                     /home/madunlap/.m2/repository/org/slf4j/slf4j-log4j12/1.7.7/slf4j-log4j12-1.7.7.jar
7fa603668000-7fa60366a000 r--s 00006000 08:01 791385                     /home/madunlap/.m2/repository/org/slf4j/slf4j-api/1.7.7/slf4j-api-1.7.7.jar
7fa60366a000-7fa60366c000 r--s 00008000 08:01 920991                     /home/madunlap/.m2/repository/classworlds/classworlds/1.1-alpha-2/classworlds-1.1-alpha-2.jar
7fa60366c000-7fa603673000 r--s 00029000 08:01 920988                     /home/madunlap/.m2/repository/org/codehaus/plexus/plexus-container-default/1.0-alpha-9-stable-1/plexus-container-default-1.0-alpha-9-stable-1.jar
7fa603673000-7fa603676000 r--s 00011000 08:01 920989                     /home/madunlap/.m2/repository/org/apache/maven/maven-artifact/2.2.1/maven-artifact-2.2.1.jar
7fa603676000-7fa603678000 r--s 00006000 08:01 920982                     /home/madunlap/.m2/repository/org/apache/maven/maven-plugin-registry/2.2.1/maven-plugin-registry-2.2.1.jar
7fa603678000-7fa60367a000 r--s 0000b000 08:01 920978                     /home/madunlap/.m2/repository/org/apache/maven/wagon/wagon-provider-api/1.0-beta-6/wagon-provider-api-1.0-beta-6.jar
7fa60367a000-7fa60367c000 r--s 00005000 08:01 920980                     /home/madunlap/.m2/repository/org/apache/maven/maven-repository-metadata/2.2.1/maven-repository-metadata-2.2.1.jar
7fa60367c000-7fa60367e000 r--s 0000f000 08:01 920975                     /home/madunlap/.m2/repository/org/apache/maven/maven-artifact-manager/2.2.1/maven-artifact-manager-2.2.1.jar
7fa60367e000-7fa603680000 r--s 00014000 08:01 920971                     /home/madunlap/.m2/repository/org/apache/maven/maven-model/2.2.1/maven-model-2.2.1.jar
7fa603680000-7fa603682000 r--s 00007000 08:01 920969                     /home/madunlap/.m2/repository/org/apache/maven/maven-profile/2.2.1/maven-profile-2.2.1.jar
7fa603682000-7fa603683000 r--s 0000b000 08:01 920972                     /home/madunlap/.m2/repository/org/apache/maven/maven-settings/2.2.1/maven-settings-2.2.1.jar
7fa603683000-7fa603687000 r--s 00023000 08:01 920973                     /home/madunlap/.m2/repository/org/apache/maven/maven-project/2.2.1/maven-project-2.2.1.jar
7fa603687000-7fa603689000 r--s 00002000 08:01 661356                     /home/madunlap/.m2/repository/org/apache/maven/maven-plugin-api/2.2.1/maven-plugin-api-2.2.1.jar
7fa603689000-7fa60368b000 r--s 00015000 08:01 791373                     /home/madunlap/.m2/repository/org/ccil/cowan/tagsoup/tagsoup/1.2.1/tagsoup-1.2.1.jar
7fa60368b000-7fa603691000 r--s 00044000 08:01 791367                     /home/madunlap/.m2/repository/org/jsoup/jsoup/1.8.1/jsoup-1.8.1.jar
7fa603691000-7fa603693000 r--s 00004000 08:01 791401                     /home/madunlap/.m2/repository/edu/ucsb/nceas/ezid/1.0.0/ezid-1.0.0.jar
7fa603693000-7fa603696000 r--s 0000b000 08:01 791362                     /home/madunlap/.m2/repository/org/ocpsoft/rewrite/rewrite-integration-faces/2.0.12.Final/rewrite-integration-faces-2.0.12.Final.jar
7fa603696000-7fa603698000 r--s 00001000 08:01 791360                     /home/madunlap/.m2/repository/org/ocpsoft/rewrite/rewrite-annotations-api/2.0.12.Final/rewrite-annotations-api-2.0.12.Final.jar
7fa603698000-7fa603699000 r--s 00005000 08:01 791359                     /home/madunlap/.m2/repository/org/ocpsoft/rewrite/rewrite-addressbuilder/2.0.12.Final/rewrite-addressbuilder-2.0.12.Final.jar
7fa603699000-7fa60369b000 r--s 00008000 08:01 791357                     /home/madunlap/.m2/repository/org/ocpsoft/rewrite/rewrite-api-servlet/2.0.12.Final/rewrite-api-servlet-2.0.12.Final.jar
7fa60369b000-7fa60369d000 r--s 00001000 08:01 791354                     /home/madunlap/.m2/repository/org/ocpsoft/logging/logging-api/1.0.2.Final/logging-api-1.0.2.Final.jar
7fa60369d000-7fa60369e000 r--s 00003000 08:01 791353                     /home/madunlap/.m2/repository/org/ocpsoft/common/common-api/1.0.5.Final/common-api-1.0.5.Final.jar
7fa60369e000-7fa6036a2000 r--s 00018000 08:01 791351                     /home/madunlap/.m2/repository/org/ocpsoft/rewrite/rewrite-api/2.0.12.Final/rewrite-api-2.0.12.Final.jar
7fa6036a2000-7fa6036a4000 r--s 00005000 08:01 791349                     /home/madunlap/.m2/repository/org/ocpsoft/rewrite/rewrite-annotations-impl/2.0.12.Final/rewrite-annotations-impl-2.0.12.Final.jar
7fa6036a4000-7fa6036b2000 r--s 00092000 08:01 791352                     /home/madunlap/.m2/repository/org/ocpsoft/rewrite/rewrite-config-prettyfaces/2.0.12.Final/rewrite-config-prettyfaces-2.0.12.Final.jar
7fa6036b2000-7fa6036c0000 r--s 0005f000 08:01 791345                     /home/madunlap/.m2/repository/org/ocpsoft/rewrite/rewrite-servlet/2.0.12.Final/rewrite-servlet-2.0.12.Final.jar
7fa6036c0000-7fa6036c4000 r--s 0003c000 08:01 791218                     /home/madunlap/.m2/repository/javax/media/jai_codec/1.1.3/jai_codec-1.1.3.jar
7fa6036c4000-7fa6036d8000 r--s 001bd000 08:01 791220                     /home/madunlap/.m2/repository/javax/media/jai_core/1.1.3/jai_core-1.1.3.jar
7fa6036d8000-7fa6036e9000 r--s 00106000 08:01 791219                     /home/madunlap/.m2/repository/javax/media/jai_imageio/1.1.1/jai_imageio-1.1.1.jar
7fa6036e9000-7fa6036eb000 r--s 00009000 08:01 791399                     /home/madunlap/.m2/repository/edu/harvard/hul/ois/jhove/jhove-handler/1.11.0/jhove-handler-1.11.0.jar
7fa6036eb000-7fa6036f4000 r--s 00079000 08:01 791398                     /home/madunlap/.m2/repository/edu/harvard/hul/ois/jhove/jhove-module/1.11.0/jhove-module-1.11.0.jar
7fa6036f4000-7fa6036f7000 r--s 00011000 08:01 791396                     /home/madunlap/.m2/repository/edu/harvard/hul/ois/jhove/jhove/1.11.0/jhove-1.11.0.jar
7fa6036f7000-7fa603707000 r--s 0011f000 08:01 791342                     /home/madunlap/.m2/repository/org/apache/poi/poi-scratchpad/3.10-FINAL/poi-scratchpad-3.10-FINAL.jar
7fa603707000-7fa60370d000 r--s 00047000 08:01 791341                     /home/madunlap/.m2/repository/org/apache/poi/poi-examples/3.10-FINAL/poi-examples-3.10-FINAL.jar
7fa60370d000-7fa603712000 r--s 00048000 08:01 791338                     /home/madunlap/.m2/repository/dom4j/dom4j/1.6.1/dom4j-1.6.1.jar
7fa603712000-7fa60374f000 r--s 0024f000 08:01 791336                     /home/madunlap/.m2/repository/org/apache/xmlbeans/xmlbeans/2.3.0/xmlbeans-2.3.0.jar
7fa60374f000-7fa6037e7000 r--s 00420000 08:01 791334                     /home/madunlap/.m2/repository/org/apache/poi/poi-ooxml-schemas/3.10-FINAL/poi-ooxml-schemas-3.10-FINAL.jar
7fa6037e7000-7fa6037f5000 r--s 000ee000 08:01 791333                     /home/madunlap/.m2/repository/org/apache/poi/poi-ooxml/3.10-FINAL/poi-ooxml-3.10-FINAL.jar
7fa6037f5000-7fa603817000 r--s 001bb000 08:01 791332                     /home/madunlap/.m2/repository/org/apache/poi/poi/3.10-FINAL/poi-3.10-FINAL.jar
7fa603817000-7fa603819000 r--s 00006000 08:01 791331                     /home/madunlap/.m2/repository/org/nuiton/thirdparty/Rserve/0.6-1/Rserve-0.6-1.jar
7fa603819000-7fa60381b000 r--s 00006000 08:01 791328                     /home/madunlap/.m2/repository/org/nuiton/thirdparty/REngine/0.6-1/REngine-0.6-1.jar
7fa60381b000-7fa60381c000 r--s 0000c000 08:01 791397                     /home/madunlap/.m2/repository/org/dataverse/unf/6.0/unf-6.0.jar
7fa60381c000-7fa60381d000 r--s 00018000 08:01 791394                     /home/madunlap/.m2/repository/edu/harvard/iq/dvn/unf5/5.0/unf5-5.0.jar
7fa60381d000-7fa603826000 r--s 000a6000 08:01 791393                     /home/madunlap/.m2/repository/net/handle/handle/2006-06-16-generated/handle-2006-06-16-generated.jar
7fa603826000-7fa603829000 r--s 00035000 08:01 791395                     /home/madunlap/.m2/repository/nom/tam/fits/fits/2012-10-25-generated/fits-2012-10-25-generated.jar
7fa603829000-7fa603830000 r--s 00028000 08:01 791326                     /home/madunlap/.m2/repository/concurrent/concurrent/1.3.4/concurrent-1.3.4.jar
7fa603830000-7fa60383e000 r--s 00081000 08:01 791324                     /home/madunlap/.m2/repository/colt/colt/1.2.0/colt-1.2.0.jar
7fa60383e000-7fa60384b000 r--s 00083000 08:01 791320                     /home/madunlap/.m2/repository/commons-collections/commons-collections/3.2.2/commons-collections-3.2.2.jar
7fa60384b000-7fa60384f000 r--s 00020000 08:01 791319                     /home/madunlap/.m2/repository/commons-digester/commons-digester/1.8.1/commons-digester-1.8.1.jar
7fa60384f000-7fa603854000 r--s 00035000 08:01 791317                     /home/madunlap/.m2/repository/commons-beanutils/commons-beanutils/1.9.2/commons-beanutils-1.9.2.jar
7fa603854000-7fa603858000 r--s 0002a000 08:01 791315                     /home/madunlap/.m2/repository/commons-validator/commons-validator/1.6/commons-validator-1.6.jar
7fa603858000-7fa60386b000 r--s 000df000 08:01 791313                     /home/madunlap/.m2/repository/org/apache/commons/commons-math/2.2/commons-math-2.2.jar
7fa60386b000-7fa60386d000 r--s 0000e000 08:01 791309                     /home/madunlap/.m2/repository/commons-logging/commons-logging/1.1.3/commons-logging-1.1.3.jar
7fa60386d000-7fa60386f000 r--s 00005000 08:01 791311                     /home/madunlap/.m2/repository/org/apache/httpcomponents/httpmime/4.2.6/httpmime-4.2.6.jar
7fa60386f000-7fa603870000 r--s 00005000 08:01 791308                     /home/madunlap/.m2/repository/org/noggit/noggit/0.5/noggit-0.5.jar
7fa603870000-7fa60387c000 r--s 000b3000 08:01 791304                     /home/madunlap/.m2/repository/org/apache/zookeeper/zookeeper/3.4.5/zookeeper-3.4.5.jar
7fa60387c000-7fa603884000 r--s 0005b000 08:01 791305                     /home/madunlap/.m2/repository/org/apache/solr/solr-solrj/4.6.0/solr-solrj-4.6.0.jar
7fa603884000-7fa603886000 r--s 0000d000 08:01 791302                     /home/madunlap/.m2/repository/com/fasterxml/classmate/1.0.0/classmate-1.0.0.jar
7fa603886000-7fa603888000 r--s 0000d000 08:01 791296                     /home/madunlap/.m2/repository/org/jboss/logging/jboss-logging/3.1.1.GA/jboss-logging-3.1.1.GA.jar
7fa603888000-7fa60388c000 r--s 0000c000 08:01 791294                     /home/madunlap/.m2/repository/javax/validation/validation-api/1.1.0.Final/validation-api-1.1.0.Final.jar
7fa60388c000-7fa6039f8000 rw-p 00000000 00:00 0 
7fa6039f8000-7fa603a8c000 ---p 00000000 00:00 0 
7fa603a8c000-7fa603c8c000 rw-p 00000000 00:00 0 
7fa603c8c000-7fa603d06000 r--s 010f7000 08:01 2106635                    /usr/lib/jvm/java-8-oracle/lib/tools.jar
7fa603d06000-7fa603d09000 r--s 0001b000 08:01 791438                     /home/madunlap/.m2/repository/junit/junit/3.8.2/junit-3.8.2.jar
7fa603d09000-7fa603d17000 r--s 0008f000 08:01 921892                     /home/madunlap/.m2/repository/com/google/collections/google-collections/1.0/google-collections-1.0.jar
7fa603d17000-7fa603d18000 r--s 0000a000 08:01 921891                     /home/madunlap/.m2/repository/commons-logging/commons-logging-api/1.1/commons-logging-api-1.1.jar
7fa603d18000-7fa603d1f000 r--s 00051000 08:01 921889                     /home/madunlap/.m2/repository/log4j/log4j/1.2.12/log4j-1.2.12.jar
7fa603d1f000-7fa603d23000 r--s 0001d000 08:01 921886                     /home/madunlap/.m2/repository/org/apache/xbean/xbean-reflect/3.4/xbean-reflect-3.4.jar
7fa603d23000-7fa603d24000 r--s 00004000 08:01 921885                     /home/madunlap/.m2/repository/org/codehaus/plexus/plexus-compiler-javac/2.2/plexus-compiler-javac-2.2.jar
7fa603d24000-7fa603d26000 r--s 00000000 08:01 921883                     /home/madunlap/.m2/repository/org/codehaus/plexus/plexus-compiler-manager/2.2/plexus-compiler-manager-2.2.jar
7fa603d26000-7fa603d28000 r--s 00005000 08:01 921878                     /home/madunlap/.m2/repository/org/codehaus/plexus/plexus-compiler-api/2.2/plexus-compiler-api-2.2.jar
7fa603d28000-7fa603d2a000 r--s 00002000 08:01 921877                     /home/madunlap/.m2/repository/org/apache/maven/shared/maven-shared-incremental/1.1/maven-shared-incremental-1.1.jar
7fa603d2a000-7fa603d2c000 r--s 00006000 08:01 921876                     /home/madunlap/.m2/repository/com/google/code/findbugs/jsr305/2.0.1/jsr305-2.0.1.jar
7fa603d2c000-7fa603d2f000 r--s 00023000 08:01 921882                     /home/madunlap/.m2/repository/org/apache/maven/shared/maven-shared-utils/0.1/maven-shared-utils-0.1.jar
7fa603d2f000-7fa603d33000 r--s 00030000 08:01 921884                     /home/madunlap/.m2/repository/org/codehaus/plexus/plexus-utils/1.5.1/plexus-utils-1.5.1.jar
7fa603d33000-7fa603d35000 r--s 00009000 08:01 660601                     /home/madunlap/.m2/repository/org/apache/maven/plugins/maven-compiler-plugin/3.1/maven-compiler-plugin-3.1.jar
7fa603d35000-7fa603d37000 r--s 0000d000 08:01 921763                     /home/madunlap/.m2/repository/org/codehaus/plexus/plexus-interpolation/1.13/plexus-interpolation-1.13.jar
7fa603d37000-7fa603d38000 r--s 00001000 08:01 921761                     /home/madunlap/.m2/repository/org/sonatype/plexus/plexus-build-api/0.0.4/plexus-build-api-0.0.4.jar
7fa603d38000-7fa603d3a000 r--s 00009000 08:01 921767                     /home/madunlap/.m2/repository/org/apache/maven/shared/maven-filtering/1.0/maven-filtering-1.0.jar
7fa603d3a000-7fa603d3b000 r--s 00001000 08:01 921765                     /home/madunlap/.m2/repository/org/apache/maven/doxia/doxia-sink-api/1.0-alpha-7/doxia-sink-api-1.0-alpha-7.jar
7fa603d3b000-7fa603d3c000 r--s 00002000 08:01 921760                     /home/madunlap/.m2/repository/org/apache/maven/reporting/maven-reporting-api/2.0.6/maven-reporting-api-2.0.6.jar
7fa603d3c000-7fa603d3e000 r--s 00005000 08:01 660590                     /home/madunlap/.m2/repository/org/apache/maven/plugins/maven-resources-plugin/2.5/maven-resources-plugin-2.5.jar
7fa603d3e000-7fa603d42000 r--s 0001f000 08:01 921028                     /home/madunlap/.m2/repository/org/jacoco/org.jacoco.report/0.7.5.201505241946/org.jacoco.report-0.7.5.201505241946.jar
7fa603d42000-7fa603d47000 r--s 00058000 08:01 921027                     /home/madunlap/.m2/repository/org/ow2/asm/asm-debug-all/5.0.1/asm-debug-all-5.0.1.jar
7fa603d47000-7fa603d4b000 r--s 0001d000 08:01 791383                     /home/madunlap/.m2/repository/org/jacoco/org.jacoco.core/0.7.5.201505241946/org.jacoco.core-0.7.5.201505241946.jar
7fa603d4b000-7fa603d51000 r--s 00041000 08:01 661360                     /home/madunlap/.m2/repository/org/jacoco/org.jacoco.agent/0.7.5.201505241946/org.jacoco.agent-0.7.5.201505241946-runtime.jar
7fa603d51000-7fa603d5e000 r--s 0007f000 08:01 921702                     /home/madunlap/.m2/repository/commons-collections/commons-collections/3.2/commons-collections-3.2.jar
7fa603d5e000-7fa603d60000 r--s 00008000 08:01 921015                     /home/madunlap/.m2/repository/org/apache/maven/doxia/doxia-module-fml/1.1.2/doxia-module-fml-1.1.2.jar
7fa603d60000-7fa603d61000 r--s 00003000 08:01 921016                     /home/madunlap/.m2/repository/org/apache/maven/doxia/doxia-module-xhtml/1.1.2/doxia-module-xhtml-1.1.2.jar
7fa603d61000-7fa603d63000 r--s 0000b000 08:01 921011                     /home/madunlap/.m2/repository/org/apache/maven/doxia/doxia-decoration-model/1.1.2/doxia-decoration-model-1.1.2.jar
7fa603d63000-7fa603d65000 r--s 0000b000 08:01 921008                     /home/madunlap/.m2/repository/org/apache/maven/doxia/doxia-site-renderer/1.1.2/doxia-site-renderer-1.1.2.jar
7fa603d65000-7fa603d67000 r--s 00006000 08:01 791430                     /home/madunlap/.m2/repository/commons-codec/commons-codec/1.2/commons-codec-1.2.jar
7fa603d67000-7fa603d6d000 r--s 00045000 08:01 791428                     /home/madunlap/.m2/repository/commons-httpclient/commons-httpclient/3.1/commons-httpclient-3.1.jar
7fa603d6d000-7fa603d71000 r--s 0003c000 08:01 791427                     /home/madunlap/.m2/repository/commons-lang/commons-lang/2.4/commons-lang-2.4.jar
7fa603d71000-7fa603d88000 r--s 00112000 08:01 791426                     /home/madunlap/.m2/repository/xerces/xercesImpl/2.8.1/xercesImpl-2.8.1.jar
7fa603d88000-7fa603d8c000 r--s 00023000 08:01 921010                     /home/madunlap/.m2/repository/org/apache/maven/doxia/doxia-core/1.1.2/doxia-core-1.1.2.jar
7fa603d8c000-7fa603d8e000 r--s 00003000 08:01 921007                     /home/madunlap/.m2/repository/org/apache/maven/reporting/maven-reporting-impl/2.1/maven-reporting-impl-2.1.jar
7fa603d8e000-7fa603d8f000 r--s 00002000 08:01 921004                     /home/madunlap/.m2/repository/org/apache/maven/doxia/doxia-logging-api/1.1/doxia-logging-api-1.1.jar
7fa603d8f000-7fa603d91000 r--s 00002000 08:01 921001                     /home/madunlap/.m2/repository/org/apache/maven/doxia/doxia-sink-api/1.1/doxia-sink-api-1.1.jar
7fa603d91000-7fa603d92000 r--s 00002000 08:01 920999                     /home/madunlap/.m2/repository/org/apache/maven/reporting/maven-reporting-api/2.2.1/maven-reporting-api-2.2.1.jar
7fa603d92000-7fa603d97000 r--s 00039000 08:01 920997                     /home/madunlap/.m2/repository/org/codehaus/plexus/plexus-utils/1.5.6/plexus-utils-1.5.6.jar
7fa603d97000-7fa603d9d000 r--s 00034000 08:01 921701                     /home/madunlap/.m2/repository/junit/junit/4.8.2/junit-4.8.2.jar
7fa603d9d000-7fa603d9f000 r--s 0000b000 08:01 920985                     /home/madunlap/.m2/repository/org/codehaus/plexus/plexus-interpolation/1.11/plexus-interpolation-1.11.jar
7fa603d9f000-7fa603da7000 r--s 00049000 08:01 920984                     /home/madunlap/.m2/repository/backport-util-concurrent/backport-util-concurrent/3.1/backport-util-concurrent-3.1.jar
7fa603da7000-7fa603daa000 r--s 0001a000 08:01 2233367                    /usr/lib/jvm/java-8-oracle/jre/lib/jce.jar
7fa603daa000-7fa603faa000 rw-p 00000000 00:00 0 
7fa603faa000-7fa603fac000 r--s 0000b000 08:01 660606                     /home/madunlap/.m2/repository/org/jacoco/jacoco-maven-plugin/0.7.5.201505241946/jacoco-maven-plugin-0.7.5.201505241946.jar
7fa603fac000-7fa603fba000 r--s 0007f000 08:01 791424                     /home/madunlap/.m2/repository/commons-collections/commons-collections/3.2.1/commons-collections-3.2.1.jar
7fa603fba000-7fa603fbf000 r--s 00041000 08:01 791300                     /home/madunlap/.m2/repository/commons-lang/commons-lang/2.6/commons-lang-2.6.jar
7fa603fbf000-7fa603fc1000 r--s 00006000 08:01 921678                     /home/madunlap/.m2/repository/org/apache/maven/shared/maven-invoker/2.0.11/maven-invoker-2.0.11.jar
7fa603fc1000-7fa603fc3000 r--s 00006000 08:01 921677                     /home/madunlap/.m2/repository/org/apache/maven/shared/maven-common-artifact-filters/1.4/maven-common-artifact-filters-1.4.jar
7fa603fc3000-7fa603fc5000 r--s 0000c000 08:01 921676                     /home/madunlap/.m2/repository/org/apache/maven/shared/maven-dependency-tree/2.0/maven-dependency-tree-2.0.jar
7fa603fc5000-7fa603fc7000 r--s 00000000 08:01 921682                     /home/madunlap/.m2/repository/org/codehaus/plexus/plexus-component-annotations/1.5.5/plexus-component-annotations-1.5.5.jar
7fa603fc7000-7fa603fc8000 r--s 0000a000 08:01 921680                     /home/madunlap/.m2/repository/asm/asm/3.3.1/asm-3.3.1.jar
7fa603fc8000-7fa603fca000 r--s 00005000 08:01 921672                     /home/madunlap/.m2/repository/org/apache/maven/shared/maven-dependency-analyzer/1.3/maven-dependency-analyzer-1.3.jar
7fa603fca000-7fa603fcd000 r--s 0000c000 08:01 921669                     /home/madunlap/.m2/repository/org/codehaus/plexus/plexus-io/2.0.6/plexus-io-2.0.6.jar
7fa603fcd000-7fa603fd0000 r--s 0001b000 08:01 791422                     /home/madunlap/.m2/repository/junit/junit/3.8.1/junit-3.8.1.jar
7fa603fd0000-7fa603fd2000 r--s 00008000 08:01 920995                     /home/madunlap/.m2/repository/org/apache/maven/shared/maven-shared-io/1.1/maven-shared-io-1.1.jar
7fa603fd2000-7fa603fd4000 r--s 00008000 08:01 920998                     /home/madunlap/.m2/repository/org/apache/maven/shared/file-management/1.2.1/file-management-1.2.1.jar
7fa603fd4000-7fa603fd8000 r--s 00035000 08:01 921667                     /home/madunlap/.m2/repository/org/codehaus/plexus/plexus-utils/3.0.9/plexus-utils-3.0.9.jar
7fa603fd8000-7fa603fdd000 r--s 00029000 08:01 921665                     /home/madunlap/.m2/repository/org/codehaus/plexus/plexus-archiver/2.2/plexus-archiver-2.2.jar
7fa603fdd000-7fa603fdf000 r--s 00004000 08:01 921661                     /home/madunlap/.m2/repository/org/apache/maven/doxia/doxia-module-xhtml/1.0/doxia-module-xhtml-1.0.jar
7fa603fdf000-7fa603fe0000 r--s 00006000 08:01 921663                     /home/madunlap/.m2/repository/org/apache/maven/doxia/doxia-module-xdoc/1.0/doxia-module-xdoc-1.0.jar
7fa603fe0000-7fa603fe1000 r--s 00004000 08:01 921664                     /home/madunlap/.m2/repository/org/apache/maven/doxia/doxia-module-fml/1.0/doxia-module-fml-1.0.jar
7fa603fe1000-7fa603fe3000 r--s 0000a000 08:01 921659                     /home/madunlap/.m2/repository/org/apache/maven/doxia/doxia-module-apt/1.0/doxia-module-apt-1.0.jar
7fa603fe3000-7fa603fe4000 r--s 0000b000 08:01 921658                     /home/madunlap/.m2/repository/org/apache/maven/doxia/doxia-decoration-model/1.0/doxia-decoration-model-1.0.jar
7fa603fe4000-7fa603fec000 r--s 00058000 08:01 921019                     /home/madunlap/.m2/repository/org/apache/velocity/velocity/1.5/velocity-1.5.jar
7fa603fec000-7fa603fed000 r--s 00001000 08:01 921022                     /home/madunlap/.m2/repository/org/codehaus/plexus/plexus-velocity/1.1.7/plexus-velocity-1.1.7.jar
7fa603fed000-7fa603fee000 r--s 00002000 08:01 921017                     /home/madunlap/.m2/repository/org/codehaus/plexus/plexus-i18n/1.0-beta-7/plexus-i18n-1.0-beta-7.jar
7fa603fee000-7fa603ff0000 r--s 0000a000 08:01 921654                     /home/madunlap/.m2/repository/org/apache/maven/doxia/doxia-site-renderer/1.0/doxia-site-renderer-1.0.jar
7fa603ff0000-7fa603ff5000 r--s 00016000 08:01 791388                     /home/madunlap/.m2/repository/xml-apis/xml-apis/1.0.b2/xml-apis-1.0.b2.jar
7fa603ff5000-7fa603ff7000 r--s 0000e000 08:01 921023                     /home/madunlap/.m2/repository/oro/oro/2.0.8/oro-2.0.8.jar
7fa603ff7000-7fa603ffb000 r--s 00026000 08:01 921649                     /home/madunlap/.m2/repository/commons-digester/commons-digester/1.6/commons-digester-1.6.jar
7fa603ffb000-7fa604000000 r--s 0002a000 08:01 921644                     /home/madunlap/.m2/repository/commons-beanutils/commons-beanutils/1.7.0/commons-beanutils-1.7.0.jar
7fa604000000-7fa604021000 rw-p 00000000 00:00 0 
7fa604021000-7fa608000000 ---p 00000000 00:00 0 
7fa608000000-7fa608021000 rw-p 00000000 00:00 0 
7fa608021000-7fa60c000000 ---p 00000000 00:00 0 
7fa60c000000-7fa60dbf4000 rw-p 00000000 00:00 0 
7fa60dbf4000-7fa610000000 ---p 00000000 00:00 0 
7fa610000000-7fa610a2b000 rw-p 00000000 00:00 0 
7fa610a2b000-7fa614000000 ---p 00000000 00:00 0 
7fa614000000-7fa614021000 rw-p 00000000 00:00 0 
7fa614021000-7fa618000000 ---p 00000000 00:00 0 
7fa618000000-7fa618001000 r--s 00002000 08:01 921653                     /home/madunlap/.m2/repository/org/apache/maven/doxia/doxia-sink-api/1.0/doxia-sink-api-1.0.jar
7fa618001000-7fa618003000 r--s 00008000 08:01 791420                     /home/madunlap/.m2/repository/commons-logging/commons-logging/1.0.4/commons-logging-1.0.4.jar
7fa618003000-7fa618006000 r--s 00014000 08:01 921646                     /home/madunlap/.m2/repository/commons-validator/commons-validator/1.2.0/commons-validator-1.2.0.jar
7fa618006000-7fa618009000 r--s 00018000 08:01 791418                     /home/madunlap/.m2/repository/commons-io/commons-io/1.4/commons-io-1.4.jar
7fa618009000-7fa61800b000 r--s 00009000 08:01 921639                     /home/madunlap/.m2/repository/org/apache/maven/shared/maven-doxia-tools/1.0.2/maven-doxia-tools-1.0.2.jar
7fa61800b000-7fa61800e000 r--s 0000b000 08:01 921640                     /home/madunlap/.m2/repository/org/apache/maven/doxia/doxia-core/1.0/doxia-core-1.0.jar
7fa61800e000-7fa618010000 r--s 00004000 08:01 921647                     /home/madunlap/.m2/repository/org/apache/maven/reporting/maven-reporting-impl/2.0.5/maven-reporting-impl-2.0.5.jar
7fa618010000-7fa618011000 r--s 00002000 08:01 921638                     /home/madunlap/.m2/repository/org/apache/maven/reporting/maven-reporting-api/3.0/maven-reporting-api-3.0.jar
7fa618011000-7fa618013000 r--s 00002000 08:01 921645                     /home/madunlap/.m2/repository/org/codehaus/plexus/plexus-interactivity-api/1.0-alpha-4/plexus-interactivity-api-1.0-alpha-4.jar
7fa618013000-7fa618015000 r--s 00006000 08:01 921636                     /home/madunlap/.m2/repository/commons-cli/commons-cli/1.0/commons-cli-1.0.jar
7fa618015000-7fa618018000 r--s 00021000 08:01 660560                     /home/madunlap/.m2/repository/org/apache/maven/plugins/maven-dependency-plugin/2.6/maven-dependency-plugin-2.6.jar
7fa618018000-7fa61801c000 r--s 00033000 08:01 921162                     /home/madunlap/.m2/repository/org/codehaus/plexus/plexus-utils/2.0.5/plexus-utils-2.0.5.jar
7fa61801c000-7fa61801d000 r--s 00005000 08:01 660568                     /home/madunlap/.m2/repository/org/apache/maven/plugins/maven-clean-plugin/2.4.1/maven-clean-plugin-2.4.1.jar
7fa61801d000-7fa61821d000 rw-p 00000000 00:00 0 
7fa61821d000-7fa61822e000 r-xp 00000000 08:01 2233354                    /usr/lib/jvm/java-8-oracle/jre/lib/amd64/libnio.so
7fa61822e000-7fa61842d000 ---p 00011000 08:01 2233354                    /usr/lib/jvm/java-8-oracle/jre/lib/amd64/libnio.so
7fa61842d000-7fa61842e000 rw-p 00010000 08:01 2233354                    /usr/lib/jvm/java-8-oracle/jre/lib/amd64/libnio.so
7fa61842e000-7fa61b42f000 rw-p 00000000 00:00 0 
7fa61b42f000-7fa61b446000 r-xp 00000000 08:01 2233351                    /usr/lib/jvm/java-8-oracle/jre/lib/amd64/libnet.so
7fa61b446000-7fa61b645000 ---p 00017000 08:01 2233351                    /usr/lib/jvm/java-8-oracle/jre/lib/amd64/libnet.so
7fa61b645000-7fa61b646000 rw-p 00016000 08:01 2233351                    /usr/lib/jvm/java-8-oracle/jre/lib/amd64/libnet.so
7fa61b646000-7fa61b649000 ---p 00000000 00:00 0 
7fa61b649000-7fa61b87f000 rw-p 00000000 00:00 0 
7fa61b87f000-7fa61b884000 r--s 0009a000 08:01 2233194                    /usr/lib/jvm/java-8-oracle/jre/lib/jsse.jar
7fa61b884000-7fa61ba84000 rw-p 00000000 00:00 0 
7fa61ba84000-7fa61ba86000 r--s 0000c000 08:01 2112577                    /usr/local/netbeans-8.1/java/maven-nblib/netbeans-eventspy.jar
7fa61ba86000-7fa61ba88000 r--s 00002000 08:01 2112587                    /usr/local/netbeans-8.1/java/maven/lib/plexus-cipher-1.7.jar
7fa61ba88000-7fa61ba8a000 r--s 00000000 08:01 2112237                    /usr/local/netbeans-8.1/java/maven/lib/plexus-component-annotations-1.5.5.jar
7fa61ba8a000-7fa61ba8c000 r--s 0000a000 08:01 2112569                    /usr/local/netbeans-8.1/java/maven/lib/maven-settings-3.0.5.jar
7fa61ba8c000-7fa61ba93000 r--s 0003f000 08:01 2112554                    /usr/local/netbeans-8.1/java/maven/lib/sisu-inject-bean-2.3.0.jar
7fa61ba93000-7fa61baae000 r--s 000e4000 08:01 2112562                    /usr/local/netbeans-8.1/java/maven/lib/wagon-http-2.4-shaded.jar
7fa61baae000-7fa61bacd000 r--s 00154000 08:01 2112595                    /usr/local/netbeans-8.1/java/maven/lib/sisu-guava-0.9.9.jar
7fa61bacd000-7fa61bafb000 r--s 001c9000 08:01 2112509                    /usr/local/netbeans-8.1/java/maven/lib/ext/wagon-http-2.8-shaded.jar
7fa61bafb000-7fa61bafc000 ---p 00000000 00:00 0 
7fa61bafc000-7fa61bbfc000 rw-p 00000000 00:00 0 
7fa61bbfc000-7fa61bbff000 ---p 00000000 00:00 0 
7fa61bbff000-7fa61bcfd000 rw-p 00000000 00:00 0 
7fa61bcfd000-7fa61bd00000 ---p 00000000 00:00 0 
7fa61bd00000-7fa61bdfe000 rw-p 00000000 00:00 0 
7fa61bdfe000-7fa61be01000 ---p 00000000 00:00 0 
7fa61be01000-7fa61beff000 rw-p 00000000 00:00 0 
7fa61beff000-7fa61bf02000 ---p 00000000 00:00 0 
7fa61bf02000-7fa61c000000 rw-p 00000000 00:00 0 
7fa61c000000-7fa61c021000 rw-p 00000000 00:00 0 
7fa61c021000-7fa620000000 ---p 00000000 00:00 0 
7fa620000000-7fa620021000 rw-p 00000000 00:00 0 
7fa620021000-7fa624000000 ---p 00000000 00:00 0 
7fa624000000-7fa62402b000 rw-p 00000000 00:00 0 
7fa62402b000-7fa628000000 ---p 00000000 00:00 0 
7fa628000000-7fa628308000 rw-p 00000000 00:00 0 
7fa628308000-7fa62c000000 ---p 00000000 00:00 0 
7fa62c000000-7fa62c021000 rw-p 00000000 00:00 0 
7fa62c021000-7fa630000000 ---p 00000000 00:00 0 
7fa630000000-7fa630001000 r--p 00000000 00:00 0 
7fa630001000-7fa630005000 r--s 0001c000 08:01 2112582                    /usr/local/netbeans-8.1/java/maven/lib/aether-util-1.13.1.jar
7fa630005000-7fa630009000 r--s 00021000 08:01 2112506                    /usr/local/netbeans-8.1/java/maven/lib/maven-model-builder-3.0.5.jar
7fa630009000-7fa63000d000 r--s 00033000 08:01 2112580                    /usr/local/netbeans-8.1/java/maven/lib/plexus-utils-2.0.6.jar
7fa63000d000-7fa630011000 r--s 00013000 08:01 2112588                    /usr/local/netbeans-8.1/java/maven/lib/aether-api-1.13.1.jar
7fa630011000-7fa6302ec000 r--p 00000000 08:01 1441812                    /usr/lib/locale/locale-archive
7fa6302ec000-7fa6302ef000 ---p 00000000 00:00 0 
7fa6302ef000-7fa6303ed000 rw-p 00000000 00:00 0 
7fa6303ed000-7fa6303f0000 ---p 00000000 00:00 0 
7fa6303f0000-7fa6304ee000 rw-p 00000000 00:00 0 
7fa6304ee000-7fa6304ef000 ---p 00000000 00:00 0 
7fa6304ef000-7fa630f3a000 rw-p 00000000 00:00 0 
7fa630f3a000-7fa631113000 r--s 03d5a000 08:01 2233137                    /usr/lib/jvm/java-8-oracle/jre/lib/rt.jar
7fa631113000-7fa634b13000 rw-p 00000000 00:00 0 
7fa634b13000-7fa634b14000 ---p 00000000 00:00 0 
7fa634b14000-7fa634c14000 rw-p 00000000 00:00 0 
7fa634c14000-7fa634c15000 ---p 00000000 00:00 0 
7fa634c15000-7fa634d3a000 rw-p 00000000 00:00 0 
7fa634d3a000-7fa634f06000 ---p 00000000 00:00 0 
7fa634f06000-7fa634fad000 rw-p 00000000 00:00 0 
7fa634fad000-7fa634fff000 ---p 00000000 00:00 0 
7fa634fff000-7fa635000000 rw-p 00000000 00:00 0 
7fa635000000-7fa635c90000 rwxp 00000000 00:00 0 
7fa635c90000-7fa644000000 ---p 00000000 00:00 0 
7fa644000000-7fa645839000 rw-p 00000000 00:00 0 
7fa645839000-7fa648000000 ---p 00000000 00:00 0 
7fa648000000-7fa648001000 r--s 0000a000 08:01 2112568                    /usr/local/netbeans-8.1/java/maven/lib/maven-embedder-3.0.5.jar
7fa648001000-7fa648003000 r--s 0000b000 08:01 2112552                    /usr/local/netbeans-8.1/java/maven/lib/wagon-provider-api-2.4.jar
7fa648003000-7fa64800b000 r--s 00050000 08:01 2112540                    /usr/local/netbeans-8.1/java/maven/lib/sisu-guice-3.1.0-no_aop.jar
7fa64800b000-7fa648012000 r--s 0002b000 08:01 2112529                    /usr/local/netbeans-8.1/java/maven/lib/sisu-inject-plexus-2.3.0.jar
7fa648012000-7fa648086000 rw-p 00000000 00:00 0 
7fa648086000-7fa648253000 ---p 00000000 00:00 0 
7fa648253000-7fa648286000 rw-p 00000000 00:00 0 
7fa648286000-7fa648613000 ---p 00000000 00:00 0 
7fa648613000-7fa64862e000 r-xp 00000000 08:01 2233347                    /usr/lib/jvm/java-8-oracle/jre/lib/amd64/libzip.so
7fa64862e000-7fa64882e000 ---p 0001b000 08:01 2233347                    /usr/lib/jvm/java-8-oracle/jre/lib/amd64/libzip.so
7fa64882e000-7fa64882f000 rw-p 0001b000 08:01 2233347                    /usr/lib/jvm/java-8-oracle/jre/lib/amd64/libzip.so
7fa64882f000-7fa64883a000 r-xp 00000000 08:01 663303                     /lib/x86_64-linux-gnu/libnss_files-2.24.so
7fa64883a000-7fa648a39000 ---p 0000b000 08:01 663303                     /lib/x86_64-linux-gnu/libnss_files-2.24.so
7fa648a39000-7fa648a3a000 r--p 0000a000 08:01 663303                     /lib/x86_64-linux-gnu/libnss_files-2.24.so
7fa648a3a000-7fa648a3b000 rw-p 0000b000 08:01 663303                     /lib/x86_64-linux-gnu/libnss_files-2.24.so
7fa648a3b000-7fa648a41000 rw-p 00000000 00:00 0 
7fa648a41000-7fa648a4c000 r-xp 00000000 08:01 663305                     /lib/x86_64-linux-gnu/libnss_nis-2.24.so
7fa648a4c000-7fa648c4b000 ---p 0000b000 08:01 663305                     /lib/x86_64-linux-gnu/libnss_nis-2.24.so
7fa648c4b000-7fa648c4c000 r--p 0000a000 08:01 663305                     /lib/x86_64-linux-gnu/libnss_nis-2.24.so
7fa648c4c000-7fa648c4d000 rw-p 0000b000 08:01 663305                     /lib/x86_64-linux-gnu/libnss_nis-2.24.so
7fa648c4d000-7fa648c63000 r-xp 00000000 08:01 663300                     /lib/x86_64-linux-gnu/libnsl-2.24.so
7fa648c63000-7fa648e62000 ---p 00016000 08:01 663300                     /lib/x86_64-linux-gnu/libnsl-2.24.so
7fa648e62000-7fa648e63000 r--p 00015000 08:01 663300                     /lib/x86_64-linux-gnu/libnsl-2.24.so
7fa648e63000-7fa648e64000 rw-p 00016000 08:01 663300                     /lib/x86_64-linux-gnu/libnsl-2.24.so
7fa648e64000-7fa648e66000 rw-p 00000000 00:00 0 
7fa648e66000-7fa648e6e000 r-xp 00000000 08:01 663301                     /lib/x86_64-linux-gnu/libnss_compat-2.24.so
7fa648e6e000-7fa64906d000 ---p 00008000 08:01 663301                     /lib/x86_64-linux-gnu/libnss_compat-2.24.so
7fa64906d000-7fa64906e000 r--p 00007000 08:01 663301                     /lib/x86_64-linux-gnu/libnss_compat-2.24.so
7fa64906e000-7fa64906f000 rw-p 00008000 08:01 663301                     /lib/x86_64-linux-gnu/libnss_compat-2.24.so
7fa64906f000-7fa64909a000 r-xp 00000000 08:01 2233341                    /usr/lib/jvm/java-8-oracle/jre/lib/amd64/libjava.so
7fa64909a000-7fa649299000 ---p 0002b000 08:01 2233341                    /usr/lib/jvm/java-8-oracle/jre/lib/amd64/libjava.so
7fa649299000-7fa64929b000 rw-p 0002a000 08:01 2233341                    /usr/lib/jvm/java-8-oracle/jre/lib/amd64/libjava.so
7fa64929b000-7fa6492a8000 r-xp 00000000 08:01 2233346                    /usr/lib/jvm/java-8-oracle/jre/lib/amd64/libverify.so
7fa6492a8000-7fa6494a8000 ---p 0000d000 08:01 2233346                    /usr/lib/jvm/java-8-oracle/jre/lib/amd64/libverify.so
7fa6494a8000-7fa6494aa000 rw-p 0000d000 08:01 2233346                    /usr/lib/jvm/java-8-oracle/jre/lib/amd64/libverify.so
7fa6494aa000-7fa6494b1000 r-xp 00000000 08:01 663310                     /lib/x86_64-linux-gnu/librt-2.24.so
7fa6494b1000-7fa6496b0000 ---p 00007000 08:01 663310                     /lib/x86_64-linux-gnu/librt-2.24.so
7fa6496b0000-7fa6496b1000 r--p 00006000 08:01 663310                     /lib/x86_64-linux-gnu/librt-2.24.so
7fa6496b1000-7fa6496b2000 rw-p 00007000 08:01 663310                     /lib/x86_64-linux-gnu/librt-2.24.so
7fa6496b2000-7fa6497ba000 r-xp 00000000 08:01 663297                     /lib/x86_64-linux-gnu/libm-2.24.so
7fa6497ba000-7fa6499b9000 ---p 00108000 08:01 663297                     /lib/x86_64-linux-gnu/libm-2.24.so
7fa6499b9000-7fa6499ba000 r--p 00107000 08:01 663297                     /lib/x86_64-linux-gnu/libm-2.24.so
7fa6499ba000-7fa6499bb000 rw-p 00108000 08:01 663297                     /lib/x86_64-linux-gnu/libm-2.24.so
7fa6499bb000-7fa64a68e000 r-xp 00000000 08:01 2233324                    /usr/lib/jvm/java-8-oracle/jre/lib/amd64/server/libjvm.so
7fa64a68e000-7fa64a88d000 ---p 00cd3000 08:01 2233324                    /usr/lib/jvm/java-8-oracle/jre/lib/amd64/server/libjvm.so
7fa64a88d000-7fa64a967000 rw-p 00cd2000 08:01 2233324                    /usr/lib/jvm/java-8-oracle/jre/lib/amd64/server/libjvm.so
7fa64a967000-7fa64a9b2000 rw-p 00000000 00:00 0 
7fa64a9b2000-7fa64ab70000 r-xp 00000000 08:01 663293                     /lib/x86_64-linux-gnu/libc-2.24.so
7fa64ab70000-7fa64ad6f000 ---p 001be000 08:01 663293                     /lib/x86_64-linux-gnu/libc-2.24.so
7fa64ad6f000-7fa64ad73000 r--p 001bd000 08:01 663293                     /lib/x86_64-linux-gnu/libc-2.24.so
7fa64ad73000-7fa64ad75000 rw-p 001c1000 08:01 663293                     /lib/x86_64-linux-gnu/libc-2.24.so
7fa64ad75000-7fa64ad79000 rw-p 00000000 00:00 0 
7fa64ad79000-7fa64ad7c000 r-xp 00000000 08:01 663296                     /lib/x86_64-linux-gnu/libdl-2.24.so
7fa64ad7c000-7fa64af7b000 ---p 00003000 08:01 663296                     /lib/x86_64-linux-gnu/libdl-2.24.so
7fa64af7b000-7fa64af7c000 r--p 00002000 08:01 663296                     /lib/x86_64-linux-gnu/libdl-2.24.so
7fa64af7c000-7fa64af7d000 rw-p 00003000 08:01 663296                     /lib/x86_64-linux-gnu/libdl-2.24.so
7fa64af7d000-7fa64af93000 r-xp 00000000 08:01 2232954                    /usr/lib/jvm/java-8-oracle/lib/amd64/jli/libjli.so
7fa64af93000-7fa64b192000 ---p 00016000 08:01 2232954                    /usr/lib/jvm/java-8-oracle/lib/amd64/jli/libjli.so
7fa64b192000-7fa64b193000 rw-p 00015000 08:01 2232954                    /usr/lib/jvm/java-8-oracle/lib/amd64/jli/libjli.so
7fa64b193000-7fa64b1ab000 r-xp 00000000 08:01 663308                     /lib/x86_64-linux-gnu/libpthread-2.24.so
7fa64b1ab000-7fa64b3ab000 ---p 00018000 08:01 663308                     /lib/x86_64-linux-gnu/libpthread-2.24.so
7fa64b3ab000-7fa64b3ac000 r--p 00018000 08:01 663308                     /lib/x86_64-linux-gnu/libpthread-2.24.so
7fa64b3ac000-7fa64b3ad000 rw-p 00019000 08:01 663308                     /lib/x86_64-linux-gnu/libpthread-2.24.so
7fa64b3ad000-7fa64b3b1000 rw-p 00000000 00:00 0 
7fa64b3b1000-7fa64b3d7000 r-xp 00000000 08:01 663288                     /lib/x86_64-linux-gnu/ld-2.24.so
7fa64b3d7000-7fa64b3d9000 r--s 0000d000 08:01 2112510                    /usr/local/netbeans-8.1/java/maven/lib/plexus-interpolation-1.14.jar
7fa64b3d9000-7fa64b3da000 r--s 00002000 08:01 2112599                    /usr/local/netbeans-8.1/java/maven/lib/wagon-file-2.4.jar
7fa64b3da000-7fa64b3db000 r--s 00003000 08:01 2112589                    /usr/local/netbeans-8.1/java/maven/lib/aether-spi-1.13.1.jar
7fa64b3db000-7fa64b3dd000 r--s 0000b000 08:01 2112567                    /usr/local/netbeans-8.1/java/maven/lib/maven-artifact-3.0.5.jar
7fa64b3dd000-7fa64b3e0000 r--s 0001d000 08:01 2112581                    /usr/local/netbeans-8.1/java/maven/lib/aether-impl-1.13.1.jar
7fa64b3e0000-7fa64b3e2000 r--s 00006000 08:01 2112424                    /usr/local/netbeans-8.1/java/maven/lib/aether-connector-wagon-1.13.1.jar
7fa64b3e2000-7fa64b3e4000 r--s 00009000 08:01 2112597                    /usr/local/netbeans-8.1/java/maven/lib/commons-cli-1.2.jar
7fa64b3e4000-7fa64b3e7000 r--s 00008000 08:01 2112453                    /usr/local/netbeans-8.1/java/maven/lib/maven-settings-builder-3.0.5.jar
7fa64b3e7000-7fa64b4a9000 rw-p 00000000 00:00 0 
7fa64b4a9000-7fa64b4ac000 ---p 00000000 00:00 0 
7fa64b4ac000-7fa64b5ac000 rw-p 00000000 00:00 0 
7fa64b5ac000-7fa64b5ae000 r--s 00006000 08:01 2112358                    /usr/local/netbeans-8.1/java/maven/lib/maven-repository-metadata-3.0.5.jar
7fa64b5ae000-7fa64b5ba000 r--s 0007d000 08:01 2112594                    /usr/local/netbeans-8.1/java/maven/lib/maven-core-3.0.5.jar
7fa64b5ba000-7fa64b5c0000 r--s 0003f000 08:01 2112583                    /usr/local/netbeans-8.1/java/maven/lib/maven-compat-3.0.5.jar
7fa64b5c0000-7fa64b5c2000 r--s 00026000 08:01 2112586                    /usr/local/netbeans-8.1/java/maven/lib/maven-model-3.0.5.jar
7fa64b5c2000-7fa64b5c4000 r--s 0000b000 08:01 2112553                    /usr/local/netbeans-8.1/java/maven/lib/maven-plugin-api-3.0.5.jar
7fa64b5c4000-7fa64b5c5000 r--s 00006000 08:01 2112507                    /usr/local/netbeans-8.1/java/maven/lib/plexus-sec-dispatcher-1.3.jar
7fa64b5c5000-7fa64b5c7000 r--s 0000c000 08:01 2112471                    /usr/local/netbeans-8.1/java/maven/lib/maven-aether-provider-3.0.5.jar
7fa64b5c7000-7fa64b5c9000 r--s 0000a000 08:01 2112542                    /usr/local/netbeans-8.1/java/maven/boot/plexus-classworlds-2.4.jar
7fa64b5c9000-7fa64b5d1000 rw-s 00000000 08:01 1314724                    /tmp/hsperfdata_madunlap/29640
7fa64b5d1000-7fa64b5d2000 rw-p 00000000 00:00 0 
7fa64b5d2000-7fa64b5d3000 ---p 00000000 00:00 0 
7fa64b5d3000-7fa64b5d6000 rw-p 00000000 00:00 0 
7fa64b5d6000-7fa64b5d7000 r--p 00025000 08:01 663288                     /lib/x86_64-linux-gnu/ld-2.24.so
7fa64b5d7000-7fa64b5d8000 rw-p 00026000 08:01 663288                     /lib/x86_64-linux-gnu/ld-2.24.so
7fa64b5d8000-7fa64b5d9000 rw-p 00000000 00:00 0 
7ffc37567000-7ffc37588000 rw-p 00000000 00:00 0                          [stack]
7ffc375a3000-7ffc375a5000 r--p 00000000 00:00 0                          [vvar]
7ffc375a5000-7ffc375a7000 r-xp 00000000 00:00 0                          [vdso]
ffffffffff600000-ffffffffff601000 r-xp 00000000 00:00 0                  [vsyscall]

VM Arguments:
jvm_args: -Dclassworlds.conf=/usr/local/netbeans-8.1/java/maven/bin/m2.conf -Dmaven.home=/usr/local/netbeans-8.1/java/maven 
java_command: org.codehaus.plexus.classworlds.launcher.Launcher -Dmaven.ext.class.path=/usr/local/netbeans-8.1/java/maven-nblib/netbeans-eventspy.jar clean install
java_class_path (initial): /usr/local/netbeans-8.1/java/maven/boot/plexus-classworlds-2.4.jar
Launcher Type: SUN_STANDARD

Environment Variables:
JAVA_HOME=/usr/lib/jvm/java-8-oracle
PATH=/home/madunlap/bin:/usr/local/sbin:/usr/local/bin:/usr/sbin:/usr/bin:/sbin:/bin:/usr/games:/usr/local/games:/snap/bin:/usr/lib/jvm/java-8-oracle/bin:/usr/lib/jvm/java-8-oracle/db/bin:/usr/lib/jvm/java-8-oracle/jre/bin
LD_LIBRARY_PATH=/usr/lib/jvm/java-8-oracle/jre/lib/amd64:/usr/lib/jvm/java-8-oracle/jre/lib/i386:
SHELL=/bin/bash
DISPLAY=:0

Signal Handlers:
SIGSEGV: [libjvm.so+0xacbe10], sa_mask[0]=11111111011111111101111111111110, sa_flags=SA_RESTART|SA_SIGINFO
SIGBUS: [libjvm.so+0xacbe10], sa_mask[0]=11111111011111111101111111111110, sa_flags=SA_RESTART|SA_SIGINFO
SIGFPE: [libjvm.so+0x924f90], sa_mask[0]=11111111011111111101111111111110, sa_flags=SA_RESTART|SA_SIGINFO
SIGPIPE: [libjvm.so+0x924f90], sa_mask[0]=11111111011111111101111111111110, sa_flags=SA_RESTART|SA_SIGINFO
SIGXFSZ: [libjvm.so+0x924f90], sa_mask[0]=11111111011111111101111111111110, sa_flags=SA_RESTART|SA_SIGINFO
SIGILL: [libjvm.so+0x924f90], sa_mask[0]=11111111011111111101111111111110, sa_flags=SA_RESTART|SA_SIGINFO
SIGUSR1: SIG_DFL, sa_mask[0]=00000000000000000000000000000000, sa_flags=none
SIGUSR2: [libjvm.so+0x9267d0], sa_mask[0]=00100000000000000000000000000000, sa_flags=SA_RESTART|SA_SIGINFO
SIGHUP: [libjvm.so+0x927bd0], sa_mask[0]=11111111011111111101111111111110, sa_flags=SA_RESTART|SA_SIGINFO
SIGINT: SIG_IGN, sa_mask[0]=00000000000000000000000000000000, sa_flags=none
SIGTERM: [libjvm.so+0x927bd0], sa_mask[0]=11111111011111111101111111111110, sa_flags=SA_RESTART|SA_SIGINFO
SIGQUIT: [libjvm.so+0x927bd0], sa_mask[0]=11111111011111111101111111111110, sa_flags=SA_RESTART|SA_SIGINFO


---------------  S Y S T E M  ---------------

OS:DISTRIB_ID=Ubuntu
DISTRIB_RELEASE=17.04
DISTRIB_CODENAME=zesty
DISTRIB_DESCRIPTION="Ubuntu 17.04"

uname:Linux 4.10.0-38-generic #42-Ubuntu SMP Tue Oct 10 13:24:27 UTC 2017 x86_64
libc:glibc 2.24 NPTL 2.24 
rlimit: STACK 8192k, CORE 0k, NPROC 23666, NOFILE 1048576, AS infinity
load average:1.95 1.84 1.62

/proc/meminfo:
MemTotal:        6104256 kB
MemFree:          117816 kB
MemAvailable:      19736 kB
Buffers:            1468 kB
Cached:            64572 kB
SwapCached:        37080 kB
Active:          4990556 kB
Inactive:         722868 kB
Active(anon):    4981392 kB
Inactive(anon):   711736 kB
Active(file):       9164 kB
Inactive(file):    11132 kB
Unevictable:          32 kB
Mlocked:              32 kB
SwapTotal:       2097148 kB
SwapFree:              0 kB
Dirty:               524 kB
Writeback:            72 kB
AnonPages:       5612436 kB
Mapped:            38644 kB
Shmem:             45632 kB
Slab:              98504 kB
SReclaimable:      43368 kB
SUnreclaim:        55136 kB
KernelStack:       17948 kB
PageTables:        99996 kB
NFS_Unstable:          0 kB
Bounce:                0 kB
WritebackTmp:          0 kB
CommitLimit:     5149276 kB
Committed_AS:   13765560 kB
VmallocTotal:   34359738367 kB
VmallocUsed:           0 kB
VmallocChunk:          0 kB
HardwareCorrupted:     0 kB
AnonHugePages:   1460224 kB
ShmemHugePages:        0 kB
ShmemPmdMapped:        0 kB
CmaTotal:              0 kB
CmaFree:               0 kB
HugePages_Total:       0
HugePages_Free:        0
HugePages_Rsvd:        0
HugePages_Surp:        0
Hugepagesize:       2048 kB
DirectMap4k:      194480 kB
DirectMap2M:     6096896 kB


CPU:total 2 (initial active 2) (2 cores per cpu, 1 threads per core) family 6 model 70 stepping 1, cmov, cx8, fxsr, mmx, sse, sse2, sse3, ssse3, sse4.1, sse4.2, popcnt, avx, avx2, aes, clmul, erms, lzcnt, tsc, tscinvbit, bmi1, bmi2

/proc/cpuinfo:
processor	: 0
vendor_id	: GenuineIntel
cpu family	: 6
model		: 70
model name	: Intel(R) Core(TM) i7-4870HQ CPU @ 2.50GHz
stepping	: 1
microcode	: 0x13
cpu MHz		: 2494.226
cache size	: 6144 KB
physical id	: 0
siblings	: 2
core id		: 0
cpu cores	: 2
apicid		: 0
initial apicid	: 0
fpu		: yes
fpu_exception	: yes
cpuid level	: 13
wp		: yes
flags		: fpu vme de pse tsc msr pae mce cx8 apic sep mtrr pge mca cmov pat pse36 clflush mmx fxsr sse sse2 ss ht syscall nx rdtscp lm constant_tsc nopl xtopology nonstop_tsc pni pclmulqdq ssse3 fma cx16 pcid sse4_1 sse4_2 x2apic movbe popcnt tsc_deadline_timer aes xsave avx f16c rdrand hypervisor lahf_lm abm fsgsbase tsc_adjust bmi1 avx2 smep bmi2 invpcid xsaveopt dtherm arat pln pts
bugs		:
bogomips	: 4988.45
clflush size	: 64
cache_alignment	: 64
address sizes	: 36 bits physical, 48 bits virtual
power management:

processor	: 1
vendor_id	: GenuineIntel
cpu family	: 6
model		: 70
model name	: Intel(R) Core(TM) i7-4870HQ CPU @ 2.50GHz
stepping	: 1
microcode	: 0x13
cpu MHz		: 2494.226
cache size	: 6144 KB
physical id	: 0
siblings	: 2
core id		: 1
cpu cores	: 2
apicid		: 1
initial apicid	: 1
fpu		: yes
fpu_exception	: yes
cpuid level	: 13
wp		: yes
flags		: fpu vme de pse tsc msr pae mce cx8 apic sep mtrr pge mca cmov pat pse36 clflush mmx fxsr sse sse2 ss ht syscall nx rdtscp lm constant_tsc nopl xtopology nonstop_tsc pni pclmulqdq ssse3 fma cx16 pcid sse4_1 sse4_2 x2apic movbe popcnt tsc_deadline_timer aes xsave avx f16c rdrand hypervisor lahf_lm abm fsgsbase tsc_adjust bmi1 avx2 smep bmi2 invpcid xsaveopt dtherm arat pln pts
bugs		:
bogomips	: 4988.45
clflush size	: 64
cache_alignment	: 64
address sizes	: 36 bits physical, 48 bits virtual
power management:



Memory: 4k page, physical 6104256k(117692k free), swap 2097148k(0k free)

vm_info: Java HotSpot(TM) 64-Bit Server VM (25.151-b12) for linux-amd64 JRE (1.8.0_151-b12), built on Sep  5 2017 19:20:58 by "java_re" with gcc 4.3.0 20080428 (Red Hat 4.3.0-8)

time: Mon Nov 13 16:51:49 2017
elapsed time: 9 seconds (0d 0h 0m 9s)

