#
# There is insufficient memory for the Java Runtime Environment to continue.
# Native memory allocation (mmap) failed to map 70254592 bytes for committing reserved memory.
# Possible reasons:
#   The system is out of physical RAM or swap space
#   In 32 bit mode, the process size limit was hit
# Possible solutions:
#   Reduce memory load on the system
#   Increase physical memory or swap space
#   Check if swap backing store is full
#   Use 64 bit Java on a 64 bit OS
#   Decrease Java heap size (-Xmx/-Xms)
#   Decrease number of Java threads
#   Decrease Java thread stack sizes (-Xss)
#   Set larger code cache with -XX:ReservedCodeCacheSize=
# This output file may be truncated or incomplete.
#
#  Out of Memory Error (os_linux.cpp:2640), pid=9316, tid=0x00007fe47bdfd700
#
# JRE version: Java(TM) SE Runtime Environment (8.0_144-b01) (build 1.8.0_144-b01)
# Java VM: Java HotSpot(TM) 64-Bit Server VM (25.144-b01 mixed mode linux-amd64 compressed oops)
# Failed to write core dump. Core dumps have been disabled. To enable core dumping, try "ulimit -c unlimited" before starting Java again
#

---------------  T H R E A D  ---------------

Current thread (0x00007fe4900fc000):  VMThread [stack: 0x00007fe47bcfd000,0x00007fe47bdfe000] [id=9322]

Stack: [0x00007fe47bcfd000,0x00007fe47bdfe000],  sp=0x00007fe47bdfc020,  free space=1020k
Native frames: (J=compiled Java code, j=interpreted, Vv=VM code, C=native code)
V  [libjvm.so+0xacb18a]  VMError::report_and_die()+0x2ba
V  [libjvm.so+0x4ff4db]  report_vm_out_of_memory(char const*, int, unsigned long, VMErrorType, char const*)+0x8b
V  [libjvm.so+0x927d23]  os::Linux::commit_memory_impl(char*, unsigned long, bool)+0x103
V  [libjvm.so+0x928279]  os::pd_commit_memory(char*, unsigned long, unsigned long, bool)+0x29
V  [libjvm.so+0x92249a]  os::commit_memory(char*, unsigned long, unsigned long, bool)+0x2a
V  [libjvm.so+0x996ff3]  PSVirtualSpace::expand_by(unsigned long)+0x53
V  [libjvm.so+0x9983f8]  PSYoungGen::resize_generation(unsigned long, unsigned long)+0xf8
V  [libjvm.so+0x997552]  PSYoungGen::resize(unsigned long, unsigned long)+0x22
V  [libjvm.so+0x99482b]  PSScavenge::invoke_no_policy()+0xf3b
V  [libjvm.so+0x994fb1]  PSScavenge::invoke()+0x41
V  [libjvm.so+0x94bce0]  ParallelScavengeHeap::failed_mem_allocate(unsigned long)+0x70
V  [libjvm.so+0xaccba7]  VM_ParallelGCFailedAllocation::doit()+0x97
V  [libjvm.so+0xad4685]  VM_Operation::evaluate()+0x55
V  [libjvm.so+0xad2a5a]  VMThread::evaluate_operation(VM_Operation*)+0xba
V  [libjvm.so+0xad2dde]  VMThread::loop()+0x1ce
V  [libjvm.so+0xad3250]  VMThread::run()+0x70
V  [libjvm.so+0x92a338]  java_start(Thread*)+0x108

VM_Operation (0x00007fe499daf220): ParallelGCFailedAllocation, mode: safepoint, requested by thread 0x00007fe49000b000


---------------  P R O C E S S  ---------------

Java Threads: ( => current thread )
  0x00007fe49081b000 JavaThread "Service Thread" daemon [_thread_blocked, id=9328, stack(0x00007fe47a7ef000,0x00007fe47a8f0000)]
  0x00007fe490817000 JavaThread "C1 CompilerThread1" daemon [_thread_blocked, id=9327, stack(0x00007fe47a8f0000,0x00007fe47a9f1000)]
  0x00007fe490801000 JavaThread "C2 CompilerThread0" daemon [_thread_blocked, id=9326, stack(0x00007fe47a9f1000,0x00007fe47aaf2000)]
  0x00007fe49013b800 JavaThread "Signal Dispatcher" daemon [_thread_blocked, id=9325, stack(0x00007fe47b71f000,0x00007fe47b820000)]
  0x00007fe490108000 JavaThread "Finalizer" daemon [_thread_blocked, id=9324, stack(0x00007fe47bafb000,0x00007fe47bbfc000)]
  0x00007fe490103800 JavaThread "Reference Handler" daemon [_thread_blocked, id=9323, stack(0x00007fe47bbfc000,0x00007fe47bcfd000)]
  0x00007fe49000b000 JavaThread "main" [_thread_blocked, id=9319, stack(0x00007fe499cb5000,0x00007fe499db6000)]

Other Threads:
=>0x00007fe4900fc000 VMThread [stack: 0x00007fe47bcfd000,0x00007fe47bdfe000] [id=9322]
  0x00007fe49084e000 WatcherThread [stack: 0x00007fe47a6ee000,0x00007fe47a7ef000] [id=9329]

VM state:at safepoint (normal execution)

VM Mutex/Monitor currently owned by a thread:  ([mutex/lock_event])
[0x00007fe4900072e0] Threads_lock - owner thread: 0x00007fe4900fc000
[0x00007fe4900077e0] Heap_lock - owner thread: 0x00007fe49000b000

Heap:
 PSYoungGen      total 66048K, used 2549K [0x00000000eb700000, 0x00000000efa00000, 0x0000000100000000)
  eden space 63488K, 0% used [0x00000000eb700000,0x00000000eb700000,0x00000000ef500000)
  from space 2560K, 99% used [0x00000000ef500000,0x00000000ef77d418,0x00000000ef780000)
  to   space 2560K, 0% used [0x00000000ef780000,0x00000000ef780000,0x00000000efa00000)
 ParOldGen       total 42496K, used 3025K [0x00000000c2400000, 0x00000000c4d80000, 0x00000000eb700000)
  object space 42496K, 7% used [0x00000000c2400000,0x00000000c26f4620,0x00000000c4d80000)
 Metaspace       used 13953K, capacity 14192K, committed 14336K, reserved 1062912K
  class space    used 1401K, capacity 1482K, committed 1536K, reserved 1048576K

Card table byte_map: [0x00007fe496667000,0x00007fe496856000] byte_map_base: 0x00007fe496055000

Marking Bits: (ParMarkBitMap*) 0x00007fe499190dc0
 Begin Bits: [0x00007fe49443b000, 0x00007fe4953ab000)
 End Bits:   [0x00007fe4953ab000, 0x00007fe49631b000)

Polling page: 0x00007fe499dde000

CodeCache: size=245760Kb used=5835Kb max_used=5841Kb free=239924Kb
 bounds [0x00007fe481000000, 0x00007fe4815c0000, 0x00007fe490000000]
 total_blobs=2091 nmethods=1720 adapters=284
 compilation: enabled

Compilation events (10 events):
Event: 2.513 Thread 0x00007fe490801000 nmethod 1053 0x00007fe4815b3510 code [0x00007fe4815b3660, 0x00007fe4815b3938]
Event: 2.513 Thread 0x00007fe490801000 1743  s    4       sun.misc.URLClassPath::getNextLoader (88 bytes)
Event: 2.521 Thread 0x00007fe490817000 1745       2       org.jacoco.agent.rt.internal_b0d6a23.core.runtime.RuntimeData::equals (24 bytes)
Event: 2.521 Thread 0x00007fe490817000 nmethod 1745 0x00007fe4815b30d0 code [0x00007fe4815b3240, 0x00007fe4815b3468]
Event: 2.521 Thread 0x00007fe490817000 1746   !   2       org.jacoco.agent.rt.internal_b0d6a23.core.runtime.RuntimeData::getExecutionData (30 bytes)
Event: 2.521 Thread 0x00007fe490817000 nmethod 1746 0x00007fe4815b2ad0 code [0x00007fe4815b2c40, 0x00007fe4815b2f48]
Event: 2.521 Thread 0x00007fe490817000 1747       2       org.jacoco.agent.rt.internal_b0d6a23.core.data.ExecutionData::<init> (23 bytes)
Event: 2.521 Thread 0x00007fe490817000 nmethod 1747 0x00007fe4815b2690 code [0x00007fe4815b2800, 0x00007fe4815b2a10]
Event: 2.525 Thread 0x00007fe490817000 1748       2       org.jacoco.agent.rt.internal_b0d6a23.asm.AnnotationWriter::visitEnum (63 bytes)
Event: 2.525 Thread 0x00007fe490817000 nmethod 1748 0x00007fe4815b4910 code [0x00007fe4815b4ac0, 0x00007fe4815b4d58]

GC Heap History (9 events):
Event: 0.547 GC heap before
{Heap before GC invocations=1 (full 0):
 PSYoungGen      total 18432K, used 15854K [0x00000000eb700000, 0x00000000ecb80000, 0x0000000100000000)
  eden space 15872K, 99% used [0x00000000eb700000,0x00000000ec67b950,0x00000000ec680000)
  from space 2560K, 0% used [0x00000000ec900000,0x00000000ec900000,0x00000000ecb80000)
  to   space 2560K, 0% used [0x00000000ec680000,0x00000000ec680000,0x00000000ec900000)
 ParOldGen       total 42496K, used 0K [0x00000000c2400000, 0x00000000c4d80000, 0x00000000eb700000)
  object space 42496K, 0% used [0x00000000c2400000,0x00000000c2400000,0x00000000c4d80000)
 Metaspace       used 5103K, capacity 5174K, committed 5248K, reserved 1056768K
  class space    used 552K, capacity 593K, committed 640K, reserved 1048576K
Event: 0.552 GC heap after
Heap after GC invocations=1 (full 0):
 PSYoungGen      total 18432K, used 1999K [0x00000000eb700000, 0x00000000edb00000, 0x0000000100000000)
  eden space 15872K, 0% used [0x00000000eb700000,0x00000000eb700000,0x00000000ec680000)
  from space 2560K, 78% used [0x00000000ec680000,0x00000000ec873c98,0x00000000ec900000)
  to   space 2560K, 0% used [0x00000000ed880000,0x00000000ed880000,0x00000000edb00000)
 ParOldGen       total 42496K, used 0K [0x00000000c2400000, 0x00000000c4d80000, 0x00000000eb700000)
  object space 42496K, 0% used [0x00000000c2400000,0x00000000c2400000,0x00000000c4d80000)
 Metaspace       used 5103K, capacity 5174K, committed 5248K, reserved 1056768K
  class space    used 552K, capacity 593K, committed 640K, reserved 1048576K
}
Event: 0.870 GC heap before
{Heap before GC invocations=2 (full 0):
 PSYoungGen      total 18432K, used 17871K [0x00000000eb700000, 0x00000000edb00000, 0x0000000100000000)
  eden space 15872K, 100% used [0x00000000eb700000,0x00000000ec680000,0x00000000ec680000)
  from space 2560K, 78% used [0x00000000ec680000,0x00000000ec873c98,0x00000000ec900000)
  to   space 2560K, 0% used [0x00000000ed880000,0x00000000ed880000,0x00000000edb00000)
 ParOldGen       total 42496K, used 0K [0x00000000c2400000, 0x00000000c4d80000, 0x00000000eb700000)
  object space 42496K, 0% used [0x00000000c2400000,0x00000000c2400000,0x00000000c4d80000)
 Metaspace       used 6339K, capacity 6474K, committed 6656K, reserved 1056768K
  class space    used 681K, capacity 725K, committed 768K, reserved 1048576K
Event: 0.885 GC heap after
Heap after GC invocations=2 (full 0):
 PSYoungGen      total 34304K, used 2500K [0x00000000eb700000, 0x00000000edb00000, 0x0000000100000000)
  eden space 31744K, 0% used [0x00000000eb700000,0x00000000eb700000,0x00000000ed600000)
  from space 2560K, 97% used [0x00000000ed880000,0x00000000edaf13b0,0x00000000edb00000)
  to   space 2560K, 0% used [0x00000000ed600000,0x00000000ed600000,0x00000000ed880000)
 ParOldGen       total 42496K, used 8K [0x00000000c2400000, 0x00000000c4d80000, 0x00000000eb700000)
  object space 42496K, 0% used [0x00000000c2400000,0x00000000c2402000,0x00000000c4d80000)
 Metaspace       used 6339K, capacity 6474K, committed 6656K, reserved 1056768K
  class space    used 681K, capacity 725K, committed 768K, reserved 1048576K
}
Event: 1.256 GC heap before
{Heap before GC invocations=3 (full 0):
 PSYoungGen      total 34304K, used 34244K [0x00000000eb700000, 0x00000000edb00000, 0x0000000100000000)
  eden space 31744K, 100% used [0x00000000eb700000,0x00000000ed600000,0x00000000ed600000)
  from space 2560K, 97% used [0x00000000ed880000,0x00000000edaf13b0,0x00000000edb00000)
  to   space 2560K, 0% used [0x00000000ed600000,0x00000000ed600000,0x00000000ed880000)
 ParOldGen       total 42496K, used 8K [0x00000000c2400000, 0x00000000c4d80000, 0x00000000eb700000)
  object space 42496K, 0% used [0x00000000c2400000,0x00000000c2402000,0x00000000c4d80000)
 Metaspace       used 7767K, capacity 7920K, committed 8064K, reserved 1056768K
  class space    used 790K, capacity 822K, committed 896K, reserved 1048576K
Event: 1.265 GC heap after
Heap after GC invocations=3 (full 0):
 PSYoungGen      total 34304K, used 2105K [0x00000000eb700000, 0x00000000efa00000, 0x0000000100000000)
  eden space 31744K, 0% used [0x00000000eb700000,0x00000000eb700000,0x00000000ed600000)
  from space 2560K, 82% used [0x00000000ed600000,0x00000000ed80e6f0,0x00000000ed880000)
  to   space 2560K, 0% used [0x00000000ef780000,0x00000000ef780000,0x00000000efa00000)
 ParOldGen       total 42496K, used 16K [0x00000000c2400000, 0x00000000c4d80000, 0x00000000eb700000)
  object space 42496K, 0% used [0x00000000c2400000,0x00000000c2404000,0x00000000c4d80000)
 Metaspace       used 7767K, capacity 7920K, committed 8064K, reserved 1056768K
  class space    used 790K, capacity 822K, committed 896K, reserved 1048576K
}
Event: 1.797 GC heap before
{Heap before GC invocations=4 (full 0):
 PSYoungGen      total 34304K, used 33849K [0x00000000eb700000, 0x00000000efa00000, 0x0000000100000000)
  eden space 31744K, 100% used [0x00000000eb700000,0x00000000ed600000,0x00000000ed600000)
  from space 2560K, 82% used [0x00000000ed600000,0x00000000ed80e6f0,0x00000000ed880000)
  to   space 2560K, 0% used [0x00000000ef780000,0x00000000ef780000,0x00000000efa00000)
 ParOldGen       total 42496K, used 16K [0x00000000c2400000, 0x00000000c4d80000, 0x00000000eb700000)
  object space 42496K, 0% used [0x00000000c2400000,0x00000000c2404000,0x00000000c4d80000)
 Metaspace       used 10372K, capacity 10550K, committed 10624K, reserved 1058816K
  class space    used 1052K, capacity 1079K, committed 1152K, reserved 1048576K
Event: 1.804 GC heap after
Heap after GC invocations=4 (full 0):
 PSYoungGen      total 66048K, used 2531K [0x00000000eb700000, 0x00000000efa00000, 0x0000000100000000)
  eden space 63488K, 0% used [0x00000000eb700000,0x00000000eb700000,0x00000000ef500000)
  from space 2560K, 98% used [0x00000000ef780000,0x00000000ef9f8f08,0x00000000efa00000)
  to   space 2560K, 0% used [0x00000000ef500000,0x00000000ef500000,0x00000000ef780000)
 ParOldGen       total 42496K, used 1045K [0x00000000c2400000, 0x00000000c4d80000, 0x00000000eb700000)
  object space 42496K, 2% used [0x00000000c2400000,0x00000000c2505500,0x00000000c4d80000)
 Metaspace       used 10372K, capacity 10550K, committed 10624K, reserved 1058816K
  class space    used 1052K, capacity 1079K, committed 1152K, reserved 1048576K
}
Event: 2.530 GC heap before
{Heap before GC invocations=5 (full 0):
 PSYoungGen      total 66048K, used 66019K [0x00000000eb700000, 0x00000000efa00000, 0x0000000100000000)
  eden space 63488K, 100% used [0x00000000eb700000,0x00000000ef500000,0x00000000ef500000)
  from space 2560K, 98% used [0x00000000ef780000,0x00000000ef9f8f08,0x00000000efa00000)
  to   space 2560K, 0% used [0x00000000ef500000,0x00000000ef500000,0x00000000ef780000)
 ParOldGen       total 42496K, used 1045K [0x00000000c2400000, 0x00000000c4d80000, 0x00000000eb700000)
  object space 42496K, 2% used [0x00000000c2400000,0x00000000c2505500,0x00000000c4d80000)
 Metaspace       used 13953K, capacity 14192K, committed 14336K, reserved 1062912K
  class space    used 1401K, capacity 1482K, committed 1536K, reserved 1048576K

Deoptimization events (10 events):
Event: 0.795 Thread 0x00007fe49000b000 Uncommon trap: reason=unstable_if action=reinterpret pc=0x00007fe48120556c method=org.jacoco.agent.rt.internal_b0d6a23.asm.ClassReader.readUTF8(I[C)Ljava/lang/String; @ 11
Event: 0.830 Thread 0x00007fe49000b000 Uncommon trap: reason=unstable_if action=reinterpret pc=0x00007fe48122c8e0 method=java.io.UnixFileSystem.normalize(Ljava/lang/String;)Ljava/lang/String; @ 60
Event: 0.830 Thread 0x00007fe49000b000 Uncommon trap: reason=unstable_if action=reinterpret pc=0x00007fe48123bdc4 method=org.jacoco.agent.rt.internal_b0d6a23.asm.ClassReader.readUTF(II[C)Ljava/lang/String; @ 77
Event: 0.952 Thread 0x00007fe49000b000 Uncommon trap: reason=unstable_if action=reinterpret pc=0x00007fe4812b3304 method=java.util.ArrayList.remove(I)Ljava/lang/Object; @ 31
Event: 0.978 Thread 0x00007fe49000b000 Uncommon trap: reason=unstable_if action=reinterpret pc=0x00007fe481281860 method=org.jacoco.agent.rt.internal_b0d6a23.asm.Item.isEqualTo(Lorg/jacoco/agent/rt/internal_b0d6a23/asm/Item;)Z @ 345
Event: 1.020 Thread 0x00007fe49000b000 Uncommon trap: reason=unstable_if action=reinterpret pc=0x00007fe4812e0e50 method=org.jacoco.agent.rt.internal_b0d6a23.asm.MethodVisitor.visitLineNumber(ILorg/jacoco/agent/rt/internal_b0d6a23/asm/Label;)V @ 4
Event: 1.723 Thread 0x00007fe49000b000 Uncommon trap: reason=null_check action=make_not_entrant pc=0x00007fe481112184 method=java.lang.String.equals(Ljava/lang/Object;)Z @ 8
Event: 2.374 Thread 0x00007fe49000b000 Uncommon trap: reason=unstable_if action=reinterpret pc=0x00007fe4813982ec method=org.jacoco.agent.rt.internal_b0d6a23.asm.Item.isEqualTo(Lorg/jacoco/agent/rt/internal_b0d6a23/asm/Item;)Z @ 186
Event: 2.442 Thread 0x00007fe49000b000 Uncommon trap: reason=unloaded action=reinterpret pc=0x00007fe48153f278 method=org.jacoco.agent.rt.internal_b0d6a23.asm.ClassReader.readConst(I[C)Ljava/lang/Object; @ 97
Event: 2.522 Thread 0x00007fe49000b000 Uncommon trap: reason=unstable_if action=reinterpret pc=0x00007fe481560f64 method=org.jacoco.agent.rt.internal_b0d6a23.asm.Type.getArgumentsAndReturnSizes(Ljava/lang/String;)I @ 47

Internal exceptions (10 events):
Event: 2.411 Thread 0x00007fe49000b000 Exception <a 'java/lang/ClassNotFoundException': org/apache/log4j/WriterAppenderCustomizer> (0x00000000ee61fc98) thrown at [/HUDSON3/workspace/8-2-build-linux-amd64/jdk8u144/9417/hotspot/src/share/vm/classfile/systemDictionary.cpp, line 210]
Event: 2.412 Thread 0x00007fe49000b000 Exception <a 'java/lang/ClassNotFoundException': org/apache/log4j/ConsoleAppenderCustomizer> (0x00000000ee654408) thrown at [/HUDSON3/workspace/8-2-build-linux-amd64/jdk8u144/9417/hotspot/src/share/vm/classfile/systemDictionary.cpp, line 210]
Event: 2.496 Thread 0x00007fe49000b000 Exception <a 'java/security/PrivilegedActionException'> (0x00000000ef0051a0) thrown at [/HUDSON3/workspace/8-2-build-linux-amd64/jdk8u144/9417/hotspot/src/share/vm/prims/jvm.cpp, line 1390]
Event: 2.496 Thread 0x00007fe49000b000 Exception <a 'java/security/PrivilegedActionException'> (0x00000000ef005598) thrown at [/HUDSON3/workspace/8-2-build-linux-amd64/jdk8u144/9417/hotspot/src/share/vm/prims/jvm.cpp, line 1390]
Event: 2.496 Thread 0x00007fe49000b000 Exception <a 'java/security/PrivilegedActionException'> (0x00000000ef009730) thrown at [/HUDSON3/workspace/8-2-build-linux-amd64/jdk8u144/9417/hotspot/src/share/vm/prims/jvm.cpp, line 1390]
Event: 2.496 Thread 0x00007fe49000b000 Exception <a 'java/security/PrivilegedActionException'> (0x00000000ef009b28) thrown at [/HUDSON3/workspace/8-2-build-linux-amd64/jdk8u144/9417/hotspot/src/share/vm/prims/jvm.cpp, line 1390]
Event: 2.501 Thread 0x00007fe49000b000 Exception <a 'java/security/PrivilegedActionException'> (0x00000000ef1161a0) thrown at [/HUDSON3/workspace/8-2-build-linux-amd64/jdk8u144/9417/hotspot/src/share/vm/prims/jvm.cpp, line 1390]
Event: 2.501 Thread 0x00007fe49000b000 Exception <a 'java/security/PrivilegedActionException'> (0x00000000ef116598) thrown at [/HUDSON3/workspace/8-2-build-linux-amd64/jdk8u144/9417/hotspot/src/share/vm/prims/jvm.cpp, line 1390]
Event: 2.501 Thread 0x00007fe49000b000 Exception <a 'java/security/PrivilegedActionException'> (0x00000000ef11a730) thrown at [/HUDSON3/workspace/8-2-build-linux-amd64/jdk8u144/9417/hotspot/src/share/vm/prims/jvm.cpp, line 1390]
Event: 2.501 Thread 0x00007fe49000b000 Exception <a 'java/security/PrivilegedActionException'> (0x00000000ef11ab28) thrown at [/HUDSON3/workspace/8-2-build-linux-amd64/jdk8u144/9417/hotspot/src/share/vm/prims/jvm.cpp, line 1390]

Events (10 events):
Event: 2.524 loading class org/hibernate/validator/internal/constraintvalidators/MinValidatorForNumber done
Event: 2.524 loading class org/hibernate/validator/internal/constraintvalidators/MinValidatorForCharSequence
Event: 2.524 loading class org/hibernate/validator/internal/constraintvalidators/MinValidatorForCharSequence done
Event: 2.525 loading class javax/validation/constraints/Min
Event: 2.525 loading class javax/validation/constraints/Min done
Event: 2.525 loading class org/hibernate/validator/internal/constraintvalidators/NotNullValidator
Event: 2.525 loading class org/hibernate/validator/internal/constraintvalidators/NotNullValidator done
Event: 2.526 loading class javax/validation/constraints/NotNull
Event: 2.526 loading class javax/validation/constraints/NotNull done
Event: 2.528 Executing VM operation: ParallelGCFailedAllocation


Dynamic libraries:
00400000-00401000 r-xp 00000000 08:01 2106691                            /usr/lib/jvm/java-8-oracle/jre/bin/java
00600000-00601000 rw-p 00000000 08:01 2106691                            /usr/lib/jvm/java-8-oracle/jre/bin/java
00daf000-00dd0000 rw-p 00000000 00:00 0                                  [heap]
c2400000-c4d80000 rw-p 00000000 00:00 0 
c4d80000-eb700000 ---p 00000000 00:00 0 
eb700000-efa00000 rw-p 00000000 00:00 0 
f3d00000-100000000 ---p 00000000 00:00 0 
100000000-100180000 rw-p 00000000 00:00 0 
100180000-140000000 ---p 00000000 00:00 0 
7fe44c000000-7fe44c021000 rw-p 00000000 00:00 0 
7fe44c021000-7fe450000000 ---p 00000000 00:00 0 
7fe454000000-7fe454e8c000 rw-p 00000000 00:00 0 
7fe454e8c000-7fe458000000 ---p 00000000 00:00 0 
7fe458000000-7fe458021000 rw-p 00000000 00:00 0 
7fe458021000-7fe45c000000 ---p 00000000 00:00 0 
7fe45c000000-7fe45d10e000 rw-p 00000000 00:00 0 
7fe45d10e000-7fe460000000 ---p 00000000 00:00 0 
7fe460000000-7fe460021000 rw-p 00000000 00:00 0 
7fe460021000-7fe464000000 ---p 00000000 00:00 0 
7fe464fff000-7fe468000000 rw-p 00000000 00:00 0 
7fe468000000-7fe468021000 rw-p 00000000 00:00 0 
7fe468021000-7fe46c000000 ---p 00000000 00:00 0 
7fe46c000000-7fe46c021000 rw-p 00000000 00:00 0 
7fe46c021000-7fe470000000 ---p 00000000 00:00 0 
7fe470000000-7fe47028e000 rw-p 00000000 00:00 0 
7fe47028e000-7fe474000000 ---p 00000000 00:00 0 
7fe474000000-7fe474021000 rw-p 00000000 00:00 0 
7fe474021000-7fe478000000 ---p 00000000 00:00 0 
7fe479e4a000-7fe479eca000 rw-p 00000000 00:00 0 
7fe479eca000-7fe47a04a000 ---p 00000000 00:00 0 
7fe47a04a000-7fe47a04b000 r--s 00000000 08:01 1713870                    /tmp/junit996953625558266061/testNotSAV.txt (deleted)
7fe47a04b000-7fe47a04c000 r--s 00000000 08:01 1713868                    /tmp/junit996953625558266061/testSAV.txt (deleted)
7fe47a04c000-7fe47a04d000 r--s 00000000 08:01 1713866                    /tmp/junit7192486777962895778/testDTA2.txt (deleted)
7fe47a04d000-7fe47a04e000 r--s 00000000 08:01 1713865                    /tmp/junit7192486777962895778/notDTA2.txt (deleted)
7fe47a04e000-7fe47a04f000 r--s 00000000 08:01 1713862                    /tmp/junit7192486777962895778/testDTA.txt (deleted)
7fe47a09c000-7fe47a0af000 r--s 00345000 08:01 1976712                    /usr/lib/jvm/java-8-oracle/jre/lib/resources.jar
7fe47a0af000-7fe47a2af000 rw-p 00000000 00:00 0 
7fe47a2af000-7fe47a4af000 rw-p 00000000 00:00 0 
7fe47a4af000-7fe47a4b1000 r--s 00007000 08:01 791719                     /home/madunlap/.m2/repository/org/apache/maven/surefire/surefire-junit4/2.10/surefire-junit4-2.10.jar
7fe47a4b1000-7fe47a4b3000 r--s 0000b000 08:01 921145                     /home/madunlap/.m2/repository/org/json/json/20160212/json-20160212.jar
7fe47a4b3000-7fe47a4b5000 r--s 00009000 08:01 921147                     /home/madunlap/.m2/repository/com/mashape/unirest/unirest-java/1.4.9/unirest-java-1.4.9.jar
7fe47a4b5000-7fe47a4b7000 r--s 0000e000 08:01 921141                     /home/madunlap/.m2/repository/org/jvnet/mimepull/mimepull/1.9.6/mimepull-1.9.6.jar
7fe47a4b7000-7fe47a4ba000 r--s 0000e000 08:01 921143                     /home/madunlap/.m2/repository/org/glassfish/jersey/media/jersey-media-multipart/2.23.2/jersey-media-multipart-2.23.2.jar
7fe47a4ba000-7fe47a4be000 r--s 00019000 08:01 921137                     /home/madunlap/.m2/repository/javax/ws/rs/javax.ws.rs-api/2.0.1/javax.ws.rs-api-2.0.1.jar
7fe47a4be000-7fe47a4c0000 r--s 00010000 08:01 921134                     /home/madunlap/.m2/repository/org/glassfish/jersey/media/jersey-media-jaxb/2.23.2/jersey-media-jaxb-2.23.2.jar
7fe47a4c0000-7fe47a4c5000 r--s 00025000 08:01 921138                     /home/madunlap/.m2/repository/org/glassfish/jersey/core/jersey-client/2.23.2/jersey-client-2.23.2.jar
7fe47a4c5000-7fe47a4db000 r--s 000d3000 08:01 921133                     /home/madunlap/.m2/repository/org/glassfish/jersey/core/jersey-server/2.23.2/jersey-server-2.23.2.jar
7fe47a4db000-7fe47a4dc000 r--s 00004000 08:01 921129                     /home/madunlap/.m2/repository/org/glassfish/hk2/osgi-resource-locator/1.0.1/osgi-resource-locator-1.0.1.jar
7fe47a4dc000-7fe47a4e6000 r--s 000ae000 08:01 921127                     /home/madunlap/.m2/repository/org/javassist/javassist/3.20.0-GA/javassist-3.20.0-GA.jar
7fe47a4e6000-7fe47a4e9000 r--s 0002a000 08:01 921123                     /home/madunlap/.m2/repository/org/glassfish/hk2/hk2-locator/2.5.0-b05/hk2-locator-2.5.0-b05.jar
7fe47a4e9000-7fe47a4eb000 r--s 00002000 08:01 921128                     /home/madunlap/.m2/repository/org/glassfish/hk2/external/aopalliance-repackaged/2.5.0-b05/aopalliance-repackaged-2.5.0-b05.jar
7fe47a4eb000-7fe47a4ef000 r--s 0001a000 08:01 921125                     /home/madunlap/.m2/repository/org/glassfish/hk2/hk2-utils/2.5.0-b05/hk2-utils-2.5.0-b05.jar
7fe47a4ef000-7fe47a4f4000 r--s 00027000 08:01 921118                     /home/madunlap/.m2/repository/org/glassfish/hk2/hk2-api/2.5.0-b05/hk2-api-2.5.0-b05.jar
7fe47a4f4000-7fe47a50c000 r--s 000d6000 08:01 921120                     /home/madunlap/.m2/repository/org/glassfish/jersey/bundles/repackaged/jersey-guava/2.23.2/jersey-guava-2.23.2.jar
7fe47a50c000-7fe47a50e000 r--s 00005000 08:01 921116                     /home/madunlap/.m2/repository/javax/annotation/javax.annotation-api/1.2/javax.annotation-api-1.2.jar
7fe47a50e000-7fe47a51d000 r--s 000a0000 08:01 921111                     /home/madunlap/.m2/repository/org/glassfish/jersey/core/jersey-common/2.23.2/jersey-common-2.23.2.jar
7fe47a51d000-7fe47a51e000 r--s 00001000 08:01 921113                     /home/madunlap/.m2/repository/org/glassfish/hk2/external/javax.inject/2.5.0-b05/javax.inject-2.5.0-b05.jar
7fe47a51e000-7fe47a521000 r--s 0000e000 08:01 921110                     /home/madunlap/.m2/repository/org/glassfish/jersey/containers/jersey-container-servlet-core/2.23.2/jersey-container-servlet-core-2.23.2.jar
7fe47a521000-7fe47a523000 r--s 00003000 08:01 921107                     /home/madunlap/.m2/repository/org/glassfish/jersey/containers/jersey-container-servlet/2.23.2/jersey-container-servlet-2.23.2.jar
7fe47a523000-7fe47a525000 r--s 00008000 08:01 921112                     /home/madunlap/.m2/repository/com/google/auto/auto-common/0.3/auto-common-0.3.jar
7fe47a525000-7fe47a526000 r--s 00002000 08:01 921105                     /home/madunlap/.m2/repository/com/google/auto/service/auto-service/1.0-rc2/auto-service-1.0-rc2.jar
7fe47a526000-7fe47a528000 r--s 0000c000 08:01 921153                     /home/madunlap/.m2/repository/com/lyncode/xoai-service-provider/4.1.0-header-patch/xoai-service-provider-4.1.0-header-patch.jar
7fe47a528000-7fe47a529000 r--s 00001000 08:01 921104                     /home/madunlap/.m2/repository/com/lyncode/builder-commons/1.0.2/builder-commons-1.0.2.jar
7fe47a529000-7fe47a52c000 r--s 00012000 08:01 921152                     /home/madunlap/.m2/repository/com/lyncode/xoai-data-provider/4.1.0-header-patch/xoai-data-provider-4.1.0-header-patch.jar
7fe47a52c000-7fe47a52e000 r--s 00005000 08:01 791390                     /home/madunlap/.m2/repository/stax/stax-api/1.0.1/stax-api-1.0.1.jar
7fe47a52e000-7fe47a534000 r--s 00048000 08:01 921101                     /home/madunlap/.m2/repository/org/apache/commons/commons-lang3/3.1/commons-lang3-3.1.jar
7fe47a534000-7fe47a536000 r--s 00004000 08:01 921097                     /home/madunlap/.m2/repository/javax/xml/stream/stax-api/1.0-2/stax-api-1.0-2.jar
7fe47a536000-7fe47a53a000 r--s 00029000 08:01 921098                     /home/madunlap/.m2/repository/org/codehaus/woodstox/stax2-api/3.0.4/stax2-api-3.0.4.jar
7fe47a53a000-7fe47a540000 r--s 00045000 08:01 921095                     /home/madunlap/.m2/repository/org/hamcrest/hamcrest-all/1.3/hamcrest-all-1.3.jar
7fe47a540000-7fe47a545000 r--s 00016000 08:01 791388                     /home/madunlap/.m2/repository/xml-apis/xml-apis/1.0.b2/xml-apis-1.0.b2.jar
7fe47a545000-7fe47a546000 r--s 00003000 08:01 921092                     /home/madunlap/.m2/repository/com/lyncode/test-support/1.0.4/test-support-1.0.4.jar
7fe47a546000-7fe47a548000 r--s 00004000 08:01 921090                     /home/madunlap/.m2/repository/com/lyncode/xml-io/1.0.3/xml-io-1.0.3.jar
7fe47a548000-7fe47a54a000 r--s 0000d000 08:01 921151                     /home/madunlap/.m2/repository/com/lyncode/xoai-common/4.1.0-header-patch/xoai-common-4.1.0-header-patch.jar
7fe47a54a000-7fe47a54d000 r--s 00011000 08:01 921088                     /home/madunlap/.m2/repository/com/github/scribejava/scribejava-core/3.1.0/scribejava-core-3.1.0.jar
7fe47a54d000-7fe47a550000 r--s 00010000 08:01 921084                     /home/madunlap/.m2/repository/com/github/scribejava/scribejava-apis/3.1.0/scribejava-apis-3.1.0.jar
7fe47a550000-7fe47a559000 r--s 0006f000 08:01 921083                     /home/madunlap/.m2/repository/log4j/log4j/1.2.17/log4j-1.2.17.jar
7fe47a559000-7fe47a630000 r--s 007aa000 08:01 921093                     /home/madunlap/.m2/repository/net/sf/ehcache/ehcache/2.10.1/ehcache-2.10.1.jar
7fe47a630000-7fe47a632000 r--s 00008000 08:01 921082                     /home/madunlap/.m2/repository/org/apache/commons/commons-csv/1.2/commons-csv-1.2.jar
7fe47a632000-7fe47a636000 r--s 00035000 08:01 921081                     /home/madunlap/.m2/repository/com/fasterxml/jackson/core/jackson-core/2.5.3/jackson-core-2.5.3.jar
7fe47a636000-7fe47a638000 r--s 00008000 08:01 921075                     /home/madunlap/.m2/repository/com/fasterxml/jackson/core/jackson-annotations/2.5.0/jackson-annotations-2.5.0.jar
7fe47a638000-7fe47a64a000 r--s 00106000 08:01 921073                     /home/madunlap/.m2/repository/com/fasterxml/jackson/core/jackson-databind/2.5.3/jackson-databind-2.5.3.jar
7fe47a64a000-7fe47a64d000 r--s 00006000 08:01 921070                     /home/madunlap/.m2/repository/com/google/code/findbugs/jsr305/1.3.9/jsr305-1.3.9.jar
7fe47a64d000-7fe47a653000 r--s 00040000 08:01 921074                     /home/madunlap/.m2/repository/com/google/http-client/google-http-client/1.20.0/google-http-client-1.20.0.jar
7fe47a653000-7fe47a654000 r--s 00004000 08:01 921066                     /home/madunlap/.m2/repository/com/maxmind/db/maxmind-db/1.0.0/maxmind-db-1.0.0.jar
7fe47a654000-7fe47a656000 r--s 00007000 08:01 921064                     /home/madunlap/.m2/repository/com/maxmind/geoip2/geoip2/2.3.1/geoip2-2.3.1.jar
7fe47a656000-7fe47a658000 r--s 00003000 08:01 921062                     /home/madunlap/.m2/repository/org/slf4j/jcl-over-slf4j/1.7.2/jcl-over-slf4j-1.7.2.jar
7fe47a658000-7fe47a65c000 r--s 00034000 08:01 921067                     /home/madunlap/.m2/repository/org/codehaus/jackson/jackson-core-asl/1.9.7/jackson-core-asl-1.9.7.jar
7fe47a65c000-7fe47a66b000 r--s 000b0000 08:01 921065                     /home/madunlap/.m2/repository/org/codehaus/jackson/jackson-mapper-asl/1.9.7/jackson-mapper-asl-1.9.7.jar
7fe47a66b000-7fe47a675000 r--s 0003d000 08:01 921060                     /home/madunlap/.m2/repository/org/javaswift/joss/0.9.10/joss-0.9.10.jar
7fe47a675000-7fe47a67c000 r--s 0003a000 08:01 921056                     /home/madunlap/.m2/repository/commons-codec/commons-codec/1.9/commons-codec-1.9.jar
7fe47a67c000-7fe47a683000 r--s 00048000 08:01 921054                     /home/madunlap/.m2/repository/org/apache/httpcomponents/httpcore/4.4.1/httpcore-4.4.1.jar
7fe47a683000-7fe47a690000 r--s 000a4000 08:01 921052                     /home/madunlap/.m2/repository/org/apache/httpcomponents/httpclient/4.4.1/httpclient-4.4.1.jar
7fe47a690000-7fe47a694000 r--s 00028000 08:01 921050                     /home/madunlap/.m2/repository/org/apache/httpcomponents/httpasyncclient/4.1/httpasyncclient-4.1.jar
7fe47a694000-7fe47a69b000 r--s 00050000 08:01 921049                     /home/madunlap/.m2/repository/org/apache/httpcomponents/httpcore-nio/4.4.1/httpcore-nio-4.4.1.jar
7fe47a69b000-7fe47a6a1000 r--s 00033000 08:01 921046                     /home/madunlap/.m2/repository/io/searchbox/jest-common/0.1.7/jest-common-0.1.7.jar
7fe47a6a1000-7fe47a6a2000 r--s 00004000 08:01 921045                     /home/madunlap/.m2/repository/io/searchbox/jest/0.1.7/jest-0.1.7.jar
7fe47a6a2000-7fe47a6a5000 r--s 0000f000 08:01 921042                     /home/madunlap/.m2/repository/commons-discovery/commons-discovery/0.2/commons-discovery-0.2.jar
7fe47a6a5000-7fe47a6a8000 r--s 0001c000 08:01 921043                     /home/madunlap/.m2/repository/axis/axis-wsdl4j/1.5.1/axis-wsdl4j-1.5.1.jar
7fe47a6a8000-7fe47a6a9000 r--s 00004000 08:01 921039                     /home/madunlap/.m2/repository/org/apache/axis/axis-saaj/1.4/axis-saaj-1.4.jar
7fe47a6a9000-7fe47a6ab000 r--s 00006000 08:01 921036                     /home/madunlap/.m2/repository/org/apache/axis/axis-jaxrpc/1.4/axis-jaxrpc-1.4.jar
7fe47a6ab000-7fe47a6bf000 r--s 00173000 08:01 921038                     /home/madunlap/.m2/repository/axis/axis/1.4/axis-1.4.jar
7fe47a6bf000-7fe47a6c1000 r--s 00009000 08:01 921034                     /home/madunlap/.m2/repository/org/objenesis/objenesis/2.1/objenesis-2.1.jar
7fe47a6c1000-7fe47a6dd000 r--s 00103000 08:01 921030                     /home/madunlap/.m2/repository/org/mockito/mockito-core/1.10.19/mockito-core-1.10.19.jar
7fe47a6dd000-7fe47a6df000 r--s 00001000 08:01 921031                     /home/madunlap/.m2/repository/org/slf4j/slf4j-log4j12/1.7.7/slf4j-log4j12-1.7.7.jar
7fe47a6df000-7fe47a6e1000 r--s 00006000 08:01 791385                     /home/madunlap/.m2/repository/org/slf4j/slf4j-api/1.7.7/slf4j-api-1.7.7.jar
7fe47a6e1000-7fe47a6e5000 r--s 0001f000 08:01 921028                     /home/madunlap/.m2/repository/org/jacoco/org.jacoco.report/0.7.5.201505241946/org.jacoco.report-0.7.5.201505241946.jar
7fe47a6e5000-7fe47a6ea000 r--s 00058000 08:01 921027                     /home/madunlap/.m2/repository/org/ow2/asm/asm-debug-all/5.0.1/asm-debug-all-5.0.1.jar
7fe47a6ea000-7fe47a6ee000 r--s 0001d000 08:01 791383                     /home/madunlap/.m2/repository/org/jacoco/org.jacoco.core/0.7.5.201505241946/org.jacoco.core-0.7.5.201505241946.jar
7fe47a6ee000-7fe47a6ef000 ---p 00000000 00:00 0 
7fe47a6ef000-7fe47a7ef000 rw-p 00000000 00:00 0 
7fe47a7ef000-7fe47a7f2000 ---p 00000000 00:00 0 
7fe47a7f2000-7fe47a8f0000 rw-p 00000000 00:00 0 
7fe47a8f0000-7fe47a8f3000 ---p 00000000 00:00 0 
7fe47a8f3000-7fe47a9f1000 rw-p 00000000 00:00 0 
7fe47a9f1000-7fe47a9f4000 ---p 00000000 00:00 0 
7fe47a9f4000-7fe47aaf2000 rw-p 00000000 00:00 0 
7fe47aaf2000-7fe47ab03000 r-xp 00000000 08:01 2106483                    /usr/lib/jvm/java-8-oracle/jre/lib/amd64/libnio.so
7fe47ab03000-7fe47ad02000 ---p 00011000 08:01 2106483                    /usr/lib/jvm/java-8-oracle/jre/lib/amd64/libnio.so
7fe47ad02000-7fe47ad03000 rw-p 00010000 08:01 2106483                    /usr/lib/jvm/java-8-oracle/jre/lib/amd64/libnio.so
7fe47ad03000-7fe47ad19000 r-xp 00000000 08:01 2106458                    /usr/lib/jvm/java-8-oracle/jre/lib/amd64/libnet.so
7fe47ad19000-7fe47af19000 ---p 00016000 08:01 2106458                    /usr/lib/jvm/java-8-oracle/jre/lib/amd64/libnet.so
7fe47af19000-7fe47af1a000 rw-p 00016000 08:01 2106458                    /usr/lib/jvm/java-8-oracle/jre/lib/amd64/libnet.so
7fe47af1a000-7fe47af1d000 r--s 0001a000 08:01 1976716                    /usr/lib/jvm/java-8-oracle/jre/lib/jce.jar
7fe47af1d000-7fe47af22000 r--s 0009a000 08:01 1976643                    /usr/lib/jvm/java-8-oracle/jre/lib/jsse.jar
7fe47af22000-7fe47af28000 r--s 00041000 08:01 661360                     /home/madunlap/.m2/repository/org/jacoco/org.jacoco.agent/0.7.5.201505241946/org.jacoco.agent-0.7.5.201505241946-runtime.jar
7fe47af28000-7fe47af2a000 r--s 0000e000 08:01 921023                     /home/madunlap/.m2/repository/oro/oro/2.0.8/oro-2.0.8.jar
7fe47af2a000-7fe47af32000 r--s 00058000 08:01 921019                     /home/madunlap/.m2/repository/org/apache/velocity/velocity/1.5/velocity-1.5.jar
7fe47af32000-7fe47af33000 r--s 00001000 08:01 921022                     /home/madunlap/.m2/repository/org/codehaus/plexus/plexus-velocity/1.1.7/plexus-velocity-1.1.7.jar
7fe47af33000-7fe47af34000 r--s 00002000 08:01 921017                     /home/madunlap/.m2/repository/org/codehaus/plexus/plexus-i18n/1.0-beta-7/plexus-i18n-1.0-beta-7.jar
7fe47af34000-7fe47af36000 r--s 00008000 08:01 921015                     /home/madunlap/.m2/repository/org/apache/maven/doxia/doxia-module-fml/1.1.2/doxia-module-fml-1.1.2.jar
7fe47af36000-7fe47af37000 r--s 00003000 08:01 921016                     /home/madunlap/.m2/repository/org/apache/maven/doxia/doxia-module-xhtml/1.1.2/doxia-module-xhtml-1.1.2.jar
7fe47af37000-7fe47af39000 r--s 0000b000 08:01 921011                     /home/madunlap/.m2/repository/org/apache/maven/doxia/doxia-decoration-model/1.1.2/doxia-decoration-model-1.1.2.jar
7fe47af39000-7fe47af3b000 r--s 0000b000 08:01 921008                     /home/madunlap/.m2/repository/org/apache/maven/doxia/doxia-site-renderer/1.1.2/doxia-site-renderer-1.1.2.jar
7fe47af3b000-7fe47af3f000 r--s 00023000 08:01 921010                     /home/madunlap/.m2/repository/org/apache/maven/doxia/doxia-core/1.1.2/doxia-core-1.1.2.jar
7fe47af3f000-7fe47af41000 r--s 00003000 08:01 921007                     /home/madunlap/.m2/repository/org/apache/maven/reporting/maven-reporting-impl/2.1/maven-reporting-impl-2.1.jar
7fe47af41000-7fe47af42000 r--s 00002000 08:01 921004                     /home/madunlap/.m2/repository/org/apache/maven/doxia/doxia-logging-api/1.1/doxia-logging-api-1.1.jar
7fe47af42000-7fe47af44000 r--s 00002000 08:01 921001                     /home/madunlap/.m2/repository/org/apache/maven/doxia/doxia-sink-api/1.1/doxia-sink-api-1.1.jar
7fe47af44000-7fe47af45000 r--s 00002000 08:01 920999                     /home/madunlap/.m2/repository/org/apache/maven/reporting/maven-reporting-api/2.2.1/maven-reporting-api-2.2.1.jar
7fe47af45000-7fe47af47000 r--s 00008000 08:01 920995                     /home/madunlap/.m2/repository/org/apache/maven/shared/maven-shared-io/1.1/maven-shared-io-1.1.jar
7fe47af47000-7fe47af49000 r--s 00008000 08:01 920998                     /home/madunlap/.m2/repository/org/apache/maven/shared/file-management/1.2.1/file-management-1.2.1.jar
7fe47af49000-7fe47af4e000 r--s 00039000 08:01 920997                     /home/madunlap/.m2/repository/org/codehaus/plexus/plexus-utils/1.5.6/plexus-utils-1.5.6.jar
7fe47af4e000-7fe47af50000 r--s 00008000 08:01 920991                     /home/madunlap/.m2/repository/classworlds/classworlds/1.1-alpha-2/classworlds-1.1-alpha-2.jar
7fe47af50000-7fe47af57000 r--s 00029000 08:01 920988                     /home/madunlap/.m2/repository/org/codehaus/plexus/plexus-container-default/1.0-alpha-9-stable-1/plexus-container-default-1.0-alpha-9-stable-1.jar
7fe47af57000-7fe47af5a000 r--s 00011000 08:01 920989                     /home/madunlap/.m2/repository/org/apache/maven/maven-artifact/2.2.1/maven-artifact-2.2.1.jar
7fe47af5a000-7fe47af5c000 r--s 0000b000 08:01 920985                     /home/madunlap/.m2/repository/org/codehaus/plexus/plexus-interpolation/1.11/plexus-interpolation-1.11.jar
7fe47af5c000-7fe47af5e000 r--s 00006000 08:01 920982                     /home/madunlap/.m2/repository/org/apache/maven/maven-plugin-registry/2.2.1/maven-plugin-registry-2.2.1.jar
7fe47af5e000-7fe47af66000 r--s 00049000 08:01 920984                     /home/madunlap/.m2/repository/backport-util-concurrent/backport-util-concurrent/3.1/backport-util-concurrent-3.1.jar
7fe47af66000-7fe47af68000 r--s 0000b000 08:01 920978                     /home/madunlap/.m2/repository/org/apache/maven/wagon/wagon-provider-api/1.0-beta-6/wagon-provider-api-1.0-beta-6.jar
7fe47af68000-7fe47af6a000 r--s 00005000 08:01 920980                     /home/madunlap/.m2/repository/org/apache/maven/maven-repository-metadata/2.2.1/maven-repository-metadata-2.2.1.jar
7fe47af6a000-7fe47af6c000 r--s 0000f000 08:01 920975                     /home/madunlap/.m2/repository/org/apache/maven/maven-artifact-manager/2.2.1/maven-artifact-manager-2.2.1.jar
7fe47af6c000-7fe47af6e000 r--s 00014000 08:01 920971                     /home/madunlap/.m2/repository/org/apache/maven/maven-model/2.2.1/maven-model-2.2.1.jar
7fe47af6e000-7fe47af70000 r--s 00007000 08:01 920969                     /home/madunlap/.m2/repository/org/apache/maven/maven-profile/2.2.1/maven-profile-2.2.1.jar
7fe47af70000-7fe47af71000 r--s 0000b000 08:01 920972                     /home/madunlap/.m2/repository/org/apache/maven/maven-settings/2.2.1/maven-settings-2.2.1.jar
7fe47af71000-7fe47af75000 r--s 00023000 08:01 920973                     /home/madunlap/.m2/repository/org/apache/maven/maven-project/2.2.1/maven-project-2.2.1.jar
7fe47af75000-7fe47af77000 r--s 00002000 08:01 661356                     /home/madunlap/.m2/repository/org/apache/maven/maven-plugin-api/2.2.1/maven-plugin-api-2.2.1.jar
7fe47af77000-7fe47af79000 r--s 0000b000 08:01 660606                     /home/madunlap/.m2/repository/org/jacoco/jacoco-maven-plugin/0.7.5.201505241946/jacoco-maven-plugin-0.7.5.201505241946.jar
7fe47af79000-7fe47af7b000 r--s 00013000 08:01 791380                     /home/madunlap/.m2/repository/com/jayway/restassured/xml-path/2.4.0/xml-path-2.4.0.jar
7fe47af7b000-7fe47af7d000 r--s 00007000 08:01 791379                     /home/madunlap/.m2/repository/com/jayway/restassured/rest-assured-common/2.4.0/rest-assured-common-2.4.0.jar
7fe47af7d000-7fe47af7f000 r--s 0001e000 08:01 661355                     /home/madunlap/.m2/repository/org/codehaus/groovy/groovy-json/2.3.7/groovy-json-2.3.7.jar
7fe47af7f000-7fe47af81000 r--s 0000d000 08:01 791376                     /home/madunlap/.m2/repository/com/jayway/restassured/json-path/2.4.0/json-path-2.4.0.jar
7fe47af81000-7fe47af83000 r--s 00015000 08:01 791373                     /home/madunlap/.m2/repository/org/ccil/cowan/tagsoup/tagsoup/1.2.1/tagsoup-1.2.1.jar
7fe47af83000-7fe47af84000 r--s 0000c000 08:01 791372                     /home/madunlap/.m2/repository/org/hamcrest/hamcrest-library/1.3/hamcrest-library-1.3.jar
7fe47af84000-7fe47af86000 r--s 00009000 08:01 791370                     /home/madunlap/.m2/repository/org/hamcrest/hamcrest-core/1.3/hamcrest-core-1.3.jar
7fe47af86000-7fe47af8b000 r--s 00034000 08:01 661352                     /home/madunlap/.m2/repository/org/codehaus/groovy/groovy-xml/2.3.7/groovy-xml-2.3.7.jar
7fe47af8b000-7fe47afd4000 r--s 003fb000 08:01 661354                     /home/madunlap/.m2/repository/org/codehaus/groovy/groovy/2.3.7/groovy-2.3.7.jar
7fe47afd4000-7fe47afde000 r--s 0008c000 08:01 791368                     /home/madunlap/.m2/repository/com/jayway/restassured/rest-assured/2.4.0/rest-assured-2.4.0.jar
7fe47afde000-7fe47afe4000 r--s 00044000 08:01 791367                     /home/madunlap/.m2/repository/org/jsoup/jsoup/1.8.1/jsoup-1.8.1.jar
7fe47afe4000-7fe47afe6000 r--s 00004000 08:01 791401                     /home/madunlap/.m2/repository/edu/ucsb/nceas/ezid/1.0.0/ezid-1.0.0.jar
7fe47afe6000-7fe47afe9000 r--s 0000b000 08:01 791362                     /home/madunlap/.m2/repository/org/ocpsoft/rewrite/rewrite-integration-faces/2.0.12.Final/rewrite-integration-faces-2.0.12.Final.jar
7fe47afe9000-7fe47afeb000 r--s 00001000 08:01 791360                     /home/madunlap/.m2/repository/org/ocpsoft/rewrite/rewrite-annotations-api/2.0.12.Final/rewrite-annotations-api-2.0.12.Final.jar
7fe47afeb000-7fe47afec000 r--s 00005000 08:01 791359                     /home/madunlap/.m2/repository/org/ocpsoft/rewrite/rewrite-addressbuilder/2.0.12.Final/rewrite-addressbuilder-2.0.12.Final.jar
7fe47afec000-7fe47afee000 r--s 00008000 08:01 791357                     /home/madunlap/.m2/repository/org/ocpsoft/rewrite/rewrite-api-servlet/2.0.12.Final/rewrite-api-servlet-2.0.12.Final.jar
7fe47afee000-7fe47aff0000 r--s 00001000 08:01 791354                     /home/madunlap/.m2/repository/org/ocpsoft/logging/logging-api/1.0.2.Final/logging-api-1.0.2.Final.jar
7fe47aff0000-7fe47aff1000 r--s 00003000 08:01 791353                     /home/madunlap/.m2/repository/org/ocpsoft/common/common-api/1.0.5.Final/common-api-1.0.5.Final.jar
7fe47aff1000-7fe47aff5000 r--s 00018000 08:01 791351                     /home/madunlap/.m2/repository/org/ocpsoft/rewrite/rewrite-api/2.0.12.Final/rewrite-api-2.0.12.Final.jar
7fe47aff5000-7fe47aff7000 r--s 00005000 08:01 791349                     /home/madunlap/.m2/repository/org/ocpsoft/rewrite/rewrite-annotations-impl/2.0.12.Final/rewrite-annotations-impl-2.0.12.Final.jar
7fe47aff7000-7fe47b005000 r--s 00092000 08:01 791352                     /home/madunlap/.m2/repository/org/ocpsoft/rewrite/rewrite-config-prettyfaces/2.0.12.Final/rewrite-config-prettyfaces-2.0.12.Final.jar
7fe47b005000-7fe47b013000 r--s 0005f000 08:01 791345                     /home/madunlap/.m2/repository/org/ocpsoft/rewrite/rewrite-servlet/2.0.12.Final/rewrite-servlet-2.0.12.Final.jar
7fe47b013000-7fe47b017000 r--s 0003c000 08:01 791218                     /home/madunlap/.m2/repository/javax/media/jai_codec/1.1.3/jai_codec-1.1.3.jar
7fe47b017000-7fe47b02b000 r--s 001bd000 08:01 791220                     /home/madunlap/.m2/repository/javax/media/jai_core/1.1.3/jai_core-1.1.3.jar
7fe47b02b000-7fe47b03c000 r--s 00106000 08:01 791219                     /home/madunlap/.m2/repository/javax/media/jai_imageio/1.1.1/jai_imageio-1.1.1.jar
7fe47b03c000-7fe47b03e000 r--s 00009000 08:01 791399                     /home/madunlap/.m2/repository/edu/harvard/hul/ois/jhove/jhove-handler/1.11.0/jhove-handler-1.11.0.jar
7fe47b03e000-7fe47b047000 r--s 00079000 08:01 791398                     /home/madunlap/.m2/repository/edu/harvard/hul/ois/jhove/jhove-module/1.11.0/jhove-module-1.11.0.jar
7fe47b047000-7fe47b04a000 r--s 00011000 08:01 791396                     /home/madunlap/.m2/repository/edu/harvard/hul/ois/jhove/jhove/1.11.0/jhove-1.11.0.jar
7fe47b04a000-7fe47b05a000 r--s 0011f000 08:01 791342                     /home/madunlap/.m2/repository/org/apache/poi/poi-scratchpad/3.10-FINAL/poi-scratchpad-3.10-FINAL.jar
7fe47b05a000-7fe47b060000 r--s 00047000 08:01 791341                     /home/madunlap/.m2/repository/org/apache/poi/poi-examples/3.10-FINAL/poi-examples-3.10-FINAL.jar
7fe47b060000-7fe47b065000 r--s 00048000 08:01 791338                     /home/madunlap/.m2/repository/dom4j/dom4j/1.6.1/dom4j-1.6.1.jar
7fe47b065000-7fe47b0a2000 r--s 0024f000 08:01 791336                     /home/madunlap/.m2/repository/org/apache/xmlbeans/xmlbeans/2.3.0/xmlbeans-2.3.0.jar
7fe47b0a2000-7fe47b13a000 r--s 00420000 08:01 791334                     /home/madunlap/.m2/repository/org/apache/poi/poi-ooxml-schemas/3.10-FINAL/poi-ooxml-schemas-3.10-FINAL.jar
7fe47b13a000-7fe47b148000 r--s 000ee000 08:01 791333                     /home/madunlap/.m2/repository/org/apache/poi/poi-ooxml/3.10-FINAL/poi-ooxml-3.10-FINAL.jar
7fe47b148000-7fe47b16a000 r--s 001bb000 08:01 791332                     /home/madunlap/.m2/repository/org/apache/poi/poi/3.10-FINAL/poi-3.10-FINAL.jar
7fe47b16a000-7fe47b16c000 r--s 00006000 08:01 791331                     /home/madunlap/.m2/repository/org/nuiton/thirdparty/Rserve/0.6-1/Rserve-0.6-1.jar
7fe47b16c000-7fe47b16e000 r--s 00006000 08:01 791328                     /home/madunlap/.m2/repository/org/nuiton/thirdparty/REngine/0.6-1/REngine-0.6-1.jar
7fe47b16e000-7fe47b16f000 r--s 0000c000 08:01 791397                     /home/madunlap/.m2/repository/org/dataverse/unf/6.0/unf-6.0.jar
7fe47b16f000-7fe47b170000 r--s 00018000 08:01 791394                     /home/madunlap/.m2/repository/edu/harvard/iq/dvn/unf5/5.0/unf5-5.0.jar
7fe47b170000-7fe47b179000 r--s 000a6000 08:01 791393                     /home/madunlap/.m2/repository/net/handle/handle/2006-06-16-generated/handle-2006-06-16-generated.jar
7fe47b179000-7fe47b17c000 r--s 00035000 08:01 791395                     /home/madunlap/.m2/repository/nom/tam/fits/fits/2012-10-25-generated/fits-2012-10-25-generated.jar
7fe47b17c000-7fe47b183000 r--s 00028000 08:01 791326                     /home/madunlap/.m2/repository/concurrent/concurrent/1.3.4/concurrent-1.3.4.jar
7fe47b183000-7fe47b191000 r--s 00081000 08:01 791324                     /home/madunlap/.m2/repository/colt/colt/1.2.0/colt-1.2.0.jar
7fe47b191000-7fe47b19e000 r--s 00083000 08:01 791320                     /home/madunlap/.m2/repository/commons-collections/commons-collections/3.2.2/commons-collections-3.2.2.jar
7fe47b19e000-7fe47b1a2000 r--s 00020000 08:01 791319                     /home/madunlap/.m2/repository/commons-digester/commons-digester/1.8.1/commons-digester-1.8.1.jar
7fe47b1a2000-7fe47b1a7000 r--s 00035000 08:01 791317                     /home/madunlap/.m2/repository/commons-beanutils/commons-beanutils/1.9.2/commons-beanutils-1.9.2.jar
7fe47b1a7000-7fe47b1ab000 r--s 0002a000 08:01 791315                     /home/madunlap/.m2/repository/commons-validator/commons-validator/1.6/commons-validator-1.6.jar
7fe47b1ab000-7fe47b1be000 r--s 000df000 08:01 791313                     /home/madunlap/.m2/repository/org/apache/commons/commons-math/2.2/commons-math-2.2.jar
7fe47b1be000-7fe47b1c0000 r--s 0000e000 08:01 791309                     /home/madunlap/.m2/repository/commons-logging/commons-logging/1.1.3/commons-logging-1.1.3.jar
7fe47b1c0000-7fe47b1c2000 r--s 00005000 08:01 791311                     /home/madunlap/.m2/repository/org/apache/httpcomponents/httpmime/4.2.6/httpmime-4.2.6.jar
7fe47b1c2000-7fe47b1ce000 r--s 000b3000 08:01 791304                     /home/madunlap/.m2/repository/org/apache/zookeeper/zookeeper/3.4.5/zookeeper-3.4.5.jar
7fe47b1ce000-7fe47b1d6000 r--s 0005b000 08:01 791305                     /home/madunlap/.m2/repository/org/apache/solr/solr-solrj/4.6.0/solr-solrj-4.6.0.jar
7fe47b1d6000-7fe47b1db000 r--s 00041000 08:01 791300                     /home/madunlap/.m2/repository/commons-lang/commons-lang/2.6/commons-lang-2.6.jar
7fe47b1db000-7fe47b1dd000 r--s 0000d000 08:01 791302                     /home/madunlap/.m2/repository/com/fasterxml/classmate/1.0.0/classmate-1.0.0.jar
7fe47b1dd000-7fe47b1df000 r--s 0000d000 08:01 791296                     /home/madunlap/.m2/repository/org/jboss/logging/jboss-logging/3.1.1.GA/jboss-logging-3.1.1.GA.jar
7fe47b1df000-7fe47b1e3000 r--s 0000c000 08:01 791294                     /home/madunlap/.m2/repository/javax/validation/validation-api/1.1.0.Final/validation-api-1.1.0.Final.jar
7fe47b1e3000-7fe47b1f0000 r--s 00080000 08:01 791293                     /home/madunlap/.m2/repository/org/hibernate/hibernate-validator/5.0.3.Final/hibernate-validator-5.0.3.Final.jar
7fe47b1f0000-7fe47b1fa000 r--s 0006b000 08:01 791289                     /home/madunlap/.m2/repository/org/omnifaces/omnifaces/1.7/omnifaces-1.7.jar
7fe47b1fa000-7fe47b209000 r--s 000c4000 08:01 791290                     /home/madunlap/.m2/repository/org/atmosphere/atmosphere-runtime/2.4.2/atmosphere-runtime-2.4.2.jar
7fe47b209000-7fe47b21d000 r--s 0013a000 08:01 791121                     /home/madunlap/.m2/repository/org/primefaces/themes/all-themes/1.0.10/all-themes-1.0.10.jar
7fe47b21d000-7fe47b249000 r--s 00318000 08:01 791288                     /home/madunlap/.m2/repository/org/primefaces/primefaces/5.3/primefaces-5.3.jar
7fe47b249000-7fe47b26b000 r--s 00120000 08:01 791284                     /home/madunlap/.m2/repository/javax/javaee-web-api/7.0/javaee-web-api-7.0.jar
7fe47b26b000-7fe47b26d000 r--s 0000e000 08:01 791282                     /home/madunlap/.m2/repository/javax/activation/activation/1.1/activation-1.1.jar
7fe47b26d000-7fe47b275000 r--s 00078000 08:01 791280                     /home/madunlap/.m2/repository/com/sun/mail/javax.mail/1.5.0/javax.mail-1.5.0.jar
7fe47b275000-7fe47b2a9000 r--s 001a4000 08:01 791278                     /home/madunlap/.m2/repository/javax/javaee-api/7.0/javaee-api-7.0.jar
7fe47b2a9000-7fe47b2d4000 r--s 001f5000 08:01 791277                     /home/madunlap/.m2/repository/com/google/guava/guava/16.0.1/guava-16.0.1.jar
7fe47b2d4000-7fe47b2f2000 r--s 0027d000 08:01 791273                     /home/madunlap/.m2/repository/xalan/xalan/2.7.0/xalan-2.7.0.jar
7fe47b2f2000-7fe47b306000 r--s 000e3000 08:01 791272                     /home/madunlap/.m2/repository/xerces/xercesImpl/2.6.2/xercesImpl-2.6.2.jar
7fe47b306000-7fe47b30c000 r--s 00019000 08:01 791270                     /home/madunlap/.m2/repository/xerces/xmlParserAPIs/2.6.2/xmlParserAPIs-2.6.2.jar
7fe47b30c000-7fe47b313000 r--s 00063000 08:01 791268                     /home/madunlap/.m2/repository/xom/xom/1.1/xom-1.1.jar
7fe47b313000-7fe47b71f000 r--s 03c80000 08:01 791225                     /home/madunlap/.m2/repository/com/amazonaws/aws-java-sdk-bundle/1.11.172/aws-java-sdk-bundle-1.11.172.jar
7fe47b71f000-7fe47b722000 ---p 00000000 00:00 0 
7fe47b722000-7fe47b820000 rw-p 00000000 00:00 0 
7fe47b820000-7fe47bafb000 r--p 00000000 08:01 1441812                    /usr/lib/locale/locale-archive
7fe47bafb000-7fe47bafe000 ---p 00000000 00:00 0 
7fe47bafe000-7fe47bbfc000 rw-p 00000000 00:00 0 
7fe47bbfc000-7fe47bbff000 ---p 00000000 00:00 0 
7fe47bbff000-7fe47bcfd000 rw-p 00000000 00:00 0 
7fe47bcfd000-7fe47bcfe000 ---p 00000000 00:00 0 
7fe47bcfe000-7fe47c000000 rw-p 00000000 00:00 0 
7fe47c000000-7fe47c021000 rw-p 00000000 00:00 0 
7fe47c021000-7fe480000000 ---p 00000000 00:00 0 
7fe480000000-7fe480005000 r--s 0002a000 08:01 791265                     /home/madunlap/.m2/repository/com/google/code/gson/gson/2.2.4/gson-2.2.4.jar
7fe480005000-7fe480009000 r--s 00027000 08:01 791263                     /home/madunlap/.m2/repository/commons-io/commons-io/2.2/commons-io-2.2.jar
7fe480009000-7fe48000b000 r--s 0000f000 08:01 791260                     /home/madunlap/.m2/repository/commons-fileupload/commons-fileupload/1.3.1/commons-fileupload-1.3.1.jar
7fe48000b000-7fe480011000 r--s 00032000 08:01 791261                     /home/madunlap/.m2/repository/jaxen/jaxen/1.1.1/jaxen-1.1.1.jar
7fe480011000-7fe480018000 r--s 00079000 08:01 661348                     /home/madunlap/.m2/repository/org/codehaus/woodstox/wstx-asl/3.2.6/wstx-asl-3.2.6.jar
7fe480018000-7fe48001d000 r--s 00070000 08:01 661349                     /home/madunlap/.m2/repository/org/codehaus/woodstox/woodstox-core-asl/4.1.4/woodstox-core-asl-4.1.4.jar
7fe48001d000-7fe480021000 r--s 00026000 08:01 791256                     /home/madunlap/.m2/repository/org/apache/ws/commons/axiom/axiom-impl/1.2.14/axiom-impl-1.2.14.jar
7fe480021000-7fe480024000 r--s 00015000 08:01 791254                     /home/madunlap/.m2/repository/org/apache/james/apache-mime4j-core/0.7.2/apache-mime4j-core-0.7.2.jar
7fe480024000-7fe480029000 r--s 00032000 08:01 791252                     /home/madunlap/.m2/repository/org/apache/geronimo/specs/geronimo-javamail_1.4_spec/1.7.1/geronimo-javamail_1.4_spec-1.7.1.jar
7fe480029000-7fe480033000 r--s 0005d000 08:01 791250                     /home/madunlap/.m2/repository/org/apache/ws/commons/axiom/axiom-api/1.2.14/axiom-api-1.2.14.jar
7fe480033000-7fe480036000 r--s 0014e000 08:01 791249                     /home/madunlap/.m2/repository/org/apache/abdera/abdera-parser/1.1.3/abdera-parser-1.1.3.jar
7fe480036000-7fe48004f000 r--s 002fd000 08:01 791240                     /home/madunlap/.m2/repository/com/ibm/icu/icu4j/3.4.4/icu4j-3.4.4.jar
7fe48004f000-7fe480072000 r--s 001ae000 08:01 791235                     /home/madunlap/.m2/repository/com/hp/hpl/jena/jena/2.6.4/jena-2.6.4.jar
7fe480072000-7fe481000000 rw-p 00000000 00:00 0 
7fe481000000-7fe4815c0000 rwxp 00000000 00:00 0 
7fe4815c0000-7fe490000000 ---p 00000000 00:00 0 
7fe490000000-7fe490fa8000 rw-p 00000000 00:00 0 
7fe490fa8000-7fe494000000 ---p 00000000 00:00 0 
7fe494000000-7fe494002000 r--s 00006000 08:01 791245                     /home/madunlap/.m2/repository/org/apache/geronimo/specs/geronimo-stax-api_1.0_spec/1.0.1/geronimo-stax-api_1.0_spec-1.0.1.jar
7fe494002000-7fe494004000 r--s 0000a000 08:01 791243                     /home/madunlap/.m2/repository/org/apache/geronimo/specs/geronimo-activation_1.1_spec/1.1/geronimo-activation_1.1_spec-1.1.jar
7fe494004000-7fe494008000 r--s 00094000 08:01 791246                     /home/madunlap/.m2/repository/org/apache/abdera/abdera-i18n/1.1.3/abdera-i18n-1.1.3.jar
7fe494008000-7fe49400c000 r--s 00024000 08:01 791241                     /home/madunlap/.m2/repository/org/apache/abdera/abdera-core/1.1.3/abdera-core-1.1.3.jar
7fe49400c000-7fe49400f000 r--s 00023000 08:01 791237                     /home/madunlap/.m2/repository/com/hp/hpl/jena/iri/0.8/iri-0.8.jar
7fe49400f000-7fe494011000 r--s 0000d000 08:01 791233                     /home/madunlap/.m2/repository/org/apache/abdera/abdera-client/1.1.1/abdera-client-1.1.1.jar
7fe494011000-7fe494013000 r--s 00016000 08:01 791230                     /home/madunlap/.m2/repository/javax/servlet/servlet-api/2.4/servlet-api-2.4.jar
7fe494013000-7fe494016000 r--s 0000f000 08:01 791226                     /home/madunlap/.m2/repository/org/swordapp/sword2-server/1.0/sword2-server-1.0-classes.jar
7fe494016000-7fe49401b000 r--s 00040000 08:01 791224                     /home/madunlap/.m2/repository/commons-httpclient/commons-httpclient/3.0.1/commons-httpclient-3.0.1.jar
7fe49401b000-7fe49401e000 r--s 00012000 08:01 791228                     /home/madunlap/.m2/repository/org/glassfish/javax.json/1.0.4/javax.json-1.0.4.jar
7fe49401e000-7fe494024000 r--s 00034000 08:01 791227                     /home/madunlap/.m2/repository/junit/junit/4.8.1/junit-4.8.1.jar
7fe494024000-7fe494073000 rw-p 00000000 00:00 0 
7fe494073000-7fe49424d000 r--s 03d4d000 08:01 1976682                    /usr/lib/jvm/java-8-oracle/jre/lib/rt.jar
7fe49424d000-7fe49631b000 rw-p 00000000 00:00 0 
7fe49631b000-7fe49631c000 ---p 00000000 00:00 0 
7fe49631c000-7fe49641c000 rw-p 00000000 00:00 0 
7fe49641c000-7fe49641d000 ---p 00000000 00:00 0 
7fe49641d000-7fe496532000 rw-p 00000000 00:00 0 
7fe496532000-7fe496667000 ---p 00000000 00:00 0 
7fe496667000-7fe49667c000 rw-p 00000000 00:00 0 
7fe49667c000-7fe4967b0000 ---p 00000000 00:00 0 
7fe4967b0000-7fe4967d2000 rw-p 00000000 00:00 0 
7fe4967d2000-7fe496855000 ---p 00000000 00:00 0 
7fe496855000-7fe49686d000 rw-p 00000000 00:00 0 
7fe49686d000-7fe496c16000 ---p 00000000 00:00 0 
7fe496c16000-7fe496c30000 r-xp 00000000 08:01 2106481                    /usr/lib/jvm/java-8-oracle/jre/lib/amd64/libzip.so
7fe496c30000-7fe496e30000 ---p 0001a000 08:01 2106481                    /usr/lib/jvm/java-8-oracle/jre/lib/amd64/libzip.so
7fe496e30000-7fe496e31000 rw-p 0001a000 08:01 2106481                    /usr/lib/jvm/java-8-oracle/jre/lib/amd64/libzip.so
7fe496e31000-7fe496e3c000 r-xp 00000000 08:01 663303                     /lib/x86_64-linux-gnu/libnss_files-2.24.so
7fe496e3c000-7fe49703b000 ---p 0000b000 08:01 663303                     /lib/x86_64-linux-gnu/libnss_files-2.24.so
7fe49703b000-7fe49703c000 r--p 0000a000 08:01 663303                     /lib/x86_64-linux-gnu/libnss_files-2.24.so
7fe49703c000-7fe49703d000 rw-p 0000b000 08:01 663303                     /lib/x86_64-linux-gnu/libnss_files-2.24.so
7fe49703d000-7fe497043000 rw-p 00000000 00:00 0 
7fe497043000-7fe49704e000 r-xp 00000000 08:01 663305                     /lib/x86_64-linux-gnu/libnss_nis-2.24.so
7fe49704e000-7fe49724d000 ---p 0000b000 08:01 663305                     /lib/x86_64-linux-gnu/libnss_nis-2.24.so
7fe49724d000-7fe49724e000 r--p 0000a000 08:01 663305                     /lib/x86_64-linux-gnu/libnss_nis-2.24.so
7fe49724e000-7fe49724f000 rw-p 0000b000 08:01 663305                     /lib/x86_64-linux-gnu/libnss_nis-2.24.so
7fe49724f000-7fe497265000 r-xp 00000000 08:01 663300                     /lib/x86_64-linux-gnu/libnsl-2.24.so
7fe497265000-7fe497464000 ---p 00016000 08:01 663300                     /lib/x86_64-linux-gnu/libnsl-2.24.so
7fe497464000-7fe497465000 r--p 00015000 08:01 663300                     /lib/x86_64-linux-gnu/libnsl-2.24.so
7fe497465000-7fe497466000 rw-p 00016000 08:01 663300                     /lib/x86_64-linux-gnu/libnsl-2.24.so
7fe497466000-7fe497468000 rw-p 00000000 00:00 0 
7fe497468000-7fe497470000 r-xp 00000000 08:01 663301                     /lib/x86_64-linux-gnu/libnss_compat-2.24.so
7fe497470000-7fe49766f000 ---p 00008000 08:01 663301                     /lib/x86_64-linux-gnu/libnss_compat-2.24.so
7fe49766f000-7fe497670000 r--p 00007000 08:01 663301                     /lib/x86_64-linux-gnu/libnss_compat-2.24.so
7fe497670000-7fe497671000 rw-p 00008000 08:01 663301                     /lib/x86_64-linux-gnu/libnss_compat-2.24.so
7fe497671000-7fe49767b000 r-xp 00000000 08:01 2106519                    /usr/lib/jvm/java-8-oracle/jre/lib/amd64/libinstrument.so
7fe49767b000-7fe49787a000 ---p 0000a000 08:01 2106519                    /usr/lib/jvm/java-8-oracle/jre/lib/amd64/libinstrument.so
7fe49787a000-7fe49787b000 rw-p 00009000 08:01 2106519                    /usr/lib/jvm/java-8-oracle/jre/lib/amd64/libinstrument.so
7fe49787b000-7fe4978a6000 r-xp 00000000 08:01 2106508                    /usr/lib/jvm/java-8-oracle/jre/lib/amd64/libjava.so
7fe4978a6000-7fe497aa5000 ---p 0002b000 08:01 2106508                    /usr/lib/jvm/java-8-oracle/jre/lib/amd64/libjava.so
7fe497aa5000-7fe497aa7000 rw-p 0002a000 08:01 2106508                    /usr/lib/jvm/java-8-oracle/jre/lib/amd64/libjava.so
7fe497aa7000-7fe497ab4000 r-xp 00000000 08:01 2106459                    /usr/lib/jvm/java-8-oracle/jre/lib/amd64/libverify.so
7fe497ab4000-7fe497cb4000 ---p 0000d000 08:01 2106459                    /usr/lib/jvm/java-8-oracle/jre/lib/amd64/libverify.so
7fe497cb4000-7fe497cb6000 rw-p 0000d000 08:01 2106459                    /usr/lib/jvm/java-8-oracle/jre/lib/amd64/libverify.so
7fe497cb6000-7fe497cbd000 r-xp 00000000 08:01 663310                     /lib/x86_64-linux-gnu/librt-2.24.so
7fe497cbd000-7fe497ebc000 ---p 00007000 08:01 663310                     /lib/x86_64-linux-gnu/librt-2.24.so
7fe497ebc000-7fe497ebd000 r--p 00006000 08:01 663310                     /lib/x86_64-linux-gnu/librt-2.24.so
7fe497ebd000-7fe497ebe000 rw-p 00007000 08:01 663310                     /lib/x86_64-linux-gnu/librt-2.24.so
7fe497ebe000-7fe497fc6000 r-xp 00000000 08:01 663297                     /lib/x86_64-linux-gnu/libm-2.24.so
7fe497fc6000-7fe4981c5000 ---p 00108000 08:01 663297                     /lib/x86_64-linux-gnu/libm-2.24.so
7fe4981c5000-7fe4981c6000 r--p 00107000 08:01 663297                     /lib/x86_64-linux-gnu/libm-2.24.so
7fe4981c6000-7fe4981c7000 rw-p 00108000 08:01 663297                     /lib/x86_64-linux-gnu/libm-2.24.so
7fe4981c7000-7fe498e9a000 r-xp 00000000 08:01 2106512                    /usr/lib/jvm/java-8-oracle/jre/lib/amd64/server/libjvm.so
7fe498e9a000-7fe499099000 ---p 00cd3000 08:01 2106512                    /usr/lib/jvm/java-8-oracle/jre/lib/amd64/server/libjvm.so
7fe499099000-7fe499173000 rw-p 00cd2000 08:01 2106512                    /usr/lib/jvm/java-8-oracle/jre/lib/amd64/server/libjvm.so
7fe499173000-7fe4991be000 rw-p 00000000 00:00 0 
7fe4991be000-7fe49937c000 r-xp 00000000 08:01 663293                     /lib/x86_64-linux-gnu/libc-2.24.so
7fe49937c000-7fe49957b000 ---p 001be000 08:01 663293                     /lib/x86_64-linux-gnu/libc-2.24.so
7fe49957b000-7fe49957f000 r--p 001bd000 08:01 663293                     /lib/x86_64-linux-gnu/libc-2.24.so
7fe49957f000-7fe499581000 rw-p 001c1000 08:01 663293                     /lib/x86_64-linux-gnu/libc-2.24.so
7fe499581000-7fe499585000 rw-p 00000000 00:00 0 
7fe499585000-7fe499588000 r-xp 00000000 08:01 663296                     /lib/x86_64-linux-gnu/libdl-2.24.so
7fe499588000-7fe499787000 ---p 00003000 08:01 663296                     /lib/x86_64-linux-gnu/libdl-2.24.so
7fe499787000-7fe499788000 r--p 00002000 08:01 663296                     /lib/x86_64-linux-gnu/libdl-2.24.so
7fe499788000-7fe499789000 rw-p 00003000 08:01 663296                     /lib/x86_64-linux-gnu/libdl-2.24.so
7fe499789000-7fe49979e000 r-xp 00000000 08:01 2106497                    /usr/lib/jvm/java-8-oracle/jre/lib/amd64/jli/libjli.so
7fe49979e000-7fe49999e000 ---p 00015000 08:01 2106497                    /usr/lib/jvm/java-8-oracle/jre/lib/amd64/jli/libjli.so
7fe49999e000-7fe49999f000 rw-p 00015000 08:01 2106497                    /usr/lib/jvm/java-8-oracle/jre/lib/amd64/jli/libjli.so
7fe49999f000-7fe4999b7000 r-xp 00000000 08:01 663308                     /lib/x86_64-linux-gnu/libpthread-2.24.so
7fe4999b7000-7fe499bb7000 ---p 00018000 08:01 663308                     /lib/x86_64-linux-gnu/libpthread-2.24.so
7fe499bb7000-7fe499bb8000 r--p 00018000 08:01 663308                     /lib/x86_64-linux-gnu/libpthread-2.24.so
7fe499bb8000-7fe499bb9000 rw-p 00019000 08:01 663308                     /lib/x86_64-linux-gnu/libpthread-2.24.so
7fe499bb9000-7fe499bbd000 rw-p 00000000 00:00 0 
7fe499bbd000-7fe499be3000 r-xp 00000000 08:01 663288                     /lib/x86_64-linux-gnu/ld-2.24.so
7fe499be3000-7fe499be4000 r--s 00005000 08:01 791308                     /home/madunlap/.m2/repository/org/noggit/noggit/0.5/noggit-0.5.jar
7fe499be4000-7fe499cb5000 rw-p 00000000 00:00 0 
7fe499cb5000-7fe499cb8000 ---p 00000000 00:00 0 
7fe499cb8000-7fe499db8000 rw-p 00000000 00:00 0 
7fe499db8000-7fe499db9000 r--s 00004000 08:01 791275                     /home/madunlap/.m2/repository/org/mindrot/jbcrypt/0.3m/jbcrypt-0.3m.jar
7fe499db9000-7fe499dbe000 r--s 00023000 08:01 791711                     /home/madunlap/.m2/repository/org/apache/maven/surefire/surefire-api/2.10/surefire-api-2.10.jar
7fe499dbe000-7fe499dc0000 r--s 00007000 08:01 791708                     /home/madunlap/.m2/repository/org/apache/maven/surefire/surefire-booter/2.10/surefire-booter-2.10.jar
7fe499dc0000-7fe499dc1000 r--s 00005000 08:01 926031                     /home/madunlap/Documents/github/dataverse/target/surefire/surefirebooter2387523974975131193.jar
7fe499dc1000-7fe499dd5000 rw-p 00000000 00:00 0 
7fe499dd5000-7fe499ddd000 rw-s 00000000 08:01 1972828                    /tmp/hsperfdata_madunlap/9316
7fe499ddd000-7fe499dde000 rw-p 00000000 00:00 0 
7fe499dde000-7fe499ddf000 ---p 00000000 00:00 0 
7fe499ddf000-7fe499de2000 rw-p 00000000 00:00 0 
7fe499de2000-7fe499de3000 r--p 00025000 08:01 663288                     /lib/x86_64-linux-gnu/ld-2.24.so
7fe499de3000-7fe499de4000 rw-p 00026000 08:01 663288                     /lib/x86_64-linux-gnu/ld-2.24.so
7fe499de4000-7fe499de5000 rw-p 00000000 00:00 0 
7ffe26c4b000-7ffe26c6c000 rw-p 00000000 00:00 0                          [stack]
7ffe26d76000-7ffe26d78000 r--p 00000000 00:00 0                          [vvar]
7ffe26d78000-7ffe26d7a000 r-xp 00000000 00:00 0                          [vdso]
ffffffffff600000-ffffffffff601000 r-xp 00000000 00:00 0                  [vsyscall]

VM Arguments:
jvm_args: -javaagent:/home/madunlap/.m2/repository/org/jacoco/org.jacoco.agent/0.7.5.201505241946/org.jacoco.agent-0.7.5.201505241946-runtime.jar=destfile=/home/madunlap/Documents/github/dataverse/target/jacoco.exec 
java_command: /home/madunlap/Documents/github/dataverse/target/surefire/surefirebooter2387523974975131193.jar /home/madunlap/Documents/github/dataverse/target/surefire/surefire7046545155127755997tmp /home/madunlap/Documents/github/dataverse/target/surefire/surefire2958221501042600879tmp
java_class_path (initial): /home/madunlap/Documents/github/dataverse/target/surefire/surefirebooter2387523974975131193.jar:/home/madunlap/.m2/repository/org/jacoco/org.jacoco.agent/0.7.5.201505241946/org.jacoco.agent-0.7.5.201505241946-runtime.jar
Launcher Type: SUN_STANDARD

Environment Variables:
JAVA_HOME=/usr/lib/jvm/java-8-oracle
PATH=/usr/local/sbin:/usr/local/bin:/usr/sbin:/usr/bin:/sbin:/bin:/usr/games:/usr/local/games:/snap/bin:/usr/lib/jvm/java-8-oracle/bin:/usr/lib/jvm/java-8-oracle/db/bin:/usr/lib/jvm/java-8-oracle/jre/bin
LD_LIBRARY_PATH=/usr/lib/jvm/java-8-oracle/jre/lib/amd64:/usr/lib/jvm/java-8-oracle/jre/lib/i386:
SHELL=/bin/bash
DISPLAY=:0

Signal Handlers:
SIGSEGV: [libjvm.so+0xacba10], sa_mask[0]=11111111011111111101111111111110, sa_flags=SA_RESTART|SA_SIGINFO
SIGBUS: [libjvm.so+0xacba10], sa_mask[0]=11111111011111111101111111111110, sa_flags=SA_RESTART|SA_SIGINFO
SIGFPE: [libjvm.so+0x924ba0], sa_mask[0]=11111111011111111101111111111110, sa_flags=SA_RESTART|SA_SIGINFO
SIGPIPE: [libjvm.so+0x924ba0], sa_mask[0]=11111111011111111101111111111110, sa_flags=SA_RESTART|SA_SIGINFO
SIGXFSZ: [libjvm.so+0x924ba0], sa_mask[0]=11111111011111111101111111111110, sa_flags=SA_RESTART|SA_SIGINFO
SIGILL: [libjvm.so+0x924ba0], sa_mask[0]=11111111011111111101111111111110, sa_flags=SA_RESTART|SA_SIGINFO
SIGUSR1: SIG_DFL, sa_mask[0]=00000000000000000000000000000000, sa_flags=none
SIGUSR2: [libjvm.so+0x9263e0], sa_mask[0]=00100000000000000000000000000000, sa_flags=SA_RESTART|SA_SIGINFO
SIGHUP: [libjvm.so+0x9277e0], sa_mask[0]=11111111011111111101111111111110, sa_flags=SA_RESTART|SA_SIGINFO
SIGINT: SIG_IGN, sa_mask[0]=00000000000000000000000000000000, sa_flags=none
SIGTERM: [libjvm.so+0x9277e0], sa_mask[0]=11111111011111111101111111111110, sa_flags=SA_RESTART|SA_SIGINFO
SIGQUIT: [libjvm.so+0x9277e0], sa_mask[0]=11111111011111111101111111111110, sa_flags=SA_RESTART|SA_SIGINFO


---------------  S Y S T E M  ---------------

OS:DISTRIB_ID=Ubuntu
DISTRIB_RELEASE=17.04
DISTRIB_CODENAME=zesty
DISTRIB_DESCRIPTION="Ubuntu 17.04"

uname:Linux 4.10.0-33-generic #37-Ubuntu SMP Fri Aug 11 10:55:28 UTC 2017 x86_64
libc:glibc 2.24 NPTL 2.24 
rlimit: STACK 8192k, CORE 0k, NPROC 15602, NOFILE 1048576, AS infinity
load average:2.03 0.96 0.56

/proc/meminfo:
MemTotal:        4039880 kB
MemFree:          105796 kB
MemAvailable:      22560 kB
Buffers:            1096 kB
Cached:            42648 kB
SwapCached:        12180 kB
Active:          3222136 kB
Inactive:         455276 kB
Active(anon):    3212956 kB
Inactive(anon):   440364 kB
Active(file):       9180 kB
Inactive(file):    14912 kB
Unevictable:          32 kB
Mlocked:              32 kB
SwapTotal:       2097148 kB
SwapFree:              4 kB
Dirty:               116 kB
Writeback:             0 kB
AnonPages:       3623460 kB
Mapped:            36280 kB
Shmem:             19652 kB
Slab:             104916 kB
SReclaimable:      52684 kB
SUnreclaim:        52232 kB
KernelStack:       16880 kB
PageTables:        81952 kB
NFS_Unstable:          0 kB
Bounce:                0 kB
WritebackTmp:          0 kB
CommitLimit:     4117088 kB
Committed_AS:   12022468 kB
VmallocTotal:   34359738367 kB
VmallocUsed:           0 kB
VmallocChunk:          0 kB
HardwareCorrupted:     0 kB
AnonHugePages:   1087488 kB
ShmemHugePages:        0 kB
ShmemPmdMapped:        0 kB
CmaTotal:              0 kB
CmaFree:               0 kB
HugePages_Total:       0
HugePages_Free:        0
HugePages_Rsvd:        0
HugePages_Surp:        0
Hugepagesize:       2048 kB
DirectMap4k:      186288 kB
DirectMap2M:     4007936 kB


CPU:total 2 (initial active 2) (2 cores per cpu, 1 threads per core) family 6 model 70 stepping 1, cmov, cx8, fxsr, mmx, sse, sse2, sse3, ssse3, sse4.1, sse4.2, popcnt, avx, avx2, aes, clmul, erms, lzcnt, tsc, tscinvbit, bmi1, bmi2

/proc/cpuinfo:
processor	: 0
vendor_id	: GenuineIntel
cpu family	: 6
model		: 70
model name	: Intel(R) Core(TM) i7-4870HQ CPU @ 2.50GHz
stepping	: 1
microcode	: 0x13
cpu MHz		: 2494.226
cache size	: 6144 KB
physical id	: 0
siblings	: 2
core id		: 0
cpu cores	: 2
apicid		: 0
initial apicid	: 0
fpu		: yes
fpu_exception	: yes
cpuid level	: 13
wp		: yes
flags		: fpu vme de pse tsc msr pae mce cx8 apic sep mtrr pge mca cmov pat pse36 clflush mmx fxsr sse sse2 ss ht syscall nx rdtscp lm constant_tsc nopl xtopology nonstop_tsc pni pclmulqdq ssse3 fma cx16 pcid sse4_1 sse4_2 x2apic movbe popcnt tsc_deadline_timer aes xsave avx f16c rdrand hypervisor lahf_lm abm fsgsbase tsc_adjust bmi1 avx2 smep bmi2 invpcid xsaveopt dtherm arat pln pts
bugs		:
bogomips	: 4988.45
clflush size	: 64
cache_alignment	: 64
address sizes	: 36 bits physical, 48 bits virtual
power management:

processor	: 1
vendor_id	: GenuineIntel
cpu family	: 6
model		: 70
model name	: Intel(R) Core(TM) i7-4870HQ CPU @ 2.50GHz
stepping	: 1
microcode	: 0x13
cpu MHz		: 2494.226
cache size	: 6144 KB
physical id	: 0
siblings	: 2
core id		: 1
cpu cores	: 2
apicid		: 1
initial apicid	: 1
fpu		: yes
fpu_exception	: yes
cpuid level	: 13
wp		: yes
flags		: fpu vme de pse tsc msr pae mce cx8 apic sep mtrr pge mca cmov pat pse36 clflush mmx fxsr sse sse2 ss ht syscall nx rdtscp lm constant_tsc nopl xtopology nonstop_tsc pni pclmulqdq ssse3 fma cx16 pcid sse4_1 sse4_2 x2apic movbe popcnt tsc_deadline_timer aes xsave avx f16c rdrand hypervisor lahf_lm abm fsgsbase tsc_adjust bmi1 avx2 smep bmi2 invpcid xsaveopt dtherm arat pln pts
bugs		:
bogomips	: 4988.45
clflush size	: 64
cache_alignment	: 64
address sizes	: 36 bits physical, 48 bits virtual
power management:



Memory: 4k page, physical 4039880k(105796k free), swap 2097148k(4k free)

vm_info: Java HotSpot(TM) 64-Bit Server VM (25.144-b01) for linux-amd64 JRE (1.8.0_144-b01), built on Jul 21 2017 21:57:33 by "java_re" with gcc 4.3.0 20080428 (Red Hat 4.3.0-8)

time: Tue Sep 19 13:58:13 2017
elapsed time: 2 seconds (0d 0h 0m 2s)

