#
# There is insufficient memory for the Java Runtime Environment to continue.
# Native memory allocation (mmap) failed to map 60817408 bytes for committing reserved memory.
# Possible reasons:
#   The system is out of physical RAM or swap space
#   In 32 bit mode, the process size limit was hit
# Possible solutions:
#   Reduce memory load on the system
#   Increase physical memory or swap space
#   Check if swap backing store is full
#   Use 64 bit Java on a 64 bit OS
#   Decrease Java heap size (-Xmx/-Xms)
#   Decrease number of Java threads
#   Decrease Java thread stack sizes (-Xss)
#   Set larger code cache with -XX:ReservedCodeCacheSize=
# This output file may be truncated or incomplete.
#
#  Out of Memory Error (os_linux.cpp:2640), pid=5925, tid=0x00007f68b5218700
#
# JRE version: Java(TM) SE Runtime Environment (8.0_151-b12) (build 1.8.0_151-b12)
# Java VM: Java HotSpot(TM) 64-Bit Server VM (25.151-b12 mixed mode linux-amd64 compressed oops)
# Failed to write core dump. Core dumps have been disabled. To enable core dumping, try "ulimit -c unlimited" before starting Java again
#

---------------  T H R E A D  ---------------

Current thread (0x00007f68cc0fc000):  VMThread [stack: 0x00007f68b5118000,0x00007f68b5219000] [id=5930]

Stack: [0x00007f68b5118000,0x00007f68b5219000],  sp=0x00007f68b5216fa0,  free space=1019k
Native frames: (J=compiled Java code, j=interpreted, Vv=VM code, C=native code)
V  [libjvm.so+0xacb58a]  VMError::report_and_die()+0x2ba
V  [libjvm.so+0x4ff4ab]  report_vm_out_of_memory(char const*, int, unsigned long, VMErrorType, char const*)+0x8b
V  [libjvm.so+0x928113]  os::Linux::commit_memory_impl(char*, unsigned long, bool)+0x103
V  [libjvm.so+0x928669]  os::pd_commit_memory(char*, unsigned long, unsigned long, bool)+0x29
V  [libjvm.so+0x92288a]  os::commit_memory(char*, unsigned long, unsigned long, bool)+0x2a
V  [libjvm.so+0x9973e3]  PSVirtualSpace::expand_by(unsigned long)+0x53
V  [libjvm.so+0x9987e8]  PSYoungGen::resize_generation(unsigned long, unsigned long)+0xf8
V  [libjvm.so+0x997942]  PSYoungGen::resize(unsigned long, unsigned long)+0x22
V  [libjvm.so+0x994c1b]  PSScavenge::invoke_no_policy()+0xf3b
V  [libjvm.so+0x9953a1]  PSScavenge::invoke()+0x41
V  [libjvm.so+0x94c0d0]  ParallelScavengeHeap::failed_mem_allocate(unsigned long)+0x70
V  [libjvm.so+0xaccfa7]  VM_ParallelGCFailedAllocation::doit()+0x97
V  [libjvm.so+0xad4a85]  VM_Operation::evaluate()+0x55
V  [libjvm.so+0xad2e5a]  VMThread::evaluate_operation(VM_Operation*)+0xba
V  [libjvm.so+0xad31de]  VMThread::loop()+0x1ce
V  [libjvm.so+0xad3650]  VMThread::run()+0x70
V  [libjvm.so+0x92a728]  java_start(Thread*)+0x108

VM_Operation (0x00007f68d3160e00): ParallelGCFailedAllocation, mode: safepoint, requested by thread 0x00007f68cc00b000


---------------  P R O C E S S  ---------------

Java Threads: ( => current thread )
  0x00007f68cc901000 JavaThread "Service Thread" daemon [_thread_blocked, id=5936, stack(0x00007f68a0aeb000,0x00007f68a0bec000)]
  0x00007f68cc82b800 JavaThread "C1 CompilerThread1" daemon [_thread_blocked, id=5935, stack(0x00007f68a0bec000,0x00007f68a0ced000)]
  0x00007f68cc831800 JavaThread "C2 CompilerThread0" daemon [_thread_in_native, id=5934, stack(0x00007f68a0ced000,0x00007f68a0dee000)]
  0x00007f68cc13b800 JavaThread "Signal Dispatcher" daemon [_thread_blocked, id=5933, stack(0x00007f68b4b3a000,0x00007f68b4c3b000)]
  0x00007f68cc108000 JavaThread "Finalizer" daemon [_thread_blocked, id=5932, stack(0x00007f68b4f16000,0x00007f68b5017000)]
  0x00007f68cc103800 JavaThread "Reference Handler" daemon [_thread_blocked, id=5931, stack(0x00007f68b5017000,0x00007f68b5118000)]
  0x00007f68cc00b000 JavaThread "main" [_thread_blocked, id=5927, stack(0x00007f68d3064000,0x00007f68d3165000)]

Other Threads:
=>0x00007f68cc0fc000 VMThread [stack: 0x00007f68b5118000,0x00007f68b5219000] [id=5930]
  0x00007f68cc872800 WatcherThread [stack: 0x00007f68a09ea000,0x00007f68a0aeb000] [id=5937]

VM state:at safepoint (normal execution)

VM Mutex/Monitor currently owned by a thread:  ([mutex/lock_event])
[0x00007f68cc0072e0] Threads_lock - owner thread: 0x00007f68cc0fc000
[0x00007f68cc0077e0] Heap_lock - owner thread: 0x00007f68cc00b000

Heap:
 PSYoungGen      total 103936K, used 153K [0x00000000eb700000, 0x00000000f2100000, 0x0000000100000000)
  eden space 99840K, 0% used [0x00000000eb700000,0x00000000eb700000,0x00000000f1880000)
  from space 4096K, 3% used [0x00000000f1880000,0x00000000f18a64e8,0x00000000f1c80000)
  to   space 3584K, 0% used [0x00000000f1c80000,0x00000000f1c80000,0x00000000f2000000)
 ParOldGen       total 42496K, used 4975K [0x00000000c2400000, 0x00000000c4d80000, 0x00000000eb700000)
  object space 42496K, 11% used [0x00000000c2400000,0x00000000c28dbe58,0x00000000c4d80000)
 Metaspace       used 15868K, capacity 16116K, committed 16384K, reserved 1064960K
  class space    used 1619K, capacity 1712K, committed 1792K, reserved 1048576K

Card table byte_map: [0x00007f68bc835000,0x00007f68bca24000] byte_map_base: 0x00007f68bc223000

Marking Bits: (ParMarkBitMap*) 0x00007f68d253ff80
 Begin Bits: [0x00007f68b6120000, 0x00007f68b7090000)
 End Bits:   [0x00007f68b7090000, 0x00007f68b8000000)

Polling page: 0x00007f68d318d000

CodeCache: size=245760Kb used=6524Kb max_used=6524Kb free=239235Kb
 bounds [0x00007f68bcde4000, 0x00007f68bd454000, 0x00007f68cbde4000]
 total_blobs=2597 nmethods=2211 adapters=299
 compilation: enabled

Compilation events (10 events):
Event: 2.881 Thread 0x00007f68cc82b800 2242       2       sun.text.normalizer.TrieIterator::checkNullNextTrailIndex (110 bytes)
Event: 2.882 Thread 0x00007f68cc82b800 nmethod 2242 0x00007f68bd442350 code [0x00007f68bd4424e0, 0x00007f68bd4427e8]
Event: 2.882 Thread 0x00007f68cc82b800 2243       2       sun.text.normalizer.TrieIterator::checkTrailBlock (50 bytes)
Event: 2.882 Thread 0x00007f68cc82b800 nmethod 2243 0x00007f68bd442990 code [0x00007f68bd442b00, 0x00007f68bd442d28]
Event: 2.975 Thread 0x00007f68cc82b800 2244 %     3       sun.text.normalizer.UCharacterProperty::upropsvec_addPropertyStarts @ 27 (48 bytes)
Event: 2.975 Thread 0x00007f68cc82b800 nmethod 2244% 0x00007f68bd442e10 code [0x00007f68bd442fe0, 0x00007f68bd443628]
Event: 2.975 Thread 0x00007f68cc82b800 2245       3       sun.text.normalizer.UCharacterProperty::upropsvec_addPropertyStarts (48 bytes)
Event: 2.975 Thread 0x00007f68cc82b800 nmethod 2245 0x00007f68bd4438d0 code [0x00007f68bd443a80, 0x00007f68bd444048]
Event: 2.995 Thread 0x00007f68cc82b800 2247       2       sun.text.normalizer.Trie$DefaultGetFoldingOffset::getFoldingOffset (2 bytes)
Event: 2.995 Thread 0x00007f68cc82b800 nmethod 2247 0x00007f68bd444290 code [0x00007f68bd4443e0, 0x00007f68bd444530]

GC Heap History (10 events):
Event: 1.762 GC heap after
Heap after GC invocations=6 (full 0):
 PSYoungGen      total 34304K, used 3043K [0x00000000eb700000, 0x00000000edd00000, 0x0000000100000000)
  eden space 31232K, 0% used [0x00000000eb700000,0x00000000eb700000,0x00000000ed580000)
  from space 3072K, 99% used [0x00000000ed900000,0x00000000edbf8c08,0x00000000edc00000)
  to   space 3584K, 0% used [0x00000000ed580000,0x00000000ed580000,0x00000000ed900000)
 ParOldGen       total 42496K, used 218K [0x00000000c2400000, 0x00000000c4d80000, 0x00000000eb700000)
  object space 42496K, 0% used [0x00000000c2400000,0x00000000c2436b70,0x00000000c4d80000)
 Metaspace       used 10247K, capacity 10408K, committed 10624K, reserved 1058816K
  class space    used 1031K, capacity 1050K, committed 1152K, reserved 1048576K
}
Event: 2.161 GC heap before
{Heap before GC invocations=7 (full 0):
 PSYoungGen      total 34304K, used 34275K [0x00000000eb700000, 0x00000000edd00000, 0x0000000100000000)
  eden space 31232K, 100% used [0x00000000eb700000,0x00000000ed580000,0x00000000ed580000)
  from space 3072K, 99% used [0x00000000ed900000,0x00000000edbf8c08,0x00000000edc00000)
  to   space 3584K, 0% used [0x00000000ed580000,0x00000000ed580000,0x00000000ed900000)
 ParOldGen       total 42496K, used 218K [0x00000000c2400000, 0x00000000c4d80000, 0x00000000eb700000)
  object space 42496K, 0% used [0x00000000c2400000,0x00000000c2436b70,0x00000000c4d80000)
 Metaspace       used 12501K, capacity 12764K, committed 12928K, reserved 1060864K
  class space    used 1231K, capacity 1324K, committed 1408K, reserved 1048576K
Event: 2.177 GC heap after
Heap after GC invocations=7 (full 0):
 PSYoungGen      total 34816K, used 2648K [0x00000000eb700000, 0x00000000efb00000, 0x0000000100000000)
  eden space 31232K, 0% used [0x00000000eb700000,0x00000000eb700000,0x00000000ed580000)
  from space 3584K, 73% used [0x00000000ed580000,0x00000000ed8162c8,0x00000000ed900000)
  to   space 3584K, 0% used [0x00000000ef780000,0x00000000ef780000,0x00000000efb00000)
 ParOldGen       total 42496K, used 1788K [0x00000000c2400000, 0x00000000c4d80000, 0x00000000eb700000)
  object space 42496K, 4% used [0x00000000c2400000,0x00000000c25bf1b0,0x00000000c4d80000)
 Metaspace       used 12501K, capacity 12764K, committed 12928K, reserved 1060864K
  class space    used 1231K, capacity 1324K, committed 1408K, reserved 1048576K
}
Event: 2.413 GC heap before
{Heap before GC invocations=8 (full 0):
 PSYoungGen      total 34816K, used 33880K [0x00000000eb700000, 0x00000000efb00000, 0x0000000100000000)
  eden space 31232K, 100% used [0x00000000eb700000,0x00000000ed580000,0x00000000ed580000)
  from space 3584K, 73% used [0x00000000ed580000,0x00000000ed8162c8,0x00000000ed900000)
  to   space 3584K, 0% used [0x00000000ef780000,0x00000000ef780000,0x00000000efb00000)
 ParOldGen       total 42496K, used 1788K [0x00000000c2400000, 0x00000000c4d80000, 0x00000000eb700000)
  object space 42496K, 4% used [0x00000000c2400000,0x00000000c25bf1b0,0x00000000c4d80000)
 Metaspace       used 13857K, capacity 14140K, committed 14336K, reserved 1062912K
  class space    used 1388K, capacity 1484K, committed 1536K, reserved 1048576K
Event: 2.417 GC heap after
Heap after GC invocations=8 (full 0):
 PSYoungGen      total 66048K, used 2882K [0x00000000eb700000, 0x00000000efb00000, 0x0000000100000000)
  eden space 62464K, 0% used [0x00000000eb700000,0x00000000eb700000,0x00000000ef400000)
  from space 3584K, 80% used [0x00000000ef780000,0x00000000efa509b8,0x00000000efb00000)
  to   space 3584K, 0% used [0x00000000ef400000,0x00000000ef400000,0x00000000ef780000)
 ParOldGen       total 42496K, used 2108K [0x00000000c2400000, 0x00000000c4d80000, 0x00000000eb700000)
  object space 42496K, 4% used [0x00000000c2400000,0x00000000c260f1b0,0x00000000c4d80000)
 Metaspace       used 13857K, capacity 14140K, committed 14336K, reserved 1062912K
  class space    used 1388K, capacity 1484K, committed 1536K, reserved 1048576K
}
Event: 2.896 GC heap before
{Heap before GC invocations=9 (full 0):
 PSYoungGen      total 66048K, used 65346K [0x00000000eb700000, 0x00000000efb00000, 0x0000000100000000)
  eden space 62464K, 100% used [0x00000000eb700000,0x00000000ef400000,0x00000000ef400000)
  from space 3584K, 80% used [0x00000000ef780000,0x00000000efa509b8,0x00000000efb00000)
  to   space 3584K, 0% used [0x00000000ef400000,0x00000000ef400000,0x00000000ef780000)
 ParOldGen       total 42496K, used 2108K [0x00000000c2400000, 0x00000000c4d80000, 0x00000000eb700000)
  object space 42496K, 4% used [0x00000000c2400000,0x00000000c260f1b0,0x00000000c4d80000)
 Metaspace       used 15866K, capacity 16116K, committed 16384K, reserved 1064960K
  class space    used 1619K, capacity 1712K, committed 1792K, reserved 1048576K
Event: 2.913 GC heap after
Heap after GC invocations=9 (full 0):
 PSYoungGen      total 66048K, used 3386K [0x00000000eb700000, 0x00000000f2000000, 0x0000000100000000)
  eden space 62464K, 0% used [0x00000000eb700000,0x00000000eb700000,0x00000000ef400000)
  from space 3584K, 94% used [0x00000000ef400000,0x00000000ef74eb00,0x00000000ef780000)
  to   space 3584K, 0% used [0x00000000f1c80000,0x00000000f1c80000,0x00000000f2000000)
 ParOldGen       total 42496K, used 2860K [0x00000000c2400000, 0x00000000c4d80000, 0x00000000eb700000)
  object space 42496K, 6% used [0x00000000c2400000,0x00000000c26cb1f0,0x00000000c4d80000)
 Metaspace       used 15866K, capacity 16116K, committed 16384K, reserved 1064960K
  class space    used 1619K, capacity 1712K, committed 1792K, reserved 1048576K
}
Event: 3.007 GC heap before
{Heap before GC invocations=10 (full 0):
 PSYoungGen      total 66048K, used 65840K [0x00000000eb700000, 0x00000000f2000000, 0x0000000100000000)
  eden space 62464K, 99% used [0x00000000eb700000,0x00000000ef3fd538,0x00000000ef400000)
  from space 3584K, 94% used [0x00000000ef400000,0x00000000ef74eb00,0x00000000ef780000)
  to   space 3584K, 0% used [0x00000000f1c80000,0x00000000f1c80000,0x00000000f2000000)
 ParOldGen       total 42496K, used 2860K [0x00000000c2400000, 0x00000000c4d80000, 0x00000000eb700000)
  object space 42496K, 6% used [0x00000000c2400000,0x00000000c26cb1f0,0x00000000c4d80000)
 Metaspace       used 15868K, capacity 16116K, committed 16384K, reserved 1064960K
  class space    used 1619K, capacity 1712K, committed 1792K, reserved 1048576K
Event: 3.011 GC heap after
Heap after GC invocations=10 (full 0):
 PSYoungGen      total 103424K, used 872K [0x00000000eb700000, 0x00000000f2100000, 0x0000000100000000)
  eden space 99840K, 0% used [0x00000000eb700000,0x00000000eb700000,0x00000000f1880000)
  from space 3584K, 24% used [0x00000000f1c80000,0x00000000f1d5a340,0x00000000f2000000)
  to   space 4096K, 0% used [0x00000000f1880000,0x00000000f1880000,0x00000000f1c80000)
 ParOldGen       total 42496K, used 4227K [0x00000000c2400000, 0x00000000c4d80000, 0x00000000eb700000)
  object space 42496K, 9% used [0x00000000c2400000,0x00000000c2820f60,0x00000000c4d80000)
 Metaspace       used 15868K, capacity 16116K, committed 16384K, reserved 1064960K
  class space    used 1619K, capacity 1712K, committed 1792K, reserved 1048576K
}
Event: 3.072 GC heap before
{Heap before GC invocations=11 (full 0):
 PSYoungGen      total 103424K, used 100601K [0x00000000eb700000, 0x00000000f2100000, 0x0000000100000000)
  eden space 99840K, 99% used [0x00000000eb700000,0x00000000f18642f8,0x00000000f1880000)
  from space 3584K, 24% used [0x00000000f1c80000,0x00000000f1d5a340,0x00000000f2000000)
  to   space 4096K, 0% used [0x00000000f1880000,0x00000000f1880000,0x00000000f1c80000)
 ParOldGen       total 42496K, used 4227K [0x00000000c2400000, 0x00000000c4d80000, 0x00000000eb700000)
  object space 42496K, 9% used [0x00000000c2400000,0x00000000c2820f60,0x00000000c4d80000)
 Metaspace       used 15868K, capacity 16116K, committed 16384K, reserved 1064960K
  class space    used 1619K, capacity 1712K, committed 1792K, reserved 1048576K

Deoptimization events (10 events):
Event: 0.886 Thread 0x00007f68cc00b000 Uncommon trap: reason=unstable_if action=reinterpret pc=0x00007f68bcf5aeec method=sun.misc.URLClassPath.getLoader(I)Lsun/misc/URLClassPath$Loader; @ 36
Event: 0.886 Thread 0x00007f68cc00b000 Uncommon trap: reason=unstable_if action=reinterpret pc=0x00007f68bcf95b34 method=sun.misc.URLClassPath$JarLoader.ensureOpen()V @ 4
Event: 0.890 Thread 0x00007f68cc00b000 Uncommon trap: reason=unstable_if action=reinterpret pc=0x00007f68bcf56bfc method=sun.misc.URLClassPath.getLoader(I)Lsun/misc/URLClassPath$Loader; @ 36
Event: 0.893 Thread 0x00007f68cc00b000 Uncommon trap: reason=unstable_if action=reinterpret pc=0x00007f68bcf7726c method=java.lang.String.indexOf([CII[CIII)I @ 134
Event: 1.030 Thread 0x00007f68cc00b000 Uncommon trap: reason=unstable_if action=reinterpret pc=0x00007f68bd03596c method=org.jacoco.agent.rt.internal_b0d6a23.asm.ClassReader.readUTF(II[C)Ljava/lang/String; @ 77
Event: 1.030 Thread 0x00007f68cc00b000 Uncommon trap: reason=unstable_if action=reinterpret pc=0x00007f68bcfee344 method=org.jacoco.agent.rt.internal_b0d6a23.asm.ClassReader.readUTF(II[C)Ljava/lang/String; @ 77
Event: 1.160 Thread 0x00007f68cc00b000 Uncommon trap: reason=unstable_if action=reinterpret pc=0x00007f68bd042b18 method=org.jacoco.agent.rt.internal_b0d6a23.asm.Item.isEqualTo(Lorg/jacoco/agent/rt/internal_b0d6a23/asm/Item;)Z @ 345
Event: 1.698 Thread 0x00007f68cc00b000 Uncommon trap: reason=null_check action=make_not_entrant pc=0x00007f68bcef8284 method=java.lang.String.equals(Ljava/lang/Object;)Z @ 8
Event: 2.012 Thread 0x00007f68cc00b000 Uncommon trap: reason=unstable_if action=reinterpret pc=0x00007f68bcfa5f78 method=java.lang.AbstractStringBuilder.append(Ljava/lang/String;)Ljava/lang/AbstractStringBuilder; @ 1
Event: 2.494 Thread 0x00007f68cc00b000 Uncommon trap: reason=unstable_if action=reinterpret pc=0x00007f68bd355444 method=java.util.ArrayList.remove(I)Ljava/lang/Object; @ 31

Internal exceptions (10 events):
Event: 2.816 Thread 0x00007f68cc00b000 Exception <a 'java/security/PrivilegedActionException'> (0x00000000eeb518b8) thrown at [/HUDSON/workspace/8-2-build-linux-amd64/jdk8u151/9699/hotspot/src/share/vm/prims/jvm.cpp, line 1390]
Event: 2.816 Thread 0x00007f68cc00b000 Exception <a 'java/security/PrivilegedActionException'> (0x00000000eeb55a50) thrown at [/HUDSON/workspace/8-2-build-linux-amd64/jdk8u151/9699/hotspot/src/share/vm/prims/jvm.cpp, line 1390]
Event: 2.816 Thread 0x00007f68cc00b000 Exception <a 'java/security/PrivilegedActionException'> (0x00000000eeb55e48) thrown at [/HUDSON/workspace/8-2-build-linux-amd64/jdk8u151/9699/hotspot/src/share/vm/prims/jvm.cpp, line 1390]
Event: 2.817 Thread 0x00007f68cc00b000 Exception <a 'java/security/PrivilegedActionException'> (0x00000000eeb67470) thrown at [/HUDSON/workspace/8-2-build-linux-amd64/jdk8u151/9699/hotspot/src/share/vm/prims/jvm.cpp, line 1390]
Event: 2.817 Thread 0x00007f68cc00b000 Exception <a 'java/security/PrivilegedActionException'> (0x00000000eeb67868) thrown at [/HUDSON/workspace/8-2-build-linux-amd64/jdk8u151/9699/hotspot/src/share/vm/prims/jvm.cpp, line 1390]
Event: 2.818 Thread 0x00007f68cc00b000 Exception <a 'java/security/PrivilegedActionException'> (0x00000000eeb6ba00) thrown at [/HUDSON/workspace/8-2-build-linux-amd64/jdk8u151/9699/hotspot/src/share/vm/prims/jvm.cpp, line 1390]
Event: 2.818 Thread 0x00007f68cc00b000 Exception <a 'java/security/PrivilegedActionException'> (0x00000000eeb6bdf8) thrown at [/HUDSON/workspace/8-2-build-linux-amd64/jdk8u151/9699/hotspot/src/share/vm/prims/jvm.cpp, line 1390]
Event: 2.827 Thread 0x00007f68cc00b000 Exception <a 'java/lang/ArrayIndexOutOfBoundsException'> (0x00000000eebe2d20) thrown at [/HUDSON/workspace/8-2-build-linux-amd64/jdk8u151/9699/hotspot/src/share/vm/runtime/sharedRuntime.cpp, line 605]
Event: 2.827 Thread 0x00007f68cc00b000 Exception <a 'java/lang/ArrayIndexOutOfBoundsException'> (0x00000000eebe47d8) thrown at [/HUDSON/workspace/8-2-build-linux-amd64/jdk8u151/9699/hotspot/src/share/vm/runtime/sharedRuntime.cpp, line 605]
Event: 2.828 Thread 0x00007f68cc00b000 Exception <a 'java/lang/ArrayIndexOutOfBoundsException'> (0x00000000eebfb5f0) thrown at [/HUDSON/workspace/8-2-build-linux-amd64/jdk8u151/9699/hotspot/src/share/vm/runtime/sharedRuntime.cpp, line 605]

Events (10 events):
Event: 2.876 loading class sun/text/normalizer/TrieIterator done
Event: 2.876 loading class sun/text/normalizer/RangeValueIterator$Element
Event: 2.876 loading class sun/text/normalizer/RangeValueIterator$Element done
Event: 2.880 Thread 0x00007f68cc00b000 DEOPT PACKING pc=0x00007f68bd43d33c sp=0x00007f68d31610a0
Event: 2.880 Thread 0x00007f68cc00b000 DEOPT UNPACKING pc=0x00007f68bce2b633 sp=0x00007f68d3160e20 mode 0
Event: 2.896 Executing VM operation: ParallelGCFailedAllocation
Event: 2.913 Executing VM operation: ParallelGCFailedAllocation done
Event: 3.007 Executing VM operation: ParallelGCFailedAllocation
Event: 3.011 Executing VM operation: ParallelGCFailedAllocation done
Event: 3.072 Executing VM operation: ParallelGCFailedAllocation


Dynamic libraries:
00400000-00401000 r-xp 00000000 08:01 2233027                            /usr/lib/jvm/java-8-oracle/jre/bin/java
00600000-00601000 rw-p 00000000 08:01 2233027                            /usr/lib/jvm/java-8-oracle/jre/bin/java
01376000-01397000 rw-p 00000000 00:00 0                                  [heap]
c2400000-c4d80000 rw-p 00000000 00:00 0 
c4d80000-eb700000 ---p 00000000 00:00 0 
eb700000-f2100000 rw-p 00000000 00:00 0 
f5b00000-100000000 ---p 00000000 00:00 0 
100000000-1001c0000 rw-p 00000000 00:00 0 
1001c0000-140000000 ---p 00000000 00:00 0 
7f6888000000-7f6888021000 rw-p 00000000 00:00 0 
7f6888021000-7f688c000000 ---p 00000000 00:00 0 
7f688fe00000-7f688fe40000 rw-p 00000000 00:00 0 
7f688fe40000-7f6890000000 ---p 00000000 00:00 0 
7f6890000000-7f6890e29000 rw-p 00000000 00:00 0 
7f6890e29000-7f6894000000 ---p 00000000 00:00 0 
7f6894000000-7f6894021000 rw-p 00000000 00:00 0 
7f6894021000-7f6898000000 ---p 00000000 00:00 0 
7f6898000000-7f6899762000 rw-p 00000000 00:00 0 
7f6899762000-7f689c000000 ---p 00000000 00:00 0 
7f689c000000-7f689c021000 rw-p 00000000 00:00 0 
7f689c021000-7f68a0000000 ---p 00000000 00:00 0 
7f68a01d8000-7f68a01f4000 r--s 00393000 08:01 2233198                    /usr/lib/jvm/java-8-oracle/jre/lib/ext/cldrdata.jar
7f68a01f4000-7f68a01fe000 r--s 00116000 08:01 2233205                    /usr/lib/jvm/java-8-oracle/jre/lib/ext/localedata.jar
7f68a01fe000-7f68a03fe000 rw-p 00000000 00:00 0 
7f68a03fe000-7f68a0411000 r--s 00345000 08:01 2233175                    /usr/lib/jvm/java-8-oracle/jre/lib/resources.jar
7f68a0411000-7f68a0611000 rw-p 00000000 00:00 0 
7f68a0616000-7f68a0816000 rw-p 00000000 00:00 0 
7f68a0816000-7f68a0818000 r--s 00007000 08:01 791719                     /home/madunlap/.m2/repository/org/apache/maven/surefire/surefire-junit4/2.10/surefire-junit4-2.10.jar
7f68a0818000-7f68a081a000 r--s 0000b000 08:01 921145                     /home/madunlap/.m2/repository/org/json/json/20160212/json-20160212.jar
7f68a081a000-7f68a081c000 r--s 00009000 08:01 921147                     /home/madunlap/.m2/repository/com/mashape/unirest/unirest-java/1.4.9/unirest-java-1.4.9.jar
7f68a081c000-7f68a081e000 r--s 0000e000 08:01 921141                     /home/madunlap/.m2/repository/org/jvnet/mimepull/mimepull/1.9.6/mimepull-1.9.6.jar
7f68a081e000-7f68a0821000 r--s 0000e000 08:01 921143                     /home/madunlap/.m2/repository/org/glassfish/jersey/media/jersey-media-multipart/2.23.2/jersey-media-multipart-2.23.2.jar
7f68a0821000-7f68a0825000 r--s 00019000 08:01 921137                     /home/madunlap/.m2/repository/javax/ws/rs/javax.ws.rs-api/2.0.1/javax.ws.rs-api-2.0.1.jar
7f68a0825000-7f68a0827000 r--s 00010000 08:01 921134                     /home/madunlap/.m2/repository/org/glassfish/jersey/media/jersey-media-jaxb/2.23.2/jersey-media-jaxb-2.23.2.jar
7f68a0827000-7f68a082c000 r--s 00025000 08:01 921138                     /home/madunlap/.m2/repository/org/glassfish/jersey/core/jersey-client/2.23.2/jersey-client-2.23.2.jar
7f68a082c000-7f68a0842000 r--s 000d3000 08:01 921133                     /home/madunlap/.m2/repository/org/glassfish/jersey/core/jersey-server/2.23.2/jersey-server-2.23.2.jar
7f68a0842000-7f68a0843000 r--s 00004000 08:01 921129                     /home/madunlap/.m2/repository/org/glassfish/hk2/osgi-resource-locator/1.0.1/osgi-resource-locator-1.0.1.jar
7f68a0843000-7f68a084d000 r--s 000ae000 08:01 921127                     /home/madunlap/.m2/repository/org/javassist/javassist/3.20.0-GA/javassist-3.20.0-GA.jar
7f68a084d000-7f68a0850000 r--s 0002a000 08:01 921123                     /home/madunlap/.m2/repository/org/glassfish/hk2/hk2-locator/2.5.0-b05/hk2-locator-2.5.0-b05.jar
7f68a0850000-7f68a0852000 r--s 00002000 08:01 921128                     /home/madunlap/.m2/repository/org/glassfish/hk2/external/aopalliance-repackaged/2.5.0-b05/aopalliance-repackaged-2.5.0-b05.jar
7f68a0852000-7f68a0856000 r--s 0001a000 08:01 921125                     /home/madunlap/.m2/repository/org/glassfish/hk2/hk2-utils/2.5.0-b05/hk2-utils-2.5.0-b05.jar
7f68a0856000-7f68a085b000 r--s 00027000 08:01 921118                     /home/madunlap/.m2/repository/org/glassfish/hk2/hk2-api/2.5.0-b05/hk2-api-2.5.0-b05.jar
7f68a085b000-7f68a0873000 r--s 000d6000 08:01 921120                     /home/madunlap/.m2/repository/org/glassfish/jersey/bundles/repackaged/jersey-guava/2.23.2/jersey-guava-2.23.2.jar
7f68a0873000-7f68a0875000 r--s 00005000 08:01 921116                     /home/madunlap/.m2/repository/javax/annotation/javax.annotation-api/1.2/javax.annotation-api-1.2.jar
7f68a0875000-7f68a0884000 r--s 000a0000 08:01 921111                     /home/madunlap/.m2/repository/org/glassfish/jersey/core/jersey-common/2.23.2/jersey-common-2.23.2.jar
7f68a0884000-7f68a0885000 r--s 00001000 08:01 921113                     /home/madunlap/.m2/repository/org/glassfish/hk2/external/javax.inject/2.5.0-b05/javax.inject-2.5.0-b05.jar
7f68a0885000-7f68a0888000 r--s 0000e000 08:01 921110                     /home/madunlap/.m2/repository/org/glassfish/jersey/containers/jersey-container-servlet-core/2.23.2/jersey-container-servlet-core-2.23.2.jar
7f68a0888000-7f68a088a000 r--s 00003000 08:01 921107                     /home/madunlap/.m2/repository/org/glassfish/jersey/containers/jersey-container-servlet/2.23.2/jersey-container-servlet-2.23.2.jar
7f68a088a000-7f68a088c000 r--s 00008000 08:01 921112                     /home/madunlap/.m2/repository/com/google/auto/auto-common/0.3/auto-common-0.3.jar
7f68a088c000-7f68a088d000 r--s 00002000 08:01 921105                     /home/madunlap/.m2/repository/com/google/auto/service/auto-service/1.0-rc2/auto-service-1.0-rc2.jar
7f68a088d000-7f68a088f000 r--s 0000c000 08:01 921153                     /home/madunlap/.m2/repository/com/lyncode/xoai-service-provider/4.1.0-header-patch/xoai-service-provider-4.1.0-header-patch.jar
7f68a088f000-7f68a0890000 r--s 00001000 08:01 921104                     /home/madunlap/.m2/repository/com/lyncode/builder-commons/1.0.2/builder-commons-1.0.2.jar
7f68a0890000-7f68a0893000 r--s 00012000 08:01 921152                     /home/madunlap/.m2/repository/com/lyncode/xoai-data-provider/4.1.0-header-patch/xoai-data-provider-4.1.0-header-patch.jar
7f68a0893000-7f68a0895000 r--s 00005000 08:01 791390                     /home/madunlap/.m2/repository/stax/stax-api/1.0.1/stax-api-1.0.1.jar
7f68a0895000-7f68a089b000 r--s 00048000 08:01 921101                     /home/madunlap/.m2/repository/org/apache/commons/commons-lang3/3.1/commons-lang3-3.1.jar
7f68a089b000-7f68a089d000 r--s 00004000 08:01 921097                     /home/madunlap/.m2/repository/javax/xml/stream/stax-api/1.0-2/stax-api-1.0-2.jar
7f68a089d000-7f68a08a1000 r--s 00029000 08:01 921098                     /home/madunlap/.m2/repository/org/codehaus/woodstox/stax2-api/3.0.4/stax2-api-3.0.4.jar
7f68a08a1000-7f68a08a7000 r--s 00045000 08:01 921095                     /home/madunlap/.m2/repository/org/hamcrest/hamcrest-all/1.3/hamcrest-all-1.3.jar
7f68a08a7000-7f68a08ac000 r--s 00016000 08:01 791388                     /home/madunlap/.m2/repository/xml-apis/xml-apis/1.0.b2/xml-apis-1.0.b2.jar
7f68a08ac000-7f68a08ad000 r--s 00003000 08:01 921092                     /home/madunlap/.m2/repository/com/lyncode/test-support/1.0.4/test-support-1.0.4.jar
7f68a08ad000-7f68a08af000 r--s 00004000 08:01 921090                     /home/madunlap/.m2/repository/com/lyncode/xml-io/1.0.3/xml-io-1.0.3.jar
7f68a08af000-7f68a08b1000 r--s 0000d000 08:01 921151                     /home/madunlap/.m2/repository/com/lyncode/xoai-common/4.1.0-header-patch/xoai-common-4.1.0-header-patch.jar
7f68a08b1000-7f68a08b4000 r--s 00011000 08:01 921088                     /home/madunlap/.m2/repository/com/github/scribejava/scribejava-core/3.1.0/scribejava-core-3.1.0.jar
7f68a08b4000-7f68a08b7000 r--s 00010000 08:01 921084                     /home/madunlap/.m2/repository/com/github/scribejava/scribejava-apis/3.1.0/scribejava-apis-3.1.0.jar
7f68a08b7000-7f68a08c0000 r--s 0006f000 08:01 921083                     /home/madunlap/.m2/repository/log4j/log4j/1.2.17/log4j-1.2.17.jar
7f68a08c0000-7f68a0997000 r--s 007aa000 08:01 921093                     /home/madunlap/.m2/repository/net/sf/ehcache/ehcache/2.10.1/ehcache-2.10.1.jar
7f68a0997000-7f68a0999000 r--s 00008000 08:01 921082                     /home/madunlap/.m2/repository/org/apache/commons/commons-csv/1.2/commons-csv-1.2.jar
7f68a0999000-7f68a099d000 r--s 00035000 08:01 921081                     /home/madunlap/.m2/repository/com/fasterxml/jackson/core/jackson-core/2.5.3/jackson-core-2.5.3.jar
7f68a099d000-7f68a099f000 r--s 00008000 08:01 921075                     /home/madunlap/.m2/repository/com/fasterxml/jackson/core/jackson-annotations/2.5.0/jackson-annotations-2.5.0.jar
7f68a099f000-7f68a09b1000 r--s 00106000 08:01 921073                     /home/madunlap/.m2/repository/com/fasterxml/jackson/core/jackson-databind/2.5.3/jackson-databind-2.5.3.jar
7f68a09b1000-7f68a09b4000 r--s 00006000 08:01 921070                     /home/madunlap/.m2/repository/com/google/code/findbugs/jsr305/1.3.9/jsr305-1.3.9.jar
7f68a09b4000-7f68a09ba000 r--s 00040000 08:01 921074                     /home/madunlap/.m2/repository/com/google/http-client/google-http-client/1.20.0/google-http-client-1.20.0.jar
7f68a09ba000-7f68a09bb000 r--s 00004000 08:01 921066                     /home/madunlap/.m2/repository/com/maxmind/db/maxmind-db/1.0.0/maxmind-db-1.0.0.jar
7f68a09bb000-7f68a09bd000 r--s 00007000 08:01 921064                     /home/madunlap/.m2/repository/com/maxmind/geoip2/geoip2/2.3.1/geoip2-2.3.1.jar
7f68a09bd000-7f68a09bf000 r--s 00003000 08:01 921062                     /home/madunlap/.m2/repository/org/slf4j/jcl-over-slf4j/1.7.2/jcl-over-slf4j-1.7.2.jar
7f68a09bf000-7f68a09c3000 r--s 00034000 08:01 921067                     /home/madunlap/.m2/repository/org/codehaus/jackson/jackson-core-asl/1.9.7/jackson-core-asl-1.9.7.jar
7f68a09c3000-7f68a09d2000 r--s 000b0000 08:01 921065                     /home/madunlap/.m2/repository/org/codehaus/jackson/jackson-mapper-asl/1.9.7/jackson-mapper-asl-1.9.7.jar
7f68a09d2000-7f68a09dc000 r--s 0003d000 08:01 921060                     /home/madunlap/.m2/repository/org/javaswift/joss/0.9.10/joss-0.9.10.jar
7f68a09dc000-7f68a09e3000 r--s 0003a000 08:01 921056                     /home/madunlap/.m2/repository/commons-codec/commons-codec/1.9/commons-codec-1.9.jar
7f68a09e3000-7f68a09ea000 r--s 00048000 08:01 921054                     /home/madunlap/.m2/repository/org/apache/httpcomponents/httpcore/4.4.1/httpcore-4.4.1.jar
7f68a09ea000-7f68a09eb000 ---p 00000000 00:00 0 
7f68a09eb000-7f68a0aeb000 rw-p 00000000 00:00 0 
7f68a0aeb000-7f68a0aee000 ---p 00000000 00:00 0 
7f68a0aee000-7f68a0bec000 rw-p 00000000 00:00 0 
7f68a0bec000-7f68a0bef000 ---p 00000000 00:00 0 
7f68a0bef000-7f68a0ced000 rw-p 00000000 00:00 0 
7f68a0ced000-7f68a0cf0000 ---p 00000000 00:00 0 
7f68a0cf0000-7f68a0dee000 rw-p 00000000 00:00 0 
7f68a0dee000-7f68a0dff000 r-xp 00000000 08:01 2233354                    /usr/lib/jvm/java-8-oracle/jre/lib/amd64/libnio.so
7f68a0dff000-7f68a0ffe000 ---p 00011000 08:01 2233354                    /usr/lib/jvm/java-8-oracle/jre/lib/amd64/libnio.so
7f68a0ffe000-7f68a0fff000 rw-p 00010000 08:01 2233354                    /usr/lib/jvm/java-8-oracle/jre/lib/amd64/libnio.so
7f68a0fff000-7f68a4000000 rw-p 00000000 00:00 0 
7f68a4000000-7f68a4021000 rw-p 00000000 00:00 0 
7f68a4021000-7f68a8000000 ---p 00000000 00:00 0 
7f68a8000000-7f68a8021000 rw-p 00000000 00:00 0 
7f68a8021000-7f68ac000000 ---p 00000000 00:00 0 
7f68ac000000-7f68ac28e000 rw-p 00000000 00:00 0 
7f68ac28e000-7f68b0000000 ---p 00000000 00:00 0 
7f68b0000000-7f68b0021000 rw-p 00000000 00:00 0 
7f68b0021000-7f68b4000000 ---p 00000000 00:00 0 
7f68b4000000-7f68b400d000 r--s 000a4000 08:01 921052                     /home/madunlap/.m2/repository/org/apache/httpcomponents/httpclient/4.4.1/httpclient-4.4.1.jar
7f68b400d000-7f68b4011000 r--s 00028000 08:01 921050                     /home/madunlap/.m2/repository/org/apache/httpcomponents/httpasyncclient/4.1/httpasyncclient-4.1.jar
7f68b4011000-7f68b4018000 r--s 00050000 08:01 921049                     /home/madunlap/.m2/repository/org/apache/httpcomponents/httpcore-nio/4.4.1/httpcore-nio-4.4.1.jar
7f68b4018000-7f68b401e000 r--s 00033000 08:01 921046                     /home/madunlap/.m2/repository/io/searchbox/jest-common/0.1.7/jest-common-0.1.7.jar
7f68b401e000-7f68b401f000 r--s 00004000 08:01 921045                     /home/madunlap/.m2/repository/io/searchbox/jest/0.1.7/jest-0.1.7.jar
7f68b401f000-7f68b4022000 r--s 0000f000 08:01 921042                     /home/madunlap/.m2/repository/commons-discovery/commons-discovery/0.2/commons-discovery-0.2.jar
7f68b4022000-7f68b4025000 r--s 0001c000 08:01 921043                     /home/madunlap/.m2/repository/axis/axis-wsdl4j/1.5.1/axis-wsdl4j-1.5.1.jar
7f68b4025000-7f68b4026000 r--s 00004000 08:01 921039                     /home/madunlap/.m2/repository/org/apache/axis/axis-saaj/1.4/axis-saaj-1.4.jar
7f68b4026000-7f68b4028000 r--s 00006000 08:01 921036                     /home/madunlap/.m2/repository/org/apache/axis/axis-jaxrpc/1.4/axis-jaxrpc-1.4.jar
7f68b4028000-7f68b403c000 r--s 00173000 08:01 921038                     /home/madunlap/.m2/repository/axis/axis/1.4/axis-1.4.jar
7f68b403c000-7f68b403e000 r--s 00009000 08:01 921034                     /home/madunlap/.m2/repository/org/objenesis/objenesis/2.1/objenesis-2.1.jar
7f68b403e000-7f68b405a000 r--s 00103000 08:01 921030                     /home/madunlap/.m2/repository/org/mockito/mockito-core/1.10.19/mockito-core-1.10.19.jar
7f68b405a000-7f68b405c000 r--s 00001000 08:01 921031                     /home/madunlap/.m2/repository/org/slf4j/slf4j-log4j12/1.7.7/slf4j-log4j12-1.7.7.jar
7f68b405c000-7f68b405e000 r--s 00006000 08:01 791385                     /home/madunlap/.m2/repository/org/slf4j/slf4j-api/1.7.7/slf4j-api-1.7.7.jar
7f68b405e000-7f68b4062000 r--s 0001f000 08:01 921028                     /home/madunlap/.m2/repository/org/jacoco/org.jacoco.report/0.7.5.201505241946/org.jacoco.report-0.7.5.201505241946.jar
7f68b4062000-7f68b4067000 r--s 00058000 08:01 921027                     /home/madunlap/.m2/repository/org/ow2/asm/asm-debug-all/5.0.1/asm-debug-all-5.0.1.jar
7f68b4067000-7f68b406b000 r--s 0001d000 08:01 791383                     /home/madunlap/.m2/repository/org/jacoco/org.jacoco.core/0.7.5.201505241946/org.jacoco.core-0.7.5.201505241946.jar
7f68b406b000-7f68b4082000 r-xp 00000000 08:01 2233351                    /usr/lib/jvm/java-8-oracle/jre/lib/amd64/libnet.so
7f68b4082000-7f68b4281000 ---p 00017000 08:01 2233351                    /usr/lib/jvm/java-8-oracle/jre/lib/amd64/libnet.so
7f68b4281000-7f68b4282000 rw-p 00016000 08:01 2233351                    /usr/lib/jvm/java-8-oracle/jre/lib/amd64/libnet.so
7f68b4282000-7f68b4285000 r--s 0001a000 08:01 2233367                    /usr/lib/jvm/java-8-oracle/jre/lib/jce.jar
7f68b4285000-7f68b428a000 r--s 0009a000 08:01 2233194                    /usr/lib/jvm/java-8-oracle/jre/lib/jsse.jar
7f68b428a000-7f68b4290000 r--s 00041000 08:01 661360                     /home/madunlap/.m2/repository/org/jacoco/org.jacoco.agent/0.7.5.201505241946/org.jacoco.agent-0.7.5.201505241946-runtime.jar
7f68b4290000-7f68b4292000 r--s 0000e000 08:01 921023                     /home/madunlap/.m2/repository/oro/oro/2.0.8/oro-2.0.8.jar
7f68b4292000-7f68b429a000 r--s 00058000 08:01 921019                     /home/madunlap/.m2/repository/org/apache/velocity/velocity/1.5/velocity-1.5.jar
7f68b429a000-7f68b429b000 r--s 00001000 08:01 921022                     /home/madunlap/.m2/repository/org/codehaus/plexus/plexus-velocity/1.1.7/plexus-velocity-1.1.7.jar
7f68b429b000-7f68b429c000 r--s 00002000 08:01 921017                     /home/madunlap/.m2/repository/org/codehaus/plexus/plexus-i18n/1.0-beta-7/plexus-i18n-1.0-beta-7.jar
7f68b429c000-7f68b429e000 r--s 00008000 08:01 921015                     /home/madunlap/.m2/repository/org/apache/maven/doxia/doxia-module-fml/1.1.2/doxia-module-fml-1.1.2.jar
7f68b429e000-7f68b429f000 r--s 00003000 08:01 921016                     /home/madunlap/.m2/repository/org/apache/maven/doxia/doxia-module-xhtml/1.1.2/doxia-module-xhtml-1.1.2.jar
7f68b429f000-7f68b42a1000 r--s 0000b000 08:01 921011                     /home/madunlap/.m2/repository/org/apache/maven/doxia/doxia-decoration-model/1.1.2/doxia-decoration-model-1.1.2.jar
7f68b42a1000-7f68b42a3000 r--s 0000b000 08:01 921008                     /home/madunlap/.m2/repository/org/apache/maven/doxia/doxia-site-renderer/1.1.2/doxia-site-renderer-1.1.2.jar
7f68b42a3000-7f68b42a7000 r--s 00023000 08:01 921010                     /home/madunlap/.m2/repository/org/apache/maven/doxia/doxia-core/1.1.2/doxia-core-1.1.2.jar
7f68b42a7000-7f68b42a9000 r--s 00003000 08:01 921007                     /home/madunlap/.m2/repository/org/apache/maven/reporting/maven-reporting-impl/2.1/maven-reporting-impl-2.1.jar
7f68b42a9000-7f68b42aa000 r--s 00002000 08:01 921004                     /home/madunlap/.m2/repository/org/apache/maven/doxia/doxia-logging-api/1.1/doxia-logging-api-1.1.jar
7f68b42aa000-7f68b42ac000 r--s 00002000 08:01 921001                     /home/madunlap/.m2/repository/org/apache/maven/doxia/doxia-sink-api/1.1/doxia-sink-api-1.1.jar
7f68b42ac000-7f68b42ad000 r--s 00002000 08:01 920999                     /home/madunlap/.m2/repository/org/apache/maven/reporting/maven-reporting-api/2.2.1/maven-reporting-api-2.2.1.jar
7f68b42ad000-7f68b42af000 r--s 00008000 08:01 920995                     /home/madunlap/.m2/repository/org/apache/maven/shared/maven-shared-io/1.1/maven-shared-io-1.1.jar
7f68b42af000-7f68b42b1000 r--s 00008000 08:01 920998                     /home/madunlap/.m2/repository/org/apache/maven/shared/file-management/1.2.1/file-management-1.2.1.jar
7f68b42b1000-7f68b42b6000 r--s 00039000 08:01 920997                     /home/madunlap/.m2/repository/org/codehaus/plexus/plexus-utils/1.5.6/plexus-utils-1.5.6.jar
7f68b42b6000-7f68b42b8000 r--s 00008000 08:01 920991                     /home/madunlap/.m2/repository/classworlds/classworlds/1.1-alpha-2/classworlds-1.1-alpha-2.jar
7f68b42b8000-7f68b42bf000 r--s 00029000 08:01 920988                     /home/madunlap/.m2/repository/org/codehaus/plexus/plexus-container-default/1.0-alpha-9-stable-1/plexus-container-default-1.0-alpha-9-stable-1.jar
7f68b42bf000-7f68b42c2000 r--s 00011000 08:01 920989                     /home/madunlap/.m2/repository/org/apache/maven/maven-artifact/2.2.1/maven-artifact-2.2.1.jar
7f68b42c2000-7f68b42c4000 r--s 0000b000 08:01 920985                     /home/madunlap/.m2/repository/org/codehaus/plexus/plexus-interpolation/1.11/plexus-interpolation-1.11.jar
7f68b42c4000-7f68b42c6000 r--s 00006000 08:01 920982                     /home/madunlap/.m2/repository/org/apache/maven/maven-plugin-registry/2.2.1/maven-plugin-registry-2.2.1.jar
7f68b42c6000-7f68b42ce000 r--s 00049000 08:01 920984                     /home/madunlap/.m2/repository/backport-util-concurrent/backport-util-concurrent/3.1/backport-util-concurrent-3.1.jar
7f68b42ce000-7f68b42d0000 r--s 0000b000 08:01 920978                     /home/madunlap/.m2/repository/org/apache/maven/wagon/wagon-provider-api/1.0-beta-6/wagon-provider-api-1.0-beta-6.jar
7f68b42d0000-7f68b42d2000 r--s 00005000 08:01 920980                     /home/madunlap/.m2/repository/org/apache/maven/maven-repository-metadata/2.2.1/maven-repository-metadata-2.2.1.jar
7f68b42d2000-7f68b42d4000 r--s 0000f000 08:01 920975                     /home/madunlap/.m2/repository/org/apache/maven/maven-artifact-manager/2.2.1/maven-artifact-manager-2.2.1.jar
7f68b42d4000-7f68b42d6000 r--s 00014000 08:01 920971                     /home/madunlap/.m2/repository/org/apache/maven/maven-model/2.2.1/maven-model-2.2.1.jar
7f68b42d6000-7f68b42d8000 r--s 00007000 08:01 920969                     /home/madunlap/.m2/repository/org/apache/maven/maven-profile/2.2.1/maven-profile-2.2.1.jar
7f68b42d8000-7f68b42d9000 r--s 0000b000 08:01 920972                     /home/madunlap/.m2/repository/org/apache/maven/maven-settings/2.2.1/maven-settings-2.2.1.jar
7f68b42d9000-7f68b42dd000 r--s 00023000 08:01 920973                     /home/madunlap/.m2/repository/org/apache/maven/maven-project/2.2.1/maven-project-2.2.1.jar
7f68b42dd000-7f68b42df000 r--s 00002000 08:01 661356                     /home/madunlap/.m2/repository/org/apache/maven/maven-plugin-api/2.2.1/maven-plugin-api-2.2.1.jar
7f68b42df000-7f68b42e1000 r--s 0000b000 08:01 660606                     /home/madunlap/.m2/repository/org/jacoco/jacoco-maven-plugin/0.7.5.201505241946/jacoco-maven-plugin-0.7.5.201505241946.jar
7f68b42e1000-7f68b42e3000 r--s 00013000 08:01 791380                     /home/madunlap/.m2/repository/com/jayway/restassured/xml-path/2.4.0/xml-path-2.4.0.jar
7f68b42e3000-7f68b42e5000 r--s 00007000 08:01 791379                     /home/madunlap/.m2/repository/com/jayway/restassured/rest-assured-common/2.4.0/rest-assured-common-2.4.0.jar
7f68b42e5000-7f68b42e7000 r--s 0001e000 08:01 661355                     /home/madunlap/.m2/repository/org/codehaus/groovy/groovy-json/2.3.7/groovy-json-2.3.7.jar
7f68b42e7000-7f68b42e9000 r--s 0000d000 08:01 791376                     /home/madunlap/.m2/repository/com/jayway/restassured/json-path/2.4.0/json-path-2.4.0.jar
7f68b42e9000-7f68b42eb000 r--s 00015000 08:01 791373                     /home/madunlap/.m2/repository/org/ccil/cowan/tagsoup/tagsoup/1.2.1/tagsoup-1.2.1.jar
7f68b42eb000-7f68b42ec000 r--s 0000c000 08:01 791372                     /home/madunlap/.m2/repository/org/hamcrest/hamcrest-library/1.3/hamcrest-library-1.3.jar
7f68b42ec000-7f68b42ee000 r--s 00009000 08:01 791370                     /home/madunlap/.m2/repository/org/hamcrest/hamcrest-core/1.3/hamcrest-core-1.3.jar
7f68b42ee000-7f68b42f3000 r--s 00034000 08:01 661352                     /home/madunlap/.m2/repository/org/codehaus/groovy/groovy-xml/2.3.7/groovy-xml-2.3.7.jar
7f68b42f3000-7f68b433c000 r--s 003fb000 08:01 661354                     /home/madunlap/.m2/repository/org/codehaus/groovy/groovy/2.3.7/groovy-2.3.7.jar
7f68b433c000-7f68b4346000 r--s 0008c000 08:01 791368                     /home/madunlap/.m2/repository/com/jayway/restassured/rest-assured/2.4.0/rest-assured-2.4.0.jar
7f68b4346000-7f68b434c000 r--s 00044000 08:01 791367                     /home/madunlap/.m2/repository/org/jsoup/jsoup/1.8.1/jsoup-1.8.1.jar
7f68b434c000-7f68b434e000 r--s 00004000 08:01 791401                     /home/madunlap/.m2/repository/edu/ucsb/nceas/ezid/1.0.0/ezid-1.0.0.jar
7f68b434e000-7f68b4351000 r--s 0000b000 08:01 791362                     /home/madunlap/.m2/repository/org/ocpsoft/rewrite/rewrite-integration-faces/2.0.12.Final/rewrite-integration-faces-2.0.12.Final.jar
7f68b4351000-7f68b4353000 r--s 00001000 08:01 791360                     /home/madunlap/.m2/repository/org/ocpsoft/rewrite/rewrite-annotations-api/2.0.12.Final/rewrite-annotations-api-2.0.12.Final.jar
7f68b4353000-7f68b4354000 r--s 00005000 08:01 791359                     /home/madunlap/.m2/repository/org/ocpsoft/rewrite/rewrite-addressbuilder/2.0.12.Final/rewrite-addressbuilder-2.0.12.Final.jar
7f68b4354000-7f68b4356000 r--s 00008000 08:01 791357                     /home/madunlap/.m2/repository/org/ocpsoft/rewrite/rewrite-api-servlet/2.0.12.Final/rewrite-api-servlet-2.0.12.Final.jar
7f68b4356000-7f68b4358000 r--s 00001000 08:01 791354                     /home/madunlap/.m2/repository/org/ocpsoft/logging/logging-api/1.0.2.Final/logging-api-1.0.2.Final.jar
7f68b4358000-7f68b4359000 r--s 00003000 08:01 791353                     /home/madunlap/.m2/repository/org/ocpsoft/common/common-api/1.0.5.Final/common-api-1.0.5.Final.jar
7f68b4359000-7f68b435d000 r--s 00018000 08:01 791351                     /home/madunlap/.m2/repository/org/ocpsoft/rewrite/rewrite-api/2.0.12.Final/rewrite-api-2.0.12.Final.jar
7f68b435d000-7f68b435f000 r--s 00005000 08:01 791349                     /home/madunlap/.m2/repository/org/ocpsoft/rewrite/rewrite-annotations-impl/2.0.12.Final/rewrite-annotations-impl-2.0.12.Final.jar
7f68b435f000-7f68b436d000 r--s 00092000 08:01 791352                     /home/madunlap/.m2/repository/org/ocpsoft/rewrite/rewrite-config-prettyfaces/2.0.12.Final/rewrite-config-prettyfaces-2.0.12.Final.jar
7f68b436d000-7f68b437b000 r--s 0005f000 08:01 791345                     /home/madunlap/.m2/repository/org/ocpsoft/rewrite/rewrite-servlet/2.0.12.Final/rewrite-servlet-2.0.12.Final.jar
7f68b437b000-7f68b437f000 r--s 0003c000 08:01 791218                     /home/madunlap/.m2/repository/javax/media/jai_codec/1.1.3/jai_codec-1.1.3.jar
7f68b437f000-7f68b4393000 r--s 001bd000 08:01 791220                     /home/madunlap/.m2/repository/javax/media/jai_core/1.1.3/jai_core-1.1.3.jar
7f68b4393000-7f68b43a4000 r--s 00106000 08:01 791219                     /home/madunlap/.m2/repository/javax/media/jai_imageio/1.1.1/jai_imageio-1.1.1.jar
7f68b43a4000-7f68b43a6000 r--s 00009000 08:01 791399                     /home/madunlap/.m2/repository/edu/harvard/hul/ois/jhove/jhove-handler/1.11.0/jhove-handler-1.11.0.jar
7f68b43a6000-7f68b43af000 r--s 00079000 08:01 791398                     /home/madunlap/.m2/repository/edu/harvard/hul/ois/jhove/jhove-module/1.11.0/jhove-module-1.11.0.jar
7f68b43af000-7f68b43b2000 r--s 00011000 08:01 791396                     /home/madunlap/.m2/repository/edu/harvard/hul/ois/jhove/jhove/1.11.0/jhove-1.11.0.jar
7f68b43b2000-7f68b43c2000 r--s 0011f000 08:01 791342                     /home/madunlap/.m2/repository/org/apache/poi/poi-scratchpad/3.10-FINAL/poi-scratchpad-3.10-FINAL.jar
7f68b43c2000-7f68b43c8000 r--s 00047000 08:01 791341                     /home/madunlap/.m2/repository/org/apache/poi/poi-examples/3.10-FINAL/poi-examples-3.10-FINAL.jar
7f68b43c8000-7f68b43cd000 r--s 00048000 08:01 791338                     /home/madunlap/.m2/repository/dom4j/dom4j/1.6.1/dom4j-1.6.1.jar
7f68b43cd000-7f68b440a000 r--s 0024f000 08:01 791336                     /home/madunlap/.m2/repository/org/apache/xmlbeans/xmlbeans/2.3.0/xmlbeans-2.3.0.jar
7f68b440a000-7f68b44a2000 r--s 00420000 08:01 791334                     /home/madunlap/.m2/repository/org/apache/poi/poi-ooxml-schemas/3.10-FINAL/poi-ooxml-schemas-3.10-FINAL.jar
7f68b44a2000-7f68b44b0000 r--s 000ee000 08:01 791333                     /home/madunlap/.m2/repository/org/apache/poi/poi-ooxml/3.10-FINAL/poi-ooxml-3.10-FINAL.jar
7f68b44b0000-7f68b44d2000 r--s 001bb000 08:01 791332                     /home/madunlap/.m2/repository/org/apache/poi/poi/3.10-FINAL/poi-3.10-FINAL.jar
7f68b44d2000-7f68b44d4000 r--s 00006000 08:01 791331                     /home/madunlap/.m2/repository/org/nuiton/thirdparty/Rserve/0.6-1/Rserve-0.6-1.jar
7f68b44d4000-7f68b44d6000 r--s 00006000 08:01 791328                     /home/madunlap/.m2/repository/org/nuiton/thirdparty/REngine/0.6-1/REngine-0.6-1.jar
7f68b44d6000-7f68b44d7000 r--s 0000c000 08:01 791397                     /home/madunlap/.m2/repository/org/dataverse/unf/6.0/unf-6.0.jar
7f68b44d7000-7f68b44d8000 r--s 00018000 08:01 791394                     /home/madunlap/.m2/repository/edu/harvard/iq/dvn/unf5/5.0/unf5-5.0.jar
7f68b44d8000-7f68b44e1000 r--s 000a6000 08:01 791393                     /home/madunlap/.m2/repository/net/handle/handle/2006-06-16-generated/handle-2006-06-16-generated.jar
7f68b44e1000-7f68b44e4000 r--s 00035000 08:01 791395                     /home/madunlap/.m2/repository/nom/tam/fits/fits/2012-10-25-generated/fits-2012-10-25-generated.jar
7f68b44e4000-7f68b44eb000 r--s 00028000 08:01 791326                     /home/madunlap/.m2/repository/concurrent/concurrent/1.3.4/concurrent-1.3.4.jar
7f68b44eb000-7f68b44f9000 r--s 00081000 08:01 791324                     /home/madunlap/.m2/repository/colt/colt/1.2.0/colt-1.2.0.jar
7f68b44f9000-7f68b4506000 r--s 00083000 08:01 791320                     /home/madunlap/.m2/repository/commons-collections/commons-collections/3.2.2/commons-collections-3.2.2.jar
7f68b4506000-7f68b450a000 r--s 00020000 08:01 791319                     /home/madunlap/.m2/repository/commons-digester/commons-digester/1.8.1/commons-digester-1.8.1.jar
7f68b450a000-7f68b450f000 r--s 00035000 08:01 791317                     /home/madunlap/.m2/repository/commons-beanutils/commons-beanutils/1.9.2/commons-beanutils-1.9.2.jar
7f68b450f000-7f68b4513000 r--s 0002a000 08:01 791315                     /home/madunlap/.m2/repository/commons-validator/commons-validator/1.6/commons-validator-1.6.jar
7f68b4513000-7f68b4526000 r--s 000df000 08:01 791313                     /home/madunlap/.m2/repository/org/apache/commons/commons-math/2.2/commons-math-2.2.jar
7f68b4526000-7f68b4528000 r--s 0000e000 08:01 791309                     /home/madunlap/.m2/repository/commons-logging/commons-logging/1.1.3/commons-logging-1.1.3.jar
7f68b4528000-7f68b452a000 r--s 00005000 08:01 791311                     /home/madunlap/.m2/repository/org/apache/httpcomponents/httpmime/4.2.6/httpmime-4.2.6.jar
7f68b452a000-7f68b4536000 r--s 000b3000 08:01 791304                     /home/madunlap/.m2/repository/org/apache/zookeeper/zookeeper/3.4.5/zookeeper-3.4.5.jar
7f68b4536000-7f68b453e000 r--s 0005b000 08:01 791305                     /home/madunlap/.m2/repository/org/apache/solr/solr-solrj/4.6.0/solr-solrj-4.6.0.jar
7f68b453e000-7f68b4543000 r--s 00041000 08:01 791300                     /home/madunlap/.m2/repository/commons-lang/commons-lang/2.6/commons-lang-2.6.jar
7f68b4543000-7f68b4545000 r--s 0000d000 08:01 791302                     /home/madunlap/.m2/repository/com/fasterxml/classmate/1.0.0/classmate-1.0.0.jar
7f68b4545000-7f68b4547000 r--s 0000d000 08:01 791296                     /home/madunlap/.m2/repository/org/jboss/logging/jboss-logging/3.1.1.GA/jboss-logging-3.1.1.GA.jar
7f68b4547000-7f68b454b000 r--s 0000c000 08:01 791294                     /home/madunlap/.m2/repository/javax/validation/validation-api/1.1.0.Final/validation-api-1.1.0.Final.jar
7f68b454b000-7f68b4558000 r--s 00080000 08:01 791293                     /home/madunlap/.m2/repository/org/hibernate/hibernate-validator/5.0.3.Final/hibernate-validator-5.0.3.Final.jar
7f68b4558000-7f68b4562000 r--s 0006b000 08:01 791289                     /home/madunlap/.m2/repository/org/omnifaces/omnifaces/1.7/omnifaces-1.7.jar
7f68b4562000-7f68b4571000 r--s 000c4000 08:01 791290                     /home/madunlap/.m2/repository/org/atmosphere/atmosphere-runtime/2.4.2/atmosphere-runtime-2.4.2.jar
7f68b4571000-7f68b4585000 r--s 0013a000 08:01 791121                     /home/madunlap/.m2/repository/org/primefaces/themes/all-themes/1.0.10/all-themes-1.0.10.jar
7f68b4585000-7f68b45b1000 r--s 00318000 08:01 791288                     /home/madunlap/.m2/repository/org/primefaces/primefaces/5.3/primefaces-5.3.jar
7f68b45b1000-7f68b45d3000 r--s 00120000 08:01 791284                     /home/madunlap/.m2/repository/javax/javaee-web-api/7.0/javaee-web-api-7.0.jar
7f68b45d3000-7f68b45d5000 r--s 0000e000 08:01 791282                     /home/madunlap/.m2/repository/javax/activation/activation/1.1/activation-1.1.jar
7f68b45d5000-7f68b45dd000 r--s 00078000 08:01 791280                     /home/madunlap/.m2/repository/com/sun/mail/javax.mail/1.5.0/javax.mail-1.5.0.jar
7f68b45dd000-7f68b4611000 r--s 001a4000 08:01 791278                     /home/madunlap/.m2/repository/javax/javaee-api/7.0/javaee-api-7.0.jar
7f68b4611000-7f68b463c000 r--s 001f5000 08:01 791277                     /home/madunlap/.m2/repository/com/google/guava/guava/16.0.1/guava-16.0.1.jar
7f68b463c000-7f68b465a000 r--s 0027d000 08:01 791273                     /home/madunlap/.m2/repository/xalan/xalan/2.7.0/xalan-2.7.0.jar
7f68b465a000-7f68b466e000 r--s 000e3000 08:01 791272                     /home/madunlap/.m2/repository/xerces/xercesImpl/2.6.2/xercesImpl-2.6.2.jar
7f68b466e000-7f68b4674000 r--s 00019000 08:01 791270                     /home/madunlap/.m2/repository/xerces/xmlParserAPIs/2.6.2/xmlParserAPIs-2.6.2.jar
7f68b4674000-7f68b467b000 r--s 00063000 08:01 791268                     /home/madunlap/.m2/repository/xom/xom/1.1/xom-1.1.jar
7f68b467b000-7f68b4680000 r--s 0002a000 08:01 791265                     /home/madunlap/.m2/repository/com/google/code/gson/gson/2.2.4/gson-2.2.4.jar
7f68b4680000-7f68b4684000 r--s 00027000 08:01 791263                     /home/madunlap/.m2/repository/commons-io/commons-io/2.2/commons-io-2.2.jar
7f68b4684000-7f68b468a000 r--s 00032000 08:01 791261                     /home/madunlap/.m2/repository/jaxen/jaxen/1.1.1/jaxen-1.1.1.jar
7f68b468a000-7f68b4691000 r--s 00079000 08:01 661348                     /home/madunlap/.m2/repository/org/codehaus/woodstox/wstx-asl/3.2.6/wstx-asl-3.2.6.jar
7f68b4691000-7f68b4696000 r--s 00070000 08:01 661349                     /home/madunlap/.m2/repository/org/codehaus/woodstox/woodstox-core-asl/4.1.4/woodstox-core-asl-4.1.4.jar
7f68b4696000-7f68b469a000 r--s 00026000 08:01 791256                     /home/madunlap/.m2/repository/org/apache/ws/commons/axiom/axiom-impl/1.2.14/axiom-impl-1.2.14.jar
7f68b469a000-7f68b469d000 r--s 00015000 08:01 791254                     /home/madunlap/.m2/repository/org/apache/james/apache-mime4j-core/0.7.2/apache-mime4j-core-0.7.2.jar
7f68b469d000-7f68b46a7000 r--s 0005d000 08:01 791250                     /home/madunlap/.m2/repository/org/apache/ws/commons/axiom/axiom-api/1.2.14/axiom-api-1.2.14.jar
7f68b46a7000-7f68b472e000 rw-p 00000000 00:00 0 
7f68b472e000-7f68b4b3a000 r--s 03c80000 08:01 791225                     /home/madunlap/.m2/repository/com/amazonaws/aws-java-sdk-bundle/1.11.172/aws-java-sdk-bundle-1.11.172.jar
7f68b4b3a000-7f68b4b3d000 ---p 00000000 00:00 0 
7f68b4b3d000-7f68b4c3b000 rw-p 00000000 00:00 0 
7f68b4c3b000-7f68b4f16000 r--p 00000000 08:01 1441812                    /usr/lib/locale/locale-archive
7f68b4f16000-7f68b4f19000 ---p 00000000 00:00 0 
7f68b4f19000-7f68b5017000 rw-p 00000000 00:00 0 
7f68b5017000-7f68b501a000 ---p 00000000 00:00 0 
7f68b501a000-7f68b5118000 rw-p 00000000 00:00 0 
7f68b5118000-7f68b5119000 ---p 00000000 00:00 0 
7f68b5119000-7f68b8000000 rw-p 00000000 00:00 0 
7f68b8000000-7f68b8021000 rw-p 00000000 00:00 0 
7f68b8021000-7f68bc000000 ---p 00000000 00:00 0 
7f68bc000000-7f68bc002000 r--s 0000f000 08:01 791260                     /home/madunlap/.m2/repository/commons-fileupload/commons-fileupload/1.3.1/commons-fileupload-1.3.1.jar
7f68bc002000-7f68bc007000 r--s 00032000 08:01 791252                     /home/madunlap/.m2/repository/org/apache/geronimo/specs/geronimo-javamail_1.4_spec/1.7.1/geronimo-javamail_1.4_spec-1.7.1.jar
7f68bc007000-7f68bc00a000 r--s 0014e000 08:01 791249                     /home/madunlap/.m2/repository/org/apache/abdera/abdera-parser/1.1.3/abdera-parser-1.1.3.jar
7f68bc00a000-7f68bc00c000 r--s 00006000 08:01 791245                     /home/madunlap/.m2/repository/org/apache/geronimo/specs/geronimo-stax-api_1.0_spec/1.0.1/geronimo-stax-api_1.0_spec-1.0.1.jar
7f68bc00c000-7f68bc00e000 r--s 0000a000 08:01 791243                     /home/madunlap/.m2/repository/org/apache/geronimo/specs/geronimo-activation_1.1_spec/1.1/geronimo-activation_1.1_spec-1.1.jar
7f68bc00e000-7f68bc012000 r--s 00094000 08:01 791246                     /home/madunlap/.m2/repository/org/apache/abdera/abdera-i18n/1.1.3/abdera-i18n-1.1.3.jar
7f68bc012000-7f68bc016000 r--s 00024000 08:01 791241                     /home/madunlap/.m2/repository/org/apache/abdera/abdera-core/1.1.3/abdera-core-1.1.3.jar
7f68bc016000-7f68bc02f000 r--s 002fd000 08:01 791240                     /home/madunlap/.m2/repository/com/ibm/icu/icu4j/3.4.4/icu4j-3.4.4.jar
7f68bc02f000-7f68bc032000 r--s 00023000 08:01 791237                     /home/madunlap/.m2/repository/com/hp/hpl/jena/iri/0.8/iri-0.8.jar
7f68bc032000-7f68bc055000 r--s 001ae000 08:01 791235                     /home/madunlap/.m2/repository/com/hp/hpl/jena/jena/2.6.4/jena-2.6.4.jar
7f68bc055000-7f68bc057000 r--s 0000d000 08:01 791233                     /home/madunlap/.m2/repository/org/apache/abdera/abdera-client/1.1.1/abdera-client-1.1.1.jar
7f68bc057000-7f68bc059000 r--s 00016000 08:01 791230                     /home/madunlap/.m2/repository/javax/servlet/servlet-api/2.4/servlet-api-2.4.jar
7f68bc059000-7f68bc05c000 r--s 0000f000 08:01 791226                     /home/madunlap/.m2/repository/org/swordapp/sword2-server/1.0/sword2-server-1.0-classes.jar
7f68bc05c000-7f68bc061000 r--s 00040000 08:01 791224                     /home/madunlap/.m2/repository/commons-httpclient/commons-httpclient/3.0.1/commons-httpclient-3.0.1.jar
7f68bc061000-7f68bc064000 r--s 00012000 08:01 791228                     /home/madunlap/.m2/repository/org/glassfish/javax.json/1.0.4/javax.json-1.0.4.jar
7f68bc064000-7f68bc06a000 r--s 00034000 08:01 791227                     /home/madunlap/.m2/repository/junit/junit/4.8.1/junit-4.8.1.jar
7f68bc06a000-7f68bc26c000 rw-p 00000000 00:00 0 
7f68bc26c000-7f68bc445000 r--s 03d5a000 08:01 2233137                    /usr/lib/jvm/java-8-oracle/jre/lib/rt.jar
7f68bc445000-7f68bc633000 rw-p 00000000 00:00 0 
7f68bc633000-7f68bc634000 ---p 00000000 00:00 0 
7f68bc634000-7f68bc734000 rw-p 00000000 00:00 0 
7f68bc734000-7f68bc735000 ---p 00000000 00:00 0 
7f68bc735000-7f68bc84a000 rw-p 00000000 00:00 0 
7f68bc84a000-7f68bc97e000 ---p 00000000 00:00 0 
7f68bc97e000-7f68bc9b4000 rw-p 00000000 00:00 0 
7f68bc9b4000-7f68bca23000 ---p 00000000 00:00 0 
7f68bca23000-7f68bca3e000 rw-p 00000000 00:00 0 
7f68bca3e000-7f68bcde4000 ---p 00000000 00:00 0 
7f68bcde4000-7f68bd454000 rwxp 00000000 00:00 0 
7f68bd454000-7f68cbde4000 ---p 00000000 00:00 0 
7f68cbde4000-7f68cbdff000 r-xp 00000000 08:01 2233347                    /usr/lib/jvm/java-8-oracle/jre/lib/amd64/libzip.so
7f68cbdff000-7f68cbfff000 ---p 0001b000 08:01 2233347                    /usr/lib/jvm/java-8-oracle/jre/lib/amd64/libzip.so
7f68cbfff000-7f68cc000000 rw-p 0001b000 08:01 2233347                    /usr/lib/jvm/java-8-oracle/jre/lib/amd64/libzip.so
7f68cc000000-7f68ccf83000 rw-p 00000000 00:00 0 
7f68ccf83000-7f68d0000000 ---p 00000000 00:00 0 
7f68d0000000-7f68d0040000 r--s 00285000 08:01 925253                     /home/madunlap/.m2/repository/org/bouncycastle/bcprov-jdk15on/1.52/bcprov-jdk15on-1.52.jar
7f68d0040000-7f68d0044000 r--s 00021000 08:01 925254                     /home/madunlap/.m2/repository/org/cryptacular/cryptacular/1.1.0/cryptacular-1.1.0.jar
7f68d0044000-7f68d0047000 r--s 00011000 08:01 925252                     /home/madunlap/.m2/repository/org/passay/passay/1.1.0/passay-1.1.0.jar
7f68d0047000-7f68d00ab000 rw-p 00000000 00:00 0 
7f68d00ab000-7f68d01e0000 ---p 00000000 00:00 0 
7f68d01e0000-7f68d01eb000 r-xp 00000000 08:01 663303                     /lib/x86_64-linux-gnu/libnss_files-2.24.so
7f68d01eb000-7f68d03ea000 ---p 0000b000 08:01 663303                     /lib/x86_64-linux-gnu/libnss_files-2.24.so
7f68d03ea000-7f68d03eb000 r--p 0000a000 08:01 663303                     /lib/x86_64-linux-gnu/libnss_files-2.24.so
7f68d03eb000-7f68d03ec000 rw-p 0000b000 08:01 663303                     /lib/x86_64-linux-gnu/libnss_files-2.24.so
7f68d03ec000-7f68d03f2000 rw-p 00000000 00:00 0 
7f68d03f2000-7f68d03fd000 r-xp 00000000 08:01 663305                     /lib/x86_64-linux-gnu/libnss_nis-2.24.so
7f68d03fd000-7f68d05fc000 ---p 0000b000 08:01 663305                     /lib/x86_64-linux-gnu/libnss_nis-2.24.so
7f68d05fc000-7f68d05fd000 r--p 0000a000 08:01 663305                     /lib/x86_64-linux-gnu/libnss_nis-2.24.so
7f68d05fd000-7f68d05fe000 rw-p 0000b000 08:01 663305                     /lib/x86_64-linux-gnu/libnss_nis-2.24.so
7f68d05fe000-7f68d0614000 r-xp 00000000 08:01 663300                     /lib/x86_64-linux-gnu/libnsl-2.24.so
7f68d0614000-7f68d0813000 ---p 00016000 08:01 663300                     /lib/x86_64-linux-gnu/libnsl-2.24.so
7f68d0813000-7f68d0814000 r--p 00015000 08:01 663300                     /lib/x86_64-linux-gnu/libnsl-2.24.so
7f68d0814000-7f68d0815000 rw-p 00016000 08:01 663300                     /lib/x86_64-linux-gnu/libnsl-2.24.so
7f68d0815000-7f68d0817000 rw-p 00000000 00:00 0 
7f68d0817000-7f68d081f000 r-xp 00000000 08:01 663301                     /lib/x86_64-linux-gnu/libnss_compat-2.24.so
7f68d081f000-7f68d0a1e000 ---p 00008000 08:01 663301                     /lib/x86_64-linux-gnu/libnss_compat-2.24.so
7f68d0a1e000-7f68d0a1f000 r--p 00007000 08:01 663301                     /lib/x86_64-linux-gnu/libnss_compat-2.24.so
7f68d0a1f000-7f68d0a20000 rw-p 00008000 08:01 663301                     /lib/x86_64-linux-gnu/libnss_compat-2.24.so
7f68d0a20000-7f68d0a2a000 r-xp 00000000 08:01 2233356                    /usr/lib/jvm/java-8-oracle/jre/lib/amd64/libinstrument.so
7f68d0a2a000-7f68d0c29000 ---p 0000a000 08:01 2233356                    /usr/lib/jvm/java-8-oracle/jre/lib/amd64/libinstrument.so
7f68d0c29000-7f68d0c2a000 rw-p 00009000 08:01 2233356                    /usr/lib/jvm/java-8-oracle/jre/lib/amd64/libinstrument.so
7f68d0c2a000-7f68d0c55000 r-xp 00000000 08:01 2233341                    /usr/lib/jvm/java-8-oracle/jre/lib/amd64/libjava.so
7f68d0c55000-7f68d0e54000 ---p 0002b000 08:01 2233341                    /usr/lib/jvm/java-8-oracle/jre/lib/amd64/libjava.so
7f68d0e54000-7f68d0e56000 rw-p 0002a000 08:01 2233341                    /usr/lib/jvm/java-8-oracle/jre/lib/amd64/libjava.so
7f68d0e56000-7f68d0e63000 r-xp 00000000 08:01 2233346                    /usr/lib/jvm/java-8-oracle/jre/lib/amd64/libverify.so
7f68d0e63000-7f68d1063000 ---p 0000d000 08:01 2233346                    /usr/lib/jvm/java-8-oracle/jre/lib/amd64/libverify.so
7f68d1063000-7f68d1065000 rw-p 0000d000 08:01 2233346                    /usr/lib/jvm/java-8-oracle/jre/lib/amd64/libverify.so
7f68d1065000-7f68d106c000 r-xp 00000000 08:01 663310                     /lib/x86_64-linux-gnu/librt-2.24.so
7f68d106c000-7f68d126b000 ---p 00007000 08:01 663310                     /lib/x86_64-linux-gnu/librt-2.24.so
7f68d126b000-7f68d126c000 r--p 00006000 08:01 663310                     /lib/x86_64-linux-gnu/librt-2.24.so
7f68d126c000-7f68d126d000 rw-p 00007000 08:01 663310                     /lib/x86_64-linux-gnu/librt-2.24.so
7f68d126d000-7f68d1375000 r-xp 00000000 08:01 663297                     /lib/x86_64-linux-gnu/libm-2.24.so
7f68d1375000-7f68d1574000 ---p 00108000 08:01 663297                     /lib/x86_64-linux-gnu/libm-2.24.so
7f68d1574000-7f68d1575000 r--p 00107000 08:01 663297                     /lib/x86_64-linux-gnu/libm-2.24.so
7f68d1575000-7f68d1576000 rw-p 00108000 08:01 663297                     /lib/x86_64-linux-gnu/libm-2.24.so
7f68d1576000-7f68d2249000 r-xp 00000000 08:01 2233324                    /usr/lib/jvm/java-8-oracle/jre/lib/amd64/server/libjvm.so
7f68d2249000-7f68d2448000 ---p 00cd3000 08:01 2233324                    /usr/lib/jvm/java-8-oracle/jre/lib/amd64/server/libjvm.so
7f68d2448000-7f68d2522000 rw-p 00cd2000 08:01 2233324                    /usr/lib/jvm/java-8-oracle/jre/lib/amd64/server/libjvm.so
7f68d2522000-7f68d256d000 rw-p 00000000 00:00 0 
7f68d256d000-7f68d272b000 r-xp 00000000 08:01 663293                     /lib/x86_64-linux-gnu/libc-2.24.so
7f68d272b000-7f68d292a000 ---p 001be000 08:01 663293                     /lib/x86_64-linux-gnu/libc-2.24.so
7f68d292a000-7f68d292e000 r--p 001bd000 08:01 663293                     /lib/x86_64-linux-gnu/libc-2.24.so
7f68d292e000-7f68d2930000 rw-p 001c1000 08:01 663293                     /lib/x86_64-linux-gnu/libc-2.24.so
7f68d2930000-7f68d2934000 rw-p 00000000 00:00 0 
7f68d2934000-7f68d2937000 r-xp 00000000 08:01 663296                     /lib/x86_64-linux-gnu/libdl-2.24.so
7f68d2937000-7f68d2b36000 ---p 00003000 08:01 663296                     /lib/x86_64-linux-gnu/libdl-2.24.so
7f68d2b36000-7f68d2b37000 r--p 00002000 08:01 663296                     /lib/x86_64-linux-gnu/libdl-2.24.so
7f68d2b37000-7f68d2b38000 rw-p 00003000 08:01 663296                     /lib/x86_64-linux-gnu/libdl-2.24.so
7f68d2b38000-7f68d2b4e000 r-xp 00000000 08:01 2233319                    /usr/lib/jvm/java-8-oracle/jre/lib/amd64/jli/libjli.so
7f68d2b4e000-7f68d2d4d000 ---p 00016000 08:01 2233319                    /usr/lib/jvm/java-8-oracle/jre/lib/amd64/jli/libjli.so
7f68d2d4d000-7f68d2d4e000 rw-p 00015000 08:01 2233319                    /usr/lib/jvm/java-8-oracle/jre/lib/amd64/jli/libjli.so
7f68d2d4e000-7f68d2d66000 r-xp 00000000 08:01 663308                     /lib/x86_64-linux-gnu/libpthread-2.24.so
7f68d2d66000-7f68d2f66000 ---p 00018000 08:01 663308                     /lib/x86_64-linux-gnu/libpthread-2.24.so
7f68d2f66000-7f68d2f67000 r--p 00018000 08:01 663308                     /lib/x86_64-linux-gnu/libpthread-2.24.so
7f68d2f67000-7f68d2f68000 rw-p 00019000 08:01 663308                     /lib/x86_64-linux-gnu/libpthread-2.24.so
7f68d2f68000-7f68d2f6c000 rw-p 00000000 00:00 0 
7f68d2f6c000-7f68d2f92000 r-xp 00000000 08:01 663288                     /lib/x86_64-linux-gnu/ld-2.24.so
7f68d2f92000-7f68d2f93000 r--s 00005000 08:01 791308                     /home/madunlap/.m2/repository/org/noggit/noggit/0.5/noggit-0.5.jar
7f68d2f93000-7f68d3064000 rw-p 00000000 00:00 0 
7f68d3064000-7f68d3067000 ---p 00000000 00:00 0 
7f68d3067000-7f68d3167000 rw-p 00000000 00:00 0 
7f68d3167000-7f68d3168000 r--s 00004000 08:01 791275                     /home/madunlap/.m2/repository/org/mindrot/jbcrypt/0.3m/jbcrypt-0.3m.jar
7f68d3168000-7f68d316d000 r--s 00023000 08:01 791711                     /home/madunlap/.m2/repository/org/apache/maven/surefire/surefire-api/2.10/surefire-api-2.10.jar
7f68d316d000-7f68d316f000 r--s 00007000 08:01 791708                     /home/madunlap/.m2/repository/org/apache/maven/surefire/surefire-booter/2.10/surefire-booter-2.10.jar
7f68d316f000-7f68d3170000 r--s 00005000 08:01 924990                     /home/madunlap/Documents/github/dataverse/target/surefire/surefirebooter2328303475317275237.jar
7f68d3170000-7f68d3184000 rw-p 00000000 00:00 0 
7f68d3184000-7f68d318c000 rw-s 00000000 08:01 1972826                    /tmp/hsperfdata_madunlap/5925
7f68d318c000-7f68d318d000 rw-p 00000000 00:00 0 
7f68d318d000-7f68d318e000 ---p 00000000 00:00 0 
7f68d318e000-7f68d3191000 rw-p 00000000 00:00 0 
7f68d3191000-7f68d3192000 r--p 00025000 08:01 663288                     /lib/x86_64-linux-gnu/ld-2.24.so
7f68d3192000-7f68d3193000 rw-p 00026000 08:01 663288                     /lib/x86_64-linux-gnu/ld-2.24.so
7f68d3193000-7f68d3194000 rw-p 00000000 00:00 0 
7fff79097000-7fff790b8000 rw-p 00000000 00:00 0                          [stack]
7fff79144000-7fff79146000 r--p 00000000 00:00 0                          [vvar]
7fff79146000-7fff79148000 r-xp 00000000 00:00 0                          [vdso]
ffffffffff600000-ffffffffff601000 r-xp 00000000 00:00 0                  [vsyscall]

VM Arguments:
jvm_args: -javaagent:/home/madunlap/.m2/repository/org/jacoco/org.jacoco.agent/0.7.5.201505241946/org.jacoco.agent-0.7.5.201505241946-runtime.jar=destfile=/home/madunlap/Documents/github/dataverse/target/jacoco.exec 
java_command: /home/madunlap/Documents/github/dataverse/target/surefire/surefirebooter2328303475317275237.jar /home/madunlap/Documents/github/dataverse/target/surefire/surefire7548343330447511057tmp /home/madunlap/Documents/github/dataverse/target/surefire/surefire7751176745074647029tmp
java_class_path (initial): /home/madunlap/Documents/github/dataverse/target/surefire/surefirebooter2328303475317275237.jar:/home/madunlap/.m2/repository/org/jacoco/org.jacoco.agent/0.7.5.201505241946/org.jacoco.agent-0.7.5.201505241946-runtime.jar
Launcher Type: SUN_STANDARD

Environment Variables:
JAVA_HOME=/usr/lib/jvm/java-8-oracle
PATH=/home/madunlap/bin:/usr/local/sbin:/usr/local/bin:/usr/sbin:/usr/bin:/sbin:/bin:/usr/games:/usr/local/games:/snap/bin:/usr/lib/jvm/java-8-oracle/bin:/usr/lib/jvm/java-8-oracle/db/bin:/usr/lib/jvm/java-8-oracle/jre/bin
LD_LIBRARY_PATH=/usr/lib/jvm/java-8-oracle/jre/lib/amd64:/usr/lib/jvm/java-8-oracle/jre/lib/i386:
SHELL=/bin/bash
DISPLAY=:0

Signal Handlers:
SIGSEGV: [libjvm.so+0xacbe10], sa_mask[0]=11111111011111111101111111111110, sa_flags=SA_RESTART|SA_SIGINFO
SIGBUS: [libjvm.so+0xacbe10], sa_mask[0]=11111111011111111101111111111110, sa_flags=SA_RESTART|SA_SIGINFO
SIGFPE: [libjvm.so+0x924f90], sa_mask[0]=11111111011111111101111111111110, sa_flags=SA_RESTART|SA_SIGINFO
SIGPIPE: [libjvm.so+0x924f90], sa_mask[0]=11111111011111111101111111111110, sa_flags=SA_RESTART|SA_SIGINFO
SIGXFSZ: [libjvm.so+0x924f90], sa_mask[0]=11111111011111111101111111111110, sa_flags=SA_RESTART|SA_SIGINFO
SIGILL: [libjvm.so+0x924f90], sa_mask[0]=11111111011111111101111111111110, sa_flags=SA_RESTART|SA_SIGINFO
SIGUSR1: SIG_DFL, sa_mask[0]=00000000000000000000000000000000, sa_flags=none
SIGUSR2: [libjvm.so+0x9267d0], sa_mask[0]=00100000000000000000000000000000, sa_flags=SA_RESTART|SA_SIGINFO
SIGHUP: [libjvm.so+0x927bd0], sa_mask[0]=11111111011111111101111111111110, sa_flags=SA_RESTART|SA_SIGINFO
SIGINT: SIG_IGN, sa_mask[0]=00000000000000000000000000000000, sa_flags=none
SIGTERM: [libjvm.so+0x927bd0], sa_mask[0]=11111111011111111101111111111110, sa_flags=SA_RESTART|SA_SIGINFO
SIGQUIT: [libjvm.so+0x927bd0], sa_mask[0]=11111111011111111101111111111110, sa_flags=SA_RESTART|SA_SIGINFO


---------------  S Y S T E M  ---------------

OS:DISTRIB_ID=Ubuntu
DISTRIB_RELEASE=17.04
DISTRIB_CODENAME=zesty
DISTRIB_DESCRIPTION="Ubuntu 17.04"

uname:Linux 4.10.0-38-generic #42-Ubuntu SMP Tue Oct 10 13:24:27 UTC 2017 x86_64
libc:glibc 2.24 NPTL 2.24 
rlimit: STACK 8192k, CORE 0k, NPROC 15602, NOFILE 1048576, AS infinity
load average:1.56 1.26 1.27

/proc/meminfo:
MemTotal:        4039872 kB
MemFree:          110408 kB
MemAvailable:      22860 kB
Buffers:            1500 kB
Cached:            44304 kB
SwapCached:         7696 kB
Active:          3076604 kB
Inactive:         627732 kB
Active(anon):    3064712 kB
Inactive(anon):   614524 kB
Active(file):      11892 kB
Inactive(file):    13208 kB
Unevictable:          32 kB
Mlocked:              32 kB
SwapTotal:       2097148 kB
SwapFree:              0 kB
Dirty:               120 kB
Writeback:             0 kB
AnonPages:       3650124 kB
Mapped:            33312 kB
Shmem:             20448 kB
Slab:              92612 kB
SReclaimable:      43208 kB
SUnreclaim:        49404 kB
KernelStack:       15344 kB
PageTables:        79240 kB
NFS_Unstable:          0 kB
Bounce:                0 kB
WritebackTmp:          0 kB
CommitLimit:     4117084 kB
Committed_AS:   10384264 kB
VmallocTotal:   34359738367 kB
VmallocUsed:           0 kB
VmallocChunk:          0 kB
HardwareCorrupted:     0 kB
AnonHugePages:    841728 kB
ShmemHugePages:        0 kB
ShmemPmdMapped:        0 kB
CmaTotal:              0 kB
CmaFree:               0 kB
HugePages_Total:       0
HugePages_Free:        0
HugePages_Rsvd:        0
HugePages_Surp:        0
Hugepagesize:       2048 kB
DirectMap4k:      163760 kB
DirectMap2M:     4030464 kB


CPU:total 2 (initial active 2) (2 cores per cpu, 1 threads per core) family 6 model 70 stepping 1, cmov, cx8, fxsr, mmx, sse, sse2, sse3, ssse3, sse4.1, sse4.2, popcnt, avx, avx2, aes, clmul, erms, lzcnt, tsc, tscinvbit, bmi1, bmi2

/proc/cpuinfo:
processor	: 0
vendor_id	: GenuineIntel
cpu family	: 6
model		: 70
model name	: Intel(R) Core(TM) i7-4870HQ CPU @ 2.50GHz
stepping	: 1
microcode	: 0x13
cpu MHz		: 2494.226
cache size	: 6144 KB
physical id	: 0
siblings	: 2
core id		: 0
cpu cores	: 2
apicid		: 0
initial apicid	: 0
fpu		: yes
fpu_exception	: yes
cpuid level	: 13
wp		: yes
flags		: fpu vme de pse tsc msr pae mce cx8 apic sep mtrr pge mca cmov pat pse36 clflush mmx fxsr sse sse2 ss ht syscall nx rdtscp lm constant_tsc nopl xtopology nonstop_tsc pni pclmulqdq ssse3 fma cx16 pcid sse4_1 sse4_2 x2apic movbe popcnt tsc_deadline_timer aes xsave avx f16c rdrand hypervisor lahf_lm abm fsgsbase tsc_adjust bmi1 avx2 smep bmi2 invpcid xsaveopt dtherm arat pln pts
bugs		:
bogomips	: 4988.45
clflush size	: 64
cache_alignment	: 64
address sizes	: 36 bits physical, 48 bits virtual
power management:

processor	: 1
vendor_id	: GenuineIntel
cpu family	: 6
model		: 70
model name	: Intel(R) Core(TM) i7-4870HQ CPU @ 2.50GHz
stepping	: 1
microcode	: 0x13
cpu MHz		: 2494.226
cache size	: 6144 KB
physical id	: 0
siblings	: 2
core id		: 1
cpu cores	: 2
apicid		: 1
initial apicid	: 1
fpu		: yes
fpu_exception	: yes
cpuid level	: 13
wp		: yes
flags		: fpu vme de pse tsc msr pae mce cx8 apic sep mtrr pge mca cmov pat pse36 clflush mmx fxsr sse sse2 ss ht syscall nx rdtscp lm constant_tsc nopl xtopology nonstop_tsc pni pclmulqdq ssse3 fma cx16 pcid sse4_1 sse4_2 x2apic movbe popcnt tsc_deadline_timer aes xsave avx f16c rdrand hypervisor lahf_lm abm fsgsbase tsc_adjust bmi1 avx2 smep bmi2 invpcid xsaveopt dtherm arat pln pts
bugs		:
bogomips	: 4988.45
clflush size	: 64
cache_alignment	: 64
address sizes	: 36 bits physical, 48 bits virtual
power management:



Memory: 4k page, physical 4039872k(110408k free), swap 2097148k(0k free)

vm_info: Java HotSpot(TM) 64-Bit Server VM (25.151-b12) for linux-amd64 JRE (1.8.0_151-b12), built on Sep  5 2017 19:20:58 by "java_re" with gcc 4.3.0 20080428 (Red Hat 4.3.0-8)

time: Tue Nov  7 11:33:50 2017
elapsed time: 3 seconds (0d 0h 0m 3s)

