#
# There is insufficient memory for the Java Runtime Environment to continue.
# Native memory allocation (mmap) failed to map 99614720 bytes for committing reserved memory.
# Possible reasons:
#   The system is out of physical RAM or swap space
#   In 32 bit mode, the process size limit was hit
# Possible solutions:
#   Reduce memory load on the system
#   Increase physical memory or swap space
#   Check if swap backing store is full
#   Use 64 bit Java on a 64 bit OS
#   Decrease Java heap size (-Xmx/-Xms)
#   Decrease number of Java threads
#   Decrease Java thread stack sizes (-Xss)
#   Set larger code cache with -XX:ReservedCodeCacheSize=
# This output file may be truncated or incomplete.
#
#  Out of Memory Error (os_linux.cpp:2640), pid=14568, tid=0x00007f7644cfc700
#
# JRE version: Java(TM) SE Runtime Environment (8.0_151-b12) (build 1.8.0_151-b12)
# Java VM: Java HotSpot(TM) 64-Bit Server VM (25.151-b12 mixed mode linux-amd64 compressed oops)
# Failed to write core dump. Core dumps have been disabled. To enable core dumping, try "ulimit -c unlimited" before starting Java again
#

---------------  T H R E A D  ---------------

Current thread (0x00007f76540fc000):  VMThread [stack: 0x00007f7644bfc000,0x00007f7644cfd000] [id=14573]

Stack: [0x00007f7644bfc000,0x00007f7644cfd000],  sp=0x00007f7644cfb200,  free space=1020k
Native frames: (J=compiled Java code, j=interpreted, Vv=VM code, C=native code)
V  [libjvm.so+0xacb58a]  VMError::report_and_die()+0x2ba
V  [libjvm.so+0x4ff4ab]  report_vm_out_of_memory(char const*, int, unsigned long, VMErrorType, char const*)+0x8b
V  [libjvm.so+0x928113]  os::Linux::commit_memory_impl(char*, unsigned long, bool)+0x103
V  [libjvm.so+0x928669]  os::pd_commit_memory(char*, unsigned long, unsigned long, bool)+0x29
V  [libjvm.so+0x92288a]  os::commit_memory(char*, unsigned long, unsigned long, bool)+0x2a
V  [libjvm.so+0x9973e3]  PSVirtualSpace::expand_by(unsigned long)+0x53
V  [libjvm.so+0x9987e8]  PSYoungGen::resize_generation(unsigned long, unsigned long)+0xf8
V  [libjvm.so+0x997942]  PSYoungGen::resize(unsigned long, unsigned long)+0x22
V  [libjvm.so+0x994c1b]  PSScavenge::invoke_no_policy()+0xf3b
V  [libjvm.so+0x98fec5]  PSParallelCompact::invoke(bool)+0x85
V  [libjvm.so+0x485ee4]  CollectedHeap::collect_as_vm_thread(GCCause::Cause)+0x114
V  [libjvm.so+0xacca01]  VM_CollectForMetadataAllocation::doit()+0x161
V  [libjvm.so+0xad4a85]  VM_Operation::evaluate()+0x55
V  [libjvm.so+0xad2e5a]  VMThread::evaluate_operation(VM_Operation*)+0xba
V  [libjvm.so+0xad31de]  VMThread::loop()+0x1ce
V  [libjvm.so+0xad3650]  VMThread::run()+0x70
V  [libjvm.so+0x92a728]  java_start(Thread*)+0x108

VM_Operation (0x00007f765cd858c0): CollectForMetadataAllocation, mode: safepoint, requested by thread 0x00007f765400b000


---------------  P R O C E S S  ---------------

Java Threads: ( => current thread )
  0x00007f76548f9000 JavaThread "Service Thread" daemon [_thread_blocked, id=14582, stack(0x00007f763d77e000,0x00007f763d87f000)]
  0x00007f765482b800 JavaThread "C1 CompilerThread1" daemon [_thread_blocked, id=14581, stack(0x00007f763d87f000,0x00007f763d980000)]
  0x00007f7654831800 JavaThread "C2 CompilerThread0" daemon [_thread_blocked, id=14580, stack(0x00007f763d980000,0x00007f763da81000)]
  0x00007f765413b800 JavaThread "Signal Dispatcher" daemon [_thread_blocked, id=14576, stack(0x00007f764461e000,0x00007f764471f000)]
  0x00007f7654108000 JavaThread "Finalizer" daemon [_thread_blocked, id=14575, stack(0x00007f76449fa000,0x00007f7644afb000)]
  0x00007f7654103800 JavaThread "Reference Handler" daemon [_thread_blocked, id=14574, stack(0x00007f7644afb000,0x00007f7644bfc000)]
  0x00007f765400b000 JavaThread "main" [_thread_blocked, id=14570, stack(0x00007f765cc8b000,0x00007f765cd8c000)]

Other Threads:
=>0x00007f76540fc000 VMThread [stack: 0x00007f7644bfc000,0x00007f7644cfd000] [id=14573]
  0x00007f7654877000 WatcherThread [stack: 0x00007f763d67d000,0x00007f763d77e000] [id=14583]

VM state:at safepoint (normal execution)

VM Mutex/Monitor currently owned by a thread:  ([mutex/lock_event])
[0x00007f76540072e0] Threads_lock - owner thread: 0x00007f76540fc000
[0x00007f76540077e0] Heap_lock - owner thread: 0x00007f765400b000

Heap:
 PSYoungGen      total 163840K, used 3154K [0x00000000eb700000, 0x00000000f5b00000, 0x0000000100000000)
  eden space 159744K, 0% used [0x00000000eb700000,0x00000000eb700000,0x00000000f5300000)
  from space 4096K, 77% used [0x00000000f5300000,0x00000000f5614b50,0x00000000f5700000)
  to   space 4096K, 0% used [0x00000000f5700000,0x00000000f5700000,0x00000000f5b00000)
 ParOldGen       total 42496K, used 5326K [0x00000000c2400000, 0x00000000c4d80000, 0x00000000eb700000)
  object space 42496K, 12% used [0x00000000c2400000,0x00000000c2933898,0x00000000c4d80000)
 Metaspace       used 20798K, capacity 21040K, committed 21248K, reserved 1069056K
  class space    used 2195K, capacity 2266K, committed 2304K, reserved 1048576K

Card table byte_map: [0x00007f765963c000,0x00007f765982b000] byte_map_base: 0x00007f765902a000

Marking Bits: (ParMarkBitMap*) 0x00007f765c166f80
 Begin Bits: [0x00007f763e120000, 0x00007f763f090000)
 End Bits:   [0x00007f763f090000, 0x00007f7640000000)

Polling page: 0x00007f765cdb4000

CodeCache: size=245760Kb used=7724Kb max_used=7734Kb free=238035Kb
 bounds [0x00007f7645000000, 0x00007f7645790000, 0x00007f7654000000]
 total_blobs=2981 nmethods=2574 adapters=320
 compilation: enabled

Compilation events (10 events):
Event: 4.445 Thread 0x00007f7654831800 1665       4       java.util.jar.JarFile::getEntry (22 bytes)
Event: 4.447 Thread 0x00007f7654831800 nmethod 1665 0x00007f764578c450 code [0x00007f764578c5c0, 0x00007f764578c7e8]
Event: 4.447 Thread 0x00007f7654831800 1796       4       java.util.Arrays::copyOf (19 bytes)
Event: 4.448 Thread 0x00007f7654831800 nmethod 1796 0x00007f764578f190 code [0x00007f764578f2e0, 0x00007f764578f4d8]
Event: 4.448 Thread 0x00007f7654831800  519       4       java.lang.String::toCharArray (25 bytes)
Event: 4.449 Thread 0x00007f7654831800 nmethod 519 0x00007f764578f5d0 code [0x00007f764578f720, 0x00007f764578f858]
Event: 4.449 Thread 0x00007f7654831800 1011       4       org.jacoco.agent.rt.internal_b0d6a23.core.internal.flow.MethodProbesAdapter::jumpPopCount (90 bytes)
Event: 4.449 Thread 0x00007f7654831800 nmethod 1011 0x00007f764578d710 code [0x00007f764578d860, 0x00007f764578d8f8]
Event: 4.449 Thread 0x00007f7654831800 2526       4       org.jacoco.agent.rt.internal_b0d6a23.asm.tree.LabelNode::<init> (6 bytes)
Event: 4.450 Thread 0x00007f7654831800 nmethod 2526 0x00007f764578f910 code [0x00007f764578fa60, 0x00007f764578fad8]

GC Heap History (10 events):
Event: 2.367 GC heap after
Heap after GC invocations=8 (full 0):
 PSYoungGen      total 66048K, used 2850K [0x00000000eb700000, 0x00000000efb00000, 0x0000000100000000)
  eden space 62464K, 0% used [0x00000000eb700000,0x00000000eb700000,0x00000000ef400000)
  from space 3584K, 79% used [0x00000000ef780000,0x00000000efa489b8,0x00000000efb00000)
  to   space 3584K, 0% used [0x00000000ef400000,0x00000000ef400000,0x00000000ef780000)
 ParOldGen       total 42496K, used 2131K [0x00000000c2400000, 0x00000000c4d80000, 0x00000000eb700000)
  object space 42496K, 5% used [0x00000000c2400000,0x00000000c2614f50,0x00000000c4d80000)
 Metaspace       used 13853K, capacity 14140K, committed 14336K, reserved 1062912K
  class space    used 1388K, capacity 1484K, committed 1536K, reserved 1048576K
}
Event: 2.941 GC heap before
{Heap before GC invocations=9 (full 0):
 PSYoungGen      total 66048K, used 65314K [0x00000000eb700000, 0x00000000efb00000, 0x0000000100000000)
  eden space 62464K, 100% used [0x00000000eb700000,0x00000000ef400000,0x00000000ef400000)
  from space 3584K, 79% used [0x00000000ef780000,0x00000000efa489b8,0x00000000efb00000)
  to   space 3584K, 0% used [0x00000000ef400000,0x00000000ef400000,0x00000000ef780000)
 ParOldGen       total 42496K, used 2131K [0x00000000c2400000, 0x00000000c4d80000, 0x00000000eb700000)
  object space 42496K, 5% used [0x00000000c2400000,0x00000000c2614f50,0x00000000c4d80000)
 Metaspace       used 15866K, capacity 16116K, committed 16384K, reserved 1064960K
  class space    used 1619K, capacity 1712K, committed 1792K, reserved 1048576K
Event: 2.961 GC heap after
Heap after GC invocations=9 (full 0):
 PSYoungGen      total 66048K, used 3356K [0x00000000eb700000, 0x00000000f2000000, 0x0000000100000000)
  eden space 62464K, 0% used [0x00000000eb700000,0x00000000eb700000,0x00000000ef400000)
  from space 3584K, 93% used [0x00000000ef400000,0x00000000ef7470c0,0x00000000ef780000)
  to   space 3584K, 0% used [0x00000000f1c80000,0x00000000f1c80000,0x00000000f2000000)
 ParOldGen       total 42496K, used 2883K [0x00000000c2400000, 0x00000000c4d80000, 0x00000000eb700000)
  object space 42496K, 6% used [0x00000000c2400000,0x00000000c26d0f90,0x00000000c4d80000)
 Metaspace       used 15866K, capacity 16116K, committed 16384K, reserved 1064960K
  class space    used 1619K, capacity 1712K, committed 1792K, reserved 1048576K
}
Event: 2.994 GC heap before
{Heap before GC invocations=10 (full 0):
 PSYoungGen      total 66048K, used 65769K [0x00000000eb700000, 0x00000000f2000000, 0x0000000100000000)
  eden space 62464K, 99% used [0x00000000eb700000,0x00000000ef3f3498,0x00000000ef400000)
  from space 3584K, 93% used [0x00000000ef400000,0x00000000ef7470c0,0x00000000ef780000)
  to   space 3584K, 0% used [0x00000000f1c80000,0x00000000f1c80000,0x00000000f2000000)
 ParOldGen       total 42496K, used 2883K [0x00000000c2400000, 0x00000000c4d80000, 0x00000000eb700000)
  object space 42496K, 6% used [0x00000000c2400000,0x00000000c26d0f90,0x00000000c4d80000)
 Metaspace       used 15868K, capacity 16116K, committed 16384K, reserved 1064960K
  class space    used 1619K, capacity 1712K, committed 1792K, reserved 1048576K
Event: 2.996 GC heap after
Heap after GC invocations=10 (full 0):
 PSYoungGen      total 103424K, used 855K [0x00000000eb700000, 0x00000000f2100000, 0x0000000100000000)
  eden space 99840K, 0% used [0x00000000eb700000,0x00000000eb700000,0x00000000f1880000)
  from space 3584K, 23% used [0x00000000f1c80000,0x00000000f1d55c68,0x00000000f2000000)
  to   space 4096K, 0% used [0x00000000f1880000,0x00000000f1880000,0x00000000f1c80000)
 ParOldGen       total 42496K, used 4250K [0x00000000c2400000, 0x00000000c4d80000, 0x00000000eb700000)
  object space 42496K, 10% used [0x00000000c2400000,0x00000000c2826900,0x00000000c4d80000)
 Metaspace       used 15868K, capacity 16116K, committed 16384K, reserved 1064960K
  class space    used 1619K, capacity 1712K, committed 1792K, reserved 1048576K
}
Event: 3.023 GC heap before
{Heap before GC invocations=11 (full 0):
 PSYoungGen      total 103424K, used 100580K [0x00000000eb700000, 0x00000000f2100000, 0x0000000100000000)
  eden space 99840K, 99% used [0x00000000eb700000,0x00000000f1863778,0x00000000f1880000)
  from space 3584K, 23% used [0x00000000f1c80000,0x00000000f1d55c68,0x00000000f2000000)
  to   space 4096K, 0% used [0x00000000f1880000,0x00000000f1880000,0x00000000f1c80000)
 ParOldGen       total 42496K, used 4250K [0x00000000c2400000, 0x00000000c4d80000, 0x00000000eb700000)
  object space 42496K, 10% used [0x00000000c2400000,0x00000000c2826900,0x00000000c4d80000)
 Metaspace       used 15868K, capacity 16116K, committed 16384K, reserved 1064960K
  class space    used 1619K, capacity 1712K, committed 1792K, reserved 1048576K
Event: 3.024 GC heap after
Heap after GC invocations=11 (full 0):
 PSYoungGen      total 103936K, used 153K [0x00000000eb700000, 0x00000000f5b00000, 0x0000000100000000)
  eden space 99840K, 0% used [0x00000000eb700000,0x00000000eb700000,0x00000000f1880000)
  from space 4096K, 3% used [0x00000000f1880000,0x00000000f18a64e8,0x00000000f1c80000)
  to   space 4096K, 0% used [0x00000000f5700000,0x00000000f5700000,0x00000000f5b00000)
 ParOldGen       total 42496K, used 5005K [0x00000000c2400000, 0x00000000c4d80000, 0x00000000eb700000)
  object space 42496K, 11% used [0x00000000c2400000,0x00000000c28e34b0,0x00000000c4d80000)
 Metaspace       used 15868K, capacity 16116K, committed 16384K, reserved 1064960K
  class space    used 1619K, capacity 1712K, committed 1792K, reserved 1048576K
}
Event: 3.266 GC heap before
{Heap before GC invocations=12 (full 0):
 PSYoungGen      total 103936K, used 99993K [0x00000000eb700000, 0x00000000f5b00000, 0x0000000100000000)
  eden space 99840K, 100% used [0x00000000eb700000,0x00000000f1880000,0x00000000f1880000)
  from space 4096K, 3% used [0x00000000f1880000,0x00000000f18a64e8,0x00000000f1c80000)
  to   space 4096K, 0% used [0x00000000f5700000,0x00000000f5700000,0x00000000f5b00000)
 ParOldGen       total 42496K, used 5005K [0x00000000c2400000, 0x00000000c4d80000, 0x00000000eb700000)
  object space 42496K, 11% used [0x00000000c2400000,0x00000000c28e34b0,0x00000000c4d80000)
 Metaspace       used 16330K, capacity 16596K, committed 16896K, reserved 1064960K
  class space    used 1658K, capacity 1744K, committed 1792K, reserved 1048576K
Event: 3.268 GC heap after
Heap after GC invocations=12 (full 0):
 PSYoungGen      total 163840K, used 549K [0x00000000eb700000, 0x00000000f5b00000, 0x0000000100000000)
  eden space 159744K, 0% used [0x00000000eb700000,0x00000000eb700000,0x00000000f5300000)
  from space 4096K, 13% used [0x00000000f5700000,0x00000000f5789450,0x00000000f5b00000)
  to   space 4096K, 0% used [0x00000000f5300000,0x00000000f5300000,0x00000000f5700000)
 ParOldGen       total 42496K, used 5005K [0x00000000c2400000, 0x00000000c4d80000, 0x00000000eb700000)
  object space 42496K, 11% used [0x00000000c2400000,0x00000000c28e34b0,0x00000000c4d80000)
 Metaspace       used 16330K, capacity 16596K, committed 16896K, reserved 1064960K
  class space    used 1658K, capacity 1744K, committed 1792K, reserved 1048576K
}
Event: 4.467 GC heap before
{Heap before GC invocations=13 (full 0):
 PSYoungGen      total 163840K, used 73699K [0x00000000eb700000, 0x00000000f5b00000, 0x0000000100000000)
  eden space 159744K, 45% used [0x00000000eb700000,0x00000000efe6f8e0,0x00000000f5300000)
  from space 4096K, 13% used [0x00000000f5700000,0x00000000f5789450,0x00000000f5b00000)
  to   space 4096K, 0% used [0x00000000f5300000,0x00000000f5300000,0x00000000f5700000)
 ParOldGen       total 42496K, used 5005K [0x00000000c2400000, 0x00000000c4d80000, 0x00000000eb700000)
  object space 42496K, 11% used [0x00000000c2400000,0x00000000c28e34b0,0x00000000c4d80000)
 Metaspace       used 20798K, capacity 21040K, committed 21248K, reserved 1069056K
  class space    used 2195K, capacity 2266K, committed 2304K, reserved 1048576K

Deoptimization events (10 events):
Event: 0.926 Thread 0x00007f765400b000 Uncommon trap: reason=unstable_if action=reinterpret pc=0x00007f76451a4e04 method=org.jacoco.agent.rt.internal_b0d6a23.asm.ClassReader.readUTF(II[C)Ljava/lang/String; @ 77
Event: 0.943 Thread 0x00007f765400b000 Uncommon trap: reason=unstable_if action=reinterpret pc=0x00007f7645227970 method=org.jacoco.agent.rt.internal_b0d6a23.asm.ByteVector.putUTF8(Ljava/lang/String;)Lorg/jacoco/agent/rt/internal_b0d6a23/asm/ByteVector; @ 34
Event: 1.063 Thread 0x00007f765400b000 Uncommon trap: reason=unstable_if action=reinterpret pc=0x00007f7645238718 method=org.jacoco.agent.rt.internal_b0d6a23.asm.Item.isEqualTo(Lorg/jacoco/agent/rt/internal_b0d6a23/asm/Item;)Z @ 345
Event: 1.092 Thread 0x00007f765400b000 Uncommon trap: reason=unstable_if action=reinterpret pc=0x00007f7645239510 method=org.jacoco.agent.rt.internal_b0d6a23.asm.MethodVisitor.visitLineNumber(ILorg/jacoco/agent/rt/internal_b0d6a23/asm/Label;)V @ 4
Event: 1.283 Thread 0x00007f765400b000 Uncommon trap: reason=unstable_if action=reinterpret pc=0x00007f7645379644 method=java.util.ArrayList.remove(I)Ljava/lang/Object; @ 31
Event: 1.477 Thread 0x00007f765400b000 Uncommon trap: reason=unstable_if action=reinterpret pc=0x00007f7645371b48 method=sun.misc.MetaIndex.mayContain(Ljava/lang/String;)Z @ 13
Event: 1.529 Thread 0x00007f765400b000 Uncommon trap: reason=null_check action=make_not_entrant pc=0x00007f7645108d44 method=java.lang.String.equals(Ljava/lang/Object;)Z @ 8
Event: 3.961 Thread 0x00007f765400b000 Uncommon trap: reason=range_check action=make_not_entrant pc=0x00007f76456c0a40 method=sun.reflect.generics.parser.SignatureParser.current()C @ 34
Event: 4.197 Thread 0x00007f765400b000 Uncommon trap: reason=unstable_if action=reinterpret pc=0x00007f76455557b0 method=org.jacoco.agent.rt.internal_b0d6a23.asm.commons.AnalyzerAdapter.visitLabel(Lorg/jacoco/agent/rt/internal_b0d6a23/asm/Label;)V @ 19
Event: 4.303 Thread 0x00007f765400b000 Uncommon trap: reason=unstable_if action=reinterpret pc=0x00007f7645577a70 method=org.jacoco.agent.rt.internal_b0d6a23.core.internal.flow.LabelFlowAnalyzer.markMethodInvocationLine()V @ 4

Internal exceptions (10 events):
Event: 4.169 Thread 0x00007f765400b000 Exception <a 'sun/nio/fs/UnixException'> (0x00000000edb8bd10) thrown at [/HUDSON/workspace/8-2-build-linux-amd64/jdk8u151/9699/hotspot/src/share/vm/prims/jni.cpp, line 709]
Event: 4.169 Thread 0x00007f765400b000 Exception <a 'sun/nio/fs/UnixException'> (0x00000000edb8cd00) thrown at [/HUDSON/workspace/8-2-build-linux-amd64/jdk8u151/9699/hotspot/src/share/vm/prims/jni.cpp, line 709]
Event: 4.169 Thread 0x00007f765400b000 Exception <a 'sun/nio/fs/UnixException'> (0x00000000edb8dca0) thrown at [/HUDSON/workspace/8-2-build-linux-amd64/jdk8u151/9699/hotspot/src/share/vm/prims/jni.cpp, line 709]
Event: 4.170 Thread 0x00007f765400b000 Exception <a 'sun/nio/fs/UnixException'> (0x00000000edb92610) thrown at [/HUDSON/workspace/8-2-build-linux-amd64/jdk8u151/9699/hotspot/src/share/vm/prims/jni.cpp, line 709]
Event: 4.179 Thread 0x00007f765400b000 Exception <a 'sun/nio/fs/UnixException'> (0x00000000edbbeac8) thrown at [/HUDSON/workspace/8-2-build-linux-amd64/jdk8u151/9699/hotspot/src/share/vm/prims/jni.cpp, line 709]
Event: 4.180 Thread 0x00007f765400b000 Exception <a 'sun/nio/fs/UnixException'> (0x00000000edbc4c00) thrown at [/HUDSON/workspace/8-2-build-linux-amd64/jdk8u151/9699/hotspot/src/share/vm/prims/jni.cpp, line 709]
Event: 4.180 Thread 0x00007f765400b000 Exception <a 'sun/nio/fs/UnixException'> (0x00000000edbc61c8) thrown at [/HUDSON/workspace/8-2-build-linux-amd64/jdk8u151/9699/hotspot/src/share/vm/prims/jni.cpp, line 709]
Event: 4.303 Thread 0x00007f765400b000 Implicit null exception at 0x00007f7645577998 to 0x00007f7645577a5d
Event: 4.419 Thread 0x00007f765400b000 Exception <a 'java/security/PrivilegedActionException'> (0x00000000efc878e0) thrown at [/HUDSON/workspace/8-2-build-linux-amd64/jdk8u151/9699/hotspot/src/share/vm/prims/jvm.cpp, line 1390]
Event: 4.419 Thread 0x00007f765400b000 Exception <a 'java/security/PrivilegedActionException'> (0x00000000efc87cd8) thrown at [/HUDSON/workspace/8-2-build-linux-amd64/jdk8u151/9699/hotspot/src/share/vm/prims/jvm.cpp, line 1390]

Events (10 events):
Event: 4.464 loading class com/sun/org/apache/xerces/internal/impl/dv/xs/BooleanDV done
Event: 4.464 loading class com/sun/org/apache/xerces/internal/impl/dv/xs/DecimalDV
Event: 4.464 loading class com/sun/org/apache/xerces/internal/impl/dv/xs/DecimalDV done
Event: 4.464 loading class com/sun/org/apache/xerces/internal/impl/dv/xs/FloatDV
Event: 4.465 loading class com/sun/org/apache/xerces/internal/impl/dv/xs/FloatDV done
Event: 4.465 loading class com/sun/org/apache/xerces/internal/impl/dv/xs/DoubleDV
Event: 4.465 loading class com/sun/org/apache/xerces/internal/impl/dv/xs/DoubleDV done
Event: 4.465 loading class com/sun/org/apache/xerces/internal/impl/dv/xs/DurationDV
Event: 4.465 loading class com/sun/org/apache/xerces/internal/impl/dv/xs/AbstractDateTimeDV
Event: 4.467 Executing VM operation: CollectForMetadataAllocation


Dynamic libraries:
00400000-00401000 r-xp 00000000 08:01 2233027                            /usr/lib/jvm/java-8-oracle/jre/bin/java
00600000-00601000 rw-p 00000000 08:01 2233027                            /usr/lib/jvm/java-8-oracle/jre/bin/java
01583000-015a4000 rw-p 00000000 00:00 0                                  [heap]
c2400000-c4d80000 rw-p 00000000 00:00 0 
c4d80000-eb700000 ---p 00000000 00:00 0 
eb700000-f5b00000 rw-p 00000000 00:00 0 
fba00000-100000000 ---p 00000000 00:00 0 
100000000-100240000 rw-p 00000000 00:00 0 
100240000-140000000 ---p 00000000 00:00 0 
7f7610000000-7f7610021000 rw-p 00000000 00:00 0 
7f7610021000-7f7614000000 ---p 00000000 00:00 0 
7f7618000000-7f7618dcb000 rw-p 00000000 00:00 0 
7f7618dcb000-7f761c000000 ---p 00000000 00:00 0 
7f761c000000-7f761c021000 rw-p 00000000 00:00 0 
7f761c021000-7f7620000000 ---p 00000000 00:00 0 
7f7620000000-7f7621823000 rw-p 00000000 00:00 0 
7f7621823000-7f7624000000 ---p 00000000 00:00 0 
7f7624000000-7f7624021000 rw-p 00000000 00:00 0 
7f7624021000-7f7628000000 ---p 00000000 00:00 0 
7f7628fff000-7f762c000000 rw-p 00000000 00:00 0 
7f762c000000-7f762c021000 rw-p 00000000 00:00 0 
7f762c021000-7f7630000000 ---p 00000000 00:00 0 
7f7630000000-7f7630021000 rw-p 00000000 00:00 0 
7f7630021000-7f7634000000 ---p 00000000 00:00 0 
7f7634000000-7f763428e000 rw-p 00000000 00:00 0 
7f763428e000-7f7638000000 ---p 00000000 00:00 0 
7f7638000000-7f7638021000 rw-p 00000000 00:00 0 
7f7638021000-7f763c000000 ---p 00000000 00:00 0 
7f763c7cf000-7f763c84f000 rw-p 00000000 00:00 0 
7f763c84f000-7f763c9cf000 ---p 00000000 00:00 0 
7f763c9cf000-7f763cbcf000 rw-p 00000000 00:00 0 
7f763cbcf000-7f763cdcf000 rw-p 00000000 00:00 0 
7f763cdcf000-7f763cfcf000 rw-p 00000000 00:00 0 
7f763d005000-7f763d021000 r--s 00393000 08:01 2233198                    /usr/lib/jvm/java-8-oracle/jre/lib/ext/cldrdata.jar
7f763d021000-7f763d02b000 r--s 00116000 08:01 2233205                    /usr/lib/jvm/java-8-oracle/jre/lib/ext/localedata.jar
7f763d02b000-7f763d22b000 rw-p 00000000 00:00 0 
7f763d22b000-7f763d23e000 r--s 00345000 08:01 2233175                    /usr/lib/jvm/java-8-oracle/jre/lib/resources.jar
7f763d23e000-7f763d43e000 rw-p 00000000 00:00 0 
7f763d43e000-7f763d440000 r--s 00007000 08:01 791719                     /home/madunlap/.m2/repository/org/apache/maven/surefire/surefire-junit4/2.10/surefire-junit4-2.10.jar
7f763d440000-7f763d442000 r--s 0000b000 08:01 921145                     /home/madunlap/.m2/repository/org/json/json/20160212/json-20160212.jar
7f763d442000-7f763d444000 r--s 00009000 08:01 921147                     /home/madunlap/.m2/repository/com/mashape/unirest/unirest-java/1.4.9/unirest-java-1.4.9.jar
7f763d444000-7f763d446000 r--s 0000e000 08:01 921141                     /home/madunlap/.m2/repository/org/jvnet/mimepull/mimepull/1.9.6/mimepull-1.9.6.jar
7f763d446000-7f763d449000 r--s 0000e000 08:01 921143                     /home/madunlap/.m2/repository/org/glassfish/jersey/media/jersey-media-multipart/2.23.2/jersey-media-multipart-2.23.2.jar
7f763d449000-7f763d44d000 r--s 00019000 08:01 921137                     /home/madunlap/.m2/repository/javax/ws/rs/javax.ws.rs-api/2.0.1/javax.ws.rs-api-2.0.1.jar
7f763d44d000-7f763d44f000 r--s 00010000 08:01 921134                     /home/madunlap/.m2/repository/org/glassfish/jersey/media/jersey-media-jaxb/2.23.2/jersey-media-jaxb-2.23.2.jar
7f763d44f000-7f763d454000 r--s 00025000 08:01 921138                     /home/madunlap/.m2/repository/org/glassfish/jersey/core/jersey-client/2.23.2/jersey-client-2.23.2.jar
7f763d454000-7f763d46a000 r--s 000d3000 08:01 921133                     /home/madunlap/.m2/repository/org/glassfish/jersey/core/jersey-server/2.23.2/jersey-server-2.23.2.jar
7f763d46a000-7f763d46b000 r--s 00004000 08:01 921129                     /home/madunlap/.m2/repository/org/glassfish/hk2/osgi-resource-locator/1.0.1/osgi-resource-locator-1.0.1.jar
7f763d46b000-7f763d475000 r--s 000ae000 08:01 921127                     /home/madunlap/.m2/repository/org/javassist/javassist/3.20.0-GA/javassist-3.20.0-GA.jar
7f763d475000-7f763d478000 r--s 0002a000 08:01 921123                     /home/madunlap/.m2/repository/org/glassfish/hk2/hk2-locator/2.5.0-b05/hk2-locator-2.5.0-b05.jar
7f763d478000-7f763d47a000 r--s 00002000 08:01 921128                     /home/madunlap/.m2/repository/org/glassfish/hk2/external/aopalliance-repackaged/2.5.0-b05/aopalliance-repackaged-2.5.0-b05.jar
7f763d47a000-7f763d47e000 r--s 0001a000 08:01 921125                     /home/madunlap/.m2/repository/org/glassfish/hk2/hk2-utils/2.5.0-b05/hk2-utils-2.5.0-b05.jar
7f763d47e000-7f763d483000 r--s 00027000 08:01 921118                     /home/madunlap/.m2/repository/org/glassfish/hk2/hk2-api/2.5.0-b05/hk2-api-2.5.0-b05.jar
7f763d483000-7f763d49b000 r--s 000d6000 08:01 921120                     /home/madunlap/.m2/repository/org/glassfish/jersey/bundles/repackaged/jersey-guava/2.23.2/jersey-guava-2.23.2.jar
7f763d49b000-7f763d49d000 r--s 00005000 08:01 921116                     /home/madunlap/.m2/repository/javax/annotation/javax.annotation-api/1.2/javax.annotation-api-1.2.jar
7f763d49d000-7f763d4ac000 r--s 000a0000 08:01 921111                     /home/madunlap/.m2/repository/org/glassfish/jersey/core/jersey-common/2.23.2/jersey-common-2.23.2.jar
7f763d4ac000-7f763d4ad000 r--s 00001000 08:01 921113                     /home/madunlap/.m2/repository/org/glassfish/hk2/external/javax.inject/2.5.0-b05/javax.inject-2.5.0-b05.jar
7f763d4ad000-7f763d4b0000 r--s 0000e000 08:01 921110                     /home/madunlap/.m2/repository/org/glassfish/jersey/containers/jersey-container-servlet-core/2.23.2/jersey-container-servlet-core-2.23.2.jar
7f763d4b0000-7f763d4b2000 r--s 00003000 08:01 921107                     /home/madunlap/.m2/repository/org/glassfish/jersey/containers/jersey-container-servlet/2.23.2/jersey-container-servlet-2.23.2.jar
7f763d4b2000-7f763d4b4000 r--s 00008000 08:01 921112                     /home/madunlap/.m2/repository/com/google/auto/auto-common/0.3/auto-common-0.3.jar
7f763d4b4000-7f763d4b5000 r--s 00002000 08:01 921105                     /home/madunlap/.m2/repository/com/google/auto/service/auto-service/1.0-rc2/auto-service-1.0-rc2.jar
7f763d4b5000-7f763d4b7000 r--s 0000c000 08:01 921153                     /home/madunlap/.m2/repository/com/lyncode/xoai-service-provider/4.1.0-header-patch/xoai-service-provider-4.1.0-header-patch.jar
7f763d4b7000-7f763d4b8000 r--s 00001000 08:01 921104                     /home/madunlap/.m2/repository/com/lyncode/builder-commons/1.0.2/builder-commons-1.0.2.jar
7f763d4b8000-7f763d4bb000 r--s 00012000 08:01 921152                     /home/madunlap/.m2/repository/com/lyncode/xoai-data-provider/4.1.0-header-patch/xoai-data-provider-4.1.0-header-patch.jar
7f763d4bb000-7f763d4bd000 r--s 00005000 08:01 791390                     /home/madunlap/.m2/repository/stax/stax-api/1.0.1/stax-api-1.0.1.jar
7f763d4bd000-7f763d4c3000 r--s 00048000 08:01 921101                     /home/madunlap/.m2/repository/org/apache/commons/commons-lang3/3.1/commons-lang3-3.1.jar
7f763d4c3000-7f763d4c5000 r--s 00004000 08:01 921097                     /home/madunlap/.m2/repository/javax/xml/stream/stax-api/1.0-2/stax-api-1.0-2.jar
7f763d4c5000-7f763d4c9000 r--s 00029000 08:01 921098                     /home/madunlap/.m2/repository/org/codehaus/woodstox/stax2-api/3.0.4/stax2-api-3.0.4.jar
7f763d4c9000-7f763d4cf000 r--s 00045000 08:01 921095                     /home/madunlap/.m2/repository/org/hamcrest/hamcrest-all/1.3/hamcrest-all-1.3.jar
7f763d4cf000-7f763d4d4000 r--s 00016000 08:01 791388                     /home/madunlap/.m2/repository/xml-apis/xml-apis/1.0.b2/xml-apis-1.0.b2.jar
7f763d4d4000-7f763d4d5000 r--s 00003000 08:01 921092                     /home/madunlap/.m2/repository/com/lyncode/test-support/1.0.4/test-support-1.0.4.jar
7f763d4d5000-7f763d4d7000 r--s 00004000 08:01 921090                     /home/madunlap/.m2/repository/com/lyncode/xml-io/1.0.3/xml-io-1.0.3.jar
7f763d4d7000-7f763d4d9000 r--s 0000d000 08:01 921151                     /home/madunlap/.m2/repository/com/lyncode/xoai-common/4.1.0-header-patch/xoai-common-4.1.0-header-patch.jar
7f763d4d9000-7f763d4dc000 r--s 00011000 08:01 921088                     /home/madunlap/.m2/repository/com/github/scribejava/scribejava-core/3.1.0/scribejava-core-3.1.0.jar
7f763d4dc000-7f763d4df000 r--s 00010000 08:01 921084                     /home/madunlap/.m2/repository/com/github/scribejava/scribejava-apis/3.1.0/scribejava-apis-3.1.0.jar
7f763d4df000-7f763d4e8000 r--s 0006f000 08:01 921083                     /home/madunlap/.m2/repository/log4j/log4j/1.2.17/log4j-1.2.17.jar
7f763d4e8000-7f763d5bf000 r--s 007aa000 08:01 921093                     /home/madunlap/.m2/repository/net/sf/ehcache/ehcache/2.10.1/ehcache-2.10.1.jar
7f763d5bf000-7f763d5c1000 r--s 00008000 08:01 921082                     /home/madunlap/.m2/repository/org/apache/commons/commons-csv/1.2/commons-csv-1.2.jar
7f763d5c1000-7f763d5c5000 r--s 00035000 08:01 921081                     /home/madunlap/.m2/repository/com/fasterxml/jackson/core/jackson-core/2.5.3/jackson-core-2.5.3.jar
7f763d5c5000-7f763d5c7000 r--s 00008000 08:01 921075                     /home/madunlap/.m2/repository/com/fasterxml/jackson/core/jackson-annotations/2.5.0/jackson-annotations-2.5.0.jar
7f763d5c7000-7f763d5d9000 r--s 00106000 08:01 921073                     /home/madunlap/.m2/repository/com/fasterxml/jackson/core/jackson-databind/2.5.3/jackson-databind-2.5.3.jar
7f763d5d9000-7f763d5dc000 r--s 00006000 08:01 921070                     /home/madunlap/.m2/repository/com/google/code/findbugs/jsr305/1.3.9/jsr305-1.3.9.jar
7f763d5dc000-7f763d5e2000 r--s 00040000 08:01 921074                     /home/madunlap/.m2/repository/com/google/http-client/google-http-client/1.20.0/google-http-client-1.20.0.jar
7f763d5e2000-7f763d5e3000 r--s 00004000 08:01 921066                     /home/madunlap/.m2/repository/com/maxmind/db/maxmind-db/1.0.0/maxmind-db-1.0.0.jar
7f763d5e3000-7f763d5e5000 r--s 00007000 08:01 921064                     /home/madunlap/.m2/repository/com/maxmind/geoip2/geoip2/2.3.1/geoip2-2.3.1.jar
7f763d5e5000-7f763d5e7000 r--s 00003000 08:01 921062                     /home/madunlap/.m2/repository/org/slf4j/jcl-over-slf4j/1.7.2/jcl-over-slf4j-1.7.2.jar
7f763d5e7000-7f763d5eb000 r--s 00034000 08:01 921067                     /home/madunlap/.m2/repository/org/codehaus/jackson/jackson-core-asl/1.9.7/jackson-core-asl-1.9.7.jar
7f763d5eb000-7f763d5fa000 r--s 000b0000 08:01 921065                     /home/madunlap/.m2/repository/org/codehaus/jackson/jackson-mapper-asl/1.9.7/jackson-mapper-asl-1.9.7.jar
7f763d5fa000-7f763d604000 r--s 0003d000 08:01 921060                     /home/madunlap/.m2/repository/org/javaswift/joss/0.9.10/joss-0.9.10.jar
7f763d604000-7f763d60b000 r--s 0003a000 08:01 921056                     /home/madunlap/.m2/repository/commons-codec/commons-codec/1.9/commons-codec-1.9.jar
7f763d60b000-7f763d612000 r--s 00048000 08:01 921054                     /home/madunlap/.m2/repository/org/apache/httpcomponents/httpcore/4.4.1/httpcore-4.4.1.jar
7f763d612000-7f763d61f000 r--s 000a4000 08:01 921052                     /home/madunlap/.m2/repository/org/apache/httpcomponents/httpclient/4.4.1/httpclient-4.4.1.jar
7f763d61f000-7f763d623000 r--s 00028000 08:01 921050                     /home/madunlap/.m2/repository/org/apache/httpcomponents/httpasyncclient/4.1/httpasyncclient-4.1.jar
7f763d623000-7f763d62a000 r--s 00050000 08:01 921049                     /home/madunlap/.m2/repository/org/apache/httpcomponents/httpcore-nio/4.4.1/httpcore-nio-4.4.1.jar
7f763d62a000-7f763d630000 r--s 00033000 08:01 921046                     /home/madunlap/.m2/repository/io/searchbox/jest-common/0.1.7/jest-common-0.1.7.jar
7f763d630000-7f763d631000 r--s 00004000 08:01 921045                     /home/madunlap/.m2/repository/io/searchbox/jest/0.1.7/jest-0.1.7.jar
7f763d631000-7f763d634000 r--s 0000f000 08:01 921042                     /home/madunlap/.m2/repository/commons-discovery/commons-discovery/0.2/commons-discovery-0.2.jar
7f763d634000-7f763d637000 r--s 0001c000 08:01 921043                     /home/madunlap/.m2/repository/axis/axis-wsdl4j/1.5.1/axis-wsdl4j-1.5.1.jar
7f763d637000-7f763d638000 r--s 00004000 08:01 921039                     /home/madunlap/.m2/repository/org/apache/axis/axis-saaj/1.4/axis-saaj-1.4.jar
7f763d638000-7f763d63a000 r--s 00006000 08:01 921036                     /home/madunlap/.m2/repository/org/apache/axis/axis-jaxrpc/1.4/axis-jaxrpc-1.4.jar
7f763d63a000-7f763d64e000 r--s 00173000 08:01 921038                     /home/madunlap/.m2/repository/axis/axis/1.4/axis-1.4.jar
7f763d64e000-7f763d650000 r--s 00009000 08:01 921034                     /home/madunlap/.m2/repository/org/objenesis/objenesis/2.1/objenesis-2.1.jar
7f763d650000-7f763d66c000 r--s 00103000 08:01 921030                     /home/madunlap/.m2/repository/org/mockito/mockito-core/1.10.19/mockito-core-1.10.19.jar
7f763d66c000-7f763d66e000 r--s 00001000 08:01 921031                     /home/madunlap/.m2/repository/org/slf4j/slf4j-log4j12/1.7.7/slf4j-log4j12-1.7.7.jar
7f763d66e000-7f763d670000 r--s 00006000 08:01 791385                     /home/madunlap/.m2/repository/org/slf4j/slf4j-api/1.7.7/slf4j-api-1.7.7.jar
7f763d670000-7f763d674000 r--s 0001f000 08:01 921028                     /home/madunlap/.m2/repository/org/jacoco/org.jacoco.report/0.7.5.201505241946/org.jacoco.report-0.7.5.201505241946.jar
7f763d674000-7f763d679000 r--s 00058000 08:01 921027                     /home/madunlap/.m2/repository/org/ow2/asm/asm-debug-all/5.0.1/asm-debug-all-5.0.1.jar
7f763d679000-7f763d67d000 r--s 0001d000 08:01 791383                     /home/madunlap/.m2/repository/org/jacoco/org.jacoco.core/0.7.5.201505241946/org.jacoco.core-0.7.5.201505241946.jar
7f763d67d000-7f763d67e000 ---p 00000000 00:00 0 
7f763d67e000-7f763d77e000 rw-p 00000000 00:00 0 
7f763d77e000-7f763d781000 ---p 00000000 00:00 0 
7f763d781000-7f763d87f000 rw-p 00000000 00:00 0 
7f763d87f000-7f763d882000 ---p 00000000 00:00 0 
7f763d882000-7f763d980000 rw-p 00000000 00:00 0 
7f763d980000-7f763d983000 ---p 00000000 00:00 0 
7f763d983000-7f763da81000 rw-p 00000000 00:00 0 
7f763da81000-7f763da92000 r-xp 00000000 08:01 2233354                    /usr/lib/jvm/java-8-oracle/jre/lib/amd64/libnio.so
7f763da92000-7f763dc91000 ---p 00011000 08:01 2233354                    /usr/lib/jvm/java-8-oracle/jre/lib/amd64/libnio.so
7f763dc91000-7f763dc92000 rw-p 00010000 08:01 2233354                    /usr/lib/jvm/java-8-oracle/jre/lib/amd64/libnio.so
7f763dc92000-7f763dca9000 r-xp 00000000 08:01 2233351                    /usr/lib/jvm/java-8-oracle/jre/lib/amd64/libnet.so
7f763dca9000-7f763dea8000 ---p 00017000 08:01 2233351                    /usr/lib/jvm/java-8-oracle/jre/lib/amd64/libnet.so
7f763dea8000-7f763dea9000 rw-p 00016000 08:01 2233351                    /usr/lib/jvm/java-8-oracle/jre/lib/amd64/libnet.so
7f763dea9000-7f763deac000 r--s 0001a000 08:01 2233367                    /usr/lib/jvm/java-8-oracle/jre/lib/jce.jar
7f763deac000-7f763deb1000 r--s 0009a000 08:01 2233194                    /usr/lib/jvm/java-8-oracle/jre/lib/jsse.jar
7f763deb1000-7f763deb7000 r--s 00041000 08:01 661360                     /home/madunlap/.m2/repository/org/jacoco/org.jacoco.agent/0.7.5.201505241946/org.jacoco.agent-0.7.5.201505241946-runtime.jar
7f763deb7000-7f763deb9000 r--s 0000e000 08:01 921023                     /home/madunlap/.m2/repository/oro/oro/2.0.8/oro-2.0.8.jar
7f763deb9000-7f763dec1000 r--s 00058000 08:01 921019                     /home/madunlap/.m2/repository/org/apache/velocity/velocity/1.5/velocity-1.5.jar
7f763dec1000-7f763dec2000 r--s 00001000 08:01 921022                     /home/madunlap/.m2/repository/org/codehaus/plexus/plexus-velocity/1.1.7/plexus-velocity-1.1.7.jar
7f763dec2000-7f763dec3000 r--s 00002000 08:01 921017                     /home/madunlap/.m2/repository/org/codehaus/plexus/plexus-i18n/1.0-beta-7/plexus-i18n-1.0-beta-7.jar
7f763dec3000-7f763dec5000 r--s 00008000 08:01 921015                     /home/madunlap/.m2/repository/org/apache/maven/doxia/doxia-module-fml/1.1.2/doxia-module-fml-1.1.2.jar
7f763dec5000-7f763dec6000 r--s 00003000 08:01 921016                     /home/madunlap/.m2/repository/org/apache/maven/doxia/doxia-module-xhtml/1.1.2/doxia-module-xhtml-1.1.2.jar
7f763dec6000-7f763dec8000 r--s 0000b000 08:01 921011                     /home/madunlap/.m2/repository/org/apache/maven/doxia/doxia-decoration-model/1.1.2/doxia-decoration-model-1.1.2.jar
7f763dec8000-7f763deca000 r--s 0000b000 08:01 921008                     /home/madunlap/.m2/repository/org/apache/maven/doxia/doxia-site-renderer/1.1.2/doxia-site-renderer-1.1.2.jar
7f763deca000-7f763dece000 r--s 00023000 08:01 921010                     /home/madunlap/.m2/repository/org/apache/maven/doxia/doxia-core/1.1.2/doxia-core-1.1.2.jar
7f763dece000-7f763ded0000 r--s 00003000 08:01 921007                     /home/madunlap/.m2/repository/org/apache/maven/reporting/maven-reporting-impl/2.1/maven-reporting-impl-2.1.jar
7f763ded0000-7f763ded1000 r--s 00002000 08:01 921004                     /home/madunlap/.m2/repository/org/apache/maven/doxia/doxia-logging-api/1.1/doxia-logging-api-1.1.jar
7f763ded1000-7f763ded3000 r--s 00002000 08:01 921001                     /home/madunlap/.m2/repository/org/apache/maven/doxia/doxia-sink-api/1.1/doxia-sink-api-1.1.jar
7f763ded3000-7f763ded4000 r--s 00002000 08:01 920999                     /home/madunlap/.m2/repository/org/apache/maven/reporting/maven-reporting-api/2.2.1/maven-reporting-api-2.2.1.jar
7f763ded4000-7f763ded6000 r--s 00008000 08:01 920995                     /home/madunlap/.m2/repository/org/apache/maven/shared/maven-shared-io/1.1/maven-shared-io-1.1.jar
7f763ded6000-7f763ded8000 r--s 00008000 08:01 920998                     /home/madunlap/.m2/repository/org/apache/maven/shared/file-management/1.2.1/file-management-1.2.1.jar
7f763ded8000-7f763dedd000 r--s 00039000 08:01 920997                     /home/madunlap/.m2/repository/org/codehaus/plexus/plexus-utils/1.5.6/plexus-utils-1.5.6.jar
7f763dedd000-7f763dedf000 r--s 00008000 08:01 920991                     /home/madunlap/.m2/repository/classworlds/classworlds/1.1-alpha-2/classworlds-1.1-alpha-2.jar
7f763dedf000-7f763dee6000 r--s 00029000 08:01 920988                     /home/madunlap/.m2/repository/org/codehaus/plexus/plexus-container-default/1.0-alpha-9-stable-1/plexus-container-default-1.0-alpha-9-stable-1.jar
7f763dee6000-7f763dee9000 r--s 00011000 08:01 920989                     /home/madunlap/.m2/repository/org/apache/maven/maven-artifact/2.2.1/maven-artifact-2.2.1.jar
7f763dee9000-7f763deeb000 r--s 0000b000 08:01 920985                     /home/madunlap/.m2/repository/org/codehaus/plexus/plexus-interpolation/1.11/plexus-interpolation-1.11.jar
7f763deeb000-7f763deed000 r--s 00006000 08:01 920982                     /home/madunlap/.m2/repository/org/apache/maven/maven-plugin-registry/2.2.1/maven-plugin-registry-2.2.1.jar
7f763deed000-7f763def5000 r--s 00049000 08:01 920984                     /home/madunlap/.m2/repository/backport-util-concurrent/backport-util-concurrent/3.1/backport-util-concurrent-3.1.jar
7f763def5000-7f763def7000 r--s 0000b000 08:01 920978                     /home/madunlap/.m2/repository/org/apache/maven/wagon/wagon-provider-api/1.0-beta-6/wagon-provider-api-1.0-beta-6.jar
7f763def7000-7f763def9000 r--s 00005000 08:01 920980                     /home/madunlap/.m2/repository/org/apache/maven/maven-repository-metadata/2.2.1/maven-repository-metadata-2.2.1.jar
7f763def9000-7f763defb000 r--s 0000f000 08:01 920975                     /home/madunlap/.m2/repository/org/apache/maven/maven-artifact-manager/2.2.1/maven-artifact-manager-2.2.1.jar
7f763defb000-7f763defd000 r--s 00014000 08:01 920971                     /home/madunlap/.m2/repository/org/apache/maven/maven-model/2.2.1/maven-model-2.2.1.jar
7f763defd000-7f763deff000 r--s 00007000 08:01 920969                     /home/madunlap/.m2/repository/org/apache/maven/maven-profile/2.2.1/maven-profile-2.2.1.jar
7f763deff000-7f763df00000 r--s 0000b000 08:01 920972                     /home/madunlap/.m2/repository/org/apache/maven/maven-settings/2.2.1/maven-settings-2.2.1.jar
7f763df00000-7f763df04000 r--s 00023000 08:01 920973                     /home/madunlap/.m2/repository/org/apache/maven/maven-project/2.2.1/maven-project-2.2.1.jar
7f763df04000-7f763df06000 r--s 00002000 08:01 661356                     /home/madunlap/.m2/repository/org/apache/maven/maven-plugin-api/2.2.1/maven-plugin-api-2.2.1.jar
7f763df06000-7f763df08000 r--s 0000b000 08:01 660606                     /home/madunlap/.m2/repository/org/jacoco/jacoco-maven-plugin/0.7.5.201505241946/jacoco-maven-plugin-0.7.5.201505241946.jar
7f763df08000-7f763df0a000 r--s 00013000 08:01 791380                     /home/madunlap/.m2/repository/com/jayway/restassured/xml-path/2.4.0/xml-path-2.4.0.jar
7f763df0a000-7f763df0c000 r--s 00007000 08:01 791379                     /home/madunlap/.m2/repository/com/jayway/restassured/rest-assured-common/2.4.0/rest-assured-common-2.4.0.jar
7f763df0c000-7f763df0e000 r--s 0001e000 08:01 661355                     /home/madunlap/.m2/repository/org/codehaus/groovy/groovy-json/2.3.7/groovy-json-2.3.7.jar
7f763df0e000-7f763df10000 r--s 0000d000 08:01 791376                     /home/madunlap/.m2/repository/com/jayway/restassured/json-path/2.4.0/json-path-2.4.0.jar
7f763df10000-7f763df12000 r--s 00015000 08:01 791373                     /home/madunlap/.m2/repository/org/ccil/cowan/tagsoup/tagsoup/1.2.1/tagsoup-1.2.1.jar
7f763df12000-7f763df13000 r--s 0000c000 08:01 791372                     /home/madunlap/.m2/repository/org/hamcrest/hamcrest-library/1.3/hamcrest-library-1.3.jar
7f763df13000-7f763df15000 r--s 00009000 08:01 791370                     /home/madunlap/.m2/repository/org/hamcrest/hamcrest-core/1.3/hamcrest-core-1.3.jar
7f763df15000-7f763df1a000 r--s 00034000 08:01 661352                     /home/madunlap/.m2/repository/org/codehaus/groovy/groovy-xml/2.3.7/groovy-xml-2.3.7.jar
7f763df1a000-7f763df63000 r--s 003fb000 08:01 661354                     /home/madunlap/.m2/repository/org/codehaus/groovy/groovy/2.3.7/groovy-2.3.7.jar
7f763df63000-7f763df6d000 r--s 0008c000 08:01 791368                     /home/madunlap/.m2/repository/com/jayway/restassured/rest-assured/2.4.0/rest-assured-2.4.0.jar
7f763df6d000-7f763df73000 r--s 00044000 08:01 791367                     /home/madunlap/.m2/repository/org/jsoup/jsoup/1.8.1/jsoup-1.8.1.jar
7f763df73000-7f763df75000 r--s 00004000 08:01 791401                     /home/madunlap/.m2/repository/edu/ucsb/nceas/ezid/1.0.0/ezid-1.0.0.jar
7f763df75000-7f763df78000 r--s 0000b000 08:01 791362                     /home/madunlap/.m2/repository/org/ocpsoft/rewrite/rewrite-integration-faces/2.0.12.Final/rewrite-integration-faces-2.0.12.Final.jar
7f763df78000-7f763df7a000 r--s 00001000 08:01 791360                     /home/madunlap/.m2/repository/org/ocpsoft/rewrite/rewrite-annotations-api/2.0.12.Final/rewrite-annotations-api-2.0.12.Final.jar
7f763df7a000-7f763df7b000 r--s 00005000 08:01 791359                     /home/madunlap/.m2/repository/org/ocpsoft/rewrite/rewrite-addressbuilder/2.0.12.Final/rewrite-addressbuilder-2.0.12.Final.jar
7f763df7b000-7f763df7d000 r--s 00008000 08:01 791357                     /home/madunlap/.m2/repository/org/ocpsoft/rewrite/rewrite-api-servlet/2.0.12.Final/rewrite-api-servlet-2.0.12.Final.jar
7f763df7d000-7f763df7f000 r--s 00001000 08:01 791354                     /home/madunlap/.m2/repository/org/ocpsoft/logging/logging-api/1.0.2.Final/logging-api-1.0.2.Final.jar
7f763df7f000-7f763df80000 r--s 00003000 08:01 791353                     /home/madunlap/.m2/repository/org/ocpsoft/common/common-api/1.0.5.Final/common-api-1.0.5.Final.jar
7f763df80000-7f763df84000 r--s 00018000 08:01 791351                     /home/madunlap/.m2/repository/org/ocpsoft/rewrite/rewrite-api/2.0.12.Final/rewrite-api-2.0.12.Final.jar
7f763df84000-7f763df86000 r--s 00005000 08:01 791349                     /home/madunlap/.m2/repository/org/ocpsoft/rewrite/rewrite-annotations-impl/2.0.12.Final/rewrite-annotations-impl-2.0.12.Final.jar
7f763df86000-7f763df94000 r--s 00092000 08:01 791352                     /home/madunlap/.m2/repository/org/ocpsoft/rewrite/rewrite-config-prettyfaces/2.0.12.Final/rewrite-config-prettyfaces-2.0.12.Final.jar
7f763df94000-7f763dfa2000 r--s 0005f000 08:01 791345                     /home/madunlap/.m2/repository/org/ocpsoft/rewrite/rewrite-servlet/2.0.12.Final/rewrite-servlet-2.0.12.Final.jar
7f763dfa2000-7f763dfa6000 r--s 0003c000 08:01 791218                     /home/madunlap/.m2/repository/javax/media/jai_codec/1.1.3/jai_codec-1.1.3.jar
7f763dfa6000-7f763dfba000 r--s 001bd000 08:01 791220                     /home/madunlap/.m2/repository/javax/media/jai_core/1.1.3/jai_core-1.1.3.jar
7f763dfba000-7f763dfcb000 r--s 00106000 08:01 791219                     /home/madunlap/.m2/repository/javax/media/jai_imageio/1.1.1/jai_imageio-1.1.1.jar
7f763dfcb000-7f763dfcd000 r--s 00009000 08:01 791399                     /home/madunlap/.m2/repository/edu/harvard/hul/ois/jhove/jhove-handler/1.11.0/jhove-handler-1.11.0.jar
7f763dfcd000-7f763dfd6000 r--s 00079000 08:01 791398                     /home/madunlap/.m2/repository/edu/harvard/hul/ois/jhove/jhove-module/1.11.0/jhove-module-1.11.0.jar
7f763dfd6000-7f763dfd9000 r--s 00011000 08:01 791396                     /home/madunlap/.m2/repository/edu/harvard/hul/ois/jhove/jhove/1.11.0/jhove-1.11.0.jar
7f763dfd9000-7f763dfe9000 r--s 0011f000 08:01 791342                     /home/madunlap/.m2/repository/org/apache/poi/poi-scratchpad/3.10-FINAL/poi-scratchpad-3.10-FINAL.jar
7f763dfe9000-7f763dfef000 r--s 00047000 08:01 791341                     /home/madunlap/.m2/repository/org/apache/poi/poi-examples/3.10-FINAL/poi-examples-3.10-FINAL.jar
7f763dfef000-7f763dff4000 r--s 00048000 08:01 791338                     /home/madunlap/.m2/repository/dom4j/dom4j/1.6.1/dom4j-1.6.1.jar
7f763dff4000-7f763e031000 r--s 0024f000 08:01 791336                     /home/madunlap/.m2/repository/org/apache/xmlbeans/xmlbeans/2.3.0/xmlbeans-2.3.0.jar
7f763e031000-7f763e0c9000 r--s 00420000 08:01 791334                     /home/madunlap/.m2/repository/org/apache/poi/poi-ooxml-schemas/3.10-FINAL/poi-ooxml-schemas-3.10-FINAL.jar
7f763e0c9000-7f763e0d7000 r--s 000ee000 08:01 791333                     /home/madunlap/.m2/repository/org/apache/poi/poi-ooxml/3.10-FINAL/poi-ooxml-3.10-FINAL.jar
7f763e0d7000-7f763e0f9000 r--s 001bb000 08:01 791332                     /home/madunlap/.m2/repository/org/apache/poi/poi/3.10-FINAL/poi-3.10-FINAL.jar
7f763e0f9000-7f763e0fb000 r--s 00006000 08:01 791331                     /home/madunlap/.m2/repository/org/nuiton/thirdparty/Rserve/0.6-1/Rserve-0.6-1.jar
7f763e0fb000-7f763e0fd000 r--s 00006000 08:01 791328                     /home/madunlap/.m2/repository/org/nuiton/thirdparty/REngine/0.6-1/REngine-0.6-1.jar
7f763e0fd000-7f763e0fe000 r--s 0000c000 08:01 791397                     /home/madunlap/.m2/repository/org/dataverse/unf/6.0/unf-6.0.jar
7f763e0fe000-7f763e0ff000 r--s 00018000 08:01 791394                     /home/madunlap/.m2/repository/edu/harvard/iq/dvn/unf5/5.0/unf5-5.0.jar
7f763e0ff000-7f763e108000 r--s 000a6000 08:01 791393                     /home/madunlap/.m2/repository/net/handle/handle/2006-06-16-generated/handle-2006-06-16-generated.jar
7f763e108000-7f763e10b000 r--s 00035000 08:01 791395                     /home/madunlap/.m2/repository/nom/tam/fits/fits/2012-10-25-generated/fits-2012-10-25-generated.jar
7f763e10b000-7f763e112000 r--s 00028000 08:01 791326                     /home/madunlap/.m2/repository/concurrent/concurrent/1.3.4/concurrent-1.3.4.jar
7f763e112000-7f763e120000 r--s 00081000 08:01 791324                     /home/madunlap/.m2/repository/colt/colt/1.2.0/colt-1.2.0.jar
7f763e120000-7f7640000000 rw-p 00000000 00:00 0 
7f7640000000-7f7640021000 rw-p 00000000 00:00 0 
7f7640021000-7f7644000000 ---p 00000000 00:00 0 
7f7644000000-7f764400d000 r--s 00083000 08:01 791320                     /home/madunlap/.m2/repository/commons-collections/commons-collections/3.2.2/commons-collections-3.2.2.jar
7f764400d000-7f7644011000 r--s 00020000 08:01 791319                     /home/madunlap/.m2/repository/commons-digester/commons-digester/1.8.1/commons-digester-1.8.1.jar
7f7644011000-7f7644016000 r--s 00035000 08:01 791317                     /home/madunlap/.m2/repository/commons-beanutils/commons-beanutils/1.9.2/commons-beanutils-1.9.2.jar
7f7644016000-7f764401a000 r--s 0002a000 08:01 791315                     /home/madunlap/.m2/repository/commons-validator/commons-validator/1.6/commons-validator-1.6.jar
7f764401a000-7f764402d000 r--s 000df000 08:01 791313                     /home/madunlap/.m2/repository/org/apache/commons/commons-math/2.2/commons-math-2.2.jar
7f764402d000-7f764402f000 r--s 0000e000 08:01 791309                     /home/madunlap/.m2/repository/commons-logging/commons-logging/1.1.3/commons-logging-1.1.3.jar
7f764402f000-7f7644031000 r--s 00005000 08:01 791311                     /home/madunlap/.m2/repository/org/apache/httpcomponents/httpmime/4.2.6/httpmime-4.2.6.jar
7f7644031000-7f764403d000 r--s 000b3000 08:01 791304                     /home/madunlap/.m2/repository/org/apache/zookeeper/zookeeper/3.4.5/zookeeper-3.4.5.jar
7f764403d000-7f7644045000 r--s 0005b000 08:01 791305                     /home/madunlap/.m2/repository/org/apache/solr/solr-solrj/4.6.0/solr-solrj-4.6.0.jar
7f7644045000-7f764404a000 r--s 00041000 08:01 791300                     /home/madunlap/.m2/repository/commons-lang/commons-lang/2.6/commons-lang-2.6.jar
7f764404a000-7f764404c000 r--s 0000d000 08:01 791302                     /home/madunlap/.m2/repository/com/fasterxml/classmate/1.0.0/classmate-1.0.0.jar
7f764404c000-7f764404e000 r--s 0000d000 08:01 791296                     /home/madunlap/.m2/repository/org/jboss/logging/jboss-logging/3.1.1.GA/jboss-logging-3.1.1.GA.jar
7f764404e000-7f7644052000 r--s 0000c000 08:01 791294                     /home/madunlap/.m2/repository/javax/validation/validation-api/1.1.0.Final/validation-api-1.1.0.Final.jar
7f7644052000-7f764405f000 r--s 00080000 08:01 791293                     /home/madunlap/.m2/repository/org/hibernate/hibernate-validator/5.0.3.Final/hibernate-validator-5.0.3.Final.jar
7f764405f000-7f7644069000 r--s 0006b000 08:01 791289                     /home/madunlap/.m2/repository/org/omnifaces/omnifaces/1.7/omnifaces-1.7.jar
7f7644069000-7f7644078000 r--s 000c4000 08:01 791290                     /home/madunlap/.m2/repository/org/atmosphere/atmosphere-runtime/2.4.2/atmosphere-runtime-2.4.2.jar
7f7644078000-7f764408c000 r--s 0013a000 08:01 791121                     /home/madunlap/.m2/repository/org/primefaces/themes/all-themes/1.0.10/all-themes-1.0.10.jar
7f764408c000-7f76440b8000 r--s 00318000 08:01 791288                     /home/madunlap/.m2/repository/org/primefaces/primefaces/5.3/primefaces-5.3.jar
7f76440b8000-7f76440da000 r--s 00120000 08:01 791284                     /home/madunlap/.m2/repository/javax/javaee-web-api/7.0/javaee-web-api-7.0.jar
7f76440da000-7f76440dc000 r--s 0000e000 08:01 791282                     /home/madunlap/.m2/repository/javax/activation/activation/1.1/activation-1.1.jar
7f76440dc000-7f76440e4000 r--s 00078000 08:01 791280                     /home/madunlap/.m2/repository/com/sun/mail/javax.mail/1.5.0/javax.mail-1.5.0.jar
7f76440e4000-7f7644118000 r--s 001a4000 08:01 791278                     /home/madunlap/.m2/repository/javax/javaee-api/7.0/javaee-api-7.0.jar
7f7644118000-7f7644143000 r--s 001f5000 08:01 791277                     /home/madunlap/.m2/repository/com/google/guava/guava/16.0.1/guava-16.0.1.jar
7f7644143000-7f7644161000 r--s 0027d000 08:01 791273                     /home/madunlap/.m2/repository/xalan/xalan/2.7.0/xalan-2.7.0.jar
7f7644161000-7f7644175000 r--s 000e3000 08:01 791272                     /home/madunlap/.m2/repository/xerces/xercesImpl/2.6.2/xercesImpl-2.6.2.jar
7f7644175000-7f764417b000 r--s 00019000 08:01 791270                     /home/madunlap/.m2/repository/xerces/xmlParserAPIs/2.6.2/xmlParserAPIs-2.6.2.jar
7f764417b000-7f7644182000 r--s 00063000 08:01 791268                     /home/madunlap/.m2/repository/xom/xom/1.1/xom-1.1.jar
7f7644182000-7f7644187000 r--s 0002a000 08:01 791265                     /home/madunlap/.m2/repository/com/google/code/gson/gson/2.2.4/gson-2.2.4.jar
7f7644187000-7f764418b000 r--s 00027000 08:01 791263                     /home/madunlap/.m2/repository/commons-io/commons-io/2.2/commons-io-2.2.jar
7f764418b000-7f764418d000 r--s 0000f000 08:01 791260                     /home/madunlap/.m2/repository/commons-fileupload/commons-fileupload/1.3.1/commons-fileupload-1.3.1.jar
7f764418d000-7f7644193000 r--s 00032000 08:01 791261                     /home/madunlap/.m2/repository/jaxen/jaxen/1.1.1/jaxen-1.1.1.jar
7f7644193000-7f764419a000 r--s 00079000 08:01 661348                     /home/madunlap/.m2/repository/org/codehaus/woodstox/wstx-asl/3.2.6/wstx-asl-3.2.6.jar
7f764419a000-7f764419f000 r--s 00070000 08:01 661349                     /home/madunlap/.m2/repository/org/codehaus/woodstox/woodstox-core-asl/4.1.4/woodstox-core-asl-4.1.4.jar
7f764419f000-7f76441a3000 r--s 00026000 08:01 791256                     /home/madunlap/.m2/repository/org/apache/ws/commons/axiom/axiom-impl/1.2.14/axiom-impl-1.2.14.jar
7f76441a3000-7f76441a6000 r--s 00015000 08:01 791254                     /home/madunlap/.m2/repository/org/apache/james/apache-mime4j-core/0.7.2/apache-mime4j-core-0.7.2.jar
7f76441a6000-7f76441ab000 r--s 00032000 08:01 791252                     /home/madunlap/.m2/repository/org/apache/geronimo/specs/geronimo-javamail_1.4_spec/1.7.1/geronimo-javamail_1.4_spec-1.7.1.jar
7f76441ab000-7f76441b5000 r--s 0005d000 08:01 791250                     /home/madunlap/.m2/repository/org/apache/ws/commons/axiom/axiom-api/1.2.14/axiom-api-1.2.14.jar
7f76441b5000-7f76441b8000 r--s 0014e000 08:01 791249                     /home/madunlap/.m2/repository/org/apache/abdera/abdera-parser/1.1.3/abdera-parser-1.1.3.jar
7f76441b8000-7f76441ba000 r--s 00006000 08:01 791245                     /home/madunlap/.m2/repository/org/apache/geronimo/specs/geronimo-stax-api_1.0_spec/1.0.1/geronimo-stax-api_1.0_spec-1.0.1.jar
7f76441ba000-7f76441bc000 r--s 0000a000 08:01 791243                     /home/madunlap/.m2/repository/org/apache/geronimo/specs/geronimo-activation_1.1_spec/1.1/geronimo-activation_1.1_spec-1.1.jar
7f76441bc000-7f76441c0000 r--s 00094000 08:01 791246                     /home/madunlap/.m2/repository/org/apache/abdera/abdera-i18n/1.1.3/abdera-i18n-1.1.3.jar
7f76441c0000-7f76441c4000 r--s 00024000 08:01 791241                     /home/madunlap/.m2/repository/org/apache/abdera/abdera-core/1.1.3/abdera-core-1.1.3.jar
7f76441c4000-7f76441dd000 r--s 002fd000 08:01 791240                     /home/madunlap/.m2/repository/com/ibm/icu/icu4j/3.4.4/icu4j-3.4.4.jar
7f76441dd000-7f76441e0000 r--s 00023000 08:01 791237                     /home/madunlap/.m2/repository/com/hp/hpl/jena/iri/0.8/iri-0.8.jar
7f76441e0000-7f7644203000 r--s 001ae000 08:01 791235                     /home/madunlap/.m2/repository/com/hp/hpl/jena/jena/2.6.4/jena-2.6.4.jar
7f7644203000-7f7644205000 r--s 0000d000 08:01 791233                     /home/madunlap/.m2/repository/org/apache/abdera/abdera-client/1.1.1/abdera-client-1.1.1.jar
7f7644205000-7f7644207000 r--s 00016000 08:01 791230                     /home/madunlap/.m2/repository/javax/servlet/servlet-api/2.4/servlet-api-2.4.jar
7f7644207000-7f764420a000 r--s 0000f000 08:01 791226                     /home/madunlap/.m2/repository/org/swordapp/sword2-server/1.0/sword2-server-1.0-classes.jar
7f764420a000-7f764420f000 r--s 00040000 08:01 791224                     /home/madunlap/.m2/repository/commons-httpclient/commons-httpclient/3.0.1/commons-httpclient-3.0.1.jar
7f764420f000-7f7644212000 r--s 00012000 08:01 791228                     /home/madunlap/.m2/repository/org/glassfish/javax.json/1.0.4/javax.json-1.0.4.jar
7f7644212000-7f764461e000 r--s 03c80000 08:01 791225                     /home/madunlap/.m2/repository/com/amazonaws/aws-java-sdk-bundle/1.11.172/aws-java-sdk-bundle-1.11.172.jar
7f764461e000-7f7644621000 ---p 00000000 00:00 0 
7f7644621000-7f764471f000 rw-p 00000000 00:00 0 
7f764471f000-7f76449fa000 r--p 00000000 08:01 1441812                    /usr/lib/locale/locale-archive
7f76449fa000-7f76449fd000 ---p 00000000 00:00 0 
7f76449fd000-7f7644afb000 rw-p 00000000 00:00 0 
7f7644afb000-7f7644afe000 ---p 00000000 00:00 0 
7f7644afe000-7f7644bfc000 rw-p 00000000 00:00 0 
7f7644bfc000-7f7644bfd000 ---p 00000000 00:00 0 
7f7644bfd000-7f7645000000 rw-p 00000000 00:00 0 
7f7645000000-7f7645790000 rwxp 00000000 00:00 0 
7f7645790000-7f7654000000 ---p 00000000 00:00 0 
7f7654000000-7f76552c3000 rw-p 00000000 00:00 0 
7f76552c3000-7f7658000000 ---p 00000000 00:00 0 
7f7658000000-7f7658006000 r--s 00034000 08:01 791227                     /home/madunlap/.m2/repository/junit/junit/4.8.1/junit-4.8.1.jar
7f7658006000-7f7658046000 r--s 00285000 08:01 925253                     /home/madunlap/.m2/repository/org/bouncycastle/bcprov-jdk15on/1.52/bcprov-jdk15on-1.52.jar
7f7658046000-7f765804a000 r--s 00021000 08:01 925254                     /home/madunlap/.m2/repository/org/cryptacular/cryptacular/1.1.0/cryptacular-1.1.0.jar
7f765804a000-7f765804d000 r--s 00011000 08:01 925252                     /home/madunlap/.m2/repository/org/passay/passay/1.1.0/passay-1.1.0.jar
7f765804d000-7f7658729000 rw-p 00000000 00:00 0 
7f7658729000-7f7658902000 r--s 03d5a000 08:01 2233137                    /usr/lib/jvm/java-8-oracle/jre/lib/rt.jar
7f7658902000-7f76592f0000 rw-p 00000000 00:00 0 
7f76592f0000-7f76592f1000 ---p 00000000 00:00 0 
7f76592f1000-7f76593f1000 rw-p 00000000 00:00 0 
7f76593f1000-7f76593f2000 ---p 00000000 00:00 0 
7f76593f2000-7f7659507000 rw-p 00000000 00:00 0 
7f7659507000-7f765963c000 ---p 00000000 00:00 0 
7f765963c000-7f7659651000 rw-p 00000000 00:00 0 
7f7659651000-7f7659785000 ---p 00000000 00:00 0 
7f7659785000-7f76597d8000 rw-p 00000000 00:00 0 
7f76597d8000-7f765982a000 ---p 00000000 00:00 0 
7f765982a000-7f765984a000 rw-p 00000000 00:00 0 
7f765984a000-7f7659beb000 ---p 00000000 00:00 0 
7f7659beb000-7f7659c06000 r-xp 00000000 08:01 2233347                    /usr/lib/jvm/java-8-oracle/jre/lib/amd64/libzip.so
7f7659c06000-7f7659e06000 ---p 0001b000 08:01 2233347                    /usr/lib/jvm/java-8-oracle/jre/lib/amd64/libzip.so
7f7659e06000-7f7659e07000 rw-p 0001b000 08:01 2233347                    /usr/lib/jvm/java-8-oracle/jre/lib/amd64/libzip.so
7f7659e07000-7f7659e12000 r-xp 00000000 08:01 663303                     /lib/x86_64-linux-gnu/libnss_files-2.24.so
7f7659e12000-7f765a011000 ---p 0000b000 08:01 663303                     /lib/x86_64-linux-gnu/libnss_files-2.24.so
7f765a011000-7f765a012000 r--p 0000a000 08:01 663303                     /lib/x86_64-linux-gnu/libnss_files-2.24.so
7f765a012000-7f765a013000 rw-p 0000b000 08:01 663303                     /lib/x86_64-linux-gnu/libnss_files-2.24.so
7f765a013000-7f765a019000 rw-p 00000000 00:00 0 
7f765a019000-7f765a024000 r-xp 00000000 08:01 663305                     /lib/x86_64-linux-gnu/libnss_nis-2.24.so
7f765a024000-7f765a223000 ---p 0000b000 08:01 663305                     /lib/x86_64-linux-gnu/libnss_nis-2.24.so
7f765a223000-7f765a224000 r--p 0000a000 08:01 663305                     /lib/x86_64-linux-gnu/libnss_nis-2.24.so
7f765a224000-7f765a225000 rw-p 0000b000 08:01 663305                     /lib/x86_64-linux-gnu/libnss_nis-2.24.so
7f765a225000-7f765a23b000 r-xp 00000000 08:01 663300                     /lib/x86_64-linux-gnu/libnsl-2.24.so
7f765a23b000-7f765a43a000 ---p 00016000 08:01 663300                     /lib/x86_64-linux-gnu/libnsl-2.24.so
7f765a43a000-7f765a43b000 r--p 00015000 08:01 663300                     /lib/x86_64-linux-gnu/libnsl-2.24.so
7f765a43b000-7f765a43c000 rw-p 00016000 08:01 663300                     /lib/x86_64-linux-gnu/libnsl-2.24.so
7f765a43c000-7f765a43e000 rw-p 00000000 00:00 0 
7f765a43e000-7f765a446000 r-xp 00000000 08:01 663301                     /lib/x86_64-linux-gnu/libnss_compat-2.24.so
7f765a446000-7f765a645000 ---p 00008000 08:01 663301                     /lib/x86_64-linux-gnu/libnss_compat-2.24.so
7f765a645000-7f765a646000 r--p 00007000 08:01 663301                     /lib/x86_64-linux-gnu/libnss_compat-2.24.so
7f765a646000-7f765a647000 rw-p 00008000 08:01 663301                     /lib/x86_64-linux-gnu/libnss_compat-2.24.so
7f765a647000-7f765a651000 r-xp 00000000 08:01 2233356                    /usr/lib/jvm/java-8-oracle/jre/lib/amd64/libinstrument.so
7f765a651000-7f765a850000 ---p 0000a000 08:01 2233356                    /usr/lib/jvm/java-8-oracle/jre/lib/amd64/libinstrument.so
7f765a850000-7f765a851000 rw-p 00009000 08:01 2233356                    /usr/lib/jvm/java-8-oracle/jre/lib/amd64/libinstrument.so
7f765a851000-7f765a87c000 r-xp 00000000 08:01 2233341                    /usr/lib/jvm/java-8-oracle/jre/lib/amd64/libjava.so
7f765a87c000-7f765aa7b000 ---p 0002b000 08:01 2233341                    /usr/lib/jvm/java-8-oracle/jre/lib/amd64/libjava.so
7f765aa7b000-7f765aa7d000 rw-p 0002a000 08:01 2233341                    /usr/lib/jvm/java-8-oracle/jre/lib/amd64/libjava.so
7f765aa7d000-7f765aa8a000 r-xp 00000000 08:01 2233346                    /usr/lib/jvm/java-8-oracle/jre/lib/amd64/libverify.so
7f765aa8a000-7f765ac8a000 ---p 0000d000 08:01 2233346                    /usr/lib/jvm/java-8-oracle/jre/lib/amd64/libverify.so
7f765ac8a000-7f765ac8c000 rw-p 0000d000 08:01 2233346                    /usr/lib/jvm/java-8-oracle/jre/lib/amd64/libverify.so
7f765ac8c000-7f765ac93000 r-xp 00000000 08:01 663310                     /lib/x86_64-linux-gnu/librt-2.24.so
7f765ac93000-7f765ae92000 ---p 00007000 08:01 663310                     /lib/x86_64-linux-gnu/librt-2.24.so
7f765ae92000-7f765ae93000 r--p 00006000 08:01 663310                     /lib/x86_64-linux-gnu/librt-2.24.so
7f765ae93000-7f765ae94000 rw-p 00007000 08:01 663310                     /lib/x86_64-linux-gnu/librt-2.24.so
7f765ae94000-7f765af9c000 r-xp 00000000 08:01 663297                     /lib/x86_64-linux-gnu/libm-2.24.so
7f765af9c000-7f765b19b000 ---p 00108000 08:01 663297                     /lib/x86_64-linux-gnu/libm-2.24.so
7f765b19b000-7f765b19c000 r--p 00107000 08:01 663297                     /lib/x86_64-linux-gnu/libm-2.24.so
7f765b19c000-7f765b19d000 rw-p 00108000 08:01 663297                     /lib/x86_64-linux-gnu/libm-2.24.so
7f765b19d000-7f765be70000 r-xp 00000000 08:01 2233324                    /usr/lib/jvm/java-8-oracle/jre/lib/amd64/server/libjvm.so
7f765be70000-7f765c06f000 ---p 00cd3000 08:01 2233324                    /usr/lib/jvm/java-8-oracle/jre/lib/amd64/server/libjvm.so
7f765c06f000-7f765c149000 rw-p 00cd2000 08:01 2233324                    /usr/lib/jvm/java-8-oracle/jre/lib/amd64/server/libjvm.so
7f765c149000-7f765c194000 rw-p 00000000 00:00 0 
7f765c194000-7f765c352000 r-xp 00000000 08:01 663293                     /lib/x86_64-linux-gnu/libc-2.24.so
7f765c352000-7f765c551000 ---p 001be000 08:01 663293                     /lib/x86_64-linux-gnu/libc-2.24.so
7f765c551000-7f765c555000 r--p 001bd000 08:01 663293                     /lib/x86_64-linux-gnu/libc-2.24.so
7f765c555000-7f765c557000 rw-p 001c1000 08:01 663293                     /lib/x86_64-linux-gnu/libc-2.24.so
7f765c557000-7f765c55b000 rw-p 00000000 00:00 0 
7f765c55b000-7f765c55e000 r-xp 00000000 08:01 663296                     /lib/x86_64-linux-gnu/libdl-2.24.so
7f765c55e000-7f765c75d000 ---p 00003000 08:01 663296                     /lib/x86_64-linux-gnu/libdl-2.24.so
7f765c75d000-7f765c75e000 r--p 00002000 08:01 663296                     /lib/x86_64-linux-gnu/libdl-2.24.so
7f765c75e000-7f765c75f000 rw-p 00003000 08:01 663296                     /lib/x86_64-linux-gnu/libdl-2.24.so
7f765c75f000-7f765c775000 r-xp 00000000 08:01 2233319                    /usr/lib/jvm/java-8-oracle/jre/lib/amd64/jli/libjli.so
7f765c775000-7f765c974000 ---p 00016000 08:01 2233319                    /usr/lib/jvm/java-8-oracle/jre/lib/amd64/jli/libjli.so
7f765c974000-7f765c975000 rw-p 00015000 08:01 2233319                    /usr/lib/jvm/java-8-oracle/jre/lib/amd64/jli/libjli.so
7f765c975000-7f765c98d000 r-xp 00000000 08:01 663308                     /lib/x86_64-linux-gnu/libpthread-2.24.so
7f765c98d000-7f765cb8d000 ---p 00018000 08:01 663308                     /lib/x86_64-linux-gnu/libpthread-2.24.so
7f765cb8d000-7f765cb8e000 r--p 00018000 08:01 663308                     /lib/x86_64-linux-gnu/libpthread-2.24.so
7f765cb8e000-7f765cb8f000 rw-p 00019000 08:01 663308                     /lib/x86_64-linux-gnu/libpthread-2.24.so
7f765cb8f000-7f765cb93000 rw-p 00000000 00:00 0 
7f765cb93000-7f765cbb9000 r-xp 00000000 08:01 663288                     /lib/x86_64-linux-gnu/ld-2.24.so
7f765cbb9000-7f765cbba000 r--s 00005000 08:01 791308                     /home/madunlap/.m2/repository/org/noggit/noggit/0.5/noggit-0.5.jar
7f765cbba000-7f765cc8b000 rw-p 00000000 00:00 0 
7f765cc8b000-7f765cc8e000 ---p 00000000 00:00 0 
7f765cc8e000-7f765cd8e000 rw-p 00000000 00:00 0 
7f765cd8e000-7f765cd8f000 r--s 00004000 08:01 791275                     /home/madunlap/.m2/repository/org/mindrot/jbcrypt/0.3m/jbcrypt-0.3m.jar
7f765cd8f000-7f765cd94000 r--s 00023000 08:01 791711                     /home/madunlap/.m2/repository/org/apache/maven/surefire/surefire-api/2.10/surefire-api-2.10.jar
7f765cd94000-7f765cd96000 r--s 00007000 08:01 791708                     /home/madunlap/.m2/repository/org/apache/maven/surefire/surefire-booter/2.10/surefire-booter-2.10.jar
7f765cd96000-7f765cd97000 r--s 00005000 08:01 1053183                    /home/madunlap/Documents/github/dataverse/target/surefire/surefirebooter8566948657678536131.jar
7f765cd97000-7f765cdab000 rw-p 00000000 00:00 0 
7f765cdab000-7f765cdb3000 rw-s 00000000 08:01 1972827                    /tmp/hsperfdata_madunlap/14568
7f765cdb3000-7f765cdb4000 rw-p 00000000 00:00 0 
7f765cdb4000-7f765cdb5000 ---p 00000000 00:00 0 
7f765cdb5000-7f765cdb8000 rw-p 00000000 00:00 0 
7f765cdb8000-7f765cdb9000 r--p 00025000 08:01 663288                     /lib/x86_64-linux-gnu/ld-2.24.so
7f765cdb9000-7f765cdba000 rw-p 00026000 08:01 663288                     /lib/x86_64-linux-gnu/ld-2.24.so
7f765cdba000-7f765cdbb000 rw-p 00000000 00:00 0 
7ffe177a8000-7ffe177c9000 rw-p 00000000 00:00 0                          [stack]
7ffe177f7000-7ffe177f9000 r--p 00000000 00:00 0                          [vvar]
7ffe177f9000-7ffe177fb000 r-xp 00000000 00:00 0                          [vdso]
ffffffffff600000-ffffffffff601000 r-xp 00000000 00:00 0                  [vsyscall]

VM Arguments:
jvm_args: -javaagent:/home/madunlap/.m2/repository/org/jacoco/org.jacoco.agent/0.7.5.201505241946/org.jacoco.agent-0.7.5.201505241946-runtime.jar=destfile=/home/madunlap/Documents/github/dataverse/target/jacoco.exec 
java_command: /home/madunlap/Documents/github/dataverse/target/surefire/surefirebooter8566948657678536131.jar /home/madunlap/Documents/github/dataverse/target/surefire/surefire1806330659720599685tmp /home/madunlap/Documents/github/dataverse/target/surefire/surefire4985534141420346218tmp
java_class_path (initial): /home/madunlap/Documents/github/dataverse/target/surefire/surefirebooter8566948657678536131.jar:/home/madunlap/.m2/repository/org/jacoco/org.jacoco.agent/0.7.5.201505241946/org.jacoco.agent-0.7.5.201505241946-runtime.jar
Launcher Type: SUN_STANDARD

Environment Variables:
JAVA_HOME=/usr/lib/jvm/java-8-oracle
PATH=/home/madunlap/bin:/usr/local/sbin:/usr/local/bin:/usr/sbin:/usr/bin:/sbin:/bin:/usr/games:/usr/local/games:/snap/bin:/usr/lib/jvm/java-8-oracle/bin:/usr/lib/jvm/java-8-oracle/db/bin:/usr/lib/jvm/java-8-oracle/jre/bin
LD_LIBRARY_PATH=/usr/lib/jvm/java-8-oracle/jre/lib/amd64:/usr/lib/jvm/java-8-oracle/jre/lib/i386:
SHELL=/bin/bash
DISPLAY=:0

Signal Handlers:
SIGSEGV: [libjvm.so+0xacbe10], sa_mask[0]=11111111011111111101111111111110, sa_flags=SA_RESTART|SA_SIGINFO
SIGBUS: [libjvm.so+0xacbe10], sa_mask[0]=11111111011111111101111111111110, sa_flags=SA_RESTART|SA_SIGINFO
SIGFPE: [libjvm.so+0x924f90], sa_mask[0]=11111111011111111101111111111110, sa_flags=SA_RESTART|SA_SIGINFO
SIGPIPE: [libjvm.so+0x924f90], sa_mask[0]=11111111011111111101111111111110, sa_flags=SA_RESTART|SA_SIGINFO
SIGXFSZ: [libjvm.so+0x924f90], sa_mask[0]=11111111011111111101111111111110, sa_flags=SA_RESTART|SA_SIGINFO
SIGILL: [libjvm.so+0x924f90], sa_mask[0]=11111111011111111101111111111110, sa_flags=SA_RESTART|SA_SIGINFO
SIGUSR1: SIG_DFL, sa_mask[0]=00000000000000000000000000000000, sa_flags=none
SIGUSR2: [libjvm.so+0x9267d0], sa_mask[0]=00100000000000000000000000000000, sa_flags=SA_RESTART|SA_SIGINFO
SIGHUP: [libjvm.so+0x927bd0], sa_mask[0]=11111111011111111101111111111110, sa_flags=SA_RESTART|SA_SIGINFO
SIGINT: SIG_IGN, sa_mask[0]=00000000000000000000000000000000, sa_flags=none
SIGTERM: [libjvm.so+0x927bd0], sa_mask[0]=11111111011111111101111111111110, sa_flags=SA_RESTART|SA_SIGINFO
SIGQUIT: [libjvm.so+0x927bd0], sa_mask[0]=11111111011111111101111111111110, sa_flags=SA_RESTART|SA_SIGINFO


---------------  S Y S T E M  ---------------

OS:DISTRIB_ID=Ubuntu
DISTRIB_RELEASE=17.04
DISTRIB_CODENAME=zesty
DISTRIB_DESCRIPTION="Ubuntu 17.04"

uname:Linux 4.10.0-38-generic #42-Ubuntu SMP Tue Oct 10 13:24:27 UTC 2017 x86_64
libc:glibc 2.24 NPTL 2.24 
rlimit: STACK 8192k, CORE 0k, NPROC 15602, NOFILE 1048576, AS infinity
load average:1.46 0.50 0.37

/proc/meminfo:
MemTotal:        4039872 kB
MemFree:          109348 kB
MemAvailable:      33964 kB
Buffers:            1964 kB
Cached:            64216 kB
SwapCached:         4732 kB
Active:          3101164 kB
Inactive:         596644 kB
Active(anon):    3074884 kB
Inactive(anon):   573792 kB
Active(file):      26280 kB
Inactive(file):    22852 kB
Unevictable:          32 kB
Mlocked:              32 kB
SwapTotal:       2097148 kB
SwapFree:             28 kB
Dirty:               244 kB
Writeback:             0 kB
AnonPages:       3628456 kB
Mapped:            50056 kB
Shmem:             16756 kB
Slab:              93576 kB
SReclaimable:      43504 kB
SUnreclaim:        50072 kB
KernelStack:       16220 kB
PageTables:        82540 kB
NFS_Unstable:          0 kB
Bounce:                0 kB
WritebackTmp:          0 kB
CommitLimit:     4117084 kB
Committed_AS:   11201044 kB
VmallocTotal:   34359738367 kB
VmallocUsed:           0 kB
VmallocChunk:          0 kB
HardwareCorrupted:     0 kB
AnonHugePages:   1187840 kB
ShmemHugePages:        0 kB
ShmemPmdMapped:        0 kB
CmaTotal:              0 kB
CmaFree:               0 kB
HugePages_Total:       0
HugePages_Free:        0
HugePages_Rsvd:        0
HugePages_Surp:        0
Hugepagesize:       2048 kB
DirectMap4k:      159664 kB
DirectMap2M:     4034560 kB


CPU:total 2 (initial active 2) (2 cores per cpu, 1 threads per core) family 6 model 70 stepping 1, cmov, cx8, fxsr, mmx, sse, sse2, sse3, ssse3, sse4.1, sse4.2, popcnt, avx, avx2, aes, clmul, erms, lzcnt, tsc, tscinvbit, bmi1, bmi2

/proc/cpuinfo:
processor	: 0
vendor_id	: GenuineIntel
cpu family	: 6
model		: 70
model name	: Intel(R) Core(TM) i7-4870HQ CPU @ 2.50GHz
stepping	: 1
microcode	: 0x13
cpu MHz		: 2494.226
cache size	: 6144 KB
physical id	: 0
siblings	: 2
core id		: 0
cpu cores	: 2
apicid		: 0
initial apicid	: 0
fpu		: yes
fpu_exception	: yes
cpuid level	: 13
wp		: yes
flags		: fpu vme de pse tsc msr pae mce cx8 apic sep mtrr pge mca cmov pat pse36 clflush mmx fxsr sse sse2 ss ht syscall nx rdtscp lm constant_tsc nopl xtopology nonstop_tsc pni pclmulqdq ssse3 fma cx16 pcid sse4_1 sse4_2 x2apic movbe popcnt tsc_deadline_timer aes xsave avx f16c rdrand hypervisor lahf_lm abm fsgsbase tsc_adjust bmi1 avx2 smep bmi2 invpcid xsaveopt dtherm arat pln pts
bugs		:
bogomips	: 4988.45
clflush size	: 64
cache_alignment	: 64
address sizes	: 36 bits physical, 48 bits virtual
power management:

processor	: 1
vendor_id	: GenuineIntel
cpu family	: 6
model		: 70
model name	: Intel(R) Core(TM) i7-4870HQ CPU @ 2.50GHz
stepping	: 1
microcode	: 0x13
cpu MHz		: 2494.226
cache size	: 6144 KB
physical id	: 0
siblings	: 2
core id		: 1
cpu cores	: 2
apicid		: 1
initial apicid	: 1
fpu		: yes
fpu_exception	: yes
cpuid level	: 13
wp		: yes
flags		: fpu vme de pse tsc msr pae mce cx8 apic sep mtrr pge mca cmov pat pse36 clflush mmx fxsr sse sse2 ss ht syscall nx rdtscp lm constant_tsc nopl xtopology nonstop_tsc pni pclmulqdq ssse3 fma cx16 pcid sse4_1 sse4_2 x2apic movbe popcnt tsc_deadline_timer aes xsave avx f16c rdrand hypervisor lahf_lm abm fsgsbase tsc_adjust bmi1 avx2 smep bmi2 invpcid xsaveopt dtherm arat pln pts
bugs		:
bogomips	: 4988.45
clflush size	: 64
cache_alignment	: 64
address sizes	: 36 bits physical, 48 bits virtual
power management:



Memory: 4k page, physical 4039872k(110200k free), swap 2097148k(28k free)

vm_info: Java HotSpot(TM) 64-Bit Server VM (25.151-b12) for linux-amd64 JRE (1.8.0_151-b12), built on Sep  5 2017 19:20:58 by "java_re" with gcc 4.3.0 20080428 (Red Hat 4.3.0-8)

time: Mon Nov  6 12:59:54 2017
elapsed time: 4 seconds (0d 0h 0m 4s)

