#
# There is insufficient memory for the Java Runtime Environment to continue.
# Native memory allocation (mmap) failed to map 123207680 bytes for committing reserved memory.
# Possible reasons:
#   The system is out of physical RAM or swap space
#   In 32 bit mode, the process size limit was hit
# Possible solutions:
#   Reduce memory load on the system
#   Increase physical memory or swap space
#   Check if swap backing store is full
#   Use 64 bit Java on a 64 bit OS
#   Decrease Java heap size (-Xmx/-Xms)
#   Decrease number of Java threads
#   Decrease Java thread stack sizes (-Xss)
#   Set larger code cache with -XX:ReservedCodeCacheSize=
# This output file may be truncated or incomplete.
#
#  Out of Memory Error (os_linux.cpp:2640), pid=23821, tid=0x00007f2a5c4f2700
#
# JRE version: Java(TM) SE Runtime Environment (8.0_144-b01) (build 1.8.0_144-b01)
# Java VM: Java HotSpot(TM) 64-Bit Server VM (25.144-b01 mixed mode linux-amd64 compressed oops)
# Failed to write core dump. Core dumps have been disabled. To enable core dumping, try "ulimit -c unlimited" before starting Java again
#

---------------  T H R E A D  ---------------

Current thread (0x00007f2a580fc000):  VMThread [stack: 0x00007f2a5c3f2000,0x00007f2a5c4f3000] [id=23826]

Stack: [0x00007f2a5c3f2000,0x00007f2a5c4f3000],  sp=0x00007f2a5c4f0f80,  free space=1019k
Native frames: (J=compiled Java code, j=interpreted, Vv=VM code, C=native code)
V  [libjvm.so+0xacb18a]  VMError::report_and_die()+0x2ba
V  [libjvm.so+0x4ff4db]  report_vm_out_of_memory(char const*, int, unsigned long, VMErrorType, char const*)+0x8b
V  [libjvm.so+0x927d23]  os::Linux::commit_memory_impl(char*, unsigned long, bool)+0x103
V  [libjvm.so+0x928279]  os::pd_commit_memory(char*, unsigned long, unsigned long, bool)+0x29
V  [libjvm.so+0x92249a]  os::commit_memory(char*, unsigned long, unsigned long, bool)+0x2a
V  [libjvm.so+0x996ff3]  PSVirtualSpace::expand_by(unsigned long)+0x53
V  [libjvm.so+0x9983f8]  PSYoungGen::resize_generation(unsigned long, unsigned long)+0xf8
V  [libjvm.so+0x997552]  PSYoungGen::resize(unsigned long, unsigned long)+0x22
V  [libjvm.so+0x99482b]  PSScavenge::invoke_no_policy()+0xf3b
V  [libjvm.so+0x98fad5]  PSParallelCompact::invoke(bool)+0x85
V  [libjvm.so+0x485f14]  CollectedHeap::collect_as_vm_thread(GCCause::Cause)+0x114
V  [libjvm.so+0xacc601]  VM_CollectForMetadataAllocation::doit()+0x161
V  [libjvm.so+0xad4685]  VM_Operation::evaluate()+0x55
V  [libjvm.so+0xad2a5a]  VMThread::evaluate_operation(VM_Operation*)+0xba
V  [libjvm.so+0xad2dde]  VMThread::loop()+0x1ce
V  [libjvm.so+0xad3250]  VMThread::run()+0x70
V  [libjvm.so+0x92a338]  java_start(Thread*)+0x108

VM_Operation (0x00007f2a614a9230): CollectForMetadataAllocation, mode: safepoint, requested by thread 0x00007f2a5800b000


---------------  P R O C E S S  ---------------

Java Threads: ( => current thread )
  0x00007f2a5881b000 JavaThread "Service Thread" daemon [_thread_blocked, id=23832, stack(0x00007f2a45ee7000,0x00007f2a45fe8000)]
  0x00007f2a58817000 JavaThread "C1 CompilerThread1" daemon [_thread_blocked, id=23831, stack(0x00007f2a45fe8000,0x00007f2a460e9000)]
  0x00007f2a58801000 JavaThread "C2 CompilerThread0" daemon [_thread_blocked, id=23830, stack(0x00007f2a460e9000,0x00007f2a461ea000)]
  0x00007f2a5813b800 JavaThread "Signal Dispatcher" daemon [_thread_blocked, id=23829, stack(0x00007f2a5c0ef000,0x00007f2a5c1f0000)]
  0x00007f2a58108000 JavaThread "Finalizer" daemon [_thread_blocked, id=23828, stack(0x00007f2a5c1f0000,0x00007f2a5c2f1000)]
  0x00007f2a58103800 JavaThread "Reference Handler" daemon [_thread_blocked, id=23827, stack(0x00007f2a5c2f1000,0x00007f2a5c3f2000)]
  0x00007f2a5800b000 JavaThread "main" [_thread_blocked, id=23823, stack(0x00007f2a613ad000,0x00007f2a614ae000)]

Other Threads:
=>0x00007f2a580fc000 VMThread [stack: 0x00007f2a5c3f2000,0x00007f2a5c4f3000] [id=23826]
  0x00007f2a5884e800 WatcherThread [stack: 0x00007f2a45de6000,0x00007f2a45ee7000] [id=23833]

VM state:at safepoint (normal execution)

VM Mutex/Monitor currently owned by a thread:  ([mutex/lock_event])
[0x00007f2a580072e0] Threads_lock - owner thread: 0x00007f2a580fc000
[0x00007f2a580077e0] Heap_lock - owner thread: 0x00007f2a5800b000

Heap:
 PSYoungGen      total 207360K, used 2044K [0x00000000eb700000, 0x00000000f8700000, 0x0000000100000000)
  eden space 201728K, 0% used [0x00000000eb700000,0x00000000eb700000,0x00000000f7c00000)
  from space 5632K, 36% used [0x00000000f7c00000,0x00000000f7dff2a8,0x00000000f8180000)
  to   space 5632K, 0% used [0x00000000f8180000,0x00000000f8180000,0x00000000f8700000)
 ParOldGen       total 42496K, used 6619K [0x00000000c2400000, 0x00000000c4d80000, 0x00000000eb700000)
  object space 42496K, 15% used [0x00000000c2400000,0x00000000c2a76c80,0x00000000c4d80000)
 Metaspace       used 20800K, capacity 21040K, committed 21248K, reserved 1069056K
  class space    used 2194K, capacity 2266K, committed 2304K, reserved 1048576K

Card table byte_map: [0x00007f2a5dd5f000,0x00007f2a5df4e000] byte_map_base: 0x00007f2a5d74d000

Marking Bits: (ParMarkBitMap*) 0x00007f2a60888dc0
 Begin Bits: [0x00007f2a47120000, 0x00007f2a48090000)
 End Bits:   [0x00007f2a48090000, 0x00007f2a49000000)

Polling page: 0x00007f2a614d6000

CodeCache: size=245760Kb used=7850Kb max_used=7858Kb free=237909Kb
 bounds [0x00007f2a49000000, 0x00007f2a497c0000, 0x00007f2a58000000]
 total_blobs=2987 nmethods=2577 adapters=323
 compilation: enabled

Compilation events (10 events):
Event: 5.121 Thread 0x00007f2a58801000 2565       4       org.jacoco.agent.rt.internal_b0d6a23.asm.MethodWriter::visitJumpInsn (390 bytes)
Event: 5.124 Thread 0x00007f2a58801000 nmethod 2565 0x00007f2a497a3050 code [0x00007f2a497a31c0, 0x00007f2a497a3548]
Event: 5.124 Thread 0x00007f2a58801000 2500   !   4       java.lang.StringCoding::encode (120 bytes)
Event: 5.131 Thread 0x00007f2a58817000 2590   !   3       java.util.AbstractList$Itr::next (45 bytes)
Event: 5.132 Thread 0x00007f2a58817000 nmethod 2590 0x00007f2a497ab890 code [0x00007f2a497aba60, 0x00007f2a497ac0b8]
Event: 5.132 Thread 0x00007f2a58801000 nmethod 2500 0x00007f2a497af750 code [0x00007f2a497af920, 0x00007f2a497b00a8]
Event: 5.132 Thread 0x00007f2a58801000 2533       4       org.jacoco.agent.rt.internal_b0d6a23.asm.tree.LabelNode::<init> (6 bytes)
Event: 5.133 Thread 0x00007f2a58801000 nmethod 2533 0x00007f2a497ab5d0 code [0x00007f2a497ab720, 0x00007f2a497ab798]
Event: 5.133 Thread 0x00007f2a58801000 2545       4       org.jacoco.agent.rt.internal_b0d6a23.asm.tree.InsnNode::<init> (6 bytes)
Event: 5.133 Thread 0x00007f2a58801000 nmethod 2545 0x00007f2a497ac8d0 code [0x00007f2a497aca20, 0x00007f2a497aca98]

GC Heap History (10 events):
Event: 2.399 GC heap after
Heap after GC invocations=6 (full 0):
 PSYoungGen      total 66560K, used 3573K [0x00000000eb700000, 0x00000000efd00000, 0x0000000100000000)
  eden space 62976K, 0% used [0x00000000eb700000,0x00000000eb700000,0x00000000ef480000)
  from space 3584K, 99% used [0x00000000ef880000,0x00000000efbfd418,0x00000000efc00000)
  to   space 4096K, 0% used [0x00000000ef480000,0x00000000ef480000,0x00000000ef880000)
 ParOldGen       total 42496K, used 1008K [0x00000000c2400000, 0x00000000c4d80000, 0x00000000eb700000)
  object space 42496K, 2% used [0x00000000c2400000,0x00000000c24fc308,0x00000000c4d80000)
 Metaspace       used 12616K, capacity 12892K, committed 13184K, reserved 1060864K
  class space    used 1250K, capacity 1324K, committed 1408K, reserved 1048576K
}
Event: 3.002 GC heap before
{Heap before GC invocations=7 (full 0):
 PSYoungGen      total 66560K, used 66549K [0x00000000eb700000, 0x00000000efd00000, 0x0000000100000000)
  eden space 62976K, 100% used [0x00000000eb700000,0x00000000ef480000,0x00000000ef480000)
  from space 3584K, 99% used [0x00000000ef880000,0x00000000efbfd418,0x00000000efc00000)
  to   space 4096K, 0% used [0x00000000ef480000,0x00000000ef480000,0x00000000ef880000)
 ParOldGen       total 42496K, used 1008K [0x00000000c2400000, 0x00000000c4d80000, 0x00000000eb700000)
  object space 42496K, 2% used [0x00000000c2400000,0x00000000c24fc308,0x00000000c4d80000)
 Metaspace       used 15028K, capacity 15246K, committed 15488K, reserved 1062912K
  class space    used 1541K, capacity 1615K, committed 1664K, reserved 1048576K
Event: 3.030 GC heap after
Heap after GC invocations=7 (full 0):
 PSYoungGen      total 67072K, used 4076K [0x00000000eb700000, 0x00000000f3d00000, 0x0000000100000000)
  eden space 62976K, 0% used [0x00000000eb700000,0x00000000eb700000,0x00000000ef480000)
  from space 4096K, 99% used [0x00000000ef480000,0x00000000ef87b3f0,0x00000000ef880000)
  to   space 5632K, 0% used [0x00000000f3780000,0x00000000f3780000,0x00000000f3d00000)
 ParOldGen       total 42496K, used 2733K [0x00000000c2400000, 0x00000000c4d80000, 0x00000000eb700000)
  object space 42496K, 6% used [0x00000000c2400000,0x00000000c26ab7d0,0x00000000c4d80000)
 Metaspace       used 15028K, capacity 15246K, committed 15488K, reserved 1062912K
  class space    used 1541K, capacity 1615K, committed 1664K, reserved 1048576K
}
Event: 3.408 GC heap before
{Heap before GC invocations=8 (full 0):
 PSYoungGen      total 67072K, used 67018K [0x00000000eb700000, 0x00000000f3d00000, 0x0000000100000000)
  eden space 62976K, 99% used [0x00000000eb700000,0x00000000ef477480,0x00000000ef480000)
  from space 4096K, 99% used [0x00000000ef480000,0x00000000ef87b3f0,0x00000000ef880000)
  to   space 5632K, 0% used [0x00000000f3780000,0x00000000f3780000,0x00000000f3d00000)
 ParOldGen       total 42496K, used 2733K [0x00000000c2400000, 0x00000000c4d80000, 0x00000000eb700000)
  object space 42496K, 6% used [0x00000000c2400000,0x00000000c26ab7d0,0x00000000c4d80000)
 Metaspace       used 15824K, capacity 16020K, committed 16384K, reserved 1064960K
  class space    used 1611K, capacity 1680K, committed 1792K, reserved 1048576K
Event: 3.415 GC heap after
Heap after GC invocations=8 (full 0):
 PSYoungGen      total 130560K, used 3064K [0x00000000eb700000, 0x00000000f3c00000, 0x0000000100000000)
  eden space 125952K, 0% used [0x00000000eb700000,0x00000000eb700000,0x00000000f3200000)
  from space 4608K, 66% used [0x00000000f3780000,0x00000000f3a7e0f8,0x00000000f3c00000)
  to   space 5120K, 0% used [0x00000000f3200000,0x00000000f3200000,0x00000000f3700000)
 ParOldGen       total 42496K, used 3045K [0x00000000c2400000, 0x00000000c4d80000, 0x00000000eb700000)
  object space 42496K, 7% used [0x00000000c2400000,0x00000000c26f97d0,0x00000000c4d80000)
 Metaspace       used 15824K, capacity 16020K, committed 16384K, reserved 1064960K
  class space    used 1611K, capacity 1680K, committed 1792K, reserved 1048576K
}
Event: 3.477 GC heap before
{Heap before GC invocations=9 (full 0):
 PSYoungGen      total 130560K, used 129004K [0x00000000eb700000, 0x00000000f3c00000, 0x0000000100000000)
  eden space 125952K, 99% used [0x00000000eb700000,0x00000000f31fcf58,0x00000000f3200000)
  from space 4608K, 66% used [0x00000000f3780000,0x00000000f3a7e0f8,0x00000000f3c00000)
  to   space 5120K, 0% used [0x00000000f3200000,0x00000000f3200000,0x00000000f3700000)
 ParOldGen       total 42496K, used 3045K [0x00000000c2400000, 0x00000000c4d80000, 0x00000000eb700000)
  object space 42496K, 7% used [0x00000000c2400000,0x00000000c26f97d0,0x00000000c4d80000)
 Metaspace       used 15824K, capacity 16020K, committed 16384K, reserved 1064960K
  class space    used 1611K, capacity 1680K, committed 1792K, reserved 1048576K
Event: 3.496 GC heap after
Heap after GC invocations=9 (full 0):
 PSYoungGen      total 131072K, used 1216K [0x00000000eb700000, 0x00000000f8700000, 0x0000000100000000)
  eden space 125952K, 0% used [0x00000000eb700000,0x00000000eb700000,0x00000000f3200000)
  from space 5120K, 23% used [0x00000000f3200000,0x00000000f3330128,0x00000000f3700000)
  to   space 5632K, 0% used [0x00000000f8180000,0x00000000f8180000,0x00000000f8700000)
 ParOldGen       total 42496K, used 4709K [0x00000000c2400000, 0x00000000c4d80000, 0x00000000eb700000)
  object space 42496K, 11% used [0x00000000c2400000,0x00000000c2899570,0x00000000c4d80000)
 Metaspace       used 15824K, capacity 16020K, committed 16384K, reserved 1064960K
  class space    used 1611K, capacity 1680K, committed 1792K, reserved 1048576K
}
Event: 4.634 GC heap before
{Heap before GC invocations=10 (full 0):
 PSYoungGen      total 131072K, used 127168K [0x00000000eb700000, 0x00000000f8700000, 0x0000000100000000)
  eden space 125952K, 100% used [0x00000000eb700000,0x00000000f3200000,0x00000000f3200000)
  from space 5120K, 23% used [0x00000000f3200000,0x00000000f3330128,0x00000000f3700000)
  to   space 5632K, 0% used [0x00000000f8180000,0x00000000f8180000,0x00000000f8700000)
 ParOldGen       total 42496K, used 4709K [0x00000000c2400000, 0x00000000c4d80000, 0x00000000eb700000)
  object space 42496K, 11% used [0x00000000c2400000,0x00000000c2899570,0x00000000c4d80000)
 Metaspace       used 17549K, capacity 17776K, committed 18048K, reserved 1064960K
  class space    used 1815K, capacity 1882K, committed 1920K, reserved 1048576K
Event: 4.646 GC heap after
Heap after GC invocations=10 (full 0):
 PSYoungGen      total 207360K, used 1627K [0x00000000eb700000, 0x00000000f8700000, 0x0000000100000000)
  eden space 201728K, 0% used [0x00000000eb700000,0x00000000eb700000,0x00000000f7c00000)
  from space 5632K, 28% used [0x00000000f8180000,0x00000000f8316dc0,0x00000000f8700000)
  to   space 5632K, 0% used [0x00000000f7c00000,0x00000000f7c00000,0x00000000f8180000)
 ParOldGen       total 42496K, used 5722K [0x00000000c2400000, 0x00000000c4d80000, 0x00000000eb700000)
  object space 42496K, 13% used [0x00000000c2400000,0x00000000c2996878,0x00000000c4d80000)
 Metaspace       used 17549K, capacity 17776K, committed 18048K, reserved 1064960K
  class space    used 1815K, capacity 1882K, committed 1920K, reserved 1048576K
}
Event: 5.161 GC heap before
{Heap before GC invocations=11 (full 0):
 PSYoungGen      total 207360K, used 45727K [0x00000000eb700000, 0x00000000f8700000, 0x0000000100000000)
  eden space 201728K, 21% used [0x00000000eb700000,0x00000000ee2111d8,0x00000000f7c00000)
  from space 5632K, 28% used [0x00000000f8180000,0x00000000f8316dc0,0x00000000f8700000)
  to   space 5632K, 0% used [0x00000000f7c00000,0x00000000f7c00000,0x00000000f8180000)
 ParOldGen       total 42496K, used 5722K [0x00000000c2400000, 0x00000000c4d80000, 0x00000000eb700000)
  object space 42496K, 13% used [0x00000000c2400000,0x00000000c2996878,0x00000000c4d80000)
 Metaspace       used 20800K, capacity 21040K, committed 21248K, reserved 1069056K
  class space    used 2194K, capacity 2266K, committed 2304K, reserved 1048576K

Deoptimization events (10 events):
Event: 0.904 Thread 0x00007f2a5800b000 Uncommon trap: reason=unstable_if action=reinterpret pc=0x00007f2a49220d84 method=org.jacoco.agent.rt.internal_b0d6a23.asm.ClassReader.readUTF(II[C)Ljava/lang/String; @ 77
Event: 0.971 Thread 0x00007f2a5800b000 Uncommon trap: reason=unstable_if action=reinterpret pc=0x00007f2a49206724 method=java.util.HashMap.getNode(ILjava/lang/Object;)Ljava/util/HashMap$Node; @ 62
Event: 1.051 Thread 0x00007f2a5800b000 Uncommon trap: reason=unstable_if action=reinterpret pc=0x00007f2a492aec44 method=java.util.ArrayList.remove(I)Ljava/lang/Object; @ 31
Event: 1.157 Thread 0x00007f2a5800b000 Uncommon trap: reason=unstable_if action=reinterpret pc=0x00007f2a49251698 method=org.jacoco.agent.rt.internal_b0d6a23.asm.Item.isEqualTo(Lorg/jacoco/agent/rt/internal_b0d6a23/asm/Item;)Z @ 345
Event: 1.706 Thread 0x00007f2a5800b000 Uncommon trap: reason=unstable_if action=reinterpret pc=0x00007f2a4939f788 method=sun.misc.MetaIndex.mayContain(Ljava/lang/String;)Z @ 13
Event: 1.764 Thread 0x00007f2a5800b000 Uncommon trap: reason=null_check action=make_not_entrant pc=0x00007f2a49112144 method=java.lang.String.equals(Ljava/lang/Object;)Z @ 8
Event: 4.564 Thread 0x00007f2a5800b000 Uncommon trap: reason=unstable_if action=reinterpret pc=0x00007f2a4957f700 method=org.jacoco.agent.rt.internal_b0d6a23.asm.Type.getArgumentsAndReturnSizes(Ljava/lang/String;)I @ 47
Event: 4.689 Thread 0x00007f2a5800b000 Uncommon trap: reason=unstable_if action=reinterpret pc=0x00007f2a497344c8 method=org.jacoco.agent.rt.internal_b0d6a23.asm.Item.isEqualTo(Lorg/jacoco/agent/rt/internal_b0d6a23/asm/Item;)Z @ 251
Event: 4.887 Thread 0x00007f2a5800b000 Uncommon trap: reason=unstable_if action=reinterpret pc=0x00007f2a496e17f0 method=org.jacoco.agent.rt.internal_b0d6a23.asm.commons.AnalyzerAdapter.visitLabel(Lorg/jacoco/agent/rt/internal_b0d6a23/asm/Label;)V @ 19
Event: 4.982 Thread 0x00007f2a5800b000 Uncommon trap: reason=unstable_if action=reinterpret pc=0x00007f2a496c5d30 method=org.jacoco.agent.rt.internal_b0d6a23.core.internal.flow.LabelFlowAnalyzer.markMethodInvocationLine()V @ 4

Internal exceptions (10 events):
Event: 4.840 Thread 0x00007f2a5800b000 Exception <a 'sun/nio/fs/UnixException'> (0x00000000ec2ae310) thrown at [/HUDSON3/workspace/8-2-build-linux-amd64/jdk8u144/9417/hotspot/src/share/vm/prims/jni.cpp, line 709]
Event: 4.841 Thread 0x00007f2a5800b000 Exception <a 'sun/nio/fs/UnixException'> (0x00000000ec2af300) thrown at [/HUDSON3/workspace/8-2-build-linux-amd64/jdk8u144/9417/hotspot/src/share/vm/prims/jni.cpp, line 709]
Event: 4.841 Thread 0x00007f2a5800b000 Exception <a 'sun/nio/fs/UnixException'> (0x00000000ec2b02a0) thrown at [/HUDSON3/workspace/8-2-build-linux-amd64/jdk8u144/9417/hotspot/src/share/vm/prims/jni.cpp, line 709]
Event: 4.842 Thread 0x00007f2a5800b000 Exception <a 'sun/nio/fs/UnixException'> (0x00000000ec2b4c10) thrown at [/HUDSON3/workspace/8-2-build-linux-amd64/jdk8u144/9417/hotspot/src/share/vm/prims/jni.cpp, line 709]
Event: 4.852 Thread 0x00007f2a5800b000 Exception <a 'sun/nio/fs/UnixException'> (0x00000000ec2f9d50) thrown at [/HUDSON3/workspace/8-2-build-linux-amd64/jdk8u144/9417/hotspot/src/share/vm/prims/jni.cpp, line 709]
Event: 4.854 Thread 0x00007f2a5800b000 Exception <a 'sun/nio/fs/UnixException'> (0x00000000ec2ffe88) thrown at [/HUDSON3/workspace/8-2-build-linux-amd64/jdk8u144/9417/hotspot/src/share/vm/prims/jni.cpp, line 709]
Event: 4.854 Thread 0x00007f2a5800b000 Exception <a 'sun/nio/fs/UnixException'> (0x00000000ec301450) thrown at [/HUDSON3/workspace/8-2-build-linux-amd64/jdk8u144/9417/hotspot/src/share/vm/prims/jni.cpp, line 709]
Event: 4.981 Thread 0x00007f2a5800b000 Implicit null exception at 0x00007f2a496c5c58 to 0x00007f2a496c5d1d
Event: 5.114 Thread 0x00007f2a5800b000 Exception <a 'java/security/PrivilegedActionException'> (0x00000000ee0422d0) thrown at [/HUDSON3/workspace/8-2-build-linux-amd64/jdk8u144/9417/hotspot/src/share/vm/prims/jvm.cpp, line 1390]
Event: 5.114 Thread 0x00007f2a5800b000 Exception <a 'java/security/PrivilegedActionException'> (0x00000000ee0426c8) thrown at [/HUDSON3/workspace/8-2-build-linux-amd64/jdk8u144/9417/hotspot/src/share/vm/prims/jvm.cpp, line 1390]

Events (10 events):
Event: 5.159 loading class com/sun/org/apache/xerces/internal/impl/dv/xs/AbstractDateTimeDV$DateTimeData done
Event: 5.159 loading class com/sun/org/apache/xerces/internal/impl/dv/xs/DateTimeDV
Event: 5.159 loading class com/sun/org/apache/xerces/internal/impl/dv/xs/DateTimeDV done
Event: 5.159 loading class com/sun/org/apache/xerces/internal/impl/dv/xs/TimeDV
Event: 5.159 loading class com/sun/org/apache/xerces/internal/impl/dv/xs/TimeDV done
Event: 5.160 loading class com/sun/org/apache/xerces/internal/impl/dv/xs/DateDV
Event: 5.160 loading class com/sun/org/apache/xerces/internal/impl/dv/xs/DateDV done
Event: 5.160 loading class com/sun/org/apache/xerces/internal/impl/dv/xs/YearMonthDV
Event: 5.160 loading class com/sun/org/apache/xerces/internal/impl/dv/xs/YearMonthDV done
Event: 5.161 Executing VM operation: CollectForMetadataAllocation


Dynamic libraries:
00400000-00401000 r-xp 00000000 08:01 2106691                            /usr/lib/jvm/java-8-oracle/jre/bin/java
00600000-00601000 rw-p 00000000 08:01 2106691                            /usr/lib/jvm/java-8-oracle/jre/bin/java
013b3000-013d4000 rw-p 00000000 00:00 0                                  [heap]
c2400000-c4d80000 rw-p 00000000 00:00 0 
c4d80000-eb700000 ---p 00000000 00:00 0 
eb700000-f8700000 rw-p 00000000 00:00 0 
ffc80000-100000000 ---p 00000000 00:00 0 
100000000-100240000 rw-p 00000000 00:00 0 
100240000-140000000 ---p 00000000 00:00 0 
7f2a14000000-7f2a14021000 rw-p 00000000 00:00 0 
7f2a14021000-7f2a18000000 ---p 00000000 00:00 0 
7f2a1c000000-7f2a1cd08000 rw-p 00000000 00:00 0 
7f2a1cd08000-7f2a20000000 ---p 00000000 00:00 0 
7f2a20000000-7f2a20021000 rw-p 00000000 00:00 0 
7f2a20021000-7f2a24000000 ---p 00000000 00:00 0 
7f2a24000000-7f2a2576b000 rw-p 00000000 00:00 0 
7f2a2576b000-7f2a28000000 ---p 00000000 00:00 0 
7f2a28000000-7f2a28021000 rw-p 00000000 00:00 0 
7f2a28021000-7f2a2c000000 ---p 00000000 00:00 0 
7f2a2cfff000-7f2a30000000 rw-p 00000000 00:00 0 
7f2a30000000-7f2a30021000 rw-p 00000000 00:00 0 
7f2a30021000-7f2a34000000 ---p 00000000 00:00 0 
7f2a34000000-7f2a34021000 rw-p 00000000 00:00 0 
7f2a34021000-7f2a38000000 ---p 00000000 00:00 0 
7f2a38000000-7f2a38021000 rw-p 00000000 00:00 0 
7f2a38021000-7f2a3c000000 ---p 00000000 00:00 0 
7f2a3c000000-7f2a3c28e000 rw-p 00000000 00:00 0 
7f2a3c28e000-7f2a40000000 ---p 00000000 00:00 0 
7f2a40000000-7f2a40021000 rw-p 00000000 00:00 0 
7f2a40021000-7f2a44000000 ---p 00000000 00:00 0 
7f2a44f69000-7f2a44fe9000 rw-p 00000000 00:00 0 
7f2a44fe9000-7f2a45169000 ---p 00000000 00:00 0 
7f2a45169000-7f2a45369000 rw-p 00000000 00:00 0 
7f2a45369000-7f2a45569000 rw-p 00000000 00:00 0 
7f2a45569000-7f2a45585000 r--s 00393000 08:01 2106535                    /usr/lib/jvm/java-8-oracle/jre/lib/ext/cldrdata.jar
7f2a45585000-7f2a4558f000 r--s 00116000 08:01 2106532                    /usr/lib/jvm/java-8-oracle/jre/lib/ext/localedata.jar
7f2a4558f000-7f2a4578f000 rw-p 00000000 00:00 0 
7f2a4578f000-7f2a457a2000 r--s 00345000 08:01 1976712                    /usr/lib/jvm/java-8-oracle/jre/lib/resources.jar
7f2a457a2000-7f2a459a2000 rw-p 00000000 00:00 0 
7f2a459a7000-7f2a45ba7000 rw-p 00000000 00:00 0 
7f2a45ba7000-7f2a45ba9000 r--s 00007000 08:01 791719                     /home/madunlap/.m2/repository/org/apache/maven/surefire/surefire-junit4/2.10/surefire-junit4-2.10.jar
7f2a45ba9000-7f2a45bab000 r--s 0000b000 08:01 921145                     /home/madunlap/.m2/repository/org/json/json/20160212/json-20160212.jar
7f2a45bab000-7f2a45bad000 r--s 00009000 08:01 921147                     /home/madunlap/.m2/repository/com/mashape/unirest/unirest-java/1.4.9/unirest-java-1.4.9.jar
7f2a45bad000-7f2a45baf000 r--s 0000e000 08:01 921141                     /home/madunlap/.m2/repository/org/jvnet/mimepull/mimepull/1.9.6/mimepull-1.9.6.jar
7f2a45baf000-7f2a45bb2000 r--s 0000e000 08:01 921143                     /home/madunlap/.m2/repository/org/glassfish/jersey/media/jersey-media-multipart/2.23.2/jersey-media-multipart-2.23.2.jar
7f2a45bb2000-7f2a45bb6000 r--s 00019000 08:01 921137                     /home/madunlap/.m2/repository/javax/ws/rs/javax.ws.rs-api/2.0.1/javax.ws.rs-api-2.0.1.jar
7f2a45bb6000-7f2a45bb8000 r--s 00010000 08:01 921134                     /home/madunlap/.m2/repository/org/glassfish/jersey/media/jersey-media-jaxb/2.23.2/jersey-media-jaxb-2.23.2.jar
7f2a45bb8000-7f2a45bbd000 r--s 00025000 08:01 921138                     /home/madunlap/.m2/repository/org/glassfish/jersey/core/jersey-client/2.23.2/jersey-client-2.23.2.jar
7f2a45bbd000-7f2a45bd3000 r--s 000d3000 08:01 921133                     /home/madunlap/.m2/repository/org/glassfish/jersey/core/jersey-server/2.23.2/jersey-server-2.23.2.jar
7f2a45bd3000-7f2a45bd4000 r--s 00004000 08:01 921129                     /home/madunlap/.m2/repository/org/glassfish/hk2/osgi-resource-locator/1.0.1/osgi-resource-locator-1.0.1.jar
7f2a45bd4000-7f2a45bde000 r--s 000ae000 08:01 921127                     /home/madunlap/.m2/repository/org/javassist/javassist/3.20.0-GA/javassist-3.20.0-GA.jar
7f2a45bde000-7f2a45be1000 r--s 0002a000 08:01 921123                     /home/madunlap/.m2/repository/org/glassfish/hk2/hk2-locator/2.5.0-b05/hk2-locator-2.5.0-b05.jar
7f2a45be1000-7f2a45be3000 r--s 00002000 08:01 921128                     /home/madunlap/.m2/repository/org/glassfish/hk2/external/aopalliance-repackaged/2.5.0-b05/aopalliance-repackaged-2.5.0-b05.jar
7f2a45be3000-7f2a45be7000 r--s 0001a000 08:01 921125                     /home/madunlap/.m2/repository/org/glassfish/hk2/hk2-utils/2.5.0-b05/hk2-utils-2.5.0-b05.jar
7f2a45be7000-7f2a45bec000 r--s 00027000 08:01 921118                     /home/madunlap/.m2/repository/org/glassfish/hk2/hk2-api/2.5.0-b05/hk2-api-2.5.0-b05.jar
7f2a45bec000-7f2a45c04000 r--s 000d6000 08:01 921120                     /home/madunlap/.m2/repository/org/glassfish/jersey/bundles/repackaged/jersey-guava/2.23.2/jersey-guava-2.23.2.jar
7f2a45c04000-7f2a45c06000 r--s 00005000 08:01 921116                     /home/madunlap/.m2/repository/javax/annotation/javax.annotation-api/1.2/javax.annotation-api-1.2.jar
7f2a45c06000-7f2a45c15000 r--s 000a0000 08:01 921111                     /home/madunlap/.m2/repository/org/glassfish/jersey/core/jersey-common/2.23.2/jersey-common-2.23.2.jar
7f2a45c15000-7f2a45c16000 r--s 00001000 08:01 921113                     /home/madunlap/.m2/repository/org/glassfish/hk2/external/javax.inject/2.5.0-b05/javax.inject-2.5.0-b05.jar
7f2a45c16000-7f2a45c19000 r--s 0000e000 08:01 921110                     /home/madunlap/.m2/repository/org/glassfish/jersey/containers/jersey-container-servlet-core/2.23.2/jersey-container-servlet-core-2.23.2.jar
7f2a45c19000-7f2a45c1b000 r--s 00003000 08:01 921107                     /home/madunlap/.m2/repository/org/glassfish/jersey/containers/jersey-container-servlet/2.23.2/jersey-container-servlet-2.23.2.jar
7f2a45c1b000-7f2a45c1d000 r--s 00008000 08:01 921112                     /home/madunlap/.m2/repository/com/google/auto/auto-common/0.3/auto-common-0.3.jar
7f2a45c1d000-7f2a45c1e000 r--s 00002000 08:01 921105                     /home/madunlap/.m2/repository/com/google/auto/service/auto-service/1.0-rc2/auto-service-1.0-rc2.jar
7f2a45c1e000-7f2a45c20000 r--s 0000c000 08:01 921153                     /home/madunlap/.m2/repository/com/lyncode/xoai-service-provider/4.1.0-header-patch/xoai-service-provider-4.1.0-header-patch.jar
7f2a45c20000-7f2a45c21000 r--s 00001000 08:01 921104                     /home/madunlap/.m2/repository/com/lyncode/builder-commons/1.0.2/builder-commons-1.0.2.jar
7f2a45c21000-7f2a45c24000 r--s 00012000 08:01 921152                     /home/madunlap/.m2/repository/com/lyncode/xoai-data-provider/4.1.0-header-patch/xoai-data-provider-4.1.0-header-patch.jar
7f2a45c24000-7f2a45c26000 r--s 00005000 08:01 791390                     /home/madunlap/.m2/repository/stax/stax-api/1.0.1/stax-api-1.0.1.jar
7f2a45c26000-7f2a45c2c000 r--s 00048000 08:01 921101                     /home/madunlap/.m2/repository/org/apache/commons/commons-lang3/3.1/commons-lang3-3.1.jar
7f2a45c2c000-7f2a45c2e000 r--s 00004000 08:01 921097                     /home/madunlap/.m2/repository/javax/xml/stream/stax-api/1.0-2/stax-api-1.0-2.jar
7f2a45c2e000-7f2a45c32000 r--s 00029000 08:01 921098                     /home/madunlap/.m2/repository/org/codehaus/woodstox/stax2-api/3.0.4/stax2-api-3.0.4.jar
7f2a45c32000-7f2a45c38000 r--s 00045000 08:01 921095                     /home/madunlap/.m2/repository/org/hamcrest/hamcrest-all/1.3/hamcrest-all-1.3.jar
7f2a45c38000-7f2a45c3d000 r--s 00016000 08:01 791388                     /home/madunlap/.m2/repository/xml-apis/xml-apis/1.0.b2/xml-apis-1.0.b2.jar
7f2a45c3d000-7f2a45c3e000 r--s 00003000 08:01 921092                     /home/madunlap/.m2/repository/com/lyncode/test-support/1.0.4/test-support-1.0.4.jar
7f2a45c3e000-7f2a45c40000 r--s 00004000 08:01 921090                     /home/madunlap/.m2/repository/com/lyncode/xml-io/1.0.3/xml-io-1.0.3.jar
7f2a45c40000-7f2a45c42000 r--s 0000d000 08:01 921151                     /home/madunlap/.m2/repository/com/lyncode/xoai-common/4.1.0-header-patch/xoai-common-4.1.0-header-patch.jar
7f2a45c42000-7f2a45c45000 r--s 00011000 08:01 921088                     /home/madunlap/.m2/repository/com/github/scribejava/scribejava-core/3.1.0/scribejava-core-3.1.0.jar
7f2a45c45000-7f2a45c48000 r--s 00010000 08:01 921084                     /home/madunlap/.m2/repository/com/github/scribejava/scribejava-apis/3.1.0/scribejava-apis-3.1.0.jar
7f2a45c48000-7f2a45c51000 r--s 0006f000 08:01 921083                     /home/madunlap/.m2/repository/log4j/log4j/1.2.17/log4j-1.2.17.jar
7f2a45c51000-7f2a45d28000 r--s 007aa000 08:01 921093                     /home/madunlap/.m2/repository/net/sf/ehcache/ehcache/2.10.1/ehcache-2.10.1.jar
7f2a45d28000-7f2a45d2a000 r--s 00008000 08:01 921082                     /home/madunlap/.m2/repository/org/apache/commons/commons-csv/1.2/commons-csv-1.2.jar
7f2a45d2a000-7f2a45d2e000 r--s 00035000 08:01 921081                     /home/madunlap/.m2/repository/com/fasterxml/jackson/core/jackson-core/2.5.3/jackson-core-2.5.3.jar
7f2a45d2e000-7f2a45d30000 r--s 00008000 08:01 921075                     /home/madunlap/.m2/repository/com/fasterxml/jackson/core/jackson-annotations/2.5.0/jackson-annotations-2.5.0.jar
7f2a45d30000-7f2a45d42000 r--s 00106000 08:01 921073                     /home/madunlap/.m2/repository/com/fasterxml/jackson/core/jackson-databind/2.5.3/jackson-databind-2.5.3.jar
7f2a45d42000-7f2a45d45000 r--s 00006000 08:01 921070                     /home/madunlap/.m2/repository/com/google/code/findbugs/jsr305/1.3.9/jsr305-1.3.9.jar
7f2a45d45000-7f2a45d4b000 r--s 00040000 08:01 921074                     /home/madunlap/.m2/repository/com/google/http-client/google-http-client/1.20.0/google-http-client-1.20.0.jar
7f2a45d4b000-7f2a45d4c000 r--s 00004000 08:01 921066                     /home/madunlap/.m2/repository/com/maxmind/db/maxmind-db/1.0.0/maxmind-db-1.0.0.jar
7f2a45d4c000-7f2a45d4e000 r--s 00007000 08:01 921064                     /home/madunlap/.m2/repository/com/maxmind/geoip2/geoip2/2.3.1/geoip2-2.3.1.jar
7f2a45d4e000-7f2a45d50000 r--s 00003000 08:01 921062                     /home/madunlap/.m2/repository/org/slf4j/jcl-over-slf4j/1.7.2/jcl-over-slf4j-1.7.2.jar
7f2a45d50000-7f2a45d54000 r--s 00034000 08:01 921067                     /home/madunlap/.m2/repository/org/codehaus/jackson/jackson-core-asl/1.9.7/jackson-core-asl-1.9.7.jar
7f2a45d54000-7f2a45d63000 r--s 000b0000 08:01 921065                     /home/madunlap/.m2/repository/org/codehaus/jackson/jackson-mapper-asl/1.9.7/jackson-mapper-asl-1.9.7.jar
7f2a45d63000-7f2a45d6d000 r--s 0003d000 08:01 921060                     /home/madunlap/.m2/repository/org/javaswift/joss/0.9.10/joss-0.9.10.jar
7f2a45d6d000-7f2a45d74000 r--s 0003a000 08:01 921056                     /home/madunlap/.m2/repository/commons-codec/commons-codec/1.9/commons-codec-1.9.jar
7f2a45d74000-7f2a45d7b000 r--s 00048000 08:01 921054                     /home/madunlap/.m2/repository/org/apache/httpcomponents/httpcore/4.4.1/httpcore-4.4.1.jar
7f2a45d7b000-7f2a45d88000 r--s 000a4000 08:01 921052                     /home/madunlap/.m2/repository/org/apache/httpcomponents/httpclient/4.4.1/httpclient-4.4.1.jar
7f2a45d88000-7f2a45d8c000 r--s 00028000 08:01 921050                     /home/madunlap/.m2/repository/org/apache/httpcomponents/httpasyncclient/4.1/httpasyncclient-4.1.jar
7f2a45d8c000-7f2a45d93000 r--s 00050000 08:01 921049                     /home/madunlap/.m2/repository/org/apache/httpcomponents/httpcore-nio/4.4.1/httpcore-nio-4.4.1.jar
7f2a45d93000-7f2a45d99000 r--s 00033000 08:01 921046                     /home/madunlap/.m2/repository/io/searchbox/jest-common/0.1.7/jest-common-0.1.7.jar
7f2a45d99000-7f2a45d9a000 r--s 00004000 08:01 921045                     /home/madunlap/.m2/repository/io/searchbox/jest/0.1.7/jest-0.1.7.jar
7f2a45d9a000-7f2a45d9d000 r--s 0000f000 08:01 921042                     /home/madunlap/.m2/repository/commons-discovery/commons-discovery/0.2/commons-discovery-0.2.jar
7f2a45d9d000-7f2a45da0000 r--s 0001c000 08:01 921043                     /home/madunlap/.m2/repository/axis/axis-wsdl4j/1.5.1/axis-wsdl4j-1.5.1.jar
7f2a45da0000-7f2a45da1000 r--s 00004000 08:01 921039                     /home/madunlap/.m2/repository/org/apache/axis/axis-saaj/1.4/axis-saaj-1.4.jar
7f2a45da1000-7f2a45da3000 r--s 00006000 08:01 921036                     /home/madunlap/.m2/repository/org/apache/axis/axis-jaxrpc/1.4/axis-jaxrpc-1.4.jar
7f2a45da3000-7f2a45db7000 r--s 00173000 08:01 921038                     /home/madunlap/.m2/repository/axis/axis/1.4/axis-1.4.jar
7f2a45db7000-7f2a45db9000 r--s 00009000 08:01 921034                     /home/madunlap/.m2/repository/org/objenesis/objenesis/2.1/objenesis-2.1.jar
7f2a45db9000-7f2a45dd5000 r--s 00103000 08:01 921030                     /home/madunlap/.m2/repository/org/mockito/mockito-core/1.10.19/mockito-core-1.10.19.jar
7f2a45dd5000-7f2a45dd7000 r--s 00001000 08:01 921031                     /home/madunlap/.m2/repository/org/slf4j/slf4j-log4j12/1.7.7/slf4j-log4j12-1.7.7.jar
7f2a45dd7000-7f2a45dd9000 r--s 00006000 08:01 791385                     /home/madunlap/.m2/repository/org/slf4j/slf4j-api/1.7.7/slf4j-api-1.7.7.jar
7f2a45dd9000-7f2a45ddd000 r--s 0001f000 08:01 921028                     /home/madunlap/.m2/repository/org/jacoco/org.jacoco.report/0.7.5.201505241946/org.jacoco.report-0.7.5.201505241946.jar
7f2a45ddd000-7f2a45de2000 r--s 00058000 08:01 921027                     /home/madunlap/.m2/repository/org/ow2/asm/asm-debug-all/5.0.1/asm-debug-all-5.0.1.jar
7f2a45de2000-7f2a45de6000 r--s 0001d000 08:01 791383                     /home/madunlap/.m2/repository/org/jacoco/org.jacoco.core/0.7.5.201505241946/org.jacoco.core-0.7.5.201505241946.jar
7f2a45de6000-7f2a45de7000 ---p 00000000 00:00 0 
7f2a45de7000-7f2a45ee7000 rw-p 00000000 00:00 0 
7f2a45ee7000-7f2a45eea000 ---p 00000000 00:00 0 
7f2a45eea000-7f2a45fe8000 rw-p 00000000 00:00 0 
7f2a45fe8000-7f2a45feb000 ---p 00000000 00:00 0 
7f2a45feb000-7f2a460e9000 rw-p 00000000 00:00 0 
7f2a460e9000-7f2a460ec000 ---p 00000000 00:00 0 
7f2a460ec000-7f2a461ea000 rw-p 00000000 00:00 0 
7f2a461ea000-7f2a461fb000 r-xp 00000000 08:01 2106483                    /usr/lib/jvm/java-8-oracle/jre/lib/amd64/libnio.so
7f2a461fb000-7f2a463fa000 ---p 00011000 08:01 2106483                    /usr/lib/jvm/java-8-oracle/jre/lib/amd64/libnio.so
7f2a463fa000-7f2a463fb000 rw-p 00010000 08:01 2106483                    /usr/lib/jvm/java-8-oracle/jre/lib/amd64/libnio.so
7f2a463fb000-7f2a46411000 r-xp 00000000 08:01 2106458                    /usr/lib/jvm/java-8-oracle/jre/lib/amd64/libnet.so
7f2a46411000-7f2a46611000 ---p 00016000 08:01 2106458                    /usr/lib/jvm/java-8-oracle/jre/lib/amd64/libnet.so
7f2a46611000-7f2a46612000 rw-p 00016000 08:01 2106458                    /usr/lib/jvm/java-8-oracle/jre/lib/amd64/libnet.so
7f2a46612000-7f2a46615000 r--s 0001a000 08:01 1976716                    /usr/lib/jvm/java-8-oracle/jre/lib/jce.jar
7f2a46615000-7f2a4661a000 r--s 0009a000 08:01 1976643                    /usr/lib/jvm/java-8-oracle/jre/lib/jsse.jar
7f2a4661a000-7f2a46620000 r--s 00041000 08:01 661360                     /home/madunlap/.m2/repository/org/jacoco/org.jacoco.agent/0.7.5.201505241946/org.jacoco.agent-0.7.5.201505241946-runtime.jar
7f2a46620000-7f2a46622000 r--s 0000e000 08:01 921023                     /home/madunlap/.m2/repository/oro/oro/2.0.8/oro-2.0.8.jar
7f2a46622000-7f2a4662a000 r--s 00058000 08:01 921019                     /home/madunlap/.m2/repository/org/apache/velocity/velocity/1.5/velocity-1.5.jar
7f2a4662a000-7f2a4662b000 r--s 00001000 08:01 921022                     /home/madunlap/.m2/repository/org/codehaus/plexus/plexus-velocity/1.1.7/plexus-velocity-1.1.7.jar
7f2a4662b000-7f2a4662c000 r--s 00002000 08:01 921017                     /home/madunlap/.m2/repository/org/codehaus/plexus/plexus-i18n/1.0-beta-7/plexus-i18n-1.0-beta-7.jar
7f2a4662c000-7f2a4662e000 r--s 00008000 08:01 921015                     /home/madunlap/.m2/repository/org/apache/maven/doxia/doxia-module-fml/1.1.2/doxia-module-fml-1.1.2.jar
7f2a4662e000-7f2a4662f000 r--s 00003000 08:01 921016                     /home/madunlap/.m2/repository/org/apache/maven/doxia/doxia-module-xhtml/1.1.2/doxia-module-xhtml-1.1.2.jar
7f2a4662f000-7f2a46631000 r--s 0000b000 08:01 921011                     /home/madunlap/.m2/repository/org/apache/maven/doxia/doxia-decoration-model/1.1.2/doxia-decoration-model-1.1.2.jar
7f2a46631000-7f2a46633000 r--s 0000b000 08:01 921008                     /home/madunlap/.m2/repository/org/apache/maven/doxia/doxia-site-renderer/1.1.2/doxia-site-renderer-1.1.2.jar
7f2a46633000-7f2a46637000 r--s 00023000 08:01 921010                     /home/madunlap/.m2/repository/org/apache/maven/doxia/doxia-core/1.1.2/doxia-core-1.1.2.jar
7f2a46637000-7f2a46639000 r--s 00003000 08:01 921007                     /home/madunlap/.m2/repository/org/apache/maven/reporting/maven-reporting-impl/2.1/maven-reporting-impl-2.1.jar
7f2a46639000-7f2a4663a000 r--s 00002000 08:01 921004                     /home/madunlap/.m2/repository/org/apache/maven/doxia/doxia-logging-api/1.1/doxia-logging-api-1.1.jar
7f2a4663a000-7f2a4663c000 r--s 00002000 08:01 921001                     /home/madunlap/.m2/repository/org/apache/maven/doxia/doxia-sink-api/1.1/doxia-sink-api-1.1.jar
7f2a4663c000-7f2a4663d000 r--s 00002000 08:01 920999                     /home/madunlap/.m2/repository/org/apache/maven/reporting/maven-reporting-api/2.2.1/maven-reporting-api-2.2.1.jar
7f2a4663d000-7f2a4663f000 r--s 00008000 08:01 920995                     /home/madunlap/.m2/repository/org/apache/maven/shared/maven-shared-io/1.1/maven-shared-io-1.1.jar
7f2a4663f000-7f2a46641000 r--s 00008000 08:01 920998                     /home/madunlap/.m2/repository/org/apache/maven/shared/file-management/1.2.1/file-management-1.2.1.jar
7f2a46641000-7f2a46646000 r--s 00039000 08:01 920997                     /home/madunlap/.m2/repository/org/codehaus/plexus/plexus-utils/1.5.6/plexus-utils-1.5.6.jar
7f2a46646000-7f2a46648000 r--s 00008000 08:01 920991                     /home/madunlap/.m2/repository/classworlds/classworlds/1.1-alpha-2/classworlds-1.1-alpha-2.jar
7f2a46648000-7f2a4664f000 r--s 00029000 08:01 920988                     /home/madunlap/.m2/repository/org/codehaus/plexus/plexus-container-default/1.0-alpha-9-stable-1/plexus-container-default-1.0-alpha-9-stable-1.jar
7f2a4664f000-7f2a46652000 r--s 00011000 08:01 920989                     /home/madunlap/.m2/repository/org/apache/maven/maven-artifact/2.2.1/maven-artifact-2.2.1.jar
7f2a46652000-7f2a46654000 r--s 0000b000 08:01 920985                     /home/madunlap/.m2/repository/org/codehaus/plexus/plexus-interpolation/1.11/plexus-interpolation-1.11.jar
7f2a46654000-7f2a46656000 r--s 00006000 08:01 920982                     /home/madunlap/.m2/repository/org/apache/maven/maven-plugin-registry/2.2.1/maven-plugin-registry-2.2.1.jar
7f2a46656000-7f2a4665e000 r--s 00049000 08:01 920984                     /home/madunlap/.m2/repository/backport-util-concurrent/backport-util-concurrent/3.1/backport-util-concurrent-3.1.jar
7f2a4665e000-7f2a46660000 r--s 0000b000 08:01 920978                     /home/madunlap/.m2/repository/org/apache/maven/wagon/wagon-provider-api/1.0-beta-6/wagon-provider-api-1.0-beta-6.jar
7f2a46660000-7f2a46662000 r--s 00005000 08:01 920980                     /home/madunlap/.m2/repository/org/apache/maven/maven-repository-metadata/2.2.1/maven-repository-metadata-2.2.1.jar
7f2a46662000-7f2a46664000 r--s 0000f000 08:01 920975                     /home/madunlap/.m2/repository/org/apache/maven/maven-artifact-manager/2.2.1/maven-artifact-manager-2.2.1.jar
7f2a46664000-7f2a46666000 r--s 00014000 08:01 920971                     /home/madunlap/.m2/repository/org/apache/maven/maven-model/2.2.1/maven-model-2.2.1.jar
7f2a46666000-7f2a46668000 r--s 00007000 08:01 920969                     /home/madunlap/.m2/repository/org/apache/maven/maven-profile/2.2.1/maven-profile-2.2.1.jar
7f2a46668000-7f2a46669000 r--s 0000b000 08:01 920972                     /home/madunlap/.m2/repository/org/apache/maven/maven-settings/2.2.1/maven-settings-2.2.1.jar
7f2a46669000-7f2a4666d000 r--s 00023000 08:01 920973                     /home/madunlap/.m2/repository/org/apache/maven/maven-project/2.2.1/maven-project-2.2.1.jar
7f2a4666d000-7f2a4666f000 r--s 00002000 08:01 661356                     /home/madunlap/.m2/repository/org/apache/maven/maven-plugin-api/2.2.1/maven-plugin-api-2.2.1.jar
7f2a4666f000-7f2a46671000 r--s 0000b000 08:01 660606                     /home/madunlap/.m2/repository/org/jacoco/jacoco-maven-plugin/0.7.5.201505241946/jacoco-maven-plugin-0.7.5.201505241946.jar
7f2a46671000-7f2a46673000 r--s 00013000 08:01 791380                     /home/madunlap/.m2/repository/com/jayway/restassured/xml-path/2.4.0/xml-path-2.4.0.jar
7f2a46673000-7f2a46675000 r--s 00007000 08:01 791379                     /home/madunlap/.m2/repository/com/jayway/restassured/rest-assured-common/2.4.0/rest-assured-common-2.4.0.jar
7f2a46675000-7f2a46677000 r--s 0001e000 08:01 661355                     /home/madunlap/.m2/repository/org/codehaus/groovy/groovy-json/2.3.7/groovy-json-2.3.7.jar
7f2a46677000-7f2a46679000 r--s 0000d000 08:01 791376                     /home/madunlap/.m2/repository/com/jayway/restassured/json-path/2.4.0/json-path-2.4.0.jar
7f2a46679000-7f2a4667b000 r--s 00015000 08:01 791373                     /home/madunlap/.m2/repository/org/ccil/cowan/tagsoup/tagsoup/1.2.1/tagsoup-1.2.1.jar
7f2a4667b000-7f2a4667c000 r--s 0000c000 08:01 791372                     /home/madunlap/.m2/repository/org/hamcrest/hamcrest-library/1.3/hamcrest-library-1.3.jar
7f2a4667c000-7f2a4667e000 r--s 00009000 08:01 791370                     /home/madunlap/.m2/repository/org/hamcrest/hamcrest-core/1.3/hamcrest-core-1.3.jar
7f2a4667e000-7f2a46683000 r--s 00034000 08:01 661352                     /home/madunlap/.m2/repository/org/codehaus/groovy/groovy-xml/2.3.7/groovy-xml-2.3.7.jar
7f2a46683000-7f2a466cc000 r--s 003fb000 08:01 661354                     /home/madunlap/.m2/repository/org/codehaus/groovy/groovy/2.3.7/groovy-2.3.7.jar
7f2a466cc000-7f2a466d6000 r--s 0008c000 08:01 791368                     /home/madunlap/.m2/repository/com/jayway/restassured/rest-assured/2.4.0/rest-assured-2.4.0.jar
7f2a466d6000-7f2a466dc000 r--s 00044000 08:01 791367                     /home/madunlap/.m2/repository/org/jsoup/jsoup/1.8.1/jsoup-1.8.1.jar
7f2a466dc000-7f2a466de000 r--s 00004000 08:01 791401                     /home/madunlap/.m2/repository/edu/ucsb/nceas/ezid/1.0.0/ezid-1.0.0.jar
7f2a466de000-7f2a466e1000 r--s 0000b000 08:01 791362                     /home/madunlap/.m2/repository/org/ocpsoft/rewrite/rewrite-integration-faces/2.0.12.Final/rewrite-integration-faces-2.0.12.Final.jar
7f2a466e1000-7f2a466e3000 r--s 00001000 08:01 791360                     /home/madunlap/.m2/repository/org/ocpsoft/rewrite/rewrite-annotations-api/2.0.12.Final/rewrite-annotations-api-2.0.12.Final.jar
7f2a466e3000-7f2a466e4000 r--s 00005000 08:01 791359                     /home/madunlap/.m2/repository/org/ocpsoft/rewrite/rewrite-addressbuilder/2.0.12.Final/rewrite-addressbuilder-2.0.12.Final.jar
7f2a466e4000-7f2a466e6000 r--s 00008000 08:01 791357                     /home/madunlap/.m2/repository/org/ocpsoft/rewrite/rewrite-api-servlet/2.0.12.Final/rewrite-api-servlet-2.0.12.Final.jar
7f2a466e6000-7f2a466e8000 r--s 00001000 08:01 791354                     /home/madunlap/.m2/repository/org/ocpsoft/logging/logging-api/1.0.2.Final/logging-api-1.0.2.Final.jar
7f2a466e8000-7f2a466e9000 r--s 00003000 08:01 791353                     /home/madunlap/.m2/repository/org/ocpsoft/common/common-api/1.0.5.Final/common-api-1.0.5.Final.jar
7f2a466e9000-7f2a466ed000 r--s 00018000 08:01 791351                     /home/madunlap/.m2/repository/org/ocpsoft/rewrite/rewrite-api/2.0.12.Final/rewrite-api-2.0.12.Final.jar
7f2a466ed000-7f2a466ef000 r--s 00005000 08:01 791349                     /home/madunlap/.m2/repository/org/ocpsoft/rewrite/rewrite-annotations-impl/2.0.12.Final/rewrite-annotations-impl-2.0.12.Final.jar
7f2a466ef000-7f2a466fd000 r--s 00092000 08:01 791352                     /home/madunlap/.m2/repository/org/ocpsoft/rewrite/rewrite-config-prettyfaces/2.0.12.Final/rewrite-config-prettyfaces-2.0.12.Final.jar
7f2a466fd000-7f2a4670b000 r--s 0005f000 08:01 791345                     /home/madunlap/.m2/repository/org/ocpsoft/rewrite/rewrite-servlet/2.0.12.Final/rewrite-servlet-2.0.12.Final.jar
7f2a4670b000-7f2a4670f000 r--s 0003c000 08:01 791218                     /home/madunlap/.m2/repository/javax/media/jai_codec/1.1.3/jai_codec-1.1.3.jar
7f2a4670f000-7f2a46723000 r--s 001bd000 08:01 791220                     /home/madunlap/.m2/repository/javax/media/jai_core/1.1.3/jai_core-1.1.3.jar
7f2a46723000-7f2a46734000 r--s 00106000 08:01 791219                     /home/madunlap/.m2/repository/javax/media/jai_imageio/1.1.1/jai_imageio-1.1.1.jar
7f2a46734000-7f2a46736000 r--s 00009000 08:01 791399                     /home/madunlap/.m2/repository/edu/harvard/hul/ois/jhove/jhove-handler/1.11.0/jhove-handler-1.11.0.jar
7f2a46736000-7f2a4673f000 r--s 00079000 08:01 791398                     /home/madunlap/.m2/repository/edu/harvard/hul/ois/jhove/jhove-module/1.11.0/jhove-module-1.11.0.jar
7f2a4673f000-7f2a46742000 r--s 00011000 08:01 791396                     /home/madunlap/.m2/repository/edu/harvard/hul/ois/jhove/jhove/1.11.0/jhove-1.11.0.jar
7f2a46742000-7f2a46752000 r--s 0011f000 08:01 791342                     /home/madunlap/.m2/repository/org/apache/poi/poi-scratchpad/3.10-FINAL/poi-scratchpad-3.10-FINAL.jar
7f2a46752000-7f2a46758000 r--s 00047000 08:01 791341                     /home/madunlap/.m2/repository/org/apache/poi/poi-examples/3.10-FINAL/poi-examples-3.10-FINAL.jar
7f2a46758000-7f2a4675d000 r--s 00048000 08:01 791338                     /home/madunlap/.m2/repository/dom4j/dom4j/1.6.1/dom4j-1.6.1.jar
7f2a4675d000-7f2a4679a000 r--s 0024f000 08:01 791336                     /home/madunlap/.m2/repository/org/apache/xmlbeans/xmlbeans/2.3.0/xmlbeans-2.3.0.jar
7f2a4679a000-7f2a46832000 r--s 00420000 08:01 791334                     /home/madunlap/.m2/repository/org/apache/poi/poi-ooxml-schemas/3.10-FINAL/poi-ooxml-schemas-3.10-FINAL.jar
7f2a46832000-7f2a46840000 r--s 000ee000 08:01 791333                     /home/madunlap/.m2/repository/org/apache/poi/poi-ooxml/3.10-FINAL/poi-ooxml-3.10-FINAL.jar
7f2a46840000-7f2a46862000 r--s 001bb000 08:01 791332                     /home/madunlap/.m2/repository/org/apache/poi/poi/3.10-FINAL/poi-3.10-FINAL.jar
7f2a46862000-7f2a46864000 r--s 00006000 08:01 791331                     /home/madunlap/.m2/repository/org/nuiton/thirdparty/Rserve/0.6-1/Rserve-0.6-1.jar
7f2a46864000-7f2a46866000 r--s 00006000 08:01 791328                     /home/madunlap/.m2/repository/org/nuiton/thirdparty/REngine/0.6-1/REngine-0.6-1.jar
7f2a46866000-7f2a46867000 r--s 0000c000 08:01 791397                     /home/madunlap/.m2/repository/org/dataverse/unf/6.0/unf-6.0.jar
7f2a46867000-7f2a46868000 r--s 00018000 08:01 791394                     /home/madunlap/.m2/repository/edu/harvard/iq/dvn/unf5/5.0/unf5-5.0.jar
7f2a46868000-7f2a46871000 r--s 000a6000 08:01 791393                     /home/madunlap/.m2/repository/net/handle/handle/2006-06-16-generated/handle-2006-06-16-generated.jar
7f2a46871000-7f2a46874000 r--s 00035000 08:01 791395                     /home/madunlap/.m2/repository/nom/tam/fits/fits/2012-10-25-generated/fits-2012-10-25-generated.jar
7f2a46874000-7f2a4687b000 r--s 00028000 08:01 791326                     /home/madunlap/.m2/repository/concurrent/concurrent/1.3.4/concurrent-1.3.4.jar
7f2a4687b000-7f2a46889000 r--s 00081000 08:01 791324                     /home/madunlap/.m2/repository/colt/colt/1.2.0/colt-1.2.0.jar
7f2a46889000-7f2a46896000 r--s 00083000 08:01 791320                     /home/madunlap/.m2/repository/commons-collections/commons-collections/3.2.2/commons-collections-3.2.2.jar
7f2a46896000-7f2a4689a000 r--s 00020000 08:01 791319                     /home/madunlap/.m2/repository/commons-digester/commons-digester/1.8.1/commons-digester-1.8.1.jar
7f2a4689a000-7f2a4689f000 r--s 00035000 08:01 791317                     /home/madunlap/.m2/repository/commons-beanutils/commons-beanutils/1.9.2/commons-beanutils-1.9.2.jar
7f2a4689f000-7f2a468a3000 r--s 0002a000 08:01 791315                     /home/madunlap/.m2/repository/commons-validator/commons-validator/1.6/commons-validator-1.6.jar
7f2a468a3000-7f2a468b6000 r--s 000df000 08:01 791313                     /home/madunlap/.m2/repository/org/apache/commons/commons-math/2.2/commons-math-2.2.jar
7f2a468b6000-7f2a468b8000 r--s 0000e000 08:01 791309                     /home/madunlap/.m2/repository/commons-logging/commons-logging/1.1.3/commons-logging-1.1.3.jar
7f2a468b8000-7f2a468ba000 r--s 00005000 08:01 791311                     /home/madunlap/.m2/repository/org/apache/httpcomponents/httpmime/4.2.6/httpmime-4.2.6.jar
7f2a468ba000-7f2a468c6000 r--s 000b3000 08:01 791304                     /home/madunlap/.m2/repository/org/apache/zookeeper/zookeeper/3.4.5/zookeeper-3.4.5.jar
7f2a468c6000-7f2a468ce000 r--s 0005b000 08:01 791305                     /home/madunlap/.m2/repository/org/apache/solr/solr-solrj/4.6.0/solr-solrj-4.6.0.jar
7f2a468ce000-7f2a468d3000 r--s 00041000 08:01 791300                     /home/madunlap/.m2/repository/commons-lang/commons-lang/2.6/commons-lang-2.6.jar
7f2a468d3000-7f2a468d5000 r--s 0000d000 08:01 791302                     /home/madunlap/.m2/repository/com/fasterxml/classmate/1.0.0/classmate-1.0.0.jar
7f2a468d5000-7f2a468d7000 r--s 0000d000 08:01 791296                     /home/madunlap/.m2/repository/org/jboss/logging/jboss-logging/3.1.1.GA/jboss-logging-3.1.1.GA.jar
7f2a468d7000-7f2a468db000 r--s 0000c000 08:01 791294                     /home/madunlap/.m2/repository/javax/validation/validation-api/1.1.0.Final/validation-api-1.1.0.Final.jar
7f2a468db000-7f2a468e8000 r--s 00080000 08:01 791293                     /home/madunlap/.m2/repository/org/hibernate/hibernate-validator/5.0.3.Final/hibernate-validator-5.0.3.Final.jar
7f2a468e8000-7f2a468f2000 r--s 0006b000 08:01 791289                     /home/madunlap/.m2/repository/org/omnifaces/omnifaces/1.7/omnifaces-1.7.jar
7f2a468f2000-7f2a46901000 r--s 000c4000 08:01 791290                     /home/madunlap/.m2/repository/org/atmosphere/atmosphere-runtime/2.4.2/atmosphere-runtime-2.4.2.jar
7f2a46901000-7f2a46915000 r--s 0013a000 08:01 791121                     /home/madunlap/.m2/repository/org/primefaces/themes/all-themes/1.0.10/all-themes-1.0.10.jar
7f2a46915000-7f2a46941000 r--s 00318000 08:01 791288                     /home/madunlap/.m2/repository/org/primefaces/primefaces/5.3/primefaces-5.3.jar
7f2a46941000-7f2a46963000 r--s 00120000 08:01 791284                     /home/madunlap/.m2/repository/javax/javaee-web-api/7.0/javaee-web-api-7.0.jar
7f2a46963000-7f2a46965000 r--s 0000e000 08:01 791282                     /home/madunlap/.m2/repository/javax/activation/activation/1.1/activation-1.1.jar
7f2a46965000-7f2a4696d000 r--s 00078000 08:01 791280                     /home/madunlap/.m2/repository/com/sun/mail/javax.mail/1.5.0/javax.mail-1.5.0.jar
7f2a4696d000-7f2a469a1000 r--s 001a4000 08:01 791278                     /home/madunlap/.m2/repository/javax/javaee-api/7.0/javaee-api-7.0.jar
7f2a469a1000-7f2a469cc000 r--s 001f5000 08:01 791277                     /home/madunlap/.m2/repository/com/google/guava/guava/16.0.1/guava-16.0.1.jar
7f2a469cc000-7f2a469ea000 r--s 0027d000 08:01 791273                     /home/madunlap/.m2/repository/xalan/xalan/2.7.0/xalan-2.7.0.jar
7f2a469ea000-7f2a469fe000 r--s 000e3000 08:01 791272                     /home/madunlap/.m2/repository/xerces/xercesImpl/2.6.2/xercesImpl-2.6.2.jar
7f2a469fe000-7f2a46a04000 r--s 00019000 08:01 791270                     /home/madunlap/.m2/repository/xerces/xmlParserAPIs/2.6.2/xmlParserAPIs-2.6.2.jar
7f2a46a04000-7f2a46a0b000 r--s 00063000 08:01 791268                     /home/madunlap/.m2/repository/xom/xom/1.1/xom-1.1.jar
7f2a46a0b000-7f2a46a10000 r--s 0002a000 08:01 791265                     /home/madunlap/.m2/repository/com/google/code/gson/gson/2.2.4/gson-2.2.4.jar
7f2a46a10000-7f2a46a14000 r--s 00027000 08:01 791263                     /home/madunlap/.m2/repository/commons-io/commons-io/2.2/commons-io-2.2.jar
7f2a46a14000-7f2a46a16000 r--s 0000f000 08:01 791260                     /home/madunlap/.m2/repository/commons-fileupload/commons-fileupload/1.3.1/commons-fileupload-1.3.1.jar
7f2a46a16000-7f2a46a1c000 r--s 00032000 08:01 791261                     /home/madunlap/.m2/repository/jaxen/jaxen/1.1.1/jaxen-1.1.1.jar
7f2a46a1c000-7f2a46a23000 r--s 00079000 08:01 661348                     /home/madunlap/.m2/repository/org/codehaus/woodstox/wstx-asl/3.2.6/wstx-asl-3.2.6.jar
7f2a46a23000-7f2a46a28000 r--s 00070000 08:01 661349                     /home/madunlap/.m2/repository/org/codehaus/woodstox/woodstox-core-asl/4.1.4/woodstox-core-asl-4.1.4.jar
7f2a46a28000-7f2a46a2c000 r--s 00026000 08:01 791256                     /home/madunlap/.m2/repository/org/apache/ws/commons/axiom/axiom-impl/1.2.14/axiom-impl-1.2.14.jar
7f2a46a2c000-7f2a46a2f000 r--s 00015000 08:01 791254                     /home/madunlap/.m2/repository/org/apache/james/apache-mime4j-core/0.7.2/apache-mime4j-core-0.7.2.jar
7f2a46a2f000-7f2a46a39000 r--s 0005d000 08:01 791250                     /home/madunlap/.m2/repository/org/apache/ws/commons/axiom/axiom-api/1.2.14/axiom-api-1.2.14.jar
7f2a46a39000-7f2a46e45000 r--s 03c80000 08:01 791225                     /home/madunlap/.m2/repository/com/amazonaws/aws-java-sdk-bundle/1.11.172/aws-java-sdk-bundle-1.11.172.jar
7f2a46e45000-7f2a47120000 r--p 00000000 08:01 1441812                    /usr/lib/locale/locale-archive
7f2a47120000-7f2a49000000 rw-p 00000000 00:00 0 
7f2a49000000-7f2a497c0000 rwxp 00000000 00:00 0 
7f2a497c0000-7f2a58000000 ---p 00000000 00:00 0 
7f2a58000000-7f2a5923f000 rw-p 00000000 00:00 0 
7f2a5923f000-7f2a5c000000 ---p 00000000 00:00 0 
7f2a5c000000-7f2a5c005000 r--s 00032000 08:01 791252                     /home/madunlap/.m2/repository/org/apache/geronimo/specs/geronimo-javamail_1.4_spec/1.7.1/geronimo-javamail_1.4_spec-1.7.1.jar
7f2a5c005000-7f2a5c008000 r--s 0014e000 08:01 791249                     /home/madunlap/.m2/repository/org/apache/abdera/abdera-parser/1.1.3/abdera-parser-1.1.3.jar
7f2a5c008000-7f2a5c00a000 r--s 00006000 08:01 791245                     /home/madunlap/.m2/repository/org/apache/geronimo/specs/geronimo-stax-api_1.0_spec/1.0.1/geronimo-stax-api_1.0_spec-1.0.1.jar
7f2a5c00a000-7f2a5c00c000 r--s 0000a000 08:01 791243                     /home/madunlap/.m2/repository/org/apache/geronimo/specs/geronimo-activation_1.1_spec/1.1/geronimo-activation_1.1_spec-1.1.jar
7f2a5c00c000-7f2a5c010000 r--s 00094000 08:01 791246                     /home/madunlap/.m2/repository/org/apache/abdera/abdera-i18n/1.1.3/abdera-i18n-1.1.3.jar
7f2a5c010000-7f2a5c014000 r--s 00024000 08:01 791241                     /home/madunlap/.m2/repository/org/apache/abdera/abdera-core/1.1.3/abdera-core-1.1.3.jar
7f2a5c014000-7f2a5c02d000 r--s 002fd000 08:01 791240                     /home/madunlap/.m2/repository/com/ibm/icu/icu4j/3.4.4/icu4j-3.4.4.jar
7f2a5c02d000-7f2a5c030000 r--s 00023000 08:01 791237                     /home/madunlap/.m2/repository/com/hp/hpl/jena/iri/0.8/iri-0.8.jar
7f2a5c030000-7f2a5c053000 r--s 001ae000 08:01 791235                     /home/madunlap/.m2/repository/com/hp/hpl/jena/jena/2.6.4/jena-2.6.4.jar
7f2a5c053000-7f2a5c055000 r--s 0000d000 08:01 791233                     /home/madunlap/.m2/repository/org/apache/abdera/abdera-client/1.1.1/abdera-client-1.1.1.jar
7f2a5c055000-7f2a5c057000 r--s 00016000 08:01 791230                     /home/madunlap/.m2/repository/javax/servlet/servlet-api/2.4/servlet-api-2.4.jar
7f2a5c057000-7f2a5c05a000 r--s 0000f000 08:01 791226                     /home/madunlap/.m2/repository/org/swordapp/sword2-server/1.0/sword2-server-1.0-classes.jar
7f2a5c05a000-7f2a5c05f000 r--s 00040000 08:01 791224                     /home/madunlap/.m2/repository/commons-httpclient/commons-httpclient/3.0.1/commons-httpclient-3.0.1.jar
7f2a5c05f000-7f2a5c062000 r--s 00012000 08:01 791228                     /home/madunlap/.m2/repository/org/glassfish/javax.json/1.0.4/javax.json-1.0.4.jar
7f2a5c062000-7f2a5c068000 r--s 00034000 08:01 791227                     /home/madunlap/.m2/repository/junit/junit/4.8.1/junit-4.8.1.jar
7f2a5c068000-7f2a5c0ef000 rw-p 00000000 00:00 0 
7f2a5c0ef000-7f2a5c0f2000 ---p 00000000 00:00 0 
7f2a5c0f2000-7f2a5c1f0000 rw-p 00000000 00:00 0 
7f2a5c1f0000-7f2a5c1f3000 ---p 00000000 00:00 0 
7f2a5c1f3000-7f2a5c2f1000 rw-p 00000000 00:00 0 
7f2a5c2f1000-7f2a5c2f4000 ---p 00000000 00:00 0 
7f2a5c2f4000-7f2a5c3f2000 rw-p 00000000 00:00 0 
7f2a5c3f2000-7f2a5c3f3000 ---p 00000000 00:00 0 
7f2a5c3f3000-7f2a5ce4b000 rw-p 00000000 00:00 0 
7f2a5ce4b000-7f2a5d025000 r--s 03d4d000 08:01 1976682                    /usr/lib/jvm/java-8-oracle/jre/lib/rt.jar
7f2a5d025000-7f2a5da13000 rw-p 00000000 00:00 0 
7f2a5da13000-7f2a5da14000 ---p 00000000 00:00 0 
7f2a5da14000-7f2a5db14000 rw-p 00000000 00:00 0 
7f2a5db14000-7f2a5db15000 ---p 00000000 00:00 0 
7f2a5db15000-7f2a5dc2a000 rw-p 00000000 00:00 0 
7f2a5dc2a000-7f2a5dd5f000 ---p 00000000 00:00 0 
7f2a5dd5f000-7f2a5dd74000 rw-p 00000000 00:00 0 
7f2a5dd74000-7f2a5dea8000 ---p 00000000 00:00 0 
7f2a5dea8000-7f2a5df11000 rw-p 00000000 00:00 0 
7f2a5df11000-7f2a5df4d000 ---p 00000000 00:00 0 
7f2a5df4d000-7f2a5df6d000 rw-p 00000000 00:00 0 
7f2a5df6d000-7f2a5e30e000 ---p 00000000 00:00 0 
7f2a5e30e000-7f2a5e328000 r-xp 00000000 08:01 2106481                    /usr/lib/jvm/java-8-oracle/jre/lib/amd64/libzip.so
7f2a5e328000-7f2a5e528000 ---p 0001a000 08:01 2106481                    /usr/lib/jvm/java-8-oracle/jre/lib/amd64/libzip.so
7f2a5e528000-7f2a5e529000 rw-p 0001a000 08:01 2106481                    /usr/lib/jvm/java-8-oracle/jre/lib/amd64/libzip.so
7f2a5e529000-7f2a5e534000 r-xp 00000000 08:01 663303                     /lib/x86_64-linux-gnu/libnss_files-2.24.so
7f2a5e534000-7f2a5e733000 ---p 0000b000 08:01 663303                     /lib/x86_64-linux-gnu/libnss_files-2.24.so
7f2a5e733000-7f2a5e734000 r--p 0000a000 08:01 663303                     /lib/x86_64-linux-gnu/libnss_files-2.24.so
7f2a5e734000-7f2a5e735000 rw-p 0000b000 08:01 663303                     /lib/x86_64-linux-gnu/libnss_files-2.24.so
7f2a5e735000-7f2a5e73b000 rw-p 00000000 00:00 0 
7f2a5e73b000-7f2a5e746000 r-xp 00000000 08:01 663305                     /lib/x86_64-linux-gnu/libnss_nis-2.24.so
7f2a5e746000-7f2a5e945000 ---p 0000b000 08:01 663305                     /lib/x86_64-linux-gnu/libnss_nis-2.24.so
7f2a5e945000-7f2a5e946000 r--p 0000a000 08:01 663305                     /lib/x86_64-linux-gnu/libnss_nis-2.24.so
7f2a5e946000-7f2a5e947000 rw-p 0000b000 08:01 663305                     /lib/x86_64-linux-gnu/libnss_nis-2.24.so
7f2a5e947000-7f2a5e95d000 r-xp 00000000 08:01 663300                     /lib/x86_64-linux-gnu/libnsl-2.24.so
7f2a5e95d000-7f2a5eb5c000 ---p 00016000 08:01 663300                     /lib/x86_64-linux-gnu/libnsl-2.24.so
7f2a5eb5c000-7f2a5eb5d000 r--p 00015000 08:01 663300                     /lib/x86_64-linux-gnu/libnsl-2.24.so
7f2a5eb5d000-7f2a5eb5e000 rw-p 00016000 08:01 663300                     /lib/x86_64-linux-gnu/libnsl-2.24.so
7f2a5eb5e000-7f2a5eb60000 rw-p 00000000 00:00 0 
7f2a5eb60000-7f2a5eb68000 r-xp 00000000 08:01 663301                     /lib/x86_64-linux-gnu/libnss_compat-2.24.so
7f2a5eb68000-7f2a5ed67000 ---p 00008000 08:01 663301                     /lib/x86_64-linux-gnu/libnss_compat-2.24.so
7f2a5ed67000-7f2a5ed68000 r--p 00007000 08:01 663301                     /lib/x86_64-linux-gnu/libnss_compat-2.24.so
7f2a5ed68000-7f2a5ed69000 rw-p 00008000 08:01 663301                     /lib/x86_64-linux-gnu/libnss_compat-2.24.so
7f2a5ed69000-7f2a5ed73000 r-xp 00000000 08:01 2106519                    /usr/lib/jvm/java-8-oracle/jre/lib/amd64/libinstrument.so
7f2a5ed73000-7f2a5ef72000 ---p 0000a000 08:01 2106519                    /usr/lib/jvm/java-8-oracle/jre/lib/amd64/libinstrument.so
7f2a5ef72000-7f2a5ef73000 rw-p 00009000 08:01 2106519                    /usr/lib/jvm/java-8-oracle/jre/lib/amd64/libinstrument.so
7f2a5ef73000-7f2a5ef9e000 r-xp 00000000 08:01 2106508                    /usr/lib/jvm/java-8-oracle/jre/lib/amd64/libjava.so
7f2a5ef9e000-7f2a5f19d000 ---p 0002b000 08:01 2106508                    /usr/lib/jvm/java-8-oracle/jre/lib/amd64/libjava.so
7f2a5f19d000-7f2a5f19f000 rw-p 0002a000 08:01 2106508                    /usr/lib/jvm/java-8-oracle/jre/lib/amd64/libjava.so
7f2a5f19f000-7f2a5f1ac000 r-xp 00000000 08:01 2106459                    /usr/lib/jvm/java-8-oracle/jre/lib/amd64/libverify.so
7f2a5f1ac000-7f2a5f3ac000 ---p 0000d000 08:01 2106459                    /usr/lib/jvm/java-8-oracle/jre/lib/amd64/libverify.so
7f2a5f3ac000-7f2a5f3ae000 rw-p 0000d000 08:01 2106459                    /usr/lib/jvm/java-8-oracle/jre/lib/amd64/libverify.so
7f2a5f3ae000-7f2a5f3b5000 r-xp 00000000 08:01 663310                     /lib/x86_64-linux-gnu/librt-2.24.so
7f2a5f3b5000-7f2a5f5b4000 ---p 00007000 08:01 663310                     /lib/x86_64-linux-gnu/librt-2.24.so
7f2a5f5b4000-7f2a5f5b5000 r--p 00006000 08:01 663310                     /lib/x86_64-linux-gnu/librt-2.24.so
7f2a5f5b5000-7f2a5f5b6000 rw-p 00007000 08:01 663310                     /lib/x86_64-linux-gnu/librt-2.24.so
7f2a5f5b6000-7f2a5f6be000 r-xp 00000000 08:01 663297                     /lib/x86_64-linux-gnu/libm-2.24.so
7f2a5f6be000-7f2a5f8bd000 ---p 00108000 08:01 663297                     /lib/x86_64-linux-gnu/libm-2.24.so
7f2a5f8bd000-7f2a5f8be000 r--p 00107000 08:01 663297                     /lib/x86_64-linux-gnu/libm-2.24.so
7f2a5f8be000-7f2a5f8bf000 rw-p 00108000 08:01 663297                     /lib/x86_64-linux-gnu/libm-2.24.so
7f2a5f8bf000-7f2a60592000 r-xp 00000000 08:01 2106512                    /usr/lib/jvm/java-8-oracle/jre/lib/amd64/server/libjvm.so
7f2a60592000-7f2a60791000 ---p 00cd3000 08:01 2106512                    /usr/lib/jvm/java-8-oracle/jre/lib/amd64/server/libjvm.so
7f2a60791000-7f2a6086b000 rw-p 00cd2000 08:01 2106512                    /usr/lib/jvm/java-8-oracle/jre/lib/amd64/server/libjvm.so
7f2a6086b000-7f2a608b6000 rw-p 00000000 00:00 0 
7f2a608b6000-7f2a60a74000 r-xp 00000000 08:01 663293                     /lib/x86_64-linux-gnu/libc-2.24.so
7f2a60a74000-7f2a60c73000 ---p 001be000 08:01 663293                     /lib/x86_64-linux-gnu/libc-2.24.so
7f2a60c73000-7f2a60c77000 r--p 001bd000 08:01 663293                     /lib/x86_64-linux-gnu/libc-2.24.so
7f2a60c77000-7f2a60c79000 rw-p 001c1000 08:01 663293                     /lib/x86_64-linux-gnu/libc-2.24.so
7f2a60c79000-7f2a60c7d000 rw-p 00000000 00:00 0 
7f2a60c7d000-7f2a60c80000 r-xp 00000000 08:01 663296                     /lib/x86_64-linux-gnu/libdl-2.24.so
7f2a60c80000-7f2a60e7f000 ---p 00003000 08:01 663296                     /lib/x86_64-linux-gnu/libdl-2.24.so
7f2a60e7f000-7f2a60e80000 r--p 00002000 08:01 663296                     /lib/x86_64-linux-gnu/libdl-2.24.so
7f2a60e80000-7f2a60e81000 rw-p 00003000 08:01 663296                     /lib/x86_64-linux-gnu/libdl-2.24.so
7f2a60e81000-7f2a60e96000 r-xp 00000000 08:01 2106497                    /usr/lib/jvm/java-8-oracle/jre/lib/amd64/jli/libjli.so
7f2a60e96000-7f2a61096000 ---p 00015000 08:01 2106497                    /usr/lib/jvm/java-8-oracle/jre/lib/amd64/jli/libjli.so
7f2a61096000-7f2a61097000 rw-p 00015000 08:01 2106497                    /usr/lib/jvm/java-8-oracle/jre/lib/amd64/jli/libjli.so
7f2a61097000-7f2a610af000 r-xp 00000000 08:01 663308                     /lib/x86_64-linux-gnu/libpthread-2.24.so
7f2a610af000-7f2a612af000 ---p 00018000 08:01 663308                     /lib/x86_64-linux-gnu/libpthread-2.24.so
7f2a612af000-7f2a612b0000 r--p 00018000 08:01 663308                     /lib/x86_64-linux-gnu/libpthread-2.24.so
7f2a612b0000-7f2a612b1000 rw-p 00019000 08:01 663308                     /lib/x86_64-linux-gnu/libpthread-2.24.so
7f2a612b1000-7f2a612b5000 rw-p 00000000 00:00 0 
7f2a612b5000-7f2a612db000 r-xp 00000000 08:01 663288                     /lib/x86_64-linux-gnu/ld-2.24.so
7f2a612db000-7f2a612dc000 r--s 00005000 08:01 791308                     /home/madunlap/.m2/repository/org/noggit/noggit/0.5/noggit-0.5.jar
7f2a612dc000-7f2a613ad000 rw-p 00000000 00:00 0 
7f2a613ad000-7f2a613b0000 ---p 00000000 00:00 0 
7f2a613b0000-7f2a614b0000 rw-p 00000000 00:00 0 
7f2a614b0000-7f2a614b1000 r--s 00004000 08:01 791275                     /home/madunlap/.m2/repository/org/mindrot/jbcrypt/0.3m/jbcrypt-0.3m.jar
7f2a614b1000-7f2a614b6000 r--s 00023000 08:01 791711                     /home/madunlap/.m2/repository/org/apache/maven/surefire/surefire-api/2.10/surefire-api-2.10.jar
7f2a614b6000-7f2a614b8000 r--s 00007000 08:01 791708                     /home/madunlap/.m2/repository/org/apache/maven/surefire/surefire-booter/2.10/surefire-booter-2.10.jar
7f2a614b8000-7f2a614b9000 r--s 00005000 08:01 926409                     /home/madunlap/Documents/github/dataverse/target/surefire/surefirebooter1354648379737269174.jar
7f2a614b9000-7f2a614cd000 rw-p 00000000 00:00 0 
7f2a614cd000-7f2a614d5000 rw-s 00000000 08:01 1585666                    /tmp/hsperfdata_madunlap/23821
7f2a614d5000-7f2a614d6000 rw-p 00000000 00:00 0 
7f2a614d6000-7f2a614d7000 ---p 00000000 00:00 0 
7f2a614d7000-7f2a614da000 rw-p 00000000 00:00 0 
7f2a614da000-7f2a614db000 r--p 00025000 08:01 663288                     /lib/x86_64-linux-gnu/ld-2.24.so
7f2a614db000-7f2a614dc000 rw-p 00026000 08:01 663288                     /lib/x86_64-linux-gnu/ld-2.24.so
7f2a614dc000-7f2a614dd000 rw-p 00000000 00:00 0 
7ffd5530a000-7ffd5532b000 rw-p 00000000 00:00 0                          [stack]
7ffd553eb000-7ffd553ed000 r--p 00000000 00:00 0                          [vvar]
7ffd553ed000-7ffd553ef000 r-xp 00000000 00:00 0                          [vdso]
ffffffffff600000-ffffffffff601000 r-xp 00000000 00:00 0                  [vsyscall]

VM Arguments:
jvm_args: -javaagent:/home/madunlap/.m2/repository/org/jacoco/org.jacoco.agent/0.7.5.201505241946/org.jacoco.agent-0.7.5.201505241946-runtime.jar=destfile=/home/madunlap/Documents/github/dataverse/target/jacoco.exec 
java_command: /home/madunlap/Documents/github/dataverse/target/surefire/surefirebooter1354648379737269174.jar /home/madunlap/Documents/github/dataverse/target/surefire/surefire4456195022815318705tmp /home/madunlap/Documents/github/dataverse/target/surefire/surefire9152449998278821065tmp
java_class_path (initial): /home/madunlap/Documents/github/dataverse/target/surefire/surefirebooter1354648379737269174.jar:/home/madunlap/.m2/repository/org/jacoco/org.jacoco.agent/0.7.5.201505241946/org.jacoco.agent-0.7.5.201505241946-runtime.jar
Launcher Type: SUN_STANDARD

Environment Variables:
JAVA_HOME=/usr/lib/jvm/java-8-oracle
PATH=/usr/local/sbin:/usr/local/bin:/usr/sbin:/usr/bin:/sbin:/bin:/usr/games:/usr/local/games:/snap/bin:/usr/lib/jvm/java-8-oracle/bin:/usr/lib/jvm/java-8-oracle/db/bin:/usr/lib/jvm/java-8-oracle/jre/bin
LD_LIBRARY_PATH=/usr/lib/jvm/java-8-oracle/jre/lib/amd64:/usr/lib/jvm/java-8-oracle/jre/lib/i386:
SHELL=/bin/bash
DISPLAY=:0

Signal Handlers:
SIGSEGV: [libjvm.so+0xacba10], sa_mask[0]=11111111011111111101111111111110, sa_flags=SA_RESTART|SA_SIGINFO
SIGBUS: [libjvm.so+0xacba10], sa_mask[0]=11111111011111111101111111111110, sa_flags=SA_RESTART|SA_SIGINFO
SIGFPE: [libjvm.so+0x924ba0], sa_mask[0]=11111111011111111101111111111110, sa_flags=SA_RESTART|SA_SIGINFO
SIGPIPE: [libjvm.so+0x924ba0], sa_mask[0]=11111111011111111101111111111110, sa_flags=SA_RESTART|SA_SIGINFO
SIGXFSZ: [libjvm.so+0x924ba0], sa_mask[0]=11111111011111111101111111111110, sa_flags=SA_RESTART|SA_SIGINFO
SIGILL: [libjvm.so+0x924ba0], sa_mask[0]=11111111011111111101111111111110, sa_flags=SA_RESTART|SA_SIGINFO
SIGUSR1: SIG_DFL, sa_mask[0]=00000000000000000000000000000000, sa_flags=none
SIGUSR2: [libjvm.so+0x9263e0], sa_mask[0]=00100000000000000000000000000000, sa_flags=SA_RESTART|SA_SIGINFO
SIGHUP: [libjvm.so+0x9277e0], sa_mask[0]=11111111011111111101111111111110, sa_flags=SA_RESTART|SA_SIGINFO
SIGINT: SIG_IGN, sa_mask[0]=00000000000000000000000000000000, sa_flags=none
SIGTERM: [libjvm.so+0x9277e0], sa_mask[0]=11111111011111111101111111111110, sa_flags=SA_RESTART|SA_SIGINFO
SIGQUIT: [libjvm.so+0x9277e0], sa_mask[0]=11111111011111111101111111111110, sa_flags=SA_RESTART|SA_SIGINFO


---------------  S Y S T E M  ---------------

OS:DISTRIB_ID=Ubuntu
DISTRIB_RELEASE=17.04
DISTRIB_CODENAME=zesty
DISTRIB_DESCRIPTION="Ubuntu 17.04"

uname:Linux 4.10.0-35-generic #39-Ubuntu SMP Wed Sep 13 07:46:59 UTC 2017 x86_64
libc:glibc 2.24 NPTL 2.24 
rlimit: STACK 8192k, CORE 0k, NPROC 15602, NOFILE 1048576, AS infinity
load average:2.07 0.87 0.46

/proc/meminfo:
MemTotal:        4039880 kB
MemFree:          108164 kB
MemAvailable:      15300 kB
Buffers:             708 kB
Cached:            28168 kB
SwapCached:        60684 kB
Active:          3087652 kB
Inactive:         624204 kB
Active(anon):    3081224 kB
Inactive(anon):   616248 kB
Active(file):       6428 kB
Inactive(file):     7956 kB
Unevictable:          32 kB
Mlocked:              32 kB
SwapTotal:       2097148 kB
SwapFree:             12 kB
Dirty:               548 kB
Writeback:             0 kB
AnonPages:       3622828 kB
Mapped:            23744 kB
Shmem:             14384 kB
Slab:              90988 kB
SReclaimable:      43140 kB
SUnreclaim:        47848 kB
KernelStack:       15656 kB
PageTables:        74120 kB
NFS_Unstable:          0 kB
Bounce:                0 kB
WritebackTmp:          0 kB
CommitLimit:     4117088 kB
Committed_AS:   11125676 kB
VmallocTotal:   34359738367 kB
VmallocUsed:           0 kB
VmallocChunk:          0 kB
HardwareCorrupted:     0 kB
AnonHugePages:   1265664 kB
ShmemHugePages:        0 kB
ShmemPmdMapped:        0 kB
CmaTotal:              0 kB
CmaFree:               0 kB
HugePages_Total:       0
HugePages_Free:        0
HugePages_Rsvd:        0
HugePages_Surp:        0
Hugepagesize:       2048 kB
DirectMap4k:      126896 kB
DirectMap2M:     4067328 kB


CPU:total 2 (initial active 2) (2 cores per cpu, 1 threads per core) family 6 model 70 stepping 1, cmov, cx8, fxsr, mmx, sse, sse2, sse3, ssse3, sse4.1, sse4.2, popcnt, avx, avx2, aes, clmul, erms, lzcnt, tsc, tscinvbit, bmi1, bmi2

/proc/cpuinfo:
processor	: 0
vendor_id	: GenuineIntel
cpu family	: 6
model		: 70
model name	: Intel(R) Core(TM) i7-4870HQ CPU @ 2.50GHz
stepping	: 1
microcode	: 0x13
cpu MHz		: 2494.226
cache size	: 6144 KB
physical id	: 0
siblings	: 2
core id		: 0
cpu cores	: 2
apicid		: 0
initial apicid	: 0
fpu		: yes
fpu_exception	: yes
cpuid level	: 13
wp		: yes
flags		: fpu vme de pse tsc msr pae mce cx8 apic sep mtrr pge mca cmov pat pse36 clflush mmx fxsr sse sse2 ss ht syscall nx rdtscp lm constant_tsc nopl xtopology nonstop_tsc pni pclmulqdq ssse3 fma cx16 pcid sse4_1 sse4_2 x2apic movbe popcnt tsc_deadline_timer aes xsave avx f16c rdrand hypervisor lahf_lm abm fsgsbase tsc_adjust bmi1 avx2 smep bmi2 invpcid xsaveopt dtherm arat pln pts
bugs		:
bogomips	: 4988.45
clflush size	: 64
cache_alignment	: 64
address sizes	: 36 bits physical, 48 bits virtual
power management:

processor	: 1
vendor_id	: GenuineIntel
cpu family	: 6
model		: 70
model name	: Intel(R) Core(TM) i7-4870HQ CPU @ 2.50GHz
stepping	: 1
microcode	: 0x13
cpu MHz		: 2494.226
cache size	: 6144 KB
physical id	: 0
siblings	: 2
core id		: 1
cpu cores	: 2
apicid		: 1
initial apicid	: 1
fpu		: yes
fpu_exception	: yes
cpuid level	: 13
wp		: yes
flags		: fpu vme de pse tsc msr pae mce cx8 apic sep mtrr pge mca cmov pat pse36 clflush mmx fxsr sse sse2 ss ht syscall nx rdtscp lm constant_tsc nopl xtopology nonstop_tsc pni pclmulqdq ssse3 fma cx16 pcid sse4_1 sse4_2 x2apic movbe popcnt tsc_deadline_timer aes xsave avx f16c rdrand hypervisor lahf_lm abm fsgsbase tsc_adjust bmi1 avx2 smep bmi2 invpcid xsaveopt dtherm arat pln pts
bugs		:
bogomips	: 4988.45
clflush size	: 64
cache_alignment	: 64
address sizes	: 36 bits physical, 48 bits virtual
power management:



Memory: 4k page, physical 4039880k(108164k free), swap 2097148k(12k free)

vm_info: Java HotSpot(TM) 64-Bit Server VM (25.144-b01) for linux-amd64 JRE (1.8.0_144-b01), built on Jul 21 2017 21:57:33 by "java_re" with gcc 4.3.0 20080428 (Red Hat 4.3.0-8)

time: Tue Sep 19 18:09:38 2017
elapsed time: 5 seconds (0d 0h 0m 5s)

