#
# There is insufficient memory for the Java Runtime Environment to continue.
# Native memory allocation (mmap) failed to map 77594624 bytes for committing reserved memory.
# Possible reasons:
#   The system is out of physical RAM or swap space
#   In 32 bit mode, the process size limit was hit
# Possible solutions:
#   Reduce memory load on the system
#   Increase physical memory or swap space
#   Check if swap backing store is full
#   Use 64 bit Java on a 64 bit OS
#   Decrease Java heap size (-Xmx/-Xms)
#   Decrease number of Java threads
#   Decrease Java thread stack sizes (-Xss)
#   Set larger code cache with -XX:ReservedCodeCacheSize=
# This output file may be truncated or incomplete.
#
#  Out of Memory Error (os_linux.cpp:2640), pid=25966, tid=0x00007f63fe41a700
#
# JRE version: Java(TM) SE Runtime Environment (8.0_151-b12) (build 1.8.0_151-b12)
# Java VM: Java HotSpot(TM) 64-Bit Server VM (25.151-b12 mixed mode linux-amd64 compressed oops)
# Failed to write core dump. Core dumps have been disabled. To enable core dumping, try "ulimit -c unlimited" before starting Java again
#

---------------  T H R E A D  ---------------

Current thread (0x00007f6410073800):  VMThread [stack: 0x00007f63fe31a000,0x00007f63fe41b000] [id=25971]

Stack: [0x00007f63fe31a000,0x00007f63fe41b000],  sp=0x00007f63fe4191a0,  free space=1020k
Native frames: (J=compiled Java code, j=interpreted, Vv=VM code, C=native code)
V  [libjvm.so+0xacb58a]  VMError::report_and_die()+0x2ba
V  [libjvm.so+0x4ff4ab]  report_vm_out_of_memory(char const*, int, unsigned long, VMErrorType, char const*)+0x8b
V  [libjvm.so+0x928113]  os::Linux::commit_memory_impl(char*, unsigned long, bool)+0x103
V  [libjvm.so+0x928669]  os::pd_commit_memory(char*, unsigned long, unsigned long, bool)+0x29
V  [libjvm.so+0x92288a]  os::commit_memory(char*, unsigned long, unsigned long, bool)+0x2a
V  [libjvm.so+0x9973e3]  PSVirtualSpace::expand_by(unsigned long)+0x53
V  [libjvm.so+0x987ca0]  PSOldGen::expand(unsigned long)+0x170
V  [libjvm.so+0x987eab]  PSOldGen::resize(unsigned long)+0x1cb
V  [libjvm.so+0x98fbb1]  PSParallelCompact::invoke_no_policy(bool)+0x991
V  [libjvm.so+0x99550d]  PSScavenge::invoke()+0x1ad
V  [libjvm.so+0x94c0d0]  ParallelScavengeHeap::failed_mem_allocate(unsigned long)+0x70
V  [libjvm.so+0xaccfa7]  VM_ParallelGCFailedAllocation::doit()+0x97
V  [libjvm.so+0xad4a85]  VM_Operation::evaluate()+0x55
V  [libjvm.so+0xad2e5a]  VMThread::evaluate_operation(VM_Operation*)+0xba
V  [libjvm.so+0xad31de]  VMThread::loop()+0x1ce
V  [libjvm.so+0xad3650]  VMThread::run()+0x70
V  [libjvm.so+0x92a728]  java_start(Thread*)+0x108

VM_Operation (0x00007f64181d2930): ParallelGCFailedAllocation, mode: safepoint, requested by thread 0x00007f641000a000


---------------  P R O C E S S  ---------------

Java Threads: ( => current thread )
  0x00007f6410526000 JavaThread "process reaper" daemon [_thread_blocked, id=25988, stack(0x00007f63fd4e0000,0x00007f63fd519000)]
  0x00007f64100ba800 JavaThread "Service Thread" daemon [_thread_blocked, id=25977, stack(0x00007f63fda39000,0x00007f63fdb3a000)]
  0x00007f64100b7800 JavaThread "C1 CompilerThread1" daemon [_thread_blocked, id=25976, stack(0x00007f63fdb3a000,0x00007f63fdc3b000)]
  0x00007f64100b4800 JavaThread "C2 CompilerThread0" daemon [_thread_blocked, id=25975, stack(0x00007f63fdc3b000,0x00007f63fdd3c000)]
  0x00007f64100b3000 JavaThread "Signal Dispatcher" daemon [_thread_blocked, id=25974, stack(0x00007f63fdd3c000,0x00007f63fde3d000)]
  0x00007f6410080000 JavaThread "Finalizer" daemon [_thread_blocked, id=25973, stack(0x00007f63fe118000,0x00007f63fe219000)]
  0x00007f641007b800 JavaThread "Reference Handler" daemon [_thread_blocked, id=25972, stack(0x00007f63fe219000,0x00007f63fe31a000)]
  0x00007f641000a000 JavaThread "main" [_thread_blocked, id=25968, stack(0x00007f64180d9000,0x00007f64181da000)]

Other Threads:
=>0x00007f6410073800 VMThread [stack: 0x00007f63fe31a000,0x00007f63fe41b000] [id=25971]
  0x00007f64100bd000 WatcherThread [stack: 0x00007f63fd938000,0x00007f63fda39000] [id=25978]

VM state:at safepoint (normal execution)

VM Mutex/Monitor currently owned by a thread:  ([mutex/lock_event])
[0x00007f6410005b20] ExpandHeap_lock - owner thread: 0x00007f6410073800
[0x00007f64100061a0] Threads_lock - owner thread: 0x00007f6410073800
[0x00007f64100066a0] Heap_lock - owner thread: 0x00007f641000a000

Heap:
 PSYoungGen      total 280576K, used 0K [0x00000000eb700000, 0x0000000100000000, 0x0000000100000000)
  eden space 224256K, 0% used [0x00000000eb700000,0x00000000eb700000,0x00000000f9200000)
  from space 56320K, 0% used [0x00000000f9200000,0x00000000f9200000,0x00000000fc900000)
  to   space 55808K, 0% used [0x00000000fc980000,0x00000000fc980000,0x0000000100000000)
 ParOldGen       total 167936K, used 142609K [0x00000000c2400000, 0x00000000cc800000, 0x00000000eb700000)
  object space 167936K, 84% used [0x00000000c2400000,0x00000000caf44598,0x00000000cc800000)
 Metaspace       used 29541K, capacity 30344K, committed 30512K, reserved 1077248K
  class space    used 3284K, capacity 3517K, committed 3632K, reserved 1048576K

Card table byte_map: [0x00007f6414c94000,0x00007f6414e83000] byte_map_base: 0x00007f6414682000

Marking Bits: (ParMarkBitMap*) 0x00007f64175b4f80
 Begin Bits: [0x00007f63ff120000, 0x00007f6400090000)
 End Bits:   [0x00007f6400090000, 0x00007f6401000000)

Polling page: 0x00007f6418202000

CodeCache: size=245760Kb used=23978Kb max_used=25044Kb free=221781Kb
 bounds [0x00007f6401000000, 0x00007f6402890000, 0x00007f6410000000]
 total_blobs=7361 nmethods=6928 adapters=345
 compilation: enabled

Compilation events (10 events):
Event: 20.649 Thread 0x00007f64100b7800 8230       2       com.sun.tools.javac.util.List::of (14 bytes)
Event: 20.649 Thread 0x00007f64100b7800 nmethod 8230 0x00007f64018bf710 code [0x00007f64018bf880, 0x00007f64018bfb30]
Event: 20.659 Thread 0x00007f64100b7800 8231       2       java.lang.Long::hashCode (8 bytes)
Event: 20.660 Thread 0x00007f64100b7800 nmethod 8231 0x00007f6401d7c3d0 code [0x00007f6401d7c520, 0x00007f6401d7c690]
Event: 20.662 Thread 0x00007f64100b7800 8232       2       com.sun.tools.javac.comp.Infer::generateReturnConstraintsUndetVarToReference (333 bytes)
Event: 20.664 Thread 0x00007f64100b7800 nmethod 8232 0x00007f640288be90 code [0x00007f640288c1c0, 0x00007f640288d2c8]
Event: 20.675 Thread 0x00007f64100b7800 8233       2       com.sun.tools.javac.tree.JCTree$JCParens::accept (9 bytes)
Event: 20.676 Thread 0x00007f64100b7800 nmethod 8233 0x00007f640160e690 code [0x00007f640160e800, 0x00007f640160e988]
Event: 20.676 Thread 0x00007f64100b7800 8234       2       com.sun.tools.javac.tree.TreeCopier::visitParenthesized (7 bytes)
Event: 20.676 Thread 0x00007f64100b7800 nmethod 8234 0x00007f64020887d0 code [0x00007f6402088940, 0x00007f6402088aa8]

GC Heap History (10 events):
Event: 11.679 GC heap after
Heap after GC invocations=14 (full 2):
 PSYoungGen      total 276480K, used 22524K [0x00000000eb700000, 0x0000000100000000, 0x0000000100000000)
  eden space 253952K, 0% used [0x00000000eb700000,0x00000000eb700000,0x00000000faf00000)
  from space 22528K, 99% used [0x00000000fde00000,0x00000000ff3ff378,0x00000000ff400000)
  to   space 41472K, 0% used [0x00000000faf00000,0x00000000faf00000,0x00000000fd780000)
 ParOldGen       total 94720K, used 89783K [0x00000000c2400000, 0x00000000c8080000, 0x00000000eb700000)
  object space 94720K, 94% used [0x00000000c2400000,0x00000000c7baddb0,0x00000000c8080000)
 Metaspace       used 26721K, capacity 27472K, committed 27696K, reserved 1073152K
  class space    used 3062K, capacity 3285K, committed 3376K, reserved 1048576K
}
Event: 11.680 GC heap before
{Heap before GC invocations=15 (full 3):
 PSYoungGen      total 276480K, used 22524K [0x00000000eb700000, 0x0000000100000000, 0x0000000100000000)
  eden space 253952K, 0% used [0x00000000eb700000,0x00000000eb700000,0x00000000faf00000)
  from space 22528K, 99% used [0x00000000fde00000,0x00000000ff3ff378,0x00000000ff400000)
  to   space 41472K, 0% used [0x00000000faf00000,0x00000000faf00000,0x00000000fd780000)
 ParOldGen       total 94720K, used 89783K [0x00000000c2400000, 0x00000000c8080000, 0x00000000eb700000)
  object space 94720K, 94% used [0x00000000c2400000,0x00000000c7baddb0,0x00000000c8080000)
 Metaspace       used 26721K, capacity 27472K, committed 27696K, reserved 1073152K
  class space    used 3062K, capacity 3285K, committed 3376K, reserved 1048576K
Event: 12.077 GC heap after
Heap after GC invocations=15 (full 3):
 PSYoungGen      total 276480K, used 12207K [0x00000000eb700000, 0x0000000100000000, 0x0000000100000000)
  eden space 253952K, 0% used [0x00000000eb700000,0x00000000eb700000,0x00000000faf00000)
  from space 22528K, 54% used [0x00000000fde00000,0x00000000fe9ebe18,0x00000000ff400000)
  to   space 41472K, 0% used [0x00000000faf00000,0x00000000faf00000,0x00000000fd780000)
 ParOldGen       total 167936K, used 94578K [0x00000000c2400000, 0x00000000cc800000, 0x00000000eb700000)
  object space 167936K, 56% used [0x00000000c2400000,0x00000000c805cbb0,0x00000000cc800000)
 Metaspace       used 26721K, capacity 27472K, committed 27696K, reserved 1073152K
  class space    used 3062K, capacity 3285K, committed 3376K, reserved 1048576K
}
Event: 14.687 GC heap before
{Heap before GC invocations=16 (full 3):
 PSYoungGen      total 276480K, used 266159K [0x00000000eb700000, 0x0000000100000000, 0x0000000100000000)
  eden space 253952K, 100% used [0x00000000eb700000,0x00000000faf00000,0x00000000faf00000)
  from space 22528K, 54% used [0x00000000fde00000,0x00000000fe9ebe18,0x00000000ff400000)
  to   space 41472K, 0% used [0x00000000faf00000,0x00000000faf00000,0x00000000fd780000)
 ParOldGen       total 167936K, used 94578K [0x00000000c2400000, 0x00000000cc800000, 0x00000000eb700000)
  object space 167936K, 56% used [0x00000000c2400000,0x00000000c805cbb0,0x00000000cc800000)
 Metaspace       used 29105K, capacity 29896K, committed 30256K, reserved 1075200K
  class space    used 3280K, capacity 3517K, committed 3632K, reserved 1048576K
Event: 15.105 GC heap after
Heap after GC invocations=16 (full 3):
 PSYoungGen      total 294912K, used 40866K [0x00000000eb700000, 0x0000000100000000, 0x0000000100000000)
  eden space 253952K, 0% used [0x00000000eb700000,0x00000000eb700000,0x00000000faf00000)
  from space 40960K, 99% used [0x00000000faf00000,0x00000000fd6e8a70,0x00000000fd700000)
  to   space 41984K, 0% used [0x00000000fd700000,0x00000000fd700000,0x0000000100000000)
 ParOldGen       total 167936K, used 106838K [0x00000000c2400000, 0x00000000cc800000, 0x00000000eb700000)
  object space 167936K, 63% used [0x00000000c2400000,0x00000000c8c55810,0x00000000cc800000)
 Metaspace       used 29105K, capacity 29896K, committed 30256K, reserved 1075200K
  class space    used 3280K, capacity 3517K, committed 3632K, reserved 1048576K
}
Event: 18.759 GC heap before
{Heap before GC invocations=17 (full 3):
 PSYoungGen      total 294912K, used 294818K [0x00000000eb700000, 0x0000000100000000, 0x0000000100000000)
  eden space 253952K, 100% used [0x00000000eb700000,0x00000000faf00000,0x00000000faf00000)
  from space 40960K, 99% used [0x00000000faf00000,0x00000000fd6e8a70,0x00000000fd700000)
  to   space 41984K, 0% used [0x00000000fd700000,0x00000000fd700000,0x0000000100000000)
 ParOldGen       total 167936K, used 106838K [0x00000000c2400000, 0x00000000cc800000, 0x00000000eb700000)
  object space 167936K, 63% used [0x00000000c2400000,0x00000000c8c55810,0x00000000cc800000)
 Metaspace       used 29466K, capacity 30280K, committed 30512K, reserved 1077248K
  class space    used 3283K, capacity 3517K, committed 3632K, reserved 1048576K
Event: 19.002 GC heap after
Heap after GC invocations=17 (full 3):
 PSYoungGen      total 266240K, used 41975K [0x00000000eb700000, 0x0000000100000000, 0x0000000100000000)
  eden space 224256K, 0% used [0x00000000eb700000,0x00000000eb700000,0x00000000f9200000)
  from space 41984K, 99% used [0x00000000fd700000,0x00000000ffffdd20,0x0000000100000000)
  to   space 56320K, 0% used [0x00000000f9200000,0x00000000f9200000,0x00000000fc900000)
 ParOldGen       total 167936K, used 111982K [0x00000000c2400000, 0x00000000cc800000, 0x00000000eb700000)
  object space 167936K, 66% used [0x00000000c2400000,0x00000000c915b878,0x00000000cc800000)
 Metaspace       used 29466K, capacity 30280K, committed 30512K, reserved 1077248K
  class space    used 3283K, capacity 3517K, committed 3632K, reserved 1048576K
}
Event: 20.679 GC heap before
{Heap before GC invocations=18 (full 3):
 PSYoungGen      total 266240K, used 266231K [0x00000000eb700000, 0x0000000100000000, 0x0000000100000000)
  eden space 224256K, 100% used [0x00000000eb700000,0x00000000f9200000,0x00000000f9200000)
  from space 41984K, 99% used [0x00000000fd700000,0x00000000ffffdd20,0x0000000100000000)
  to   space 56320K, 0% used [0x00000000f9200000,0x00000000f9200000,0x00000000fc900000)
 ParOldGen       total 167936K, used 111982K [0x00000000c2400000, 0x00000000cc800000, 0x00000000eb700000)
  object space 167936K, 66% used [0x00000000c2400000,0x00000000c915b878,0x00000000cc800000)
 Metaspace       used 29541K, capacity 30344K, committed 30512K, reserved 1077248K
  class space    used 3284K, capacity 3517K, committed 3632K, reserved 1048576K
Event: 20.807 GC heap after
Heap after GC invocations=18 (full 3):
 PSYoungGen      total 280576K, used 3748K [0x00000000eb700000, 0x0000000100000000, 0x0000000100000000)
  eden space 224256K, 0% used [0x00000000eb700000,0x00000000eb700000,0x00000000f9200000)
  from space 56320K, 6% used [0x00000000f9200000,0x00000000f95a90b0,0x00000000fc900000)
  to   space 55808K, 0% used [0x00000000fc980000,0x00000000fc980000,0x0000000100000000)
 ParOldGen       total 167936K, used 153639K [0x00000000c2400000, 0x00000000cc800000, 0x00000000eb700000)
  object space 167936K, 91% used [0x00000000c2400000,0x00000000cba09fa8,0x00000000cc800000)
 Metaspace       used 29541K, capacity 30344K, committed 30512K, reserved 1077248K
  class space    used 3284K, capacity 3517K, committed 3632K, reserved 1048576K
}
Event: 20.808 GC heap before
{Heap before GC invocations=19 (full 4):
 PSYoungGen      total 280576K, used 3748K [0x00000000eb700000, 0x0000000100000000, 0x0000000100000000)
  eden space 224256K, 0% used [0x00000000eb700000,0x00000000eb700000,0x00000000f9200000)
  from space 56320K, 6% used [0x00000000f9200000,0x00000000f95a90b0,0x00000000fc900000)
  to   space 55808K, 0% used [0x00000000fc980000,0x00000000fc980000,0x0000000100000000)
 ParOldGen       total 167936K, used 153639K [0x00000000c2400000, 0x00000000cc800000, 0x00000000eb700000)
  object space 167936K, 91% used [0x00000000c2400000,0x00000000cba09fa8,0x00000000cc800000)
 Metaspace       used 29541K, capacity 30344K, committed 30512K, reserved 1077248K
  class space    used 3284K, capacity 3517K, committed 3632K, reserved 1048576K

Deoptimization events (10 events):
Event: 19.438 Thread 0x00007f641000a000 Uncommon trap: reason=class_check action=maybe_recompile pc=0x00007f640120a5f0 method=java.lang.String.equals(Ljava/lang/Object;)Z @ 8
Event: 19.464 Thread 0x00007f641000a000 Uncommon trap: reason=speculate_class_check action=maybe_recompile pc=0x00007f64027fb520 method=com.sun.tools.javac.code.Type.hasTag(Lcom/sun/tools/javac/code/TypeTag;)Z @ 2
Event: 19.472 Thread 0x00007f641000a000 Uncommon trap: reason=speculate_class_check action=maybe_recompile pc=0x00007f64027fb520 method=com.sun.tools.javac.code.Type.hasTag(Lcom/sun/tools/javac/code/TypeTag;)Z @ 2
Event: 20.152 Thread 0x00007f641000a000 Uncommon trap: reason=unstable_if action=reinterpret pc=0x00007f64025792d8 method=com.sun.tools.javac.comp.Resolve$LookupFilter.accepts(Lcom/sun/tools/javac/code/Symbol;)Z @ 28
Event: 20.210 Thread 0x00007f641000a000 Uncommon trap: reason=unstable_if action=reinterpret pc=0x00007f6402864a74 method=com.sun.tools.javac.code.Symbol$VarSymbol.getConstValue()Ljava/lang/Object; @ 17
Event: 20.264 Thread 0x00007f641000a000 Uncommon trap: reason=unstable_if action=reinterpret pc=0x00007f640286b748 method=com.sun.tools.javac.comp.Resolve$BasicLookupHelper.lookup(Lcom/sun/tools/javac/comp/Env;Lcom/sun/tools/javac/comp/Resolve$MethodResolutionPhase;)Lcom/sun/tools/javac/code/Sy
Event: 20.369 Thread 0x00007f641000a000 Uncommon trap: reason=unstable_if action=reinterpret pc=0x00007f640273c1d8 method=java.util.HashMap.putVal(ILjava/lang/Object;Ljava/lang/Object;ZZ)Ljava/lang/Object; @ 162
Event: 20.369 Thread 0x00007f641000a000 Uncommon trap: reason=unstable_if action=reinterpret pc=0x00007f64024702b8 method=java.util.HashMap.putVal(ILjava/lang/Object;Ljava/lang/Object;ZZ)Ljava/lang/Object; @ 162
Event: 20.369 Thread 0x00007f641000a000 Uncommon trap: reason=unstable_if action=reinterpret pc=0x00007f6401916ad0 method=java.util.HashMap.getNode(ILjava/lang/Object;)Ljava/util/HashMap$Node; @ 84
Event: 20.369 Thread 0x00007f641000a000 Uncommon trap: reason=unstable_if action=reinterpret pc=0x00007f640135cb70 method=java.util.HashMap.getNode(ILjava/lang/Object;)Ljava/util/HashMap$Node; @ 84

Internal exceptions (10 events):
Event: 10.174 Thread 0x00007f641000a000 Exception <a 'java/io/FileNotFoundException'> (0x00000000eeb7d838) thrown at [/HUDSON/workspace/8-2-build-linux-amd64/jdk8u151/9699/hotspot/src/share/vm/prims/jni.cpp, line 709]
Event: 10.179 Thread 0x00007f641000a000 Exception <a 'java/io/FileNotFoundException'> (0x00000000eebb28f8) thrown at [/HUDSON/workspace/8-2-build-linux-amd64/jdk8u151/9699/hotspot/src/share/vm/prims/jni.cpp, line 709]
Event: 10.294 Thread 0x00007f641000a000 Exception <a 'java/io/FileNotFoundException'> (0x00000000efcb62c8) thrown at [/HUDSON/workspace/8-2-build-linux-amd64/jdk8u151/9699/hotspot/src/share/vm/prims/jni.cpp, line 709]
Event: 10.294 Thread 0x00007f641000a000 Exception <a 'java/io/FileNotFoundException'> (0x00000000efcb6fe8) thrown at [/HUDSON/workspace/8-2-build-linux-amd64/jdk8u151/9699/hotspot/src/share/vm/prims/jni.cpp, line 709]
Event: 10.294 Thread 0x00007f641000a000 Exception <a 'java/io/FileNotFoundException'> (0x00000000efcb7d10) thrown at [/HUDSON/workspace/8-2-build-linux-amd64/jdk8u151/9699/hotspot/src/share/vm/prims/jni.cpp, line 709]
Event: 10.325 Thread 0x00007f641000a000 Exception <a 'java/io/FileNotFoundException'> (0x00000000f01243d0) thrown at [/HUDSON/workspace/8-2-build-linux-amd64/jdk8u151/9699/hotspot/src/share/vm/prims/jni.cpp, line 709]
Event: 10.326 Thread 0x00007f641000a000 Exception <a 'java/io/FileNotFoundException'> (0x00000000f0143968) thrown at [/HUDSON/workspace/8-2-build-linux-amd64/jdk8u151/9699/hotspot/src/share/vm/prims/jni.cpp, line 709]
Event: 12.210 Thread 0x00007f641000a000 Implicit null exception at 0x00007f6401fd8790 to 0x00007f6401fd8c41
Event: 12.638 Thread 0x00007f641000a000 Exception <a 'java/io/FileNotFoundException'> (0x00000000f107ee08) thrown at [/HUDSON/workspace/8-2-build-linux-amd64/jdk8u151/9699/hotspot/src/share/vm/prims/jni.cpp, line 709]
Event: 16.261 Thread 0x00007f641000a000 Implicit null exception at 0x00007f6402608ca0 to 0x00007f640260e009

Events (10 events):
Event: 20.607 Thread 0x00007f64100b4800 flushing nmethod 0x00007f64022154d0
Event: 20.607 Thread 0x00007f64100b4800 flushing nmethod 0x00007f6402218050
Event: 20.607 Thread 0x00007f64100b4800 flushing nmethod 0x00007f640222fc10
Event: 20.607 Thread 0x00007f64100b4800 flushing nmethod 0x00007f640223b850
Event: 20.607 Thread 0x00007f64100b4800 flushing nmethod 0x00007f640223dc10
Event: 20.607 Thread 0x00007f64100b4800 flushing nmethod 0x00007f64022455d0
Event: 20.607 Thread 0x00007f64100b4800 flushing nmethod 0x00007f640227c390
Event: 20.647 Thread 0x00007f641000a000 DEOPT PACKING pc=0x00007f6401f9a358 sp=0x00007f64181d6f00
Event: 20.647 Thread 0x00007f641000a000 DEOPT UNPACKING pc=0x00007f6401047633 sp=0x00007f64181d6ca0 mode 0
Event: 20.679 Executing VM operation: ParallelGCFailedAllocation


Dynamic libraries:
00400000-00401000 r-xp 00000000 08:01 2106513                            /usr/lib/jvm/java-8-oracle/bin/java
00600000-00601000 rw-p 00000000 08:01 2106513                            /usr/lib/jvm/java-8-oracle/bin/java
018f5000-01937000 rw-p 00000000 00:00 0                                  [heap]
c2400000-cc800000 rw-p 00000000 00:00 0 
d1200000-eb700000 ---p 00000000 00:00 0 
eb700000-100000000 rw-p 00000000 00:00 0 
100000000-10038c000 rw-p 00000000 00:00 0 
10038c000-140000000 ---p 00000000 00:00 0 
7f63bf06d000-7f63bf0ad000 rw-p 00000000 00:00 0 
7f63bf0ad000-7f63bf26d000 ---p 00000000 00:00 0 
7f63bf26d000-7f63bf26f000 r--s 0000b000 08:01 921145                     /home/madunlap/.m2/repository/org/json/json/20160212/json-20160212.jar
7f63bf26f000-7f63bf271000 r--s 00009000 08:01 921147                     /home/madunlap/.m2/repository/com/mashape/unirest/unirest-java/1.4.9/unirest-java-1.4.9.jar
7f63bf271000-7f63bf273000 r--s 0000e000 08:01 921141                     /home/madunlap/.m2/repository/org/jvnet/mimepull/mimepull/1.9.6/mimepull-1.9.6.jar
7f63bf273000-7f63bf276000 r--s 0000e000 08:01 921143                     /home/madunlap/.m2/repository/org/glassfish/jersey/media/jersey-media-multipart/2.23.2/jersey-media-multipart-2.23.2.jar
7f63bf276000-7f63bf27a000 r--s 00019000 08:01 921137                     /home/madunlap/.m2/repository/javax/ws/rs/javax.ws.rs-api/2.0.1/javax.ws.rs-api-2.0.1.jar
7f63bf27a000-7f63bf27c000 r--s 00010000 08:01 921134                     /home/madunlap/.m2/repository/org/glassfish/jersey/media/jersey-media-jaxb/2.23.2/jersey-media-jaxb-2.23.2.jar
7f63bf27c000-7f63bf281000 r--s 00025000 08:01 921138                     /home/madunlap/.m2/repository/org/glassfish/jersey/core/jersey-client/2.23.2/jersey-client-2.23.2.jar
7f63bf281000-7f63bf297000 r--s 000d3000 08:01 921133                     /home/madunlap/.m2/repository/org/glassfish/jersey/core/jersey-server/2.23.2/jersey-server-2.23.2.jar
7f63bf297000-7f63bf298000 r--s 00004000 08:01 921129                     /home/madunlap/.m2/repository/org/glassfish/hk2/osgi-resource-locator/1.0.1/osgi-resource-locator-1.0.1.jar
7f63bf298000-7f63bf2a2000 r--s 000ae000 08:01 921127                     /home/madunlap/.m2/repository/org/javassist/javassist/3.20.0-GA/javassist-3.20.0-GA.jar
7f63bf2a2000-7f63bf2a5000 r--s 0002a000 08:01 921123                     /home/madunlap/.m2/repository/org/glassfish/hk2/hk2-locator/2.5.0-b05/hk2-locator-2.5.0-b05.jar
7f63bf2a5000-7f63bf2a7000 r--s 00002000 08:01 921128                     /home/madunlap/.m2/repository/org/glassfish/hk2/external/aopalliance-repackaged/2.5.0-b05/aopalliance-repackaged-2.5.0-b05.jar
7f63bf2a7000-7f63bf2ab000 r--s 0001a000 08:01 921125                     /home/madunlap/.m2/repository/org/glassfish/hk2/hk2-utils/2.5.0-b05/hk2-utils-2.5.0-b05.jar
7f63bf2ab000-7f63bf2b0000 r--s 00027000 08:01 921118                     /home/madunlap/.m2/repository/org/glassfish/hk2/hk2-api/2.5.0-b05/hk2-api-2.5.0-b05.jar
7f63bf2b0000-7f63bf2c8000 r--s 000d6000 08:01 921120                     /home/madunlap/.m2/repository/org/glassfish/jersey/bundles/repackaged/jersey-guava/2.23.2/jersey-guava-2.23.2.jar
7f63bf2c8000-7f63bf2ca000 r--s 00005000 08:01 921116                     /home/madunlap/.m2/repository/javax/annotation/javax.annotation-api/1.2/javax.annotation-api-1.2.jar
7f63bf2ca000-7f63bf2d9000 r--s 000a0000 08:01 921111                     /home/madunlap/.m2/repository/org/glassfish/jersey/core/jersey-common/2.23.2/jersey-common-2.23.2.jar
7f63bf2d9000-7f63bf2da000 r--s 00001000 08:01 921113                     /home/madunlap/.m2/repository/org/glassfish/hk2/external/javax.inject/2.5.0-b05/javax.inject-2.5.0-b05.jar
7f63bf2da000-7f63bf2dd000 r--s 0000e000 08:01 921110                     /home/madunlap/.m2/repository/org/glassfish/jersey/containers/jersey-container-servlet-core/2.23.2/jersey-container-servlet-core-2.23.2.jar
7f63bf2dd000-7f63bf2df000 r--s 00003000 08:01 921107                     /home/madunlap/.m2/repository/org/glassfish/jersey/containers/jersey-container-servlet/2.23.2/jersey-container-servlet-2.23.2.jar
7f63bf2df000-7f63bf4df000 rw-p 00000000 00:00 0 
7f63bf4df000-7f63bf4e1000 r--s 00008000 08:01 921112                     /home/madunlap/.m2/repository/com/google/auto/auto-common/0.3/auto-common-0.3.jar
7f63bf4e1000-7f63bf6e1000 rw-p 00000000 00:00 0 
7f63bf6e1000-7f63bf6e2000 r--s 00002000 08:01 921105                     /home/madunlap/.m2/repository/com/google/auto/service/auto-service/1.0-rc2/auto-service-1.0-rc2.jar
7f63bf6e2000-7f63bf6e4000 r--s 0000c000 08:01 921153                     /home/madunlap/.m2/repository/com/lyncode/xoai-service-provider/4.1.0-header-patch/xoai-service-provider-4.1.0-header-patch.jar
7f63bf6e4000-7f63bf6e5000 r--s 00001000 08:01 921104                     /home/madunlap/.m2/repository/com/lyncode/builder-commons/1.0.2/builder-commons-1.0.2.jar
7f63bf6e5000-7f63bf6e8000 r--s 00012000 08:01 921152                     /home/madunlap/.m2/repository/com/lyncode/xoai-data-provider/4.1.0-header-patch/xoai-data-provider-4.1.0-header-patch.jar
7f63bf6e8000-7f63bf6ea000 r--s 00005000 08:01 791390                     /home/madunlap/.m2/repository/stax/stax-api/1.0.1/stax-api-1.0.1.jar
7f63bf6ea000-7f63bf6f0000 r--s 00048000 08:01 921101                     /home/madunlap/.m2/repository/org/apache/commons/commons-lang3/3.1/commons-lang3-3.1.jar
7f63bf6f0000-7f63bf6f2000 r--s 00004000 08:01 921097                     /home/madunlap/.m2/repository/javax/xml/stream/stax-api/1.0-2/stax-api-1.0-2.jar
7f63bf6f2000-7f63bf6f6000 r--s 00029000 08:01 921098                     /home/madunlap/.m2/repository/org/codehaus/woodstox/stax2-api/3.0.4/stax2-api-3.0.4.jar
7f63bf6f6000-7f63bf6fc000 r--s 00045000 08:01 921095                     /home/madunlap/.m2/repository/org/hamcrest/hamcrest-all/1.3/hamcrest-all-1.3.jar
7f63bf6fc000-7f63bf6fd000 r--s 00003000 08:01 921092                     /home/madunlap/.m2/repository/com/lyncode/test-support/1.0.4/test-support-1.0.4.jar
7f63bf6fd000-7f63bf6ff000 r--s 00004000 08:01 921090                     /home/madunlap/.m2/repository/com/lyncode/xml-io/1.0.3/xml-io-1.0.3.jar
7f63bf6ff000-7f63bf701000 r--s 0000d000 08:01 921151                     /home/madunlap/.m2/repository/com/lyncode/xoai-common/4.1.0-header-patch/xoai-common-4.1.0-header-patch.jar
7f63bf701000-7f63bf704000 r--s 00011000 08:01 921088                     /home/madunlap/.m2/repository/com/github/scribejava/scribejava-core/3.1.0/scribejava-core-3.1.0.jar
7f63bf704000-7f63bf707000 r--s 00010000 08:01 921084                     /home/madunlap/.m2/repository/com/github/scribejava/scribejava-apis/3.1.0/scribejava-apis-3.1.0.jar
7f63bf707000-7f63bf710000 r--s 0006f000 08:01 921083                     /home/madunlap/.m2/repository/log4j/log4j/1.2.17/log4j-1.2.17.jar
7f63bf710000-7f63bf7e7000 r--s 007aa000 08:01 921093                     /home/madunlap/.m2/repository/net/sf/ehcache/ehcache/2.10.1/ehcache-2.10.1.jar
7f63bf7e7000-7f63bf7e9000 r--s 00008000 08:01 921082                     /home/madunlap/.m2/repository/org/apache/commons/commons-csv/1.2/commons-csv-1.2.jar
7f63bf7e9000-7f63bf7ed000 r--s 00035000 08:01 921081                     /home/madunlap/.m2/repository/com/fasterxml/jackson/core/jackson-core/2.5.3/jackson-core-2.5.3.jar
7f63bf7ed000-7f63bf7ef000 r--s 00008000 08:01 921075                     /home/madunlap/.m2/repository/com/fasterxml/jackson/core/jackson-annotations/2.5.0/jackson-annotations-2.5.0.jar
7f63bf7ef000-7f63bf801000 r--s 00106000 08:01 921073                     /home/madunlap/.m2/repository/com/fasterxml/jackson/core/jackson-databind/2.5.3/jackson-databind-2.5.3.jar
7f63bf801000-7f63bf804000 r--s 00006000 08:01 921070                     /home/madunlap/.m2/repository/com/google/code/findbugs/jsr305/1.3.9/jsr305-1.3.9.jar
7f63bf804000-7f63bf80a000 r--s 00040000 08:01 921074                     /home/madunlap/.m2/repository/com/google/http-client/google-http-client/1.20.0/google-http-client-1.20.0.jar
7f63bf80a000-7f63bf80b000 r--s 00004000 08:01 921066                     /home/madunlap/.m2/repository/com/maxmind/db/maxmind-db/1.0.0/maxmind-db-1.0.0.jar
7f63bf80b000-7f63bf80d000 r--s 00007000 08:01 921064                     /home/madunlap/.m2/repository/com/maxmind/geoip2/geoip2/2.3.1/geoip2-2.3.1.jar
7f63bf80d000-7f63bf811000 r--s 00034000 08:01 921067                     /home/madunlap/.m2/repository/org/codehaus/jackson/jackson-core-asl/1.9.7/jackson-core-asl-1.9.7.jar
7f63bf811000-7f63bf820000 r--s 000b0000 08:01 921065                     /home/madunlap/.m2/repository/org/codehaus/jackson/jackson-mapper-asl/1.9.7/jackson-mapper-asl-1.9.7.jar
7f63bf820000-7f63bf82a000 r--s 0003d000 08:01 921060                     /home/madunlap/.m2/repository/org/javaswift/joss/0.9.10/joss-0.9.10.jar
7f63bf82a000-7f63bf831000 r--s 0003a000 08:01 921056                     /home/madunlap/.m2/repository/commons-codec/commons-codec/1.9/commons-codec-1.9.jar
7f63bf831000-7f63bf838000 r--s 00048000 08:01 921054                     /home/madunlap/.m2/repository/org/apache/httpcomponents/httpcore/4.4.1/httpcore-4.4.1.jar
7f63bf838000-7f63bf845000 r--s 000a4000 08:01 921052                     /home/madunlap/.m2/repository/org/apache/httpcomponents/httpclient/4.4.1/httpclient-4.4.1.jar
7f63bf845000-7f63bf849000 r--s 00028000 08:01 921050                     /home/madunlap/.m2/repository/org/apache/httpcomponents/httpasyncclient/4.1/httpasyncclient-4.1.jar
7f63bf849000-7f63bf850000 r--s 00050000 08:01 921049                     /home/madunlap/.m2/repository/org/apache/httpcomponents/httpcore-nio/4.4.1/httpcore-nio-4.4.1.jar
7f63bf850000-7f63bf856000 r--s 00033000 08:01 921046                     /home/madunlap/.m2/repository/io/searchbox/jest-common/0.1.7/jest-common-0.1.7.jar
7f63bf856000-7f63bf857000 r--s 00004000 08:01 921045                     /home/madunlap/.m2/repository/io/searchbox/jest/0.1.7/jest-0.1.7.jar
7f63bf857000-7f63bf858000 r--s 00004000 08:01 921039                     /home/madunlap/.m2/repository/org/apache/axis/axis-saaj/1.4/axis-saaj-1.4.jar
7f63bf858000-7f63bf85a000 r--s 00006000 08:01 921036                     /home/madunlap/.m2/repository/org/apache/axis/axis-jaxrpc/1.4/axis-jaxrpc-1.4.jar
7f63bf85a000-7f63bf86e000 r--s 00173000 08:01 921038                     /home/madunlap/.m2/repository/axis/axis/1.4/axis-1.4.jar
7f63bf86e000-7f63bf88a000 r--s 00103000 08:01 921030                     /home/madunlap/.m2/repository/org/mockito/mockito-core/1.10.19/mockito-core-1.10.19.jar
7f63bf88a000-7f63bf88c000 r--s 00001000 08:01 921031                     /home/madunlap/.m2/repository/org/slf4j/slf4j-log4j12/1.7.7/slf4j-log4j12-1.7.7.jar
7f63bf88c000-7f63bf88e000 r--s 00006000 08:01 791385                     /home/madunlap/.m2/repository/org/slf4j/slf4j-api/1.7.7/slf4j-api-1.7.7.jar
7f63bf88e000-7f63bf890000 r--s 00008000 08:01 920991                     /home/madunlap/.m2/repository/classworlds/classworlds/1.1-alpha-2/classworlds-1.1-alpha-2.jar
7f63bf890000-7f63bf897000 r--s 00029000 08:01 920988                     /home/madunlap/.m2/repository/org/codehaus/plexus/plexus-container-default/1.0-alpha-9-stable-1/plexus-container-default-1.0-alpha-9-stable-1.jar
7f63bf897000-7f63bf89a000 r--s 00011000 08:01 920989                     /home/madunlap/.m2/repository/org/apache/maven/maven-artifact/2.2.1/maven-artifact-2.2.1.jar
7f63bf89a000-7f63bf89c000 r--s 00006000 08:01 920982                     /home/madunlap/.m2/repository/org/apache/maven/maven-plugin-registry/2.2.1/maven-plugin-registry-2.2.1.jar
7f63bf89c000-7f63bf89e000 r--s 0000b000 08:01 920978                     /home/madunlap/.m2/repository/org/apache/maven/wagon/wagon-provider-api/1.0-beta-6/wagon-provider-api-1.0-beta-6.jar
7f63bf89e000-7f63bf8a0000 r--s 00005000 08:01 920980                     /home/madunlap/.m2/repository/org/apache/maven/maven-repository-metadata/2.2.1/maven-repository-metadata-2.2.1.jar
7f63bf8a0000-7f63bf8a2000 r--s 0000f000 08:01 920975                     /home/madunlap/.m2/repository/org/apache/maven/maven-artifact-manager/2.2.1/maven-artifact-manager-2.2.1.jar
7f63bf8a2000-7f63bf8a4000 r--s 00014000 08:01 920971                     /home/madunlap/.m2/repository/org/apache/maven/maven-model/2.2.1/maven-model-2.2.1.jar
7f63bf8a4000-7f63bf8a6000 r--s 00007000 08:01 920969                     /home/madunlap/.m2/repository/org/apache/maven/maven-profile/2.2.1/maven-profile-2.2.1.jar
7f63bf8a6000-7f63bf8a7000 r--s 0000b000 08:01 920972                     /home/madunlap/.m2/repository/org/apache/maven/maven-settings/2.2.1/maven-settings-2.2.1.jar
7f63bf8a7000-7f63bf8ab000 r--s 00023000 08:01 920973                     /home/madunlap/.m2/repository/org/apache/maven/maven-project/2.2.1/maven-project-2.2.1.jar
7f63bf8ab000-7f63bf8ad000 r--s 00002000 08:01 661356                     /home/madunlap/.m2/repository/org/apache/maven/maven-plugin-api/2.2.1/maven-plugin-api-2.2.1.jar
7f63bf8ad000-7f63bf8af000 r--s 00015000 08:01 791373                     /home/madunlap/.m2/repository/org/ccil/cowan/tagsoup/tagsoup/1.2.1/tagsoup-1.2.1.jar
7f63bf8af000-7f63bf8b5000 r--s 00044000 08:01 791367                     /home/madunlap/.m2/repository/org/jsoup/jsoup/1.8.1/jsoup-1.8.1.jar
7f63bf8b5000-7f63bf8b7000 r--s 00004000 08:01 791401                     /home/madunlap/.m2/repository/edu/ucsb/nceas/ezid/1.0.0/ezid-1.0.0.jar
7f63bf8b7000-7f63bf8ba000 r--s 0000b000 08:01 791362                     /home/madunlap/.m2/repository/org/ocpsoft/rewrite/rewrite-integration-faces/2.0.12.Final/rewrite-integration-faces-2.0.12.Final.jar
7f63bf8ba000-7f63bf8bc000 r--s 00001000 08:01 791360                     /home/madunlap/.m2/repository/org/ocpsoft/rewrite/rewrite-annotations-api/2.0.12.Final/rewrite-annotations-api-2.0.12.Final.jar
7f63bf8bc000-7f63bf8bd000 r--s 00005000 08:01 791359                     /home/madunlap/.m2/repository/org/ocpsoft/rewrite/rewrite-addressbuilder/2.0.12.Final/rewrite-addressbuilder-2.0.12.Final.jar
7f63bf8bd000-7f63bf8bf000 r--s 00008000 08:01 791357                     /home/madunlap/.m2/repository/org/ocpsoft/rewrite/rewrite-api-servlet/2.0.12.Final/rewrite-api-servlet-2.0.12.Final.jar
7f63bf8bf000-7f63bf8c1000 r--s 00001000 08:01 791354                     /home/madunlap/.m2/repository/org/ocpsoft/logging/logging-api/1.0.2.Final/logging-api-1.0.2.Final.jar
7f63bf8c1000-7f63bf8c2000 r--s 00003000 08:01 791353                     /home/madunlap/.m2/repository/org/ocpsoft/common/common-api/1.0.5.Final/common-api-1.0.5.Final.jar
7f63bf8c2000-7f63bf8c6000 r--s 00018000 08:01 791351                     /home/madunlap/.m2/repository/org/ocpsoft/rewrite/rewrite-api/2.0.12.Final/rewrite-api-2.0.12.Final.jar
7f63bf8c6000-7f63bf8c8000 r--s 00005000 08:01 791349                     /home/madunlap/.m2/repository/org/ocpsoft/rewrite/rewrite-annotations-impl/2.0.12.Final/rewrite-annotations-impl-2.0.12.Final.jar
7f63bf8c8000-7f63bf8d6000 r--s 00092000 08:01 791352                     /home/madunlap/.m2/repository/org/ocpsoft/rewrite/rewrite-config-prettyfaces/2.0.12.Final/rewrite-config-prettyfaces-2.0.12.Final.jar
7f63bf8d6000-7f63bf8e4000 r--s 0005f000 08:01 791345                     /home/madunlap/.m2/repository/org/ocpsoft/rewrite/rewrite-servlet/2.0.12.Final/rewrite-servlet-2.0.12.Final.jar
7f63bf8e4000-7f63bf8e8000 r--s 0003c000 08:01 791218                     /home/madunlap/.m2/repository/javax/media/jai_codec/1.1.3/jai_codec-1.1.3.jar
7f63bf8e8000-7f63bf8fc000 r--s 001bd000 08:01 791220                     /home/madunlap/.m2/repository/javax/media/jai_core/1.1.3/jai_core-1.1.3.jar
7f63bf8fc000-7f63bf90d000 r--s 00106000 08:01 791219                     /home/madunlap/.m2/repository/javax/media/jai_imageio/1.1.1/jai_imageio-1.1.1.jar
7f63bf90d000-7f63bf90f000 r--s 00009000 08:01 791399                     /home/madunlap/.m2/repository/edu/harvard/hul/ois/jhove/jhove-handler/1.11.0/jhove-handler-1.11.0.jar
7f63bf90f000-7f63bf918000 r--s 00079000 08:01 791398                     /home/madunlap/.m2/repository/edu/harvard/hul/ois/jhove/jhove-module/1.11.0/jhove-module-1.11.0.jar
7f63bf918000-7f63bf91b000 r--s 00011000 08:01 791396                     /home/madunlap/.m2/repository/edu/harvard/hul/ois/jhove/jhove/1.11.0/jhove-1.11.0.jar
7f63bf91b000-7f63bf92b000 r--s 0011f000 08:01 791342                     /home/madunlap/.m2/repository/org/apache/poi/poi-scratchpad/3.10-FINAL/poi-scratchpad-3.10-FINAL.jar
7f63bf92b000-7f63bf931000 r--s 00047000 08:01 791341                     /home/madunlap/.m2/repository/org/apache/poi/poi-examples/3.10-FINAL/poi-examples-3.10-FINAL.jar
7f63bf931000-7f63bf936000 r--s 00048000 08:01 791338                     /home/madunlap/.m2/repository/dom4j/dom4j/1.6.1/dom4j-1.6.1.jar
7f63bf936000-7f63bf973000 r--s 0024f000 08:01 791336                     /home/madunlap/.m2/repository/org/apache/xmlbeans/xmlbeans/2.3.0/xmlbeans-2.3.0.jar
7f63bf973000-7f63bfa0b000 r--s 00420000 08:01 791334                     /home/madunlap/.m2/repository/org/apache/poi/poi-ooxml-schemas/3.10-FINAL/poi-ooxml-schemas-3.10-FINAL.jar
7f63bfa0b000-7f63bfa19000 r--s 000ee000 08:01 791333                     /home/madunlap/.m2/repository/org/apache/poi/poi-ooxml/3.10-FINAL/poi-ooxml-3.10-FINAL.jar
7f63bfa19000-7f63bfa3b000 r--s 001bb000 08:01 791332                     /home/madunlap/.m2/repository/org/apache/poi/poi/3.10-FINAL/poi-3.10-FINAL.jar
7f63bfa3b000-7f63bfa3d000 r--s 00006000 08:01 791331                     /home/madunlap/.m2/repository/org/nuiton/thirdparty/Rserve/0.6-1/Rserve-0.6-1.jar
7f63bfa3d000-7f63bfa3f000 r--s 00006000 08:01 791328                     /home/madunlap/.m2/repository/org/nuiton/thirdparty/REngine/0.6-1/REngine-0.6-1.jar
7f63bfa3f000-7f63bfa40000 r--s 0000c000 08:01 791397                     /home/madunlap/.m2/repository/org/dataverse/unf/6.0/unf-6.0.jar
7f63bfa40000-7f63bfa41000 r--s 00018000 08:01 791394                     /home/madunlap/.m2/repository/edu/harvard/iq/dvn/unf5/5.0/unf5-5.0.jar
7f63bfa41000-7f63bfa4a000 r--s 000a6000 08:01 791393                     /home/madunlap/.m2/repository/net/handle/handle/2006-06-16-generated/handle-2006-06-16-generated.jar
7f63bfa4a000-7f63bfa4d000 r--s 00035000 08:01 791395                     /home/madunlap/.m2/repository/nom/tam/fits/fits/2012-10-25-generated/fits-2012-10-25-generated.jar
7f63bfa4d000-7f63bfa54000 r--s 00028000 08:01 791326                     /home/madunlap/.m2/repository/concurrent/concurrent/1.3.4/concurrent-1.3.4.jar
7f63bfa54000-7f63bfa62000 r--s 00081000 08:01 791324                     /home/madunlap/.m2/repository/colt/colt/1.2.0/colt-1.2.0.jar
7f63bfa62000-7f63bfa6f000 r--s 00083000 08:01 791320                     /home/madunlap/.m2/repository/commons-collections/commons-collections/3.2.2/commons-collections-3.2.2.jar
7f63bfa6f000-7f63bfa73000 r--s 00020000 08:01 791319                     /home/madunlap/.m2/repository/commons-digester/commons-digester/1.8.1/commons-digester-1.8.1.jar
7f63bfa73000-7f63bfa78000 r--s 00035000 08:01 791317                     /home/madunlap/.m2/repository/commons-beanutils/commons-beanutils/1.9.2/commons-beanutils-1.9.2.jar
7f63bfa78000-7f63bfa7c000 r--s 0002a000 08:01 791315                     /home/madunlap/.m2/repository/commons-validator/commons-validator/1.6/commons-validator-1.6.jar
7f63bfa7c000-7f63bfa8f000 r--s 000df000 08:01 791313                     /home/madunlap/.m2/repository/org/apache/commons/commons-math/2.2/commons-math-2.2.jar
7f63bfa8f000-7f63bfa91000 r--s 0000e000 08:01 791309                     /home/madunlap/.m2/repository/commons-logging/commons-logging/1.1.3/commons-logging-1.1.3.jar
7f63bfa91000-7f63bfa93000 r--s 00005000 08:01 791311                     /home/madunlap/.m2/repository/org/apache/httpcomponents/httpmime/4.2.6/httpmime-4.2.6.jar
7f63bfa93000-7f63bfa94000 r--s 00005000 08:01 791308                     /home/madunlap/.m2/repository/org/noggit/noggit/0.5/noggit-0.5.jar
7f63bfa94000-7f63bfaa0000 r--s 000b3000 08:01 791304                     /home/madunlap/.m2/repository/org/apache/zookeeper/zookeeper/3.4.5/zookeeper-3.4.5.jar
7f63bfaa0000-7f63bfaa8000 r--s 0005b000 08:01 791305                     /home/madunlap/.m2/repository/org/apache/solr/solr-solrj/4.6.0/solr-solrj-4.6.0.jar
7f63bfaa8000-7f63bfaaa000 r--s 0000d000 08:01 791302                     /home/madunlap/.m2/repository/com/fasterxml/classmate/1.0.0/classmate-1.0.0.jar
7f63bfaaa000-7f63bfaac000 r--s 0000d000 08:01 791296                     /home/madunlap/.m2/repository/org/jboss/logging/jboss-logging/3.1.1.GA/jboss-logging-3.1.1.GA.jar
7f63bfaac000-7f63bfab0000 r--s 0000c000 08:01 791294                     /home/madunlap/.m2/repository/javax/validation/validation-api/1.1.0.Final/validation-api-1.1.0.Final.jar
7f63bfab0000-7f63bfabd000 r--s 00080000 08:01 791293                     /home/madunlap/.m2/repository/org/hibernate/hibernate-validator/5.0.3.Final/hibernate-validator-5.0.3.Final.jar
7f63bfabd000-7f63bfac7000 r--s 0006b000 08:01 791289                     /home/madunlap/.m2/repository/org/omnifaces/omnifaces/1.7/omnifaces-1.7.jar
7f63bfac7000-7f63bfad6000 r--s 000c4000 08:01 791290                     /home/madunlap/.m2/repository/org/atmosphere/atmosphere-runtime/2.4.2/atmosphere-runtime-2.4.2.jar
7f63bfad6000-7f63bfaea000 r--s 0013a000 08:01 791121                     /home/madunlap/.m2/repository/org/primefaces/themes/all-themes/1.0.10/all-themes-1.0.10.jar
7f63bfaea000-7f63bfb16000 r--s 00318000 08:01 791288                     /home/madunlap/.m2/repository/org/primefaces/primefaces/5.3/primefaces-5.3.jar
7f63bfb16000-7f63bfb38000 r--s 00120000 08:01 791284                     /home/madunlap/.m2/repository/javax/javaee-web-api/7.0/javaee-web-api-7.0.jar
7f63bfb38000-7f63bfb40000 r--s 00078000 08:01 791280                     /home/madunlap/.m2/repository/com/sun/mail/javax.mail/1.5.0/javax.mail-1.5.0.jar
7f63bfb40000-7f63bfb74000 r--s 001a4000 08:01 791278                     /home/madunlap/.m2/repository/javax/javaee-api/7.0/javaee-api-7.0.jar
7f63bfb74000-7f63bfb9f000 r--s 001f5000 08:01 791277                     /home/madunlap/.m2/repository/com/google/guava/guava/16.0.1/guava-16.0.1.jar
7f63bfb9f000-7f63bfbbd000 r--s 0027d000 08:01 791273                     /home/madunlap/.m2/repository/xalan/xalan/2.7.0/xalan-2.7.0.jar
7f63bfbbd000-7f63bfbd1000 r--s 000e3000 08:01 791272                     /home/madunlap/.m2/repository/xerces/xercesImpl/2.6.2/xercesImpl-2.6.2.jar
7f63bfbd1000-7f63bfbd7000 r--s 00019000 08:01 791270                     /home/madunlap/.m2/repository/xerces/xmlParserAPIs/2.6.2/xmlParserAPIs-2.6.2.jar
7f63bfbd7000-7f63bfbde000 r--s 00063000 08:01 791268                     /home/madunlap/.m2/repository/xom/xom/1.1/xom-1.1.jar
7f63bfbde000-7f63bfbe3000 r--s 0002a000 08:01 791265                     /home/madunlap/.m2/repository/com/google/code/gson/gson/2.2.4/gson-2.2.4.jar
7f63bfbe3000-7f63bfbe7000 r--s 00027000 08:01 791263                     /home/madunlap/.m2/repository/commons-io/commons-io/2.2/commons-io-2.2.jar
7f63bfbe7000-7f63bfbed000 r--s 00032000 08:01 791261                     /home/madunlap/.m2/repository/jaxen/jaxen/1.1.1/jaxen-1.1.1.jar
7f63bfbed000-7f63bfbf4000 r--s 00079000 08:01 661348                     /home/madunlap/.m2/repository/org/codehaus/woodstox/wstx-asl/3.2.6/wstx-asl-3.2.6.jar
7f63bfbf4000-7f63c0000000 r--s 03c80000 08:01 791225                     /home/madunlap/.m2/repository/com/amazonaws/aws-java-sdk-bundle/1.11.172/aws-java-sdk-bundle-1.11.172.jar
7f63c0000000-7f63c0021000 rw-p 00000000 00:00 0 
7f63c0021000-7f63c4000000 ---p 00000000 00:00 0 
7f63c4000000-7f63c4021000 rw-p 00000000 00:00 0 
7f63c4021000-7f63c8000000 ---p 00000000 00:00 0 
7f63c8000000-7f63c824f000 rw-p 00000000 00:00 0 
7f63c824f000-7f63cc000000 ---p 00000000 00:00 0 
7f63cc000000-7f63cc002000 r--s 0000e000 08:01 791282                     /home/madunlap/.m2/repository/javax/activation/activation/1.1/activation-1.1.jar
7f63cc002000-7f63cc003000 r--s 00004000 08:01 791275                     /home/madunlap/.m2/repository/org/mindrot/jbcrypt/0.3m/jbcrypt-0.3m.jar
7f63cc003000-7f63cc005000 r--s 0000f000 08:01 791260                     /home/madunlap/.m2/repository/commons-fileupload/commons-fileupload/1.3.1/commons-fileupload-1.3.1.jar
7f63cc005000-7f63cc00a000 r--s 00070000 08:01 661349                     /home/madunlap/.m2/repository/org/codehaus/woodstox/woodstox-core-asl/4.1.4/woodstox-core-asl-4.1.4.jar
7f63cc00a000-7f63cc00e000 r--s 00026000 08:01 791256                     /home/madunlap/.m2/repository/org/apache/ws/commons/axiom/axiom-impl/1.2.14/axiom-impl-1.2.14.jar
7f63cc00e000-7f63cc011000 r--s 00015000 08:01 791254                     /home/madunlap/.m2/repository/org/apache/james/apache-mime4j-core/0.7.2/apache-mime4j-core-0.7.2.jar
7f63cc011000-7f63cc016000 r--s 00032000 08:01 791252                     /home/madunlap/.m2/repository/org/apache/geronimo/specs/geronimo-javamail_1.4_spec/1.7.1/geronimo-javamail_1.4_spec-1.7.1.jar
7f63cc016000-7f63cc020000 r--s 0005d000 08:01 791250                     /home/madunlap/.m2/repository/org/apache/ws/commons/axiom/axiom-api/1.2.14/axiom-api-1.2.14.jar
7f63cc020000-7f63cc023000 r--s 0014e000 08:01 791249                     /home/madunlap/.m2/repository/org/apache/abdera/abdera-parser/1.1.3/abdera-parser-1.1.3.jar
7f63cc023000-7f63cc025000 r--s 00006000 08:01 791245                     /home/madunlap/.m2/repository/org/apache/geronimo/specs/geronimo-stax-api_1.0_spec/1.0.1/geronimo-stax-api_1.0_spec-1.0.1.jar
7f63cc025000-7f63cc027000 r--s 0000a000 08:01 791243                     /home/madunlap/.m2/repository/org/apache/geronimo/specs/geronimo-activation_1.1_spec/1.1/geronimo-activation_1.1_spec-1.1.jar
7f63cc027000-7f63cc02b000 r--s 00094000 08:01 791246                     /home/madunlap/.m2/repository/org/apache/abdera/abdera-i18n/1.1.3/abdera-i18n-1.1.3.jar
7f63cc02b000-7f63cc02f000 r--s 00024000 08:01 791241                     /home/madunlap/.m2/repository/org/apache/abdera/abdera-core/1.1.3/abdera-core-1.1.3.jar
7f63cc02f000-7f63cc048000 r--s 002fd000 08:01 791240                     /home/madunlap/.m2/repository/com/ibm/icu/icu4j/3.4.4/icu4j-3.4.4.jar
7f63cc048000-7f63cc04b000 r--s 00023000 08:01 791237                     /home/madunlap/.m2/repository/com/hp/hpl/jena/iri/0.8/iri-0.8.jar
7f63cc04b000-7f63cc06e000 r--s 001ae000 08:01 791235                     /home/madunlap/.m2/repository/com/hp/hpl/jena/jena/2.6.4/jena-2.6.4.jar
7f63cc06e000-7f63cc070000 r--s 0000d000 08:01 791233                     /home/madunlap/.m2/repository/org/apache/abdera/abdera-client/1.1.1/abdera-client-1.1.1.jar
7f63cc070000-7f63cc072000 r--s 00016000 08:01 791230                     /home/madunlap/.m2/repository/javax/servlet/servlet-api/2.4/servlet-api-2.4.jar
7f63cc072000-7f63cc075000 r--s 0000f000 08:01 791226                     /home/madunlap/.m2/repository/org/swordapp/sword2-server/1.0/sword2-server-1.0-classes.jar
7f63cc075000-7f63cc07a000 r--s 00040000 08:01 791224                     /home/madunlap/.m2/repository/commons-httpclient/commons-httpclient/3.0.1/commons-httpclient-3.0.1.jar
7f63cc07a000-7f63cc0ba000 r--s 00285000 08:01 925253                     /home/madunlap/.m2/repository/org/bouncycastle/bcprov-jdk15on/1.52/bcprov-jdk15on-1.52.jar
7f63cc0ba000-7f63cc0be000 r--s 00021000 08:01 925254                     /home/madunlap/.m2/repository/org/cryptacular/cryptacular/1.1.0/cryptacular-1.1.0.jar
7f63cc0be000-7f63cc0c1000 r--s 00011000 08:01 925252                     /home/madunlap/.m2/repository/org/passay/passay/1.1.0/passay-1.1.0.jar
7f63cc0c1000-7f63cc2c1000 rw-p 00000000 00:00 0 
7f63cc2c1000-7f63cc33b000 r--s 010f7000 08:01 2106635                    /usr/lib/jvm/java-8-oracle/lib/tools.jar
7f63cc33b000-7f63cc33e000 r--s 0001b000 08:01 791438                     /home/madunlap/.m2/repository/junit/junit/3.8.2/junit-3.8.2.jar
7f63cc33e000-7f63cc34c000 r--s 0008f000 08:01 921892                     /home/madunlap/.m2/repository/com/google/collections/google-collections/1.0/google-collections-1.0.jar
7f63cc34c000-7f63cc34d000 r--s 0000a000 08:01 921891                     /home/madunlap/.m2/repository/commons-logging/commons-logging-api/1.1/commons-logging-api-1.1.jar
7f63cc34d000-7f63cc354000 r--s 00051000 08:01 921889                     /home/madunlap/.m2/repository/log4j/log4j/1.2.12/log4j-1.2.12.jar
7f63cc354000-7f63cc358000 r--s 0001d000 08:01 921886                     /home/madunlap/.m2/repository/org/apache/xbean/xbean-reflect/3.4/xbean-reflect-3.4.jar
7f63cc358000-7f63cc359000 r--s 00004000 08:01 921885                     /home/madunlap/.m2/repository/org/codehaus/plexus/plexus-compiler-javac/2.2/plexus-compiler-javac-2.2.jar
7f63cc359000-7f63cc35b000 r--s 00000000 08:01 921883                     /home/madunlap/.m2/repository/org/codehaus/plexus/plexus-compiler-manager/2.2/plexus-compiler-manager-2.2.jar
7f63cc35b000-7f63cc35d000 r--s 00005000 08:01 921878                     /home/madunlap/.m2/repository/org/codehaus/plexus/plexus-compiler-api/2.2/plexus-compiler-api-2.2.jar
7f63cc35d000-7f63cc35f000 r--s 00002000 08:01 921877                     /home/madunlap/.m2/repository/org/apache/maven/shared/maven-shared-incremental/1.1/maven-shared-incremental-1.1.jar
7f63cc35f000-7f63cc361000 r--s 00006000 08:01 921876                     /home/madunlap/.m2/repository/com/google/code/findbugs/jsr305/2.0.1/jsr305-2.0.1.jar
7f63cc361000-7f63cc364000 r--s 00023000 08:01 921882                     /home/madunlap/.m2/repository/org/apache/maven/shared/maven-shared-utils/0.1/maven-shared-utils-0.1.jar
7f63cc364000-7f63cc368000 r--s 00030000 08:01 921884                     /home/madunlap/.m2/repository/org/codehaus/plexus/plexus-utils/1.5.1/plexus-utils-1.5.1.jar
7f63cc368000-7f63cc36a000 r--s 00009000 08:01 660601                     /home/madunlap/.m2/repository/org/apache/maven/plugins/maven-compiler-plugin/3.1/maven-compiler-plugin-3.1.jar
7f63cc36a000-7f63cc36c000 r--s 0000d000 08:01 921763                     /home/madunlap/.m2/repository/org/codehaus/plexus/plexus-interpolation/1.13/plexus-interpolation-1.13.jar
7f63cc36c000-7f63cc36d000 r--s 00001000 08:01 921761                     /home/madunlap/.m2/repository/org/sonatype/plexus/plexus-build-api/0.0.4/plexus-build-api-0.0.4.jar
7f63cc36d000-7f63cc36f000 r--s 00009000 08:01 921767                     /home/madunlap/.m2/repository/org/apache/maven/shared/maven-filtering/1.0/maven-filtering-1.0.jar
7f63cc36f000-7f63cc370000 r--s 00001000 08:01 921765                     /home/madunlap/.m2/repository/org/apache/maven/doxia/doxia-sink-api/1.0-alpha-7/doxia-sink-api-1.0-alpha-7.jar
7f63cc370000-7f63cc371000 r--s 00002000 08:01 921760                     /home/madunlap/.m2/repository/org/apache/maven/reporting/maven-reporting-api/2.0.6/maven-reporting-api-2.0.6.jar
7f63cc371000-7f63cc373000 r--s 00005000 08:01 660590                     /home/madunlap/.m2/repository/org/apache/maven/plugins/maven-resources-plugin/2.5/maven-resources-plugin-2.5.jar
7f63cc373000-7f63cc377000 r--s 0001f000 08:01 921028                     /home/madunlap/.m2/repository/org/jacoco/org.jacoco.report/0.7.5.201505241946/org.jacoco.report-0.7.5.201505241946.jar
7f63cc377000-7f63cc37c000 r--s 00058000 08:01 921027                     /home/madunlap/.m2/repository/org/ow2/asm/asm-debug-all/5.0.1/asm-debug-all-5.0.1.jar
7f63cc37c000-7f63cc380000 r--s 0001d000 08:01 791383                     /home/madunlap/.m2/repository/org/jacoco/org.jacoco.core/0.7.5.201505241946/org.jacoco.core-0.7.5.201505241946.jar
7f63cc380000-7f63cc386000 r--s 00041000 08:01 661360                     /home/madunlap/.m2/repository/org/jacoco/org.jacoco.agent/0.7.5.201505241946/org.jacoco.agent-0.7.5.201505241946-runtime.jar
7f63cc386000-7f63cc393000 r--s 0007f000 08:01 921702                     /home/madunlap/.m2/repository/commons-collections/commons-collections/3.2/commons-collections-3.2.jar
7f63cc393000-7f63cc395000 r--s 00008000 08:01 921015                     /home/madunlap/.m2/repository/org/apache/maven/doxia/doxia-module-fml/1.1.2/doxia-module-fml-1.1.2.jar
7f63cc395000-7f63cc396000 r--s 00003000 08:01 921016                     /home/madunlap/.m2/repository/org/apache/maven/doxia/doxia-module-xhtml/1.1.2/doxia-module-xhtml-1.1.2.jar
7f63cc396000-7f63cc398000 r--s 0000b000 08:01 921011                     /home/madunlap/.m2/repository/org/apache/maven/doxia/doxia-decoration-model/1.1.2/doxia-decoration-model-1.1.2.jar
7f63cc398000-7f63cc39a000 r--s 0000b000 08:01 921008                     /home/madunlap/.m2/repository/org/apache/maven/doxia/doxia-site-renderer/1.1.2/doxia-site-renderer-1.1.2.jar
7f63cc39a000-7f63cc39c000 r--s 00006000 08:01 791430                     /home/madunlap/.m2/repository/commons-codec/commons-codec/1.2/commons-codec-1.2.jar
7f63cc39c000-7f63cc3a2000 r--s 00045000 08:01 791428                     /home/madunlap/.m2/repository/commons-httpclient/commons-httpclient/3.1/commons-httpclient-3.1.jar
7f63cc3a2000-7f63cc3a6000 r--s 0003c000 08:01 791427                     /home/madunlap/.m2/repository/commons-lang/commons-lang/2.4/commons-lang-2.4.jar
7f63cc3a6000-7f63cc3bd000 r--s 00112000 08:01 791426                     /home/madunlap/.m2/repository/xerces/xercesImpl/2.8.1/xercesImpl-2.8.1.jar
7f63cc3bd000-7f63cc3c1000 r--s 00023000 08:01 921010                     /home/madunlap/.m2/repository/org/apache/maven/doxia/doxia-core/1.1.2/doxia-core-1.1.2.jar
7f63cc3c1000-7f63cc3c3000 r--s 00003000 08:01 921007                     /home/madunlap/.m2/repository/org/apache/maven/reporting/maven-reporting-impl/2.1/maven-reporting-impl-2.1.jar
7f63cc3c3000-7f63cc3c4000 r--s 00002000 08:01 921004                     /home/madunlap/.m2/repository/org/apache/maven/doxia/doxia-logging-api/1.1/doxia-logging-api-1.1.jar
7f63cc3c4000-7f63cc3c6000 r--s 00002000 08:01 921001                     /home/madunlap/.m2/repository/org/apache/maven/doxia/doxia-sink-api/1.1/doxia-sink-api-1.1.jar
7f63cc3c6000-7f63cc3c7000 r--s 00002000 08:01 920999                     /home/madunlap/.m2/repository/org/apache/maven/reporting/maven-reporting-api/2.2.1/maven-reporting-api-2.2.1.jar
7f63cc3c7000-7f63cc3cc000 r--s 00039000 08:01 920997                     /home/madunlap/.m2/repository/org/codehaus/plexus/plexus-utils/1.5.6/plexus-utils-1.5.6.jar
7f63cc3cc000-7f63cc3d2000 r--s 00034000 08:01 921701                     /home/madunlap/.m2/repository/junit/junit/4.8.2/junit-4.8.2.jar
7f63cc3d2000-7f63cc3d4000 r--s 0000b000 08:01 920985                     /home/madunlap/.m2/repository/org/codehaus/plexus/plexus-interpolation/1.11/plexus-interpolation-1.11.jar
7f63cc3d4000-7f63cc3dc000 r--s 00049000 08:01 920984                     /home/madunlap/.m2/repository/backport-util-concurrent/backport-util-concurrent/3.1/backport-util-concurrent-3.1.jar
7f63cc3dc000-7f63cc3de000 r--s 0000b000 08:01 660606                     /home/madunlap/.m2/repository/org/jacoco/jacoco-maven-plugin/0.7.5.201505241946/jacoco-maven-plugin-0.7.5.201505241946.jar
7f63cc3de000-7f63cc5de000 rw-p 00000000 00:00 0 
7f63cc5de000-7f63cc5ec000 r--s 0007f000 08:01 791424                     /home/madunlap/.m2/repository/commons-collections/commons-collections/3.2.1/commons-collections-3.2.1.jar
7f63cc5ec000-7f63cc5f1000 r--s 00041000 08:01 791300                     /home/madunlap/.m2/repository/commons-lang/commons-lang/2.6/commons-lang-2.6.jar
7f63cc5f1000-7f63cc5f3000 r--s 00006000 08:01 921678                     /home/madunlap/.m2/repository/org/apache/maven/shared/maven-invoker/2.0.11/maven-invoker-2.0.11.jar
7f63cc5f3000-7f63cc5f5000 r--s 00006000 08:01 921677                     /home/madunlap/.m2/repository/org/apache/maven/shared/maven-common-artifact-filters/1.4/maven-common-artifact-filters-1.4.jar
7f63cc5f5000-7f63cc5f7000 r--s 0000c000 08:01 921676                     /home/madunlap/.m2/repository/org/apache/maven/shared/maven-dependency-tree/2.0/maven-dependency-tree-2.0.jar
7f63cc5f7000-7f63cc5f9000 r--s 00000000 08:01 921682                     /home/madunlap/.m2/repository/org/codehaus/plexus/plexus-component-annotations/1.5.5/plexus-component-annotations-1.5.5.jar
7f63cc5f9000-7f63cc5fa000 r--s 0000a000 08:01 921680                     /home/madunlap/.m2/repository/asm/asm/3.3.1/asm-3.3.1.jar
7f63cc5fa000-7f63cc5fc000 r--s 00005000 08:01 921672                     /home/madunlap/.m2/repository/org/apache/maven/shared/maven-dependency-analyzer/1.3/maven-dependency-analyzer-1.3.jar
7f63cc5fc000-7f63cc5ff000 r--s 0000c000 08:01 921669                     /home/madunlap/.m2/repository/org/codehaus/plexus/plexus-io/2.0.6/plexus-io-2.0.6.jar
7f63cc5ff000-7f63cc602000 r--s 0001b000 08:01 791422                     /home/madunlap/.m2/repository/junit/junit/3.8.1/junit-3.8.1.jar
7f63cc602000-7f63cc604000 r--s 00008000 08:01 920995                     /home/madunlap/.m2/repository/org/apache/maven/shared/maven-shared-io/1.1/maven-shared-io-1.1.jar
7f63cc604000-7f63cc606000 r--s 00008000 08:01 920998                     /home/madunlap/.m2/repository/org/apache/maven/shared/file-management/1.2.1/file-management-1.2.1.jar
7f63cc606000-7f63cc60a000 r--s 00035000 08:01 921667                     /home/madunlap/.m2/repository/org/codehaus/plexus/plexus-utils/3.0.9/plexus-utils-3.0.9.jar
7f63cc60a000-7f63cc60f000 r--s 00029000 08:01 921665                     /home/madunlap/.m2/repository/org/codehaus/plexus/plexus-archiver/2.2/plexus-archiver-2.2.jar
7f63cc60f000-7f63cc611000 r--s 00004000 08:01 921661                     /home/madunlap/.m2/repository/org/apache/maven/doxia/doxia-module-xhtml/1.0/doxia-module-xhtml-1.0.jar
7f63cc611000-7f63cc612000 r--s 00006000 08:01 921663                     /home/madunlap/.m2/repository/org/apache/maven/doxia/doxia-module-xdoc/1.0/doxia-module-xdoc-1.0.jar
7f63cc612000-7f63cc61a000 r--s 00058000 08:01 921019                     /home/madunlap/.m2/repository/org/apache/velocity/velocity/1.5/velocity-1.5.jar
7f63cc61a000-7f63cc61d000 ---p 00000000 00:00 0 
7f63cc61d000-7f63cc91b000 rw-p 00000000 00:00 0 
7f63cc91b000-7f63cc98d000 r-xp 00000000 08:01 660351                     /lib/x86_64-linux-gnu/libpcre.so.3.13.3
7f63cc98d000-7f63ccb8c000 ---p 00072000 08:01 660351                     /lib/x86_64-linux-gnu/libpcre.so.3.13.3
7f63ccb8c000-7f63ccb8d000 r--p 00071000 08:01 660351                     /lib/x86_64-linux-gnu/libpcre.so.3.13.3
7f63ccb8d000-7f63ccb8e000 rw-p 00072000 08:01 660351                     /lib/x86_64-linux-gnu/libpcre.so.3.13.3
7f63ccb8e000-7f63ccbb3000 r-xp 00000000 08:01 660378                     /lib/x86_64-linux-gnu/libselinux.so.1
7f63ccbb3000-7f63ccdb2000 ---p 00025000 08:01 660378                     /lib/x86_64-linux-gnu/libselinux.so.1
7f63ccdb2000-7f63ccdb3000 r--p 00024000 08:01 660378                     /lib/x86_64-linux-gnu/libselinux.so.1
7f63ccdb3000-7f63ccdb4000 rw-p 00025000 08:01 660378                     /lib/x86_64-linux-gnu/libselinux.so.1
7f63ccdb4000-7f63ccdb6000 rw-p 00000000 00:00 0 
7f63ccdb6000-7f63ccdf7000 r-xp 00000000 08:01 655446                     /lib/x86_64-linux-gnu/libnss_resolve.so.2
7f63ccdf7000-7f63ccdfa000 r--p 00040000 08:01 655446                     /lib/x86_64-linux-gnu/libnss_resolve.so.2
7f63ccdfa000-7f63ccdfb000 rw-p 00043000 08:01 655446                     /lib/x86_64-linux-gnu/libnss_resolve.so.2
7f63ccdfb000-7f63ccdfc000 rw-p 00000000 00:00 0 
7f63ccdfc000-7f63ccdfe000 r-xp 00000000 08:01 660326                     /lib/x86_64-linux-gnu/libnss_mdns4_minimal.so.2
7f63ccdfe000-7f63ccffd000 ---p 00002000 08:01 660326                     /lib/x86_64-linux-gnu/libnss_mdns4_minimal.so.2
7f63ccffd000-7f63ccffe000 r--p 00001000 08:01 660326                     /lib/x86_64-linux-gnu/libnss_mdns4_minimal.so.2
7f63ccffe000-7f63ccfff000 rw-p 00002000 08:01 660326                     /lib/x86_64-linux-gnu/libnss_mdns4_minimal.so.2
7f63ccfff000-7f63d0000000 rw-p 00000000 00:00 0 
7f63d0000000-7f63d0028000 rw-p 00000000 00:00 0 
7f63d0028000-7f63d4000000 ---p 00000000 00:00 0 
7f63d4000000-7f63d4027000 rw-p 00000000 00:00 0 
7f63d4027000-7f63d8000000 ---p 00000000 00:00 0 
7f63d8000000-7f63d9011000 rw-p 00000000 00:00 0 
7f63d9011000-7f63dc000000 ---p 00000000 00:00 0 
7f63dc000000-7f63dc021000 rw-p 00000000 00:00 0 
7f63dc021000-7f63e0000000 ---p 00000000 00:00 0 
7f63e0000000-7f63e0021000 rw-p 00000000 00:00 0 
7f63e0021000-7f63e4000000 ---p 00000000 00:00 0 
7f63e4000000-7f63e6983000 rw-p 00000000 00:00 0 
7f63e6983000-7f63e8000000 ---p 00000000 00:00 0 
7f63e8000000-7f63e8021000 rw-p 00000000 00:00 0 
7f63e8021000-7f63ec000000 ---p 00000000 00:00 0 
7f63ec000000-7f63ec021000 rw-p 00000000 00:00 0 
7f63ec021000-7f63f0000000 ---p 00000000 00:00 0 
7f63f0000000-7f63f0021000 rw-p 00000000 00:00 0 
7f63f0021000-7f63f4000000 ---p 00000000 00:00 0 
7f63f4000000-7f63f4299000 rw-p 00000000 00:00 0 
7f63f4299000-7f63f8000000 ---p 00000000 00:00 0 
7f63f8000000-7f63f8043000 rw-p 00000000 00:00 0 
7f63f8043000-7f63fc000000 ---p 00000000 00:00 0 
7f63fc000000-7f63fc001000 r--s 00004000 08:01 921664                     /home/madunlap/.m2/repository/org/apache/maven/doxia/doxia-module-fml/1.0/doxia-module-fml-1.0.jar
7f63fc001000-7f63fc003000 r--s 0000a000 08:01 921659                     /home/madunlap/.m2/repository/org/apache/maven/doxia/doxia-module-apt/1.0/doxia-module-apt-1.0.jar
7f63fc003000-7f63fc004000 r--s 0000b000 08:01 921658                     /home/madunlap/.m2/repository/org/apache/maven/doxia/doxia-decoration-model/1.0/doxia-decoration-model-1.0.jar
7f63fc004000-7f63fc005000 r--s 00001000 08:01 921022                     /home/madunlap/.m2/repository/org/codehaus/plexus/plexus-velocity/1.1.7/plexus-velocity-1.1.7.jar
7f63fc005000-7f63fc006000 r--s 00002000 08:01 921017                     /home/madunlap/.m2/repository/org/codehaus/plexus/plexus-i18n/1.0-beta-7/plexus-i18n-1.0-beta-7.jar
7f63fc006000-7f63fc008000 r--s 0000a000 08:01 921654                     /home/madunlap/.m2/repository/org/apache/maven/doxia/doxia-site-renderer/1.0/doxia-site-renderer-1.0.jar
7f63fc008000-7f63fc009000 r--s 00002000 08:01 921653                     /home/madunlap/.m2/repository/org/apache/maven/doxia/doxia-sink-api/1.0/doxia-sink-api-1.0.jar
7f63fc009000-7f63fc00e000 r--s 00016000 08:01 791388                     /home/madunlap/.m2/repository/xml-apis/xml-apis/1.0.b2/xml-apis-1.0.b2.jar
7f63fc00e000-7f63fc010000 r--s 0000e000 08:01 921023                     /home/madunlap/.m2/repository/oro/oro/2.0.8/oro-2.0.8.jar
7f63fc010000-7f63fc012000 r--s 00008000 08:01 791420                     /home/madunlap/.m2/repository/commons-logging/commons-logging/1.0.4/commons-logging-1.0.4.jar
7f63fc012000-7f63fc016000 r--s 00026000 08:01 921649                     /home/madunlap/.m2/repository/commons-digester/commons-digester/1.6/commons-digester-1.6.jar
7f63fc016000-7f63fc01b000 r--s 0002a000 08:01 921644                     /home/madunlap/.m2/repository/commons-beanutils/commons-beanutils/1.7.0/commons-beanutils-1.7.0.jar
7f63fc01b000-7f63fc01e000 r--s 00014000 08:01 921646                     /home/madunlap/.m2/repository/commons-validator/commons-validator/1.2.0/commons-validator-1.2.0.jar
7f63fc01e000-7f63fc021000 r--s 00018000 08:01 791418                     /home/madunlap/.m2/repository/commons-io/commons-io/1.4/commons-io-1.4.jar
7f63fc021000-7f63fc023000 r--s 00009000 08:01 921639                     /home/madunlap/.m2/repository/org/apache/maven/shared/maven-doxia-tools/1.0.2/maven-doxia-tools-1.0.2.jar
7f63fc023000-7f63fc026000 r--s 0000b000 08:01 921640                     /home/madunlap/.m2/repository/org/apache/maven/doxia/doxia-core/1.0/doxia-core-1.0.jar
7f63fc026000-7f63fc029000 ---p 00000000 00:00 0 
7f63fc029000-7f63fc127000 rw-p 00000000 00:00 0 
7f63fc127000-7f63fc12a000 ---p 00000000 00:00 0 
7f63fc12a000-7f63fc228000 rw-p 00000000 00:00 0 
7f63fc228000-7f63fc22b000 ---p 00000000 00:00 0 
7f63fc22b000-7f63fc529000 rw-p 00000000 00:00 0 
7f63fc529000-7f63fc53f000 r-xp 00000000 08:01 660263                     /lib/x86_64-linux-gnu/libgcc_s.so.1
7f63fc53f000-7f63fc73e000 ---p 00016000 08:01 660263                     /lib/x86_64-linux-gnu/libgcc_s.so.1
7f63fc73e000-7f63fc73f000 r--p 00015000 08:01 660263                     /lib/x86_64-linux-gnu/libgcc_s.so.1
7f63fc73f000-7f63fc740000 rw-p 00016000 08:01 660263                     /lib/x86_64-linux-gnu/libgcc_s.so.1
7f63fc740000-7f63fc742000 r--s 00004000 08:01 921647                     /home/madunlap/.m2/repository/org/apache/maven/reporting/maven-reporting-impl/2.0.5/maven-reporting-impl-2.0.5.jar
7f63fc742000-7f63fc743000 r--s 00002000 08:01 921638                     /home/madunlap/.m2/repository/org/apache/maven/reporting/maven-reporting-api/3.0/maven-reporting-api-3.0.jar
7f63fc743000-7f63fc745000 r--s 00002000 08:01 921645                     /home/madunlap/.m2/repository/org/codehaus/plexus/plexus-interactivity-api/1.0-alpha-4/plexus-interactivity-api-1.0-alpha-4.jar
7f63fc745000-7f63fc747000 r--s 00006000 08:01 921636                     /home/madunlap/.m2/repository/commons-cli/commons-cli/1.0/commons-cli-1.0.jar
7f63fc747000-7f63fc74a000 r--s 00021000 08:01 660560                     /home/madunlap/.m2/repository/org/apache/maven/plugins/maven-dependency-plugin/2.6/maven-dependency-plugin-2.6.jar
7f63fc74a000-7f63fc74e000 r--s 00033000 08:01 921162                     /home/madunlap/.m2/repository/org/codehaus/plexus/plexus-utils/2.0.5/plexus-utils-2.0.5.jar
7f63fc74e000-7f63fc74f000 r--s 00005000 08:01 660568                     /home/madunlap/.m2/repository/org/apache/maven/plugins/maven-clean-plugin/2.4.1/maven-clean-plugin-2.4.1.jar
7f63fc74f000-7f63fc754000 r--s 0003e000 08:01 2233206                    /usr/lib/jvm/java-8-oracle/jre/lib/ext/sunjce_provider.jar
7f63fc754000-7f63fc767000 r--s 00345000 08:01 2233175                    /usr/lib/jvm/java-8-oracle/jre/lib/resources.jar
7f63fc767000-7f63fc799000 r-xp 00000000 08:01 2233303                    /usr/lib/jvm/java-8-oracle/jre/lib/amd64/libsunec.so
7f63fc799000-7f63fc998000 ---p 00032000 08:01 2233303                    /usr/lib/jvm/java-8-oracle/jre/lib/amd64/libsunec.so
7f63fc998000-7f63fc99e000 rw-p 00031000 08:01 2233303                    /usr/lib/jvm/java-8-oracle/jre/lib/amd64/libsunec.so
7f63fc99e000-7f63fc9ae000 rw-p 00000000 00:00 0 
7f63fc9ae000-7f63fc9b0000 r--s 00009000 08:01 2233196                    /usr/lib/jvm/java-8-oracle/jre/lib/ext/sunec.jar
7f63fc9b0000-7f63fc9b3000 r--s 0001a000 08:01 2233367                    /usr/lib/jvm/java-8-oracle/jre/lib/jce.jar
7f63fc9b3000-7f63fc9b6000 ---p 00000000 00:00 0 
7f63fc9b6000-7f63fccb4000 rw-p 00000000 00:00 0 
7f63fccb4000-7f63fccb7000 ---p 00000000 00:00 0 
7f63fccb7000-7f63fcdb5000 rw-p 00000000 00:00 0 
7f63fcdb5000-7f63fcdb8000 ---p 00000000 00:00 0 
7f63fcdb8000-7f63fceb6000 rw-p 00000000 00:00 0 
7f63fceb6000-7f63fceb9000 ---p 00000000 00:00 0 
7f63fceb9000-7f63fcfb7000 rw-p 00000000 00:00 0 
7f63fcfb7000-7f63fcfba000 ---p 00000000 00:00 0 
7f63fcfba000-7f63fd0b8000 rw-p 00000000 00:00 0 
7f63fd0b8000-7f63fd0c9000 r-xp 00000000 08:01 2233354                    /usr/lib/jvm/java-8-oracle/jre/lib/amd64/libnio.so
7f63fd0c9000-7f63fd2c8000 ---p 00011000 08:01 2233354                    /usr/lib/jvm/java-8-oracle/jre/lib/amd64/libnio.so
7f63fd2c8000-7f63fd2c9000 rw-p 00010000 08:01 2233354                    /usr/lib/jvm/java-8-oracle/jre/lib/amd64/libnio.so
7f63fd2c9000-7f63fd2e0000 r-xp 00000000 08:01 2233351                    /usr/lib/jvm/java-8-oracle/jre/lib/amd64/libnet.so
7f63fd2e0000-7f63fd4df000 ---p 00017000 08:01 2233351                    /usr/lib/jvm/java-8-oracle/jre/lib/amd64/libnet.so
7f63fd4df000-7f63fd4e0000 rw-p 00016000 08:01 2233351                    /usr/lib/jvm/java-8-oracle/jre/lib/amd64/libnet.so
7f63fd4e0000-7f63fd4e3000 ---p 00000000 00:00 0 
7f63fd4e3000-7f63fd519000 rw-p 00000000 00:00 0 
7f63fd519000-7f63fd51a000 r--p 00000000 00:00 0 
7f63fd51a000-7f63fd71a000 rw-p 00000000 00:00 0 
7f63fd71a000-7f63fd71f000 r--s 0009a000 08:01 2233194                    /usr/lib/jvm/java-8-oracle/jre/lib/jsse.jar
7f63fd71f000-7f63fd91f000 rw-p 00000000 00:00 0 
7f63fd91f000-7f63fd921000 r--s 0000c000 08:01 2112577                    /usr/local/netbeans-8.1/java/maven-nblib/netbeans-eventspy.jar
7f63fd921000-7f63fd923000 r--s 00002000 08:01 2112587                    /usr/local/netbeans-8.1/java/maven/lib/plexus-cipher-1.7.jar
7f63fd923000-7f63fd925000 r--s 00000000 08:01 2112237                    /usr/local/netbeans-8.1/java/maven/lib/plexus-component-annotations-1.5.5.jar
7f63fd925000-7f63fd927000 r--s 0000a000 08:01 2112569                    /usr/local/netbeans-8.1/java/maven/lib/maven-settings-3.0.5.jar
7f63fd927000-7f63fd92b000 r--s 0001c000 08:01 2112582                    /usr/local/netbeans-8.1/java/maven/lib/aether-util-1.13.1.jar
7f63fd92b000-7f63fd932000 r--s 0003f000 08:01 2112554                    /usr/local/netbeans-8.1/java/maven/lib/sisu-inject-bean-2.3.0.jar
7f63fd932000-7f63fd936000 r--s 00021000 08:01 2112506                    /usr/local/netbeans-8.1/java/maven/lib/maven-model-builder-3.0.5.jar
7f63fd936000-7f63fd938000 r--s 0000b000 08:01 2112552                    /usr/local/netbeans-8.1/java/maven/lib/wagon-provider-api-2.4.jar
7f63fd938000-7f63fd939000 ---p 00000000 00:00 0 
7f63fd939000-7f63fda39000 rw-p 00000000 00:00 0 
7f63fda39000-7f63fda3c000 ---p 00000000 00:00 0 
7f63fda3c000-7f63fdb3a000 rw-p 00000000 00:00 0 
7f63fdb3a000-7f63fdb3d000 ---p 00000000 00:00 0 
7f63fdb3d000-7f63fdc3b000 rw-p 00000000 00:00 0 
7f63fdc3b000-7f63fdc3e000 ---p 00000000 00:00 0 
7f63fdc3e000-7f63fdd3c000 rw-p 00000000 00:00 0 
7f63fdd3c000-7f63fdd3f000 ---p 00000000 00:00 0 
7f63fdd3f000-7f63fde3d000 rw-p 00000000 00:00 0 
7f63fde3d000-7f63fe118000 r--p 00000000 08:01 1441812                    /usr/lib/locale/locale-archive
7f63fe118000-7f63fe11b000 ---p 00000000 00:00 0 
7f63fe11b000-7f63fe219000 rw-p 00000000 00:00 0 
7f63fe219000-7f63fe21c000 ---p 00000000 00:00 0 
7f63fe21c000-7f63fe31a000 rw-p 00000000 00:00 0 
7f63fe31a000-7f63fe31b000 ---p 00000000 00:00 0 
7f63fe31b000-7f6401000000 rw-p 00000000 00:00 0 
7f6401000000-7f6402890000 rwxp 00000000 00:00 0 
7f6402890000-7f6410000000 ---p 00000000 00:00 0 
7f6410000000-7f6411723000 rw-p 00000000 00:00 0 
7f6411723000-7f6414000000 ---p 00000000 00:00 0 
7f6414000000-7f6414001000 r--s 0000a000 08:01 2112568                    /usr/local/netbeans-8.1/java/maven/lib/maven-embedder-3.0.5.jar
7f6414001000-7f6414005000 r--s 00033000 08:01 2112580                    /usr/local/netbeans-8.1/java/maven/lib/plexus-utils-2.0.6.jar
7f6414005000-7f6414009000 r--s 00013000 08:01 2112588                    /usr/local/netbeans-8.1/java/maven/lib/aether-api-1.13.1.jar
7f6414009000-7f641400b000 r--s 0000d000 08:01 2112510                    /usr/local/netbeans-8.1/java/maven/lib/plexus-interpolation-1.14.jar
7f641400b000-7f6414026000 r--s 000e4000 08:01 2112562                    /usr/local/netbeans-8.1/java/maven/lib/wagon-http-2.4-shaded.jar
7f6414026000-7f6414045000 r--s 00154000 08:01 2112595                    /usr/local/netbeans-8.1/java/maven/lib/sisu-guava-0.9.9.jar
7f6414045000-7f6414046000 r--s 00002000 08:01 2112599                    /usr/local/netbeans-8.1/java/maven/lib/wagon-file-2.4.jar
7f6414046000-7f6414047000 r--s 00003000 08:01 2112589                    /usr/local/netbeans-8.1/java/maven/lib/aether-spi-1.13.1.jar
7f6414047000-7f641404f000 r--s 00050000 08:01 2112540                    /usr/local/netbeans-8.1/java/maven/lib/sisu-guice-3.1.0-no_aop.jar
7f641404f000-7f6414051000 r--s 0000b000 08:01 2112567                    /usr/local/netbeans-8.1/java/maven/lib/maven-artifact-3.0.5.jar
7f6414051000-7f6414058000 r--s 0002b000 08:01 2112529                    /usr/local/netbeans-8.1/java/maven/lib/sisu-inject-plexus-2.3.0.jar
7f6414058000-7f641405b000 r--s 0001d000 08:01 2112581                    /usr/local/netbeans-8.1/java/maven/lib/aether-impl-1.13.1.jar
7f641405b000-7f641405d000 r--s 00006000 08:01 2112424                    /usr/local/netbeans-8.1/java/maven/lib/aether-connector-wagon-1.13.1.jar
7f641405d000-7f641405f000 r--s 00009000 08:01 2112597                    /usr/local/netbeans-8.1/java/maven/lib/commons-cli-1.2.jar
7f641405f000-7f6414062000 r--s 00008000 08:01 2112453                    /usr/local/netbeans-8.1/java/maven/lib/maven-settings-builder-3.0.5.jar
7f6414062000-7f6414064000 r--s 00006000 08:01 2112358                    /usr/local/netbeans-8.1/java/maven/lib/maven-repository-metadata-3.0.5.jar
7f6414064000-7f6414070000 r--s 0007d000 08:01 2112594                    /usr/local/netbeans-8.1/java/maven/lib/maven-core-3.0.5.jar
7f6414070000-7f6414076000 r--s 0003f000 08:01 2112583                    /usr/local/netbeans-8.1/java/maven/lib/maven-compat-3.0.5.jar
7f6414076000-7f64140a4000 r--s 001c9000 08:01 2112509                    /usr/local/netbeans-8.1/java/maven/lib/ext/wagon-http-2.8-shaded.jar
7f64140a4000-7f641450b000 rw-p 00000000 00:00 0 
7f641450b000-7f64146e4000 r--s 03d5a000 08:01 2233137                    /usr/lib/jvm/java-8-oracle/jre/lib/rt.jar
7f64146e4000-7f6414948000 rw-p 00000000 00:00 0 
7f6414948000-7f6414949000 ---p 00000000 00:00 0 
7f6414949000-7f6414a49000 rw-p 00000000 00:00 0 
7f6414a49000-7f6414a4a000 ---p 00000000 00:00 0 
7f6414a4a000-7f6414b9c000 rw-p 00000000 00:00 0 
7f6414b9c000-7f6414c94000 ---p 00000000 00:00 0 
7f6414c94000-7f6414ce6000 rw-p 00000000 00:00 0 
7f6414ce6000-7f6414ddd000 ---p 00000000 00:00 0 
7f6414ddd000-7f6414e82000 rw-p 00000000 00:00 0 
7f6414e82000-7f6414ee6000 rw-p 00000000 00:00 0 
7f6414ee6000-7f6415243000 ---p 00000000 00:00 0 
7f6415243000-7f641525e000 r-xp 00000000 08:01 2233347                    /usr/lib/jvm/java-8-oracle/jre/lib/amd64/libzip.so
7f641525e000-7f641545e000 ---p 0001b000 08:01 2233347                    /usr/lib/jvm/java-8-oracle/jre/lib/amd64/libzip.so
7f641545e000-7f641545f000 rw-p 0001b000 08:01 2233347                    /usr/lib/jvm/java-8-oracle/jre/lib/amd64/libzip.so
7f641545f000-7f641546a000 r-xp 00000000 08:01 663303                     /lib/x86_64-linux-gnu/libnss_files-2.24.so
7f641546a000-7f6415669000 ---p 0000b000 08:01 663303                     /lib/x86_64-linux-gnu/libnss_files-2.24.so
7f6415669000-7f641566a000 r--p 0000a000 08:01 663303                     /lib/x86_64-linux-gnu/libnss_files-2.24.so
7f641566a000-7f641566b000 rw-p 0000b000 08:01 663303                     /lib/x86_64-linux-gnu/libnss_files-2.24.so
7f641566b000-7f6415671000 rw-p 00000000 00:00 0 
7f6415671000-7f641567c000 r-xp 00000000 08:01 663305                     /lib/x86_64-linux-gnu/libnss_nis-2.24.so
7f641567c000-7f641587b000 ---p 0000b000 08:01 663305                     /lib/x86_64-linux-gnu/libnss_nis-2.24.so
7f641587b000-7f641587c000 r--p 0000a000 08:01 663305                     /lib/x86_64-linux-gnu/libnss_nis-2.24.so
7f641587c000-7f641587d000 rw-p 0000b000 08:01 663305                     /lib/x86_64-linux-gnu/libnss_nis-2.24.so
7f641587d000-7f6415893000 r-xp 00000000 08:01 663300                     /lib/x86_64-linux-gnu/libnsl-2.24.so
7f6415893000-7f6415a92000 ---p 00016000 08:01 663300                     /lib/x86_64-linux-gnu/libnsl-2.24.so
7f6415a92000-7f6415a93000 r--p 00015000 08:01 663300                     /lib/x86_64-linux-gnu/libnsl-2.24.so
7f6415a93000-7f6415a94000 rw-p 00016000 08:01 663300                     /lib/x86_64-linux-gnu/libnsl-2.24.so
7f6415a94000-7f6415a96000 rw-p 00000000 00:00 0 
7f6415a96000-7f6415a9e000 r-xp 00000000 08:01 663301                     /lib/x86_64-linux-gnu/libnss_compat-2.24.so
7f6415a9e000-7f6415c9d000 ---p 00008000 08:01 663301                     /lib/x86_64-linux-gnu/libnss_compat-2.24.so
7f6415c9d000-7f6415c9e000 r--p 00007000 08:01 663301                     /lib/x86_64-linux-gnu/libnss_compat-2.24.so
7f6415c9e000-7f6415c9f000 rw-p 00008000 08:01 663301                     /lib/x86_64-linux-gnu/libnss_compat-2.24.so
7f6415c9f000-7f6415cca000 r-xp 00000000 08:01 2233341                    /usr/lib/jvm/java-8-oracle/jre/lib/amd64/libjava.so
7f6415cca000-7f6415ec9000 ---p 0002b000 08:01 2233341                    /usr/lib/jvm/java-8-oracle/jre/lib/amd64/libjava.so
7f6415ec9000-7f6415ecb000 rw-p 0002a000 08:01 2233341                    /usr/lib/jvm/java-8-oracle/jre/lib/amd64/libjava.so
7f6415ecb000-7f6415ed8000 r-xp 00000000 08:01 2233346                    /usr/lib/jvm/java-8-oracle/jre/lib/amd64/libverify.so
7f6415ed8000-7f64160d8000 ---p 0000d000 08:01 2233346                    /usr/lib/jvm/java-8-oracle/jre/lib/amd64/libverify.so
7f64160d8000-7f64160da000 rw-p 0000d000 08:01 2233346                    /usr/lib/jvm/java-8-oracle/jre/lib/amd64/libverify.so
7f64160da000-7f64160e1000 r-xp 00000000 08:01 663310                     /lib/x86_64-linux-gnu/librt-2.24.so
7f64160e1000-7f64162e0000 ---p 00007000 08:01 663310                     /lib/x86_64-linux-gnu/librt-2.24.so
7f64162e0000-7f64162e1000 r--p 00006000 08:01 663310                     /lib/x86_64-linux-gnu/librt-2.24.so
7f64162e1000-7f64162e2000 rw-p 00007000 08:01 663310                     /lib/x86_64-linux-gnu/librt-2.24.so
7f64162e2000-7f64163ea000 r-xp 00000000 08:01 663297                     /lib/x86_64-linux-gnu/libm-2.24.so
7f64163ea000-7f64165e9000 ---p 00108000 08:01 663297                     /lib/x86_64-linux-gnu/libm-2.24.so
7f64165e9000-7f64165ea000 r--p 00107000 08:01 663297                     /lib/x86_64-linux-gnu/libm-2.24.so
7f64165ea000-7f64165eb000 rw-p 00108000 08:01 663297                     /lib/x86_64-linux-gnu/libm-2.24.so
7f64165eb000-7f64172be000 r-xp 00000000 08:01 2233324                    /usr/lib/jvm/java-8-oracle/jre/lib/amd64/server/libjvm.so
7f64172be000-7f64174bd000 ---p 00cd3000 08:01 2233324                    /usr/lib/jvm/java-8-oracle/jre/lib/amd64/server/libjvm.so
7f64174bd000-7f6417597000 rw-p 00cd2000 08:01 2233324                    /usr/lib/jvm/java-8-oracle/jre/lib/amd64/server/libjvm.so
7f6417597000-7f64175e2000 rw-p 00000000 00:00 0 
7f64175e2000-7f64177a0000 r-xp 00000000 08:01 663293                     /lib/x86_64-linux-gnu/libc-2.24.so
7f64177a0000-7f641799f000 ---p 001be000 08:01 663293                     /lib/x86_64-linux-gnu/libc-2.24.so
7f641799f000-7f64179a3000 r--p 001bd000 08:01 663293                     /lib/x86_64-linux-gnu/libc-2.24.so
7f64179a3000-7f64179a5000 rw-p 001c1000 08:01 663293                     /lib/x86_64-linux-gnu/libc-2.24.so
7f64179a5000-7f64179a9000 rw-p 00000000 00:00 0 
7f64179a9000-7f64179ac000 r-xp 00000000 08:01 663296                     /lib/x86_64-linux-gnu/libdl-2.24.so
7f64179ac000-7f6417bab000 ---p 00003000 08:01 663296                     /lib/x86_64-linux-gnu/libdl-2.24.so
7f6417bab000-7f6417bac000 r--p 00002000 08:01 663296                     /lib/x86_64-linux-gnu/libdl-2.24.so
7f6417bac000-7f6417bad000 rw-p 00003000 08:01 663296                     /lib/x86_64-linux-gnu/libdl-2.24.so
7f6417bad000-7f6417bc3000 r-xp 00000000 08:01 2232954                    /usr/lib/jvm/java-8-oracle/lib/amd64/jli/libjli.so
7f6417bc3000-7f6417dc2000 ---p 00016000 08:01 2232954                    /usr/lib/jvm/java-8-oracle/lib/amd64/jli/libjli.so
7f6417dc2000-7f6417dc3000 rw-p 00015000 08:01 2232954                    /usr/lib/jvm/java-8-oracle/lib/amd64/jli/libjli.so
7f6417dc3000-7f6417ddb000 r-xp 00000000 08:01 663308                     /lib/x86_64-linux-gnu/libpthread-2.24.so
7f6417ddb000-7f6417fdb000 ---p 00018000 08:01 663308                     /lib/x86_64-linux-gnu/libpthread-2.24.so
7f6417fdb000-7f6417fdc000 r--p 00018000 08:01 663308                     /lib/x86_64-linux-gnu/libpthread-2.24.so
7f6417fdc000-7f6417fdd000 rw-p 00019000 08:01 663308                     /lib/x86_64-linux-gnu/libpthread-2.24.so
7f6417fdd000-7f6417fe1000 rw-p 00000000 00:00 0 
7f6417fe1000-7f6418007000 r-xp 00000000 08:01 663288                     /lib/x86_64-linux-gnu/ld-2.24.so
7f6418007000-7f64180d9000 rw-p 00000000 00:00 0 
7f64180d9000-7f64180dc000 ---p 00000000 00:00 0 
7f64180dc000-7f64181dc000 rw-p 00000000 00:00 0 
7f64181dc000-7f64181de000 r--s 00026000 08:01 2112586                    /usr/local/netbeans-8.1/java/maven/lib/maven-model-3.0.5.jar
7f64181de000-7f64181e0000 r--s 0000b000 08:01 2112553                    /usr/local/netbeans-8.1/java/maven/lib/maven-plugin-api-3.0.5.jar
7f64181e0000-7f64181e1000 r--s 00006000 08:01 2112507                    /usr/local/netbeans-8.1/java/maven/lib/plexus-sec-dispatcher-1.3.jar
7f64181e1000-7f64181e3000 r--s 0000c000 08:01 2112471                    /usr/local/netbeans-8.1/java/maven/lib/maven-aether-provider-3.0.5.jar
7f64181e3000-7f64181e5000 r--s 0000a000 08:01 2112542                    /usr/local/netbeans-8.1/java/maven/boot/plexus-classworlds-2.4.jar
7f64181e5000-7f64181f9000 rw-p 00000000 00:00 0 
7f64181f9000-7f6418201000 rw-s 00000000 08:01 1972826                    /tmp/hsperfdata_madunlap/25966
7f6418201000-7f6418202000 rw-p 00000000 00:00 0 
7f6418202000-7f6418203000 ---p 00000000 00:00 0 
7f6418203000-7f6418206000 rw-p 00000000 00:00 0 
7f6418206000-7f6418207000 r--p 00025000 08:01 663288                     /lib/x86_64-linux-gnu/ld-2.24.so
7f6418207000-7f6418208000 rw-p 00026000 08:01 663288                     /lib/x86_64-linux-gnu/ld-2.24.so
7f6418208000-7f6418209000 rw-p 00000000 00:00 0 
7ffeb6178000-7ffeb6199000 rw-p 00000000 00:00 0                          [stack]
7ffeb61d3000-7ffeb61d5000 r--p 00000000 00:00 0                          [vvar]
7ffeb61d5000-7ffeb61d7000 r-xp 00000000 00:00 0                          [vdso]
ffffffffff600000-ffffffffff601000 r-xp 00000000 00:00 0                  [vsyscall]

VM Arguments:
jvm_args: -Dclassworlds.conf=/usr/local/netbeans-8.1/java/maven/bin/m2.conf -Dmaven.home=/usr/local/netbeans-8.1/java/maven 
java_command: org.codehaus.plexus.classworlds.launcher.Launcher -Dmaven.ext.class.path=/usr/local/netbeans-8.1/java/maven-nblib/netbeans-eventspy.jar clean install
java_class_path (initial): /usr/local/netbeans-8.1/java/maven/boot/plexus-classworlds-2.4.jar
Launcher Type: SUN_STANDARD

Environment Variables:
JAVA_HOME=/usr/lib/jvm/java-8-oracle
PATH=/home/madunlap/bin:/usr/local/sbin:/usr/local/bin:/usr/sbin:/usr/bin:/sbin:/bin:/usr/games:/usr/local/games:/snap/bin:/usr/lib/jvm/java-8-oracle/bin:/usr/lib/jvm/java-8-oracle/db/bin:/usr/lib/jvm/java-8-oracle/jre/bin
LD_LIBRARY_PATH=/usr/lib/jvm/java-8-oracle/jre/lib/amd64:/usr/lib/jvm/java-8-oracle/jre/lib/i386:
SHELL=/bin/bash
DISPLAY=:0

Signal Handlers:
SIGSEGV: [libjvm.so+0xacbe10], sa_mask[0]=11111111011111111101111111111110, sa_flags=SA_RESTART|SA_SIGINFO
SIGBUS: [libjvm.so+0xacbe10], sa_mask[0]=11111111011111111101111111111110, sa_flags=SA_RESTART|SA_SIGINFO
SIGFPE: [libjvm.so+0x924f90], sa_mask[0]=11111111011111111101111111111110, sa_flags=SA_RESTART|SA_SIGINFO
SIGPIPE: [libjvm.so+0x924f90], sa_mask[0]=11111111011111111101111111111110, sa_flags=SA_RESTART|SA_SIGINFO
SIGXFSZ: [libjvm.so+0x924f90], sa_mask[0]=11111111011111111101111111111110, sa_flags=SA_RESTART|SA_SIGINFO
SIGILL: [libjvm.so+0x924f90], sa_mask[0]=11111111011111111101111111111110, sa_flags=SA_RESTART|SA_SIGINFO
SIGUSR1: SIG_DFL, sa_mask[0]=00000000000000000000000000000000, sa_flags=none
SIGUSR2: [libjvm.so+0x9267d0], sa_mask[0]=00100000000000000000000000000000, sa_flags=SA_RESTART|SA_SIGINFO
SIGHUP: [libjvm.so+0x927bd0], sa_mask[0]=11111111011111111101111111111110, sa_flags=SA_RESTART|SA_SIGINFO
SIGINT: SIG_IGN, sa_mask[0]=00000000000000000000000000000000, sa_flags=none
SIGTERM: [libjvm.so+0x927bd0], sa_mask[0]=11111111011111111101111111111110, sa_flags=SA_RESTART|SA_SIGINFO
SIGQUIT: [libjvm.so+0x927bd0], sa_mask[0]=11111111011111111101111111111110, sa_flags=SA_RESTART|SA_SIGINFO


---------------  S Y S T E M  ---------------

OS:DISTRIB_ID=Ubuntu
DISTRIB_RELEASE=17.04
DISTRIB_CODENAME=zesty
DISTRIB_DESCRIPTION="Ubuntu 17.04"

uname:Linux 4.10.0-38-generic #42-Ubuntu SMP Tue Oct 10 13:24:27 UTC 2017 x86_64
libc:glibc 2.24 NPTL 2.24 
rlimit: STACK 8192k, CORE 0k, NPROC 15602, NOFILE 1048576, AS infinity
load average:1.72 0.62 0.28

/proc/meminfo:
MemTotal:        4039872 kB
MemFree:          106308 kB
MemAvailable:      16340 kB
Buffers:            3732 kB
Cached:            48560 kB
SwapCached:        17292 kB
Active:          3085944 kB
Inactive:         630356 kB
Active(anon):    3074856 kB
Inactive(anon):   619520 kB
Active(file):      11088 kB
Inactive(file):    10836 kB
Unevictable:          32 kB
Mlocked:              32 kB
SwapTotal:       2097148 kB
SwapFree:           3328 kB
Dirty:               268 kB
Writeback:             0 kB
AnonPages:       3647940 kB
Mapped:            42528 kB
Shmem:             30100 kB
Slab:              91048 kB
SReclaimable:      41540 kB
SUnreclaim:        49508 kB
KernelStack:       14864 kB
PageTables:        73740 kB
NFS_Unstable:          0 kB
Bounce:                0 kB
WritebackTmp:          0 kB
CommitLimit:     4117084 kB
Committed_AS:   10703524 kB
VmallocTotal:   34359738367 kB
VmallocUsed:           0 kB
VmallocChunk:          0 kB
HardwareCorrupted:     0 kB
AnonHugePages:   1454080 kB
ShmemHugePages:        0 kB
ShmemPmdMapped:        0 kB
CmaTotal:              0 kB
CmaFree:               0 kB
HugePages_Total:       0
HugePages_Free:        0
HugePages_Rsvd:        0
HugePages_Surp:        0
Hugepagesize:       2048 kB
DirectMap4k:      153520 kB
DirectMap2M:     4040704 kB


CPU:total 2 (initial active 2) (2 cores per cpu, 1 threads per core) family 6 model 70 stepping 1, cmov, cx8, fxsr, mmx, sse, sse2, sse3, ssse3, sse4.1, sse4.2, popcnt, avx, avx2, aes, clmul, erms, lzcnt, tsc, tscinvbit, bmi1, bmi2

/proc/cpuinfo:
processor	: 0
vendor_id	: GenuineIntel
cpu family	: 6
model		: 70
model name	: Intel(R) Core(TM) i7-4870HQ CPU @ 2.50GHz
stepping	: 1
microcode	: 0x13
cpu MHz		: 2494.226
cache size	: 6144 KB
physical id	: 0
siblings	: 2
core id		: 0
cpu cores	: 2
apicid		: 0
initial apicid	: 0
fpu		: yes
fpu_exception	: yes
cpuid level	: 13
wp		: yes
flags		: fpu vme de pse tsc msr pae mce cx8 apic sep mtrr pge mca cmov pat pse36 clflush mmx fxsr sse sse2 ss ht syscall nx rdtscp lm constant_tsc nopl xtopology nonstop_tsc pni pclmulqdq ssse3 fma cx16 pcid sse4_1 sse4_2 x2apic movbe popcnt tsc_deadline_timer aes xsave avx f16c rdrand hypervisor lahf_lm abm fsgsbase tsc_adjust bmi1 avx2 smep bmi2 invpcid xsaveopt dtherm arat pln pts
bugs		:
bogomips	: 4988.45
clflush size	: 64
cache_alignment	: 64
address sizes	: 36 bits physical, 48 bits virtual
power management:

processor	: 1
vendor_id	: GenuineIntel
cpu family	: 6
model		: 70
model name	: Intel(R) Core(TM) i7-4870HQ CPU @ 2.50GHz
stepping	: 1
microcode	: 0x13
cpu MHz		: 2494.226
cache size	: 6144 KB
physical id	: 0
siblings	: 2
core id		: 1
cpu cores	: 2
apicid		: 1
initial apicid	: 1
fpu		: yes
fpu_exception	: yes
cpuid level	: 13
wp		: yes
flags		: fpu vme de pse tsc msr pae mce cx8 apic sep mtrr pge mca cmov pat pse36 clflush mmx fxsr sse sse2 ss ht syscall nx rdtscp lm constant_tsc nopl xtopology nonstop_tsc pni pclmulqdq ssse3 fma cx16 pcid sse4_1 sse4_2 x2apic movbe popcnt tsc_deadline_timer aes xsave avx f16c rdrand hypervisor lahf_lm abm fsgsbase tsc_adjust bmi1 avx2 smep bmi2 invpcid xsaveopt dtherm arat pln pts
bugs		:
bogomips	: 4988.45
clflush size	: 64
cache_alignment	: 64
address sizes	: 36 bits physical, 48 bits virtual
power management:



Memory: 4k page, physical 4039872k(105564k free), swap 2097148k(3744k free)

vm_info: Java HotSpot(TM) 64-Bit Server VM (25.151-b12) for linux-amd64 JRE (1.8.0_151-b12), built on Sep  5 2017 19:20:58 by "java_re" with gcc 4.3.0 20080428 (Red Hat 4.3.0-8)

time: Mon Nov  6 11:31:06 2017
elapsed time: 22 seconds (0d 0h 0m 22s)

