#
# There is insufficient memory for the Java Runtime Environment to continue.
# Native memory allocation (mmap) failed to map 78643200 bytes for committing reserved memory.
# Possible reasons:
#   The system is out of physical RAM or swap space
#   In 32 bit mode, the process size limit was hit
# Possible solutions:
#   Reduce memory load on the system
#   Increase physical memory or swap space
#   Check if swap backing store is full
#   Use 64 bit Java on a 64 bit OS
#   Decrease Java heap size (-Xmx/-Xms)
#   Decrease number of Java threads
#   Decrease Java thread stack sizes (-Xss)
#   Set larger code cache with -XX:ReservedCodeCacheSize=
# This output file may be truncated or incomplete.
#
#  Out of Memory Error (os_linux.cpp:2640), pid=20853, tid=0x00007f63d251b700
#
# JRE version: Java(TM) SE Runtime Environment (8.0_144-b01) (build 1.8.0_144-b01)
# Java VM: Java HotSpot(TM) 64-Bit Server VM (25.144-b01 mixed mode linux-amd64 compressed oops)
# Failed to write core dump. Core dumps have been disabled. To enable core dumping, try "ulimit -c unlimited" before starting Java again
#

---------------  T H R E A D  ---------------

Current thread (0x00007f63e40fc000):  VMThread [stack: 0x00007f63d241b000,0x00007f63d251c000] [id=20860]

Stack: [0x00007f63d241b000,0x00007f63d251c000],  sp=0x00007f63d2519fa0,  free space=1019k
Native frames: (J=compiled Java code, j=interpreted, Vv=VM code, C=native code)
V  [libjvm.so+0xacb18a]  VMError::report_and_die()+0x2ba
V  [libjvm.so+0x4ff4db]  report_vm_out_of_memory(char const*, int, unsigned long, VMErrorType, char const*)+0x8b
V  [libjvm.so+0x927d23]  os::Linux::commit_memory_impl(char*, unsigned long, bool)+0x103
V  [libjvm.so+0x928279]  os::pd_commit_memory(char*, unsigned long, unsigned long, bool)+0x29
V  [libjvm.so+0x92249a]  os::commit_memory(char*, unsigned long, unsigned long, bool)+0x2a
V  [libjvm.so+0x996ff3]  PSVirtualSpace::expand_by(unsigned long)+0x53
V  [libjvm.so+0x9983f8]  PSYoungGen::resize_generation(unsigned long, unsigned long)+0xf8
V  [libjvm.so+0x997552]  PSYoungGen::resize(unsigned long, unsigned long)+0x22
V  [libjvm.so+0x99482b]  PSScavenge::invoke_no_policy()+0xf3b
V  [libjvm.so+0x994fb1]  PSScavenge::invoke()+0x41
V  [libjvm.so+0x94bce0]  ParallelScavengeHeap::failed_mem_allocate(unsigned long)+0x70
V  [libjvm.so+0xaccba7]  VM_ParallelGCFailedAllocation::doit()+0x97
V  [libjvm.so+0xad4685]  VM_Operation::evaluate()+0x55
V  [libjvm.so+0xad2a5a]  VMThread::evaluate_operation(VM_Operation*)+0xba
V  [libjvm.so+0xad2dde]  VMThread::loop()+0x1ce
V  [libjvm.so+0xad3250]  VMThread::run()+0x70
V  [libjvm.so+0x92a338]  java_start(Thread*)+0x108

VM_Operation (0x00007f63ec41ae00): ParallelGCFailedAllocation, mode: safepoint, requested by thread 0x00007f63e400b000


---------------  P R O C E S S  ---------------

Java Threads: ( => current thread )
  0x00007f63e4847000 JavaThread "Service Thread" daemon [_thread_blocked, id=20866, stack(0x00007f63d0e08000,0x00007f63d0f09000)]
  0x00007f63e4842800 JavaThread "C1 CompilerThread1" daemon [_thread_blocked, id=20865, stack(0x00007f63d0f09000,0x00007f63d100a000)]
  0x00007f63e482c800 JavaThread "C2 CompilerThread0" daemon [_thread_blocked, id=20864, stack(0x00007f63d100a000,0x00007f63d110b000)]
  0x00007f63e413b800 JavaThread "Signal Dispatcher" daemon [_thread_blocked, id=20863, stack(0x00007f63d1e3d000,0x00007f63d1f3e000)]
  0x00007f63e4108000 JavaThread "Finalizer" daemon [_thread_blocked, id=20862, stack(0x00007f63d2219000,0x00007f63d231a000)]
  0x00007f63e4103800 JavaThread "Reference Handler" daemon [_thread_blocked, id=20861, stack(0x00007f63d231a000,0x00007f63d241b000)]
  0x00007f63e400b000 JavaThread "main" [_thread_blocked, id=20854, stack(0x00007f63ec31e000,0x00007f63ec41f000)]

Other Threads:
=>0x00007f63e40fc000 VMThread [stack: 0x00007f63d241b000,0x00007f63d251c000] [id=20860]
  0x00007f63e4839000 WatcherThread [stack: 0x00007f63d0d07000,0x00007f63d0e08000] [id=20867]

VM state:at safepoint (normal execution)

VM Mutex/Monitor currently owned by a thread:  ([mutex/lock_event])
[0x00007f63e40072e0] Threads_lock - owner thread: 0x00007f63e40fc000
[0x00007f63e40077e0] Heap_lock - owner thread: 0x00007f63e400b000

Heap:
 PSYoungGen      total 131072K, used 1374K [0x00000000eb700000, 0x00000000f3c00000, 0x0000000100000000)
  eden space 125952K, 0% used [0x00000000eb700000,0x00000000eb700000,0x00000000f3200000)
  from space 5120K, 26% used [0x00000000f3200000,0x00000000f3357990,0x00000000f3700000)
  to   space 4608K, 0% used [0x00000000f3780000,0x00000000f3780000,0x00000000f3c00000)
 ParOldGen       total 42496K, used 4610K [0x00000000c2400000, 0x00000000c4d80000, 0x00000000eb700000)
  object space 42496K, 10% used [0x00000000c2400000,0x00000000c28808d8,0x00000000c4d80000)
 Metaspace       used 15920K, capacity 16180K, committed 16384K, reserved 1064960K
  class space    used 1622K, capacity 1712K, committed 1792K, reserved 1048576K

Card table byte_map: [0x00007f63e8cd0000,0x00007f63e8ebf000] byte_map_base: 0x00007f63e86be000

Marking Bits: (ParMarkBitMap*) 0x00007f63eb7f9dc0
 Begin Bits: [0x00007f63d3120000, 0x00007f63d4090000)
 End Bits:   [0x00007f63d4090000, 0x00007f63d5000000)

Polling page: 0x00007f63ec447000

CodeCache: size=245760Kb used=6545Kb max_used=6559Kb free=239214Kb
 bounds [0x00007f63d5000000, 0x00007f63d5670000, 0x00007f63e4000000]
 total_blobs=2610 nmethods=2224 adapters=299
 compilation: enabled

Compilation events (10 events):
Event: 2.616 Thread 0x00007f63e4842800 2254 %     3       sun.text.normalizer.UCharacterProperty::upropsvec_addPropertyStarts @ 27 (48 bytes)
Event: 2.616 Thread 0x00007f63e4842800 nmethod 2254% 0x00007f63d565b610 code [0x00007f63d565b7e0, 0x00007f63d565be28]
Event: 2.616 Thread 0x00007f63e4842800 2255       3       sun.text.normalizer.UCharacterProperty::upropsvec_addPropertyStarts (48 bytes)
Event: 2.616 Thread 0x00007f63e4842800 nmethod 2255 0x00007f63d565c0d0 code [0x00007f63d565c280, 0x00007f63d565c848]
Event: 2.662 Thread 0x00007f63e4842800 2256       2       sun.text.normalizer.Trie$DefaultGetFoldingOffset::getFoldingOffset (2 bytes)
Event: 2.663 Thread 0x00007f63e4842800 nmethod 2256 0x00007f63d565ca90 code [0x00007f63d565cbe0, 0x00007f63d565cd30]
Event: 2.713 Thread 0x00007f63e482c800 nmethod 2222 0x00007f63d5661650 code [0x00007f63d5661cc0, 0x00007f63d5665648]
Event: 2.713 Thread 0x00007f63e482c800 2229       4       org.jacoco.agent.rt.internal_b0d6a23.asm.commons.AnalyzerAdapter::pop (82 bytes)
Event: 2.723 Thread 0x00007f63e482c800 nmethod 2229 0x00007f63d565d0d0 code [0x00007f63d565d2a0, 0x00007f63d565d9b8]
Event: 2.723 Thread 0x00007f63e482c800 2220 %     4       org.jacoco.agent.rt.internal_b0d6a23.asm.ClassReader::readCode @ 1422 (3263 bytes)

GC Heap History (10 events):
Event: 1.146 GC heap after
Heap after GC invocations=4 (full 0):
 PSYoungGen      total 34304K, used 2085K [0x00000000eb700000, 0x00000000edb00000, 0x0000000100000000)
  eden space 31744K, 0% used [0x00000000eb700000,0x00000000eb700000,0x00000000ed600000)
  from space 2560K, 81% used [0x00000000ed880000,0x00000000eda895e0,0x00000000edb00000)
  to   space 2560K, 0% used [0x00000000ed600000,0x00000000ed600000,0x00000000ed880000)
 ParOldGen       total 42496K, used 204K [0x00000000c2400000, 0x00000000c4d80000, 0x00000000eb700000)
  object space 42496K, 0% used [0x00000000c2400000,0x00000000c2433210,0x00000000c4d80000)
 Metaspace       used 7666K, capacity 7792K, committed 8064K, reserved 1056768K
  class space    used 784K, capacity 822K, committed 896K, reserved 1048576K
}
Event: 1.462 GC heap before
{Heap before GC invocations=5 (full 0):
 PSYoungGen      total 34304K, used 33829K [0x00000000eb700000, 0x00000000edb00000, 0x0000000100000000)
  eden space 31744K, 100% used [0x00000000eb700000,0x00000000ed600000,0x00000000ed600000)
  from space 2560K, 81% used [0x00000000ed880000,0x00000000eda895e0,0x00000000edb00000)
  to   space 2560K, 0% used [0x00000000ed600000,0x00000000ed600000,0x00000000ed880000)
 ParOldGen       total 42496K, used 204K [0x00000000c2400000, 0x00000000c4d80000, 0x00000000eb700000)
  object space 42496K, 0% used [0x00000000c2400000,0x00000000c2433210,0x00000000c4d80000)
 Metaspace       used 10220K, capacity 10344K, committed 10624K, reserved 1058816K
  class space    used 1031K, capacity 1050K, committed 1152K, reserved 1048576K
Event: 1.466 GC heap after
Heap after GC invocations=5 (full 0):
 PSYoungGen      total 34304K, used 2533K [0x00000000eb700000, 0x00000000efc00000, 0x0000000100000000)
  eden space 31744K, 0% used [0x00000000eb700000,0x00000000eb700000,0x00000000ed600000)
  from space 2560K, 98% used [0x00000000ed600000,0x00000000ed8795e0,0x00000000ed880000)
  to   space 3584K, 0% used [0x00000000ef880000,0x00000000ef880000,0x00000000efc00000)
 ParOldGen       total 42496K, used 817K [0x00000000c2400000, 0x00000000c4d80000, 0x00000000eb700000)
  object space 42496K, 1% used [0x00000000c2400000,0x00000000c24cc4b0,0x00000000c4d80000)
 Metaspace       used 10220K, capacity 10344K, committed 10624K, reserved 1058816K
  class space    used 1031K, capacity 1050K, committed 1152K, reserved 1048576K
}
Event: 1.920 GC heap before
{Heap before GC invocations=6 (full 0):
 PSYoungGen      total 34304K, used 34277K [0x00000000eb700000, 0x00000000efc00000, 0x0000000100000000)
  eden space 31744K, 100% used [0x00000000eb700000,0x00000000ed600000,0x00000000ed600000)
  from space 2560K, 98% used [0x00000000ed600000,0x00000000ed8795e0,0x00000000ed880000)
  to   space 3584K, 0% used [0x00000000ef880000,0x00000000ef880000,0x00000000efc00000)
 ParOldGen       total 42496K, used 817K [0x00000000c2400000, 0x00000000c4d80000, 0x00000000eb700000)
  object space 42496K, 1% used [0x00000000c2400000,0x00000000c24cc4b0,0x00000000c4d80000)
 Metaspace       used 12656K, capacity 12892K, committed 13184K, reserved 1060864K
  class space    used 1245K, capacity 1324K, committed 1408K, reserved 1048576K
Event: 1.925 GC heap after
Heap after GC invocations=6 (full 0):
 PSYoungGen      total 66560K, used 3566K [0x00000000eb700000, 0x00000000efd00000, 0x0000000100000000)
  eden space 62976K, 0% used [0x00000000eb700000,0x00000000eb700000,0x00000000ef480000)
  from space 3584K, 99% used [0x00000000ef880000,0x00000000efbfb8a8,0x00000000efc00000)
  to   space 4096K, 0% used [0x00000000ef480000,0x00000000ef480000,0x00000000ef880000)
 ParOldGen       total 42496K, used 1035K [0x00000000c2400000, 0x00000000c4d80000, 0x00000000eb700000)
  object space 42496K, 2% used [0x00000000c2400000,0x00000000c2502cc8,0x00000000c4d80000)
 Metaspace       used 12656K, capacity 12892K, committed 13184K, reserved 1060864K
  class space    used 1245K, capacity 1324K, committed 1408K, reserved 1048576K
}
Event: 2.332 GC heap before
{Heap before GC invocations=7 (full 0):
 PSYoungGen      total 66560K, used 66542K [0x00000000eb700000, 0x00000000efd00000, 0x0000000100000000)
  eden space 62976K, 100% used [0x00000000eb700000,0x00000000ef480000,0x00000000ef480000)
  from space 3584K, 99% used [0x00000000ef880000,0x00000000efbfb8a8,0x00000000efc00000)
  to   space 4096K, 0% used [0x00000000ef480000,0x00000000ef480000,0x00000000ef880000)
 ParOldGen       total 42496K, used 1035K [0x00000000c2400000, 0x00000000c4d80000, 0x00000000eb700000)
  object space 42496K, 2% used [0x00000000c2400000,0x00000000c2502cc8,0x00000000c4d80000)
 Metaspace       used 15010K, capacity 15246K, committed 15488K, reserved 1062912K
  class space    used 1537K, capacity 1615K, committed 1664K, reserved 1048576K
Event: 2.338 GC heap after
Heap after GC invocations=7 (full 0):
 PSYoungGen      total 67072K, used 4078K [0x00000000eb700000, 0x00000000f3d00000, 0x0000000100000000)
  eden space 62976K, 0% used [0x00000000eb700000,0x00000000eb700000,0x00000000ef480000)
  from space 4096K, 99% used [0x00000000ef480000,0x00000000ef87b860,0x00000000ef880000)
  to   space 5632K, 0% used [0x00000000f3780000,0x00000000f3780000,0x00000000f3d00000)
 ParOldGen       total 42496K, used 2696K [0x00000000c2400000, 0x00000000c4d80000, 0x00000000eb700000)
  object space 42496K, 6% used [0x00000000c2400000,0x00000000c26a2348,0x00000000c4d80000)
 Metaspace       used 15010K, capacity 15246K, committed 15488K, reserved 1062912K
  class space    used 1537K, capacity 1615K, committed 1664K, reserved 1048576K
}
Event: 2.626 GC heap before
{Heap before GC invocations=8 (full 0):
 PSYoungGen      total 67072K, used 67054K [0x00000000eb700000, 0x00000000f3d00000, 0x0000000100000000)
  eden space 62976K, 100% used [0x00000000eb700000,0x00000000ef480000,0x00000000ef480000)
  from space 4096K, 99% used [0x00000000ef480000,0x00000000ef87b860,0x00000000ef880000)
  to   space 5632K, 0% used [0x00000000f3780000,0x00000000f3780000,0x00000000f3d00000)
 ParOldGen       total 42496K, used 2696K [0x00000000c2400000, 0x00000000c4d80000, 0x00000000eb700000)
  object space 42496K, 6% used [0x00000000c2400000,0x00000000c26a2348,0x00000000c4d80000)
 Metaspace       used 15919K, capacity 16180K, committed 16384K, reserved 1064960K
  class space    used 1622K, capacity 1712K, committed 1792K, reserved 1048576K
Event: 2.652 GC heap after
Heap after GC invocations=8 (full 0):
 PSYoungGen      total 130560K, used 3267K [0x00000000eb700000, 0x00000000f3c00000, 0x0000000100000000)
  eden space 125952K, 0% used [0x00000000eb700000,0x00000000eb700000,0x00000000f3200000)
  from space 4608K, 70% used [0x00000000f3780000,0x00000000f3ab0e88,0x00000000f3c00000)
  to   space 5120K, 0% used [0x00000000f3200000,0x00000000f3200000,0x00000000f3700000)
 ParOldGen       total 42496K, used 2992K [0x00000000c2400000, 0x00000000c4d80000, 0x00000000eb700000)
  object space 42496K, 7% used [0x00000000c2400000,0x00000000c26ec348,0x00000000c4d80000)
 Metaspace       used 15919K, capacity 16180K, committed 16384K, reserved 1064960K
  class space    used 1622K, capacity 1712K, committed 1792K, reserved 1048576K
}
Event: 2.797 GC heap before
{Heap before GC invocations=9 (full 0):
 PSYoungGen      total 130560K, used 129075K [0x00000000eb700000, 0x00000000f3c00000, 0x0000000100000000)
  eden space 125952K, 99% used [0x00000000eb700000,0x00000000f31dbec0,0x00000000f3200000)
  from space 4608K, 70% used [0x00000000f3780000,0x00000000f3ab0e88,0x00000000f3c00000)
  to   space 5120K, 0% used [0x00000000f3200000,0x00000000f3200000,0x00000000f3700000)
 ParOldGen       total 42496K, used 2992K [0x00000000c2400000, 0x00000000c4d80000, 0x00000000eb700000)
  object space 42496K, 7% used [0x00000000c2400000,0x00000000c26ec348,0x00000000c4d80000)
 Metaspace       used 15920K, capacity 16180K, committed 16384K, reserved 1064960K
  class space    used 1622K, capacity 1712K, committed 1792K, reserved 1048576K

Deoptimization events (10 events):
Event: 0.856 Thread 0x00007f63e400b000 Uncommon trap: reason=unstable_if action=reinterpret pc=0x00007f63d516a07c method=sun.misc.URLClassPath.getLoader(I)Lsun/misc/URLClassPath$Loader; @ 36
Event: 0.912 Thread 0x00007f63e400b000 Uncommon trap: reason=unstable_if action=reinterpret pc=0x00007f63d522bb84 method=org.jacoco.agent.rt.internal_b0d6a23.asm.ClassReader.readUTF(II[C)Ljava/lang/String; @ 77
Event: 0.933 Thread 0x00007f63e400b000 Uncommon trap: reason=unstable_if action=reinterpret pc=0x00007f63d522a770 method=org.jacoco.agent.rt.internal_b0d6a23.asm.ByteVector.putUTF8(Ljava/lang/String;)Lorg/jacoco/agent/rt/internal_b0d6a23/asm/ByteVector; @ 34
Event: 0.994 Thread 0x00007f63e400b000 Uncommon trap: reason=unstable_if action=reinterpret pc=0x00007f63d51f2dd8 method=org.jacoco.agent.rt.internal_b0d6a23.asm.Item.isEqualTo(Lorg/jacoco/agent/rt/internal_b0d6a23/asm/Item;)Z @ 345
Event: 1.008 Thread 0x00007f63e400b000 Uncommon trap: reason=unstable_if action=reinterpret pc=0x00007f63d5228510 method=org.jacoco.agent.rt.internal_b0d6a23.asm.MethodVisitor.visitLineNumber(ILorg/jacoco/agent/rt/internal_b0d6a23/asm/Label;)V @ 4
Event: 1.008 Thread 0x00007f63e400b000 Uncommon trap: reason=unstable_if action=reinterpret pc=0x00007f63d52a7dd4 method=org.jacoco.agent.rt.internal_b0d6a23.asm.MethodVisitor.visitMethodInsn(ILjava/lang/String;Ljava/lang/String;Ljava/lang/String;Z)V @ 50
Event: 1.421 Thread 0x00007f63e400b000 Uncommon trap: reason=null_check action=make_not_entrant pc=0x00007f63d51155c4 method=java.lang.String.equals(Ljava/lang/Object;)Z @ 8
Event: 1.591 Thread 0x00007f63e400b000 Uncommon trap: reason=unstable_if action=reinterpret pc=0x00007f63d54382c4 method=java.util.ArrayList.remove(I)Ljava/lang/Object; @ 31
Event: 1.907 Thread 0x00007f63e400b000 Uncommon trap: reason=unstable_if action=reinterpret pc=0x00007f63d52778ec method=java.lang.String.indexOf([CII[CIII)I @ 134
Event: 2.047 Thread 0x00007f63e400b000 Uncommon trap: reason=unstable_if action=reinterpret pc=0x00007f63d53fa3ac method=org.jacoco.agent.rt.internal_b0d6a23.asm.Item.isEqualTo(Lorg/jacoco/agent/rt/internal_b0d6a23/asm/Item;)Z @ 186

Internal exceptions (10 events):
Event: 2.532 Thread 0x00007f63e400b000 Exception <a 'java/security/PrivilegedActionException'> (0x00000000ecd3b9e0) thrown at [/HUDSON3/workspace/8-2-build-linux-amd64/jdk8u144/9417/hotspot/src/share/vm/prims/jvm.cpp, line 1390]
Event: 2.532 Thread 0x00007f63e400b000 Exception <a 'java/security/PrivilegedActionException'> (0x00000000ecd3fb78) thrown at [/HUDSON3/workspace/8-2-build-linux-amd64/jdk8u144/9417/hotspot/src/share/vm/prims/jvm.cpp, line 1390]
Event: 2.532 Thread 0x00007f63e400b000 Exception <a 'java/security/PrivilegedActionException'> (0x00000000ecd3ff70) thrown at [/HUDSON3/workspace/8-2-build-linux-amd64/jdk8u144/9417/hotspot/src/share/vm/prims/jvm.cpp, line 1390]
Event: 2.532 Thread 0x00007f63e400b000 Exception <a 'java/security/PrivilegedActionException'> (0x00000000ecd51598) thrown at [/HUDSON3/workspace/8-2-build-linux-amd64/jdk8u144/9417/hotspot/src/share/vm/prims/jvm.cpp, line 1390]
Event: 2.532 Thread 0x00007f63e400b000 Exception <a 'java/security/PrivilegedActionException'> (0x00000000ecd51990) thrown at [/HUDSON3/workspace/8-2-build-linux-amd64/jdk8u144/9417/hotspot/src/share/vm/prims/jvm.cpp, line 1390]
Event: 2.533 Thread 0x00007f63e400b000 Exception <a 'java/security/PrivilegedActionException'> (0x00000000ecd55b28) thrown at [/HUDSON3/workspace/8-2-build-linux-amd64/jdk8u144/9417/hotspot/src/share/vm/prims/jvm.cpp, line 1390]
Event: 2.533 Thread 0x00007f63e400b000 Exception <a 'java/security/PrivilegedActionException'> (0x00000000ecd55f20) thrown at [/HUDSON3/workspace/8-2-build-linux-amd64/jdk8u144/9417/hotspot/src/share/vm/prims/jvm.cpp, line 1390]
Event: 2.541 Thread 0x00007f63e400b000 Exception <a 'java/lang/ArrayIndexOutOfBoundsException'> (0x00000000ecdd2420) thrown at [/HUDSON3/workspace/8-2-build-linux-amd64/jdk8u144/9417/hotspot/src/share/vm/runtime/sharedRuntime.cpp, line 605]
Event: 2.541 Thread 0x00007f63e400b000 Exception <a 'java/lang/ArrayIndexOutOfBoundsException'> (0x00000000ecdd71f0) thrown at [/HUDSON3/workspace/8-2-build-linux-amd64/jdk8u144/9417/hotspot/src/share/vm/runtime/sharedRuntime.cpp, line 605]
Event: 2.542 Thread 0x00007f63e400b000 Exception <a 'java/lang/ArrayIndexOutOfBoundsException'> (0x00000000ecde8578) thrown at [/HUDSON3/workspace/8-2-build-linux-amd64/jdk8u144/9417/hotspot/src/share/vm/runtime/sharedRuntime.cpp, line 605]

Events (10 events):
Event: 2.604 loading class sun/text/normalizer/RangeValueIterator
Event: 2.604 loading class sun/text/normalizer/RangeValueIterator done
Event: 2.604 loading class sun/text/normalizer/TrieIterator done
Event: 2.604 loading class sun/text/normalizer/RangeValueIterator$Element
Event: 2.604 loading class sun/text/normalizer/RangeValueIterator$Element done
Event: 2.608 Thread 0x00007f63e400b000 DEOPT PACKING pc=0x00007f63d565183c sp=0x00007f63ec41b0a0
Event: 2.608 Thread 0x00007f63e400b000 DEOPT UNPACKING pc=0x00007f63d5047633 sp=0x00007f63ec41ae20 mode 0
Event: 2.626 Executing VM operation: ParallelGCFailedAllocation
Event: 2.652 Executing VM operation: ParallelGCFailedAllocation done
Event: 2.794 Executing VM operation: ParallelGCFailedAllocation


Dynamic libraries:
00400000-00401000 r-xp 00000000 08:01 2106691                            /usr/lib/jvm/java-8-oracle/jre/bin/java
00600000-00601000 rw-p 00000000 08:01 2106691                            /usr/lib/jvm/java-8-oracle/jre/bin/java
01a6c000-01a8d000 rw-p 00000000 00:00 0                                  [heap]
c2400000-c4d80000 rw-p 00000000 00:00 0 
c4d80000-eb700000 ---p 00000000 00:00 0 
eb700000-f3c00000 rw-p 00000000 00:00 0 
f8700000-100000000 ---p 00000000 00:00 0 
100000000-1001c0000 rw-p 00000000 00:00 0 
1001c0000-140000000 ---p 00000000 00:00 0 
7f63a0000000-7f63a0021000 rw-p 00000000 00:00 0 
7f63a0021000-7f63a4000000 ---p 00000000 00:00 0 
7f63a8000000-7f63a8e16000 rw-p 00000000 00:00 0 
7f63a8e16000-7f63ac000000 ---p 00000000 00:00 0 
7f63ac000000-7f63ac021000 rw-p 00000000 00:00 0 
7f63ac021000-7f63b0000000 ---p 00000000 00:00 0 
7f63b0000000-7f63b150d000 rw-p 00000000 00:00 0 
7f63b150d000-7f63b4000000 ---p 00000000 00:00 0 
7f63b4000000-7f63b4021000 rw-p 00000000 00:00 0 
7f63b4021000-7f63b8000000 ---p 00000000 00:00 0 
7f63b8fff000-7f63bc000000 rw-p 00000000 00:00 0 
7f63bc000000-7f63bc021000 rw-p 00000000 00:00 0 
7f63bc021000-7f63c0000000 ---p 00000000 00:00 0 
7f63c0000000-7f63c0021000 rw-p 00000000 00:00 0 
7f63c0021000-7f63c4000000 ---p 00000000 00:00 0 
7f63c4000000-7f63c4021000 rw-p 00000000 00:00 0 
7f63c4021000-7f63c8000000 ---p 00000000 00:00 0 
7f63c8000000-7f63c828e000 rw-p 00000000 00:00 0 
7f63c828e000-7f63cc000000 ---p 00000000 00:00 0 
7f63cc000000-7f63cc021000 rw-p 00000000 00:00 0 
7f63cc021000-7f63d0000000 ---p 00000000 00:00 0 
7f63d0266000-7f63d0466000 rw-p 00000000 00:00 0 
7f63d0466000-7f63d0479000 r--s 00345000 08:01 1976712                    /usr/lib/jvm/java-8-oracle/jre/lib/resources.jar
7f63d049d000-7f63d04dd000 rw-p 00000000 00:00 0 
7f63d04dd000-7f63d069d000 ---p 00000000 00:00 0 
7f63d069d000-7f63d06b9000 r--s 00393000 08:01 2106535                    /usr/lib/jvm/java-8-oracle/jre/lib/ext/cldrdata.jar
7f63d06b9000-7f63d06c3000 r--s 00116000 08:01 2106532                    /usr/lib/jvm/java-8-oracle/jre/lib/ext/localedata.jar
7f63d06c3000-7f63d08c3000 rw-p 00000000 00:00 0 
7f63d08c8000-7f63d0ac8000 rw-p 00000000 00:00 0 
7f63d0ac8000-7f63d0aca000 r--s 00007000 08:01 791719                     /home/madunlap/.m2/repository/org/apache/maven/surefire/surefire-junit4/2.10/surefire-junit4-2.10.jar
7f63d0aca000-7f63d0acc000 r--s 0000b000 08:01 921145                     /home/madunlap/.m2/repository/org/json/json/20160212/json-20160212.jar
7f63d0acc000-7f63d0ace000 r--s 00009000 08:01 921147                     /home/madunlap/.m2/repository/com/mashape/unirest/unirest-java/1.4.9/unirest-java-1.4.9.jar
7f63d0ace000-7f63d0ad0000 r--s 0000e000 08:01 921141                     /home/madunlap/.m2/repository/org/jvnet/mimepull/mimepull/1.9.6/mimepull-1.9.6.jar
7f63d0ad0000-7f63d0ad3000 r--s 0000e000 08:01 921143                     /home/madunlap/.m2/repository/org/glassfish/jersey/media/jersey-media-multipart/2.23.2/jersey-media-multipart-2.23.2.jar
7f63d0ad3000-7f63d0ad7000 r--s 00019000 08:01 921137                     /home/madunlap/.m2/repository/javax/ws/rs/javax.ws.rs-api/2.0.1/javax.ws.rs-api-2.0.1.jar
7f63d0ad7000-7f63d0ad9000 r--s 00010000 08:01 921134                     /home/madunlap/.m2/repository/org/glassfish/jersey/media/jersey-media-jaxb/2.23.2/jersey-media-jaxb-2.23.2.jar
7f63d0ad9000-7f63d0ade000 r--s 00025000 08:01 921138                     /home/madunlap/.m2/repository/org/glassfish/jersey/core/jersey-client/2.23.2/jersey-client-2.23.2.jar
7f63d0ade000-7f63d0af4000 r--s 000d3000 08:01 921133                     /home/madunlap/.m2/repository/org/glassfish/jersey/core/jersey-server/2.23.2/jersey-server-2.23.2.jar
7f63d0af4000-7f63d0af5000 r--s 00004000 08:01 921129                     /home/madunlap/.m2/repository/org/glassfish/hk2/osgi-resource-locator/1.0.1/osgi-resource-locator-1.0.1.jar
7f63d0af5000-7f63d0aff000 r--s 000ae000 08:01 921127                     /home/madunlap/.m2/repository/org/javassist/javassist/3.20.0-GA/javassist-3.20.0-GA.jar
7f63d0aff000-7f63d0b02000 r--s 0002a000 08:01 921123                     /home/madunlap/.m2/repository/org/glassfish/hk2/hk2-locator/2.5.0-b05/hk2-locator-2.5.0-b05.jar
7f63d0b02000-7f63d0b04000 r--s 00002000 08:01 921128                     /home/madunlap/.m2/repository/org/glassfish/hk2/external/aopalliance-repackaged/2.5.0-b05/aopalliance-repackaged-2.5.0-b05.jar
7f63d0b04000-7f63d0b08000 r--s 0001a000 08:01 921125                     /home/madunlap/.m2/repository/org/glassfish/hk2/hk2-utils/2.5.0-b05/hk2-utils-2.5.0-b05.jar
7f63d0b08000-7f63d0b0d000 r--s 00027000 08:01 921118                     /home/madunlap/.m2/repository/org/glassfish/hk2/hk2-api/2.5.0-b05/hk2-api-2.5.0-b05.jar
7f63d0b0d000-7f63d0b25000 r--s 000d6000 08:01 921120                     /home/madunlap/.m2/repository/org/glassfish/jersey/bundles/repackaged/jersey-guava/2.23.2/jersey-guava-2.23.2.jar
7f63d0b25000-7f63d0b27000 r--s 00005000 08:01 921116                     /home/madunlap/.m2/repository/javax/annotation/javax.annotation-api/1.2/javax.annotation-api-1.2.jar
7f63d0b27000-7f63d0b36000 r--s 000a0000 08:01 921111                     /home/madunlap/.m2/repository/org/glassfish/jersey/core/jersey-common/2.23.2/jersey-common-2.23.2.jar
7f63d0b36000-7f63d0b37000 r--s 00001000 08:01 921113                     /home/madunlap/.m2/repository/org/glassfish/hk2/external/javax.inject/2.5.0-b05/javax.inject-2.5.0-b05.jar
7f63d0b37000-7f63d0b3a000 r--s 0000e000 08:01 921110                     /home/madunlap/.m2/repository/org/glassfish/jersey/containers/jersey-container-servlet-core/2.23.2/jersey-container-servlet-core-2.23.2.jar
7f63d0b3a000-7f63d0b3c000 r--s 00003000 08:01 921107                     /home/madunlap/.m2/repository/org/glassfish/jersey/containers/jersey-container-servlet/2.23.2/jersey-container-servlet-2.23.2.jar
7f63d0b3c000-7f63d0b3e000 r--s 00008000 08:01 921112                     /home/madunlap/.m2/repository/com/google/auto/auto-common/0.3/auto-common-0.3.jar
7f63d0b3e000-7f63d0b3f000 r--s 00002000 08:01 921105                     /home/madunlap/.m2/repository/com/google/auto/service/auto-service/1.0-rc2/auto-service-1.0-rc2.jar
7f63d0b3f000-7f63d0b41000 r--s 0000c000 08:01 921153                     /home/madunlap/.m2/repository/com/lyncode/xoai-service-provider/4.1.0-header-patch/xoai-service-provider-4.1.0-header-patch.jar
7f63d0b41000-7f63d0b42000 r--s 00001000 08:01 921104                     /home/madunlap/.m2/repository/com/lyncode/builder-commons/1.0.2/builder-commons-1.0.2.jar
7f63d0b42000-7f63d0b45000 r--s 00012000 08:01 921152                     /home/madunlap/.m2/repository/com/lyncode/xoai-data-provider/4.1.0-header-patch/xoai-data-provider-4.1.0-header-patch.jar
7f63d0b45000-7f63d0b47000 r--s 00005000 08:01 791390                     /home/madunlap/.m2/repository/stax/stax-api/1.0.1/stax-api-1.0.1.jar
7f63d0b47000-7f63d0b4d000 r--s 00048000 08:01 921101                     /home/madunlap/.m2/repository/org/apache/commons/commons-lang3/3.1/commons-lang3-3.1.jar
7f63d0b4d000-7f63d0b4f000 r--s 00004000 08:01 921097                     /home/madunlap/.m2/repository/javax/xml/stream/stax-api/1.0-2/stax-api-1.0-2.jar
7f63d0b4f000-7f63d0b53000 r--s 00029000 08:01 921098                     /home/madunlap/.m2/repository/org/codehaus/woodstox/stax2-api/3.0.4/stax2-api-3.0.4.jar
7f63d0b53000-7f63d0b59000 r--s 00045000 08:01 921095                     /home/madunlap/.m2/repository/org/hamcrest/hamcrest-all/1.3/hamcrest-all-1.3.jar
7f63d0b59000-7f63d0b5e000 r--s 00016000 08:01 791388                     /home/madunlap/.m2/repository/xml-apis/xml-apis/1.0.b2/xml-apis-1.0.b2.jar
7f63d0b5e000-7f63d0b5f000 r--s 00003000 08:01 921092                     /home/madunlap/.m2/repository/com/lyncode/test-support/1.0.4/test-support-1.0.4.jar
7f63d0b5f000-7f63d0b61000 r--s 00004000 08:01 921090                     /home/madunlap/.m2/repository/com/lyncode/xml-io/1.0.3/xml-io-1.0.3.jar
7f63d0b61000-7f63d0b63000 r--s 0000d000 08:01 921151                     /home/madunlap/.m2/repository/com/lyncode/xoai-common/4.1.0-header-patch/xoai-common-4.1.0-header-patch.jar
7f63d0b63000-7f63d0b66000 r--s 00011000 08:01 921088                     /home/madunlap/.m2/repository/com/github/scribejava/scribejava-core/3.1.0/scribejava-core-3.1.0.jar
7f63d0b66000-7f63d0b69000 r--s 00010000 08:01 921084                     /home/madunlap/.m2/repository/com/github/scribejava/scribejava-apis/3.1.0/scribejava-apis-3.1.0.jar
7f63d0b69000-7f63d0b72000 r--s 0006f000 08:01 921083                     /home/madunlap/.m2/repository/log4j/log4j/1.2.17/log4j-1.2.17.jar
7f63d0b72000-7f63d0c49000 r--s 007aa000 08:01 921093                     /home/madunlap/.m2/repository/net/sf/ehcache/ehcache/2.10.1/ehcache-2.10.1.jar
7f63d0c49000-7f63d0c4b000 r--s 00008000 08:01 921082                     /home/madunlap/.m2/repository/org/apache/commons/commons-csv/1.2/commons-csv-1.2.jar
7f63d0c4b000-7f63d0c4f000 r--s 00035000 08:01 921081                     /home/madunlap/.m2/repository/com/fasterxml/jackson/core/jackson-core/2.5.3/jackson-core-2.5.3.jar
7f63d0c4f000-7f63d0c51000 r--s 00008000 08:01 921075                     /home/madunlap/.m2/repository/com/fasterxml/jackson/core/jackson-annotations/2.5.0/jackson-annotations-2.5.0.jar
7f63d0c51000-7f63d0c63000 r--s 00106000 08:01 921073                     /home/madunlap/.m2/repository/com/fasterxml/jackson/core/jackson-databind/2.5.3/jackson-databind-2.5.3.jar
7f63d0c63000-7f63d0c66000 r--s 00006000 08:01 921070                     /home/madunlap/.m2/repository/com/google/code/findbugs/jsr305/1.3.9/jsr305-1.3.9.jar
7f63d0c66000-7f63d0c6c000 r--s 00040000 08:01 921074                     /home/madunlap/.m2/repository/com/google/http-client/google-http-client/1.20.0/google-http-client-1.20.0.jar
7f63d0c6c000-7f63d0c6d000 r--s 00004000 08:01 921066                     /home/madunlap/.m2/repository/com/maxmind/db/maxmind-db/1.0.0/maxmind-db-1.0.0.jar
7f63d0c6d000-7f63d0c6f000 r--s 00007000 08:01 921064                     /home/madunlap/.m2/repository/com/maxmind/geoip2/geoip2/2.3.1/geoip2-2.3.1.jar
7f63d0c6f000-7f63d0c71000 r--s 00003000 08:01 921062                     /home/madunlap/.m2/repository/org/slf4j/jcl-over-slf4j/1.7.2/jcl-over-slf4j-1.7.2.jar
7f63d0c71000-7f63d0c75000 r--s 00034000 08:01 921067                     /home/madunlap/.m2/repository/org/codehaus/jackson/jackson-core-asl/1.9.7/jackson-core-asl-1.9.7.jar
7f63d0c75000-7f63d0c84000 r--s 000b0000 08:01 921065                     /home/madunlap/.m2/repository/org/codehaus/jackson/jackson-mapper-asl/1.9.7/jackson-mapper-asl-1.9.7.jar
7f63d0c84000-7f63d0c8e000 r--s 0003d000 08:01 921060                     /home/madunlap/.m2/repository/org/javaswift/joss/0.9.10/joss-0.9.10.jar
7f63d0c8e000-7f63d0c95000 r--s 0003a000 08:01 921056                     /home/madunlap/.m2/repository/commons-codec/commons-codec/1.9/commons-codec-1.9.jar
7f63d0c95000-7f63d0c9c000 r--s 00048000 08:01 921054                     /home/madunlap/.m2/repository/org/apache/httpcomponents/httpcore/4.4.1/httpcore-4.4.1.jar
7f63d0c9c000-7f63d0ca9000 r--s 000a4000 08:01 921052                     /home/madunlap/.m2/repository/org/apache/httpcomponents/httpclient/4.4.1/httpclient-4.4.1.jar
7f63d0ca9000-7f63d0cad000 r--s 00028000 08:01 921050                     /home/madunlap/.m2/repository/org/apache/httpcomponents/httpasyncclient/4.1/httpasyncclient-4.1.jar
7f63d0cad000-7f63d0cb4000 r--s 00050000 08:01 921049                     /home/madunlap/.m2/repository/org/apache/httpcomponents/httpcore-nio/4.4.1/httpcore-nio-4.4.1.jar
7f63d0cb4000-7f63d0cba000 r--s 00033000 08:01 921046                     /home/madunlap/.m2/repository/io/searchbox/jest-common/0.1.7/jest-common-0.1.7.jar
7f63d0cba000-7f63d0cbb000 r--s 00004000 08:01 921045                     /home/madunlap/.m2/repository/io/searchbox/jest/0.1.7/jest-0.1.7.jar
7f63d0cbb000-7f63d0cbe000 r--s 0000f000 08:01 921042                     /home/madunlap/.m2/repository/commons-discovery/commons-discovery/0.2/commons-discovery-0.2.jar
7f63d0cbe000-7f63d0cc1000 r--s 0001c000 08:01 921043                     /home/madunlap/.m2/repository/axis/axis-wsdl4j/1.5.1/axis-wsdl4j-1.5.1.jar
7f63d0cc1000-7f63d0cc2000 r--s 00004000 08:01 921039                     /home/madunlap/.m2/repository/org/apache/axis/axis-saaj/1.4/axis-saaj-1.4.jar
7f63d0cc2000-7f63d0cc4000 r--s 00006000 08:01 921036                     /home/madunlap/.m2/repository/org/apache/axis/axis-jaxrpc/1.4/axis-jaxrpc-1.4.jar
7f63d0cc4000-7f63d0cd8000 r--s 00173000 08:01 921038                     /home/madunlap/.m2/repository/axis/axis/1.4/axis-1.4.jar
7f63d0cd8000-7f63d0cda000 r--s 00009000 08:01 921034                     /home/madunlap/.m2/repository/org/objenesis/objenesis/2.1/objenesis-2.1.jar
7f63d0cda000-7f63d0cf6000 r--s 00103000 08:01 921030                     /home/madunlap/.m2/repository/org/mockito/mockito-core/1.10.19/mockito-core-1.10.19.jar
7f63d0cf6000-7f63d0cf8000 r--s 00001000 08:01 921031                     /home/madunlap/.m2/repository/org/slf4j/slf4j-log4j12/1.7.7/slf4j-log4j12-1.7.7.jar
7f63d0cf8000-7f63d0cfa000 r--s 00006000 08:01 791385                     /home/madunlap/.m2/repository/org/slf4j/slf4j-api/1.7.7/slf4j-api-1.7.7.jar
7f63d0cfa000-7f63d0cfe000 r--s 0001f000 08:01 921028                     /home/madunlap/.m2/repository/org/jacoco/org.jacoco.report/0.7.5.201505241946/org.jacoco.report-0.7.5.201505241946.jar
7f63d0cfe000-7f63d0d03000 r--s 00058000 08:01 921027                     /home/madunlap/.m2/repository/org/ow2/asm/asm-debug-all/5.0.1/asm-debug-all-5.0.1.jar
7f63d0d03000-7f63d0d07000 r--s 0001d000 08:01 791383                     /home/madunlap/.m2/repository/org/jacoco/org.jacoco.core/0.7.5.201505241946/org.jacoco.core-0.7.5.201505241946.jar
7f63d0d07000-7f63d0d08000 ---p 00000000 00:00 0 
7f63d0d08000-7f63d0e08000 rw-p 00000000 00:00 0 
7f63d0e08000-7f63d0e0b000 ---p 00000000 00:00 0 
7f63d0e0b000-7f63d0f09000 rw-p 00000000 00:00 0 
7f63d0f09000-7f63d0f0c000 ---p 00000000 00:00 0 
7f63d0f0c000-7f63d100a000 rw-p 00000000 00:00 0 
7f63d100a000-7f63d100d000 ---p 00000000 00:00 0 
7f63d100d000-7f63d110b000 rw-p 00000000 00:00 0 
7f63d110b000-7f63d111c000 r-xp 00000000 08:01 2106483                    /usr/lib/jvm/java-8-oracle/jre/lib/amd64/libnio.so
7f63d111c000-7f63d131b000 ---p 00011000 08:01 2106483                    /usr/lib/jvm/java-8-oracle/jre/lib/amd64/libnio.so
7f63d131b000-7f63d131c000 rw-p 00010000 08:01 2106483                    /usr/lib/jvm/java-8-oracle/jre/lib/amd64/libnio.so
7f63d131c000-7f63d1332000 r-xp 00000000 08:01 2106458                    /usr/lib/jvm/java-8-oracle/jre/lib/amd64/libnet.so
7f63d1332000-7f63d1532000 ---p 00016000 08:01 2106458                    /usr/lib/jvm/java-8-oracle/jre/lib/amd64/libnet.so
7f63d1532000-7f63d1533000 rw-p 00016000 08:01 2106458                    /usr/lib/jvm/java-8-oracle/jre/lib/amd64/libnet.so
7f63d1533000-7f63d1536000 r--s 0001a000 08:01 1976716                    /usr/lib/jvm/java-8-oracle/jre/lib/jce.jar
7f63d1536000-7f63d153b000 r--s 0009a000 08:01 1976643                    /usr/lib/jvm/java-8-oracle/jre/lib/jsse.jar
7f63d153b000-7f63d1541000 r--s 00041000 08:01 661360                     /home/madunlap/.m2/repository/org/jacoco/org.jacoco.agent/0.7.5.201505241946/org.jacoco.agent-0.7.5.201505241946-runtime.jar
7f63d1541000-7f63d1543000 r--s 0000e000 08:01 921023                     /home/madunlap/.m2/repository/oro/oro/2.0.8/oro-2.0.8.jar
7f63d1543000-7f63d154b000 r--s 00058000 08:01 921019                     /home/madunlap/.m2/repository/org/apache/velocity/velocity/1.5/velocity-1.5.jar
7f63d154b000-7f63d154c000 r--s 00001000 08:01 921022                     /home/madunlap/.m2/repository/org/codehaus/plexus/plexus-velocity/1.1.7/plexus-velocity-1.1.7.jar
7f63d154c000-7f63d154d000 r--s 00002000 08:01 921017                     /home/madunlap/.m2/repository/org/codehaus/plexus/plexus-i18n/1.0-beta-7/plexus-i18n-1.0-beta-7.jar
7f63d154d000-7f63d154f000 r--s 00008000 08:01 921015                     /home/madunlap/.m2/repository/org/apache/maven/doxia/doxia-module-fml/1.1.2/doxia-module-fml-1.1.2.jar
7f63d154f000-7f63d1550000 r--s 00003000 08:01 921016                     /home/madunlap/.m2/repository/org/apache/maven/doxia/doxia-module-xhtml/1.1.2/doxia-module-xhtml-1.1.2.jar
7f63d1550000-7f63d1552000 r--s 0000b000 08:01 921011                     /home/madunlap/.m2/repository/org/apache/maven/doxia/doxia-decoration-model/1.1.2/doxia-decoration-model-1.1.2.jar
7f63d1552000-7f63d1554000 r--s 0000b000 08:01 921008                     /home/madunlap/.m2/repository/org/apache/maven/doxia/doxia-site-renderer/1.1.2/doxia-site-renderer-1.1.2.jar
7f63d1554000-7f63d1558000 r--s 00023000 08:01 921010                     /home/madunlap/.m2/repository/org/apache/maven/doxia/doxia-core/1.1.2/doxia-core-1.1.2.jar
7f63d1558000-7f63d155a000 r--s 00003000 08:01 921007                     /home/madunlap/.m2/repository/org/apache/maven/reporting/maven-reporting-impl/2.1/maven-reporting-impl-2.1.jar
7f63d155a000-7f63d155b000 r--s 00002000 08:01 921004                     /home/madunlap/.m2/repository/org/apache/maven/doxia/doxia-logging-api/1.1/doxia-logging-api-1.1.jar
7f63d155b000-7f63d155d000 r--s 00002000 08:01 921001                     /home/madunlap/.m2/repository/org/apache/maven/doxia/doxia-sink-api/1.1/doxia-sink-api-1.1.jar
7f63d155d000-7f63d155e000 r--s 00002000 08:01 920999                     /home/madunlap/.m2/repository/org/apache/maven/reporting/maven-reporting-api/2.2.1/maven-reporting-api-2.2.1.jar
7f63d155e000-7f63d1560000 r--s 00008000 08:01 920995                     /home/madunlap/.m2/repository/org/apache/maven/shared/maven-shared-io/1.1/maven-shared-io-1.1.jar
7f63d1560000-7f63d1562000 r--s 00008000 08:01 920998                     /home/madunlap/.m2/repository/org/apache/maven/shared/file-management/1.2.1/file-management-1.2.1.jar
7f63d1562000-7f63d1567000 r--s 00039000 08:01 920997                     /home/madunlap/.m2/repository/org/codehaus/plexus/plexus-utils/1.5.6/plexus-utils-1.5.6.jar
7f63d1567000-7f63d1569000 r--s 00008000 08:01 920991                     /home/madunlap/.m2/repository/classworlds/classworlds/1.1-alpha-2/classworlds-1.1-alpha-2.jar
7f63d1569000-7f63d1570000 r--s 00029000 08:01 920988                     /home/madunlap/.m2/repository/org/codehaus/plexus/plexus-container-default/1.0-alpha-9-stable-1/plexus-container-default-1.0-alpha-9-stable-1.jar
7f63d1570000-7f63d1573000 r--s 00011000 08:01 920989                     /home/madunlap/.m2/repository/org/apache/maven/maven-artifact/2.2.1/maven-artifact-2.2.1.jar
7f63d1573000-7f63d1575000 r--s 0000b000 08:01 920985                     /home/madunlap/.m2/repository/org/codehaus/plexus/plexus-interpolation/1.11/plexus-interpolation-1.11.jar
7f63d1575000-7f63d1577000 r--s 00006000 08:01 920982                     /home/madunlap/.m2/repository/org/apache/maven/maven-plugin-registry/2.2.1/maven-plugin-registry-2.2.1.jar
7f63d1577000-7f63d157f000 r--s 00049000 08:01 920984                     /home/madunlap/.m2/repository/backport-util-concurrent/backport-util-concurrent/3.1/backport-util-concurrent-3.1.jar
7f63d157f000-7f63d1581000 r--s 0000b000 08:01 920978                     /home/madunlap/.m2/repository/org/apache/maven/wagon/wagon-provider-api/1.0-beta-6/wagon-provider-api-1.0-beta-6.jar
7f63d1581000-7f63d1583000 r--s 00005000 08:01 920980                     /home/madunlap/.m2/repository/org/apache/maven/maven-repository-metadata/2.2.1/maven-repository-metadata-2.2.1.jar
7f63d1583000-7f63d1585000 r--s 0000f000 08:01 920975                     /home/madunlap/.m2/repository/org/apache/maven/maven-artifact-manager/2.2.1/maven-artifact-manager-2.2.1.jar
7f63d1585000-7f63d1587000 r--s 00014000 08:01 920971                     /home/madunlap/.m2/repository/org/apache/maven/maven-model/2.2.1/maven-model-2.2.1.jar
7f63d1587000-7f63d1589000 r--s 00007000 08:01 920969                     /home/madunlap/.m2/repository/org/apache/maven/maven-profile/2.2.1/maven-profile-2.2.1.jar
7f63d1589000-7f63d158a000 r--s 0000b000 08:01 920972                     /home/madunlap/.m2/repository/org/apache/maven/maven-settings/2.2.1/maven-settings-2.2.1.jar
7f63d158a000-7f63d158e000 r--s 00023000 08:01 920973                     /home/madunlap/.m2/repository/org/apache/maven/maven-project/2.2.1/maven-project-2.2.1.jar
7f63d158e000-7f63d1590000 r--s 00002000 08:01 661356                     /home/madunlap/.m2/repository/org/apache/maven/maven-plugin-api/2.2.1/maven-plugin-api-2.2.1.jar
7f63d1590000-7f63d1592000 r--s 0000b000 08:01 660606                     /home/madunlap/.m2/repository/org/jacoco/jacoco-maven-plugin/0.7.5.201505241946/jacoco-maven-plugin-0.7.5.201505241946.jar
7f63d1592000-7f63d1594000 r--s 00013000 08:01 791380                     /home/madunlap/.m2/repository/com/jayway/restassured/xml-path/2.4.0/xml-path-2.4.0.jar
7f63d1594000-7f63d1596000 r--s 00007000 08:01 791379                     /home/madunlap/.m2/repository/com/jayway/restassured/rest-assured-common/2.4.0/rest-assured-common-2.4.0.jar
7f63d1596000-7f63d1598000 r--s 0001e000 08:01 661355                     /home/madunlap/.m2/repository/org/codehaus/groovy/groovy-json/2.3.7/groovy-json-2.3.7.jar
7f63d1598000-7f63d159a000 r--s 0000d000 08:01 791376                     /home/madunlap/.m2/repository/com/jayway/restassured/json-path/2.4.0/json-path-2.4.0.jar
7f63d159a000-7f63d159c000 r--s 00015000 08:01 791373                     /home/madunlap/.m2/repository/org/ccil/cowan/tagsoup/tagsoup/1.2.1/tagsoup-1.2.1.jar
7f63d159c000-7f63d159d000 r--s 0000c000 08:01 791372                     /home/madunlap/.m2/repository/org/hamcrest/hamcrest-library/1.3/hamcrest-library-1.3.jar
7f63d159d000-7f63d159f000 r--s 00009000 08:01 791370                     /home/madunlap/.m2/repository/org/hamcrest/hamcrest-core/1.3/hamcrest-core-1.3.jar
7f63d159f000-7f63d15a4000 r--s 00034000 08:01 661352                     /home/madunlap/.m2/repository/org/codehaus/groovy/groovy-xml/2.3.7/groovy-xml-2.3.7.jar
7f63d15a4000-7f63d15ed000 r--s 003fb000 08:01 661354                     /home/madunlap/.m2/repository/org/codehaus/groovy/groovy/2.3.7/groovy-2.3.7.jar
7f63d15ed000-7f63d15f7000 r--s 0008c000 08:01 791368                     /home/madunlap/.m2/repository/com/jayway/restassured/rest-assured/2.4.0/rest-assured-2.4.0.jar
7f63d15f7000-7f63d15fd000 r--s 00044000 08:01 791367                     /home/madunlap/.m2/repository/org/jsoup/jsoup/1.8.1/jsoup-1.8.1.jar
7f63d15fd000-7f63d15ff000 r--s 00004000 08:01 791401                     /home/madunlap/.m2/repository/edu/ucsb/nceas/ezid/1.0.0/ezid-1.0.0.jar
7f63d15ff000-7f63d1602000 r--s 0000b000 08:01 791362                     /home/madunlap/.m2/repository/org/ocpsoft/rewrite/rewrite-integration-faces/2.0.12.Final/rewrite-integration-faces-2.0.12.Final.jar
7f63d1602000-7f63d1604000 r--s 00001000 08:01 791360                     /home/madunlap/.m2/repository/org/ocpsoft/rewrite/rewrite-annotations-api/2.0.12.Final/rewrite-annotations-api-2.0.12.Final.jar
7f63d1604000-7f63d1605000 r--s 00005000 08:01 791359                     /home/madunlap/.m2/repository/org/ocpsoft/rewrite/rewrite-addressbuilder/2.0.12.Final/rewrite-addressbuilder-2.0.12.Final.jar
7f63d1605000-7f63d1607000 r--s 00008000 08:01 791357                     /home/madunlap/.m2/repository/org/ocpsoft/rewrite/rewrite-api-servlet/2.0.12.Final/rewrite-api-servlet-2.0.12.Final.jar
7f63d1607000-7f63d1609000 r--s 00001000 08:01 791354                     /home/madunlap/.m2/repository/org/ocpsoft/logging/logging-api/1.0.2.Final/logging-api-1.0.2.Final.jar
7f63d1609000-7f63d160a000 r--s 00003000 08:01 791353                     /home/madunlap/.m2/repository/org/ocpsoft/common/common-api/1.0.5.Final/common-api-1.0.5.Final.jar
7f63d160a000-7f63d160e000 r--s 00018000 08:01 791351                     /home/madunlap/.m2/repository/org/ocpsoft/rewrite/rewrite-api/2.0.12.Final/rewrite-api-2.0.12.Final.jar
7f63d160e000-7f63d1610000 r--s 00005000 08:01 791349                     /home/madunlap/.m2/repository/org/ocpsoft/rewrite/rewrite-annotations-impl/2.0.12.Final/rewrite-annotations-impl-2.0.12.Final.jar
7f63d1610000-7f63d161e000 r--s 00092000 08:01 791352                     /home/madunlap/.m2/repository/org/ocpsoft/rewrite/rewrite-config-prettyfaces/2.0.12.Final/rewrite-config-prettyfaces-2.0.12.Final.jar
7f63d161e000-7f63d162c000 r--s 0005f000 08:01 791345                     /home/madunlap/.m2/repository/org/ocpsoft/rewrite/rewrite-servlet/2.0.12.Final/rewrite-servlet-2.0.12.Final.jar
7f63d162c000-7f63d1630000 r--s 0003c000 08:01 791218                     /home/madunlap/.m2/repository/javax/media/jai_codec/1.1.3/jai_codec-1.1.3.jar
7f63d1630000-7f63d1644000 r--s 001bd000 08:01 791220                     /home/madunlap/.m2/repository/javax/media/jai_core/1.1.3/jai_core-1.1.3.jar
7f63d1644000-7f63d1655000 r--s 00106000 08:01 791219                     /home/madunlap/.m2/repository/javax/media/jai_imageio/1.1.1/jai_imageio-1.1.1.jar
7f63d1655000-7f63d1657000 r--s 00009000 08:01 791399                     /home/madunlap/.m2/repository/edu/harvard/hul/ois/jhove/jhove-handler/1.11.0/jhove-handler-1.11.0.jar
7f63d1657000-7f63d1660000 r--s 00079000 08:01 791398                     /home/madunlap/.m2/repository/edu/harvard/hul/ois/jhove/jhove-module/1.11.0/jhove-module-1.11.0.jar
7f63d1660000-7f63d1663000 r--s 00011000 08:01 791396                     /home/madunlap/.m2/repository/edu/harvard/hul/ois/jhove/jhove/1.11.0/jhove-1.11.0.jar
7f63d1663000-7f63d1673000 r--s 0011f000 08:01 791342                     /home/madunlap/.m2/repository/org/apache/poi/poi-scratchpad/3.10-FINAL/poi-scratchpad-3.10-FINAL.jar
7f63d1673000-7f63d1679000 r--s 00047000 08:01 791341                     /home/madunlap/.m2/repository/org/apache/poi/poi-examples/3.10-FINAL/poi-examples-3.10-FINAL.jar
7f63d1679000-7f63d167e000 r--s 00048000 08:01 791338                     /home/madunlap/.m2/repository/dom4j/dom4j/1.6.1/dom4j-1.6.1.jar
7f63d167e000-7f63d16bb000 r--s 0024f000 08:01 791336                     /home/madunlap/.m2/repository/org/apache/xmlbeans/xmlbeans/2.3.0/xmlbeans-2.3.0.jar
7f63d16bb000-7f63d1753000 r--s 00420000 08:01 791334                     /home/madunlap/.m2/repository/org/apache/poi/poi-ooxml-schemas/3.10-FINAL/poi-ooxml-schemas-3.10-FINAL.jar
7f63d1753000-7f63d1761000 r--s 000ee000 08:01 791333                     /home/madunlap/.m2/repository/org/apache/poi/poi-ooxml/3.10-FINAL/poi-ooxml-3.10-FINAL.jar
7f63d1761000-7f63d1783000 r--s 001bb000 08:01 791332                     /home/madunlap/.m2/repository/org/apache/poi/poi/3.10-FINAL/poi-3.10-FINAL.jar
7f63d1783000-7f63d1785000 r--s 00006000 08:01 791331                     /home/madunlap/.m2/repository/org/nuiton/thirdparty/Rserve/0.6-1/Rserve-0.6-1.jar
7f63d1785000-7f63d1787000 r--s 00006000 08:01 791328                     /home/madunlap/.m2/repository/org/nuiton/thirdparty/REngine/0.6-1/REngine-0.6-1.jar
7f63d1787000-7f63d1788000 r--s 0000c000 08:01 791397                     /home/madunlap/.m2/repository/org/dataverse/unf/6.0/unf-6.0.jar
7f63d1788000-7f63d1791000 r--s 000a6000 08:01 791393                     /home/madunlap/.m2/repository/net/handle/handle/2006-06-16-generated/handle-2006-06-16-generated.jar
7f63d1791000-7f63d1794000 r--s 00035000 08:01 791395                     /home/madunlap/.m2/repository/nom/tam/fits/fits/2012-10-25-generated/fits-2012-10-25-generated.jar
7f63d1794000-7f63d179b000 r--s 00028000 08:01 791326                     /home/madunlap/.m2/repository/concurrent/concurrent/1.3.4/concurrent-1.3.4.jar
7f63d179b000-7f63d17a9000 r--s 00081000 08:01 791324                     /home/madunlap/.m2/repository/colt/colt/1.2.0/colt-1.2.0.jar
7f63d17a9000-7f63d17b6000 r--s 00083000 08:01 791320                     /home/madunlap/.m2/repository/commons-collections/commons-collections/3.2.2/commons-collections-3.2.2.jar
7f63d17b6000-7f63d17ba000 r--s 00020000 08:01 791319                     /home/madunlap/.m2/repository/commons-digester/commons-digester/1.8.1/commons-digester-1.8.1.jar
7f63d17ba000-7f63d17bf000 r--s 00035000 08:01 791317                     /home/madunlap/.m2/repository/commons-beanutils/commons-beanutils/1.9.2/commons-beanutils-1.9.2.jar
7f63d17bf000-7f63d17c3000 r--s 0002a000 08:01 791315                     /home/madunlap/.m2/repository/commons-validator/commons-validator/1.6/commons-validator-1.6.jar
7f63d17c3000-7f63d17d6000 r--s 000df000 08:01 791313                     /home/madunlap/.m2/repository/org/apache/commons/commons-math/2.2/commons-math-2.2.jar
7f63d17d6000-7f63d17d8000 r--s 0000e000 08:01 791309                     /home/madunlap/.m2/repository/commons-logging/commons-logging/1.1.3/commons-logging-1.1.3.jar
7f63d17d8000-7f63d17da000 r--s 00005000 08:01 791311                     /home/madunlap/.m2/repository/org/apache/httpcomponents/httpmime/4.2.6/httpmime-4.2.6.jar
7f63d17da000-7f63d17e6000 r--s 000b3000 08:01 791304                     /home/madunlap/.m2/repository/org/apache/zookeeper/zookeeper/3.4.5/zookeeper-3.4.5.jar
7f63d17e6000-7f63d17ee000 r--s 0005b000 08:01 791305                     /home/madunlap/.m2/repository/org/apache/solr/solr-solrj/4.6.0/solr-solrj-4.6.0.jar
7f63d17ee000-7f63d17f3000 r--s 00041000 08:01 791300                     /home/madunlap/.m2/repository/commons-lang/commons-lang/2.6/commons-lang-2.6.jar
7f63d17f3000-7f63d17f5000 r--s 0000d000 08:01 791302                     /home/madunlap/.m2/repository/com/fasterxml/classmate/1.0.0/classmate-1.0.0.jar
7f63d17f5000-7f63d17f7000 r--s 0000d000 08:01 791296                     /home/madunlap/.m2/repository/org/jboss/logging/jboss-logging/3.1.1.GA/jboss-logging-3.1.1.GA.jar
7f63d17f7000-7f63d17fb000 r--s 0000c000 08:01 791294                     /home/madunlap/.m2/repository/javax/validation/validation-api/1.1.0.Final/validation-api-1.1.0.Final.jar
7f63d17fb000-7f63d1808000 r--s 00080000 08:01 791293                     /home/madunlap/.m2/repository/org/hibernate/hibernate-validator/5.0.3.Final/hibernate-validator-5.0.3.Final.jar
7f63d1808000-7f63d1812000 r--s 0006b000 08:01 791289                     /home/madunlap/.m2/repository/org/omnifaces/omnifaces/1.7/omnifaces-1.7.jar
7f63d1812000-7f63d1821000 r--s 000c4000 08:01 791290                     /home/madunlap/.m2/repository/org/atmosphere/atmosphere-runtime/2.4.2/atmosphere-runtime-2.4.2.jar
7f63d1821000-7f63d1835000 r--s 0013a000 08:01 791121                     /home/madunlap/.m2/repository/org/primefaces/themes/all-themes/1.0.10/all-themes-1.0.10.jar
7f63d1835000-7f63d1861000 r--s 00318000 08:01 791288                     /home/madunlap/.m2/repository/org/primefaces/primefaces/5.3/primefaces-5.3.jar
7f63d1861000-7f63d1889000 r--s 0014f000 08:01 1189874                    /home/madunlap/.m2/repository/javax/javaee-web-api/8.0/javaee-web-api-8.0.jar
7f63d1889000-7f63d188b000 r--s 0000e000 08:01 791282                     /home/madunlap/.m2/repository/javax/activation/activation/1.1/activation-1.1.jar
7f63d188b000-7f63d1894000 r--s 00097000 08:01 1189872                    /home/madunlap/.m2/repository/com/sun/mail/javax.mail/1.6.0/javax.mail-1.6.0.jar
7f63d1894000-7f63d18ca000 r--s 001ae000 08:01 925739                     /home/madunlap/.m2/repository/javax/javaee-api/8.0/javaee-api-8.0.jar
7f63d18ca000-7f63d18f5000 r--s 001f5000 08:01 791277                     /home/madunlap/.m2/repository/com/google/guava/guava/16.0.1/guava-16.0.1.jar
7f63d18f5000-7f63d1913000 r--s 0027d000 08:01 791273                     /home/madunlap/.m2/repository/xalan/xalan/2.7.0/xalan-2.7.0.jar
7f63d1913000-7f63d1927000 r--s 000e3000 08:01 791272                     /home/madunlap/.m2/repository/xerces/xercesImpl/2.6.2/xercesImpl-2.6.2.jar
7f63d1927000-7f63d192d000 r--s 00019000 08:01 791270                     /home/madunlap/.m2/repository/xerces/xmlParserAPIs/2.6.2/xmlParserAPIs-2.6.2.jar
7f63d192d000-7f63d1934000 r--s 00063000 08:01 791268                     /home/madunlap/.m2/repository/xom/xom/1.1/xom-1.1.jar
7f63d1934000-7f63d1939000 r--s 0002a000 08:01 791265                     /home/madunlap/.m2/repository/com/google/code/gson/gson/2.2.4/gson-2.2.4.jar
7f63d1939000-7f63d193d000 r--s 00027000 08:01 791263                     /home/madunlap/.m2/repository/commons-io/commons-io/2.2/commons-io-2.2.jar
7f63d193d000-7f63d193f000 r--s 0000f000 08:01 791260                     /home/madunlap/.m2/repository/commons-fileupload/commons-fileupload/1.3.1/commons-fileupload-1.3.1.jar
7f63d193f000-7f63d1945000 r--s 00032000 08:01 791261                     /home/madunlap/.m2/repository/jaxen/jaxen/1.1.1/jaxen-1.1.1.jar
7f63d1945000-7f63d194c000 r--s 00079000 08:01 661348                     /home/madunlap/.m2/repository/org/codehaus/woodstox/wstx-asl/3.2.6/wstx-asl-3.2.6.jar
7f63d194c000-7f63d1951000 r--s 00070000 08:01 661349                     /home/madunlap/.m2/repository/org/codehaus/woodstox/woodstox-core-asl/4.1.4/woodstox-core-asl-4.1.4.jar
7f63d1951000-7f63d1955000 r--s 00026000 08:01 791256                     /home/madunlap/.m2/repository/org/apache/ws/commons/axiom/axiom-impl/1.2.14/axiom-impl-1.2.14.jar
7f63d1955000-7f63d1958000 r--s 00015000 08:01 791254                     /home/madunlap/.m2/repository/org/apache/james/apache-mime4j-core/0.7.2/apache-mime4j-core-0.7.2.jar
7f63d1958000-7f63d195d000 r--s 00032000 08:01 791252                     /home/madunlap/.m2/repository/org/apache/geronimo/specs/geronimo-javamail_1.4_spec/1.7.1/geronimo-javamail_1.4_spec-1.7.1.jar
7f63d195d000-7f63d1967000 r--s 0005d000 08:01 791250                     /home/madunlap/.m2/repository/org/apache/ws/commons/axiom/axiom-api/1.2.14/axiom-api-1.2.14.jar
7f63d1967000-7f63d196a000 r--s 0014e000 08:01 791249                     /home/madunlap/.m2/repository/org/apache/abdera/abdera-parser/1.1.3/abdera-parser-1.1.3.jar
7f63d196a000-7f63d196c000 r--s 00006000 08:01 791245                     /home/madunlap/.m2/repository/org/apache/geronimo/specs/geronimo-stax-api_1.0_spec/1.0.1/geronimo-stax-api_1.0_spec-1.0.1.jar
7f63d196c000-7f63d196e000 r--s 0000a000 08:01 791243                     /home/madunlap/.m2/repository/org/apache/geronimo/specs/geronimo-activation_1.1_spec/1.1/geronimo-activation_1.1_spec-1.1.jar
7f63d196e000-7f63d1987000 r--s 002fd000 08:01 791240                     /home/madunlap/.m2/repository/com/ibm/icu/icu4j/3.4.4/icu4j-3.4.4.jar
7f63d1987000-7f63d19aa000 r--s 001ae000 08:01 791235                     /home/madunlap/.m2/repository/com/hp/hpl/jena/jena/2.6.4/jena-2.6.4.jar
7f63d19aa000-7f63d1a31000 rw-p 00000000 00:00 0 
7f63d1a31000-7f63d1e3d000 r--s 03c80000 08:01 791225                     /home/madunlap/.m2/repository/com/amazonaws/aws-java-sdk-bundle/1.11.172/aws-java-sdk-bundle-1.11.172.jar
7f63d1e3d000-7f63d1e40000 ---p 00000000 00:00 0 
7f63d1e40000-7f63d1f3e000 rw-p 00000000 00:00 0 
7f63d1f3e000-7f63d2219000 r--p 00000000 08:01 1441812                    /usr/lib/locale/locale-archive
7f63d2219000-7f63d221c000 ---p 00000000 00:00 0 
7f63d221c000-7f63d231a000 rw-p 00000000 00:00 0 
7f63d231a000-7f63d231d000 ---p 00000000 00:00 0 
7f63d231d000-7f63d241b000 rw-p 00000000 00:00 0 
7f63d241b000-7f63d241c000 ---p 00000000 00:00 0 
7f63d241c000-7f63d5000000 rw-p 00000000 00:00 0 
7f63d5000000-7f63d5670000 rwxp 00000000 00:00 0 
7f63d5670000-7f63e4000000 ---p 00000000 00:00 0 
7f63e4000000-7f63e531c000 rw-p 00000000 00:00 0 
7f63e531c000-7f63e8000000 ---p 00000000 00:00 0 
7f63e8000000-7f63e8001000 r--s 00018000 08:01 791394                     /home/madunlap/.m2/repository/edu/harvard/iq/dvn/unf5/5.0/unf5-5.0.jar
7f63e8001000-7f63e8005000 r--s 00094000 08:01 791246                     /home/madunlap/.m2/repository/org/apache/abdera/abdera-i18n/1.1.3/abdera-i18n-1.1.3.jar
7f63e8005000-7f63e8009000 r--s 00024000 08:01 791241                     /home/madunlap/.m2/repository/org/apache/abdera/abdera-core/1.1.3/abdera-core-1.1.3.jar
7f63e8009000-7f63e800c000 r--s 00023000 08:01 791237                     /home/madunlap/.m2/repository/com/hp/hpl/jena/iri/0.8/iri-0.8.jar
7f63e800c000-7f63e800e000 r--s 0000d000 08:01 791233                     /home/madunlap/.m2/repository/org/apache/abdera/abdera-client/1.1.1/abdera-client-1.1.1.jar
7f63e800e000-7f63e8010000 r--s 00016000 08:01 791230                     /home/madunlap/.m2/repository/javax/servlet/servlet-api/2.4/servlet-api-2.4.jar
7f63e8010000-7f63e8013000 r--s 0000f000 08:01 791226                     /home/madunlap/.m2/repository/org/swordapp/sword2-server/1.0/sword2-server-1.0-classes.jar
7f63e8013000-7f63e8018000 r--s 00040000 08:01 791224                     /home/madunlap/.m2/repository/commons-httpclient/commons-httpclient/3.0.1/commons-httpclient-3.0.1.jar
7f63e8018000-7f63e801b000 r--s 00012000 08:01 791228                     /home/madunlap/.m2/repository/org/glassfish/javax.json/1.0.4/javax.json-1.0.4.jar
7f63e801b000-7f63e8021000 r--s 00034000 08:01 791227                     /home/madunlap/.m2/repository/junit/junit/4.8.1/junit-4.8.1.jar
7f63e8021000-7f63e8061000 r--s 00285000 08:01 925253                     /home/madunlap/.m2/repository/org/bouncycastle/bcprov-jdk15on/1.52/bcprov-jdk15on-1.52.jar
7f63e8061000-7f63e8065000 r--s 00021000 08:01 925254                     /home/madunlap/.m2/repository/org/cryptacular/cryptacular/1.1.0/cryptacular-1.1.0.jar
7f63e8065000-7f63e8068000 r--s 00011000 08:01 925252                     /home/madunlap/.m2/repository/org/passay/passay/1.1.0/passay-1.1.0.jar
7f63e8068000-7f63e85bc000 rw-p 00000000 00:00 0 
7f63e85bc000-7f63e8796000 r--s 03d4d000 08:01 1976682                    /usr/lib/jvm/java-8-oracle/jre/lib/rt.jar
7f63e8796000-7f63e8984000 rw-p 00000000 00:00 0 
7f63e8984000-7f63e8985000 ---p 00000000 00:00 0 
7f63e8985000-7f63e8a85000 rw-p 00000000 00:00 0 
7f63e8a85000-7f63e8a86000 ---p 00000000 00:00 0 
7f63e8a86000-7f63e8b9b000 rw-p 00000000 00:00 0 
7f63e8b9b000-7f63e8cd0000 ---p 00000000 00:00 0 
7f63e8cd0000-7f63e8ce5000 rw-p 00000000 00:00 0 
7f63e8ce5000-7f63e8e19000 ---p 00000000 00:00 0 
7f63e8e19000-7f63e8e5c000 rw-p 00000000 00:00 0 
7f63e8e5c000-7f63e8ebe000 ---p 00000000 00:00 0 
7f63e8ebe000-7f63e8ed9000 rw-p 00000000 00:00 0 
7f63e8ed9000-7f63e927f000 ---p 00000000 00:00 0 
7f63e927f000-7f63e9299000 r-xp 00000000 08:01 2106481                    /usr/lib/jvm/java-8-oracle/jre/lib/amd64/libzip.so
7f63e9299000-7f63e9499000 ---p 0001a000 08:01 2106481                    /usr/lib/jvm/java-8-oracle/jre/lib/amd64/libzip.so
7f63e9499000-7f63e949a000 rw-p 0001a000 08:01 2106481                    /usr/lib/jvm/java-8-oracle/jre/lib/amd64/libzip.so
7f63e949a000-7f63e94a5000 r-xp 00000000 08:01 663303                     /lib/x86_64-linux-gnu/libnss_files-2.24.so
7f63e94a5000-7f63e96a4000 ---p 0000b000 08:01 663303                     /lib/x86_64-linux-gnu/libnss_files-2.24.so
7f63e96a4000-7f63e96a5000 r--p 0000a000 08:01 663303                     /lib/x86_64-linux-gnu/libnss_files-2.24.so
7f63e96a5000-7f63e96a6000 rw-p 0000b000 08:01 663303                     /lib/x86_64-linux-gnu/libnss_files-2.24.so
7f63e96a6000-7f63e96ac000 rw-p 00000000 00:00 0 
7f63e96ac000-7f63e96b7000 r-xp 00000000 08:01 663305                     /lib/x86_64-linux-gnu/libnss_nis-2.24.so
7f63e96b7000-7f63e98b6000 ---p 0000b000 08:01 663305                     /lib/x86_64-linux-gnu/libnss_nis-2.24.so
7f63e98b6000-7f63e98b7000 r--p 0000a000 08:01 663305                     /lib/x86_64-linux-gnu/libnss_nis-2.24.so
7f63e98b7000-7f63e98b8000 rw-p 0000b000 08:01 663305                     /lib/x86_64-linux-gnu/libnss_nis-2.24.so
7f63e98b8000-7f63e98ce000 r-xp 00000000 08:01 663300                     /lib/x86_64-linux-gnu/libnsl-2.24.so
7f63e98ce000-7f63e9acd000 ---p 00016000 08:01 663300                     /lib/x86_64-linux-gnu/libnsl-2.24.so
7f63e9acd000-7f63e9ace000 r--p 00015000 08:01 663300                     /lib/x86_64-linux-gnu/libnsl-2.24.so
7f63e9ace000-7f63e9acf000 rw-p 00016000 08:01 663300                     /lib/x86_64-linux-gnu/libnsl-2.24.so
7f63e9acf000-7f63e9ad1000 rw-p 00000000 00:00 0 
7f63e9ad1000-7f63e9ad9000 r-xp 00000000 08:01 663301                     /lib/x86_64-linux-gnu/libnss_compat-2.24.so
7f63e9ad9000-7f63e9cd8000 ---p 00008000 08:01 663301                     /lib/x86_64-linux-gnu/libnss_compat-2.24.so
7f63e9cd8000-7f63e9cd9000 r--p 00007000 08:01 663301                     /lib/x86_64-linux-gnu/libnss_compat-2.24.so
7f63e9cd9000-7f63e9cda000 rw-p 00008000 08:01 663301                     /lib/x86_64-linux-gnu/libnss_compat-2.24.so
7f63e9cda000-7f63e9ce4000 r-xp 00000000 08:01 2106519                    /usr/lib/jvm/java-8-oracle/jre/lib/amd64/libinstrument.so
7f63e9ce4000-7f63e9ee3000 ---p 0000a000 08:01 2106519                    /usr/lib/jvm/java-8-oracle/jre/lib/amd64/libinstrument.so
7f63e9ee3000-7f63e9ee4000 rw-p 00009000 08:01 2106519                    /usr/lib/jvm/java-8-oracle/jre/lib/amd64/libinstrument.so
7f63e9ee4000-7f63e9f0f000 r-xp 00000000 08:01 2106508                    /usr/lib/jvm/java-8-oracle/jre/lib/amd64/libjava.so
7f63e9f0f000-7f63ea10e000 ---p 0002b000 08:01 2106508                    /usr/lib/jvm/java-8-oracle/jre/lib/amd64/libjava.so
7f63ea10e000-7f63ea110000 rw-p 0002a000 08:01 2106508                    /usr/lib/jvm/java-8-oracle/jre/lib/amd64/libjava.so
7f63ea110000-7f63ea11d000 r-xp 00000000 08:01 2106459                    /usr/lib/jvm/java-8-oracle/jre/lib/amd64/libverify.so
7f63ea11d000-7f63ea31d000 ---p 0000d000 08:01 2106459                    /usr/lib/jvm/java-8-oracle/jre/lib/amd64/libverify.so
7f63ea31d000-7f63ea31f000 rw-p 0000d000 08:01 2106459                    /usr/lib/jvm/java-8-oracle/jre/lib/amd64/libverify.so
7f63ea31f000-7f63ea326000 r-xp 00000000 08:01 663310                     /lib/x86_64-linux-gnu/librt-2.24.so
7f63ea326000-7f63ea525000 ---p 00007000 08:01 663310                     /lib/x86_64-linux-gnu/librt-2.24.so
7f63ea525000-7f63ea526000 r--p 00006000 08:01 663310                     /lib/x86_64-linux-gnu/librt-2.24.so
7f63ea526000-7f63ea527000 rw-p 00007000 08:01 663310                     /lib/x86_64-linux-gnu/librt-2.24.so
7f63ea527000-7f63ea62f000 r-xp 00000000 08:01 663297                     /lib/x86_64-linux-gnu/libm-2.24.so
7f63ea62f000-7f63ea82e000 ---p 00108000 08:01 663297                     /lib/x86_64-linux-gnu/libm-2.24.so
7f63ea82e000-7f63ea82f000 r--p 00107000 08:01 663297                     /lib/x86_64-linux-gnu/libm-2.24.so
7f63ea82f000-7f63ea830000 rw-p 00108000 08:01 663297                     /lib/x86_64-linux-gnu/libm-2.24.so
7f63ea830000-7f63eb503000 r-xp 00000000 08:01 2106512                    /usr/lib/jvm/java-8-oracle/jre/lib/amd64/server/libjvm.so
7f63eb503000-7f63eb702000 ---p 00cd3000 08:01 2106512                    /usr/lib/jvm/java-8-oracle/jre/lib/amd64/server/libjvm.so
7f63eb702000-7f63eb7dc000 rw-p 00cd2000 08:01 2106512                    /usr/lib/jvm/java-8-oracle/jre/lib/amd64/server/libjvm.so
7f63eb7dc000-7f63eb827000 rw-p 00000000 00:00 0 
7f63eb827000-7f63eb9e5000 r-xp 00000000 08:01 663293                     /lib/x86_64-linux-gnu/libc-2.24.so
7f63eb9e5000-7f63ebbe4000 ---p 001be000 08:01 663293                     /lib/x86_64-linux-gnu/libc-2.24.so
7f63ebbe4000-7f63ebbe8000 r--p 001bd000 08:01 663293                     /lib/x86_64-linux-gnu/libc-2.24.so
7f63ebbe8000-7f63ebbea000 rw-p 001c1000 08:01 663293                     /lib/x86_64-linux-gnu/libc-2.24.so
7f63ebbea000-7f63ebbee000 rw-p 00000000 00:00 0 
7f63ebbee000-7f63ebbf1000 r-xp 00000000 08:01 663296                     /lib/x86_64-linux-gnu/libdl-2.24.so
7f63ebbf1000-7f63ebdf0000 ---p 00003000 08:01 663296                     /lib/x86_64-linux-gnu/libdl-2.24.so
7f63ebdf0000-7f63ebdf1000 r--p 00002000 08:01 663296                     /lib/x86_64-linux-gnu/libdl-2.24.so
7f63ebdf1000-7f63ebdf2000 rw-p 00003000 08:01 663296                     /lib/x86_64-linux-gnu/libdl-2.24.so
7f63ebdf2000-7f63ebe07000 r-xp 00000000 08:01 2106497                    /usr/lib/jvm/java-8-oracle/jre/lib/amd64/jli/libjli.so
7f63ebe07000-7f63ec007000 ---p 00015000 08:01 2106497                    /usr/lib/jvm/java-8-oracle/jre/lib/amd64/jli/libjli.so
7f63ec007000-7f63ec008000 rw-p 00015000 08:01 2106497                    /usr/lib/jvm/java-8-oracle/jre/lib/amd64/jli/libjli.so
7f63ec008000-7f63ec020000 r-xp 00000000 08:01 663308                     /lib/x86_64-linux-gnu/libpthread-2.24.so
7f63ec020000-7f63ec220000 ---p 00018000 08:01 663308                     /lib/x86_64-linux-gnu/libpthread-2.24.so
7f63ec220000-7f63ec221000 r--p 00018000 08:01 663308                     /lib/x86_64-linux-gnu/libpthread-2.24.so
7f63ec221000-7f63ec222000 rw-p 00019000 08:01 663308                     /lib/x86_64-linux-gnu/libpthread-2.24.so
7f63ec222000-7f63ec226000 rw-p 00000000 00:00 0 
7f63ec226000-7f63ec24c000 r-xp 00000000 08:01 663288                     /lib/x86_64-linux-gnu/ld-2.24.so
7f63ec24c000-7f63ec24d000 r--s 00005000 08:01 791308                     /home/madunlap/.m2/repository/org/noggit/noggit/0.5/noggit-0.5.jar
7f63ec24d000-7f63ec31e000 rw-p 00000000 00:00 0 
7f63ec31e000-7f63ec321000 ---p 00000000 00:00 0 
7f63ec321000-7f63ec421000 rw-p 00000000 00:00 0 
7f63ec421000-7f63ec422000 r--s 00004000 08:01 791275                     /home/madunlap/.m2/repository/org/mindrot/jbcrypt/0.3m/jbcrypt-0.3m.jar
7f63ec422000-7f63ec427000 r--s 00023000 08:01 791711                     /home/madunlap/.m2/repository/org/apache/maven/surefire/surefire-api/2.10/surefire-api-2.10.jar
7f63ec427000-7f63ec429000 r--s 00007000 08:01 791708                     /home/madunlap/.m2/repository/org/apache/maven/surefire/surefire-booter/2.10/surefire-booter-2.10.jar
7f63ec429000-7f63ec42a000 r--s 00005000 08:01 924382                     /home/madunlap/Documents/github/dataverse/target/surefire/surefirebooter8679098928431128664.jar
7f63ec42a000-7f63ec43e000 rw-p 00000000 00:00 0 
7f63ec43e000-7f63ec446000 rw-s 00000000 08:01 1314827                    /tmp/hsperfdata_madunlap/20853
7f63ec446000-7f63ec447000 rw-p 00000000 00:00 0 
7f63ec447000-7f63ec448000 ---p 00000000 00:00 0 
7f63ec448000-7f63ec44b000 rw-p 00000000 00:00 0 
7f63ec44b000-7f63ec44c000 r--p 00025000 08:01 663288                     /lib/x86_64-linux-gnu/ld-2.24.so
7f63ec44c000-7f63ec44d000 rw-p 00026000 08:01 663288                     /lib/x86_64-linux-gnu/ld-2.24.so
7f63ec44d000-7f63ec44e000 rw-p 00000000 00:00 0 
7fff27ff7000-7fff28018000 rw-p 00000000 00:00 0                          [stack]
7fff2814d000-7fff2814f000 r--p 00000000 00:00 0                          [vvar]
7fff2814f000-7fff28151000 r-xp 00000000 00:00 0                          [vdso]
ffffffffff600000-ffffffffff601000 r-xp 00000000 00:00 0                  [vsyscall]

VM Arguments:
jvm_args: -javaagent:/home/madunlap/.m2/repository/org/jacoco/org.jacoco.agent/0.7.5.201505241946/org.jacoco.agent-0.7.5.201505241946-runtime.jar=destfile=/home/madunlap/Documents/github/dataverse/target/jacoco.exec 
java_command: /home/madunlap/Documents/github/dataverse/target/surefire/surefirebooter8679098928431128664.jar /home/madunlap/Documents/github/dataverse/target/surefire/surefire226644566263090376tmp /home/madunlap/Documents/github/dataverse/target/surefire/surefire1585797269631001799tmp
java_class_path (initial): /home/madunlap/Documents/github/dataverse/target/surefire/surefirebooter8679098928431128664.jar:/home/madunlap/.m2/repository/org/jacoco/org.jacoco.agent/0.7.5.201505241946/org.jacoco.agent-0.7.5.201505241946-runtime.jar
Launcher Type: SUN_STANDARD

Environment Variables:
JAVA_HOME=/usr/lib/jvm/java-8-oracle
PATH=/usr/local/sbin:/usr/local/bin:/usr/sbin:/usr/bin:/sbin:/bin:/usr/games:/usr/local/games:/snap/bin:/usr/lib/jvm/java-8-oracle/bin:/usr/lib/jvm/java-8-oracle/db/bin:/usr/lib/jvm/java-8-oracle/jre/bin
LD_LIBRARY_PATH=/usr/lib/jvm/java-8-oracle/jre/lib/amd64:/usr/lib/jvm/java-8-oracle/jre/lib/i386:
SHELL=/bin/bash
DISPLAY=:0

Signal Handlers:
SIGSEGV: [libjvm.so+0xacba10], sa_mask[0]=11111111011111111101111111111110, sa_flags=SA_RESTART|SA_SIGINFO
SIGBUS: [libjvm.so+0xacba10], sa_mask[0]=11111111011111111101111111111110, sa_flags=SA_RESTART|SA_SIGINFO
SIGFPE: [libjvm.so+0x924ba0], sa_mask[0]=11111111011111111101111111111110, sa_flags=SA_RESTART|SA_SIGINFO
SIGPIPE: [libjvm.so+0x924ba0], sa_mask[0]=11111111011111111101111111111110, sa_flags=SA_RESTART|SA_SIGINFO
SIGXFSZ: [libjvm.so+0x924ba0], sa_mask[0]=11111111011111111101111111111110, sa_flags=SA_RESTART|SA_SIGINFO
SIGILL: [libjvm.so+0x924ba0], sa_mask[0]=11111111011111111101111111111110, sa_flags=SA_RESTART|SA_SIGINFO
SIGUSR1: SIG_DFL, sa_mask[0]=00000000000000000000000000000000, sa_flags=none
SIGUSR2: [libjvm.so+0x9263e0], sa_mask[0]=00100000000000000000000000000000, sa_flags=SA_RESTART|SA_SIGINFO
SIGHUP: [libjvm.so+0x9277e0], sa_mask[0]=11111111011111111101111111111110, sa_flags=SA_RESTART|SA_SIGINFO
SIGINT: SIG_IGN, sa_mask[0]=00000000000000000000000000000000, sa_flags=none
SIGTERM: [libjvm.so+0x9277e0], sa_mask[0]=11111111011111111101111111111110, sa_flags=SA_RESTART|SA_SIGINFO
SIGQUIT: [libjvm.so+0x9277e0], sa_mask[0]=11111111011111111101111111111110, sa_flags=SA_RESTART|SA_SIGINFO


---------------  S Y S T E M  ---------------

OS:DISTRIB_ID=Ubuntu
DISTRIB_RELEASE=17.04
DISTRIB_CODENAME=zesty
DISTRIB_DESCRIPTION="Ubuntu 17.04"

uname:Linux 4.10.0-37-generic #41-Ubuntu SMP Fri Oct 6 20:20:37 UTC 2017 x86_64
libc:glibc 2.24 NPTL 2.24 
rlimit: STACK 8192k, CORE 0k, NPROC 15602, NOFILE 1048576, AS infinity
load average:1.47 0.57 0.44

/proc/meminfo:
MemTotal:        4039872 kB
MemFree:           97440 kB
MemAvailable:      11232 kB
Buffers:             604 kB
Cached:            40068 kB
SwapCached:         4096 kB
Active:          3278204 kB
Inactive:         410840 kB
Active(anon):    3267840 kB
Inactive(anon):   402572 kB
Active(file):      10364 kB
Inactive(file):     8268 kB
Unevictable:          32 kB
Mlocked:              32 kB
SwapTotal:       2097148 kB
SwapFree:          37516 kB
Dirty:               140 kB
Writeback:             0 kB
AnonPages:       3646880 kB
Mapped:            35400 kB
Shmem:             21708 kB
Slab:             104076 kB
SReclaimable:      52360 kB
SUnreclaim:        51716 kB
KernelStack:       16500 kB
PageTables:        83104 kB
NFS_Unstable:          0 kB
Bounce:                0 kB
WritebackTmp:          0 kB
CommitLimit:     4117084 kB
Committed_AS:   11830056 kB
VmallocTotal:   34359738367 kB
VmallocUsed:           0 kB
VmallocChunk:          0 kB
HardwareCorrupted:     0 kB
AnonHugePages:    751616 kB
ShmemHugePages:        0 kB
ShmemPmdMapped:        0 kB
CmaTotal:              0 kB
CmaFree:               0 kB
HugePages_Total:       0
HugePages_Free:        0
HugePages_Rsvd:        0
HugePages_Surp:        0
Hugepagesize:       2048 kB
DirectMap4k:      182192 kB
DirectMap2M:     4012032 kB


CPU:total 2 (initial active 2) (2 cores per cpu, 1 threads per core) family 6 model 70 stepping 1, cmov, cx8, fxsr, mmx, sse, sse2, sse3, ssse3, sse4.1, sse4.2, popcnt, avx, avx2, aes, clmul, erms, lzcnt, tsc, tscinvbit, bmi1, bmi2

/proc/cpuinfo:
processor	: 0
vendor_id	: GenuineIntel
cpu family	: 6
model		: 70
model name	: Intel(R) Core(TM) i7-4870HQ CPU @ 2.50GHz
stepping	: 1
microcode	: 0x13
cpu MHz		: 2494.226
cache size	: 6144 KB
physical id	: 0
siblings	: 2
core id		: 0
cpu cores	: 2
apicid		: 0
initial apicid	: 0
fpu		: yes
fpu_exception	: yes
cpuid level	: 13
wp		: yes
flags		: fpu vme de pse tsc msr pae mce cx8 apic sep mtrr pge mca cmov pat pse36 clflush mmx fxsr sse sse2 ss ht syscall nx rdtscp lm constant_tsc nopl xtopology nonstop_tsc pni pclmulqdq ssse3 fma cx16 pcid sse4_1 sse4_2 x2apic movbe popcnt tsc_deadline_timer aes xsave avx f16c rdrand hypervisor lahf_lm abm fsgsbase tsc_adjust bmi1 avx2 smep bmi2 invpcid xsaveopt dtherm arat pln pts
bugs		:
bogomips	: 4988.45
clflush size	: 64
cache_alignment	: 64
address sizes	: 36 bits physical, 48 bits virtual
power management:

processor	: 1
vendor_id	: GenuineIntel
cpu family	: 6
model		: 70
model name	: Intel(R) Core(TM) i7-4870HQ CPU @ 2.50GHz
stepping	: 1
microcode	: 0x13
cpu MHz		: 2494.226
cache size	: 6144 KB
physical id	: 0
siblings	: 2
core id		: 1
cpu cores	: 2
apicid		: 1
initial apicid	: 1
fpu		: yes
fpu_exception	: yes
cpuid level	: 13
wp		: yes
flags		: fpu vme de pse tsc msr pae mce cx8 apic sep mtrr pge mca cmov pat pse36 clflush mmx fxsr sse sse2 ss ht syscall nx rdtscp lm constant_tsc nopl xtopology nonstop_tsc pni pclmulqdq ssse3 fma cx16 pcid sse4_1 sse4_2 x2apic movbe popcnt tsc_deadline_timer aes xsave avx f16c rdrand hypervisor lahf_lm abm fsgsbase tsc_adjust bmi1 avx2 smep bmi2 invpcid xsaveopt dtherm arat pln pts
bugs		:
bogomips	: 4988.45
clflush size	: 64
cache_alignment	: 64
address sizes	: 36 bits physical, 48 bits virtual
power management:



Memory: 4k page, physical 4039872k(96664k free), swap 2097148k(36336k free)

vm_info: Java HotSpot(TM) 64-Bit Server VM (25.144-b01) for linux-amd64 JRE (1.8.0_144-b01), built on Jul 21 2017 21:57:33 by "java_re" with gcc 4.3.0 20080428 (Red Hat 4.3.0-8)

time: Tue Oct 31 17:09:13 2017
elapsed time: 2 seconds (0d 0h 0m 2s)

