#
# There is insufficient memory for the Java Runtime Environment to continue.
# Native memory allocation (mmap) failed to map 113246208 bytes for committing reserved memory.
# Possible reasons:
#   The system is out of physical RAM or swap space
#   In 32 bit mode, the process size limit was hit
# Possible solutions:
#   Reduce memory load on the system
#   Increase physical memory or swap space
#   Check if swap backing store is full
#   Use 64 bit Java on a 64 bit OS
#   Decrease Java heap size (-Xmx/-Xms)
#   Decrease number of Java threads
#   Decrease Java thread stack sizes (-Xss)
#   Set larger code cache with -XX:ReservedCodeCacheSize=
# This output file may be truncated or incomplete.
#
#  Out of Memory Error (os_linux.cpp:2640), pid=7441, tid=0x00007f6314ae0700
#
# JRE version: Java(TM) SE Runtime Environment (8.0_144-b01) (build 1.8.0_144-b01)
# Java VM: Java HotSpot(TM) 64-Bit Server VM (25.144-b01 mixed mode linux-amd64 compressed oops)
# Failed to write core dump. Core dumps have been disabled. To enable core dumping, try "ulimit -c unlimited" before starting Java again
#

---------------  T H R E A D  ---------------

Current thread (0x00007f6328073800):  VMThread [stack: 0x00007f63149e0000,0x00007f6314ae1000] [id=7447]

Stack: [0x00007f63149e0000,0x00007f6314ae1000],  sp=0x00007f6314adf1a0,  free space=1020k
Native frames: (J=compiled Java code, j=interpreted, Vv=VM code, C=native code)
V  [libjvm.so+0xacb18a]  VMError::report_and_die()+0x2ba
V  [libjvm.so+0x4ff4db]  report_vm_out_of_memory(char const*, int, unsigned long, VMErrorType, char const*)+0x8b
V  [libjvm.so+0x927d23]  os::Linux::commit_memory_impl(char*, unsigned long, bool)+0x103
V  [libjvm.so+0x928279]  os::pd_commit_memory(char*, unsigned long, unsigned long, bool)+0x29
V  [libjvm.so+0x92249a]  os::commit_memory(char*, unsigned long, unsigned long, bool)+0x2a
V  [libjvm.so+0x996ff3]  PSVirtualSpace::expand_by(unsigned long)+0x53
V  [libjvm.so+0x9983f8]  PSYoungGen::resize_generation(unsigned long, unsigned long)+0xf8
V  [libjvm.so+0x997552]  PSYoungGen::resize(unsigned long, unsigned long)+0x22
V  [libjvm.so+0x99482b]  PSScavenge::invoke_no_policy()+0xf3b
V  [libjvm.so+0x994fb1]  PSScavenge::invoke()+0x41
V  [libjvm.so+0x94bce0]  ParallelScavengeHeap::failed_mem_allocate(unsigned long)+0x70
V  [libjvm.so+0xaccba7]  VM_ParallelGCFailedAllocation::doit()+0x97
V  [libjvm.so+0xad4685]  VM_Operation::evaluate()+0x55
V  [libjvm.so+0xad2a5a]  VMThread::evaluate_operation(VM_Operation*)+0xba
V  [libjvm.so+0xad2dde]  VMThread::loop()+0x1ce
V  [libjvm.so+0xad3250]  VMThread::run()+0x70
V  [libjvm.so+0x92a338]  java_start(Thread*)+0x108

VM_Operation (0x00007f632e811300): ParallelGCFailedAllocation, mode: safepoint, requested by thread 0x00007f632800a000


---------------  P R O C E S S  ---------------

Java Threads: ( => current thread )
  0x00007f63285d6000 JavaThread "process reaper" daemon [_thread_blocked, id=7459, stack(0x00007f631401d000,0x00007f6314056000)]
  0x00007f63280ba800 JavaThread "Service Thread" daemon [_thread_blocked, id=7453, stack(0x00007f63140ff000,0x00007f6314200000)]
  0x00007f63280b7800 JavaThread "C1 CompilerThread1" daemon [_thread_blocked, id=7452, stack(0x00007f6314200000,0x00007f6314301000)]
  0x00007f63280b4800 JavaThread "C2 CompilerThread0" daemon [_thread_blocked, id=7451, stack(0x00007f6314301000,0x00007f6314402000)]
  0x00007f63280b3000 JavaThread "Signal Dispatcher" daemon [_thread_blocked, id=7450, stack(0x00007f6314402000,0x00007f6314503000)]
  0x00007f6328080000 JavaThread "Finalizer" daemon [_thread_blocked, id=7449, stack(0x00007f63147de000,0x00007f63148df000)]
  0x00007f632807b800 JavaThread "Reference Handler" daemon [_thread_blocked, id=7448, stack(0x00007f63148df000,0x00007f63149e0000)]
  0x00007f632800a000 JavaThread "main" [_thread_blocked, id=7444, stack(0x00007f632e715000,0x00007f632e816000)]

Other Threads:
=>0x00007f6328073800 VMThread [stack: 0x00007f63149e0000,0x00007f6314ae1000] [id=7447]
  0x00007f63280bd000 WatcherThread [stack: 0x00007f62efeff000,0x00007f62f0000000] [id=7454]

VM state:at safepoint (normal execution)

VM Mutex/Monitor currently owned by a thread:  ([mutex/lock_event])
[0x00007f63280061c0] Threads_lock - owner thread: 0x00007f6328073800
[0x00007f63280066c0] Heap_lock - owner thread: 0x00007f632800a000

Heap:
 PSYoungGen      total 212992K, used 12782K [0x00000000eb700000, 0x00000000f9400000, 0x0000000100000000)
  eden space 200192K, 0% used [0x00000000eb700000,0x00000000eb700000,0x00000000f7a80000)
  from space 12800K, 99% used [0x00000000f7a80000,0x00000000f86fb810,0x00000000f8700000)
  to   space 12288K, 0% used [0x00000000f8700000,0x00000000f8700000,0x00000000f9300000)
 ParOldGen       total 79872K, used 79385K [0x00000000c2400000, 0x00000000c7200000, 0x00000000eb700000)
  object space 79872K, 99% used [0x00000000c2400000,0x00000000c71866d0,0x00000000c7200000)
 Metaspace       used 21677K, capacity 22264K, committed 22576K, reserved 1069056K
  class space    used 2483K, capacity 2674K, committed 2688K, reserved 1048576K

Card table byte_map: [0x00007f63181ff000,0x00007f63183ee000] byte_map_base: 0x00007f6317bed000

Marking Bits: (ParMarkBitMap*) 0x00007f632dbf0dc0
 Begin Bits: [0x00007f6315fd3000, 0x00007f6316f43000)
 End Bits:   [0x00007f6316f43000, 0x00007f6317eb3000)

Polling page: 0x00007f632e83e000

CodeCache: size=245760Kb used=13185Kb max_used=13818Kb free=232575Kb
 bounds [0x00007f63187ae000, 0x00007f631955e000, 0x00007f63277ae000]
 total_blobs=4361 nmethods=3985 adapters=289
 compilation: enabled

Compilation events (10 events):
Event: 6.305 Thread 0x00007f63280b7800 nmethod 4587 0x00007f631897e9d0 code [0x00007f631897eca0, 0x00007f63189803a8]
Event: 6.305 Thread 0x00007f63280b7800 4590   !   3       com.sun.tools.javac.comp.MemberEnter::attribImportType (39 bytes)
Event: 6.306 Thread 0x00007f63280b7800 nmethod 4590 0x00007f6318ab2950 code [0x00007f6318ab2b20, 0x00007f6318ab30c8]
Event: 6.306 Thread 0x00007f63280b7800 4591       3       com.sun.tools.javac.comp.MemberEnter::importNamed (46 bytes)
Event: 6.306 Thread 0x00007f63280b7800 nmethod 4591 0x00007f6318a69a10 code [0x00007f6318a69bc0, 0x00007f6318a6a0e8]
Event: 6.309 Thread 0x00007f63280b7800 4592       3       com.sun.tools.javac.jvm.ClassReader::readClass (474 bytes)
Event: 6.311 Thread 0x00007f63280b7800 nmethod 4592 0x00007f6318907410 code [0x00007f6318907940, 0x00007f631890a008]
Event: 6.311 Thread 0x00007f63280b7800 4593       3       com.sun.tools.javac.jvm.ClassReader::adjustClassFlags (6 bytes)
Event: 6.311 Thread 0x00007f63280b7800 nmethod 4593 0x00007f6318a6c350 code [0x00007f6318a6c4a0, 0x00007f6318a6c610]
Event: 6.315 Thread 0x00007f63280b7800 4594       1       com.sun.tools.javac.tree.JCTree$JCClassDecl::getImplementsClause (5 bytes)

GC Heap History (10 events):
Event: 2.357 GC heap after
Heap after GC invocations=7 (full 0):
 PSYoungGen      total 69632K, used 6112K [0x00000000eb700000, 0x00000000f4100000, 0x0000000100000000)
  eden space 63488K, 0% used [0x00000000eb700000,0x00000000eb700000,0x00000000ef500000)
  from space 6144K, 99% used [0x00000000ef500000,0x00000000efaf8020,0x00000000efb00000)
  to   space 7168K, 0% used [0x00000000f3a00000,0x00000000f3a00000,0x00000000f4100000)
 ParOldGen       total 42496K, used 8400K [0x00000000c2400000, 0x00000000c4d80000, 0x00000000eb700000)
  object space 42496K, 19% used [0x00000000c2400000,0x00000000c2c34180,0x00000000c4d80000)
 Metaspace       used 14064K, capacity 14420K, committed 14592K, reserved 1062912K
  class space    used 1641K, capacity 1766K, committed 1792K, reserved 1048576K
}
Event: 2.670 GC heap before
{Heap before GC invocations=8 (full 0):
 PSYoungGen      total 69632K, used 69600K [0x00000000eb700000, 0x00000000f4100000, 0x0000000100000000)
  eden space 63488K, 100% used [0x00000000eb700000,0x00000000ef500000,0x00000000ef500000)
  from space 6144K, 99% used [0x00000000ef500000,0x00000000efaf8020,0x00000000efb00000)
  to   space 7168K, 0% used [0x00000000f3a00000,0x00000000f3a00000,0x00000000f4100000)
 ParOldGen       total 42496K, used 8400K [0x00000000c2400000, 0x00000000c4d80000, 0x00000000eb700000)
  object space 42496K, 19% used [0x00000000c2400000,0x00000000c2c34180,0x00000000c4d80000)
 Metaspace       used 14295K, capacity 14630K, committed 14848K, reserved 1062912K
  class space    used 1645K, capacity 1769K, committed 1792K, reserved 1048576K
Event: 2.690 GC heap after
Heap after GC invocations=8 (full 0):
 PSYoungGen      total 132608K, used 7168K [0x00000000eb700000, 0x00000000f4400000, 0x0000000100000000)
  eden space 125440K, 0% used [0x00000000eb700000,0x00000000eb700000,0x00000000f3180000)
  from space 7168K, 100% used [0x00000000f3a00000,0x00000000f4100000,0x00000000f4100000)
  to   space 8704K, 0% used [0x00000000f3180000,0x00000000f3180000,0x00000000f3a00000)
 ParOldGen       total 42496K, used 9941K [0x00000000c2400000, 0x00000000c4d80000, 0x00000000eb700000)
  object space 42496K, 23% used [0x00000000c2400000,0x00000000c2db5798,0x00000000c4d80000)
 Metaspace       used 14295K, capacity 14630K, committed 14848K, reserved 1062912K
  class space    used 1645K, capacity 1769K, committed 1792K, reserved 1048576K
}
Event: 3.589 GC heap before
{Heap before GC invocations=9 (full 0):
 PSYoungGen      total 132608K, used 132608K [0x00000000eb700000, 0x00000000f4400000, 0x0000000100000000)
  eden space 125440K, 100% used [0x00000000eb700000,0x00000000f3180000,0x00000000f3180000)
  from space 7168K, 100% used [0x00000000f3a00000,0x00000000f4100000,0x00000000f4100000)
  to   space 8704K, 0% used [0x00000000f3180000,0x00000000f3180000,0x00000000f3a00000)
 ParOldGen       total 42496K, used 9941K [0x00000000c2400000, 0x00000000c4d80000, 0x00000000eb700000)
  object space 42496K, 23% used [0x00000000c2400000,0x00000000c2db5798,0x00000000c4d80000)
 Metaspace       used 16396K, capacity 16884K, committed 17024K, reserved 1064960K
  class space    used 1891K, capacity 2050K, committed 2176K, reserved 1048576K
Event: 3.653 GC heap after
Heap after GC invocations=9 (full 0):
 PSYoungGen      total 134144K, used 8704K [0x00000000eb700000, 0x00000000f9300000, 0x0000000100000000)
  eden space 125440K, 0% used [0x00000000eb700000,0x00000000eb700000,0x00000000f3180000)
  from space 8704K, 100% used [0x00000000f3180000,0x00000000f3a00000,0x00000000f3a00000)
  to   space 12288K, 0% used [0x00000000f8700000,0x00000000f8700000,0x00000000f9300000)
 ParOldGen       total 42496K, used 15219K [0x00000000c2400000, 0x00000000c4d80000, 0x00000000eb700000)
  object space 42496K, 35% used [0x00000000c2400000,0x00000000c32dce80,0x00000000c4d80000)
 Metaspace       used 16396K, capacity 16884K, committed 17024K, reserved 1064960K
  class space    used 1891K, capacity 2050K, committed 2176K, reserved 1048576K
}
Event: 4.440 GC heap before
{Heap before GC invocations=10 (full 0):
 PSYoungGen      total 134144K, used 112927K [0x00000000eb700000, 0x00000000f9300000, 0x0000000100000000)
  eden space 125440K, 83% used [0x00000000eb700000,0x00000000f1cc7d80,0x00000000f3180000)
  from space 8704K, 100% used [0x00000000f3180000,0x00000000f3a00000,0x00000000f3a00000)
  to   space 12288K, 0% used [0x00000000f8700000,0x00000000f8700000,0x00000000f9300000)
 ParOldGen       total 42496K, used 15219K [0x00000000c2400000, 0x00000000c4d80000, 0x00000000eb700000)
  object space 42496K, 35% used [0x00000000c2400000,0x00000000c32dce80,0x00000000c4d80000)
 Metaspace       used 20548K, capacity 21112K, committed 21296K, reserved 1069056K
  class space    used 2433K, capacity 2610K, committed 2688K, reserved 1048576K
Event: 4.477 GC heap after
Heap after GC invocations=10 (full 0):
 PSYoungGen      total 212480K, used 9668K [0x00000000eb700000, 0x00000000f9400000, 0x0000000100000000)
  eden space 200192K, 0% used [0x00000000eb700000,0x00000000eb700000,0x00000000f7a80000)
  from space 12288K, 78% used [0x00000000f8700000,0x00000000f90711b8,0x00000000f9300000)
  to   space 12800K, 0% used [0x00000000f7a80000,0x00000000f7a80000,0x00000000f8700000)
 ParOldGen       total 42496K, used 20035K [0x00000000c2400000, 0x00000000c4d80000, 0x00000000eb700000)
  object space 42496K, 47% used [0x00000000c2400000,0x00000000c3790e80,0x00000000c4d80000)
 Metaspace       used 20548K, capacity 21112K, committed 21296K, reserved 1069056K
  class space    used 2433K, capacity 2610K, committed 2688K, reserved 1048576K
}
Event: 4.479 GC heap before
{Heap before GC invocations=11 (full 1):
 PSYoungGen      total 212480K, used 9668K [0x00000000eb700000, 0x00000000f9400000, 0x0000000100000000)
  eden space 200192K, 0% used [0x00000000eb700000,0x00000000eb700000,0x00000000f7a80000)
  from space 12288K, 78% used [0x00000000f8700000,0x00000000f90711b8,0x00000000f9300000)
  to   space 12800K, 0% used [0x00000000f7a80000,0x00000000f7a80000,0x00000000f8700000)
 ParOldGen       total 42496K, used 20035K [0x00000000c2400000, 0x00000000c4d80000, 0x00000000eb700000)
  object space 42496K, 47% used [0x00000000c2400000,0x00000000c3790e80,0x00000000c4d80000)
 Metaspace       used 20548K, capacity 21112K, committed 21296K, reserved 1069056K
  class space    used 2433K, capacity 2610K, committed 2688K, reserved 1048576K
Event: 4.651 GC heap after
Heap after GC invocations=11 (full 1):
 PSYoungGen      total 212480K, used 0K [0x00000000eb700000, 0x00000000f9400000, 0x0000000100000000)
  eden space 200192K, 0% used [0x00000000eb700000,0x00000000eb700000,0x00000000f7a80000)
  from space 12288K, 0% used [0x00000000f8700000,0x00000000f8700000,0x00000000f9300000)
  to   space 12800K, 0% used [0x00000000f7a80000,0x00000000f7a80000,0x00000000f8700000)
 ParOldGen       total 53248K, used 24348K [0x00000000c2400000, 0x00000000c5800000, 0x00000000eb700000)
  object space 53248K, 45% used [0x00000000c2400000,0x00000000c3bc72b8,0x00000000c5800000)
 Metaspace       used 20548K, capacity 21112K, committed 21296K, reserved 1069056K
  class space    used 2433K, capacity 2610K, committed 2688K, reserved 1048576K
}
Event: 6.315 GC heap before
{Heap before GC invocations=12 (full 1):
 PSYoungGen      total 212480K, used 200192K [0x00000000eb700000, 0x00000000f9400000, 0x0000000100000000)
  eden space 200192K, 100% used [0x00000000eb700000,0x00000000f7a80000,0x00000000f7a80000)
  from space 12288K, 0% used [0x00000000f8700000,0x00000000f8700000,0x00000000f9300000)
  to   space 12800K, 0% used [0x00000000f7a80000,0x00000000f7a80000,0x00000000f8700000)
 ParOldGen       total 53248K, used 24348K [0x00000000c2400000, 0x00000000c5800000, 0x00000000eb700000)
  object space 53248K, 45% used [0x00000000c2400000,0x00000000c3bc72b8,0x00000000c5800000)
 Metaspace       used 21677K, capacity 22264K, committed 22576K, reserved 1069056K
  class space    used 2483K, capacity 2674K, committed 2688K, reserved 1048576K

Deoptimization events (10 events):
Event: 4.378 Thread 0x00007f632800a000 Uncommon trap: reason=unstable_if action=reinterpret pc=0x00007f63190c7914 method=java.lang.String.regionMatches(ZILjava/lang/String;II)Z @ 41
Event: 4.392 Thread 0x00007f632800a000 Uncommon trap: reason=unstable_if action=reinterpret pc=0x00007f631898722c method=sun.misc.URLClassPath$JarLoader.getResource(Ljava/lang/String;Z)Lsun/misc/Resource; @ 62
Event: 4.406 Thread 0x00007f632800a000 Uncommon trap: reason=unstable_if action=reinterpret pc=0x00007f631896f1e0 method=java.util.HashMap.putVal(ILjava/lang/Object;Ljava/lang/Object;ZZ)Ljava/lang/Object; @ 193
Event: 4.431 Thread 0x00007f632800a000 Uncommon trap: reason=unstable_if action=reinterpret pc=0x00007f6318d58b30 method=java.nio.charset.CharsetDecoder.decode(Ljava/nio/ByteBuffer;Ljava/nio/CharBuffer;Z)Ljava/nio/charset/CoderResult; @ 1
Event: 4.737 Thread 0x00007f632800a000 Uncommon trap: reason=unstable_if action=reinterpret pc=0x00007f6319351620 method=com.sun.tools.javac.parser.UnicodeReader.scanChar()V @ 37
Event: 4.737 Thread 0x00007f632800a000 Uncommon trap: reason=unstable_if action=reinterpret pc=0x00007f6319354150 method=com.sun.tools.javac.parser.UnicodeReader.scanChar()V @ 37
Event: 4.889 Thread 0x00007f632800a000 Uncommon trap: reason=unstable_if action=reinterpret pc=0x00007f6319423a6c method=com.sun.tools.javac.parser.JavaTokenizer.readToken()Lcom/sun/tools/javac/parser/Tokens$Token; @ 961
Event: 5.178 Thread 0x00007f632800a000 Uncommon trap: reason=unstable_if action=reinterpret pc=0x00007f6319432ab0 method=com.sun.tools.javac.util.ArrayUtils.ensureCapacity([BI)[B @ 3
Event: 5.446 Thread 0x00007f632800a000 Uncommon trap: reason=unstable_if action=reinterpret pc=0x00007f63194db954 method=com.sun.tools.javac.parser.JavacParser.term3()Lcom/sun/tools/javac/tree/JCTree$JCExpression; @ 1519
Event: 5.505 Thread 0x00007f632800a000 Uncommon trap: reason=unstable_if action=reinterpret pc=0x00007f631943184c method=com.sun.tools.javac.parser.JavadocTokenizer$DocReader.scanCommentChar()V @ 10

Internal exceptions (10 events):
Event: 4.396 Thread 0x00007f632800a000 Exception <a 'java/security/PrivilegedActionException'> (0x00000000f18f9f40) thrown at [/HUDSON3/workspace/8-2-build-linux-amd64/jdk8u144/9417/hotspot/src/share/vm/prims/jvm.cpp, line 1390]
Event: 4.408 Thread 0x00007f632800a000 Exception <a 'java/security/PrivilegedActionException'> (0x00000000f197b150) thrown at [/HUDSON3/workspace/8-2-build-linux-amd64/jdk8u144/9417/hotspot/src/share/vm/prims/jvm.cpp, line 1390]
Event: 4.408 Thread 0x00007f632800a000 Exception <a 'java/security/PrivilegedActionException'> (0x00000000f197b548) thrown at [/HUDSON3/workspace/8-2-build-linux-amd64/jdk8u144/9417/hotspot/src/share/vm/prims/jvm.cpp, line 1390]
Event: 5.637 Thread 0x00007f632800a000 Exception <a 'java/io/FileNotFoundException'> (0x00000000f3f90970) thrown at [/HUDSON3/workspace/8-2-build-linux-amd64/jdk8u144/9417/hotspot/src/share/vm/prims/jni.cpp, line 709]
Event: 5.641 Thread 0x00007f632800a000 Exception <a 'java/io/FileNotFoundException'> (0x00000000f3fc59a0) thrown at [/HUDSON3/workspace/8-2-build-linux-amd64/jdk8u144/9417/hotspot/src/share/vm/prims/jni.cpp, line 709]
Event: 5.761 Thread 0x00007f632800a000 Exception <a 'java/io/FileNotFoundException'> (0x00000000f4ff7030) thrown at [/HUDSON3/workspace/8-2-build-linux-amd64/jdk8u144/9417/hotspot/src/share/vm/prims/jni.cpp, line 709]
Event: 5.761 Thread 0x00007f632800a000 Exception <a 'java/io/FileNotFoundException'> (0x00000000f4ff7d50) thrown at [/HUDSON3/workspace/8-2-build-linux-amd64/jdk8u144/9417/hotspot/src/share/vm/prims/jni.cpp, line 709]
Event: 5.761 Thread 0x00007f632800a000 Exception <a 'java/io/FileNotFoundException'> (0x00000000f4ff8a78) thrown at [/HUDSON3/workspace/8-2-build-linux-amd64/jdk8u144/9417/hotspot/src/share/vm/prims/jni.cpp, line 709]
Event: 5.777 Thread 0x00007f632800a000 Exception <a 'java/io/FileNotFoundException'> (0x00000000f5465328) thrown at [/HUDSON3/workspace/8-2-build-linux-amd64/jdk8u144/9417/hotspot/src/share/vm/prims/jni.cpp, line 709]
Event: 5.777 Thread 0x00007f632800a000 Exception <a 'java/io/FileNotFoundException'> (0x00000000f54848c0) thrown at [/HUDSON3/workspace/8-2-build-linux-amd64/jdk8u144/9417/hotspot/src/share/vm/prims/jni.cpp, line 709]

Events (10 events):
Event: 6.235 Thread 0x00007f632800a000 DEOPT UNPACKING pc=0x00007f63187f5633 sp=0x00007f632e8110c8 mode 0
Event: 6.237 loading class com/sun/tools/javac/tree/TreeMaker$1
Event: 6.237 loading class com/sun/tools/javac/tree/TreeMaker$1 done
Event: 6.240 loading class com/sun/tools/javac/code/TypeAnnotations$1
Event: 6.240 loading class com/sun/tools/javac/code/TypeAnnotations$1 done
Event: 6.240 loading class com/sun/tools/javac/code/TypeAnnotations$2
Event: 6.240 loading class com/sun/tools/javac/code/TypeAnnotations$2 done
Event: 6.284 Executing VM operation: ForceSafepoint
Event: 6.284 Executing VM operation: ForceSafepoint done
Event: 6.315 Executing VM operation: ParallelGCFailedAllocation


Dynamic libraries:
00400000-00401000 r-xp 00000000 08:01 1711591                            /usr/lib/jvm/java-8-oracle/bin/java
00600000-00601000 rw-p 00000000 08:01 1711591                            /usr/lib/jvm/java-8-oracle/bin/java
01a36000-01a57000 rw-p 00000000 00:00 0                                  [heap]
c2400000-c7200000 rw-p 00000000 00:00 0 
c7200000-eb700000 ---p 00000000 00:00 0 
eb700000-f9400000 rw-p 00000000 00:00 0 
100000000-1002a0000 rw-p 00000000 00:00 0 
1002a0000-140000000 ---p 00000000 00:00 0 
7f62e0000000-7f62e0021000 rw-p 00000000 00:00 0 
7f62e0021000-7f62e4000000 ---p 00000000 00:00 0 
7f62e73ca000-7f62e73cb000 r--s 00002000 08:01 921105                     /home/madunlap/.m2/repository/com/google/auto/service/auto-service/1.0-rc2/auto-service-1.0-rc2.jar
7f62e73cb000-7f62e73cd000 r--s 0000c000 08:01 921153                     /home/madunlap/.m2/repository/com/lyncode/xoai-service-provider/4.1.0-header-patch/xoai-service-provider-4.1.0-header-patch.jar
7f62e73cd000-7f62e73ce000 r--s 00001000 08:01 921104                     /home/madunlap/.m2/repository/com/lyncode/builder-commons/1.0.2/builder-commons-1.0.2.jar
7f62e73ce000-7f62e73d1000 r--s 00012000 08:01 921152                     /home/madunlap/.m2/repository/com/lyncode/xoai-data-provider/4.1.0-header-patch/xoai-data-provider-4.1.0-header-patch.jar
7f62e73d1000-7f62e73d3000 r--s 00005000 08:01 791390                     /home/madunlap/.m2/repository/stax/stax-api/1.0.1/stax-api-1.0.1.jar
7f62e73d3000-7f62e73d9000 r--s 00048000 08:01 921101                     /home/madunlap/.m2/repository/org/apache/commons/commons-lang3/3.1/commons-lang3-3.1.jar
7f62e73d9000-7f62e73db000 r--s 00004000 08:01 921097                     /home/madunlap/.m2/repository/javax/xml/stream/stax-api/1.0-2/stax-api-1.0-2.jar
7f62e73db000-7f62e73e1000 r--s 00045000 08:01 921095                     /home/madunlap/.m2/repository/org/hamcrest/hamcrest-all/1.3/hamcrest-all-1.3.jar
7f62e73e1000-7f62e73e3000 r--s 00001000 08:01 791354                     /home/madunlap/.m2/repository/org/ocpsoft/logging/logging-api/1.0.2.Final/logging-api-1.0.2.Final.jar
7f62e73e3000-7f62e73e4000 r--s 00003000 08:01 791353                     /home/madunlap/.m2/repository/org/ocpsoft/common/common-api/1.0.5.Final/common-api-1.0.5.Final.jar
7f62e73e4000-7f62e73e8000 r--s 00018000 08:01 791351                     /home/madunlap/.m2/repository/org/ocpsoft/rewrite/rewrite-api/2.0.12.Final/rewrite-api-2.0.12.Final.jar
7f62e73e8000-7f62e73ea000 r--s 00005000 08:01 791349                     /home/madunlap/.m2/repository/org/ocpsoft/rewrite/rewrite-annotations-impl/2.0.12.Final/rewrite-annotations-impl-2.0.12.Final.jar
7f62e73ea000-7f62e73f8000 r--s 00092000 08:01 791352                     /home/madunlap/.m2/repository/org/ocpsoft/rewrite/rewrite-config-prettyfaces/2.0.12.Final/rewrite-config-prettyfaces-2.0.12.Final.jar
7f62e73f8000-7f62e7406000 r--s 0005f000 08:01 791345                     /home/madunlap/.m2/repository/org/ocpsoft/rewrite/rewrite-servlet/2.0.12.Final/rewrite-servlet-2.0.12.Final.jar
7f62e7406000-7f62e740a000 r--s 0003c000 08:01 791218                     /home/madunlap/.m2/repository/javax/media/jai_codec/1.1.3/jai_codec-1.1.3.jar
7f62e740a000-7f62e741e000 r--s 001bd000 08:01 791220                     /home/madunlap/.m2/repository/javax/media/jai_core/1.1.3/jai_core-1.1.3.jar
7f62e741e000-7f62e742f000 r--s 00106000 08:01 791219                     /home/madunlap/.m2/repository/javax/media/jai_imageio/1.1.1/jai_imageio-1.1.1.jar
7f62e742f000-7f62e7431000 r--s 00009000 08:01 791399                     /home/madunlap/.m2/repository/edu/harvard/hul/ois/jhove/jhove-handler/1.11.0/jhove-handler-1.11.0.jar
7f62e7431000-7f62e743a000 r--s 00079000 08:01 791398                     /home/madunlap/.m2/repository/edu/harvard/hul/ois/jhove/jhove-module/1.11.0/jhove-module-1.11.0.jar
7f62e743a000-7f62e743d000 r--s 00011000 08:01 791396                     /home/madunlap/.m2/repository/edu/harvard/hul/ois/jhove/jhove/1.11.0/jhove-1.11.0.jar
7f62e743d000-7f62e744d000 r--s 0011f000 08:01 791342                     /home/madunlap/.m2/repository/org/apache/poi/poi-scratchpad/3.10-FINAL/poi-scratchpad-3.10-FINAL.jar
7f62e744d000-7f62e7453000 r--s 00047000 08:01 791341                     /home/madunlap/.m2/repository/org/apache/poi/poi-examples/3.10-FINAL/poi-examples-3.10-FINAL.jar
7f62e7453000-7f62e7458000 r--s 00048000 08:01 791338                     /home/madunlap/.m2/repository/dom4j/dom4j/1.6.1/dom4j-1.6.1.jar
7f62e7458000-7f62e7495000 r--s 0024f000 08:01 791336                     /home/madunlap/.m2/repository/org/apache/xmlbeans/xmlbeans/2.3.0/xmlbeans-2.3.0.jar
7f62e7495000-7f62e752d000 r--s 00420000 08:01 791334                     /home/madunlap/.m2/repository/org/apache/poi/poi-ooxml-schemas/3.10-FINAL/poi-ooxml-schemas-3.10-FINAL.jar
7f62e752d000-7f62e753b000 r--s 000ee000 08:01 791333                     /home/madunlap/.m2/repository/org/apache/poi/poi-ooxml/3.10-FINAL/poi-ooxml-3.10-FINAL.jar
7f62e753b000-7f62e755d000 r--s 001bb000 08:01 791332                     /home/madunlap/.m2/repository/org/apache/poi/poi/3.10-FINAL/poi-3.10-FINAL.jar
7f62e755d000-7f62e755f000 r--s 00006000 08:01 791331                     /home/madunlap/.m2/repository/org/nuiton/thirdparty/Rserve/0.6-1/Rserve-0.6-1.jar
7f62e755f000-7f62e7561000 r--s 00006000 08:01 791328                     /home/madunlap/.m2/repository/org/nuiton/thirdparty/REngine/0.6-1/REngine-0.6-1.jar
7f62e7561000-7f62e7562000 r--s 0000c000 08:01 791397                     /home/madunlap/.m2/repository/org/dataverse/unf/6.0/unf-6.0.jar
7f62e7562000-7f62e7563000 r--s 00018000 08:01 791394                     /home/madunlap/.m2/repository/edu/harvard/iq/dvn/unf5/5.0/unf5-5.0.jar
7f62e7563000-7f62e756c000 r--s 000a6000 08:01 791393                     /home/madunlap/.m2/repository/net/handle/handle/2006-06-16-generated/handle-2006-06-16-generated.jar
7f62e756c000-7f62e756f000 r--s 00035000 08:01 791395                     /home/madunlap/.m2/repository/nom/tam/fits/fits/2012-10-25-generated/fits-2012-10-25-generated.jar
7f62e756f000-7f62e7576000 r--s 00028000 08:01 791326                     /home/madunlap/.m2/repository/concurrent/concurrent/1.3.4/concurrent-1.3.4.jar
7f62e7576000-7f62e7584000 r--s 00081000 08:01 791324                     /home/madunlap/.m2/repository/colt/colt/1.2.0/colt-1.2.0.jar
7f62e7584000-7f62e7591000 r--s 00083000 08:01 791320                     /home/madunlap/.m2/repository/commons-collections/commons-collections/3.2.2/commons-collections-3.2.2.jar
7f62e7591000-7f62e7595000 r--s 00020000 08:01 791319                     /home/madunlap/.m2/repository/commons-digester/commons-digester/1.8.1/commons-digester-1.8.1.jar
7f62e7595000-7f62e759a000 r--s 00035000 08:01 791317                     /home/madunlap/.m2/repository/commons-beanutils/commons-beanutils/1.9.2/commons-beanutils-1.9.2.jar
7f62e759a000-7f62e759e000 r--s 0002a000 08:01 791315                     /home/madunlap/.m2/repository/commons-validator/commons-validator/1.6/commons-validator-1.6.jar
7f62e759e000-7f62e75b1000 r--s 000df000 08:01 791313                     /home/madunlap/.m2/repository/org/apache/commons/commons-math/2.2/commons-math-2.2.jar
7f62e75b1000-7f62e75b3000 r--s 0000e000 08:01 791309                     /home/madunlap/.m2/repository/commons-logging/commons-logging/1.1.3/commons-logging-1.1.3.jar
7f62e75b3000-7f62e75b5000 r--s 00005000 08:01 791311                     /home/madunlap/.m2/repository/org/apache/httpcomponents/httpmime/4.2.6/httpmime-4.2.6.jar
7f62e75b5000-7f62e75c1000 r--s 000b3000 08:01 791304                     /home/madunlap/.m2/repository/org/apache/zookeeper/zookeeper/3.4.5/zookeeper-3.4.5.jar
7f62e75c1000-7f62e75c9000 r--s 0005b000 08:01 791305                     /home/madunlap/.m2/repository/org/apache/solr/solr-solrj/4.6.0/solr-solrj-4.6.0.jar
7f62e75c9000-7f62e75cb000 r--s 0000d000 08:01 791302                     /home/madunlap/.m2/repository/com/fasterxml/classmate/1.0.0/classmate-1.0.0.jar
7f62e75cb000-7f62e75cd000 r--s 0000d000 08:01 791296                     /home/madunlap/.m2/repository/org/jboss/logging/jboss-logging/3.1.1.GA/jboss-logging-3.1.1.GA.jar
7f62e75cd000-7f62e75d1000 r--s 0000c000 08:01 791294                     /home/madunlap/.m2/repository/javax/validation/validation-api/1.1.0.Final/validation-api-1.1.0.Final.jar
7f62e75d1000-7f62e75de000 r--s 00080000 08:01 791293                     /home/madunlap/.m2/repository/org/hibernate/hibernate-validator/5.0.3.Final/hibernate-validator-5.0.3.Final.jar
7f62e75de000-7f62e75ed000 r--s 000c4000 08:01 791290                     /home/madunlap/.m2/repository/org/atmosphere/atmosphere-runtime/2.4.2/atmosphere-runtime-2.4.2.jar
7f62e75ed000-7f62e7601000 r--s 0013a000 08:01 791121                     /home/madunlap/.m2/repository/org/primefaces/themes/all-themes/1.0.10/all-themes-1.0.10.jar
7f62e7601000-7f62e762d000 r--s 00318000 08:01 791288                     /home/madunlap/.m2/repository/org/primefaces/primefaces/5.3/primefaces-5.3.jar
7f62e762d000-7f62e7a39000 r--s 03c80000 08:01 791225                     /home/madunlap/.m2/repository/com/amazonaws/aws-java-sdk-bundle/1.11.172/aws-java-sdk-bundle-1.11.172.jar
7f62e7a39000-7f62e7ba5000 rw-p 00000000 00:00 0 
7f62e7ba5000-7f62e7c39000 ---p 00000000 00:00 0 
7f62e7c39000-7f62e7c3d000 r--s 00029000 08:01 921098                     /home/madunlap/.m2/repository/org/codehaus/woodstox/stax2-api/3.0.4/stax2-api-3.0.4.jar
7f62e7c3d000-7f62e7c3e000 r--s 00003000 08:01 921092                     /home/madunlap/.m2/repository/com/lyncode/test-support/1.0.4/test-support-1.0.4.jar
7f62e7c3e000-7f62e7c40000 r--s 00004000 08:01 921090                     /home/madunlap/.m2/repository/com/lyncode/xml-io/1.0.3/xml-io-1.0.3.jar
7f62e7c40000-7f62e7c42000 r--s 0000d000 08:01 921151                     /home/madunlap/.m2/repository/com/lyncode/xoai-common/4.1.0-header-patch/xoai-common-4.1.0-header-patch.jar
7f62e7c42000-7f62e7c45000 r--s 00011000 08:01 921088                     /home/madunlap/.m2/repository/com/github/scribejava/scribejava-core/3.1.0/scribejava-core-3.1.0.jar
7f62e7c45000-7f62e7c48000 r--s 00010000 08:01 921084                     /home/madunlap/.m2/repository/com/github/scribejava/scribejava-apis/3.1.0/scribejava-apis-3.1.0.jar
7f62e7c48000-7f62e7c51000 r--s 0006f000 08:01 921083                     /home/madunlap/.m2/repository/log4j/log4j/1.2.17/log4j-1.2.17.jar
7f62e7c51000-7f62e7d28000 r--s 007aa000 08:01 921093                     /home/madunlap/.m2/repository/net/sf/ehcache/ehcache/2.10.1/ehcache-2.10.1.jar
7f62e7d28000-7f62e7d2a000 r--s 00008000 08:01 921082                     /home/madunlap/.m2/repository/org/apache/commons/commons-csv/1.2/commons-csv-1.2.jar
7f62e7d2a000-7f62e7d2e000 r--s 00035000 08:01 921081                     /home/madunlap/.m2/repository/com/fasterxml/jackson/core/jackson-core/2.5.3/jackson-core-2.5.3.jar
7f62e7d2e000-7f62e7d30000 r--s 00008000 08:01 921075                     /home/madunlap/.m2/repository/com/fasterxml/jackson/core/jackson-annotations/2.5.0/jackson-annotations-2.5.0.jar
7f62e7d30000-7f62e7d42000 r--s 00106000 08:01 921073                     /home/madunlap/.m2/repository/com/fasterxml/jackson/core/jackson-databind/2.5.3/jackson-databind-2.5.3.jar
7f62e7d42000-7f62e7d45000 r--s 00006000 08:01 921070                     /home/madunlap/.m2/repository/com/google/code/findbugs/jsr305/1.3.9/jsr305-1.3.9.jar
7f62e7d45000-7f62e7d4b000 r--s 00040000 08:01 921074                     /home/madunlap/.m2/repository/com/google/http-client/google-http-client/1.20.0/google-http-client-1.20.0.jar
7f62e7d4b000-7f62e7d4c000 r--s 00004000 08:01 921066                     /home/madunlap/.m2/repository/com/maxmind/db/maxmind-db/1.0.0/maxmind-db-1.0.0.jar
7f62e7d4c000-7f62e7d4e000 r--s 00007000 08:01 921064                     /home/madunlap/.m2/repository/com/maxmind/geoip2/geoip2/2.3.1/geoip2-2.3.1.jar
7f62e7d4e000-7f62e7d52000 r--s 00034000 08:01 921067                     /home/madunlap/.m2/repository/org/codehaus/jackson/jackson-core-asl/1.9.7/jackson-core-asl-1.9.7.jar
7f62e7d52000-7f62e7d61000 r--s 000b0000 08:01 921065                     /home/madunlap/.m2/repository/org/codehaus/jackson/jackson-mapper-asl/1.9.7/jackson-mapper-asl-1.9.7.jar
7f62e7d61000-7f62e7d6b000 r--s 0003d000 08:01 921060                     /home/madunlap/.m2/repository/org/javaswift/joss/0.9.10/joss-0.9.10.jar
7f62e7d6b000-7f62e7d72000 r--s 0003a000 08:01 921056                     /home/madunlap/.m2/repository/commons-codec/commons-codec/1.9/commons-codec-1.9.jar
7f62e7d72000-7f62e7d79000 r--s 00048000 08:01 921054                     /home/madunlap/.m2/repository/org/apache/httpcomponents/httpcore/4.4.1/httpcore-4.4.1.jar
7f62e7d79000-7f62e7d86000 r--s 000a4000 08:01 921052                     /home/madunlap/.m2/repository/org/apache/httpcomponents/httpclient/4.4.1/httpclient-4.4.1.jar
7f62e7d86000-7f62e7d8a000 r--s 00028000 08:01 921050                     /home/madunlap/.m2/repository/org/apache/httpcomponents/httpasyncclient/4.1/httpasyncclient-4.1.jar
7f62e7d8a000-7f62e7d91000 r--s 00050000 08:01 921049                     /home/madunlap/.m2/repository/org/apache/httpcomponents/httpcore-nio/4.4.1/httpcore-nio-4.4.1.jar
7f62e7d91000-7f62e7d97000 r--s 00033000 08:01 921046                     /home/madunlap/.m2/repository/io/searchbox/jest-common/0.1.7/jest-common-0.1.7.jar
7f62e7d97000-7f62e7d98000 r--s 00004000 08:01 921045                     /home/madunlap/.m2/repository/io/searchbox/jest/0.1.7/jest-0.1.7.jar
7f62e7d98000-7f62e7d99000 r--s 00004000 08:01 921039                     /home/madunlap/.m2/repository/org/apache/axis/axis-saaj/1.4/axis-saaj-1.4.jar
7f62e7d99000-7f62e7d9b000 r--s 00006000 08:01 921036                     /home/madunlap/.m2/repository/org/apache/axis/axis-jaxrpc/1.4/axis-jaxrpc-1.4.jar
7f62e7d9b000-7f62e7daf000 r--s 00173000 08:01 921038                     /home/madunlap/.m2/repository/axis/axis/1.4/axis-1.4.jar
7f62e7daf000-7f62e7dcb000 r--s 00103000 08:01 921030                     /home/madunlap/.m2/repository/org/mockito/mockito-core/1.10.19/mockito-core-1.10.19.jar
7f62e7dcb000-7f62e7dcd000 r--s 00001000 08:01 921031                     /home/madunlap/.m2/repository/org/slf4j/slf4j-log4j12/1.7.7/slf4j-log4j12-1.7.7.jar
7f62e7dcd000-7f62e7dcf000 r--s 00006000 08:01 791385                     /home/madunlap/.m2/repository/org/slf4j/slf4j-api/1.7.7/slf4j-api-1.7.7.jar
7f62e7dcf000-7f62e7dd1000 r--s 00008000 08:01 920991                     /home/madunlap/.m2/repository/classworlds/classworlds/1.1-alpha-2/classworlds-1.1-alpha-2.jar
7f62e7dd1000-7f62e7dd8000 r--s 00029000 08:01 920988                     /home/madunlap/.m2/repository/org/codehaus/plexus/plexus-container-default/1.0-alpha-9-stable-1/plexus-container-default-1.0-alpha-9-stable-1.jar
7f62e7dd8000-7f62e7ddb000 r--s 00011000 08:01 920989                     /home/madunlap/.m2/repository/org/apache/maven/maven-artifact/2.2.1/maven-artifact-2.2.1.jar
7f62e7ddb000-7f62e7ddd000 r--s 00006000 08:01 920982                     /home/madunlap/.m2/repository/org/apache/maven/maven-plugin-registry/2.2.1/maven-plugin-registry-2.2.1.jar
7f62e7ddd000-7f62e7ddf000 r--s 0000b000 08:01 920978                     /home/madunlap/.m2/repository/org/apache/maven/wagon/wagon-provider-api/1.0-beta-6/wagon-provider-api-1.0-beta-6.jar
7f62e7ddf000-7f62e7de1000 r--s 00005000 08:01 920980                     /home/madunlap/.m2/repository/org/apache/maven/maven-repository-metadata/2.2.1/maven-repository-metadata-2.2.1.jar
7f62e7de1000-7f62e7de3000 r--s 0000f000 08:01 920975                     /home/madunlap/.m2/repository/org/apache/maven/maven-artifact-manager/2.2.1/maven-artifact-manager-2.2.1.jar
7f62e7de3000-7f62e7de5000 r--s 00014000 08:01 920971                     /home/madunlap/.m2/repository/org/apache/maven/maven-model/2.2.1/maven-model-2.2.1.jar
7f62e7de5000-7f62e7de7000 r--s 00007000 08:01 920969                     /home/madunlap/.m2/repository/org/apache/maven/maven-profile/2.2.1/maven-profile-2.2.1.jar
7f62e7de7000-7f62e7de8000 r--s 0000b000 08:01 920972                     /home/madunlap/.m2/repository/org/apache/maven/maven-settings/2.2.1/maven-settings-2.2.1.jar
7f62e7de8000-7f62e7dec000 r--s 00023000 08:01 920973                     /home/madunlap/.m2/repository/org/apache/maven/maven-project/2.2.1/maven-project-2.2.1.jar
7f62e7dec000-7f62e7dee000 r--s 00002000 08:01 661356                     /home/madunlap/.m2/repository/org/apache/maven/maven-plugin-api/2.2.1/maven-plugin-api-2.2.1.jar
7f62e7dee000-7f62e7df0000 r--s 00015000 08:01 791373                     /home/madunlap/.m2/repository/org/ccil/cowan/tagsoup/tagsoup/1.2.1/tagsoup-1.2.1.jar
7f62e7df0000-7f62e7df6000 r--s 00044000 08:01 791367                     /home/madunlap/.m2/repository/org/jsoup/jsoup/1.8.1/jsoup-1.8.1.jar
7f62e7df6000-7f62e7df8000 r--s 00004000 08:01 791401                     /home/madunlap/.m2/repository/edu/ucsb/nceas/ezid/1.0.0/ezid-1.0.0.jar
7f62e7df8000-7f62e7dfb000 r--s 0000b000 08:01 791362                     /home/madunlap/.m2/repository/org/ocpsoft/rewrite/rewrite-integration-faces/2.0.12.Final/rewrite-integration-faces-2.0.12.Final.jar
7f62e7dfb000-7f62e7dfd000 r--s 00001000 08:01 791360                     /home/madunlap/.m2/repository/org/ocpsoft/rewrite/rewrite-annotations-api/2.0.12.Final/rewrite-annotations-api-2.0.12.Final.jar
7f62e7dfd000-7f62e7dfe000 r--s 00005000 08:01 791359                     /home/madunlap/.m2/repository/org/ocpsoft/rewrite/rewrite-addressbuilder/2.0.12.Final/rewrite-addressbuilder-2.0.12.Final.jar
7f62e7dfe000-7f62e7e00000 r--s 00008000 08:01 791357                     /home/madunlap/.m2/repository/org/ocpsoft/rewrite/rewrite-api-servlet/2.0.12.Final/rewrite-api-servlet-2.0.12.Final.jar
7f62e7e00000-7f62e8000000 rw-p 00000000 00:00 0 
7f62e8000000-7f62e8021000 rw-p 00000000 00:00 0 
7f62e8021000-7f62ec000000 ---p 00000000 00:00 0 
7f62ec000000-7f62ec001000 r--s 00005000 08:01 791308                     /home/madunlap/.m2/repository/org/noggit/noggit/0.5/noggit-0.5.jar
7f62ec001000-7f62ec00b000 r--s 0006b000 08:01 791289                     /home/madunlap/.m2/repository/org/omnifaces/omnifaces/1.7/omnifaces-1.7.jar
7f62ec00b000-7f62ec02d000 r--s 00120000 08:01 791284                     /home/madunlap/.m2/repository/javax/javaee-web-api/7.0/javaee-web-api-7.0.jar
7f62ec02d000-7f62ec02f000 r--s 0000e000 08:01 791282                     /home/madunlap/.m2/repository/javax/activation/activation/1.1/activation-1.1.jar
7f62ec02f000-7f62ec037000 r--s 00078000 08:01 791280                     /home/madunlap/.m2/repository/com/sun/mail/javax.mail/1.5.0/javax.mail-1.5.0.jar
7f62ec037000-7f62ec06b000 r--s 001a4000 08:01 791278                     /home/madunlap/.m2/repository/javax/javaee-api/7.0/javaee-api-7.0.jar
7f62ec06b000-7f62ec096000 r--s 001f5000 08:01 791277                     /home/madunlap/.m2/repository/com/google/guava/guava/16.0.1/guava-16.0.1.jar
7f62ec096000-7f62ec097000 r--s 00004000 08:01 791275                     /home/madunlap/.m2/repository/org/mindrot/jbcrypt/0.3m/jbcrypt-0.3m.jar
7f62ec097000-7f62ec0b5000 r--s 0027d000 08:01 791273                     /home/madunlap/.m2/repository/xalan/xalan/2.7.0/xalan-2.7.0.jar
7f62ec0b5000-7f62ec0c9000 r--s 000e3000 08:01 791272                     /home/madunlap/.m2/repository/xerces/xercesImpl/2.6.2/xercesImpl-2.6.2.jar
7f62ec0c9000-7f62ec0cf000 r--s 00019000 08:01 791270                     /home/madunlap/.m2/repository/xerces/xmlParserAPIs/2.6.2/xmlParserAPIs-2.6.2.jar
7f62ec0cf000-7f62ec0d6000 r--s 00063000 08:01 791268                     /home/madunlap/.m2/repository/xom/xom/1.1/xom-1.1.jar
7f62ec0d6000-7f62ec0db000 r--s 0002a000 08:01 791265                     /home/madunlap/.m2/repository/com/google/code/gson/gson/2.2.4/gson-2.2.4.jar
7f62ec0db000-7f62ec0df000 r--s 00027000 08:01 791263                     /home/madunlap/.m2/repository/commons-io/commons-io/2.2/commons-io-2.2.jar
7f62ec0df000-7f62ec0e1000 r--s 0000f000 08:01 791260                     /home/madunlap/.m2/repository/commons-fileupload/commons-fileupload/1.3.1/commons-fileupload-1.3.1.jar
7f62ec0e1000-7f62ec0e7000 r--s 00032000 08:01 791261                     /home/madunlap/.m2/repository/jaxen/jaxen/1.1.1/jaxen-1.1.1.jar
7f62ec0e7000-7f62ec0ee000 r--s 00079000 08:01 661348                     /home/madunlap/.m2/repository/org/codehaus/woodstox/wstx-asl/3.2.6/wstx-asl-3.2.6.jar
7f62ec0ee000-7f62ec0f3000 r--s 00070000 08:01 661349                     /home/madunlap/.m2/repository/org/codehaus/woodstox/woodstox-core-asl/4.1.4/woodstox-core-asl-4.1.4.jar
7f62ec0f3000-7f62ec0f7000 r--s 00026000 08:01 791256                     /home/madunlap/.m2/repository/org/apache/ws/commons/axiom/axiom-impl/1.2.14/axiom-impl-1.2.14.jar
7f62ec0f7000-7f62ec0fa000 r--s 00015000 08:01 791254                     /home/madunlap/.m2/repository/org/apache/james/apache-mime4j-core/0.7.2/apache-mime4j-core-0.7.2.jar
7f62ec0fa000-7f62ec0ff000 r--s 00032000 08:01 791252                     /home/madunlap/.m2/repository/org/apache/geronimo/specs/geronimo-javamail_1.4_spec/1.7.1/geronimo-javamail_1.4_spec-1.7.1.jar
7f62ec0ff000-7f62ec109000 r--s 0005d000 08:01 791250                     /home/madunlap/.m2/repository/org/apache/ws/commons/axiom/axiom-api/1.2.14/axiom-api-1.2.14.jar
7f62ec109000-7f62ec10c000 r--s 0014e000 08:01 791249                     /home/madunlap/.m2/repository/org/apache/abdera/abdera-parser/1.1.3/abdera-parser-1.1.3.jar
7f62ec10c000-7f62ec10e000 r--s 00006000 08:01 791245                     /home/madunlap/.m2/repository/org/apache/geronimo/specs/geronimo-stax-api_1.0_spec/1.0.1/geronimo-stax-api_1.0_spec-1.0.1.jar
7f62ec10e000-7f62ec110000 r--s 0000a000 08:01 791243                     /home/madunlap/.m2/repository/org/apache/geronimo/specs/geronimo-activation_1.1_spec/1.1/geronimo-activation_1.1_spec-1.1.jar
7f62ec110000-7f62ec114000 r--s 00094000 08:01 791246                     /home/madunlap/.m2/repository/org/apache/abdera/abdera-i18n/1.1.3/abdera-i18n-1.1.3.jar
7f62ec114000-7f62ec118000 r--s 00024000 08:01 791241                     /home/madunlap/.m2/repository/org/apache/abdera/abdera-core/1.1.3/abdera-core-1.1.3.jar
7f62ec118000-7f62ec131000 r--s 002fd000 08:01 791240                     /home/madunlap/.m2/repository/com/ibm/icu/icu4j/3.4.4/icu4j-3.4.4.jar
7f62ec131000-7f62ec134000 r--s 00023000 08:01 791237                     /home/madunlap/.m2/repository/com/hp/hpl/jena/iri/0.8/iri-0.8.jar
7f62ec134000-7f62ec157000 r--s 001ae000 08:01 791235                     /home/madunlap/.m2/repository/com/hp/hpl/jena/jena/2.6.4/jena-2.6.4.jar
7f62ec157000-7f62ec159000 r--s 0000d000 08:01 791233                     /home/madunlap/.m2/repository/org/apache/abdera/abdera-client/1.1.1/abdera-client-1.1.1.jar
7f62ec159000-7f62ec15b000 r--s 00016000 08:01 791230                     /home/madunlap/.m2/repository/javax/servlet/servlet-api/2.4/servlet-api-2.4.jar
7f62ec15b000-7f62ec15e000 r--s 0000f000 08:01 791226                     /home/madunlap/.m2/repository/org/swordapp/sword2-server/1.0/sword2-server-1.0-classes.jar
7f62ec15e000-7f62ec163000 r--s 00040000 08:01 791224                     /home/madunlap/.m2/repository/commons-httpclient/commons-httpclient/3.0.1/commons-httpclient-3.0.1.jar
7f62ec163000-7f62ec1dd000 r--s 010f7000 08:01 1582200                    /usr/lib/jvm/java-8-oracle/lib/tools.jar
7f62ec1dd000-7f62ec1e0000 r--s 0001b000 08:01 791438                     /home/madunlap/.m2/repository/junit/junit/3.8.2/junit-3.8.2.jar
7f62ec1e0000-7f62ec1ee000 r--s 0008f000 08:01 921892                     /home/madunlap/.m2/repository/com/google/collections/google-collections/1.0/google-collections-1.0.jar
7f62ec1ee000-7f62ec1ef000 r--s 0000a000 08:01 921891                     /home/madunlap/.m2/repository/commons-logging/commons-logging-api/1.1/commons-logging-api-1.1.jar
7f62ec1ef000-7f62ec1f6000 r--s 00051000 08:01 921889                     /home/madunlap/.m2/repository/log4j/log4j/1.2.12/log4j-1.2.12.jar
7f62ec1f6000-7f62ec1fa000 r--s 0001d000 08:01 921886                     /home/madunlap/.m2/repository/org/apache/xbean/xbean-reflect/3.4/xbean-reflect-3.4.jar
7f62ec1fa000-7f62ec1fb000 r--s 00004000 08:01 921885                     /home/madunlap/.m2/repository/org/codehaus/plexus/plexus-compiler-javac/2.2/plexus-compiler-javac-2.2.jar
7f62ec1fb000-7f62ec1fd000 r--s 00000000 08:01 921883                     /home/madunlap/.m2/repository/org/codehaus/plexus/plexus-compiler-manager/2.2/plexus-compiler-manager-2.2.jar
7f62ec1fd000-7f62ec1ff000 r--s 00005000 08:01 921878                     /home/madunlap/.m2/repository/org/codehaus/plexus/plexus-compiler-api/2.2/plexus-compiler-api-2.2.jar
7f62ec1ff000-7f62ec201000 r--s 00002000 08:01 921877                     /home/madunlap/.m2/repository/org/apache/maven/shared/maven-shared-incremental/1.1/maven-shared-incremental-1.1.jar
7f62ec201000-7f62ec203000 r--s 00006000 08:01 921876                     /home/madunlap/.m2/repository/com/google/code/findbugs/jsr305/2.0.1/jsr305-2.0.1.jar
7f62ec203000-7f62ec206000 r--s 00023000 08:01 921882                     /home/madunlap/.m2/repository/org/apache/maven/shared/maven-shared-utils/0.1/maven-shared-utils-0.1.jar
7f62ec206000-7f62ec20a000 r--s 00030000 08:01 921884                     /home/madunlap/.m2/repository/org/codehaus/plexus/plexus-utils/1.5.1/plexus-utils-1.5.1.jar
7f62ec20a000-7f62ec20c000 r--s 00009000 08:01 660601                     /home/madunlap/.m2/repository/org/apache/maven/plugins/maven-compiler-plugin/3.1/maven-compiler-plugin-3.1.jar
7f62ec20c000-7f62ec20e000 r--s 0000d000 08:01 921763                     /home/madunlap/.m2/repository/org/codehaus/plexus/plexus-interpolation/1.13/plexus-interpolation-1.13.jar
7f62ec20e000-7f62ec20f000 r--s 00001000 08:01 921761                     /home/madunlap/.m2/repository/org/sonatype/plexus/plexus-build-api/0.0.4/plexus-build-api-0.0.4.jar
7f62ec20f000-7f62ec211000 r--s 00009000 08:01 921767                     /home/madunlap/.m2/repository/org/apache/maven/shared/maven-filtering/1.0/maven-filtering-1.0.jar
7f62ec211000-7f62ec215000 r--s 00033000 08:01 921162                     /home/madunlap/.m2/repository/org/codehaus/plexus/plexus-utils/2.0.5/plexus-utils-2.0.5.jar
7f62ec215000-7f62ec216000 r--s 00001000 08:01 921765                     /home/madunlap/.m2/repository/org/apache/maven/doxia/doxia-sink-api/1.0-alpha-7/doxia-sink-api-1.0-alpha-7.jar
7f62ec216000-7f62ec217000 r--s 00002000 08:01 921760                     /home/madunlap/.m2/repository/org/apache/maven/reporting/maven-reporting-api/2.0.6/maven-reporting-api-2.0.6.jar
7f62ec217000-7f62ec219000 r--s 00005000 08:01 660590                     /home/madunlap/.m2/repository/org/apache/maven/plugins/maven-resources-plugin/2.5/maven-resources-plugin-2.5.jar
7f62ec219000-7f62ec21d000 r--s 0001f000 08:01 921028                     /home/madunlap/.m2/repository/org/jacoco/org.jacoco.report/0.7.5.201505241946/org.jacoco.report-0.7.5.201505241946.jar
7f62ec21d000-7f62ec222000 r--s 00058000 08:01 921027                     /home/madunlap/.m2/repository/org/ow2/asm/asm-debug-all/5.0.1/asm-debug-all-5.0.1.jar
7f62ec222000-7f62ec226000 r--s 0001d000 08:01 791383                     /home/madunlap/.m2/repository/org/jacoco/org.jacoco.core/0.7.5.201505241946/org.jacoco.core-0.7.5.201505241946.jar
7f62ec226000-7f62ec22c000 r--s 00041000 08:01 661360                     /home/madunlap/.m2/repository/org/jacoco/org.jacoco.agent/0.7.5.201505241946/org.jacoco.agent-0.7.5.201505241946-runtime.jar
7f62ec22c000-7f62ec239000 r--s 0007f000 08:01 921702                     /home/madunlap/.m2/repository/commons-collections/commons-collections/3.2/commons-collections-3.2.jar
7f62ec239000-7f62ec23b000 r--s 00008000 08:01 921015                     /home/madunlap/.m2/repository/org/apache/maven/doxia/doxia-module-fml/1.1.2/doxia-module-fml-1.1.2.jar
7f62ec23b000-7f62ec23c000 r--s 00003000 08:01 921016                     /home/madunlap/.m2/repository/org/apache/maven/doxia/doxia-module-xhtml/1.1.2/doxia-module-xhtml-1.1.2.jar
7f62ec23c000-7f62ec23e000 r--s 0000b000 08:01 921011                     /home/madunlap/.m2/repository/org/apache/maven/doxia/doxia-decoration-model/1.1.2/doxia-decoration-model-1.1.2.jar
7f62ec23e000-7f62ec240000 r--s 0000b000 08:01 921008                     /home/madunlap/.m2/repository/org/apache/maven/doxia/doxia-site-renderer/1.1.2/doxia-site-renderer-1.1.2.jar
7f62ec240000-7f62ec242000 r--s 00006000 08:01 791430                     /home/madunlap/.m2/repository/commons-codec/commons-codec/1.2/commons-codec-1.2.jar
7f62ec242000-7f62ec248000 r--s 00045000 08:01 791428                     /home/madunlap/.m2/repository/commons-httpclient/commons-httpclient/3.1/commons-httpclient-3.1.jar
7f62ec248000-7f62ec24c000 r--s 0003c000 08:01 791427                     /home/madunlap/.m2/repository/commons-lang/commons-lang/2.4/commons-lang-2.4.jar
7f62ec24c000-7f62ec263000 r--s 00112000 08:01 791426                     /home/madunlap/.m2/repository/xerces/xercesImpl/2.8.1/xercesImpl-2.8.1.jar
7f62ec263000-7f62ec267000 r--s 00023000 08:01 921010                     /home/madunlap/.m2/repository/org/apache/maven/doxia/doxia-core/1.1.2/doxia-core-1.1.2.jar
7f62ec267000-7f62ec269000 r--s 00003000 08:01 921007                     /home/madunlap/.m2/repository/org/apache/maven/reporting/maven-reporting-impl/2.1/maven-reporting-impl-2.1.jar
7f62ec269000-7f62ec26a000 r--s 00002000 08:01 921004                     /home/madunlap/.m2/repository/org/apache/maven/doxia/doxia-logging-api/1.1/doxia-logging-api-1.1.jar
7f62ec26a000-7f62ec26c000 r--s 00002000 08:01 921001                     /home/madunlap/.m2/repository/org/apache/maven/doxia/doxia-sink-api/1.1/doxia-sink-api-1.1.jar
7f62ec26c000-7f62ec26d000 r--s 00002000 08:01 920999                     /home/madunlap/.m2/repository/org/apache/maven/reporting/maven-reporting-api/2.2.1/maven-reporting-api-2.2.1.jar
7f62ec26d000-7f62ec272000 r--s 00039000 08:01 920997                     /home/madunlap/.m2/repository/org/codehaus/plexus/plexus-utils/1.5.6/plexus-utils-1.5.6.jar
7f62ec272000-7f62ec278000 r--s 00034000 08:01 921701                     /home/madunlap/.m2/repository/junit/junit/4.8.2/junit-4.8.2.jar
7f62ec278000-7f62ec27a000 r--s 0000b000 08:01 920985                     /home/madunlap/.m2/repository/org/codehaus/plexus/plexus-interpolation/1.11/plexus-interpolation-1.11.jar
7f62ec27a000-7f62ec282000 r--s 00049000 08:01 920984                     /home/madunlap/.m2/repository/backport-util-concurrent/backport-util-concurrent/3.1/backport-util-concurrent-3.1.jar
7f62ec282000-7f62ec482000 rw-p 00000000 00:00 0 
7f62ec482000-7f62ec485000 r--s 0001a000 08:01 1976716                    /usr/lib/jvm/java-8-oracle/jre/lib/jce.jar
7f62ec485000-7f62ec487000 r--s 0000b000 08:01 660606                     /home/madunlap/.m2/repository/org/jacoco/jacoco-maven-plugin/0.7.5.201505241946/jacoco-maven-plugin-0.7.5.201505241946.jar
7f62ec487000-7f62ec495000 r--s 0007f000 08:01 791424                     /home/madunlap/.m2/repository/commons-collections/commons-collections/3.2.1/commons-collections-3.2.1.jar
7f62ec495000-7f62ec49a000 r--s 00041000 08:01 791300                     /home/madunlap/.m2/repository/commons-lang/commons-lang/2.6/commons-lang-2.6.jar
7f62ec49a000-7f62ec49c000 r--s 00006000 08:01 921678                     /home/madunlap/.m2/repository/org/apache/maven/shared/maven-invoker/2.0.11/maven-invoker-2.0.11.jar
7f62ec49c000-7f62ec49e000 r--s 00006000 08:01 921677                     /home/madunlap/.m2/repository/org/apache/maven/shared/maven-common-artifact-filters/1.4/maven-common-artifact-filters-1.4.jar
7f62ec49e000-7f62ec4a0000 r--s 0000c000 08:01 921676                     /home/madunlap/.m2/repository/org/apache/maven/shared/maven-dependency-tree/2.0/maven-dependency-tree-2.0.jar
7f62ec4a0000-7f62ec4a2000 r--s 00000000 08:01 921682                     /home/madunlap/.m2/repository/org/codehaus/plexus/plexus-component-annotations/1.5.5/plexus-component-annotations-1.5.5.jar
7f62ec4a2000-7f62ec4a3000 r--s 0000a000 08:01 921680                     /home/madunlap/.m2/repository/asm/asm/3.3.1/asm-3.3.1.jar
7f62ec4a3000-7f62ec4a5000 r--s 00005000 08:01 921672                     /home/madunlap/.m2/repository/org/apache/maven/shared/maven-dependency-analyzer/1.3/maven-dependency-analyzer-1.3.jar
7f62ec4a5000-7f62ec4a8000 r--s 0000c000 08:01 921669                     /home/madunlap/.m2/repository/org/codehaus/plexus/plexus-io/2.0.6/plexus-io-2.0.6.jar
7f62ec4a8000-7f62ec4ab000 r--s 0001b000 08:01 791422                     /home/madunlap/.m2/repository/junit/junit/3.8.1/junit-3.8.1.jar
7f62ec4ab000-7f62ec4ad000 r--s 00008000 08:01 920995                     /home/madunlap/.m2/repository/org/apache/maven/shared/maven-shared-io/1.1/maven-shared-io-1.1.jar
7f62ec4ad000-7f62ec4af000 r--s 00008000 08:01 920998                     /home/madunlap/.m2/repository/org/apache/maven/shared/file-management/1.2.1/file-management-1.2.1.jar
7f62ec4af000-7f62ec4b3000 r--s 00035000 08:01 921667                     /home/madunlap/.m2/repository/org/codehaus/plexus/plexus-utils/3.0.9/plexus-utils-3.0.9.jar
7f62ec4b3000-7f62ec4b8000 r--s 00029000 08:01 921665                     /home/madunlap/.m2/repository/org/codehaus/plexus/plexus-archiver/2.2/plexus-archiver-2.2.jar
7f62ec4b8000-7f62ec4ba000 r--s 00004000 08:01 921661                     /home/madunlap/.m2/repository/org/apache/maven/doxia/doxia-module-xhtml/1.0/doxia-module-xhtml-1.0.jar
7f62ec4ba000-7f62ec4bb000 r--s 00006000 08:01 921663                     /home/madunlap/.m2/repository/org/apache/maven/doxia/doxia-module-xdoc/1.0/doxia-module-xdoc-1.0.jar
7f62ec4bb000-7f62ec4bc000 r--s 00004000 08:01 921664                     /home/madunlap/.m2/repository/org/apache/maven/doxia/doxia-module-fml/1.0/doxia-module-fml-1.0.jar
7f62ec4bc000-7f62ec4be000 r--s 0000a000 08:01 921659                     /home/madunlap/.m2/repository/org/apache/maven/doxia/doxia-module-apt/1.0/doxia-module-apt-1.0.jar
7f62ec4be000-7f62ec4bf000 r--s 0000b000 08:01 921658                     /home/madunlap/.m2/repository/org/apache/maven/doxia/doxia-decoration-model/1.0/doxia-decoration-model-1.0.jar
7f62ec4bf000-7f62ec4c7000 r--s 00058000 08:01 921019                     /home/madunlap/.m2/repository/org/apache/velocity/velocity/1.5/velocity-1.5.jar
7f62ec4c7000-7f62ec4c8000 r--s 00001000 08:01 921022                     /home/madunlap/.m2/repository/org/codehaus/plexus/plexus-velocity/1.1.7/plexus-velocity-1.1.7.jar
7f62ec4c8000-7f62ec4c9000 r--s 00002000 08:01 921017                     /home/madunlap/.m2/repository/org/codehaus/plexus/plexus-i18n/1.0-beta-7/plexus-i18n-1.0-beta-7.jar
7f62ec4c9000-7f62ec4cb000 r--s 0000a000 08:01 921654                     /home/madunlap/.m2/repository/org/apache/maven/doxia/doxia-site-renderer/1.0/doxia-site-renderer-1.0.jar
7f62ec4cb000-7f62ec4d0000 r--s 00016000 08:01 791388                     /home/madunlap/.m2/repository/xml-apis/xml-apis/1.0.b2/xml-apis-1.0.b2.jar
7f62ec4d0000-7f62ec4d2000 r--s 0000e000 08:01 921023                     /home/madunlap/.m2/repository/oro/oro/2.0.8/oro-2.0.8.jar
7f62ec4d2000-7f62ec4d6000 r--s 00026000 08:01 921649                     /home/madunlap/.m2/repository/commons-digester/commons-digester/1.6/commons-digester-1.6.jar
7f62ec4d6000-7f62ec6d6000 rw-p 00000000 00:00 0 
7f62ec6d6000-7f62ec6e7000 r-xp 00000000 08:01 2106483                    /usr/lib/jvm/java-8-oracle/jre/lib/amd64/libnio.so
7f62ec6e7000-7f62ec8e6000 ---p 00011000 08:01 2106483                    /usr/lib/jvm/java-8-oracle/jre/lib/amd64/libnio.so
7f62ec8e6000-7f62ec8e7000 rw-p 00010000 08:01 2106483                    /usr/lib/jvm/java-8-oracle/jre/lib/amd64/libnio.so
7f62ec8e7000-7f62ef8e8000 rw-p 00000000 00:00 0 
7f62ef8e8000-7f62ef8fe000 r-xp 00000000 08:01 2106458                    /usr/lib/jvm/java-8-oracle/jre/lib/amd64/libnet.so
7f62ef8fe000-7f62efafe000 ---p 00016000 08:01 2106458                    /usr/lib/jvm/java-8-oracle/jre/lib/amd64/libnet.so
7f62efafe000-7f62efaff000 rw-p 00016000 08:01 2106458                    /usr/lib/jvm/java-8-oracle/jre/lib/amd64/libnet.so
7f62efaff000-7f62efcff000 rw-p 00000000 00:00 0 
7f62efcff000-7f62efeff000 rw-p 00000000 00:00 0 
7f62efeff000-7f62eff00000 ---p 00000000 00:00 0 
7f62eff00000-7f62f0000000 rw-p 00000000 00:00 0 
7f62f0000000-7f62f0d04000 rw-p 00000000 00:00 0 
7f62f0d04000-7f62f4000000 ---p 00000000 00:00 0 
7f62f4000000-7f62f4021000 rw-p 00000000 00:00 0 
7f62f4021000-7f62f8000000 ---p 00000000 00:00 0 
7f62f8000000-7f62f8021000 rw-p 00000000 00:00 0 
7f62f8021000-7f62fc000000 ---p 00000000 00:00 0 
7f62fc000000-7f62fd2bf000 rw-p 00000000 00:00 0 
7f62fd2bf000-7f6300000000 ---p 00000000 00:00 0 
7f6300000000-7f6300021000 rw-p 00000000 00:00 0 
7f6300021000-7f6304000000 ---p 00000000 00:00 0 
7f6304000000-7f6304021000 rw-p 00000000 00:00 0 
7f6304021000-7f6308000000 ---p 00000000 00:00 0 
7f6308000000-7f6308021000 rw-p 00000000 00:00 0 
7f6308021000-7f630c000000 ---p 00000000 00:00 0 
7f630c000000-7f630c28e000 rw-p 00000000 00:00 0 
7f630c28e000-7f6310000000 ---p 00000000 00:00 0 
7f6310000000-7f6310021000 rw-p 00000000 00:00 0 
7f6310021000-7f6314000000 ---p 00000000 00:00 0 
7f6314000000-7f6314001000 r--s 00002000 08:01 921653                     /home/madunlap/.m2/repository/org/apache/maven/doxia/doxia-sink-api/1.0/doxia-sink-api-1.0.jar
7f6314001000-7f6314003000 r--s 00008000 08:01 791420                     /home/madunlap/.m2/repository/commons-logging/commons-logging/1.0.4/commons-logging-1.0.4.jar
7f6314003000-7f6314008000 r--s 0002a000 08:01 921644                     /home/madunlap/.m2/repository/commons-beanutils/commons-beanutils/1.7.0/commons-beanutils-1.7.0.jar
7f6314008000-7f631400b000 r--s 00014000 08:01 921646                     /home/madunlap/.m2/repository/commons-validator/commons-validator/1.2.0/commons-validator-1.2.0.jar
7f631400b000-7f631400e000 r--s 00018000 08:01 791418                     /home/madunlap/.m2/repository/commons-io/commons-io/1.4/commons-io-1.4.jar
7f631400e000-7f6314010000 r--s 00009000 08:01 921639                     /home/madunlap/.m2/repository/org/apache/maven/shared/maven-doxia-tools/1.0.2/maven-doxia-tools-1.0.2.jar
7f6314010000-7f6314013000 r--s 0000b000 08:01 921640                     /home/madunlap/.m2/repository/org/apache/maven/doxia/doxia-core/1.0/doxia-core-1.0.jar
7f6314013000-7f6314015000 r--s 00004000 08:01 921647                     /home/madunlap/.m2/repository/org/apache/maven/reporting/maven-reporting-impl/2.0.5/maven-reporting-impl-2.0.5.jar
7f6314015000-7f6314016000 r--s 00002000 08:01 921638                     /home/madunlap/.m2/repository/org/apache/maven/reporting/maven-reporting-api/3.0/maven-reporting-api-3.0.jar
7f6314016000-7f6314018000 r--s 00002000 08:01 921645                     /home/madunlap/.m2/repository/org/codehaus/plexus/plexus-interactivity-api/1.0-alpha-4/plexus-interactivity-api-1.0-alpha-4.jar
7f6314018000-7f631401a000 r--s 00006000 08:01 921636                     /home/madunlap/.m2/repository/commons-cli/commons-cli/1.0/commons-cli-1.0.jar
7f631401a000-7f631401d000 r--s 00021000 08:01 660560                     /home/madunlap/.m2/repository/org/apache/maven/plugins/maven-dependency-plugin/2.6/maven-dependency-plugin-2.6.jar
7f631401d000-7f6314020000 ---p 00000000 00:00 0 
7f6314020000-7f6314056000 rw-p 00000000 00:00 0 
7f6314056000-7f6314057000 r--p 00000000 00:00 0 
7f6314057000-7f631405c000 r--s 0009a000 08:01 1976643                    /usr/lib/jvm/java-8-oracle/jre/lib/jsse.jar
7f631405c000-7f631405e000 r--s 0000c000 08:01 2112577                    /usr/local/netbeans-8.1/java/maven-nblib/netbeans-eventspy.jar
7f631405e000-7f6314060000 r--s 00002000 08:01 2112587                    /usr/local/netbeans-8.1/java/maven/lib/plexus-cipher-1.7.jar
7f6314060000-7f6314061000 r--s 0000a000 08:01 2112568                    /usr/local/netbeans-8.1/java/maven/lib/maven-embedder-3.0.5.jar
7f6314061000-7f6314063000 r--s 00000000 08:01 2112237                    /usr/local/netbeans-8.1/java/maven/lib/plexus-component-annotations-1.5.5.jar
7f6314063000-7f6314065000 r--s 0000a000 08:01 2112569                    /usr/local/netbeans-8.1/java/maven/lib/maven-settings-3.0.5.jar
7f6314065000-7f6314069000 r--s 0001c000 08:01 2112582                    /usr/local/netbeans-8.1/java/maven/lib/aether-util-1.13.1.jar
7f6314069000-7f6314070000 r--s 0003f000 08:01 2112554                    /usr/local/netbeans-8.1/java/maven/lib/sisu-inject-bean-2.3.0.jar
7f6314070000-7f6314074000 r--s 00021000 08:01 2112506                    /usr/local/netbeans-8.1/java/maven/lib/maven-model-builder-3.0.5.jar
7f6314074000-7f6314076000 r--s 0000b000 08:01 2112552                    /usr/local/netbeans-8.1/java/maven/lib/wagon-provider-api-2.4.jar
7f6314076000-7f631407a000 r--s 00033000 08:01 2112580                    /usr/local/netbeans-8.1/java/maven/lib/plexus-utils-2.0.6.jar
7f631407a000-7f631407e000 r--s 00013000 08:01 2112588                    /usr/local/netbeans-8.1/java/maven/lib/aether-api-1.13.1.jar
7f631407e000-7f6314080000 r--s 0000d000 08:01 2112510                    /usr/local/netbeans-8.1/java/maven/lib/plexus-interpolation-1.14.jar
7f6314080000-7f631409b000 r--s 000e4000 08:01 2112562                    /usr/local/netbeans-8.1/java/maven/lib/wagon-http-2.4-shaded.jar
7f631409b000-7f63140ba000 r--s 00154000 08:01 2112595                    /usr/local/netbeans-8.1/java/maven/lib/sisu-guava-0.9.9.jar
7f63140ba000-7f63140bb000 r--s 00002000 08:01 2112599                    /usr/local/netbeans-8.1/java/maven/lib/wagon-file-2.4.jar
7f63140bb000-7f63140c3000 r--s 00050000 08:01 2112540                    /usr/local/netbeans-8.1/java/maven/lib/sisu-guice-3.1.0-no_aop.jar
7f63140c3000-7f63140c5000 r--s 0000b000 08:01 2112567                    /usr/local/netbeans-8.1/java/maven/lib/maven-artifact-3.0.5.jar
7f63140c5000-7f63140cc000 r--s 0002b000 08:01 2112529                    /usr/local/netbeans-8.1/java/maven/lib/sisu-inject-plexus-2.3.0.jar
7f63140cc000-7f63140cf000 r--s 0001d000 08:01 2112581                    /usr/local/netbeans-8.1/java/maven/lib/aether-impl-1.13.1.jar
7f63140cf000-7f63140d1000 r--s 00006000 08:01 2112424                    /usr/local/netbeans-8.1/java/maven/lib/aether-connector-wagon-1.13.1.jar
7f63140d1000-7f63140ff000 r--s 001c9000 08:01 2112509                    /usr/local/netbeans-8.1/java/maven/lib/ext/wagon-http-2.8-shaded.jar
7f63140ff000-7f6314102000 ---p 00000000 00:00 0 
7f6314102000-7f6314200000 rw-p 00000000 00:00 0 
7f6314200000-7f6314203000 ---p 00000000 00:00 0 
7f6314203000-7f6314301000 rw-p 00000000 00:00 0 
7f6314301000-7f6314304000 ---p 00000000 00:00 0 
7f6314304000-7f6314402000 rw-p 00000000 00:00 0 
7f6314402000-7f6314405000 ---p 00000000 00:00 0 
7f6314405000-7f6314503000 rw-p 00000000 00:00 0 
7f6314503000-7f63147de000 r--p 00000000 08:01 1441812                    /usr/lib/locale/locale-archive
7f63147de000-7f63147e1000 ---p 00000000 00:00 0 
7f63147e1000-7f63148df000 rw-p 00000000 00:00 0 
7f63148df000-7f63148e2000 ---p 00000000 00:00 0 
7f63148e2000-7f63149e0000 rw-p 00000000 00:00 0 
7f63149e0000-7f63149e1000 ---p 00000000 00:00 0 
7f63149e1000-7f631540b000 rw-p 00000000 00:00 0 
7f631540b000-7f63155e5000 r--s 03d4d000 08:01 1976682                    /usr/lib/jvm/java-8-oracle/jre/lib/rt.jar
7f63155e5000-7f6317eb3000 rw-p 00000000 00:00 0 
7f6317eb3000-7f6317eb4000 ---p 00000000 00:00 0 
7f6317eb4000-7f6317fb4000 rw-p 00000000 00:00 0 
7f6317fb4000-7f6317fb5000 ---p 00000000 00:00 0 
7f6317fb5000-7f63180dc000 rw-p 00000000 00:00 0 
7f63180dc000-7f63181ff000 ---p 00000000 00:00 0 
7f63181ff000-7f6318226000 rw-p 00000000 00:00 0 
7f6318226000-7f6318348000 ---p 00000000 00:00 0 
7f6318348000-7f63183b7000 rw-p 00000000 00:00 0 
7f63183b7000-7f63183ed000 ---p 00000000 00:00 0 
7f63183ed000-7f6318425000 rw-p 00000000 00:00 0 
7f6318425000-7f63187ae000 ---p 00000000 00:00 0 
7f63187ae000-7f631955e000 rwxp 00000000 00:00 0 
7f631955e000-7f63277ae000 ---p 00000000 00:00 0 
7f63277ae000-7f63277c8000 r-xp 00000000 08:01 2106481                    /usr/lib/jvm/java-8-oracle/jre/lib/amd64/libzip.so
7f63277c8000-7f63279c8000 ---p 0001a000 08:01 2106481                    /usr/lib/jvm/java-8-oracle/jre/lib/amd64/libzip.so
7f63279c8000-7f63279c9000 rw-p 0001a000 08:01 2106481                    /usr/lib/jvm/java-8-oracle/jre/lib/amd64/libzip.so
7f63279c9000-7f63279d4000 r-xp 00000000 08:01 663303                     /lib/x86_64-linux-gnu/libnss_files-2.24.so
7f63279d4000-7f6327bd3000 ---p 0000b000 08:01 663303                     /lib/x86_64-linux-gnu/libnss_files-2.24.so
7f6327bd3000-7f6327bd4000 r--p 0000a000 08:01 663303                     /lib/x86_64-linux-gnu/libnss_files-2.24.so
7f6327bd4000-7f6327bd5000 rw-p 0000b000 08:01 663303                     /lib/x86_64-linux-gnu/libnss_files-2.24.so
7f6327bd5000-7f6327bdb000 rw-p 00000000 00:00 0 
7f6327bdb000-7f6327be6000 r-xp 00000000 08:01 663305                     /lib/x86_64-linux-gnu/libnss_nis-2.24.so
7f6327be6000-7f6327de5000 ---p 0000b000 08:01 663305                     /lib/x86_64-linux-gnu/libnss_nis-2.24.so
7f6327de5000-7f6327de6000 r--p 0000a000 08:01 663305                     /lib/x86_64-linux-gnu/libnss_nis-2.24.so
7f6327de6000-7f6327de7000 rw-p 0000b000 08:01 663305                     /lib/x86_64-linux-gnu/libnss_nis-2.24.so
7f6327de7000-7f6327dfd000 r-xp 00000000 08:01 663300                     /lib/x86_64-linux-gnu/libnsl-2.24.so
7f6327dfd000-7f6327ffc000 ---p 00016000 08:01 663300                     /lib/x86_64-linux-gnu/libnsl-2.24.so
7f6327ffc000-7f6327ffd000 r--p 00015000 08:01 663300                     /lib/x86_64-linux-gnu/libnsl-2.24.so
7f6327ffd000-7f6327ffe000 rw-p 00016000 08:01 663300                     /lib/x86_64-linux-gnu/libnsl-2.24.so
7f6327ffe000-7f6328000000 rw-p 00000000 00:00 0 
7f6328000000-7f63299dd000 rw-p 00000000 00:00 0 
7f63299dd000-7f632c000000 ---p 00000000 00:00 0 
7f632c000000-7f632c001000 r--s 00003000 08:01 2112589                    /usr/local/netbeans-8.1/java/maven/lib/aether-spi-1.13.1.jar
7f632c001000-7f632c003000 r--s 00009000 08:01 2112597                    /usr/local/netbeans-8.1/java/maven/lib/commons-cli-1.2.jar
7f632c003000-7f632c006000 r--s 00008000 08:01 2112453                    /usr/local/netbeans-8.1/java/maven/lib/maven-settings-builder-3.0.5.jar
7f632c006000-7f632c008000 r--s 00006000 08:01 2112358                    /usr/local/netbeans-8.1/java/maven/lib/maven-repository-metadata-3.0.5.jar
7f632c008000-7f632c014000 r--s 0007d000 08:01 2112594                    /usr/local/netbeans-8.1/java/maven/lib/maven-core-3.0.5.jar
7f632c014000-7f632c01a000 r--s 0003f000 08:01 2112583                    /usr/local/netbeans-8.1/java/maven/lib/maven-compat-3.0.5.jar
7f632c01a000-7f632c0d2000 rw-p 00000000 00:00 0 
7f632c0d2000-7f632c0da000 r-xp 00000000 08:01 663301                     /lib/x86_64-linux-gnu/libnss_compat-2.24.so
7f632c0da000-7f632c2d9000 ---p 00008000 08:01 663301                     /lib/x86_64-linux-gnu/libnss_compat-2.24.so
7f632c2d9000-7f632c2da000 r--p 00007000 08:01 663301                     /lib/x86_64-linux-gnu/libnss_compat-2.24.so
7f632c2da000-7f632c2db000 rw-p 00008000 08:01 663301                     /lib/x86_64-linux-gnu/libnss_compat-2.24.so
7f632c2db000-7f632c306000 r-xp 00000000 08:01 2106508                    /usr/lib/jvm/java-8-oracle/jre/lib/amd64/libjava.so
7f632c306000-7f632c505000 ---p 0002b000 08:01 2106508                    /usr/lib/jvm/java-8-oracle/jre/lib/amd64/libjava.so
7f632c505000-7f632c507000 rw-p 0002a000 08:01 2106508                    /usr/lib/jvm/java-8-oracle/jre/lib/amd64/libjava.so
7f632c507000-7f632c514000 r-xp 00000000 08:01 2106459                    /usr/lib/jvm/java-8-oracle/jre/lib/amd64/libverify.so
7f632c514000-7f632c714000 ---p 0000d000 08:01 2106459                    /usr/lib/jvm/java-8-oracle/jre/lib/amd64/libverify.so
7f632c714000-7f632c716000 rw-p 0000d000 08:01 2106459                    /usr/lib/jvm/java-8-oracle/jre/lib/amd64/libverify.so
7f632c716000-7f632c71d000 r-xp 00000000 08:01 663310                     /lib/x86_64-linux-gnu/librt-2.24.so
7f632c71d000-7f632c91c000 ---p 00007000 08:01 663310                     /lib/x86_64-linux-gnu/librt-2.24.so
7f632c91c000-7f632c91d000 r--p 00006000 08:01 663310                     /lib/x86_64-linux-gnu/librt-2.24.so
7f632c91d000-7f632c91e000 rw-p 00007000 08:01 663310                     /lib/x86_64-linux-gnu/librt-2.24.so
7f632c91e000-7f632ca26000 r-xp 00000000 08:01 663297                     /lib/x86_64-linux-gnu/libm-2.24.so
7f632ca26000-7f632cc25000 ---p 00108000 08:01 663297                     /lib/x86_64-linux-gnu/libm-2.24.so
7f632cc25000-7f632cc26000 r--p 00107000 08:01 663297                     /lib/x86_64-linux-gnu/libm-2.24.so
7f632cc26000-7f632cc27000 rw-p 00108000 08:01 663297                     /lib/x86_64-linux-gnu/libm-2.24.so
7f632cc27000-7f632d8fa000 r-xp 00000000 08:01 2106512                    /usr/lib/jvm/java-8-oracle/jre/lib/amd64/server/libjvm.so
7f632d8fa000-7f632daf9000 ---p 00cd3000 08:01 2106512                    /usr/lib/jvm/java-8-oracle/jre/lib/amd64/server/libjvm.so
7f632daf9000-7f632dbd3000 rw-p 00cd2000 08:01 2106512                    /usr/lib/jvm/java-8-oracle/jre/lib/amd64/server/libjvm.so
7f632dbd3000-7f632dc1e000 rw-p 00000000 00:00 0 
7f632dc1e000-7f632dddc000 r-xp 00000000 08:01 663293                     /lib/x86_64-linux-gnu/libc-2.24.so
7f632dddc000-7f632dfdb000 ---p 001be000 08:01 663293                     /lib/x86_64-linux-gnu/libc-2.24.so
7f632dfdb000-7f632dfdf000 r--p 001bd000 08:01 663293                     /lib/x86_64-linux-gnu/libc-2.24.so
7f632dfdf000-7f632dfe1000 rw-p 001c1000 08:01 663293                     /lib/x86_64-linux-gnu/libc-2.24.so
7f632dfe1000-7f632dfe5000 rw-p 00000000 00:00 0 
7f632dfe5000-7f632dfe8000 r-xp 00000000 08:01 663296                     /lib/x86_64-linux-gnu/libdl-2.24.so
7f632dfe8000-7f632e1e7000 ---p 00003000 08:01 663296                     /lib/x86_64-linux-gnu/libdl-2.24.so
7f632e1e7000-7f632e1e8000 r--p 00002000 08:01 663296                     /lib/x86_64-linux-gnu/libdl-2.24.so
7f632e1e8000-7f632e1e9000 rw-p 00003000 08:01 663296                     /lib/x86_64-linux-gnu/libdl-2.24.so
7f632e1e9000-7f632e1fe000 r-xp 00000000 08:01 1711533                    /usr/lib/jvm/java-8-oracle/lib/amd64/jli/libjli.so
7f632e1fe000-7f632e3fe000 ---p 00015000 08:01 1711533                    /usr/lib/jvm/java-8-oracle/lib/amd64/jli/libjli.so
7f632e3fe000-7f632e3ff000 rw-p 00015000 08:01 1711533                    /usr/lib/jvm/java-8-oracle/lib/amd64/jli/libjli.so
7f632e3ff000-7f632e417000 r-xp 00000000 08:01 663308                     /lib/x86_64-linux-gnu/libpthread-2.24.so
7f632e417000-7f632e617000 ---p 00018000 08:01 663308                     /lib/x86_64-linux-gnu/libpthread-2.24.so
7f632e617000-7f632e618000 r--p 00018000 08:01 663308                     /lib/x86_64-linux-gnu/libpthread-2.24.so
7f632e618000-7f632e619000 rw-p 00019000 08:01 663308                     /lib/x86_64-linux-gnu/libpthread-2.24.so
7f632e619000-7f632e61d000 rw-p 00000000 00:00 0 
7f632e61d000-7f632e643000 r-xp 00000000 08:01 663288                     /lib/x86_64-linux-gnu/ld-2.24.so
7f632e643000-7f632e715000 rw-p 00000000 00:00 0 
7f632e715000-7f632e718000 ---p 00000000 00:00 0 
7f632e718000-7f632e818000 rw-p 00000000 00:00 0 
7f632e818000-7f632e81a000 r--s 00026000 08:01 2112586                    /usr/local/netbeans-8.1/java/maven/lib/maven-model-3.0.5.jar
7f632e81a000-7f632e81c000 r--s 0000b000 08:01 2112553                    /usr/local/netbeans-8.1/java/maven/lib/maven-plugin-api-3.0.5.jar
7f632e81c000-7f632e81d000 r--s 00006000 08:01 2112507                    /usr/local/netbeans-8.1/java/maven/lib/plexus-sec-dispatcher-1.3.jar
7f632e81d000-7f632e81f000 r--s 0000c000 08:01 2112471                    /usr/local/netbeans-8.1/java/maven/lib/maven-aether-provider-3.0.5.jar
7f632e81f000-7f632e821000 r--s 0000a000 08:01 2112542                    /usr/local/netbeans-8.1/java/maven/boot/plexus-classworlds-2.4.jar
7f632e821000-7f632e835000 rw-p 00000000 00:00 0 
7f632e835000-7f632e83d000 rw-s 00000000 08:01 1713954                    /tmp/hsperfdata_madunlap/7441
7f632e83d000-7f632e83e000 rw-p 00000000 00:00 0 
7f632e83e000-7f632e83f000 ---p 00000000 00:00 0 
7f632e83f000-7f632e842000 rw-p 00000000 00:00 0 
7f632e842000-7f632e843000 r--p 00025000 08:01 663288                     /lib/x86_64-linux-gnu/ld-2.24.so
7f632e843000-7f632e844000 rw-p 00026000 08:01 663288                     /lib/x86_64-linux-gnu/ld-2.24.so
7f632e844000-7f632e845000 rw-p 00000000 00:00 0 
7ffc6b95c000-7ffc6b97d000 rw-p 00000000 00:00 0                          [stack]
7ffc6b9fb000-7ffc6b9fd000 r--p 00000000 00:00 0                          [vvar]
7ffc6b9fd000-7ffc6b9ff000 r-xp 00000000 00:00 0                          [vdso]
ffffffffff600000-ffffffffff601000 r-xp 00000000 00:00 0                  [vsyscall]

VM Arguments:
jvm_args: -Dclassworlds.conf=/usr/local/netbeans-8.1/java/maven/bin/m2.conf -Dmaven.home=/usr/local/netbeans-8.1/java/maven 
java_command: org.codehaus.plexus.classworlds.launcher.Launcher -Dnetbeans.deploy=true -Dmaven.ext.class.path=/usr/local/netbeans-8.1/java/maven-nblib/netbeans-eventspy.jar package
java_class_path (initial): /usr/local/netbeans-8.1/java/maven/boot/plexus-classworlds-2.4.jar
Launcher Type: SUN_STANDARD

Environment Variables:
JAVA_HOME=/usr/lib/jvm/java-8-oracle
PATH=/usr/local/sbin:/usr/local/bin:/usr/sbin:/usr/bin:/sbin:/bin:/usr/games:/usr/local/games:/snap/bin:/usr/lib/jvm/java-8-oracle/bin:/usr/lib/jvm/java-8-oracle/db/bin:/usr/lib/jvm/java-8-oracle/jre/bin
LD_LIBRARY_PATH=/usr/lib/jvm/java-8-oracle/jre/lib/amd64:/usr/lib/jvm/java-8-oracle/jre/lib/i386:
SHELL=/bin/bash
DISPLAY=:0

Signal Handlers:
SIGSEGV: [libjvm.so+0xacba10], sa_mask[0]=11111111011111111101111111111110, sa_flags=SA_RESTART|SA_SIGINFO
SIGBUS: [libjvm.so+0xacba10], sa_mask[0]=11111111011111111101111111111110, sa_flags=SA_RESTART|SA_SIGINFO
SIGFPE: [libjvm.so+0x924ba0], sa_mask[0]=11111111011111111101111111111110, sa_flags=SA_RESTART|SA_SIGINFO
SIGPIPE: [libjvm.so+0x924ba0], sa_mask[0]=11111111011111111101111111111110, sa_flags=SA_RESTART|SA_SIGINFO
SIGXFSZ: [libjvm.so+0x924ba0], sa_mask[0]=11111111011111111101111111111110, sa_flags=SA_RESTART|SA_SIGINFO
SIGILL: [libjvm.so+0x924ba0], sa_mask[0]=11111111011111111101111111111110, sa_flags=SA_RESTART|SA_SIGINFO
SIGUSR1: SIG_DFL, sa_mask[0]=00000000000000000000000000000000, sa_flags=none
SIGUSR2: [libjvm.so+0x9263e0], sa_mask[0]=00100000000000000000000000000000, sa_flags=SA_RESTART|SA_SIGINFO
SIGHUP: [libjvm.so+0x9277e0], sa_mask[0]=11111111011111111101111111111110, sa_flags=SA_RESTART|SA_SIGINFO
SIGINT: SIG_IGN, sa_mask[0]=00000000000000000000000000000000, sa_flags=none
SIGTERM: [libjvm.so+0x9277e0], sa_mask[0]=11111111011111111101111111111110, sa_flags=SA_RESTART|SA_SIGINFO
SIGQUIT: [libjvm.so+0x9277e0], sa_mask[0]=11111111011111111101111111111110, sa_flags=SA_RESTART|SA_SIGINFO


---------------  S Y S T E M  ---------------

OS:DISTRIB_ID=Ubuntu
DISTRIB_RELEASE=17.04
DISTRIB_CODENAME=zesty
DISTRIB_DESCRIPTION="Ubuntu 17.04"

uname:Linux 4.10.0-33-generic #37-Ubuntu SMP Fri Aug 11 10:55:28 UTC 2017 x86_64
libc:glibc 2.24 NPTL 2.24 
rlimit: STACK 8192k, CORE 0k, NPROC 15602, NOFILE 1048576, AS infinity
load average:1.42 1.13 0.84

/proc/meminfo:
MemTotal:        4039884 kB
MemFree:          120796 kB
MemAvailable:      29168 kB
Buffers:            1264 kB
Cached:            38776 kB
SwapCached:        10124 kB
Active:          3076164 kB
Inactive:         622956 kB
Active(anon):    3068064 kB
Inactive(anon):   615104 kB
Active(file):       8100 kB
Inactive(file):     7852 kB
Unevictable:          32 kB
Mlocked:              32 kB
SwapTotal:       2097148 kB
SwapFree:              8 kB
Dirty:              1356 kB
Writeback:             0 kB
AnonPages:       3650624 kB
Mapped:            31800 kB
Shmem:             23960 kB
Slab:              92408 kB
SReclaimable:      44048 kB
SUnreclaim:        48360 kB
KernelStack:       15408 kB
PageTables:        73964 kB
NFS_Unstable:          0 kB
Bounce:                0 kB
WritebackTmp:          0 kB
CommitLimit:     4117088 kB
Committed_AS:   10645688 kB
VmallocTotal:   34359738367 kB
VmallocUsed:           0 kB
VmallocChunk:          0 kB
HardwareCorrupted:     0 kB
AnonHugePages:   1038336 kB
ShmemHugePages:        0 kB
ShmemPmdMapped:        0 kB
CmaTotal:              0 kB
CmaFree:               0 kB
HugePages_Total:       0
HugePages_Free:        0
HugePages_Rsvd:        0
HugePages_Surp:        0
Hugepagesize:       2048 kB
DirectMap4k:      163760 kB
DirectMap2M:     4030464 kB


CPU:total 2 (initial active 2) (2 cores per cpu, 1 threads per core) family 6 model 70 stepping 1, cmov, cx8, fxsr, mmx, sse, sse2, sse3, ssse3, sse4.1, sse4.2, popcnt, avx, avx2, aes, clmul, erms, lzcnt, tsc, tscinvbit, bmi1, bmi2

/proc/cpuinfo:
processor	: 0
vendor_id	: GenuineIntel
cpu family	: 6
model		: 70
model name	: Intel(R) Core(TM) i7-4870HQ CPU @ 2.50GHz
stepping	: 1
microcode	: 0x13
cpu MHz		: 2494.226
cache size	: 6144 KB
physical id	: 0
siblings	: 2
core id		: 0
cpu cores	: 2
apicid		: 0
initial apicid	: 0
fpu		: yes
fpu_exception	: yes
cpuid level	: 13
wp		: yes
flags		: fpu vme de pse tsc msr pae mce cx8 apic sep mtrr pge mca cmov pat pse36 clflush mmx fxsr sse sse2 ss ht syscall nx rdtscp lm constant_tsc nopl xtopology nonstop_tsc pni pclmulqdq ssse3 fma cx16 pcid sse4_1 sse4_2 x2apic movbe popcnt tsc_deadline_timer aes xsave avx f16c rdrand hypervisor lahf_lm abm fsgsbase tsc_adjust bmi1 avx2 smep bmi2 invpcid xsaveopt dtherm arat pln pts
bugs		:
bogomips	: 4988.45
clflush size	: 64
cache_alignment	: 64
address sizes	: 36 bits physical, 48 bits virtual
power management:

processor	: 1
vendor_id	: GenuineIntel
cpu family	: 6
model		: 70
model name	: Intel(R) Core(TM) i7-4870HQ CPU @ 2.50GHz
stepping	: 1
microcode	: 0x13
cpu MHz		: 2494.226
cache size	: 6144 KB
physical id	: 0
siblings	: 2
core id		: 1
cpu cores	: 2
apicid		: 1
initial apicid	: 1
fpu		: yes
fpu_exception	: yes
cpuid level	: 13
wp		: yes
flags		: fpu vme de pse tsc msr pae mce cx8 apic sep mtrr pge mca cmov pat pse36 clflush mmx fxsr sse sse2 ss ht syscall nx rdtscp lm constant_tsc nopl xtopology nonstop_tsc pni pclmulqdq ssse3 fma cx16 pcid sse4_1 sse4_2 x2apic movbe popcnt tsc_deadline_timer aes xsave avx f16c rdrand hypervisor lahf_lm abm fsgsbase tsc_adjust bmi1 avx2 smep bmi2 invpcid xsaveopt dtherm arat pln pts
bugs		:
bogomips	: 4988.45
clflush size	: 64
cache_alignment	: 64
address sizes	: 36 bits physical, 48 bits virtual
power management:



Memory: 4k page, physical 4039884k(120564k free), swap 2097148k(8k free)

vm_info: Java HotSpot(TM) 64-Bit Server VM (25.144-b01) for linux-amd64 JRE (1.8.0_144-b01), built on Jul 21 2017 21:57:33 by "java_re" with gcc 4.3.0 20080428 (Red Hat 4.3.0-8)

time: Tue Sep 12 12:44:29 2017
elapsed time: 6 seconds (0d 0h 0m 6s)

