#
# There is insufficient memory for the Java Runtime Environment to continue.
# Native memory allocation (mmap) failed to map 102760448 bytes for committing reserved memory.
# Possible reasons:
#   The system is out of physical RAM or swap space
#   In 32 bit mode, the process size limit was hit
# Possible solutions:
#   Reduce memory load on the system
#   Increase physical memory or swap space
#   Check if swap backing store is full
#   Use 64 bit Java on a 64 bit OS
#   Decrease Java heap size (-Xmx/-Xms)
#   Decrease number of Java threads
#   Decrease Java thread stack sizes (-Xss)
#   Set larger code cache with -XX:ReservedCodeCacheSize=
# This output file may be truncated or incomplete.
#
#  Out of Memory Error (os_linux.cpp:2640), pid=31023, tid=0x00007f8e937f7700
#
# JRE version: Java(TM) SE Runtime Environment (8.0_151-b12) (build 1.8.0_151-b12)
# Java VM: Java HotSpot(TM) 64-Bit Server VM (25.151-b12 mixed mode linux-amd64 compressed oops)
# Failed to write core dump. Core dumps have been disabled. To enable core dumping, try "ulimit -c unlimited" before starting Java again
#

---------------  T H R E A D  ---------------

Current thread (0x00007f8eac0fc000):  VMThread [stack: 0x00007f8e936f7000,0x00007f8e937f8000] [id=31030]

Stack: [0x00007f8e936f7000,0x00007f8e937f8000],  sp=0x00007f8e937f60a0,  free space=1020k
Native frames: (J=compiled Java code, j=interpreted, Vv=VM code, C=native code)
V  [libjvm.so+0xacb58a]  VMError::report_and_die()+0x2ba
V  [libjvm.so+0x4ff4ab]  report_vm_out_of_memory(char const*, int, unsigned long, VMErrorType, char const*)+0x8b
V  [libjvm.so+0x928113]  os::Linux::commit_memory_impl(char*, unsigned long, bool)+0x103
V  [libjvm.so+0x928669]  os::pd_commit_memory(char*, unsigned long, unsigned long, bool)+0x29
V  [libjvm.so+0x92288a]  os::commit_memory(char*, unsigned long, unsigned long, bool)+0x2a
V  [libjvm.so+0x9973e3]  PSVirtualSpace::expand_by(unsigned long)+0x53
V  [libjvm.so+0x9987e8]  PSYoungGen::resize_generation(unsigned long, unsigned long)+0xf8
V  [libjvm.so+0x997942]  PSYoungGen::resize(unsigned long, unsigned long)+0x22
V  [libjvm.so+0x994c1b]  PSScavenge::invoke_no_policy()+0xf3b
V  [libjvm.so+0x9953a1]  PSScavenge::invoke()+0x41
V  [libjvm.so+0x94c0d0]  ParallelScavengeHeap::failed_mem_allocate(unsigned long)+0x70
V  [libjvm.so+0xaccfa7]  VM_ParallelGCFailedAllocation::doit()+0x97
V  [libjvm.so+0xad4a85]  VM_Operation::evaluate()+0x55
V  [libjvm.so+0xad2e5a]  VMThread::evaluate_operation(VM_Operation*)+0xba
V  [libjvm.so+0xad31de]  VMThread::loop()+0x1ce
V  [libjvm.so+0xad3650]  VMThread::run()+0x70
V  [libjvm.so+0x92a728]  java_start(Thread*)+0x108

VM_Operation (0x00007f8eb2a384c0): ParallelGCFailedAllocation, mode: safepoint, requested by thread 0x00007f8eac00b000


---------------  P R O C E S S  ---------------

Java Threads: ( => current thread )
  0x00007f8e5c02e800 JavaThread "process reaper" daemon [_thread_blocked, id=31048, stack(0x00007f8e916f4000,0x00007f8e9172d000)]
  0x00007f8eace48000 JavaThread "surefire-forkedjvm-ping-30s" daemon [_thread_blocked, id=31042, stack(0x00007f8e9172d000,0x00007f8e9182e000)]
  0x00007f8eace61800 JavaThread "surefire-forkedjvm-command-thread" daemon [_thread_in_native, id=31041, stack(0x00007f8e91a37000,0x00007f8e91b38000)]
  0x00007f8eace33800 JavaThread "Service Thread" daemon [_thread_blocked, id=31039, stack(0x00007f8e91c39000,0x00007f8e91d3a000)]
  0x00007f8eace7f000 JavaThread "C1 CompilerThread1" daemon [_thread_blocked, id=31038, stack(0x00007f8e91d3a000,0x00007f8e91e3b000)]
  0x00007f8eace7d000 JavaThread "C2 CompilerThread0" daemon [_thread_in_native, id=31037, stack(0x00007f8e91e3b000,0x00007f8e91f3c000)]
  0x00007f8eac13b800 JavaThread "Signal Dispatcher" daemon [_thread_blocked, id=31033, stack(0x00007f8e93119000,0x00007f8e9321a000)]
  0x00007f8eac108000 JavaThread "Finalizer" daemon [_thread_blocked, id=31032, stack(0x00007f8e934f5000,0x00007f8e935f6000)]
  0x00007f8eac103800 JavaThread "Reference Handler" daemon [_thread_blocked, id=31031, stack(0x00007f8e935f6000,0x00007f8e936f7000)]
  0x00007f8eac00b000 JavaThread "main" [_thread_blocked, id=31027, stack(0x00007f8eb293b000,0x00007f8eb2a3c000)]

Other Threads:
=>0x00007f8eac0fc000 VMThread [stack: 0x00007f8e936f7000,0x00007f8e937f8000] [id=31030]
  0x00007f8eace87800 WatcherThread [stack: 0x00007f8e91b38000,0x00007f8e91c39000] [id=31040]

VM state:at safepoint (normal execution)

VM Mutex/Monitor currently owned by a thread:  ([mutex/lock_event])
[0x00007f8eac0075f0] Threads_lock - owner thread: 0x00007f8eac0fc000
[0x00007f8eac007af0] Heap_lock - owner thread: 0x00007f8eac00b000

Heap:
 PSYoungGen      total 102400K, used 4602K [0x00000000e0f00000, 0x00000000e7800000, 0x0000000100000000)
  eden space 97792K, 0% used [0x00000000e0f00000,0x00000000e0f00000,0x00000000e6e80000)
  from space 4608K, 99% used [0x00000000e6e80000,0x00000000e72fe9b0,0x00000000e7300000)
  to   space 4096K, 0% used [0x00000000e7300000,0x00000000e7300000,0x00000000e7700000)
 ParOldGen       total 64512K, used 3045K [0x00000000a2c00000, 0x00000000a6b00000, 0x00000000e0f00000)
  object space 64512K, 4% used [0x00000000a2c00000,0x00000000a2ef9708,0x00000000a6b00000)
 Metaspace       used 15148K, capacity 16188K, committed 16256K, reserved 1062912K
  class space    used 1658K, capacity 1855K, committed 1920K, reserved 1048576K

Card table byte_map: [0x00007f8e9c102000,0x00007f8e9c3ed000] byte_map_base: 0x00007f8e9bbec000

Marking Bits: (ParMarkBitMap*) 0x00007f8eb1e19f80
 Begin Bits: [0x00007f8e98e6e000, 0x00007f8e9a5be000)
 End Bits:   [0x00007f8e9a5be000, 0x00007f8e9bd0e000)

Polling page: 0x00007f8eb2a67000

CodeCache: size=245760Kb used=6986Kb max_used=6986Kb free=238773Kb
 bounds [0x00007f8e9c7ad000, 0x00007f8e9ce8d000, 0x00007f8eab7ad000]
 total_blobs=2921 nmethods=2580 adapters=253
 compilation: enabled

Compilation events (10 events):
Event: 3.879 Thread 0x00007f8eace7f000 2619       2       java.io.DataInputStream::readUnsignedShort (39 bytes)
Event: 3.879 Thread 0x00007f8eace7f000 nmethod 2619 0x00007f8e9ce7d7d0 code [0x00007f8e9ce7d960, 0x00007f8e9ce7dbe8]
Event: 3.879 Thread 0x00007f8eace7f000 2622       2       java.io.DataInputStream::readShort (40 bytes)
Event: 3.880 Thread 0x00007f8eace7f000 nmethod 2622 0x00007f8e9ce7dd10 code [0x00007f8e9ce7dea0, 0x00007f8e9ce7e128]
Event: 3.880 Thread 0x00007f8eace7f000 2621       2       java.io.DataInputStream::readUTF (5 bytes)
Event: 3.880 Thread 0x00007f8eace7f000 nmethod 2621 0x00007f8e9ce7e250 code [0x00007f8e9ce7e3c0, 0x00007f8e9ce7e528]
Event: 3.880 Thread 0x00007f8eace7f000 2623       2       java.io.DataInputStream::readFully (9 bytes)
Event: 3.880 Thread 0x00007f8eace7f000 nmethod 2623 0x00007f8e9ce7e5d0 code [0x00007f8e9ce7e740, 0x00007f8e9ce7e8c8]
Event: 3.899 Thread 0x00007f8eace7f000 2624       2       org.jacoco.agent.rt.internal_c13123e.asm.Item::isEqualTo (354 bytes)
Event: 3.908 Thread 0x00007f8eace7f000 nmethod 2624 0x00007f8e9ce7f1d0 code [0x00007f8e9ce7f3c0, 0x00007f8e9ce7f8e8]

GC Heap History (10 events):
Event: 1.701 GC heap after
Heap after GC invocations=2 (full 0):
 PSYoungGen      total 28160K, used 3077K [0x00000000e0f00000, 0x00000000e2e00000, 0x0000000100000000)
  eden space 24576K, 0% used [0x00000000e0f00000,0x00000000e0f00000,0x00000000e2700000)
  from space 3584K, 85% used [0x00000000e2a80000,0x00000000e2d81558,0x00000000e2e00000)
  to   space 3584K, 0% used [0x00000000e2700000,0x00000000e2700000,0x00000000e2a80000)
 ParOldGen       total 64512K, used 0K [0x00000000a2c00000, 0x00000000a6b00000, 0x00000000e0f00000)
  object space 64512K, 0% used [0x00000000a2c00000,0x00000000a2c00000,0x00000000a6b00000)
 Metaspace       used 6041K, capacity 6200K, committed 6400K, reserved 1056768K
  class space    used 650K, capacity 724K, committed 768K, reserved 1048576K
}
Event: 1.968 GC heap before
{Heap before GC invocations=3 (full 0):
 PSYoungGen      total 28160K, used 27653K [0x00000000e0f00000, 0x00000000e2e00000, 0x0000000100000000)
  eden space 24576K, 100% used [0x00000000e0f00000,0x00000000e2700000,0x00000000e2700000)
  from space 3584K, 85% used [0x00000000e2a80000,0x00000000e2d81558,0x00000000e2e00000)
  to   space 3584K, 0% used [0x00000000e2700000,0x00000000e2700000,0x00000000e2a80000)
 ParOldGen       total 64512K, used 0K [0x00000000a2c00000, 0x00000000a6b00000, 0x00000000e0f00000)
  object space 64512K, 0% used [0x00000000a2c00000,0x00000000a2c00000,0x00000000a6b00000)
 Metaspace       used 8389K, capacity 8744K, committed 8832K, reserved 1056768K
  class space    used 961K, capacity 1082K, committed 1152K, reserved 1048576K
Event: 1.983 GC heap after
Heap after GC invocations=3 (full 0):
 PSYoungGen      total 28160K, used 3236K [0x00000000e0f00000, 0x00000000e4600000, 0x0000000100000000)
  eden space 24576K, 0% used [0x00000000e0f00000,0x00000000e0f00000,0x00000000e2700000)
  from space 3584K, 90% used [0x00000000e2700000,0x00000000e2a29020,0x00000000e2a80000)
  to   space 3584K, 0% used [0x00000000e4280000,0x00000000e4280000,0x00000000e4600000)
 ParOldGen       total 64512K, used 0K [0x00000000a2c00000, 0x00000000a6b00000, 0x00000000e0f00000)
  object space 64512K, 0% used [0x00000000a2c00000,0x00000000a2c00000,0x00000000a6b00000)
 Metaspace       used 8389K, capacity 8744K, committed 8832K, reserved 1056768K
  class space    used 961K, capacity 1082K, committed 1152K, reserved 1048576K
}
Event: 2.337 GC heap before
{Heap before GC invocations=4 (full 0):
 PSYoungGen      total 28160K, used 27812K [0x00000000e0f00000, 0x00000000e4600000, 0x0000000100000000)
  eden space 24576K, 100% used [0x00000000e0f00000,0x00000000e2700000,0x00000000e2700000)
  from space 3584K, 90% used [0x00000000e2700000,0x00000000e2a29020,0x00000000e2a80000)
  to   space 3584K, 0% used [0x00000000e4280000,0x00000000e4280000,0x00000000e4600000)
 ParOldGen       total 64512K, used 0K [0x00000000a2c00000, 0x00000000a6b00000, 0x00000000e0f00000)
  object space 64512K, 0% used [0x00000000a2c00000,0x00000000a2c00000,0x00000000a6b00000)
 Metaspace       used 10054K, capacity 10712K, committed 10880K, reserved 1058816K
  class space    used 1194K, capacity 1358K, committed 1408K, reserved 1048576K
Event: 2.348 GC heap after
Heap after GC invocations=4 (full 0):
 PSYoungGen      total 52736K, used 3571K [0x00000000e0f00000, 0x00000000e4600000, 0x0000000100000000)
  eden space 49152K, 0% used [0x00000000e0f00000,0x00000000e0f00000,0x00000000e3f00000)
  from space 3584K, 99% used [0x00000000e4280000,0x00000000e45fcf08,0x00000000e4600000)
  to   space 3584K, 0% used [0x00000000e3f00000,0x00000000e3f00000,0x00000000e4280000)
 ParOldGen       total 64512K, used 464K [0x00000000a2c00000, 0x00000000a6b00000, 0x00000000e0f00000)
  object space 64512K, 0% used [0x00000000a2c00000,0x00000000a2c740b0,0x00000000a6b00000)
 Metaspace       used 10054K, capacity 10712K, committed 10880K, reserved 1058816K
  class space    used 1194K, capacity 1358K, committed 1408K, reserved 1048576K
}
Event: 2.776 GC heap before
{Heap before GC invocations=5 (full 0):
 PSYoungGen      total 52736K, used 52723K [0x00000000e0f00000, 0x00000000e4600000, 0x0000000100000000)
  eden space 49152K, 100% used [0x00000000e0f00000,0x00000000e3f00000,0x00000000e3f00000)
  from space 3584K, 99% used [0x00000000e4280000,0x00000000e45fcf08,0x00000000e4600000)
  to   space 3584K, 0% used [0x00000000e3f00000,0x00000000e3f00000,0x00000000e4280000)
 ParOldGen       total 64512K, used 464K [0x00000000a2c00000, 0x00000000a6b00000, 0x00000000e0f00000)
  object space 64512K, 0% used [0x00000000a2c00000,0x00000000a2c740b0,0x00000000a6b00000)
 Metaspace       used 11320K, capacity 12002K, committed 12288K, reserved 1060864K
  class space    used 1267K, capacity 1427K, committed 1536K, reserved 1048576K
Event: 2.791 GC heap after
Heap after GC invocations=5 (full 0):
 PSYoungGen      total 52736K, used 3457K [0x00000000e0f00000, 0x00000000e7700000, 0x0000000100000000)
  eden space 49152K, 0% used [0x00000000e0f00000,0x00000000e0f00000,0x00000000e3f00000)
  from space 3584K, 96% used [0x00000000e3f00000,0x00000000e42606a0,0x00000000e4280000)
  to   space 4096K, 0% used [0x00000000e7300000,0x00000000e7300000,0x00000000e7700000)
 ParOldGen       total 64512K, used 464K [0x00000000a2c00000, 0x00000000a6b00000, 0x00000000e0f00000)
  object space 64512K, 0% used [0x00000000a2c00000,0x00000000a2c740b0,0x00000000a6b00000)
 Metaspace       used 11320K, capacity 12002K, committed 12288K, reserved 1060864K
  class space    used 1267K, capacity 1427K, committed 1536K, reserved 1048576K
}
Event: 3.212 GC heap before
{Heap before GC invocations=6 (full 0):
 PSYoungGen      total 52736K, used 52609K [0x00000000e0f00000, 0x00000000e7700000, 0x0000000100000000)
  eden space 49152K, 100% used [0x00000000e0f00000,0x00000000e3f00000,0x00000000e3f00000)
  from space 3584K, 96% used [0x00000000e3f00000,0x00000000e42606a0,0x00000000e4280000)
  to   space 4096K, 0% used [0x00000000e7300000,0x00000000e7300000,0x00000000e7700000)
 ParOldGen       total 64512K, used 464K [0x00000000a2c00000, 0x00000000a6b00000, 0x00000000e0f00000)
  object space 64512K, 0% used [0x00000000a2c00000,0x00000000a2c740b0,0x00000000a6b00000)
 Metaspace       used 12813K, capacity 13544K, committed 13696K, reserved 1060864K
  class space    used 1417K, capacity 1574K, committed 1664K, reserved 1048576K
Event: 3.221 GC heap after
Heap after GC invocations=6 (full 0):
 PSYoungGen      total 101888K, used 3975K [0x00000000e0f00000, 0x00000000e7800000, 0x0000000100000000)
  eden space 97792K, 0% used [0x00000000e0f00000,0x00000000e0f00000,0x00000000e6e80000)
  from space 4096K, 97% used [0x00000000e7300000,0x00000000e76e1c50,0x00000000e7700000)
  to   space 4608K, 0% used [0x00000000e6e80000,0x00000000e6e80000,0x00000000e7300000)
 ParOldGen       total 64512K, used 464K [0x00000000a2c00000, 0x00000000a6b00000, 0x00000000e0f00000)
  object space 64512K, 0% used [0x00000000a2c00000,0x00000000a2c740b0,0x00000000a6b00000)
 Metaspace       used 12813K, capacity 13544K, committed 13696K, reserved 1060864K
  class space    used 1417K, capacity 1574K, committed 1664K, reserved 1048576K
}
Event: 3.932 GC heap before
{Heap before GC invocations=7 (full 0):
 PSYoungGen      total 101888K, used 101767K [0x00000000e0f00000, 0x00000000e7800000, 0x0000000100000000)
  eden space 97792K, 100% used [0x00000000e0f00000,0x00000000e6e80000,0x00000000e6e80000)
  from space 4096K, 97% used [0x00000000e7300000,0x00000000e76e1c50,0x00000000e7700000)
  to   space 4608K, 0% used [0x00000000e6e80000,0x00000000e6e80000,0x00000000e7300000)
 ParOldGen       total 64512K, used 464K [0x00000000a2c00000, 0x00000000a6b00000, 0x00000000e0f00000)
  object space 64512K, 0% used [0x00000000a2c00000,0x00000000a2c740b0,0x00000000a6b00000)
 Metaspace       used 15148K, capacity 16188K, committed 16256K, reserved 1062912K
  class space    used 1658K, capacity 1855K, committed 1920K, reserved 1048576K

Deoptimization events (10 events):
Event: 1.830 Thread 0x00007f8eac00b000 Uncommon trap: reason=bimorphic action=maybe_recompile pc=0x00007f8e9caeab04 method=org.jacoco.agent.rt.internal_c13123e.asm.tree.LabelNode.accept(Lorg/jacoco/agent/rt/internal_c13123e/asm/MethodVisitor;)V @ 5
Event: 1.830 Thread 0x00007f8eac00b000 Uncommon trap: reason=bimorphic action=maybe_recompile pc=0x00007f8e9caeab04 method=org.jacoco.agent.rt.internal_c13123e.asm.tree.LabelNode.accept(Lorg/jacoco/agent/rt/internal_c13123e/asm/MethodVisitor;)V @ 5
Event: 1.830 Thread 0x00007f8eac00b000 Uncommon trap: reason=bimorphic action=maybe_recompile pc=0x00007f8e9caeab04 method=org.jacoco.agent.rt.internal_c13123e.asm.tree.LabelNode.accept(Lorg/jacoco/agent/rt/internal_c13123e/asm/MethodVisitor;)V @ 5
Event: 1.830 Thread 0x00007f8eac00b000 Uncommon trap: reason=bimorphic action=maybe_recompile pc=0x00007f8e9caeab04 method=org.jacoco.agent.rt.internal_c13123e.asm.tree.LabelNode.accept(Lorg/jacoco/agent/rt/internal_c13123e/asm/MethodVisitor;)V @ 5
Event: 1.894 Thread 0x00007f8eac00b000 Uncommon trap: reason=unstable_if action=reinterpret pc=0x00007f8e9c976204 method=org.jacoco.agent.rt.internal_c13123e.asm.ClassReader.readUTF(II[C)Ljava/lang/String; @ 77
Event: 2.051 Thread 0x00007f8eac00b000 Uncommon trap: reason=unstable_if action=reinterpret pc=0x00007f8e9ca2752c method=org.jacoco.agent.rt.internal_c13123e.asm.ByteVector.putUTF8(Ljava/lang/String;)Lorg/jacoco/agent/rt/internal_c13123e/asm/ByteVector; @ 34
Event: 2.537 Thread 0x00007f8eac00b000 Uncommon trap: reason=unstable_if action=reinterpret pc=0x00007f8e9cc3a8a8 method=java.util.HashMap.getNode(ILjava/lang/Object;)Ljava/util/HashMap$Node; @ 62
Event: 3.119 Thread 0x00007f8eac00b000 Uncommon trap: reason=unstable_if action=reinterpret pc=0x00007f8e9cc85410 method=java.util.HashMap.getNode(ILjava/lang/Object;)Ljava/util/HashMap$Node; @ 129
Event: 3.694 Thread 0x00007f8eac00b000 Uncommon trap: reason=unstable_if action=reinterpret pc=0x00007f8e9cc87da4 method=sun.misc.URLClassPath$JarLoader.getResource(Ljava/lang/String;Z)Lsun/misc/Resource; @ 15
Event: 3.899 Thread 0x00007f8eac00b000 Uncommon trap: reason=unstable_if action=reinterpret pc=0x00007f8e9c998cd8 method=org.jacoco.agent.rt.internal_c13123e.asm.Item.isEqualTo(Lorg/jacoco/agent/rt/internal_c13123e/asm/Item;)Z @ 345

Internal exceptions (10 events):
Event: 3.790 Thread 0x00007f8eac00b000 Implicit null exception at 0x00007f8e9caa5ce0 to 0x00007f8e9caa64d6
Event: 3.790 Thread 0x00007f8eac00b000 Exception <a 'java/lang/NullPointerException'> (0x00000000e6617590) thrown at [/HUDSON/workspace/8-2-build-linux-amd64/jdk8u151/9699/hotspot/src/share/vm/runtime/sharedRuntime.cpp, line 605]
Event: 3.791 Thread 0x00007f8eac00b000 Implicit null exception at 0x00007f8e9caa5ce0 to 0x00007f8e9caa64d6
Event: 3.791 Thread 0x00007f8eac00b000 Exception <a 'java/lang/NullPointerException'> (0x00000000e661b7e8) thrown at [/HUDSON/workspace/8-2-build-linux-amd64/jdk8u151/9699/hotspot/src/share/vm/runtime/sharedRuntime.cpp, line 605]
Event: 3.791 Thread 0x00007f8eac00b000 Implicit null exception at 0x00007f8e9caa5ce0 to 0x00007f8e9caa64d6
Event: 3.791 Thread 0x00007f8eac00b000 Exception <a 'java/lang/NullPointerException'> (0x00000000e661eba8) thrown at [/HUDSON/workspace/8-2-build-linux-amd64/jdk8u151/9699/hotspot/src/share/vm/runtime/sharedRuntime.cpp, line 605]
Event: 3.803 Thread 0x00007f8eac00b000 Implicit null exception at 0x00007f8e9caa5ce0 to 0x00007f8e9caa64d6
Event: 3.803 Thread 0x00007f8eac00b000 Exception <a 'java/lang/NullPointerException'> (0x00000000e6637ed8) thrown at [/HUDSON/workspace/8-2-build-linux-amd64/jdk8u151/9699/hotspot/src/share/vm/runtime/sharedRuntime.cpp, line 605]
Event: 3.803 Thread 0x00007f8eac00b000 Implicit null exception at 0x00007f8e9caa5ce0 to 0x00007f8e9caa64d6
Event: 3.803 Thread 0x00007f8eac00b000 Exception <a 'java/lang/NullPointerException'> (0x00000000e663ee08) thrown at [/HUDSON/workspace/8-2-build-linux-amd64/jdk8u151/9699/hotspot/src/share/vm/runtime/sharedRuntime.cpp, line 605]

Events (10 events):
Event: 3.929 loading class org/junit/jupiter/api/AssertionUtils done
Event: 3.930 loading class org/opentest4j/AssertionFailedError
Event: 3.930 loading class org/opentest4j/AssertionFailedError done
Event: 3.931 loading class org/junit/jupiter/api/extension/ExtensionContext
Event: 3.931 loading class org/junit/jupiter/api/extension/ExtensionContext done
Event: 3.931 loading class org/junit/jupiter/api/extension/AfterTestExecutionCallback
Event: 3.931 loading class org/junit/jupiter/api/extension/AfterTestExecutionCallback done
Event: 3.931 loading class org/junit/jupiter/api/extension/ExtensionContext
Event: 3.931 loading class org/junit/jupiter/api/extension/ExtensionContext done
Event: 3.931 Executing VM operation: ParallelGCFailedAllocation


Dynamic libraries:
00400000-00401000 r-xp 00000000 08:01 2233027                            /usr/lib/jvm/java-8-oracle/jre/bin/java
00600000-00601000 rw-p 00000000 08:01 2233027                            /usr/lib/jvm/java-8-oracle/jre/bin/java
01793000-017b4000 rw-p 00000000 00:00 0                                  [heap]
a2c00000-a6b00000 rw-p 00000000 00:00 0 
a6b00000-e0f00000 ---p 00000000 00:00 0 
e0f00000-e7800000 rw-p 00000000 00:00 0 
eda00000-100000000 ---p 00000000 00:00 0 
100000000-1001e0000 rw-p 00000000 00:00 0 
1001e0000-140000000 ---p 00000000 00:00 0 
7f8e5c000000-7f8e5c05d000 rw-p 00000000 00:00 0 
7f8e5c05d000-7f8e60000000 ---p 00000000 00:00 0 
7f8e60000000-7f8e60021000 rw-p 00000000 00:00 0 
7f8e60021000-7f8e64000000 ---p 00000000 00:00 0 
7f8e64000000-7f8e64021000 rw-p 00000000 00:00 0 
7f8e64021000-7f8e68000000 ---p 00000000 00:00 0 
7f8e68000000-7f8e68021000 rw-p 00000000 00:00 0 
7f8e68021000-7f8e6c000000 ---p 00000000 00:00 0 
7f8e6c000000-7f8e6d02a000 rw-p 00000000 00:00 0 
7f8e6d02a000-7f8e70000000 ---p 00000000 00:00 0 
7f8e70000000-7f8e70021000 rw-p 00000000 00:00 0 
7f8e70021000-7f8e74000000 ---p 00000000 00:00 0 
7f8e74000000-7f8e75d97000 rw-p 00000000 00:00 0 
7f8e75d97000-7f8e78000000 ---p 00000000 00:00 0 
7f8e78000000-7f8e78021000 rw-p 00000000 00:00 0 
7f8e78021000-7f8e7c000000 ---p 00000000 00:00 0 
7f8e7cfff000-7f8e80000000 rw-p 00000000 00:00 0 
7f8e80000000-7f8e80021000 rw-p 00000000 00:00 0 
7f8e80021000-7f8e84000000 ---p 00000000 00:00 0 
7f8e84000000-7f8e84021000 rw-p 00000000 00:00 0 
7f8e84021000-7f8e88000000 ---p 00000000 00:00 0 
7f8e88000000-7f8e88290000 rw-p 00000000 00:00 0 
7f8e88290000-7f8e8c000000 ---p 00000000 00:00 0 
7f8e8c000000-7f8e8c05e000 rw-p 00000000 00:00 0 
7f8e8c05e000-7f8e90000000 ---p 00000000 00:00 0 
7f8e90a36000-7f8e90de2000 rw-p 00000000 00:00 0 
7f8e90de2000-7f8e90dfd000 r--s 001d3000 08:01 2233201                    /usr/lib/jvm/java-8-oracle/jre/lib/ext/nashorn.jar
7f8e90dfd000-7f8e90ffd000 rw-p 00000000 00:00 0 
7f8e912f4000-7f8e914f4000 rw-p 00000000 00:00 0 
7f8e914f4000-7f8e916f4000 rw-p 00000000 00:00 0 
7f8e916f4000-7f8e916f7000 ---p 00000000 00:00 0 
7f8e916f7000-7f8e9172d000 rw-p 00000000 00:00 0 
7f8e9172d000-7f8e91730000 ---p 00000000 00:00 0 
7f8e91730000-7f8e9182e000 rw-p 00000000 00:00 0 
7f8e9182e000-7f8e91837000 r-xp 00000000 08:01 2233359                    /usr/lib/jvm/java-8-oracle/jre/lib/amd64/libmanagement.so
7f8e91837000-7f8e91a36000 ---p 00009000 08:01 2233359                    /usr/lib/jvm/java-8-oracle/jre/lib/amd64/libmanagement.so
7f8e91a36000-7f8e91a37000 rw-p 00008000 08:01 2233359                    /usr/lib/jvm/java-8-oracle/jre/lib/amd64/libmanagement.so
7f8e91a37000-7f8e91a3a000 ---p 00000000 00:00 0 
7f8e91a3a000-7f8e91b38000 rw-p 00000000 00:00 0 
7f8e91b38000-7f8e91b39000 ---p 00000000 00:00 0 
7f8e91b39000-7f8e91c39000 rw-p 00000000 00:00 0 
7f8e91c39000-7f8e91c3c000 ---p 00000000 00:00 0 
7f8e91c3c000-7f8e91d3a000 rw-p 00000000 00:00 0 
7f8e91d3a000-7f8e91d3d000 ---p 00000000 00:00 0 
7f8e91d3d000-7f8e91e3b000 rw-p 00000000 00:00 0 
7f8e91e3b000-7f8e91e3e000 ---p 00000000 00:00 0 
7f8e91e3e000-7f8e91f3c000 rw-p 00000000 00:00 0 
7f8e91f3c000-7f8e91f4d000 r-xp 00000000 08:01 2233354                    /usr/lib/jvm/java-8-oracle/jre/lib/amd64/libnio.so
7f8e91f4d000-7f8e9214c000 ---p 00011000 08:01 2233354                    /usr/lib/jvm/java-8-oracle/jre/lib/amd64/libnio.so
7f8e9214c000-7f8e9214d000 rw-p 00010000 08:01 2233354                    /usr/lib/jvm/java-8-oracle/jre/lib/amd64/libnio.so
7f8e9214d000-7f8e92164000 r-xp 00000000 08:01 2233351                    /usr/lib/jvm/java-8-oracle/jre/lib/amd64/libnet.so
7f8e92164000-7f8e92363000 ---p 00017000 08:01 2233351                    /usr/lib/jvm/java-8-oracle/jre/lib/amd64/libnet.so
7f8e92363000-7f8e92364000 rw-p 00016000 08:01 2233351                    /usr/lib/jvm/java-8-oracle/jre/lib/amd64/libnet.so
7f8e92364000-7f8e92369000 r--s 00038000 08:01 926529                     /home/madunlap/.m2/repository/org/jacoco/org.jacoco.agent/0.8.1/org.jacoco.agent-0.8.1-runtime.jar
7f8e92369000-7f8e9236a000 r--s 00001000 08:01 1322967                    /home/madunlap/.m2/repository/org/opentest4j/opentest4j/1.1.0/opentest4j-1.1.0.jar
7f8e9236a000-7f8e9236d000 r--s 00011000 08:01 1071264                    /home/madunlap/.m2/repository/org/junit/platform/junit-platform-commons/1.2.0/junit-platform-commons-1.2.0.jar
7f8e9236d000-7f8e9236f000 r--s 00014000 08:01 1071268                    /home/madunlap/.m2/repository/org/junit/platform/junit-platform-engine/1.2.0/junit-platform-engine-1.2.0.jar
7f8e9236f000-7f8e92371000 r--s 00012000 08:01 808260                     /home/madunlap/.m2/repository/org/junit/platform/junit-platform-launcher/1.2.0/junit-platform-launcher-1.2.0.jar
7f8e92371000-7f8e92374000 r--s 0000e000 08:01 926837                     /home/madunlap/.m2/repository/org/apache/maven/surefire/surefire-junit-platform/2.22.0/surefire-junit-platform-2.22.0.jar
7f8e92374000-7f8e92378000 r--s 00022000 08:01 3277821                    /home/madunlap/.m2/repository/org/apache/pdfbox/jbig2-imageio/3.0.1/jbig2-imageio-3.0.1.jar
7f8e92378000-7f8e9237e000 r--s 00045000 08:01 3277818                    /home/madunlap/.m2/repository/org/jdom/jdom2/2.0.6/jdom2-2.0.6.jar
7f8e9237e000-7f8e92397000 r--s 0016c000 08:01 3277815                    /home/madunlap/.m2/repository/org/apache/uima/uimaj-core/2.9.0/uimaj-core-2.9.0.jar
7f8e92397000-7f8e9239a000 r--s 00027000 08:01 3277814                    /home/madunlap/.m2/repository/org/apache/uima/uimafit-core/2.2.0/uimafit-core-2.2.0.jar
7f8e9239a000-7f8e9239c000 r--s 00006000 08:01 3277811                    /home/madunlap/.m2/repository/edu/usc/ir/sentiment-analysis-parser/0.1/sentiment-analysis-parser-0.1.jar
7f8e9239c000-7f8e923a3000 r--s 0002e000 08:01 3277810                    /home/madunlap/.m2/repository/org/opengis/geoapi/3.0.1/geoapi-3.0.1.jar
7f8e923a3000-7f8e923af000 r--s 00091000 08:01 3277808                    /home/madunlap/.m2/repository/org/apache/sis/core/sis-metadata/0.8/sis-metadata-0.8.jar
7f8e923af000-7f8e923c1000 r--s 00100000 08:01 3277806                    /home/madunlap/.m2/repository/org/apache/sis/core/sis-referencing/0.8/sis-referencing-0.8.jar
7f8e923c1000-7f8e923c4000 r--s 00021000 08:01 3277804                    /home/madunlap/.m2/repository/org/apache/sis/core/sis-feature/0.8/sis-feature-0.8.jar
7f8e923c4000-7f8e923c9000 r--s 0002b000 08:01 3277801                    /home/madunlap/.m2/repository/org/apache/sis/storage/sis-storage/0.8/sis-storage-0.8.jar
7f8e923c9000-7f8e923cb000 r--s 00010000 08:01 3277799                    /home/madunlap/.m2/repository/org/apache/sis/storage/sis-netcdf/0.8/sis-netcdf-0.8.jar
7f8e923cb000-7f8e923cd000 r--s 00005000 08:01 3277797                    /home/madunlap/.m2/repository/javax/measure/unit-api/1.0/unit-api-1.0.jar
7f8e923cd000-7f8e923dc000 r--s 000bd000 08:01 3277795                    /home/madunlap/.m2/repository/org/apache/sis/core/sis-utility/0.8/sis-utility-0.8.jar
7f8e923dc000-7f8e923de000 r--s 0000e000 08:01 3277793                    /home/madunlap/.m2/repository/edu/ucar/httpservices/4.5.5/httpservices-4.5.5.jar
7f8e923de000-7f8e923e0000 r--s 0000d000 08:01 3277791                    /home/madunlap/.m2/repository/com/beust/jcommander/1.35/jcommander-1.35.jar
7f8e923e0000-7f8e923fb000 r--s 0012c000 08:01 3277790                    /home/madunlap/.m2/repository/net/sf/ehcache/ehcache-core/2.6.2/ehcache-core-2.6.2.jar
7f8e923fb000-7f8e92406000 r--s 0008a000 08:01 3277787                    /home/madunlap/.m2/repository/c3p0/c3p0/0.9.1.1/c3p0-0.9.1.1.jar
7f8e92406000-7f8e92410000 r--s 00096000 08:01 3277785                    /home/madunlap/.m2/repository/org/quartz-scheduler/quartz/2.2.0/quartz-2.2.0.jar
7f8e92410000-7f8e92420000 r--s 0007d000 08:01 3277781                    /home/madunlap/.m2/repository/joda-time/joda-time/2.2/joda-time-2.2.jar
7f8e92420000-7f8e92423000 r--s 0001c000 08:01 3277783                    /home/madunlap/.m2/repository/edu/ucar/udunits/4.5.5/udunits-4.5.5.jar
7f8e92423000-7f8e92451000 r--s 003cf000 08:01 3277779                    /home/madunlap/.m2/repository/edu/ucar/cdm/4.5.5/cdm-4.5.5.jar
7f8e92451000-7f8e92454000 r--s 000e4000 08:01 663654                     /home/madunlap/.m2/repository/net/java/dev/jna/jna/4.3.0/jna-4.3.0.jar
7f8e92454000-7f8e92456000 r--s 0000b000 08:01 3277773                    /home/madunlap/.m2/repository/org/itadaki/bzip2/0.9.1/bzip2-0.9.1.jar
7f8e92456000-7f8e9245e000 r--s 0007b000 08:01 2653586                    /home/madunlap/.m2/repository/com/google/protobuf/protobuf-java/2.5.0/protobuf-java-2.5.0.jar
7f8e9245e000-7f8e9246f000 r--s 004d3000 08:01 3277778                    /home/madunlap/.m2/repository/edu/ucar/grib/4.5.5/grib-4.5.5.jar
7f8e9246f000-7f8e92470000 r--s 00000000 08:01 3277774                    /home/madunlap/.m2/repository/net/jcip/jcip-annotations/1.0/jcip-annotations-1.0.jar
7f8e92470000-7f8e92472000 r--s 0000e000 08:01 3277772                    /home/madunlap/.m2/repository/edu/ucar/netcdf4/4.5.5/netcdf4-4.5.5.jar
7f8e92472000-7f8e92474000 r--s 00000000 08:01 3277769                    /home/madunlap/.m2/repository/org/slf4j/jul-to-slf4j/1.7.25/jul-to-slf4j-1.7.25.jar
7f8e92474000-7f8e92475000 r--s 00006000 08:01 3277767                    /home/madunlap/.m2/repository/com/github/openjson/openjson/1.0.10/openjson-1.0.10.jar
7f8e92475000-7f8e92476000 r--s 00005000 08:01 3277765                    /home/madunlap/.m2/repository/com/googlecode/json-simple/json-simple/1.1.1/json-simple-1.1.1.jar
7f8e92476000-7f8e9248e000 r--s 00119000 08:01 3277760                    /home/madunlap/.m2/repository/org/apache/opennlp/opennlp-tools/1.9.0/opennlp-tools-1.9.0.jar
7f8e9248e000-7f8e92490000 r--s 0000c000 08:01 3277761                    /home/madunlap/.m2/repository/org/apache/commons/commons-exec/1.3/commons-exec-1.3.jar
7f8e92490000-7f8e9249a000 r--s 0009d000 08:01 3277759                    /home/madunlap/.m2/repository/org/apache/cxf/cxf-rt-frontend-jaxrs/3.2.6/cxf-rt-frontend-jaxrs-3.2.6.jar
7f8e9249a000-7f8e9249f000 r--s 00026000 08:01 1068827                    /home/madunlap/.m2/repository/org/apache/ws/xmlschema/xmlschema-core/2.2.3/xmlschema-core-2.2.3.jar
7f8e9249f000-7f8e924a5000 r--s 00078000 08:01 3277758                    /home/madunlap/.m2/repository/com/fasterxml/woodstox/woodstox-core/5.1.0/woodstox-core-5.1.0.jar
7f8e924a5000-7f8e924bd000 r--s 0013e000 08:01 3277756                    /home/madunlap/.m2/repository/org/apache/cxf/cxf-core/3.2.6/cxf-core-3.2.6.jar
7f8e924bd000-7f8e924c3000 r--s 00053000 08:01 3277753                    /home/madunlap/.m2/repository/org/apache/cxf/cxf-rt-transports-http/3.2.6/cxf-rt-transports-http-3.2.6.jar
7f8e924c3000-7f8e924c6000 r--s 00029000 08:01 3277752                    /home/madunlap/.m2/repository/org/apache/cxf/cxf-rt-rs-client/3.2.6/cxf-rt-rs-client-3.2.6.jar
7f8e924c6000-7f8e924c9000 r--s 00025000 08:01 3277751                    /home/madunlap/.m2/repository/com/github/junrar/junrar/2.0.0/junrar-2.0.0.jar
7f8e924c9000-7f8e924ca000 r--s 00014000 08:01 3277748                    /home/madunlap/.m2/repository/com/pff/java-libpst/0.8.1/java-libpst-0.8.1.jar
7f8e924ca000-7f8e924cf000 r--s 00035000 08:01 3277745                    /home/madunlap/.m2/repository/org/codelibs/jhighlight/1.0.3/jhighlight-1.0.3.jar
7f8e924cf000-7f8e924d2000 r--s 00033000 08:01 3277744                    /home/madunlap/.m2/repository/com/googlecode/juniversalchardet/juniversalchardet/1.0.3/juniversalchardet-1.0.3.jar
7f8e924d2000-7f8e924d5000 r--s 0001b000 08:01 3277741                    /home/madunlap/.m2/repository/org/gagravarr/vorbis-java-core/0.8/vorbis-java-core-0.8.jar
7f8e924d5000-7f8e924d6000 r--s 00001000 08:01 3277740                    /home/madunlap/.m2/repository/com/rometools/rome-utils/1.5.1/rome-utils-1.5.1.jar
7f8e924d6000-7f8e924da000 r--s 00038000 08:01 3277737                    /home/madunlap/.m2/repository/com/rometools/rome/1.5.1/rome-1.5.1.jar
7f8e924da000-7f8e924dd000 r--s 00014000 08:01 3277735                    /home/madunlap/.m2/repository/de/l3s/boilerpipe/boilerpipe/1.1.0/boilerpipe-1.1.0.jar
7f8e924dd000-7f8e924df000 r--s 00015000 08:01 3277733                    /home/madunlap/.m2/repository/com/adobe/xmp/xmpcore/5.1.3/xmpcore-5.1.3.jar
7f8e924df000-7f8e924ea000 r--s 0009a000 08:01 3277732                    /home/madunlap/.m2/repository/com/drewnoakes/metadata-extractor/2.11.0/metadata-extractor-2.11.0.jar
7f8e924ea000-7f8e924fd000 r--s 000f1000 08:01 3277729                    /home/madunlap/.m2/repository/com/googlecode/mp4parser/isoparser/1.1.22/isoparser-1.1.22.jar
7f8e924fd000-7f8e924ff000 r--s 0001a000 08:01 3277727                    /home/madunlap/.m2/repository/org/ow2/asm/asm/6.2/asm-6.2.jar
7f8e924ff000-7f8e92557000 r--s 003a7000 08:01 663648                     /home/madunlap/.m2/repository/org/bouncycastle/bcprov-jdk15on/1.60/bcprov-jdk15on-1.60.jar
7f8e92557000-7f8e9256a000 r--s 000b0000 08:01 805271                     /home/madunlap/.m2/repository/org/bouncycastle/bcpkix-jdk15on/1.60/bcpkix-jdk15on-1.60.jar
7f8e9256a000-7f8e9256d000 r--s 00018000 08:01 663645                     /home/madunlap/.m2/repository/org/bouncycastle/bcmail-jdk15on/1.60/bcmail-jdk15on-1.60.jar
7f8e9256d000-7f8e9256f000 r--s 0000b000 08:01 3277725                    /home/madunlap/.m2/repository/org/apache/pdfbox/jempbox/1.8.15/jempbox-1.8.15.jar
7f8e9256f000-7f8e92571000 r--s 00010000 08:01 3277723                    /home/madunlap/.m2/repository/org/apache/pdfbox/pdfbox-tools/2.0.11/pdfbox-tools-2.0.11.jar
7f8e92571000-7f8e92578000 r--s 00176000 08:01 3277722                    /home/madunlap/.m2/repository/org/apache/pdfbox/fontbox/2.0.11/fontbox-2.0.11.jar
7f8e92578000-7f8e9258e000 r--s 00253000 08:01 3277721                    /home/madunlap/.m2/repository/org/apache/pdfbox/pdfbox/2.0.11/pdfbox-2.0.11.jar
7f8e9258e000-7f8e9258f000 r--s 00017000 08:01 3277717                    /home/madunlap/.m2/repository/org/brotli/dec/0.1.2/dec-0.1.2.jar
7f8e9258f000-7f8e92591000 r--s 0000c000 08:01 3277679                    /home/madunlap/.m2/repository/com/epam/parso/2.0.9/parso-2.0.9.jar
7f8e92591000-7f8e92595000 r--s 00017000 08:01 3277713                    /home/madunlap/.m2/repository/org/tukaani/xz/1.8/xz-1.8.jar
7f8e92595000-7f8e9259c000 r--s 0004a000 08:01 3023065                    /home/madunlap/.m2/repository/org/apache/james/apache-mime4j-dom/0.8.2/apache-mime4j-dom-0.8.2.jar
7f8e9259c000-7f8e9259f000 r--s 00017000 08:01 1068825                    /home/madunlap/.m2/repository/org/apache/james/apache-mime4j-core/0.8.2/apache-mime4j-core-0.8.2.jar
7f8e9259f000-7f8e925a1000 r--s 00011000 08:01 3277711                    /home/madunlap/.m2/repository/org/tallison/jmatio/1.4/jmatio-1.4.jar
7f8e925a1000-7f8e925a5000 r--s 00012000 08:01 3277709                    /home/madunlap/.m2/repository/com/healthmarketscience/jackcess/jackcess-encrypt/2.1.4/jackcess-encrypt-2.1.4.jar
7f8e925a5000-7f8e925b2000 r--s 000cd000 08:01 3277708                    /home/madunlap/.m2/repository/com/healthmarketscience/jackcess/jackcess/2.1.12/jackcess-2.1.12.jar
7f8e925b2000-7f8e925b4000 r--s 00005000 08:01 3277705                    /home/madunlap/.m2/repository/org/gagravarr/vorbis-java-tika/0.8/vorbis-java-tika-0.8.jar
7f8e925b4000-7f8e925b6000 r--s 0000f000 08:01 3277703                    /home/madunlap/.m2/repository/javax/activation/activation/1.1.1/activation-1.1.1.jar
7f8e925b6000-7f8e925c8000 r--s 000da000 08:01 3277702                    /home/madunlap/.m2/repository/com/sun/xml/bind/jaxb-impl/2.3.0/jaxb-impl-2.3.0.jar
7f8e925c8000-7f8e925cf000 r--s 00038000 08:01 3277699                    /home/madunlap/.m2/repository/com/sun/xml/bind/jaxb-core/2.3.0/jaxb-core-2.3.0.jar
7f8e925cf000-7f8e925d3000 r--s 0001b000 08:01 3277697                    /home/madunlap/.m2/repository/javax/xml/bind/jaxb-api/2.3.0/jaxb-api-2.3.0.jar
7f8e925d3000-7f8e925dd000 r--s 0009f000 08:01 3277695                    /home/madunlap/.m2/repository/org/apache/tika/tika-core/1.19/tika-core-1.19.jar
7f8e925dd000-7f8e925ee000 r--s 0010a000 08:01 3277694                    /home/madunlap/.m2/repository/org/apache/tika/tika-parsers/1.19/tika-parsers-1.19.jar
7f8e925ee000-7f8e925f0000 r--s 00009000 08:01 3285809                    /home/madunlap/.m2/repository/commons-cli/commons-cli/1.2/commons-cli-1.2.jar
7f8e925f0000-7f8e925f3000 r--s 00023000 08:01 3285807                    /home/madunlap/.m2/repository/org/jdom/jdom/1.1/jdom-1.1.jar
7f8e925f3000-7f8e925f8000 r--s 0003c000 08:01 822991                     /home/madunlap/.m2/repository/org/springframework/spring-expression/4.2.5.RELEASE/spring-expression-4.2.5.RELEASE.jar
7f8e925f8000-7f8e92611000 r--s 000f3000 08:01 822980                     /home/madunlap/.m2/repository/org/springframework/spring-context/4.2.5.RELEASE/spring-context-4.2.5.RELEASE.jar
7f8e92611000-7f8e9261e000 r--s 000a6000 08:01 822971                     /home/madunlap/.m2/repository/org/springframework/spring-beans/4.2.5.RELEASE/spring-beans-4.2.5.RELEASE.jar
7f8e9261e000-7f8e92627000 r--s 00052000 08:01 822957                     /home/madunlap/.m2/repository/org/springframework/spring-aop/4.2.5.RELEASE/spring-aop-4.2.5.RELEASE.jar
7f8e92627000-7f8e92629000 r--s 00000000 08:01 822924                     /home/madunlap/.m2/repository/aopalliance/aopalliance/1.0/aopalliance-1.0.jar
7f8e92629000-7f8e92635000 r--s 0004c000 08:01 822923                     /home/madunlap/.m2/repository/org/springframework/security/spring-security-core/4.0.4.RELEASE/spring-security-core-4.0.4.RELEASE.jar
7f8e92635000-7f8e9263a000 r--s 00017000 08:01 3152446                    /home/madunlap/.m2/repository/org/hibernate/javax/persistence/hibernate-jpa-2.1-api/1.0.0.Final/hibernate-jpa-2.1-api-1.0.0.Final.jar
7f8e9263a000-7f8e9263c000 r--s 00005000 08:01 822919                     /home/madunlap/.m2/repository/org/duracloud/db/account-management-db-model/4.1.1/account-management-db-model-4.1.1.jar
7f8e9263c000-7f8e9263f000 r--s 0000e000 08:01 822911                     /home/madunlap/.m2/repository/org/duracloud/snapshotdata/4.4.6/snapshotdata-4.4.6.jar
7f8e9263f000-7f8e92640000 r--s 00001000 08:01 822900                     /home/madunlap/.m2/repository/org/duracloud/common-xml/4.4.6/common-xml-4.4.6.jar
7f8e92640000-7f8e92642000 r--s 00003000 08:01 822896                     /home/madunlap/.m2/repository/org/duracloud/reportdata/4.4.6/reportdata-4.4.6.jar
7f8e92642000-7f8e92643000 r--s 00006000 08:01 3285805                    /home/madunlap/.m2/repository/org/codehaus/jackson/jackson-xc/1.9.5/jackson-xc-1.9.5.jar
7f8e92643000-7f8e92645000 r--s 00001000 08:01 822888                     /home/madunlap/.m2/repository/org/duracloud/common-json/4.4.6/common-json-4.4.6.jar
7f8e92645000-7f8e92647000 r--s 00003000 08:01 822884                     /home/madunlap/.m2/repository/org/duracloud/storageproviderdata/4.4.6/storageproviderdata-4.4.6.jar
7f8e92647000-7f8e92648000 r--s 00005000 08:01 664266                     /home/madunlap/.m2/repository/org/duracloud/common-queue/4.4.6/common-queue-4.4.6.jar
7f8e92648000-7f8e9264a000 r--s 0000c000 08:01 664261                     /home/madunlap/.m2/repository/org/duracloud/storageprovider/4.4.6/storageprovider-4.4.6.jar
7f8e9264a000-7f8e9264c000 r--s 0000d000 08:01 664260                     /home/madunlap/.m2/repository/org/duracloud/storeclient/4.4.6/storeclient-4.4.6.jar
7f8e9264c000-7f8e92662000 r--s 000f2000 08:01 664243                     /home/madunlap/.m2/repository/org/springframework/spring-core/4.2.5.RELEASE/spring-core-4.2.5.RELEASE.jar
7f8e92662000-7f8e92664000 r--s 00005000 08:01 3285485                    /home/madunlap/.m2/repository/xpp3/xpp3_min/1.1.4c/xpp3_min-1.1.4c.jar
7f8e92664000-7f8e92665000 r--s 00001000 08:01 3285484                    /home/madunlap/.m2/repository/xmlpull/xmlpull/1.1.3.1/xmlpull-1.1.3.1.jar
7f8e92665000-7f8e92672000 r--s 00075000 08:01 3285803                    /home/madunlap/.m2/repository/com/thoughtworks/xstream/xstream/1.4.7/xstream-1.4.7.jar
7f8e92672000-7f8e92675000 r--s 00012000 08:01 664247                     /home/madunlap/.m2/repository/org/duracloud/common/4.4.6/common-4.4.6.jar
7f8e92675000-7f8e92680000 r--s 00086000 08:01 2653578                    /home/madunlap/.m2/repository/org/apache/commons/commons-compress/1.18/commons-compress-1.18.jar
7f8e92680000-7f8e92682000 r--s 00009000 08:01 3277688                    /home/madunlap/.m2/repository/com/mashape/unirest/unirest-java/1.4.9/unirest-java-1.4.9.jar
7f8e92682000-7f8e92684000 r--s 0000e000 08:01 3277689                    /home/madunlap/.m2/repository/org/jvnet/mimepull/mimepull/1.9.6/mimepull-1.9.6.jar
7f8e92684000-7f8e92687000 r--s 0000e000 08:01 3277663                    /home/madunlap/.m2/repository/org/glassfish/jersey/media/jersey-media-multipart/2.23.2/jersey-media-multipart-2.23.2.jar
7f8e92687000-7f8e9268b000 r--s 00019000 08:01 3277685                    /home/madunlap/.m2/repository/javax/ws/rs/javax.ws.rs-api/2.0.1/javax.ws.rs-api-2.0.1.jar
7f8e9268b000-7f8e9268d000 r--s 00010000 08:01 3277683                    /home/madunlap/.m2/repository/org/glassfish/jersey/media/jersey-media-jaxb/2.23.2/jersey-media-jaxb-2.23.2.jar
7f8e9268d000-7f8e92692000 r--s 00025000 08:01 3277682                    /home/madunlap/.m2/repository/org/glassfish/jersey/core/jersey-client/2.23.2/jersey-client-2.23.2.jar
7f8e92692000-7f8e926a8000 r--s 000d3000 08:01 3277680                    /home/madunlap/.m2/repository/org/glassfish/jersey/core/jersey-server/2.23.2/jersey-server-2.23.2.jar
7f8e926a8000-7f8e926a9000 r--s 00004000 08:01 3277678                    /home/madunlap/.m2/repository/org/glassfish/hk2/osgi-resource-locator/1.0.1/osgi-resource-locator-1.0.1.jar
7f8e926a9000-7f8e926b3000 r--s 000ae000 08:01 3277675                    /home/madunlap/.m2/repository/org/javassist/javassist/3.20.0-GA/javassist-3.20.0-GA.jar
7f8e926b3000-7f8e926b6000 r--s 0002a000 08:01 3277674                    /home/madunlap/.m2/repository/org/glassfish/hk2/hk2-locator/2.5.0-b05/hk2-locator-2.5.0-b05.jar
7f8e926b6000-7f8e926b8000 r--s 00002000 08:01 3277671                    /home/madunlap/.m2/repository/org/glassfish/hk2/external/aopalliance-repackaged/2.5.0-b05/aopalliance-repackaged-2.5.0-b05.jar
7f8e926b8000-7f8e926bc000 r--s 0001a000 08:01 3277670                    /home/madunlap/.m2/repository/org/glassfish/hk2/hk2-utils/2.5.0-b05/hk2-utils-2.5.0-b05.jar
7f8e926bc000-7f8e926c1000 r--s 00027000 08:01 3277667                    /home/madunlap/.m2/repository/org/glassfish/hk2/hk2-api/2.5.0-b05/hk2-api-2.5.0-b05.jar
7f8e926c1000-7f8e926d9000 r--s 000d6000 08:01 3277665                    /home/madunlap/.m2/repository/org/glassfish/jersey/bundles/repackaged/jersey-guava/2.23.2/jersey-guava-2.23.2.jar
7f8e926d9000-7f8e926db000 r--s 00005000 08:01 3277664                    /home/madunlap/.m2/repository/javax/annotation/javax.annotation-api/1.2/javax.annotation-api-1.2.jar
7f8e926db000-7f8e926ea000 r--s 000a0000 08:01 3277661                    /home/madunlap/.m2/repository/org/glassfish/jersey/core/jersey-common/2.23.2/jersey-common-2.23.2.jar
7f8e926ea000-7f8e926eb000 r--s 00001000 08:01 3277659                    /home/madunlap/.m2/repository/org/glassfish/hk2/external/javax.inject/2.5.0-b05/javax.inject-2.5.0-b05.jar
7f8e926eb000-7f8e926ee000 r--s 0000e000 08:01 3151774                    /home/madunlap/.m2/repository/org/glassfish/jersey/containers/jersey-container-servlet-core/2.23.2/jersey-container-servlet-core-2.23.2.jar
7f8e926ee000-7f8e926f0000 r--s 00003000 08:01 805239                     /home/madunlap/.m2/repository/org/glassfish/jersey/containers/jersey-container-servlet/2.23.2/jersey-container-servlet-2.23.2.jar
7f8e926f0000-7f8e926f2000 r--s 00008000 08:01 3151760                    /home/madunlap/.m2/repository/com/google/auto/auto-common/0.3/auto-common-0.3.jar
7f8e926f2000-7f8e926f3000 r--s 00002000 08:01 3151767                    /home/madunlap/.m2/repository/com/google/auto/service/auto-service/1.0-rc2/auto-service-1.0-rc2.jar
7f8e926f3000-7f8e926f5000 r--s 0000c000 08:01 3151798                    /home/madunlap/.m2/repository/com/lyncode/xoai-service-provider/4.1.0-header-patch/xoai-service-provider-4.1.0-header-patch.jar
7f8e926f5000-7f8e926f6000 r--s 00001000 08:01 3151765                    /home/madunlap/.m2/repository/com/lyncode/builder-commons/1.0.2/builder-commons-1.0.2.jar
7f8e926f6000-7f8e926f9000 r--s 00012000 08:01 3151805                    /home/madunlap/.m2/repository/com/lyncode/xoai-data-provider/4.1.0-header-patch/xoai-data-provider-4.1.0-header-patch.jar
7f8e926f9000-7f8e926fb000 r--s 00005000 08:01 3151761                    /home/madunlap/.m2/repository/stax/stax-api/1.0.1/stax-api-1.0.1.jar
7f8e926fb000-7f8e92701000 r--s 00048000 08:01 3151758                    /home/madunlap/.m2/repository/org/apache/commons/commons-lang3/3.1/commons-lang3-3.1.jar
7f8e92701000-7f8e92703000 r--s 00004000 08:01 3151752                    /home/madunlap/.m2/repository/javax/xml/stream/stax-api/1.0-2/stax-api-1.0-2.jar
7f8e92703000-7f8e92709000 r--s 00045000 08:01 663624                     /home/madunlap/.m2/repository/org/hamcrest/hamcrest-all/1.3/hamcrest-all-1.3.jar
7f8e92709000-7f8e9270e000 r--s 00048000 08:01 1068823                    /home/madunlap/.m2/repository/dom4j/dom4j/1.6.1/dom4j-1.6.1.jar
7f8e9270e000-7f8e9270f000 r--s 00003000 08:01 3151753                    /home/madunlap/.m2/repository/com/lyncode/test-support/1.0.4/test-support-1.0.4.jar
7f8e9270f000-7f8e92711000 r--s 00004000 08:01 3151755                    /home/madunlap/.m2/repository/com/lyncode/xml-io/1.0.3/xml-io-1.0.3.jar
7f8e92711000-7f8e92713000 r--s 0000d000 08:01 3151803                    /home/madunlap/.m2/repository/com/lyncode/xoai-common/4.1.0-header-patch/xoai-common-4.1.0-header-patch.jar
7f8e92713000-7f8e92716000 r--s 00011000 08:01 3151750                    /home/madunlap/.m2/repository/com/github/scribejava/scribejava-core/3.1.0/scribejava-core-3.1.0.jar
7f8e92716000-7f8e92719000 r--s 00010000 08:01 3151748                    /home/madunlap/.m2/repository/com/github/scribejava/scribejava-apis/3.1.0/scribejava-apis-3.1.0.jar
7f8e92719000-7f8e92722000 r--s 0006f000 08:01 1068821                    /home/madunlap/.m2/repository/log4j/log4j/1.2.17/log4j-1.2.17.jar
7f8e92722000-7f8e927f9000 r--s 007aa000 08:01 3151746                    /home/madunlap/.m2/repository/net/sf/ehcache/ehcache/2.10.1/ehcache-2.10.1.jar
7f8e927f9000-7f8e927fb000 r--s 00008000 08:01 3151744                    /home/madunlap/.m2/repository/org/apache/commons/commons-csv/1.2/commons-csv-1.2.jar
7f8e927fb000-7f8e927fe000 r--s 00006000 08:01 2653582                    /home/madunlap/.m2/repository/com/google/code/findbugs/jsr305/1.3.9/jsr305-1.3.9.jar
7f8e927fe000-7f8e92804000 r--s 00040000 08:01 1068811                    /home/madunlap/.m2/repository/com/google/http-client/google-http-client/1.20.0/google-http-client-1.20.0.jar
7f8e92804000-7f8e92805000 r--s 00004000 08:01 3151684                    /home/madunlap/.m2/repository/com/maxmind/db/maxmind-db/1.0.0/maxmind-db-1.0.0.jar
7f8e92805000-7f8e92807000 r--s 00007000 08:01 3151735                    /home/madunlap/.m2/repository/com/maxmind/geoip2/geoip2/2.3.1/geoip2-2.3.1.jar
7f8e92807000-7f8e9280b000 r--s 00034000 08:01 3151728                    /home/madunlap/.m2/repository/org/codehaus/jackson/jackson-core-asl/1.9.7/jackson-core-asl-1.9.7.jar
7f8e9280b000-7f8e9281a000 r--s 000b0000 08:01 3151727                    /home/madunlap/.m2/repository/org/codehaus/jackson/jackson-mapper-asl/1.9.7/jackson-mapper-asl-1.9.7.jar
7f8e9281a000-7f8e92824000 r--s 00040000 08:01 3151725                    /home/madunlap/.m2/repository/org/javaswift/joss/0.10.0/joss-0.10.0.jar
7f8e92824000-7f8e9282b000 r--s 0003a000 08:01 3151720                    /home/madunlap/.m2/repository/commons-codec/commons-codec/1.9/commons-codec-1.9.jar
7f8e9282b000-7f8e9282f000 r--s 00028000 08:01 3151718                    /home/madunlap/.m2/repository/org/apache/httpcomponents/httpasyncclient/4.1/httpasyncclient-4.1.jar
7f8e9282f000-7f8e92836000 r--s 00050000 08:01 3151716                    /home/madunlap/.m2/repository/org/apache/httpcomponents/httpcore-nio/4.4.1/httpcore-nio-4.4.1.jar
7f8e92836000-7f8e9283c000 r--s 00033000 08:01 3151713                    /home/madunlap/.m2/repository/io/searchbox/jest-common/0.1.7/jest-common-0.1.7.jar
7f8e9283c000-7f8e9283d000 r--s 00004000 08:01 3151708                    /home/madunlap/.m2/repository/io/searchbox/jest/0.1.7/jest-0.1.7.jar
7f8e9283d000-7f8e92840000 r--s 0000f000 08:01 3151705                    /home/madunlap/.m2/repository/commons-discovery/commons-discovery/0.2/commons-discovery-0.2.jar
7f8e92840000-7f8e92843000 r--s 0001c000 08:01 3151704                    /home/madunlap/.m2/repository/axis/axis-wsdl4j/1.5.1/axis-wsdl4j-1.5.1.jar
7f8e92843000-7f8e92844000 r--s 00004000 08:01 3151701                    /home/madunlap/.m2/repository/org/apache/axis/axis-saaj/1.4/axis-saaj-1.4.jar
7f8e92844000-7f8e92846000 r--s 00006000 08:01 3151699                    /home/madunlap/.m2/repository/org/apache/axis/axis-jaxrpc/1.4/axis-jaxrpc-1.4.jar
7f8e92846000-7f8e9285a000 r--s 00173000 08:01 3151698                    /home/madunlap/.m2/repository/axis/axis/1.4/axis-1.4.jar
7f8e9285a000-7f8e9285c000 r--s 00000000 08:01 3151692                    /home/madunlap/.m2/repository/org/mockito/mockito-junit-jupiter/2.22.0/mockito-junit-jupiter-2.22.0.jar
7f8e9285c000-7f8e9285e000 r--s 0000c000 08:01 3151691                    /home/madunlap/.m2/repository/org/objenesis/objenesis/2.6/objenesis-2.6.jar
7f8e9285e000-7f8e92860000 r--s 00009000 08:01 3151688                    /home/madunlap/.m2/repository/net/bytebuddy/byte-buddy-agent/1.8.21/byte-buddy-agent-1.8.21.jar
7f8e92860000-7f8e928a2000 r--s 002ae000 08:01 3151685                    /home/madunlap/.m2/repository/net/bytebuddy/byte-buddy/1.8.21/byte-buddy-1.8.21.jar
7f8e928a2000-7f8e928b2000 r--s 0007a000 08:01 3151683                    /home/madunlap/.m2/repository/org/mockito/mockito-core/2.22.0/mockito-core-2.22.0.jar
7f8e928b2000-7f8e928b4000 r--s 00001000 08:01 1068812                    /home/madunlap/.m2/repository/org/slf4j/slf4j-log4j12/1.7.7/slf4j-log4j12-1.7.7.jar
7f8e928b4000-7f8e928b6000 r--s 00006000 08:01 1068810                    /home/madunlap/.m2/repository/org/slf4j/slf4j-api/1.7.7/slf4j-api-1.7.7.jar
7f8e928b6000-7f8e928b8000 r--s 00013000 08:01 3151497                    /home/madunlap/.m2/repository/com/jayway/restassured/xml-path/2.4.0/xml-path-2.4.0.jar
7f8e928b8000-7f8e928ba000 r--s 00007000 08:01 3151492                    /home/madunlap/.m2/repository/com/jayway/restassured/rest-assured-common/2.4.0/rest-assured-common-2.4.0.jar
7f8e928ba000-7f8e928bc000 r--s 0001e000 08:01 3151491                    /home/madunlap/.m2/repository/org/codehaus/groovy/groovy-json/2.3.7/groovy-json-2.3.7.jar
7f8e928bc000-7f8e928be000 r--s 0000d000 08:01 3151481                    /home/madunlap/.m2/repository/com/jayway/restassured/json-path/2.4.0/json-path-2.4.0.jar
7f8e928be000-7f8e928c0000 r--s 00015000 08:01 3151475                    /home/madunlap/.m2/repository/org/ccil/cowan/tagsoup/tagsoup/1.2.1/tagsoup-1.2.1.jar
7f8e928c0000-7f8e928c1000 r--s 0000c000 08:01 3150244                    /home/madunlap/.m2/repository/org/hamcrest/hamcrest-library/1.3/hamcrest-library-1.3.jar
7f8e928c1000-7f8e928c6000 r--s 00034000 08:01 3023063                    /home/madunlap/.m2/repository/org/codehaus/groovy/groovy-xml/2.3.7/groovy-xml-2.3.7.jar
7f8e928c6000-7f8e9290f000 r--s 003fb000 08:01 3023054                    /home/madunlap/.m2/repository/org/codehaus/groovy/groovy/2.3.7/groovy-2.3.7.jar
7f8e9290f000-7f8e92919000 r--s 0008c000 08:01 3151468                    /home/madunlap/.m2/repository/com/jayway/restassured/rest-assured/2.4.0/rest-assured-2.4.0.jar
7f8e92919000-7f8e9291f000 r--s 0005b000 08:01 3285801                    /home/madunlap/.m2/repository/org/jsoup/jsoup/1.11.3/jsoup-1.11.3.jar
7f8e9291f000-7f8e92921000 r--s 00004000 08:01 3151795                    /home/madunlap/.m2/repository/edu/ucsb/nceas/ezid/1.0.0/ezid-1.0.0.jar
7f8e92921000-7f8e92924000 r--s 0000c000 08:01 3151454                    /home/madunlap/.m2/repository/org/ocpsoft/rewrite/rewrite-integration-faces/3.4.2.Final/rewrite-integration-faces-3.4.2.Final.jar
7f8e92924000-7f8e92932000 r--s 00092000 08:01 3151452                    /home/madunlap/.m2/repository/org/ocpsoft/rewrite/rewrite-config-prettyfaces/3.4.2.Final/rewrite-config-prettyfaces-3.4.2.Final.jar
7f8e92932000-7f8e92940000 r--s 0006f000 08:01 3151450                    /home/madunlap/.m2/repository/org/ocpsoft/rewrite/rewrite-servlet/3.4.2.Final/rewrite-servlet-3.4.2.Final.jar
7f8e92940000-7f8e9294b000 r--s 00088000 08:01 3151448                    /home/madunlap/.m2/repository/com/github/jai-imageio/jai-imageio-core/1.3.1/jai-imageio-core-1.3.1.jar
7f8e9294b000-7f8e9294d000 r--s 00009000 08:01 3151802                    /home/madunlap/.m2/repository/edu/harvard/hul/ois/jhove/jhove-handler/1.11.0/jhove-handler-1.11.0.jar
7f8e9294d000-7f8e92956000 r--s 00079000 08:01 3151801                    /home/madunlap/.m2/repository/edu/harvard/hul/ois/jhove/jhove-module/1.11.0/jhove-module-1.11.0.jar
7f8e92956000-7f8e92959000 r--s 00011000 08:01 3151799                    /home/madunlap/.m2/repository/edu/harvard/hul/ois/jhove/jhove/1.11.0/jhove-1.11.0.jar
7f8e92959000-7f8e9296c000 r--s 0013f000 08:01 3151445                    /home/madunlap/.m2/repository/org/apache/poi/poi-scratchpad/4.0.0/poi-scratchpad-4.0.0.jar
7f8e9296c000-7f8e92973000 r--s 0005f000 08:01 3151443                    /home/madunlap/.m2/repository/org/apache/poi/poi-examples/4.0.0/poi-examples-4.0.0.jar
7f8e92973000-7f8e92977000 r--s 00015000 08:01 3150305                    /home/madunlap/.m2/repository/com/github/virtuald/curvesapi/1.04/curvesapi-1.04.jar
7f8e92977000-7f8e929b1000 r--s 0023d000 08:01 3150303                    /home/madunlap/.m2/repository/org/apache/xmlbeans/xmlbeans/3.0.1/xmlbeans-3.0.1.jar
7f8e929b1000-7f8e92a73000 r--s 0056c000 08:01 3150301                    /home/madunlap/.m2/repository/org/apache/poi/poi-ooxml-schemas/4.0.0/poi-ooxml-schemas-4.0.0.jar
7f8e92a73000-7f8e92a8a000 r--s 00197000 08:01 3150245                    /home/madunlap/.m2/repository/org/apache/poi/poi-ooxml/4.0.0/poi-ooxml-4.0.0.jar
7f8e92a8a000-7f8e92a99000 r--s 000a9000 08:01 804999                     /home/madunlap/.m2/repository/org/apache/commons/commons-collections4/4.2/commons-collections4-4.2.jar
7f8e92a99000-7f8e92ac5000 r--s 0026c000 08:01 3150246                    /home/madunlap/.m2/repository/org/apache/poi/poi/4.0.0/poi-4.0.0.jar
7f8e92ac5000-7f8e92ac7000 r--s 00006000 08:01 3150300                    /home/madunlap/.m2/repository/org/nuiton/thirdparty/Rserve/0.6-1/Rserve-0.6-1.jar
7f8e92ac7000-7f8e92ac9000 r--s 00006000 08:01 3150298                    /home/madunlap/.m2/repository/org/nuiton/thirdparty/REngine/0.6-1/REngine-0.6-1.jar
7f8e92ac9000-7f8e92aca000 r--s 0000c000 08:01 3151794                    /home/madunlap/.m2/repository/org/dataverse/unf/6.0/unf-6.0.jar
7f8e92aca000-7f8e92acb000 r--s 00018000 08:01 3151792                    /home/madunlap/.m2/repository/edu/harvard/iq/dvn/unf5/5.0/unf5-5.0.jar
7f8e92acb000-7f8e92ad3000 r--s 00090000 08:01 3152455                    /home/madunlap/.m2/repository/net/handle/handle/8.1.1/handle-8.1.1.jar
7f8e92ad3000-7f8e92ad6000 r--s 00035000 08:01 3151790                    /home/madunlap/.m2/repository/nom/tam/fits/fits/2012-10-25-generated/fits-2012-10-25-generated.jar
7f8e92ad6000-7f8e92add000 r--s 00028000 08:01 3150242                    /home/madunlap/.m2/repository/concurrent/concurrent/1.3.4/concurrent-1.3.4.jar
7f8e92add000-7f8e92aeb000 r--s 00081000 08:01 3150240                    /home/madunlap/.m2/repository/colt/colt/1.2.0/colt-1.2.0.jar
7f8e92aeb000-7f8e92af8000 r--s 00083000 08:01 3023059                    /home/madunlap/.m2/repository/commons-collections/commons-collections/3.2.2/commons-collections-3.2.2.jar
7f8e92af8000-7f8e92afc000 r--s 00020000 08:01 3023046                    /home/madunlap/.m2/repository/commons-digester/commons-digester/1.8.1/commons-digester-1.8.1.jar
7f8e92afc000-7f8e92b01000 r--s 00035000 08:01 2653574                    /home/madunlap/.m2/repository/commons-beanutils/commons-beanutils/1.9.2/commons-beanutils-1.9.2.jar
7f8e92b01000-7f8e92b05000 r--s 0002a000 08:01 3150239                    /home/madunlap/.m2/repository/commons-validator/commons-validator/1.6/commons-validator-1.6.jar
7f8e92b05000-7f8e92b18000 r--s 000df000 08:01 804950                     /home/madunlap/.m2/repository/org/apache/commons/commons-math/2.2/commons-math-2.2.jar
7f8e92b18000-7f8e92b1a000 r--s 00003000 08:01 3150223                    /home/madunlap/.m2/repository/org/slf4j/jcl-over-slf4j/1.7.24/jcl-over-slf4j-1.7.24.jar
7f8e92b1a000-7f8e92b1b000 r--s 00006000 08:01 3150235                    /home/madunlap/.m2/repository/org/noggit/noggit/0.8/noggit-0.8.jar
7f8e92b1b000-7f8e92b21000 r--s 00071000 08:01 2653570                    /home/madunlap/.m2/repository/org/codehaus/woodstox/woodstox-core-asl/4.4.1/woodstox-core-asl-4.4.1.jar
7f8e92b21000-7f8e92b25000 r--s 00024000 08:01 1068759                    /home/madunlap/.m2/repository/org/codehaus/woodstox/stax2-api/3.1.4/stax2-api-3.1.4.jar
7f8e92b25000-7f8e92b32000 r--s 000cc000 08:01 3150232                    /home/madunlap/.m2/repository/org/apache/zookeeper/zookeeper/3.4.11/zookeeper-3.4.11.jar
7f8e92b32000-7f8e92b34000 r--s 00009000 08:01 3150230                    /home/madunlap/.m2/repository/org/apache/httpcomponents/httpmime/4.5.3/httpmime-4.5.3.jar
7f8e92b34000-7f8e92b5b000 r--s 001f6000 08:01 663612                     /home/madunlap/.m2/repository/org/apache/commons/commons-math3/3.6.1/commons-math3-3.6.1.jar
7f8e92b5b000-7f8e92b78000 r--s 0018d000 08:01 3152250                    /home/madunlap/.m2/repository/org/apache/solr/solr-solrj/7.3.1/solr-solrj-7.3.1.jar
7f8e92b78000-7f8e92b7d000 r--s 00041000 08:01 3150227                    /home/madunlap/.m2/repository/commons-lang/commons-lang/2.6/commons-lang-2.6.jar
7f8e92b7d000-7f8e92b7f000 r--s 0000d000 08:01 3150224                    /home/madunlap/.m2/repository/com/fasterxml/classmate/1.0.0/classmate-1.0.0.jar
7f8e92b7f000-7f8e92b81000 r--s 0000d000 08:01 3150222                    /home/madunlap/.m2/repository/org/jboss/logging/jboss-logging/3.1.1.GA/jboss-logging-3.1.1.GA.jar
7f8e92b81000-7f8e92b85000 r--s 0000c000 08:01 3150220                    /home/madunlap/.m2/repository/javax/validation/validation-api/1.1.0.Final/validation-api-1.1.0.Final.jar
7f8e92b85000-7f8e92b92000 r--s 00080000 08:01 3023055                    /home/madunlap/.m2/repository/org/hibernate/hibernate-validator/5.0.3.Final/hibernate-validator-5.0.3.Final.jar
7f8e92b92000-7f8e92b9c000 r--s 0006b000 08:01 3023053                    /home/madunlap/.m2/repository/org/omnifaces/omnifaces/1.7/omnifaces-1.7.jar
7f8e92b9c000-7f8e92bab000 r--s 000c4000 08:01 3023051                    /home/madunlap/.m2/repository/org/atmosphere/atmosphere-runtime/2.4.2/atmosphere-runtime-2.4.2.jar
7f8e92bab000-7f8e92bbf000 r--s 0013a000 08:01 3023068                    /home/madunlap/.m2/repository/org/primefaces/themes/all-themes/1.0.10/all-themes-1.0.10.jar
7f8e92bbf000-7f8e92bee000 r--s 003e4000 08:01 3023049                    /home/madunlap/.m2/repository/org/primefaces/primefaces/6.2/primefaces-6.2.jar
7f8e92bee000-7f8e92c10000 r--s 00120000 08:01 3023047                    /home/madunlap/.m2/repository/javax/javaee-web-api/7.0/javaee-web-api-7.0.jar
7f8e92c10000-7f8e92c18000 r--s 00078000 08:01 3023045                    /home/madunlap/.m2/repository/com/sun/mail/javax.mail/1.5.0/javax.mail-1.5.0.jar
7f8e92c18000-7f8e92c4c000 r--s 001a4000 08:01 804898                     /home/madunlap/.m2/repository/javax/javaee-api/7.0/javaee-api-7.0.jar
7f8e92c4c000-7f8e92c77000 r--s 001f5000 08:01 3023043                    /home/madunlap/.m2/repository/com/google/guava/guava/16.0.1/guava-16.0.1.jar
7f8e92c77000-7f8e92c83000 r--s 00071000 08:01 664355                     /home/madunlap/.m2/repository/org/flywaydb/flyway-core/5.2.4/flyway-core-5.2.4.jar
7f8e92c83000-7f8e92c85000 r--s 0000c000 08:01 1068800                    /home/madunlap/.m2/repository/org/json/json/20160810/json-20160810.jar
7f8e92c85000-7f8e92c87000 r--s 00017000 08:01 1068799                    /home/madunlap/.m2/repository/org/everit/json/org.everit.json.schema/1.5.1/org.everit.json.schema-1.5.1.jar
7f8e92c87000-7f8e92ca5000 r--s 0027d000 08:01 1068795                    /home/madunlap/.m2/repository/xalan/xalan/2.7.0/xalan-2.7.0.jar
7f8e92ca5000-7f8e92cbc000 r--s 00110000 08:01 1068794                    /home/madunlap/.m2/repository/xerces/xercesImpl/2.8.0/xercesImpl-2.8.0.jar
7f8e92cbc000-7f8e92cc4000 r--s 00028000 08:01 1068791                    /home/madunlap/.m2/repository/xml-apis/xml-apis/1.3.03/xml-apis-1.3.03.jar
7f8e92cc4000-7f8e92ccb000 r--s 00046000 08:01 1068786                    /home/madunlap/.m2/repository/com/io7m/xom/xom/1.2.10/xom-1.2.10.jar
7f8e92ccb000-7f8e92cce000 r--s 0000e000 08:01 3150098                    /home/madunlap/.m2/repository/com/fasterxml/jackson/core/jackson-annotations/2.9.0/jackson-annotations-2.9.0.jar
7f8e92cce000-7f8e92ce1000 r--s 00137000 08:01 3288115                    /home/madunlap/.m2/repository/com/fasterxml/jackson/core/jackson-databind/2.9.6/jackson-databind-2.9.6.jar
7f8e92ce1000-7f8e92ce6000 r--s 0004b000 08:01 3151775                    /home/madunlap/.m2/repository/com/fasterxml/jackson/core/jackson-core/2.9.6/jackson-core-2.9.6.jar
7f8e92ce6000-7f8e92ceb000 r--s 0002a000 08:01 1068784                    /home/madunlap/.m2/repository/com/google/code/gson/gson/2.2.4/gson-2.2.4.jar
7f8e92ceb000-7f8e92cef000 r--s 00031000 08:01 1068782                    /home/madunlap/.m2/repository/commons-io/commons-io/2.6/commons-io-2.6.jar
7f8e92cef000-7f8e92cf2000 r--s 0000f000 08:01 1068780                    /home/madunlap/.m2/repository/commons-fileupload/commons-fileupload/1.3.3/commons-fileupload-1.3.3.jar
7f8e92cf2000-7f8e92cf8000 r--s 00032000 08:01 1068779                    /home/madunlap/.m2/repository/jaxen/jaxen/1.1.1/jaxen-1.1.1.jar
7f8e92cf8000-7f8e92cff000 r--s 00079000 08:01 1068768                    /home/madunlap/.m2/repository/org/codehaus/woodstox/wstx-asl/3.2.6/wstx-asl-3.2.6.jar
7f8e92cff000-7f8e92d03000 r--s 00026000 08:01 1068767                    /home/madunlap/.m2/repository/org/apache/ws/commons/axiom/axiom-impl/1.2.14/axiom-impl-1.2.14.jar
7f8e92d03000-7f8e92d0d000 r--s 0005d000 08:01 1068761                    /home/madunlap/.m2/repository/org/apache/ws/commons/axiom/axiom-api/1.2.14/axiom-api-1.2.14.jar
7f8e92d0d000-7f8e93119000 r--s 03c80000 08:01 1068724                    /home/madunlap/.m2/repository/com/amazonaws/aws-java-sdk-bundle/1.11.172/aws-java-sdk-bundle-1.11.172.jar
7f8e93119000-7f8e9311c000 ---p 00000000 00:00 0 
7f8e9311c000-7f8e9321a000 rw-p 00000000 00:00 0 
7f8e9321a000-7f8e934f5000 r--p 00000000 08:01 1441812                    /usr/lib/locale/locale-archive
7f8e934f5000-7f8e934f8000 ---p 00000000 00:00 0 
7f8e934f8000-7f8e935f6000 rw-p 00000000 00:00 0 
7f8e935f6000-7f8e935f9000 ---p 00000000 00:00 0 
7f8e935f9000-7f8e936f7000 rw-p 00000000 00:00 0 
7f8e936f7000-7f8e936f8000 ---p 00000000 00:00 0 
7f8e936f8000-7f8e94000000 rw-p 00000000 00:00 0 
7f8e94000000-7f8e94021000 rw-p 00000000 00:00 0 
7f8e94021000-7f8e98000000 ---p 00000000 00:00 0 
7f8e98000000-7f8e98005000 r--s 00032000 08:01 1068762                    /home/madunlap/.m2/repository/org/apache/geronimo/specs/geronimo-javamail_1.4_spec/1.7.1/geronimo-javamail_1.4_spec-1.7.1.jar
7f8e98005000-7f8e98008000 r--s 0014e000 08:01 1068747                    /home/madunlap/.m2/repository/org/apache/abdera/abdera-parser/1.1.3/abdera-parser-1.1.3.jar
7f8e98008000-7f8e9800a000 r--s 00006000 08:01 663559                     /home/madunlap/.m2/repository/org/apache/geronimo/specs/geronimo-stax-api_1.0_spec/1.0.1/geronimo-stax-api_1.0_spec-1.0.1.jar
7f8e9800a000-7f8e98091000 rw-p 00000000 00:00 0 
7f8e98091000-7f8e980aa000 r--s 002fd000 08:01 1068717                    /home/madunlap/.m2/repository/com/ibm/icu/icu4j/3.4.4/icu4j-3.4.4.jar
7f8e980aa000-7f8e981ab000 rw-p 00000000 00:00 0 
7f8e981ab000-7f8e98384000 r--s 03d5a000 08:01 2233137                    /usr/lib/jvm/java-8-oracle/jre/lib/rt.jar
7f8e98384000-7f8e9bd0e000 rw-p 00000000 00:00 0 
7f8e9bd0e000-7f8e9bd0f000 ---p 00000000 00:00 0 
7f8e9bd0f000-7f8e9be0f000 rw-p 00000000 00:00 0 
7f8e9be0f000-7f8e9be10000 ---p 00000000 00:00 0 
7f8e9be10000-7f8e9bf30000 rw-p 00000000 00:00 0 
7f8e9bf30000-7f8e9c102000 ---p 00000000 00:00 0 
7f8e9c102000-7f8e9c122000 rw-p 00000000 00:00 0 
7f8e9c122000-7f8e9c2f3000 ---p 00000000 00:00 0 
7f8e9c2f3000-7f8e9c328000 rw-p 00000000 00:00 0 
7f8e9c328000-7f8e9c3ec000 ---p 00000000 00:00 0 
7f8e9c3ec000-7f8e9c409000 rw-p 00000000 00:00 0 
7f8e9c409000-7f8e9c7ad000 ---p 00000000 00:00 0 
7f8e9c7ad000-7f8e9ce8d000 rwxp 00000000 00:00 0 
7f8e9ce8d000-7f8eab7ad000 ---p 00000000 00:00 0 
7f8eab7ad000-7f8eab7c8000 r-xp 00000000 08:01 2233347                    /usr/lib/jvm/java-8-oracle/jre/lib/amd64/libzip.so
7f8eab7c8000-7f8eab9c8000 ---p 0001b000 08:01 2233347                    /usr/lib/jvm/java-8-oracle/jre/lib/amd64/libzip.so
7f8eab9c8000-7f8eab9c9000 rw-p 0001b000 08:01 2233347                    /usr/lib/jvm/java-8-oracle/jre/lib/amd64/libzip.so
7f8eab9c9000-7f8eab9d4000 r-xp 00000000 08:01 663303                     /lib/x86_64-linux-gnu/libnss_files-2.24.so
7f8eab9d4000-7f8eabbd3000 ---p 0000b000 08:01 663303                     /lib/x86_64-linux-gnu/libnss_files-2.24.so
7f8eabbd3000-7f8eabbd4000 r--p 0000a000 08:01 663303                     /lib/x86_64-linux-gnu/libnss_files-2.24.so
7f8eabbd4000-7f8eabbd5000 rw-p 0000b000 08:01 663303                     /lib/x86_64-linux-gnu/libnss_files-2.24.so
7f8eabbd5000-7f8eabbdb000 rw-p 00000000 00:00 0 
7f8eabbdb000-7f8eabbe6000 r-xp 00000000 08:01 663305                     /lib/x86_64-linux-gnu/libnss_nis-2.24.so
7f8eabbe6000-7f8eabde5000 ---p 0000b000 08:01 663305                     /lib/x86_64-linux-gnu/libnss_nis-2.24.so
7f8eabde5000-7f8eabde6000 r--p 0000a000 08:01 663305                     /lib/x86_64-linux-gnu/libnss_nis-2.24.so
7f8eabde6000-7f8eabde7000 rw-p 0000b000 08:01 663305                     /lib/x86_64-linux-gnu/libnss_nis-2.24.so
7f8eabde7000-7f8eabdfd000 r-xp 00000000 08:01 663300                     /lib/x86_64-linux-gnu/libnsl-2.24.so
7f8eabdfd000-7f8eabffc000 ---p 00016000 08:01 663300                     /lib/x86_64-linux-gnu/libnsl-2.24.so
7f8eabffc000-7f8eabffd000 r--p 00015000 08:01 663300                     /lib/x86_64-linux-gnu/libnsl-2.24.so
7f8eabffd000-7f8eabffe000 rw-p 00016000 08:01 663300                     /lib/x86_64-linux-gnu/libnsl-2.24.so
7f8eabffe000-7f8eac000000 rw-p 00000000 00:00 0 
7f8eac000000-7f8ead420000 rw-p 00000000 00:00 0 
7f8ead420000-7f8eb0000000 ---p 00000000 00:00 0 
7f8eb0000000-7f8eb0002000 r--s 0000a000 08:01 1068741                    /home/madunlap/.m2/repository/org/apache/geronimo/specs/geronimo-activation_1.1_spec/1.1/geronimo-activation_1.1_spec-1.1.jar
7f8eb0002000-7f8eb0006000 r--s 00094000 08:01 1068734                    /home/madunlap/.m2/repository/org/apache/abdera/abdera-i18n/1.1.3/abdera-i18n-1.1.3.jar
7f8eb0006000-7f8eb000a000 r--s 00024000 08:01 1068719                    /home/madunlap/.m2/repository/org/apache/abdera/abdera-core/1.1.3/abdera-core-1.1.3.jar
7f8eb000a000-7f8eb0010000 r--s 00019000 08:01 1068722                    /home/madunlap/.m2/repository/xerces/xmlParserAPIs/2.6.2/xmlParserAPIs-2.6.2.jar
7f8eb0010000-7f8eb0017000 r--s 00063000 08:01 1068718                    /home/madunlap/.m2/repository/xom/xom/1.1/xom-1.1.jar
7f8eb0017000-7f8eb001a000 r--s 00023000 08:01 1068715                    /home/madunlap/.m2/repository/com/hp/hpl/jena/iri/0.8/iri-0.8.jar
7f8eb001a000-7f8eb003d000 r--s 001ae000 08:01 1068712                    /home/madunlap/.m2/repository/com/hp/hpl/jena/jena/2.6.4/jena-2.6.4.jar
7f8eb003d000-7f8eb0043000 r--s 00045000 08:01 1068710                    /home/madunlap/.m2/repository/commons-httpclient/commons-httpclient/3.1/commons-httpclient-3.1.jar
7f8eb0043000-7f8eb0045000 r--s 0000d000 08:01 663609                     /home/madunlap/.m2/repository/org/apache/abdera/abdera-client/1.1.1/abdera-client-1.1.1.jar
7f8eb0045000-7f8eb0047000 r--s 00016000 08:01 663605                     /home/madunlap/.m2/repository/javax/servlet/servlet-api/2.4/servlet-api-2.4.jar
7f8eb0047000-7f8eb004a000 r--s 0000f000 08:01 663604                     /home/madunlap/.m2/repository/org/swordapp/sword2-server/1.0/sword2-server-1.0-classes.jar
7f8eb004a000-7f8eb0051000 r--s 00049000 08:01 663603                     /home/madunlap/.m2/repository/org/apache/httpcomponents/httpcore/4.4.9/httpcore-4.4.9.jar
7f8eb0051000-7f8eb0053000 r--s 0000e000 08:01 663602                     /home/madunlap/.m2/repository/commons-logging/commons-logging/1.2/commons-logging-1.2.jar
7f8eb0053000-7f8eb0061000 r--s 000ae000 08:01 663552                     /home/madunlap/.m2/repository/org/apache/httpcomponents/httpclient/4.5.5/httpclient-4.5.5.jar
7f8eb0061000-7f8eb0064000 r--s 00012000 08:01 663585                     /home/madunlap/.m2/repository/org/glassfish/javax.json/1.0.4/javax.json-1.0.4.jar
7f8eb0064000-7f8eb0067000 r--s 0000d000 08:01 663584                     /home/madunlap/.m2/repository/org/junit/vintage/junit-vintage-engine/5.3.1/junit-vintage-engine-5.3.1.jar
7f8eb0067000-7f8eb0073000 r--s 0006f000 08:01 664364                     /home/madunlap/.m2/repository/org/junit/jupiter/junit-jupiter-params/5.3.1/junit-jupiter-params-5.3.1.jar
7f8eb0073000-7f8eb0077000 r--s 0001d000 08:01 663583                     /home/madunlap/.m2/repository/org/junit/platform/junit-platform-engine/1.3.1/junit-platform-engine-1.3.1.jar
7f8eb0077000-7f8eb007b000 r--s 00021000 08:01 663579                     /home/madunlap/.m2/repository/org/junit/jupiter/junit-jupiter-engine/5.3.1/junit-jupiter-engine-5.3.1.jar
7f8eb007b000-7f8eb00f1000 rw-p 00000000 00:00 0 
7f8eb00f1000-7f8eb00f9000 r-xp 00000000 08:01 663301                     /lib/x86_64-linux-gnu/libnss_compat-2.24.so
7f8eb00f9000-7f8eb02f8000 ---p 00008000 08:01 663301                     /lib/x86_64-linux-gnu/libnss_compat-2.24.so
7f8eb02f8000-7f8eb02f9000 r--p 00007000 08:01 663301                     /lib/x86_64-linux-gnu/libnss_compat-2.24.so
7f8eb02f9000-7f8eb02fa000 rw-p 00008000 08:01 663301                     /lib/x86_64-linux-gnu/libnss_compat-2.24.so
7f8eb02fa000-7f8eb0304000 r-xp 00000000 08:01 2233356                    /usr/lib/jvm/java-8-oracle/jre/lib/amd64/libinstrument.so
7f8eb0304000-7f8eb0503000 ---p 0000a000 08:01 2233356                    /usr/lib/jvm/java-8-oracle/jre/lib/amd64/libinstrument.so
7f8eb0503000-7f8eb0504000 rw-p 00009000 08:01 2233356                    /usr/lib/jvm/java-8-oracle/jre/lib/amd64/libinstrument.so
7f8eb0504000-7f8eb052f000 r-xp 00000000 08:01 2233341                    /usr/lib/jvm/java-8-oracle/jre/lib/amd64/libjava.so
7f8eb052f000-7f8eb072e000 ---p 0002b000 08:01 2233341                    /usr/lib/jvm/java-8-oracle/jre/lib/amd64/libjava.so
7f8eb072e000-7f8eb0730000 rw-p 0002a000 08:01 2233341                    /usr/lib/jvm/java-8-oracle/jre/lib/amd64/libjava.so
7f8eb0730000-7f8eb073d000 r-xp 00000000 08:01 2233346                    /usr/lib/jvm/java-8-oracle/jre/lib/amd64/libverify.so
7f8eb073d000-7f8eb093d000 ---p 0000d000 08:01 2233346                    /usr/lib/jvm/java-8-oracle/jre/lib/amd64/libverify.so
7f8eb093d000-7f8eb093f000 rw-p 0000d000 08:01 2233346                    /usr/lib/jvm/java-8-oracle/jre/lib/amd64/libverify.so
7f8eb093f000-7f8eb0946000 r-xp 00000000 08:01 663310                     /lib/x86_64-linux-gnu/librt-2.24.so
7f8eb0946000-7f8eb0b45000 ---p 00007000 08:01 663310                     /lib/x86_64-linux-gnu/librt-2.24.so
7f8eb0b45000-7f8eb0b46000 r--p 00006000 08:01 663310                     /lib/x86_64-linux-gnu/librt-2.24.so
7f8eb0b46000-7f8eb0b47000 rw-p 00007000 08:01 663310                     /lib/x86_64-linux-gnu/librt-2.24.so
7f8eb0b47000-7f8eb0c4f000 r-xp 00000000 08:01 663297                     /lib/x86_64-linux-gnu/libm-2.24.so
7f8eb0c4f000-7f8eb0e4e000 ---p 00108000 08:01 663297                     /lib/x86_64-linux-gnu/libm-2.24.so
7f8eb0e4e000-7f8eb0e4f000 r--p 00107000 08:01 663297                     /lib/x86_64-linux-gnu/libm-2.24.so
7f8eb0e4f000-7f8eb0e50000 rw-p 00108000 08:01 663297                     /lib/x86_64-linux-gnu/libm-2.24.so
7f8eb0e50000-7f8eb1b23000 r-xp 00000000 08:01 2233324                    /usr/lib/jvm/java-8-oracle/jre/lib/amd64/server/libjvm.so
7f8eb1b23000-7f8eb1d22000 ---p 00cd3000 08:01 2233324                    /usr/lib/jvm/java-8-oracle/jre/lib/amd64/server/libjvm.so
7f8eb1d22000-7f8eb1dfc000 rw-p 00cd2000 08:01 2233324                    /usr/lib/jvm/java-8-oracle/jre/lib/amd64/server/libjvm.so
7f8eb1dfc000-7f8eb1e47000 rw-p 00000000 00:00 0 
7f8eb1e47000-7f8eb2005000 r-xp 00000000 08:01 663293                     /lib/x86_64-linux-gnu/libc-2.24.so
7f8eb2005000-7f8eb2204000 ---p 001be000 08:01 663293                     /lib/x86_64-linux-gnu/libc-2.24.so
7f8eb2204000-7f8eb2208000 r--p 001bd000 08:01 663293                     /lib/x86_64-linux-gnu/libc-2.24.so
7f8eb2208000-7f8eb220a000 rw-p 001c1000 08:01 663293                     /lib/x86_64-linux-gnu/libc-2.24.so
7f8eb220a000-7f8eb220e000 rw-p 00000000 00:00 0 
7f8eb220e000-7f8eb2211000 r-xp 00000000 08:01 663296                     /lib/x86_64-linux-gnu/libdl-2.24.so
7f8eb2211000-7f8eb2410000 ---p 00003000 08:01 663296                     /lib/x86_64-linux-gnu/libdl-2.24.so
7f8eb2410000-7f8eb2411000 r--p 00002000 08:01 663296                     /lib/x86_64-linux-gnu/libdl-2.24.so
7f8eb2411000-7f8eb2412000 rw-p 00003000 08:01 663296                     /lib/x86_64-linux-gnu/libdl-2.24.so
7f8eb2412000-7f8eb2428000 r-xp 00000000 08:01 2233319                    /usr/lib/jvm/java-8-oracle/jre/lib/amd64/jli/libjli.so
7f8eb2428000-7f8eb2627000 ---p 00016000 08:01 2233319                    /usr/lib/jvm/java-8-oracle/jre/lib/amd64/jli/libjli.so
7f8eb2627000-7f8eb2628000 rw-p 00015000 08:01 2233319                    /usr/lib/jvm/java-8-oracle/jre/lib/amd64/jli/libjli.so
7f8eb2628000-7f8eb2640000 r-xp 00000000 08:01 663308                     /lib/x86_64-linux-gnu/libpthread-2.24.so
7f8eb2640000-7f8eb2840000 ---p 00018000 08:01 663308                     /lib/x86_64-linux-gnu/libpthread-2.24.so
7f8eb2840000-7f8eb2841000 r--p 00018000 08:01 663308                     /lib/x86_64-linux-gnu/libpthread-2.24.so
7f8eb2841000-7f8eb2842000 rw-p 00019000 08:01 663308                     /lib/x86_64-linux-gnu/libpthread-2.24.so
7f8eb2842000-7f8eb2846000 rw-p 00000000 00:00 0 
7f8eb2846000-7f8eb286c000 r-xp 00000000 08:01 663288                     /lib/x86_64-linux-gnu/ld-2.24.so
7f8eb286c000-7f8eb286d000 r--s 00004000 08:01 3023041                    /home/madunlap/.m2/repository/org/mindrot/jbcrypt/0.3m/jbcrypt-0.3m.jar
7f8eb286d000-7f8eb286f000 r--s 00009000 08:01 663573                     /home/madunlap/.m2/repository/org/hamcrest/hamcrest-core/1.3/hamcrest-core-1.3.jar
7f8eb286f000-7f8eb2877000 r--s 00045000 08:01 663572                     /home/madunlap/.m2/repository/junit/junit/4.12/junit-4.12.jar
7f8eb2877000-7f8eb287a000 r--s 00011000 08:01 663570                     /home/madunlap/.m2/repository/org/junit/platform/junit-platform-commons/1.3.1/junit-platform-commons-1.3.1.jar
7f8eb287a000-7f8eb287b000 r--s 00001000 08:01 663564                     /home/madunlap/.m2/repository/org/opentest4j/opentest4j/1.1.1/opentest4j-1.1.1.jar
7f8eb287b000-7f8eb287f000 r--s 00019000 08:01 663558                     /home/madunlap/.m2/repository/org/junit/jupiter/junit-jupiter-api/5.3.1/junit-jupiter-api-5.3.1.jar
7f8eb287f000-7f8eb2883000 r--s 00021000 08:01 663550                     /home/madunlap/.m2/repository/org/cryptacular/cryptacular/1.1.0/cryptacular-1.1.0.jar
7f8eb2883000-7f8eb2886000 r--s 00011000 08:01 663547                     /home/madunlap/.m2/repository/org/passay/passay/1.1.0/passay-1.1.0.jar
7f8eb2886000-7f8eb2888000 r--s 00002000 08:01 808142                     /home/madunlap/.m2/repository/org/apache/maven/surefire/surefire-logger-api/2.22.0/surefire-logger-api-2.22.0.jar
7f8eb2888000-7f8eb288d000 r--s 00029000 08:01 808026                     /home/madunlap/.m2/repository/org/apache/maven/surefire/surefire-api/2.22.0/surefire-api-2.22.0.jar
7f8eb288d000-7f8eb2891000 r--s 0003f000 08:01 926824                     /home/madunlap/.m2/repository/org/apache/maven/surefire/surefire-booter/2.22.0/surefire-booter-2.22.0.jar
7f8eb2891000-7f8eb293b000 rw-p 00000000 00:00 0 
7f8eb293b000-7f8eb293e000 ---p 00000000 00:00 0 
7f8eb293e000-7f8eb2a3e000 rw-p 00000000 00:00 0 
7f8eb2a3e000-7f8eb2a3f000 r--s 00000000 08:01 663561                     /home/madunlap/.m2/repository/org/apiguardian/apiguardian-api/1.0.0/apiguardian-api-1.0.0.jar
7f8eb2a3f000-7f8eb2a40000 r--s 00006000 08:01 1190374                    /home/madunlap/Documents/github/dataverse/target/surefire/surefirebooter3306566574932886568.jar
7f8eb2a40000-7f8eb2a5e000 rw-p 00000000 00:00 0 
7f8eb2a5e000-7f8eb2a66000 rw-s 00000000 08:01 1322314                    /tmp/hsperfdata_madunlap/31023
7f8eb2a66000-7f8eb2a67000 rw-p 00000000 00:00 0 
7f8eb2a67000-7f8eb2a68000 ---p 00000000 00:00 0 
7f8eb2a68000-7f8eb2a6b000 rw-p 00000000 00:00 0 
7f8eb2a6b000-7f8eb2a6c000 r--p 00025000 08:01 663288                     /lib/x86_64-linux-gnu/ld-2.24.so
7f8eb2a6c000-7f8eb2a6d000 rw-p 00026000 08:01 663288                     /lib/x86_64-linux-gnu/ld-2.24.so
7f8eb2a6d000-7f8eb2a6e000 rw-p 00000000 00:00 0 
7ffcbe234000-7ffcbe255000 rw-p 00000000 00:00 0                          [stack]
7ffcbe351000-7ffcbe353000 r--p 00000000 00:00 0                          [vvar]
7ffcbe353000-7ffcbe355000 r-xp 00000000 00:00 0                          [vdso]
ffffffffff600000-ffffffffff601000 r-xp 00000000 00:00 0                  [vsyscall]

VM Arguments:
jvm_args: -javaagent:/home/madunlap/.m2/repository/org/jacoco/org.jacoco.agent/0.8.1/org.jacoco.agent-0.8.1-runtime.jar=destfile=/home/madunlap/Documents/github/dataverse/target/jacoco.exec -Duser.timezone=UTC -Dfile.encoding=UTF-8 -Duser.language=en -Duser.region=US 
java_command: /home/madunlap/Documents/github/dataverse/target/surefire/surefirebooter3306566574932886568.jar /home/madunlap/Documents/github/dataverse/target/surefire 2019-03-29T18-29-37_243-jvmRun1 surefire263525077840843746tmp surefire_03703781379309624916tmp
java_class_path (initial): /home/madunlap/Documents/github/dataverse/target/surefire/surefirebooter3306566574932886568.jar:/home/madunlap/.m2/repository/org/jacoco/org.jacoco.agent/0.8.1/org.jacoco.agent-0.8.1-runtime.jar
Launcher Type: SUN_STANDARD

Environment Variables:
JAVA_HOME=/usr/lib/jvm/java-8-oracle
PATH=/home/madunlap/bin:/usr/local/sbin:/usr/local/bin:/usr/sbin:/usr/bin:/sbin:/bin:/usr/games:/usr/local/games:/snap/bin:/usr/lib/jvm/java-8-oracle/bin:/usr/lib/jvm/java-8-oracle/db/bin:/usr/lib/jvm/java-8-oracle/jre/bin
LD_LIBRARY_PATH=/usr/lib/jvm/java-8-oracle/jre/lib/amd64:/usr/lib/jvm/java-8-oracle/jre/lib/i386:
SHELL=/bin/bash
DISPLAY=:0

Signal Handlers:
SIGSEGV: [libjvm.so+0xacbe10], sa_mask[0]=11111111011111111101111111111110, sa_flags=SA_RESTART|SA_SIGINFO
SIGBUS: [libjvm.so+0xacbe10], sa_mask[0]=11111111011111111101111111111110, sa_flags=SA_RESTART|SA_SIGINFO
SIGFPE: [libjvm.so+0x924f90], sa_mask[0]=11111111011111111101111111111110, sa_flags=SA_RESTART|SA_SIGINFO
SIGPIPE: [libjvm.so+0x924f90], sa_mask[0]=11111111011111111101111111111110, sa_flags=SA_RESTART|SA_SIGINFO
SIGXFSZ: [libjvm.so+0x924f90], sa_mask[0]=11111111011111111101111111111110, sa_flags=SA_RESTART|SA_SIGINFO
SIGILL: [libjvm.so+0x924f90], sa_mask[0]=11111111011111111101111111111110, sa_flags=SA_RESTART|SA_SIGINFO
SIGUSR1: SIG_DFL, sa_mask[0]=00000000000000000000000000000000, sa_flags=none
SIGUSR2: [libjvm.so+0x9267d0], sa_mask[0]=00100000000000000000000000000000, sa_flags=SA_RESTART|SA_SIGINFO
SIGHUP: [libjvm.so+0x927bd0], sa_mask[0]=11111111011111111101111111111110, sa_flags=SA_RESTART|SA_SIGINFO
SIGINT: SIG_IGN, sa_mask[0]=00000000000000000000000000000000, sa_flags=none
SIGTERM: [libjvm.so+0x927bd0], sa_mask[0]=11111111011111111101111111111110, sa_flags=SA_RESTART|SA_SIGINFO
SIGQUIT: [libjvm.so+0x927bd0], sa_mask[0]=11111111011111111101111111111110, sa_flags=SA_RESTART|SA_SIGINFO


---------------  S Y S T E M  ---------------

OS:DISTRIB_ID=Ubuntu
DISTRIB_RELEASE=17.04
DISTRIB_CODENAME=zesty
DISTRIB_DESCRIPTION="Ubuntu 17.04"

uname:Linux 4.10.0-42-generic #46-Ubuntu SMP Mon Dec 4 14:38:01 UTC 2017 x86_64
libc:glibc 2.24 NPTL 2.24 
rlimit: STACK 8192k, CORE 0k, NPROC 23666, NOFILE 1048576, AS infinity
load average:3.00 2.41 2.13

/proc/meminfo:
MemTotal:        6104256 kB
MemFree:           96488 kB
MemAvailable:       5724 kB
Buffers:            3128 kB
Cached:            61268 kB
SwapCached:        20668 kB
Active:          5028596 kB
Inactive:         731224 kB
Active(anon):    5010860 kB
Inactive(anon):   715820 kB
Active(file):      17736 kB
Inactive(file):    15404 kB
Unevictable:          32 kB
Mlocked:              32 kB
SwapTotal:       2097148 kB
SwapFree:           8208 kB
Dirty:               220 kB
Writeback:          1708 kB
AnonPages:       5675664 kB
Mapped:            49072 kB
Shmem:             31264 kB
Slab:              98432 kB
SReclaimable:      45152 kB
SUnreclaim:        53280 kB
KernelStack:       16528 kB
PageTables:        86248 kB
NFS_Unstable:          0 kB
Bounce:                0 kB
WritebackTmp:          0 kB
CommitLimit:     5149276 kB
Committed_AS:   13547028 kB
VmallocTotal:   34359738367 kB
VmallocUsed:           0 kB
VmallocChunk:          0 kB
HardwareCorrupted:     0 kB
AnonHugePages:   1765376 kB
ShmemHugePages:        0 kB
ShmemPmdMapped:        0 kB
CmaTotal:              0 kB
CmaFree:               0 kB
HugePages_Total:       0
HugePages_Free:        0
HugePages_Rsvd:        0
HugePages_Surp:        0
Hugepagesize:       2048 kB
DirectMap4k:      176048 kB
DirectMap2M:     6115328 kB


CPU:total 2 (initial active 2) (2 cores per cpu, 1 threads per core) family 6 model 70 stepping 1, cmov, cx8, fxsr, mmx, sse, sse2, sse3, ssse3, sse4.1, sse4.2, popcnt, avx, avx2, aes, clmul, erms, lzcnt, tsc, tscinvbit, bmi1, bmi2

/proc/cpuinfo:
processor	: 0
vendor_id	: GenuineIntel
cpu family	: 6
model		: 70
model name	: Intel(R) Core(TM) i7-4870HQ CPU @ 2.50GHz
stepping	: 1
microcode	: 0x19
cpu MHz		: 2494.226
cache size	: 6144 KB
physical id	: 0
siblings	: 2
core id		: 0
cpu cores	: 2
apicid		: 0
initial apicid	: 0
fpu		: yes
fpu_exception	: yes
cpuid level	: 13
wp		: yes
flags		: fpu vme de pse tsc msr pae mce cx8 apic sep mtrr pge mca cmov pat pse36 clflush mmx fxsr sse sse2 ss ht syscall nx rdtscp lm constant_tsc nopl xtopology nonstop_tsc pni pclmulqdq ssse3 fma cx16 pcid sse4_1 sse4_2 x2apic movbe popcnt tsc_deadline_timer aes xsave avx f16c rdrand hypervisor lahf_lm abm fsgsbase tsc_adjust bmi1 avx2 smep bmi2 invpcid xsaveopt dtherm arat pln pts
bugs		:
bogomips	: 4988.45
clflush size	: 64
cache_alignment	: 64
address sizes	: 36 bits physical, 48 bits virtual
power management:

processor	: 1
vendor_id	: GenuineIntel
cpu family	: 6
model		: 70
model name	: Intel(R) Core(TM) i7-4870HQ CPU @ 2.50GHz
stepping	: 1
microcode	: 0x19
cpu MHz		: 2494.226
cache size	: 6144 KB
physical id	: 0
siblings	: 2
core id		: 1
cpu cores	: 2
apicid		: 1
initial apicid	: 1
fpu		: yes
fpu_exception	: yes
cpuid level	: 13
wp		: yes
flags		: fpu vme de pse tsc msr pae mce cx8 apic sep mtrr pge mca cmov pat pse36 clflush mmx fxsr sse sse2 ss ht syscall nx rdtscp lm constant_tsc nopl xtopology nonstop_tsc pni pclmulqdq ssse3 fma cx16 pcid sse4_1 sse4_2 x2apic movbe popcnt tsc_deadline_timer aes xsave avx f16c rdrand hypervisor lahf_lm abm fsgsbase tsc_adjust bmi1 avx2 smep bmi2 invpcid xsaveopt dtherm arat pln pts
bugs		:
bogomips	: 4988.45
clflush size	: 64
cache_alignment	: 64
address sizes	: 36 bits physical, 48 bits virtual
power management:



Memory: 4k page, physical 6104256k(96488k free), swap 2097148k(8208k free)

vm_info: Java HotSpot(TM) 64-Bit Server VM (25.151-b12) for linux-amd64 JRE (1.8.0_151-b12), built on Sep  5 2017 19:20:58 by "java_re" with gcc 4.3.0 20080428 (Red Hat 4.3.0-8)

time: Fri Mar 29 18:29:41 2019
elapsed time: 4 seconds (0d 0h 0m 4s)

