#
# There is insufficient memory for the Java Runtime Environment to continue.
# Native memory allocation (mmap) failed to map 123207680 bytes for committing reserved memory.
# Possible reasons:
#   The system is out of physical RAM or swap space
#   In 32 bit mode, the process size limit was hit
# Possible solutions:
#   Reduce memory load on the system
#   Increase physical memory or swap space
#   Check if swap backing store is full
#   Use 64 bit Java on a 64 bit OS
#   Decrease Java heap size (-Xmx/-Xms)
#   Decrease number of Java threads
#   Decrease Java thread stack sizes (-Xss)
#   Set larger code cache with -XX:ReservedCodeCacheSize=
# This output file may be truncated or incomplete.
#
#  Out of Memory Error (os_linux.cpp:2640), pid=5766, tid=0x00007ff75fefe700
#
# JRE version: Java(TM) SE Runtime Environment (8.0_144-b01) (build 1.8.0_144-b01)
# Java VM: Java HotSpot(TM) 64-Bit Server VM (25.144-b01 mixed mode linux-amd64 compressed oops)
# Failed to write core dump. Core dumps have been disabled. To enable core dumping, try "ulimit -c unlimited" before starting Java again
#

---------------  T H R E A D  ---------------

Current thread (0x00007ff7740fc000):  VMThread [stack: 0x00007ff75fdfe000,0x00007ff75feff000] [id=5771]

Stack: [0x00007ff75fdfe000,0x00007ff75feff000],  sp=0x00007ff75fefd100,  free space=1020k
Native frames: (J=compiled Java code, j=interpreted, Vv=VM code, C=native code)
V  [libjvm.so+0xacb18a]  VMError::report_and_die()+0x2ba
V  [libjvm.so+0x4ff4db]  report_vm_out_of_memory(char const*, int, unsigned long, VMErrorType, char const*)+0x8b
V  [libjvm.so+0x927d23]  os::Linux::commit_memory_impl(char*, unsigned long, bool)+0x103
V  [libjvm.so+0x928279]  os::pd_commit_memory(char*, unsigned long, unsigned long, bool)+0x29
V  [libjvm.so+0x92249a]  os::commit_memory(char*, unsigned long, unsigned long, bool)+0x2a
V  [libjvm.so+0x996ff3]  PSVirtualSpace::expand_by(unsigned long)+0x53
V  [libjvm.so+0x9983f8]  PSYoungGen::resize_generation(unsigned long, unsigned long)+0xf8
V  [libjvm.so+0x997552]  PSYoungGen::resize(unsigned long, unsigned long)+0x22
V  [libjvm.so+0x99482b]  PSScavenge::invoke_no_policy()+0xf3b
V  [libjvm.so+0x98fad5]  PSParallelCompact::invoke(bool)+0x85
V  [libjvm.so+0x485f14]  CollectedHeap::collect_as_vm_thread(GCCause::Cause)+0x114
V  [libjvm.so+0xacc601]  VM_CollectForMetadataAllocation::doit()+0x161
V  [libjvm.so+0xad4685]  VM_Operation::evaluate()+0x55
V  [libjvm.so+0xad2a5a]  VMThread::evaluate_operation(VM_Operation*)+0xba
V  [libjvm.so+0xad2dde]  VMThread::loop()+0x1ce
V  [libjvm.so+0xad3250]  VMThread::run()+0x70
V  [libjvm.so+0x92a338]  java_start(Thread*)+0x108

VM_Operation (0x00007ff77dec3730): CollectForMetadataAllocation, mode: safepoint, requested by thread 0x00007ff77400b000


---------------  P R O C E S S  ---------------

Java Threads: ( => current thread )
  0x00007ff77481b000 JavaThread "Service Thread" daemon [_thread_blocked, id=5780, stack(0x00007ff75e901000,0x00007ff75ea02000)]
  0x00007ff774817000 JavaThread "C1 CompilerThread1" daemon [_thread_blocked, id=5779, stack(0x00007ff75ea02000,0x00007ff75eb03000)]
  0x00007ff774801000 JavaThread "C2 CompilerThread0" daemon [_thread_blocked, id=5778, stack(0x00007ff75eb03000,0x00007ff75ec04000)]
  0x00007ff77413b800 JavaThread "Signal Dispatcher" daemon [_thread_blocked, id=5774, stack(0x00007ff75f820000,0x00007ff75f921000)]
  0x00007ff774108000 JavaThread "Finalizer" daemon [_thread_blocked, id=5773, stack(0x00007ff75fbfc000,0x00007ff75fcfd000)]
  0x00007ff774103800 JavaThread "Reference Handler" daemon [_thread_blocked, id=5772, stack(0x00007ff75fcfd000,0x00007ff75fdfe000)]
  0x00007ff77400b000 JavaThread "main" [_thread_blocked, id=5768, stack(0x00007ff77ddc7000,0x00007ff77dec8000)]

Other Threads:
=>0x00007ff7740fc000 VMThread [stack: 0x00007ff75fdfe000,0x00007ff75feff000] [id=5771]
  0x00007ff77484e000 WatcherThread [stack: 0x00007ff75e800000,0x00007ff75e901000] [id=5781]

VM state:at safepoint (normal execution)

VM Mutex/Monitor currently owned by a thread:  ([mutex/lock_event])
[0x00007ff7740072e0] Threads_lock - owner thread: 0x00007ff7740fc000
[0x00007ff7740077e0] Heap_lock - owner thread: 0x00007ff77400b000

Heap:
 PSYoungGen      total 206336K, used 2252K [0x00000000eb700000, 0x00000000f8500000, 0x0000000100000000)
  eden space 201728K, 0% used [0x00000000eb700000,0x00000000eb700000,0x00000000f7c00000)
  from space 4608K, 48% used [0x00000000f7c00000,0x00000000f7e332b8,0x00000000f8080000)
  to   space 4608K, 0% used [0x00000000f8080000,0x00000000f8080000,0x00000000f8500000)
 ParOldGen       total 42496K, used 6207K [0x00000000c2400000, 0x00000000c4d80000, 0x00000000eb700000)
  object space 42496K, 14% used [0x00000000c2400000,0x00000000c2a0fe30,0x00000000c4d80000)
 Metaspace       used 20856K, capacity 21072K, committed 21248K, reserved 1069056K
  class space    used 2205K, capacity 2298K, committed 2304K, reserved 1048576K

Card table byte_map: [0x00007ff77a779000,0x00007ff77a968000] byte_map_base: 0x00007ff77a167000

Marking Bits: (ParMarkBitMap*) 0x00007ff77d2a2dc0
 Begin Bits: [0x00007ff77854d000, 0x00007ff7794bd000)
 End Bits:   [0x00007ff7794bd000, 0x00007ff77a42d000)

Polling page: 0x00007ff77def0000

CodeCache: size=245760Kb used=7696Kb max_used=7711Kb free=238063Kb
 bounds [0x00007ff765000000, 0x00007ff765790000, 0x00007ff774000000]
 total_blobs=2972 nmethods=2562 adapters=323
 compilation: enabled

Compilation events (10 events):
Event: 4.180 Thread 0x00007ff774817000 2588       2       java.net.URI::access$300 (7 bytes)
Event: 4.180 Thread 0x00007ff774817000 nmethod 2588 0x00007ff76577a190 code [0x00007ff76577a300, 0x00007ff76577a448]
Event: 4.183 Thread 0x00007ff774801000 nmethod 2556 0x00007ff76577f890 code [0x00007ff76577fc40, 0x00007ff765782390]
Event: 4.183 Thread 0x00007ff774801000 2574       4       org.jacoco.agent.rt.internal_b0d6a23.asm.tree.MethodNode::accept (898 bytes)
Event: 4.372 Thread 0x00007ff774801000 nmethod 2574 0x00007ff765788850 code [0x00007ff765788d20, 0x00007ff76578b630]
Event: 4.373 Thread 0x00007ff774801000 2585       4       java.lang.StringBuilder::<init> (7 bytes)
Event: 4.373 Thread 0x00007ff774801000 nmethod 2585 0x00007ff765785850 code [0x00007ff7657859a0, 0x00007ff765785a98]
Event: 4.373 Thread 0x00007ff774801000 2543       4       org.jacoco.agent.rt.internal_b0d6a23.asm.ClassWriter::visitMethod (24 bytes)
Event: 4.382 Thread 0x00007ff774801000 nmethod 2543 0x00007ff7657860d0 code [0x00007ff7657862a0, 0x00007ff765786b70]
Event: 4.382 Thread 0x00007ff774801000 2548  s    4       java.lang.StringBuffer::append (13 bytes)

GC Heap History (10 events):
Event: 2.064 GC heap after
Heap after GC invocations=6 (full 0):
 PSYoungGen      total 66560K, used 3553K [0x00000000eb700000, 0x00000000efd00000, 0x0000000100000000)
  eden space 62976K, 0% used [0x00000000eb700000,0x00000000eb700000,0x00000000ef480000)
  from space 3584K, 99% used [0x00000000ef880000,0x00000000efbf85c8,0x00000000efc00000)
  to   space 4096K, 0% used [0x00000000ef480000,0x00000000ef480000,0x00000000ef880000)
 ParOldGen       total 42496K, used 887K [0x00000000c2400000, 0x00000000c4d80000, 0x00000000eb700000)
  object space 42496K, 2% used [0x00000000c2400000,0x00000000c24ddd70,0x00000000c4d80000)
 Metaspace       used 11634K, capacity 11816K, committed 12032K, reserved 1060864K
  class space    used 1146K, capacity 1178K, committed 1280K, reserved 1048576K
}
Event: 2.494 GC heap before
{Heap before GC invocations=7 (full 0):
 PSYoungGen      total 66560K, used 66529K [0x00000000eb700000, 0x00000000efd00000, 0x0000000100000000)
  eden space 62976K, 100% used [0x00000000eb700000,0x00000000ef480000,0x00000000ef480000)
  from space 3584K, 99% used [0x00000000ef880000,0x00000000efbf85c8,0x00000000efc00000)
  to   space 4096K, 0% used [0x00000000ef480000,0x00000000ef480000,0x00000000ef880000)
 ParOldGen       total 42496K, used 887K [0x00000000c2400000, 0x00000000c4d80000, 0x00000000eb700000)
  object space 42496K, 2% used [0x00000000c2400000,0x00000000c24ddd70,0x00000000c4d80000)
 Metaspace       used 13967K, capacity 14138K, committed 14336K, reserved 1062912K
  class space    used 1445K, capacity 1501K, committed 1536K, reserved 1048576K
Event: 2.506 GC heap after
Heap after GC invocations=7 (full 0):
 PSYoungGen      total 67072K, used 3733K [0x00000000eb700000, 0x00000000f3b00000, 0x0000000100000000)
  eden space 62976K, 0% used [0x00000000eb700000,0x00000000eb700000,0x00000000ef480000)
  from space 4096K, 91% used [0x00000000ef480000,0x00000000ef825460,0x00000000ef880000)
  to   space 4608K, 0% used [0x00000000f3680000,0x00000000f3680000,0x00000000f3b00000)
 ParOldGen       total 42496K, used 2451K [0x00000000c2400000, 0x00000000c4d80000, 0x00000000eb700000)
  object space 42496K, 5% used [0x00000000c2400000,0x00000000c2664cc8,0x00000000c4d80000)
 Metaspace       used 13967K, capacity 14138K, committed 14336K, reserved 1062912K
  class space    used 1445K, capacity 1501K, committed 1536K, reserved 1048576K
}
Event: 2.754 GC heap before
{Heap before GC invocations=8 (full 0):
 PSYoungGen      total 67072K, used 66687K [0x00000000eb700000, 0x00000000f3b00000, 0x0000000100000000)
  eden space 62976K, 99% used [0x00000000eb700000,0x00000000ef47aaf8,0x00000000ef480000)
  from space 4096K, 91% used [0x00000000ef480000,0x00000000ef825460,0x00000000ef880000)
  to   space 4608K, 0% used [0x00000000f3680000,0x00000000f3680000,0x00000000f3b00000)
 ParOldGen       total 42496K, used 2451K [0x00000000c2400000, 0x00000000c4d80000, 0x00000000eb700000)
  object space 42496K, 5% used [0x00000000c2400000,0x00000000c2664cc8,0x00000000c4d80000)
 Metaspace       used 15744K, capacity 16020K, committed 16384K, reserved 1064960K
  class space    used 1609K, capacity 1680K, committed 1792K, reserved 1048576K
Event: 2.765 GC heap after
Heap after GC invocations=8 (full 0):
 PSYoungGen      total 130560K, used 2810K [0x00000000eb700000, 0x00000000f3b00000, 0x0000000100000000)
  eden space 125952K, 0% used [0x00000000eb700000,0x00000000eb700000,0x00000000f3200000)
  from space 4608K, 60% used [0x00000000f3680000,0x00000000f393e860,0x00000000f3b00000)
  to   space 4608K, 0% used [0x00000000f3200000,0x00000000f3200000,0x00000000f3680000)
 ParOldGen       total 42496K, used 2779K [0x00000000c2400000, 0x00000000c4d80000, 0x00000000eb700000)
  object space 42496K, 6% used [0x00000000c2400000,0x00000000c26b6cc8,0x00000000c4d80000)
 Metaspace       used 15744K, capacity 16020K, committed 16384K, reserved 1064960K
  class space    used 1609K, capacity 1680K, committed 1792K, reserved 1048576K
}
Event: 2.843 GC heap before
{Heap before GC invocations=9 (full 0):
 PSYoungGen      total 130560K, used 128664K [0x00000000eb700000, 0x00000000f3b00000, 0x0000000100000000)
  eden space 125952K, 99% used [0x00000000eb700000,0x00000000f31e7878,0x00000000f3200000)
  from space 4608K, 60% used [0x00000000f3680000,0x00000000f393e860,0x00000000f3b00000)
  to   space 4608K, 0% used [0x00000000f3200000,0x00000000f3200000,0x00000000f3680000)
 ParOldGen       total 42496K, used 2779K [0x00000000c2400000, 0x00000000c4d80000, 0x00000000eb700000)
  object space 42496K, 6% used [0x00000000c2400000,0x00000000c26b6cc8,0x00000000c4d80000)
 Metaspace       used 15744K, capacity 16020K, committed 16384K, reserved 1064960K
  class space    used 1609K, capacity 1680K, committed 1792K, reserved 1048576K
Event: 2.849 GC heap after
Heap after GC invocations=9 (full 0):
 PSYoungGen      total 130560K, used 1550K [0x00000000eb700000, 0x00000000f8500000, 0x0000000100000000)
  eden space 125952K, 0% used [0x00000000eb700000,0x00000000eb700000,0x00000000f3200000)
  from space 4608K, 33% used [0x00000000f3200000,0x00000000f3383930,0x00000000f3680000)
  to   space 4608K, 0% used [0x00000000f8080000,0x00000000f8080000,0x00000000f8500000)
 ParOldGen       total 42496K, used 3956K [0x00000000c2400000, 0x00000000c4d80000, 0x00000000eb700000)
  object space 42496K, 9% used [0x00000000c2400000,0x00000000c27dd258,0x00000000c4d80000)
 Metaspace       used 15744K, capacity 16020K, committed 16384K, reserved 1064960K
  class space    used 1609K, capacity 1680K, committed 1792K, reserved 1048576K
}
Event: 3.800 GC heap before
{Heap before GC invocations=10 (full 0):
 PSYoungGen      total 130560K, used 127502K [0x00000000eb700000, 0x00000000f8500000, 0x0000000100000000)
  eden space 125952K, 100% used [0x00000000eb700000,0x00000000f3200000,0x00000000f3200000)
  from space 4608K, 33% used [0x00000000f3200000,0x00000000f3383930,0x00000000f3680000)
  to   space 4608K, 0% used [0x00000000f8080000,0x00000000f8080000,0x00000000f8500000)
 ParOldGen       total 42496K, used 3956K [0x00000000c2400000, 0x00000000c4d80000, 0x00000000eb700000)
  object space 42496K, 9% used [0x00000000c2400000,0x00000000c27dd258,0x00000000c4d80000)
 Metaspace       used 17410K, capacity 17648K, committed 18048K, reserved 1064960K
  class space    used 1799K, capacity 1882K, committed 1920K, reserved 1048576K
Event: 3.821 GC heap after
Heap after GC invocations=10 (full 0):
 PSYoungGen      total 206336K, used 1515K [0x00000000eb700000, 0x00000000f8500000, 0x0000000100000000)
  eden space 201728K, 0% used [0x00000000eb700000,0x00000000eb700000,0x00000000f7c00000)
  from space 4608K, 32% used [0x00000000f8080000,0x00000000f81fadb0,0x00000000f8500000)
  to   space 4608K, 0% used [0x00000000f7c00000,0x00000000f7c00000,0x00000000f8080000)
 ParOldGen       total 42496K, used 5326K [0x00000000c2400000, 0x00000000c4d80000, 0x00000000eb700000)
  object space 42496K, 12% used [0x00000000c2400000,0x00000000c2933a28,0x00000000c4d80000)
 Metaspace       used 17410K, capacity 17648K, committed 18048K, reserved 1064960K
  class space    used 1799K, capacity 1882K, committed 1920K, reserved 1048576K
}
Event: 4.384 GC heap before
{Heap before GC invocations=11 (full 0):
 PSYoungGen      total 206336K, used 49480K [0x00000000eb700000, 0x00000000f8500000, 0x0000000100000000)
  eden space 201728K, 23% used [0x00000000eb700000,0x00000000ee5d7520,0x00000000f7c00000)
  from space 4608K, 32% used [0x00000000f8080000,0x00000000f81fadb0,0x00000000f8500000)
  to   space 4608K, 0% used [0x00000000f7c00000,0x00000000f7c00000,0x00000000f8080000)
 ParOldGen       total 42496K, used 5326K [0x00000000c2400000, 0x00000000c4d80000, 0x00000000eb700000)
  object space 42496K, 12% used [0x00000000c2400000,0x00000000c2933a28,0x00000000c4d80000)
 Metaspace       used 20856K, capacity 21072K, committed 21248K, reserved 1069056K
  class space    used 2205K, capacity 2298K, committed 2304K, reserved 1048576K

Deoptimization events (10 events):
Event: 2.531 Thread 0x00007ff77400b000 Uncommon trap: reason=bimorphic action=maybe_recompile pc=0x00007ff76549b9d4 method=java.util.regex.Pattern$CharProperty.match(Ljava/util/regex/Matcher;ILjava/lang/CharSequence;)Z @ 37
Event: 2.557 Thread 0x00007ff77400b000 Uncommon trap: reason=bimorphic action=maybe_recompile pc=0x00007ff76549b9d4 method=java.util.regex.Pattern$CharProperty.match(Ljava/util/regex/Matcher;ILjava/lang/CharSequence;)Z @ 37
Event: 2.661 Thread 0x00007ff77400b000 Uncommon trap: reason=bimorphic action=maybe_recompile pc=0x00007ff76549b9d4 method=java.util.regex.Pattern$CharProperty.match(Ljava/util/regex/Matcher;ILjava/lang/CharSequence;)Z @ 37
Event: 3.704 Thread 0x00007ff77400b000 Uncommon trap: reason=range_check action=make_not_entrant pc=0x00007ff7656c0a00 method=sun.reflect.generics.parser.SignatureParser.current()C @ 34
Event: 3.745 Thread 0x00007ff77400b000 Uncommon trap: reason=unstable_if action=reinterpret pc=0x00007ff76569c5d0 method=org.jacoco.agent.rt.internal_b0d6a23.asm.Type.getArgumentsAndReturnSizes(Ljava/lang/String;)I @ 47
Event: 3.875 Thread 0x00007ff77400b000 Uncommon trap: reason=unstable_if action=reinterpret pc=0x00007ff7656217bc method=org.jacoco.agent.rt.internal_b0d6a23.asm.Item.isEqualTo(Lorg/jacoco/agent/rt/internal_b0d6a23/asm/Item;)Z @ 251
Event: 3.995 Thread 0x00007ff77400b000 Uncommon trap: reason=unstable_if action=reinterpret pc=0x00007ff765694fb0 method=org.jacoco.agent.rt.internal_b0d6a23.asm.commons.AnalyzerAdapter.visitLabel(Lorg/jacoco/agent/rt/internal_b0d6a23/asm/Label;)V @ 19
Event: 4.068 Thread 0x00007ff77400b000 Uncommon trap: reason=unstable_if action=reinterpret pc=0x00007ff7656877b0 method=org.jacoco.agent.rt.internal_b0d6a23.core.internal.flow.LabelFlowAnalyzer.markMethodInvocationLine()V @ 4
Event: 4.166 Thread 0x00007ff77400b000 Uncommon trap: reason=unstable_if action=reinterpret pc=0x00007ff765705738 method=java.util.Properties$LineReader.readLine()I @ 180
Event: 4.183 Thread 0x00007ff77400b000 Uncommon trap: reason=unstable_if action=reinterpret pc=0x00007ff7657643e4 method=sun.misc.URLClassPath$JarLoader.getResource(Ljava/lang/String;Z)Lsun/misc/Resource; @ 15

Internal exceptions (10 events):
Event: 3.954 Thread 0x00007ff77400b000 Exception <a 'sun/nio/fs/UnixException'> (0x00000000ec5bd0f8) thrown at [/HUDSON3/workspace/8-2-build-linux-amd64/jdk8u144/9417/hotspot/src/share/vm/prims/jni.cpp, line 709]
Event: 3.954 Thread 0x00007ff77400b000 Exception <a 'sun/nio/fs/UnixException'> (0x00000000ec5be0e8) thrown at [/HUDSON3/workspace/8-2-build-linux-amd64/jdk8u144/9417/hotspot/src/share/vm/prims/jni.cpp, line 709]
Event: 3.954 Thread 0x00007ff77400b000 Exception <a 'sun/nio/fs/UnixException'> (0x00000000ec5bf088) thrown at [/HUDSON3/workspace/8-2-build-linux-amd64/jdk8u144/9417/hotspot/src/share/vm/prims/jni.cpp, line 709]
Event: 3.955 Thread 0x00007ff77400b000 Exception <a 'sun/nio/fs/UnixException'> (0x00000000ec5c39f8) thrown at [/HUDSON3/workspace/8-2-build-linux-amd64/jdk8u144/9417/hotspot/src/share/vm/prims/jni.cpp, line 709]
Event: 3.968 Thread 0x00007ff77400b000 Exception <a 'sun/nio/fs/UnixException'> (0x00000000ec5efeb0) thrown at [/HUDSON3/workspace/8-2-build-linux-amd64/jdk8u144/9417/hotspot/src/share/vm/prims/jni.cpp, line 709]
Event: 3.970 Thread 0x00007ff77400b000 Exception <a 'sun/nio/fs/UnixException'> (0x00000000ec5f5fe8) thrown at [/HUDSON3/workspace/8-2-build-linux-amd64/jdk8u144/9417/hotspot/src/share/vm/prims/jni.cpp, line 709]
Event: 3.975 Thread 0x00007ff77400b000 Exception <a 'sun/nio/fs/UnixException'> (0x00000000ec5f75b0) thrown at [/HUDSON3/workspace/8-2-build-linux-amd64/jdk8u144/9417/hotspot/src/share/vm/prims/jni.cpp, line 709]
Event: 4.068 Thread 0x00007ff77400b000 Implicit null exception at 0x00007ff7656876d8 to 0x00007ff76568779d
Event: 4.181 Thread 0x00007ff77400b000 Exception <a 'java/security/PrivilegedActionException'> (0x00000000ee35b620) thrown at [/HUDSON3/workspace/8-2-build-linux-amd64/jdk8u144/9417/hotspot/src/share/vm/prims/jvm.cpp, line 1390]
Event: 4.181 Thread 0x00007ff77400b000 Exception <a 'java/security/PrivilegedActionException'> (0x00000000ee35ba18) thrown at [/HUDSON3/workspace/8-2-build-linux-amd64/jdk8u144/9417/hotspot/src/share/vm/prims/jvm.cpp, line 1390]

Events (10 events):
Event: 4.381 loading class com/sun/org/apache/xerces/internal/impl/dv/xs/IntegerDV done
Event: 4.381 loading class com/sun/org/apache/xerces/internal/impl/dv/xs/ListDV
Event: 4.381 loading class com/sun/org/apache/xerces/internal/impl/dv/xs/ListDV done
Event: 4.382 loading class com/sun/org/apache/xerces/internal/impl/dv/xs/UnionDV
Event: 4.382 loading class com/sun/org/apache/xerces/internal/impl/dv/xs/UnionDV done
Event: 4.382 loading class com/sun/org/apache/xerces/internal/impl/dv/xs/YearMonthDurationDV
Event: 4.382 loading class com/sun/org/apache/xerces/internal/impl/dv/xs/YearMonthDurationDV done
Event: 4.382 loading class com/sun/org/apache/xerces/internal/impl/dv/xs/DayTimeDurationDV
Event: 4.382 loading class com/sun/org/apache/xerces/internal/impl/dv/xs/DayTimeDurationDV done
Event: 4.383 Executing VM operation: CollectForMetadataAllocation


Dynamic libraries:
00400000-00401000 r-xp 00000000 08:01 2106691                            /usr/lib/jvm/java-8-oracle/jre/bin/java
00600000-00601000 rw-p 00000000 08:01 2106691                            /usr/lib/jvm/java-8-oracle/jre/bin/java
01e1a000-01e3b000 rw-p 00000000 00:00 0                                  [heap]
c2400000-c4d80000 rw-p 00000000 00:00 0 
c4d80000-eb700000 ---p 00000000 00:00 0 
eb700000-f8500000 rw-p 00000000 00:00 0 
ffa80000-100000000 ---p 00000000 00:00 0 
100000000-100240000 rw-p 00000000 00:00 0 
100240000-140000000 ---p 00000000 00:00 0 
7ff730000000-7ff730021000 rw-p 00000000 00:00 0 
7ff730021000-7ff734000000 ---p 00000000 00:00 0 
7ff738000000-7ff738f41000 rw-p 00000000 00:00 0 
7ff738f41000-7ff73c000000 ---p 00000000 00:00 0 
7ff73c000000-7ff73c021000 rw-p 00000000 00:00 0 
7ff73c021000-7ff740000000 ---p 00000000 00:00 0 
7ff740000000-7ff74142f000 rw-p 00000000 00:00 0 
7ff74142f000-7ff744000000 ---p 00000000 00:00 0 
7ff744000000-7ff744021000 rw-p 00000000 00:00 0 
7ff744021000-7ff748000000 ---p 00000000 00:00 0 
7ff748fff000-7ff74c000000 rw-p 00000000 00:00 0 
7ff74c000000-7ff74c021000 rw-p 00000000 00:00 0 
7ff74c021000-7ff750000000 ---p 00000000 00:00 0 
7ff750000000-7ff750021000 rw-p 00000000 00:00 0 
7ff750021000-7ff754000000 ---p 00000000 00:00 0 
7ff754000000-7ff75428e000 rw-p 00000000 00:00 0 
7ff75428e000-7ff758000000 ---p 00000000 00:00 0 
7ff758000000-7ff758021000 rw-p 00000000 00:00 0 
7ff758021000-7ff75c000000 ---p 00000000 00:00 0 
7ff75d983000-7ff75da03000 rw-p 00000000 00:00 0 
7ff75da03000-7ff75db83000 ---p 00000000 00:00 0 
7ff75db83000-7ff75dd83000 rw-p 00000000 00:00 0 
7ff75dd83000-7ff75df83000 rw-p 00000000 00:00 0 
7ff75df83000-7ff75df96000 r--s 00345000 08:01 1976712                    /usr/lib/jvm/java-8-oracle/jre/lib/resources.jar
7ff75df96000-7ff75dfb2000 r--s 00393000 08:01 2106535                    /usr/lib/jvm/java-8-oracle/jre/lib/ext/cldrdata.jar
7ff75dfb2000-7ff75dfbc000 r--s 00116000 08:01 2106532                    /usr/lib/jvm/java-8-oracle/jre/lib/ext/localedata.jar
7ff75dfbc000-7ff75e1bc000 rw-p 00000000 00:00 0 
7ff75e1bc000-7ff75e3bc000 rw-p 00000000 00:00 0 
7ff75e3c1000-7ff75e5c1000 rw-p 00000000 00:00 0 
7ff75e5c1000-7ff75e5c3000 r--s 00007000 08:01 791719                     /home/madunlap/.m2/repository/org/apache/maven/surefire/surefire-junit4/2.10/surefire-junit4-2.10.jar
7ff75e5c3000-7ff75e5c5000 r--s 0000b000 08:01 921145                     /home/madunlap/.m2/repository/org/json/json/20160212/json-20160212.jar
7ff75e5c5000-7ff75e5c7000 r--s 00009000 08:01 921147                     /home/madunlap/.m2/repository/com/mashape/unirest/unirest-java/1.4.9/unirest-java-1.4.9.jar
7ff75e5c7000-7ff75e5c9000 r--s 0000e000 08:01 921141                     /home/madunlap/.m2/repository/org/jvnet/mimepull/mimepull/1.9.6/mimepull-1.9.6.jar
7ff75e5c9000-7ff75e5cc000 r--s 0000e000 08:01 921143                     /home/madunlap/.m2/repository/org/glassfish/jersey/media/jersey-media-multipart/2.23.2/jersey-media-multipart-2.23.2.jar
7ff75e5cc000-7ff75e5d0000 r--s 00019000 08:01 921137                     /home/madunlap/.m2/repository/javax/ws/rs/javax.ws.rs-api/2.0.1/javax.ws.rs-api-2.0.1.jar
7ff75e5d0000-7ff75e5d2000 r--s 00010000 08:01 921134                     /home/madunlap/.m2/repository/org/glassfish/jersey/media/jersey-media-jaxb/2.23.2/jersey-media-jaxb-2.23.2.jar
7ff75e5d2000-7ff75e5d7000 r--s 00025000 08:01 921138                     /home/madunlap/.m2/repository/org/glassfish/jersey/core/jersey-client/2.23.2/jersey-client-2.23.2.jar
7ff75e5d7000-7ff75e5ed000 r--s 000d3000 08:01 921133                     /home/madunlap/.m2/repository/org/glassfish/jersey/core/jersey-server/2.23.2/jersey-server-2.23.2.jar
7ff75e5ed000-7ff75e5ee000 r--s 00004000 08:01 921129                     /home/madunlap/.m2/repository/org/glassfish/hk2/osgi-resource-locator/1.0.1/osgi-resource-locator-1.0.1.jar
7ff75e5ee000-7ff75e5f8000 r--s 000ae000 08:01 921127                     /home/madunlap/.m2/repository/org/javassist/javassist/3.20.0-GA/javassist-3.20.0-GA.jar
7ff75e5f8000-7ff75e5fb000 r--s 0002a000 08:01 921123                     /home/madunlap/.m2/repository/org/glassfish/hk2/hk2-locator/2.5.0-b05/hk2-locator-2.5.0-b05.jar
7ff75e5fb000-7ff75e5fd000 r--s 00002000 08:01 921128                     /home/madunlap/.m2/repository/org/glassfish/hk2/external/aopalliance-repackaged/2.5.0-b05/aopalliance-repackaged-2.5.0-b05.jar
7ff75e5fd000-7ff75e601000 r--s 0001a000 08:01 921125                     /home/madunlap/.m2/repository/org/glassfish/hk2/hk2-utils/2.5.0-b05/hk2-utils-2.5.0-b05.jar
7ff75e601000-7ff75e606000 r--s 00027000 08:01 921118                     /home/madunlap/.m2/repository/org/glassfish/hk2/hk2-api/2.5.0-b05/hk2-api-2.5.0-b05.jar
7ff75e606000-7ff75e61e000 r--s 000d6000 08:01 921120                     /home/madunlap/.m2/repository/org/glassfish/jersey/bundles/repackaged/jersey-guava/2.23.2/jersey-guava-2.23.2.jar
7ff75e61e000-7ff75e620000 r--s 00005000 08:01 921116                     /home/madunlap/.m2/repository/javax/annotation/javax.annotation-api/1.2/javax.annotation-api-1.2.jar
7ff75e620000-7ff75e62f000 r--s 000a0000 08:01 921111                     /home/madunlap/.m2/repository/org/glassfish/jersey/core/jersey-common/2.23.2/jersey-common-2.23.2.jar
7ff75e62f000-7ff75e630000 r--s 00001000 08:01 921113                     /home/madunlap/.m2/repository/org/glassfish/hk2/external/javax.inject/2.5.0-b05/javax.inject-2.5.0-b05.jar
7ff75e630000-7ff75e633000 r--s 0000e000 08:01 921110                     /home/madunlap/.m2/repository/org/glassfish/jersey/containers/jersey-container-servlet-core/2.23.2/jersey-container-servlet-core-2.23.2.jar
7ff75e633000-7ff75e635000 r--s 00003000 08:01 921107                     /home/madunlap/.m2/repository/org/glassfish/jersey/containers/jersey-container-servlet/2.23.2/jersey-container-servlet-2.23.2.jar
7ff75e635000-7ff75e637000 r--s 00008000 08:01 921112                     /home/madunlap/.m2/repository/com/google/auto/auto-common/0.3/auto-common-0.3.jar
7ff75e637000-7ff75e638000 r--s 00002000 08:01 921105                     /home/madunlap/.m2/repository/com/google/auto/service/auto-service/1.0-rc2/auto-service-1.0-rc2.jar
7ff75e638000-7ff75e63a000 r--s 0000c000 08:01 921153                     /home/madunlap/.m2/repository/com/lyncode/xoai-service-provider/4.1.0-header-patch/xoai-service-provider-4.1.0-header-patch.jar
7ff75e63a000-7ff75e63b000 r--s 00001000 08:01 921104                     /home/madunlap/.m2/repository/com/lyncode/builder-commons/1.0.2/builder-commons-1.0.2.jar
7ff75e63b000-7ff75e63e000 r--s 00012000 08:01 921152                     /home/madunlap/.m2/repository/com/lyncode/xoai-data-provider/4.1.0-header-patch/xoai-data-provider-4.1.0-header-patch.jar
7ff75e63e000-7ff75e640000 r--s 00005000 08:01 791390                     /home/madunlap/.m2/repository/stax/stax-api/1.0.1/stax-api-1.0.1.jar
7ff75e640000-7ff75e646000 r--s 00048000 08:01 921101                     /home/madunlap/.m2/repository/org/apache/commons/commons-lang3/3.1/commons-lang3-3.1.jar
7ff75e646000-7ff75e648000 r--s 00004000 08:01 921097                     /home/madunlap/.m2/repository/javax/xml/stream/stax-api/1.0-2/stax-api-1.0-2.jar
7ff75e648000-7ff75e64c000 r--s 00029000 08:01 921098                     /home/madunlap/.m2/repository/org/codehaus/woodstox/stax2-api/3.0.4/stax2-api-3.0.4.jar
7ff75e64c000-7ff75e652000 r--s 00045000 08:01 921095                     /home/madunlap/.m2/repository/org/hamcrest/hamcrest-all/1.3/hamcrest-all-1.3.jar
7ff75e652000-7ff75e657000 r--s 00016000 08:01 791388                     /home/madunlap/.m2/repository/xml-apis/xml-apis/1.0.b2/xml-apis-1.0.b2.jar
7ff75e657000-7ff75e658000 r--s 00003000 08:01 921092                     /home/madunlap/.m2/repository/com/lyncode/test-support/1.0.4/test-support-1.0.4.jar
7ff75e658000-7ff75e65a000 r--s 00004000 08:01 921090                     /home/madunlap/.m2/repository/com/lyncode/xml-io/1.0.3/xml-io-1.0.3.jar
7ff75e65a000-7ff75e65c000 r--s 0000d000 08:01 921151                     /home/madunlap/.m2/repository/com/lyncode/xoai-common/4.1.0-header-patch/xoai-common-4.1.0-header-patch.jar
7ff75e65c000-7ff75e65f000 r--s 00011000 08:01 921088                     /home/madunlap/.m2/repository/com/github/scribejava/scribejava-core/3.1.0/scribejava-core-3.1.0.jar
7ff75e65f000-7ff75e662000 r--s 00010000 08:01 921084                     /home/madunlap/.m2/repository/com/github/scribejava/scribejava-apis/3.1.0/scribejava-apis-3.1.0.jar
7ff75e662000-7ff75e66b000 r--s 0006f000 08:01 921083                     /home/madunlap/.m2/repository/log4j/log4j/1.2.17/log4j-1.2.17.jar
7ff75e66b000-7ff75e742000 r--s 007aa000 08:01 921093                     /home/madunlap/.m2/repository/net/sf/ehcache/ehcache/2.10.1/ehcache-2.10.1.jar
7ff75e742000-7ff75e744000 r--s 00008000 08:01 921082                     /home/madunlap/.m2/repository/org/apache/commons/commons-csv/1.2/commons-csv-1.2.jar
7ff75e744000-7ff75e748000 r--s 00035000 08:01 921081                     /home/madunlap/.m2/repository/com/fasterxml/jackson/core/jackson-core/2.5.3/jackson-core-2.5.3.jar
7ff75e748000-7ff75e74a000 r--s 00008000 08:01 921075                     /home/madunlap/.m2/repository/com/fasterxml/jackson/core/jackson-annotations/2.5.0/jackson-annotations-2.5.0.jar
7ff75e74a000-7ff75e75c000 r--s 00106000 08:01 921073                     /home/madunlap/.m2/repository/com/fasterxml/jackson/core/jackson-databind/2.5.3/jackson-databind-2.5.3.jar
7ff75e75c000-7ff75e75f000 r--s 00006000 08:01 921070                     /home/madunlap/.m2/repository/com/google/code/findbugs/jsr305/1.3.9/jsr305-1.3.9.jar
7ff75e75f000-7ff75e765000 r--s 00040000 08:01 921074                     /home/madunlap/.m2/repository/com/google/http-client/google-http-client/1.20.0/google-http-client-1.20.0.jar
7ff75e765000-7ff75e766000 r--s 00004000 08:01 921066                     /home/madunlap/.m2/repository/com/maxmind/db/maxmind-db/1.0.0/maxmind-db-1.0.0.jar
7ff75e766000-7ff75e768000 r--s 00007000 08:01 921064                     /home/madunlap/.m2/repository/com/maxmind/geoip2/geoip2/2.3.1/geoip2-2.3.1.jar
7ff75e768000-7ff75e76a000 r--s 00003000 08:01 921062                     /home/madunlap/.m2/repository/org/slf4j/jcl-over-slf4j/1.7.2/jcl-over-slf4j-1.7.2.jar
7ff75e76a000-7ff75e76e000 r--s 00034000 08:01 921067                     /home/madunlap/.m2/repository/org/codehaus/jackson/jackson-core-asl/1.9.7/jackson-core-asl-1.9.7.jar
7ff75e76e000-7ff75e77d000 r--s 000b0000 08:01 921065                     /home/madunlap/.m2/repository/org/codehaus/jackson/jackson-mapper-asl/1.9.7/jackson-mapper-asl-1.9.7.jar
7ff75e77d000-7ff75e787000 r--s 0003d000 08:01 921060                     /home/madunlap/.m2/repository/org/javaswift/joss/0.9.10/joss-0.9.10.jar
7ff75e787000-7ff75e78e000 r--s 0003a000 08:01 921056                     /home/madunlap/.m2/repository/commons-codec/commons-codec/1.9/commons-codec-1.9.jar
7ff75e78e000-7ff75e795000 r--s 00048000 08:01 921054                     /home/madunlap/.m2/repository/org/apache/httpcomponents/httpcore/4.4.1/httpcore-4.4.1.jar
7ff75e795000-7ff75e7a2000 r--s 000a4000 08:01 921052                     /home/madunlap/.m2/repository/org/apache/httpcomponents/httpclient/4.4.1/httpclient-4.4.1.jar
7ff75e7a2000-7ff75e7a6000 r--s 00028000 08:01 921050                     /home/madunlap/.m2/repository/org/apache/httpcomponents/httpasyncclient/4.1/httpasyncclient-4.1.jar
7ff75e7a6000-7ff75e7ad000 r--s 00050000 08:01 921049                     /home/madunlap/.m2/repository/org/apache/httpcomponents/httpcore-nio/4.4.1/httpcore-nio-4.4.1.jar
7ff75e7ad000-7ff75e7b3000 r--s 00033000 08:01 921046                     /home/madunlap/.m2/repository/io/searchbox/jest-common/0.1.7/jest-common-0.1.7.jar
7ff75e7b3000-7ff75e7b4000 r--s 00004000 08:01 921045                     /home/madunlap/.m2/repository/io/searchbox/jest/0.1.7/jest-0.1.7.jar
7ff75e7b4000-7ff75e7b7000 r--s 0000f000 08:01 921042                     /home/madunlap/.m2/repository/commons-discovery/commons-discovery/0.2/commons-discovery-0.2.jar
7ff75e7b7000-7ff75e7ba000 r--s 0001c000 08:01 921043                     /home/madunlap/.m2/repository/axis/axis-wsdl4j/1.5.1/axis-wsdl4j-1.5.1.jar
7ff75e7ba000-7ff75e7bb000 r--s 00004000 08:01 921039                     /home/madunlap/.m2/repository/org/apache/axis/axis-saaj/1.4/axis-saaj-1.4.jar
7ff75e7bb000-7ff75e7bd000 r--s 00006000 08:01 921036                     /home/madunlap/.m2/repository/org/apache/axis/axis-jaxrpc/1.4/axis-jaxrpc-1.4.jar
7ff75e7bd000-7ff75e7d1000 r--s 00173000 08:01 921038                     /home/madunlap/.m2/repository/axis/axis/1.4/axis-1.4.jar
7ff75e7d1000-7ff75e7d3000 r--s 00009000 08:01 921034                     /home/madunlap/.m2/repository/org/objenesis/objenesis/2.1/objenesis-2.1.jar
7ff75e7d3000-7ff75e7ef000 r--s 00103000 08:01 921030                     /home/madunlap/.m2/repository/org/mockito/mockito-core/1.10.19/mockito-core-1.10.19.jar
7ff75e7ef000-7ff75e7f1000 r--s 00001000 08:01 921031                     /home/madunlap/.m2/repository/org/slf4j/slf4j-log4j12/1.7.7/slf4j-log4j12-1.7.7.jar
7ff75e7f1000-7ff75e7f3000 r--s 00006000 08:01 791385                     /home/madunlap/.m2/repository/org/slf4j/slf4j-api/1.7.7/slf4j-api-1.7.7.jar
7ff75e7f3000-7ff75e7f7000 r--s 0001f000 08:01 921028                     /home/madunlap/.m2/repository/org/jacoco/org.jacoco.report/0.7.5.201505241946/org.jacoco.report-0.7.5.201505241946.jar
7ff75e7f7000-7ff75e7fc000 r--s 00058000 08:01 921027                     /home/madunlap/.m2/repository/org/ow2/asm/asm-debug-all/5.0.1/asm-debug-all-5.0.1.jar
7ff75e7fc000-7ff75e800000 r--s 0001d000 08:01 791383                     /home/madunlap/.m2/repository/org/jacoco/org.jacoco.core/0.7.5.201505241946/org.jacoco.core-0.7.5.201505241946.jar
7ff75e800000-7ff75e801000 ---p 00000000 00:00 0 
7ff75e801000-7ff75e901000 rw-p 00000000 00:00 0 
7ff75e901000-7ff75e904000 ---p 00000000 00:00 0 
7ff75e904000-7ff75ea02000 rw-p 00000000 00:00 0 
7ff75ea02000-7ff75ea05000 ---p 00000000 00:00 0 
7ff75ea05000-7ff75eb03000 rw-p 00000000 00:00 0 
7ff75eb03000-7ff75eb06000 ---p 00000000 00:00 0 
7ff75eb06000-7ff75ec04000 rw-p 00000000 00:00 0 
7ff75ec04000-7ff75ec15000 r-xp 00000000 08:01 2106483                    /usr/lib/jvm/java-8-oracle/jre/lib/amd64/libnio.so
7ff75ec15000-7ff75ee14000 ---p 00011000 08:01 2106483                    /usr/lib/jvm/java-8-oracle/jre/lib/amd64/libnio.so
7ff75ee14000-7ff75ee15000 rw-p 00010000 08:01 2106483                    /usr/lib/jvm/java-8-oracle/jre/lib/amd64/libnio.so
7ff75ee15000-7ff75ee2b000 r-xp 00000000 08:01 2106458                    /usr/lib/jvm/java-8-oracle/jre/lib/amd64/libnet.so
7ff75ee2b000-7ff75f02b000 ---p 00016000 08:01 2106458                    /usr/lib/jvm/java-8-oracle/jre/lib/amd64/libnet.so
7ff75f02b000-7ff75f02c000 rw-p 00016000 08:01 2106458                    /usr/lib/jvm/java-8-oracle/jre/lib/amd64/libnet.so
7ff75f02c000-7ff75f02f000 r--s 0001a000 08:01 1976716                    /usr/lib/jvm/java-8-oracle/jre/lib/jce.jar
7ff75f02f000-7ff75f034000 r--s 0009a000 08:01 1976643                    /usr/lib/jvm/java-8-oracle/jre/lib/jsse.jar
7ff75f034000-7ff75f03a000 r--s 00041000 08:01 661360                     /home/madunlap/.m2/repository/org/jacoco/org.jacoco.agent/0.7.5.201505241946/org.jacoco.agent-0.7.5.201505241946-runtime.jar
7ff75f03a000-7ff75f03c000 r--s 0000e000 08:01 921023                     /home/madunlap/.m2/repository/oro/oro/2.0.8/oro-2.0.8.jar
7ff75f03c000-7ff75f044000 r--s 00058000 08:01 921019                     /home/madunlap/.m2/repository/org/apache/velocity/velocity/1.5/velocity-1.5.jar
7ff75f044000-7ff75f045000 r--s 00001000 08:01 921022                     /home/madunlap/.m2/repository/org/codehaus/plexus/plexus-velocity/1.1.7/plexus-velocity-1.1.7.jar
7ff75f045000-7ff75f046000 r--s 00002000 08:01 921017                     /home/madunlap/.m2/repository/org/codehaus/plexus/plexus-i18n/1.0-beta-7/plexus-i18n-1.0-beta-7.jar
7ff75f046000-7ff75f048000 r--s 00008000 08:01 921015                     /home/madunlap/.m2/repository/org/apache/maven/doxia/doxia-module-fml/1.1.2/doxia-module-fml-1.1.2.jar
7ff75f048000-7ff75f049000 r--s 00003000 08:01 921016                     /home/madunlap/.m2/repository/org/apache/maven/doxia/doxia-module-xhtml/1.1.2/doxia-module-xhtml-1.1.2.jar
7ff75f049000-7ff75f04b000 r--s 0000b000 08:01 921011                     /home/madunlap/.m2/repository/org/apache/maven/doxia/doxia-decoration-model/1.1.2/doxia-decoration-model-1.1.2.jar
7ff75f04b000-7ff75f04d000 r--s 0000b000 08:01 921008                     /home/madunlap/.m2/repository/org/apache/maven/doxia/doxia-site-renderer/1.1.2/doxia-site-renderer-1.1.2.jar
7ff75f04d000-7ff75f051000 r--s 00023000 08:01 921010                     /home/madunlap/.m2/repository/org/apache/maven/doxia/doxia-core/1.1.2/doxia-core-1.1.2.jar
7ff75f051000-7ff75f053000 r--s 00003000 08:01 921007                     /home/madunlap/.m2/repository/org/apache/maven/reporting/maven-reporting-impl/2.1/maven-reporting-impl-2.1.jar
7ff75f053000-7ff75f054000 r--s 00002000 08:01 921004                     /home/madunlap/.m2/repository/org/apache/maven/doxia/doxia-logging-api/1.1/doxia-logging-api-1.1.jar
7ff75f054000-7ff75f056000 r--s 00002000 08:01 921001                     /home/madunlap/.m2/repository/org/apache/maven/doxia/doxia-sink-api/1.1/doxia-sink-api-1.1.jar
7ff75f056000-7ff75f057000 r--s 00002000 08:01 920999                     /home/madunlap/.m2/repository/org/apache/maven/reporting/maven-reporting-api/2.2.1/maven-reporting-api-2.2.1.jar
7ff75f057000-7ff75f059000 r--s 00008000 08:01 920995                     /home/madunlap/.m2/repository/org/apache/maven/shared/maven-shared-io/1.1/maven-shared-io-1.1.jar
7ff75f059000-7ff75f05b000 r--s 00008000 08:01 920998                     /home/madunlap/.m2/repository/org/apache/maven/shared/file-management/1.2.1/file-management-1.2.1.jar
7ff75f05b000-7ff75f060000 r--s 00039000 08:01 920997                     /home/madunlap/.m2/repository/org/codehaus/plexus/plexus-utils/1.5.6/plexus-utils-1.5.6.jar
7ff75f060000-7ff75f062000 r--s 00008000 08:01 920991                     /home/madunlap/.m2/repository/classworlds/classworlds/1.1-alpha-2/classworlds-1.1-alpha-2.jar
7ff75f062000-7ff75f069000 r--s 00029000 08:01 920988                     /home/madunlap/.m2/repository/org/codehaus/plexus/plexus-container-default/1.0-alpha-9-stable-1/plexus-container-default-1.0-alpha-9-stable-1.jar
7ff75f069000-7ff75f06c000 r--s 00011000 08:01 920989                     /home/madunlap/.m2/repository/org/apache/maven/maven-artifact/2.2.1/maven-artifact-2.2.1.jar
7ff75f06c000-7ff75f06e000 r--s 0000b000 08:01 920985                     /home/madunlap/.m2/repository/org/codehaus/plexus/plexus-interpolation/1.11/plexus-interpolation-1.11.jar
7ff75f06e000-7ff75f070000 r--s 00006000 08:01 920982                     /home/madunlap/.m2/repository/org/apache/maven/maven-plugin-registry/2.2.1/maven-plugin-registry-2.2.1.jar
7ff75f070000-7ff75f078000 r--s 00049000 08:01 920984                     /home/madunlap/.m2/repository/backport-util-concurrent/backport-util-concurrent/3.1/backport-util-concurrent-3.1.jar
7ff75f078000-7ff75f07a000 r--s 0000b000 08:01 920978                     /home/madunlap/.m2/repository/org/apache/maven/wagon/wagon-provider-api/1.0-beta-6/wagon-provider-api-1.0-beta-6.jar
7ff75f07a000-7ff75f07c000 r--s 00005000 08:01 920980                     /home/madunlap/.m2/repository/org/apache/maven/maven-repository-metadata/2.2.1/maven-repository-metadata-2.2.1.jar
7ff75f07c000-7ff75f07e000 r--s 0000f000 08:01 920975                     /home/madunlap/.m2/repository/org/apache/maven/maven-artifact-manager/2.2.1/maven-artifact-manager-2.2.1.jar
7ff75f07e000-7ff75f080000 r--s 00014000 08:01 920971                     /home/madunlap/.m2/repository/org/apache/maven/maven-model/2.2.1/maven-model-2.2.1.jar
7ff75f080000-7ff75f082000 r--s 00007000 08:01 920969                     /home/madunlap/.m2/repository/org/apache/maven/maven-profile/2.2.1/maven-profile-2.2.1.jar
7ff75f082000-7ff75f083000 r--s 0000b000 08:01 920972                     /home/madunlap/.m2/repository/org/apache/maven/maven-settings/2.2.1/maven-settings-2.2.1.jar
7ff75f083000-7ff75f087000 r--s 00023000 08:01 920973                     /home/madunlap/.m2/repository/org/apache/maven/maven-project/2.2.1/maven-project-2.2.1.jar
7ff75f087000-7ff75f089000 r--s 00002000 08:01 661356                     /home/madunlap/.m2/repository/org/apache/maven/maven-plugin-api/2.2.1/maven-plugin-api-2.2.1.jar
7ff75f089000-7ff75f08b000 r--s 0000b000 08:01 660606                     /home/madunlap/.m2/repository/org/jacoco/jacoco-maven-plugin/0.7.5.201505241946/jacoco-maven-plugin-0.7.5.201505241946.jar
7ff75f08b000-7ff75f08d000 r--s 00013000 08:01 791380                     /home/madunlap/.m2/repository/com/jayway/restassured/xml-path/2.4.0/xml-path-2.4.0.jar
7ff75f08d000-7ff75f08f000 r--s 00007000 08:01 791379                     /home/madunlap/.m2/repository/com/jayway/restassured/rest-assured-common/2.4.0/rest-assured-common-2.4.0.jar
7ff75f08f000-7ff75f091000 r--s 0001e000 08:01 661355                     /home/madunlap/.m2/repository/org/codehaus/groovy/groovy-json/2.3.7/groovy-json-2.3.7.jar
7ff75f091000-7ff75f093000 r--s 0000d000 08:01 791376                     /home/madunlap/.m2/repository/com/jayway/restassured/json-path/2.4.0/json-path-2.4.0.jar
7ff75f093000-7ff75f095000 r--s 00015000 08:01 791373                     /home/madunlap/.m2/repository/org/ccil/cowan/tagsoup/tagsoup/1.2.1/tagsoup-1.2.1.jar
7ff75f095000-7ff75f096000 r--s 0000c000 08:01 791372                     /home/madunlap/.m2/repository/org/hamcrest/hamcrest-library/1.3/hamcrest-library-1.3.jar
7ff75f096000-7ff75f098000 r--s 00009000 08:01 791370                     /home/madunlap/.m2/repository/org/hamcrest/hamcrest-core/1.3/hamcrest-core-1.3.jar
7ff75f098000-7ff75f09d000 r--s 00034000 08:01 661352                     /home/madunlap/.m2/repository/org/codehaus/groovy/groovy-xml/2.3.7/groovy-xml-2.3.7.jar
7ff75f09d000-7ff75f0e6000 r--s 003fb000 08:01 661354                     /home/madunlap/.m2/repository/org/codehaus/groovy/groovy/2.3.7/groovy-2.3.7.jar
7ff75f0e6000-7ff75f0f0000 r--s 0008c000 08:01 791368                     /home/madunlap/.m2/repository/com/jayway/restassured/rest-assured/2.4.0/rest-assured-2.4.0.jar
7ff75f0f0000-7ff75f0f6000 r--s 00044000 08:01 791367                     /home/madunlap/.m2/repository/org/jsoup/jsoup/1.8.1/jsoup-1.8.1.jar
7ff75f0f6000-7ff75f0f8000 r--s 00004000 08:01 791401                     /home/madunlap/.m2/repository/edu/ucsb/nceas/ezid/1.0.0/ezid-1.0.0.jar
7ff75f0f8000-7ff75f0fb000 r--s 0000b000 08:01 791362                     /home/madunlap/.m2/repository/org/ocpsoft/rewrite/rewrite-integration-faces/2.0.12.Final/rewrite-integration-faces-2.0.12.Final.jar
7ff75f0fb000-7ff75f0fd000 r--s 00001000 08:01 791360                     /home/madunlap/.m2/repository/org/ocpsoft/rewrite/rewrite-annotations-api/2.0.12.Final/rewrite-annotations-api-2.0.12.Final.jar
7ff75f0fd000-7ff75f0fe000 r--s 00005000 08:01 791359                     /home/madunlap/.m2/repository/org/ocpsoft/rewrite/rewrite-addressbuilder/2.0.12.Final/rewrite-addressbuilder-2.0.12.Final.jar
7ff75f0fe000-7ff75f100000 r--s 00008000 08:01 791357                     /home/madunlap/.m2/repository/org/ocpsoft/rewrite/rewrite-api-servlet/2.0.12.Final/rewrite-api-servlet-2.0.12.Final.jar
7ff75f100000-7ff75f102000 r--s 00001000 08:01 791354                     /home/madunlap/.m2/repository/org/ocpsoft/logging/logging-api/1.0.2.Final/logging-api-1.0.2.Final.jar
7ff75f102000-7ff75f103000 r--s 00003000 08:01 791353                     /home/madunlap/.m2/repository/org/ocpsoft/common/common-api/1.0.5.Final/common-api-1.0.5.Final.jar
7ff75f103000-7ff75f107000 r--s 00018000 08:01 791351                     /home/madunlap/.m2/repository/org/ocpsoft/rewrite/rewrite-api/2.0.12.Final/rewrite-api-2.0.12.Final.jar
7ff75f107000-7ff75f109000 r--s 00005000 08:01 791349                     /home/madunlap/.m2/repository/org/ocpsoft/rewrite/rewrite-annotations-impl/2.0.12.Final/rewrite-annotations-impl-2.0.12.Final.jar
7ff75f109000-7ff75f117000 r--s 00092000 08:01 791352                     /home/madunlap/.m2/repository/org/ocpsoft/rewrite/rewrite-config-prettyfaces/2.0.12.Final/rewrite-config-prettyfaces-2.0.12.Final.jar
7ff75f117000-7ff75f125000 r--s 0005f000 08:01 791345                     /home/madunlap/.m2/repository/org/ocpsoft/rewrite/rewrite-servlet/2.0.12.Final/rewrite-servlet-2.0.12.Final.jar
7ff75f125000-7ff75f129000 r--s 0003c000 08:01 791218                     /home/madunlap/.m2/repository/javax/media/jai_codec/1.1.3/jai_codec-1.1.3.jar
7ff75f129000-7ff75f13d000 r--s 001bd000 08:01 791220                     /home/madunlap/.m2/repository/javax/media/jai_core/1.1.3/jai_core-1.1.3.jar
7ff75f13d000-7ff75f14e000 r--s 00106000 08:01 791219                     /home/madunlap/.m2/repository/javax/media/jai_imageio/1.1.1/jai_imageio-1.1.1.jar
7ff75f14e000-7ff75f150000 r--s 00009000 08:01 791399                     /home/madunlap/.m2/repository/edu/harvard/hul/ois/jhove/jhove-handler/1.11.0/jhove-handler-1.11.0.jar
7ff75f150000-7ff75f159000 r--s 00079000 08:01 791398                     /home/madunlap/.m2/repository/edu/harvard/hul/ois/jhove/jhove-module/1.11.0/jhove-module-1.11.0.jar
7ff75f159000-7ff75f15c000 r--s 00011000 08:01 791396                     /home/madunlap/.m2/repository/edu/harvard/hul/ois/jhove/jhove/1.11.0/jhove-1.11.0.jar
7ff75f15c000-7ff75f16c000 r--s 0011f000 08:01 791342                     /home/madunlap/.m2/repository/org/apache/poi/poi-scratchpad/3.10-FINAL/poi-scratchpad-3.10-FINAL.jar
7ff75f16c000-7ff75f172000 r--s 00047000 08:01 791341                     /home/madunlap/.m2/repository/org/apache/poi/poi-examples/3.10-FINAL/poi-examples-3.10-FINAL.jar
7ff75f172000-7ff75f177000 r--s 00048000 08:01 791338                     /home/madunlap/.m2/repository/dom4j/dom4j/1.6.1/dom4j-1.6.1.jar
7ff75f177000-7ff75f1b4000 r--s 0024f000 08:01 791336                     /home/madunlap/.m2/repository/org/apache/xmlbeans/xmlbeans/2.3.0/xmlbeans-2.3.0.jar
7ff75f1b4000-7ff75f24c000 r--s 00420000 08:01 791334                     /home/madunlap/.m2/repository/org/apache/poi/poi-ooxml-schemas/3.10-FINAL/poi-ooxml-schemas-3.10-FINAL.jar
7ff75f24c000-7ff75f25a000 r--s 000ee000 08:01 791333                     /home/madunlap/.m2/repository/org/apache/poi/poi-ooxml/3.10-FINAL/poi-ooxml-3.10-FINAL.jar
7ff75f25a000-7ff75f27c000 r--s 001bb000 08:01 791332                     /home/madunlap/.m2/repository/org/apache/poi/poi/3.10-FINAL/poi-3.10-FINAL.jar
7ff75f27c000-7ff75f27e000 r--s 00006000 08:01 791331                     /home/madunlap/.m2/repository/org/nuiton/thirdparty/Rserve/0.6-1/Rserve-0.6-1.jar
7ff75f27e000-7ff75f280000 r--s 00006000 08:01 791328                     /home/madunlap/.m2/repository/org/nuiton/thirdparty/REngine/0.6-1/REngine-0.6-1.jar
7ff75f280000-7ff75f281000 r--s 0000c000 08:01 791397                     /home/madunlap/.m2/repository/org/dataverse/unf/6.0/unf-6.0.jar
7ff75f281000-7ff75f282000 r--s 00018000 08:01 791394                     /home/madunlap/.m2/repository/edu/harvard/iq/dvn/unf5/5.0/unf5-5.0.jar
7ff75f282000-7ff75f28b000 r--s 000a6000 08:01 791393                     /home/madunlap/.m2/repository/net/handle/handle/2006-06-16-generated/handle-2006-06-16-generated.jar
7ff75f28b000-7ff75f28e000 r--s 00035000 08:01 791395                     /home/madunlap/.m2/repository/nom/tam/fits/fits/2012-10-25-generated/fits-2012-10-25-generated.jar
7ff75f28e000-7ff75f295000 r--s 00028000 08:01 791326                     /home/madunlap/.m2/repository/concurrent/concurrent/1.3.4/concurrent-1.3.4.jar
7ff75f295000-7ff75f2a3000 r--s 00081000 08:01 791324                     /home/madunlap/.m2/repository/colt/colt/1.2.0/colt-1.2.0.jar
7ff75f2a3000-7ff75f2b0000 r--s 00083000 08:01 791320                     /home/madunlap/.m2/repository/commons-collections/commons-collections/3.2.2/commons-collections-3.2.2.jar
7ff75f2b0000-7ff75f2b4000 r--s 00020000 08:01 791319                     /home/madunlap/.m2/repository/commons-digester/commons-digester/1.8.1/commons-digester-1.8.1.jar
7ff75f2b4000-7ff75f2b9000 r--s 00035000 08:01 791317                     /home/madunlap/.m2/repository/commons-beanutils/commons-beanutils/1.9.2/commons-beanutils-1.9.2.jar
7ff75f2b9000-7ff75f2bd000 r--s 0002a000 08:01 791315                     /home/madunlap/.m2/repository/commons-validator/commons-validator/1.6/commons-validator-1.6.jar
7ff75f2bd000-7ff75f2d0000 r--s 000df000 08:01 791313                     /home/madunlap/.m2/repository/org/apache/commons/commons-math/2.2/commons-math-2.2.jar
7ff75f2d0000-7ff75f2d2000 r--s 0000e000 08:01 791309                     /home/madunlap/.m2/repository/commons-logging/commons-logging/1.1.3/commons-logging-1.1.3.jar
7ff75f2d2000-7ff75f2d4000 r--s 00005000 08:01 791311                     /home/madunlap/.m2/repository/org/apache/httpcomponents/httpmime/4.2.6/httpmime-4.2.6.jar
7ff75f2d4000-7ff75f2e0000 r--s 000b3000 08:01 791304                     /home/madunlap/.m2/repository/org/apache/zookeeper/zookeeper/3.4.5/zookeeper-3.4.5.jar
7ff75f2e0000-7ff75f2e8000 r--s 0005b000 08:01 791305                     /home/madunlap/.m2/repository/org/apache/solr/solr-solrj/4.6.0/solr-solrj-4.6.0.jar
7ff75f2e8000-7ff75f2ed000 r--s 00041000 08:01 791300                     /home/madunlap/.m2/repository/commons-lang/commons-lang/2.6/commons-lang-2.6.jar
7ff75f2ed000-7ff75f2ef000 r--s 0000d000 08:01 791302                     /home/madunlap/.m2/repository/com/fasterxml/classmate/1.0.0/classmate-1.0.0.jar
7ff75f2ef000-7ff75f2f3000 r--s 0000c000 08:01 791294                     /home/madunlap/.m2/repository/javax/validation/validation-api/1.1.0.Final/validation-api-1.1.0.Final.jar
7ff75f2f3000-7ff75f300000 r--s 00080000 08:01 791293                     /home/madunlap/.m2/repository/org/hibernate/hibernate-validator/5.0.3.Final/hibernate-validator-5.0.3.Final.jar
7ff75f300000-7ff75f30a000 r--s 0006b000 08:01 791289                     /home/madunlap/.m2/repository/org/omnifaces/omnifaces/1.7/omnifaces-1.7.jar
7ff75f30a000-7ff75f319000 r--s 000c4000 08:01 791290                     /home/madunlap/.m2/repository/org/atmosphere/atmosphere-runtime/2.4.2/atmosphere-runtime-2.4.2.jar
7ff75f319000-7ff75f32d000 r--s 0013a000 08:01 791121                     /home/madunlap/.m2/repository/org/primefaces/themes/all-themes/1.0.10/all-themes-1.0.10.jar
7ff75f32d000-7ff75f359000 r--s 00318000 08:01 791288                     /home/madunlap/.m2/repository/org/primefaces/primefaces/5.3/primefaces-5.3.jar
7ff75f359000-7ff75f37b000 r--s 00120000 08:01 791284                     /home/madunlap/.m2/repository/javax/javaee-web-api/7.0/javaee-web-api-7.0.jar
7ff75f37b000-7ff75f383000 r--s 00078000 08:01 791280                     /home/madunlap/.m2/repository/com/sun/mail/javax.mail/1.5.0/javax.mail-1.5.0.jar
7ff75f383000-7ff75f3b7000 r--s 001a4000 08:01 791278                     /home/madunlap/.m2/repository/javax/javaee-api/7.0/javaee-api-7.0.jar
7ff75f3b7000-7ff75f3e2000 r--s 001f5000 08:01 791277                     /home/madunlap/.m2/repository/com/google/guava/guava/16.0.1/guava-16.0.1.jar
7ff75f3e2000-7ff75f400000 r--s 0027d000 08:01 791273                     /home/madunlap/.m2/repository/xalan/xalan/2.7.0/xalan-2.7.0.jar
7ff75f400000-7ff75f414000 r--s 000e3000 08:01 791272                     /home/madunlap/.m2/repository/xerces/xercesImpl/2.6.2/xercesImpl-2.6.2.jar
7ff75f414000-7ff75f820000 r--s 03c80000 08:01 791225                     /home/madunlap/.m2/repository/com/amazonaws/aws-java-sdk-bundle/1.11.172/aws-java-sdk-bundle-1.11.172.jar
7ff75f820000-7ff75f823000 ---p 00000000 00:00 0 
7ff75f823000-7ff75f921000 rw-p 00000000 00:00 0 
7ff75f921000-7ff75fbfc000 r--p 00000000 08:01 1441812                    /usr/lib/locale/locale-archive
7ff75fbfc000-7ff75fbff000 ---p 00000000 00:00 0 
7ff75fbff000-7ff75fcfd000 rw-p 00000000 00:00 0 
7ff75fcfd000-7ff75fd00000 ---p 00000000 00:00 0 
7ff75fd00000-7ff75fdfe000 rw-p 00000000 00:00 0 
7ff75fdfe000-7ff75fdff000 ---p 00000000 00:00 0 
7ff75fdff000-7ff760000000 rw-p 00000000 00:00 0 
7ff760000000-7ff760027000 rw-p 00000000 00:00 0 
7ff760027000-7ff764000000 ---p 00000000 00:00 0 
7ff764000000-7ff764002000 r--s 0000d000 08:01 791296                     /home/madunlap/.m2/repository/org/jboss/logging/jboss-logging/3.1.1.GA/jboss-logging-3.1.1.GA.jar
7ff764002000-7ff764004000 r--s 0000e000 08:01 791282                     /home/madunlap/.m2/repository/javax/activation/activation/1.1/activation-1.1.jar
7ff764004000-7ff76400a000 r--s 00019000 08:01 791270                     /home/madunlap/.m2/repository/xerces/xmlParserAPIs/2.6.2/xmlParserAPIs-2.6.2.jar
7ff76400a000-7ff764011000 r--s 00063000 08:01 791268                     /home/madunlap/.m2/repository/xom/xom/1.1/xom-1.1.jar
7ff764011000-7ff764016000 r--s 0002a000 08:01 791265                     /home/madunlap/.m2/repository/com/google/code/gson/gson/2.2.4/gson-2.2.4.jar
7ff764016000-7ff76401a000 r--s 00027000 08:01 791263                     /home/madunlap/.m2/repository/commons-io/commons-io/2.2/commons-io-2.2.jar
7ff76401a000-7ff76401c000 r--s 0000f000 08:01 791260                     /home/madunlap/.m2/repository/commons-fileupload/commons-fileupload/1.3.1/commons-fileupload-1.3.1.jar
7ff76401c000-7ff764022000 r--s 00032000 08:01 791261                     /home/madunlap/.m2/repository/jaxen/jaxen/1.1.1/jaxen-1.1.1.jar
7ff764022000-7ff764029000 r--s 00079000 08:01 661348                     /home/madunlap/.m2/repository/org/codehaus/woodstox/wstx-asl/3.2.6/wstx-asl-3.2.6.jar
7ff764029000-7ff76402e000 r--s 00070000 08:01 661349                     /home/madunlap/.m2/repository/org/codehaus/woodstox/woodstox-core-asl/4.1.4/woodstox-core-asl-4.1.4.jar
7ff76402e000-7ff764032000 r--s 00026000 08:01 791256                     /home/madunlap/.m2/repository/org/apache/ws/commons/axiom/axiom-impl/1.2.14/axiom-impl-1.2.14.jar
7ff764032000-7ff764035000 r--s 00015000 08:01 791254                     /home/madunlap/.m2/repository/org/apache/james/apache-mime4j-core/0.7.2/apache-mime4j-core-0.7.2.jar
7ff764035000-7ff76403a000 r--s 00032000 08:01 791252                     /home/madunlap/.m2/repository/org/apache/geronimo/specs/geronimo-javamail_1.4_spec/1.7.1/geronimo-javamail_1.4_spec-1.7.1.jar
7ff76403a000-7ff764044000 r--s 0005d000 08:01 791250                     /home/madunlap/.m2/repository/org/apache/ws/commons/axiom/axiom-api/1.2.14/axiom-api-1.2.14.jar
7ff764044000-7ff764047000 r--s 0014e000 08:01 791249                     /home/madunlap/.m2/repository/org/apache/abdera/abdera-parser/1.1.3/abdera-parser-1.1.3.jar
7ff764047000-7ff764049000 r--s 00006000 08:01 791245                     /home/madunlap/.m2/repository/org/apache/geronimo/specs/geronimo-stax-api_1.0_spec/1.0.1/geronimo-stax-api_1.0_spec-1.0.1.jar
7ff764049000-7ff76404b000 r--s 0000a000 08:01 791243                     /home/madunlap/.m2/repository/org/apache/geronimo/specs/geronimo-activation_1.1_spec/1.1/geronimo-activation_1.1_spec-1.1.jar
7ff76404b000-7ff76404f000 r--s 00094000 08:01 791246                     /home/madunlap/.m2/repository/org/apache/abdera/abdera-i18n/1.1.3/abdera-i18n-1.1.3.jar
7ff76404f000-7ff764072000 r--s 001ae000 08:01 791235                     /home/madunlap/.m2/repository/com/hp/hpl/jena/jena/2.6.4/jena-2.6.4.jar
7ff764072000-7ff765000000 rw-p 00000000 00:00 0 
7ff765000000-7ff765790000 rwxp 00000000 00:00 0 
7ff765790000-7ff774000000 ---p 00000000 00:00 0 
7ff774000000-7ff7751ed000 rw-p 00000000 00:00 0 
7ff7751ed000-7ff778000000 ---p 00000000 00:00 0 
7ff778000000-7ff778004000 r--s 00024000 08:01 791241                     /home/madunlap/.m2/repository/org/apache/abdera/abdera-core/1.1.3/abdera-core-1.1.3.jar
7ff778004000-7ff77801d000 r--s 002fd000 08:01 791240                     /home/madunlap/.m2/repository/com/ibm/icu/icu4j/3.4.4/icu4j-3.4.4.jar
7ff77801d000-7ff778020000 r--s 00023000 08:01 791237                     /home/madunlap/.m2/repository/com/hp/hpl/jena/iri/0.8/iri-0.8.jar
7ff778020000-7ff778022000 r--s 0000d000 08:01 791233                     /home/madunlap/.m2/repository/org/apache/abdera/abdera-client/1.1.1/abdera-client-1.1.1.jar
7ff778022000-7ff778024000 r--s 00016000 08:01 791230                     /home/madunlap/.m2/repository/javax/servlet/servlet-api/2.4/servlet-api-2.4.jar
7ff778024000-7ff778027000 r--s 0000f000 08:01 791226                     /home/madunlap/.m2/repository/org/swordapp/sword2-server/1.0/sword2-server-1.0-classes.jar
7ff778027000-7ff77802c000 r--s 00040000 08:01 791224                     /home/madunlap/.m2/repository/commons-httpclient/commons-httpclient/3.0.1/commons-httpclient-3.0.1.jar
7ff77802c000-7ff77802f000 r--s 00012000 08:01 791228                     /home/madunlap/.m2/repository/org/glassfish/javax.json/1.0.4/javax.json-1.0.4.jar
7ff77802f000-7ff778035000 r--s 00034000 08:01 791227                     /home/madunlap/.m2/repository/junit/junit/4.8.1/junit-4.8.1.jar
7ff778035000-7ff778185000 rw-p 00000000 00:00 0 
7ff778185000-7ff77835f000 r--s 03d4d000 08:01 1976682                    /usr/lib/jvm/java-8-oracle/jre/lib/rt.jar
7ff77835f000-7ff77a42d000 rw-p 00000000 00:00 0 
7ff77a42d000-7ff77a42e000 ---p 00000000 00:00 0 
7ff77a42e000-7ff77a52e000 rw-p 00000000 00:00 0 
7ff77a52e000-7ff77a52f000 ---p 00000000 00:00 0 
7ff77a52f000-7ff77a644000 rw-p 00000000 00:00 0 
7ff77a644000-7ff77a779000 ---p 00000000 00:00 0 
7ff77a779000-7ff77a78e000 rw-p 00000000 00:00 0 
7ff77a78e000-7ff77a8c2000 ---p 00000000 00:00 0 
7ff77a8c2000-7ff77a92a000 rw-p 00000000 00:00 0 
7ff77a92a000-7ff77a967000 ---p 00000000 00:00 0 
7ff77a967000-7ff77a987000 rw-p 00000000 00:00 0 
7ff77a987000-7ff77ad28000 ---p 00000000 00:00 0 
7ff77ad28000-7ff77ad42000 r-xp 00000000 08:01 2106481                    /usr/lib/jvm/java-8-oracle/jre/lib/amd64/libzip.so
7ff77ad42000-7ff77af42000 ---p 0001a000 08:01 2106481                    /usr/lib/jvm/java-8-oracle/jre/lib/amd64/libzip.so
7ff77af42000-7ff77af43000 rw-p 0001a000 08:01 2106481                    /usr/lib/jvm/java-8-oracle/jre/lib/amd64/libzip.so
7ff77af43000-7ff77af4e000 r-xp 00000000 08:01 663303                     /lib/x86_64-linux-gnu/libnss_files-2.24.so
7ff77af4e000-7ff77b14d000 ---p 0000b000 08:01 663303                     /lib/x86_64-linux-gnu/libnss_files-2.24.so
7ff77b14d000-7ff77b14e000 r--p 0000a000 08:01 663303                     /lib/x86_64-linux-gnu/libnss_files-2.24.so
7ff77b14e000-7ff77b14f000 rw-p 0000b000 08:01 663303                     /lib/x86_64-linux-gnu/libnss_files-2.24.so
7ff77b14f000-7ff77b155000 rw-p 00000000 00:00 0 
7ff77b155000-7ff77b160000 r-xp 00000000 08:01 663305                     /lib/x86_64-linux-gnu/libnss_nis-2.24.so
7ff77b160000-7ff77b35f000 ---p 0000b000 08:01 663305                     /lib/x86_64-linux-gnu/libnss_nis-2.24.so
7ff77b35f000-7ff77b360000 r--p 0000a000 08:01 663305                     /lib/x86_64-linux-gnu/libnss_nis-2.24.so
7ff77b360000-7ff77b361000 rw-p 0000b000 08:01 663305                     /lib/x86_64-linux-gnu/libnss_nis-2.24.so
7ff77b361000-7ff77b377000 r-xp 00000000 08:01 663300                     /lib/x86_64-linux-gnu/libnsl-2.24.so
7ff77b377000-7ff77b576000 ---p 00016000 08:01 663300                     /lib/x86_64-linux-gnu/libnsl-2.24.so
7ff77b576000-7ff77b577000 r--p 00015000 08:01 663300                     /lib/x86_64-linux-gnu/libnsl-2.24.so
7ff77b577000-7ff77b578000 rw-p 00016000 08:01 663300                     /lib/x86_64-linux-gnu/libnsl-2.24.so
7ff77b578000-7ff77b57a000 rw-p 00000000 00:00 0 
7ff77b57a000-7ff77b582000 r-xp 00000000 08:01 663301                     /lib/x86_64-linux-gnu/libnss_compat-2.24.so
7ff77b582000-7ff77b781000 ---p 00008000 08:01 663301                     /lib/x86_64-linux-gnu/libnss_compat-2.24.so
7ff77b781000-7ff77b782000 r--p 00007000 08:01 663301                     /lib/x86_64-linux-gnu/libnss_compat-2.24.so
7ff77b782000-7ff77b783000 rw-p 00008000 08:01 663301                     /lib/x86_64-linux-gnu/libnss_compat-2.24.so
7ff77b783000-7ff77b78d000 r-xp 00000000 08:01 2106519                    /usr/lib/jvm/java-8-oracle/jre/lib/amd64/libinstrument.so
7ff77b78d000-7ff77b98c000 ---p 0000a000 08:01 2106519                    /usr/lib/jvm/java-8-oracle/jre/lib/amd64/libinstrument.so
7ff77b98c000-7ff77b98d000 rw-p 00009000 08:01 2106519                    /usr/lib/jvm/java-8-oracle/jre/lib/amd64/libinstrument.so
7ff77b98d000-7ff77b9b8000 r-xp 00000000 08:01 2106508                    /usr/lib/jvm/java-8-oracle/jre/lib/amd64/libjava.so
7ff77b9b8000-7ff77bbb7000 ---p 0002b000 08:01 2106508                    /usr/lib/jvm/java-8-oracle/jre/lib/amd64/libjava.so
7ff77bbb7000-7ff77bbb9000 rw-p 0002a000 08:01 2106508                    /usr/lib/jvm/java-8-oracle/jre/lib/amd64/libjava.so
7ff77bbb9000-7ff77bbc6000 r-xp 00000000 08:01 2106459                    /usr/lib/jvm/java-8-oracle/jre/lib/amd64/libverify.so
7ff77bbc6000-7ff77bdc6000 ---p 0000d000 08:01 2106459                    /usr/lib/jvm/java-8-oracle/jre/lib/amd64/libverify.so
7ff77bdc6000-7ff77bdc8000 rw-p 0000d000 08:01 2106459                    /usr/lib/jvm/java-8-oracle/jre/lib/amd64/libverify.so
7ff77bdc8000-7ff77bdcf000 r-xp 00000000 08:01 663310                     /lib/x86_64-linux-gnu/librt-2.24.so
7ff77bdcf000-7ff77bfce000 ---p 00007000 08:01 663310                     /lib/x86_64-linux-gnu/librt-2.24.so
7ff77bfce000-7ff77bfcf000 r--p 00006000 08:01 663310                     /lib/x86_64-linux-gnu/librt-2.24.so
7ff77bfcf000-7ff77bfd0000 rw-p 00007000 08:01 663310                     /lib/x86_64-linux-gnu/librt-2.24.so
7ff77bfd0000-7ff77c0d8000 r-xp 00000000 08:01 663297                     /lib/x86_64-linux-gnu/libm-2.24.so
7ff77c0d8000-7ff77c2d7000 ---p 00108000 08:01 663297                     /lib/x86_64-linux-gnu/libm-2.24.so
7ff77c2d7000-7ff77c2d8000 r--p 00107000 08:01 663297                     /lib/x86_64-linux-gnu/libm-2.24.so
7ff77c2d8000-7ff77c2d9000 rw-p 00108000 08:01 663297                     /lib/x86_64-linux-gnu/libm-2.24.so
7ff77c2d9000-7ff77cfac000 r-xp 00000000 08:01 2106512                    /usr/lib/jvm/java-8-oracle/jre/lib/amd64/server/libjvm.so
7ff77cfac000-7ff77d1ab000 ---p 00cd3000 08:01 2106512                    /usr/lib/jvm/java-8-oracle/jre/lib/amd64/server/libjvm.so
7ff77d1ab000-7ff77d285000 rw-p 00cd2000 08:01 2106512                    /usr/lib/jvm/java-8-oracle/jre/lib/amd64/server/libjvm.so
7ff77d285000-7ff77d2d0000 rw-p 00000000 00:00 0 
7ff77d2d0000-7ff77d48e000 r-xp 00000000 08:01 663293                     /lib/x86_64-linux-gnu/libc-2.24.so
7ff77d48e000-7ff77d68d000 ---p 001be000 08:01 663293                     /lib/x86_64-linux-gnu/libc-2.24.so
7ff77d68d000-7ff77d691000 r--p 001bd000 08:01 663293                     /lib/x86_64-linux-gnu/libc-2.24.so
7ff77d691000-7ff77d693000 rw-p 001c1000 08:01 663293                     /lib/x86_64-linux-gnu/libc-2.24.so
7ff77d693000-7ff77d697000 rw-p 00000000 00:00 0 
7ff77d697000-7ff77d69a000 r-xp 00000000 08:01 663296                     /lib/x86_64-linux-gnu/libdl-2.24.so
7ff77d69a000-7ff77d899000 ---p 00003000 08:01 663296                     /lib/x86_64-linux-gnu/libdl-2.24.so
7ff77d899000-7ff77d89a000 r--p 00002000 08:01 663296                     /lib/x86_64-linux-gnu/libdl-2.24.so
7ff77d89a000-7ff77d89b000 rw-p 00003000 08:01 663296                     /lib/x86_64-linux-gnu/libdl-2.24.so
7ff77d89b000-7ff77d8b0000 r-xp 00000000 08:01 2106497                    /usr/lib/jvm/java-8-oracle/jre/lib/amd64/jli/libjli.so
7ff77d8b0000-7ff77dab0000 ---p 00015000 08:01 2106497                    /usr/lib/jvm/java-8-oracle/jre/lib/amd64/jli/libjli.so
7ff77dab0000-7ff77dab1000 rw-p 00015000 08:01 2106497                    /usr/lib/jvm/java-8-oracle/jre/lib/amd64/jli/libjli.so
7ff77dab1000-7ff77dac9000 r-xp 00000000 08:01 663308                     /lib/x86_64-linux-gnu/libpthread-2.24.so
7ff77dac9000-7ff77dcc9000 ---p 00018000 08:01 663308                     /lib/x86_64-linux-gnu/libpthread-2.24.so
7ff77dcc9000-7ff77dcca000 r--p 00018000 08:01 663308                     /lib/x86_64-linux-gnu/libpthread-2.24.so
7ff77dcca000-7ff77dccb000 rw-p 00019000 08:01 663308                     /lib/x86_64-linux-gnu/libpthread-2.24.so
7ff77dccb000-7ff77dccf000 rw-p 00000000 00:00 0 
7ff77dccf000-7ff77dcf5000 r-xp 00000000 08:01 663288                     /lib/x86_64-linux-gnu/ld-2.24.so
7ff77dcf5000-7ff77dcf6000 r--s 00005000 08:01 791308                     /home/madunlap/.m2/repository/org/noggit/noggit/0.5/noggit-0.5.jar
7ff77dcf6000-7ff77ddc7000 rw-p 00000000 00:00 0 
7ff77ddc7000-7ff77ddca000 ---p 00000000 00:00 0 
7ff77ddca000-7ff77deca000 rw-p 00000000 00:00 0 
7ff77deca000-7ff77decb000 r--s 00004000 08:01 791275                     /home/madunlap/.m2/repository/org/mindrot/jbcrypt/0.3m/jbcrypt-0.3m.jar
7ff77decb000-7ff77ded0000 r--s 00023000 08:01 791711                     /home/madunlap/.m2/repository/org/apache/maven/surefire/surefire-api/2.10/surefire-api-2.10.jar
7ff77ded0000-7ff77ded2000 r--s 00007000 08:01 791708                     /home/madunlap/.m2/repository/org/apache/maven/surefire/surefire-booter/2.10/surefire-booter-2.10.jar
7ff77ded2000-7ff77ded3000 r--s 00005000 08:01 926175                     /home/madunlap/Documents/github/dataverse/target/surefire/surefirebooter5471639148805855514.jar
7ff77ded3000-7ff77dee7000 rw-p 00000000 00:00 0 
7ff77dee7000-7ff77deef000 rw-s 00000000 08:01 1714213                    /tmp/hsperfdata_madunlap/5766
7ff77deef000-7ff77def0000 rw-p 00000000 00:00 0 
7ff77def0000-7ff77def1000 ---p 00000000 00:00 0 
7ff77def1000-7ff77def4000 rw-p 00000000 00:00 0 
7ff77def4000-7ff77def5000 r--p 00025000 08:01 663288                     /lib/x86_64-linux-gnu/ld-2.24.so
7ff77def5000-7ff77def6000 rw-p 00026000 08:01 663288                     /lib/x86_64-linux-gnu/ld-2.24.so
7ff77def6000-7ff77def7000 rw-p 00000000 00:00 0 
7ffcbb4d6000-7ffcbb4f7000 rw-p 00000000 00:00 0                          [stack]
7ffcbb590000-7ffcbb592000 r--p 00000000 00:00 0                          [vvar]
7ffcbb592000-7ffcbb594000 r-xp 00000000 00:00 0                          [vdso]
ffffffffff600000-ffffffffff601000 r-xp 00000000 00:00 0                  [vsyscall]

VM Arguments:
jvm_args: -javaagent:/home/madunlap/.m2/repository/org/jacoco/org.jacoco.agent/0.7.5.201505241946/org.jacoco.agent-0.7.5.201505241946-runtime.jar=destfile=/home/madunlap/Documents/github/dataverse/target/jacoco.exec 
java_command: /home/madunlap/Documents/github/dataverse/target/surefire/surefirebooter5471639148805855514.jar /home/madunlap/Documents/github/dataverse/target/surefire/surefire2782228576682844241tmp /home/madunlap/Documents/github/dataverse/target/surefire/surefire4310366294227086175tmp
java_class_path (initial): /home/madunlap/Documents/github/dataverse/target/surefire/surefirebooter5471639148805855514.jar:/home/madunlap/.m2/repository/org/jacoco/org.jacoco.agent/0.7.5.201505241946/org.jacoco.agent-0.7.5.201505241946-runtime.jar
Launcher Type: SUN_STANDARD

Environment Variables:
JAVA_HOME=/usr/lib/jvm/java-8-oracle
PATH=/usr/local/sbin:/usr/local/bin:/usr/sbin:/usr/bin:/sbin:/bin:/usr/games:/usr/local/games:/snap/bin:/usr/lib/jvm/java-8-oracle/bin:/usr/lib/jvm/java-8-oracle/db/bin:/usr/lib/jvm/java-8-oracle/jre/bin
LD_LIBRARY_PATH=/usr/lib/jvm/java-8-oracle/jre/lib/amd64:/usr/lib/jvm/java-8-oracle/jre/lib/i386:
SHELL=/bin/bash
DISPLAY=:0

Signal Handlers:
SIGSEGV: [libjvm.so+0xacba10], sa_mask[0]=11111111011111111101111111111110, sa_flags=SA_RESTART|SA_SIGINFO
SIGBUS: [libjvm.so+0xacba10], sa_mask[0]=11111111011111111101111111111110, sa_flags=SA_RESTART|SA_SIGINFO
SIGFPE: [libjvm.so+0x924ba0], sa_mask[0]=11111111011111111101111111111110, sa_flags=SA_RESTART|SA_SIGINFO
SIGPIPE: [libjvm.so+0x924ba0], sa_mask[0]=11111111011111111101111111111110, sa_flags=SA_RESTART|SA_SIGINFO
SIGXFSZ: [libjvm.so+0x924ba0], sa_mask[0]=11111111011111111101111111111110, sa_flags=SA_RESTART|SA_SIGINFO
SIGILL: [libjvm.so+0x924ba0], sa_mask[0]=11111111011111111101111111111110, sa_flags=SA_RESTART|SA_SIGINFO
SIGUSR1: SIG_DFL, sa_mask[0]=00000000000000000000000000000000, sa_flags=none
SIGUSR2: [libjvm.so+0x9263e0], sa_mask[0]=00100000000000000000000000000000, sa_flags=SA_RESTART|SA_SIGINFO
SIGHUP: [libjvm.so+0x9277e0], sa_mask[0]=11111111011111111101111111111110, sa_flags=SA_RESTART|SA_SIGINFO
SIGINT: SIG_IGN, sa_mask[0]=00000000000000000000000000000000, sa_flags=none
SIGTERM: [libjvm.so+0x9277e0], sa_mask[0]=11111111011111111101111111111110, sa_flags=SA_RESTART|SA_SIGINFO
SIGQUIT: [libjvm.so+0x9277e0], sa_mask[0]=11111111011111111101111111111110, sa_flags=SA_RESTART|SA_SIGINFO


---------------  S Y S T E M  ---------------

OS:DISTRIB_ID=Ubuntu
DISTRIB_RELEASE=17.04
DISTRIB_CODENAME=zesty
DISTRIB_DESCRIPTION="Ubuntu 17.04"

uname:Linux 4.10.0-33-generic #37-Ubuntu SMP Fri Aug 11 10:55:28 UTC 2017 x86_64
libc:glibc 2.24 NPTL 2.24 
rlimit: STACK 8192k, CORE 0k, NPROC 15602, NOFILE 1048576, AS infinity
load average:1.17 0.65 0.61

/proc/meminfo:
MemTotal:        4039884 kB
MemFree:          112676 kB
MemAvailable:      21080 kB
Buffers:            1324 kB
Cached:            58272 kB
SwapCached:        40076 kB
Active:          3094272 kB
Inactive:         614160 kB
Active(anon):    3086692 kB
Inactive(anon):   606512 kB
Active(file):       7580 kB
Inactive(file):     7648 kB
Unevictable:          32 kB
Mlocked:              32 kB
SwapTotal:       2097148 kB
SwapFree:            352 kB
Dirty:               344 kB
Writeback:             0 kB
AnonPages:       3610104 kB
Mapped:            48572 kB
Shmem:             44300 kB
Slab:              93360 kB
SReclaimable:      44832 kB
SUnreclaim:        48528 kB
KernelStack:       15328 kB
PageTables:        71380 kB
NFS_Unstable:          0 kB
Bounce:                0 kB
WritebackTmp:          0 kB
CommitLimit:     4117088 kB
Committed_AS:   10576132 kB
VmallocTotal:   34359738367 kB
VmallocUsed:           0 kB
VmallocChunk:          0 kB
HardwareCorrupted:     0 kB
AnonHugePages:   1255424 kB
ShmemHugePages:        0 kB
ShmemPmdMapped:        0 kB
CmaTotal:              0 kB
CmaFree:               0 kB
HugePages_Total:       0
HugePages_Free:        0
HugePages_Rsvd:        0
HugePages_Surp:        0
Hugepagesize:       2048 kB
DirectMap4k:      178096 kB
DirectMap2M:     4016128 kB


CPU:total 2 (initial active 2) (2 cores per cpu, 1 threads per core) family 6 model 70 stepping 1, cmov, cx8, fxsr, mmx, sse, sse2, sse3, ssse3, sse4.1, sse4.2, popcnt, avx, avx2, aes, clmul, erms, lzcnt, tsc, tscinvbit, bmi1, bmi2

/proc/cpuinfo:
processor	: 0
vendor_id	: GenuineIntel
cpu family	: 6
model		: 70
model name	: Intel(R) Core(TM) i7-4870HQ CPU @ 2.50GHz
stepping	: 1
microcode	: 0x13
cpu MHz		: 2494.226
cache size	: 6144 KB
physical id	: 0
siblings	: 2
core id		: 0
cpu cores	: 2
apicid		: 0
initial apicid	: 0
fpu		: yes
fpu_exception	: yes
cpuid level	: 13
wp		: yes
flags		: fpu vme de pse tsc msr pae mce cx8 apic sep mtrr pge mca cmov pat pse36 clflush mmx fxsr sse sse2 ss ht syscall nx rdtscp lm constant_tsc nopl xtopology nonstop_tsc pni pclmulqdq ssse3 fma cx16 pcid sse4_1 sse4_2 x2apic movbe popcnt tsc_deadline_timer aes xsave avx f16c rdrand hypervisor lahf_lm abm fsgsbase tsc_adjust bmi1 avx2 smep bmi2 invpcid xsaveopt dtherm arat pln pts
bugs		:
bogomips	: 4988.45
clflush size	: 64
cache_alignment	: 64
address sizes	: 36 bits physical, 48 bits virtual
power management:

processor	: 1
vendor_id	: GenuineIntel
cpu family	: 6
model		: 70
model name	: Intel(R) Core(TM) i7-4870HQ CPU @ 2.50GHz
stepping	: 1
microcode	: 0x13
cpu MHz		: 2494.226
cache size	: 6144 KB
physical id	: 0
siblings	: 2
core id		: 1
cpu cores	: 2
apicid		: 1
initial apicid	: 1
fpu		: yes
fpu_exception	: yes
cpuid level	: 13
wp		: yes
flags		: fpu vme de pse tsc msr pae mce cx8 apic sep mtrr pge mca cmov pat pse36 clflush mmx fxsr sse sse2 ss ht syscall nx rdtscp lm constant_tsc nopl xtopology nonstop_tsc pni pclmulqdq ssse3 fma cx16 pcid sse4_1 sse4_2 x2apic movbe popcnt tsc_deadline_timer aes xsave avx f16c rdrand hypervisor lahf_lm abm fsgsbase tsc_adjust bmi1 avx2 smep bmi2 invpcid xsaveopt dtherm arat pln pts
bugs		:
bogomips	: 4988.45
clflush size	: 64
cache_alignment	: 64
address sizes	: 36 bits physical, 48 bits virtual
power management:



Memory: 4k page, physical 4039884k(112428k free), swap 2097148k(604k free)

vm_info: Java HotSpot(TM) 64-Bit Server VM (25.144-b01) for linux-amd64 JRE (1.8.0_144-b01), built on Jul 21 2017 21:57:33 by "java_re" with gcc 4.3.0 20080428 (Red Hat 4.3.0-8)

time: Thu Sep 14 18:24:14 2017
elapsed time: 4 seconds (0d 0h 0m 4s)

