#
# There is insufficient memory for the Java Runtime Environment to continue.
# Native memory allocation (mmap) failed to map 77594624 bytes for committing reserved memory.
# Possible reasons:
#   The system is out of physical RAM or swap space
#   In 32 bit mode, the process size limit was hit
# Possible solutions:
#   Reduce memory load on the system
#   Increase physical memory or swap space
#   Check if swap backing store is full
#   Use 64 bit Java on a 64 bit OS
#   Decrease Java heap size (-Xmx/-Xms)
#   Decrease number of Java threads
#   Decrease Java thread stack sizes (-Xss)
#   Set larger code cache with -XX:ReservedCodeCacheSize=
# This output file may be truncated or incomplete.
#
#  Out of Memory Error (os_linux.cpp:2640), pid=32291, tid=0x00007f6b2bbfb700
#
# JRE version: Java(TM) SE Runtime Environment (8.0_144-b01) (build 1.8.0_144-b01)
# Java VM: Java HotSpot(TM) 64-Bit Server VM (25.144-b01 mixed mode linux-amd64 compressed oops)
# Failed to write core dump. Core dumps have been disabled. To enable core dumping, try "ulimit -c unlimited" before starting Java again
#

---------------  T H R E A D  ---------------

Current thread (0x00007f6b400fc000):  VMThread [stack: 0x00007f6b2bafb000,0x00007f6b2bbfc000] [id=32295]

Stack: [0x00007f6b2bafb000,0x00007f6b2bbfc000],  sp=0x00007f6b2bbfa2a0,  free space=1020k
Native frames: (J=compiled Java code, j=interpreted, Vv=VM code, C=native code)
V  [libjvm.so+0xacb18a]  VMError::report_and_die()+0x2ba
V  [libjvm.so+0x4ff4db]  report_vm_out_of_memory(char const*, int, unsigned long, VMErrorType, char const*)+0x8b
V  [libjvm.so+0x927d23]  os::Linux::commit_memory_impl(char*, unsigned long, bool)+0x103
V  [libjvm.so+0x928279]  os::pd_commit_memory(char*, unsigned long, unsigned long, bool)+0x29
V  [libjvm.so+0x92249a]  os::commit_memory(char*, unsigned long, unsigned long, bool)+0x2a
V  [libjvm.so+0x996ff3]  PSVirtualSpace::expand_by(unsigned long)+0x53
V  [libjvm.so+0x9983f8]  PSYoungGen::resize_generation(unsigned long, unsigned long)+0xf8
V  [libjvm.so+0x997552]  PSYoungGen::resize(unsigned long, unsigned long)+0x22
V  [libjvm.so+0x99482b]  PSScavenge::invoke_no_policy()+0xf3b
V  [libjvm.so+0x994fb1]  PSScavenge::invoke()+0x41
V  [libjvm.so+0x94bce0]  ParallelScavengeHeap::failed_mem_allocate(unsigned long)+0x70
V  [libjvm.so+0xaccba7]  VM_ParallelGCFailedAllocation::doit()+0x97
V  [libjvm.so+0xad4685]  VM_Operation::evaluate()+0x55
V  [libjvm.so+0xad2a5a]  VMThread::evaluate_operation(VM_Operation*)+0xba
V  [libjvm.so+0xad2dde]  VMThread::loop()+0x1ce
V  [libjvm.so+0xad3250]  VMThread::run()+0x70
V  [libjvm.so+0x92a338]  java_start(Thread*)+0x108

VM_Operation (0x00007f6b49b09e00): ParallelGCFailedAllocation, mode: safepoint, requested by thread 0x00007f6b4000b000


---------------  P R O C E S S  ---------------

Java Threads: ( => current thread )
  0x00007f6b4081b000 JavaThread "Service Thread" daemon [_thread_blocked, id=32304, stack(0x00007f6b2a547000,0x00007f6b2a648000)]
  0x00007f6b40817000 JavaThread "C1 CompilerThread1" daemon [_thread_blocked, id=32303, stack(0x00007f6b2a648000,0x00007f6b2a749000)]
  0x00007f6b40801000 JavaThread "C2 CompilerThread0" daemon [_thread_in_native, id=32302, stack(0x00007f6b2a749000,0x00007f6b2a84a000)]
  0x00007f6b4013b800 JavaThread "Signal Dispatcher" daemon [_thread_blocked, id=32298, stack(0x00007f6b2b51d000,0x00007f6b2b61e000)]
  0x00007f6b40108000 JavaThread "Finalizer" daemon [_thread_blocked, id=32297, stack(0x00007f6b2b8f9000,0x00007f6b2b9fa000)]
  0x00007f6b40103800 JavaThread "Reference Handler" daemon [_thread_blocked, id=32296, stack(0x00007f6b2b9fa000,0x00007f6b2bafb000)]
  0x00007f6b4000b000 JavaThread "main" [_thread_blocked, id=32292, stack(0x00007f6b49a0d000,0x00007f6b49b0e000)]

Other Threads:
=>0x00007f6b400fc000 VMThread [stack: 0x00007f6b2bafb000,0x00007f6b2bbfc000] [id=32295]
  0x00007f6b4084e000 WatcherThread [stack: 0x00007f6b2a446000,0x00007f6b2a547000] [id=32305]

VM state:at safepoint (normal execution)

VM Mutex/Monitor currently owned by a thread:  ([mutex/lock_event])
[0x00007f6b400072e0] Threads_lock - owner thread: 0x00007f6b400fc000
[0x00007f6b400077e0] Heap_lock - owner thread: 0x00007f6b4000b000

Heap:
 PSYoungGen      total 130560K, used 1198K [0x00000000eb700000, 0x00000000f3b00000, 0x0000000100000000)
  eden space 125952K, 0% used [0x00000000eb700000,0x00000000eb700000,0x00000000f3200000)
  from space 4608K, 26% used [0x00000000f3200000,0x00000000f332ba08,0x00000000f3680000)
  to   space 4608K, 0% used [0x00000000f3680000,0x00000000f3680000,0x00000000f3b00000)
 ParOldGen       total 42496K, used 4629K [0x00000000c2400000, 0x00000000c4d80000, 0x00000000eb700000)
  object space 42496K, 10% used [0x00000000c2400000,0x00000000c2885458,0x00000000c4d80000)
 Metaspace       used 15824K, capacity 16020K, committed 16384K, reserved 1064960K
  class space    used 1608K, capacity 1680K, committed 1792K, reserved 1048576K

Card table byte_map: [0x00007f6b463bf000,0x00007f6b465ae000] byte_map_base: 0x00007f6b45dad000

Marking Bits: (ParMarkBitMap*) 0x00007f6b48ee8dc0
 Begin Bits: [0x00007f6b44193000, 0x00007f6b45103000)
 End Bits:   [0x00007f6b45103000, 0x00007f6b46073000)

Polling page: 0x00007f6b49b36000

CodeCache: size=245760Kb used=6392Kb max_used=6392Kb free=239367Kb
 bounds [0x00007f6b31000000, 0x00007f6b31640000, 0x00007f6b40000000]
 total_blobs=2513 nmethods=2127 adapters=299
 compilation: enabled

Compilation events (10 events):
Event: 3.105 Thread 0x00007f6b40817000 2159       2       sun.text.normalizer.TrieIterator::checkNullNextTrailIndex (110 bytes)
Event: 3.105 Thread 0x00007f6b40817000 nmethod 2159 0x00007f6b3163d110 code [0x00007f6b3163d2a0, 0x00007f6b3163d5a8]
Event: 3.108 Thread 0x00007f6b40817000 2160       2       sun.text.normalizer.TrieIterator::checkTrailBlock (50 bytes)
Event: 3.108 Thread 0x00007f6b40817000 nmethod 2160 0x00007f6b3163d750 code [0x00007f6b3163d8c0, 0x00007f6b3163dae8]
Event: 3.119 Thread 0x00007f6b40817000 2161 %     3       sun.text.normalizer.UCharacterProperty::upropsvec_addPropertyStarts @ 27 (48 bytes)
Event: 3.119 Thread 0x00007f6b40817000 nmethod 2161% 0x00007f6b3163dbd0 code [0x00007f6b3163dda0, 0x00007f6b3163e3e8]
Event: 3.119 Thread 0x00007f6b40817000 2162       3       sun.text.normalizer.UCharacterProperty::upropsvec_addPropertyStarts (48 bytes)
Event: 3.120 Thread 0x00007f6b40817000 nmethod 2162 0x00007f6b3163e690 code [0x00007f6b3163e840, 0x00007f6b3163ee08]
Event: 3.152 Thread 0x00007f6b40817000 2164       2       sun.text.normalizer.Trie$DefaultGetFoldingOffset::getFoldingOffset (2 bytes)
Event: 3.152 Thread 0x00007f6b40817000 nmethod 2164 0x00007f6b3163f050 code [0x00007f6b3163f1a0, 0x00007f6b3163f2f0]

GC Heap History (10 events):
Event: 1.250 GC heap after
Heap after GC invocations=4 (full 0):
 PSYoungGen      total 34304K, used 2073K [0x00000000eb700000, 0x00000000edb00000, 0x0000000100000000)
  eden space 31744K, 0% used [0x00000000eb700000,0x00000000eb700000,0x00000000ed600000)
  from space 2560K, 81% used [0x00000000ed880000,0x00000000eda86710,0x00000000edb00000)
  to   space 2560K, 0% used [0x00000000ed600000,0x00000000ed600000,0x00000000ed880000)
 ParOldGen       total 42496K, used 24K [0x00000000c2400000, 0x00000000c4d80000, 0x00000000eb700000)
  object space 42496K, 0% used [0x00000000c2400000,0x00000000c2406000,0x00000000c4d80000)
 Metaspace       used 7770K, capacity 7926K, committed 8064K, reserved 1056768K
  class space    used 791K, capacity 823K, committed 896K, reserved 1048576K
}
Event: 1.688 GC heap before
{Heap before GC invocations=5 (full 0):
 PSYoungGen      total 34304K, used 33817K [0x00000000eb700000, 0x00000000edb00000, 0x0000000100000000)
  eden space 31744K, 100% used [0x00000000eb700000,0x00000000ed600000,0x00000000ed600000)
  from space 2560K, 81% used [0x00000000ed880000,0x00000000eda86710,0x00000000edb00000)
  to   space 2560K, 0% used [0x00000000ed600000,0x00000000ed600000,0x00000000ed880000)
 ParOldGen       total 42496K, used 24K [0x00000000c2400000, 0x00000000c4d80000, 0x00000000eb700000)
  object space 42496K, 0% used [0x00000000c2400000,0x00000000c2406000,0x00000000c4d80000)
 Metaspace       used 10383K, capacity 10568K, committed 10880K, reserved 1058816K
  class space    used 1048K, capacity 1082K, committed 1152K, reserved 1048576K
Event: 1.698 GC heap after
Heap after GC invocations=5 (full 0):
 PSYoungGen      total 34304K, used 2531K [0x00000000eb700000, 0x00000000efc00000, 0x0000000100000000)
  eden space 31744K, 0% used [0x00000000eb700000,0x00000000eb700000,0x00000000ed600000)
  from space 2560K, 98% used [0x00000000ed600000,0x00000000ed878f08,0x00000000ed880000)
  to   space 3584K, 0% used [0x00000000ef880000,0x00000000ef880000,0x00000000efc00000)
 ParOldGen       total 42496K, used 653K [0x00000000c2400000, 0x00000000c4d80000, 0x00000000eb700000)
  object space 42496K, 1% used [0x00000000c2400000,0x00000000c24a3748,0x00000000c4d80000)
 Metaspace       used 10383K, capacity 10568K, committed 10880K, reserved 1058816K
  class space    used 1048K, capacity 1082K, committed 1152K, reserved 1048576K
}
Event: 2.293 GC heap before
{Heap before GC invocations=6 (full 0):
 PSYoungGen      total 34304K, used 34275K [0x00000000eb700000, 0x00000000efc00000, 0x0000000100000000)
  eden space 31744K, 100% used [0x00000000eb700000,0x00000000ed600000,0x00000000ed600000)
  from space 2560K, 98% used [0x00000000ed600000,0x00000000ed878f08,0x00000000ed880000)
  to   space 3584K, 0% used [0x00000000ef880000,0x00000000ef880000,0x00000000efc00000)
 ParOldGen       total 42496K, used 653K [0x00000000c2400000, 0x00000000c4d80000, 0x00000000eb700000)
  object space 42496K, 1% used [0x00000000c2400000,0x00000000c24a3748,0x00000000c4d80000)
 Metaspace       used 12680K, capacity 12892K, committed 13184K, reserved 1060864K
  class space    used 1253K, capacity 1324K, committed 1408K, reserved 1048576K
Event: 2.301 GC heap after
Heap after GC invocations=6 (full 0):
 PSYoungGen      total 66560K, used 3582K [0x00000000eb700000, 0x00000000efd00000, 0x0000000100000000)
  eden space 62976K, 0% used [0x00000000eb700000,0x00000000eb700000,0x00000000ef480000)
  from space 3584K, 99% used [0x00000000ef880000,0x00000000efbffaf0,0x00000000efc00000)
  to   space 4096K, 0% used [0x00000000ef480000,0x00000000ef480000,0x00000000ef880000)
 ParOldGen       total 42496K, used 1243K [0x00000000c2400000, 0x00000000c4d80000, 0x00000000eb700000)
  object space 42496K, 2% used [0x00000000c2400000,0x00000000c2536f80,0x00000000c4d80000)
 Metaspace       used 12680K, capacity 12892K, committed 13184K, reserved 1060864K
  class space    used 1253K, capacity 1324K, committed 1408K, reserved 1048576K
}
Event: 2.786 GC heap before
{Heap before GC invocations=7 (full 0):
 PSYoungGen      total 66560K, used 66558K [0x00000000eb700000, 0x00000000efd00000, 0x0000000100000000)
  eden space 62976K, 100% used [0x00000000eb700000,0x00000000ef480000,0x00000000ef480000)
  from space 3584K, 99% used [0x00000000ef880000,0x00000000efbffaf0,0x00000000efc00000)
  to   space 4096K, 0% used [0x00000000ef480000,0x00000000ef480000,0x00000000ef880000)
 ParOldGen       total 42496K, used 1243K [0x00000000c2400000, 0x00000000c4d80000, 0x00000000eb700000)
  object space 42496K, 2% used [0x00000000c2400000,0x00000000c2536f80,0x00000000c4d80000)
 Metaspace       used 15084K, capacity 15310K, committed 15488K, reserved 1062912K
  class space    used 1543K, capacity 1615K, committed 1664K, reserved 1048576K
Event: 2.800 GC heap after
Heap after GC invocations=7 (full 0):
 PSYoungGen      total 67072K, used 4061K [0x00000000eb700000, 0x00000000f3b00000, 0x0000000100000000)
  eden space 62976K, 0% used [0x00000000eb700000,0x00000000eb700000,0x00000000ef480000)
  from space 4096K, 99% used [0x00000000ef480000,0x00000000ef877498,0x00000000ef880000)
  to   space 4608K, 0% used [0x00000000f3680000,0x00000000f3680000,0x00000000f3b00000)
 ParOldGen       total 42496K, used 2699K [0x00000000c2400000, 0x00000000c4d80000, 0x00000000eb700000)
  object space 42496K, 6% used [0x00000000c2400000,0x00000000c26a2ec8,0x00000000c4d80000)
 Metaspace       used 15084K, capacity 15310K, committed 15488K, reserved 1062912K
  class space    used 1543K, capacity 1615K, committed 1664K, reserved 1048576K
}
Event: 3.133 GC heap before
{Heap before GC invocations=8 (full 0):
 PSYoungGen      total 67072K, used 67026K [0x00000000eb700000, 0x00000000f3b00000, 0x0000000100000000)
  eden space 62976K, 99% used [0x00000000eb700000,0x00000000ef47d3b8,0x00000000ef480000)
  from space 4096K, 99% used [0x00000000ef480000,0x00000000ef877498,0x00000000ef880000)
  to   space 4608K, 0% used [0x00000000f3680000,0x00000000f3680000,0x00000000f3b00000)
 ParOldGen       total 42496K, used 2699K [0x00000000c2400000, 0x00000000c4d80000, 0x00000000eb700000)
  object space 42496K, 6% used [0x00000000c2400000,0x00000000c26a2ec8,0x00000000c4d80000)
 Metaspace       used 15824K, capacity 16020K, committed 16384K, reserved 1064960K
  class space    used 1608K, capacity 1680K, committed 1792K, reserved 1048576K
Event: 3.145 GC heap after
Heap after GC invocations=8 (full 0):
 PSYoungGen      total 130560K, used 2999K [0x00000000eb700000, 0x00000000f3b00000, 0x0000000100000000)
  eden space 125952K, 0% used [0x00000000eb700000,0x00000000eb700000,0x00000000f3200000)
  from space 4608K, 65% used [0x00000000f3680000,0x00000000f396dda8,0x00000000f3b00000)
  to   space 4608K, 0% used [0x00000000f3200000,0x00000000f3200000,0x00000000f3680000)
 ParOldGen       total 42496K, used 3011K [0x00000000c2400000, 0x00000000c4d80000, 0x00000000eb700000)
  object space 42496K, 7% used [0x00000000c2400000,0x00000000c26f0ec8,0x00000000c4d80000)
 Metaspace       used 15824K, capacity 16020K, committed 16384K, reserved 1064960K
  class space    used 1608K, capacity 1680K, committed 1792K, reserved 1048576K
}
Event: 3.503 GC heap before
{Heap before GC invocations=9 (full 0):
 PSYoungGen      total 130560K, used 128810K [0x00000000eb700000, 0x00000000f3b00000, 0x0000000100000000)
  eden space 125952K, 99% used [0x00000000eb700000,0x00000000f31dca80,0x00000000f3200000)
  from space 4608K, 65% used [0x00000000f3680000,0x00000000f396dda8,0x00000000f3b00000)
  to   space 4608K, 0% used [0x00000000f3200000,0x00000000f3200000,0x00000000f3680000)
 ParOldGen       total 42496K, used 3011K [0x00000000c2400000, 0x00000000c4d80000, 0x00000000eb700000)
  object space 42496K, 7% used [0x00000000c2400000,0x00000000c26f0ec8,0x00000000c4d80000)
 Metaspace       used 15824K, capacity 16020K, committed 16384K, reserved 1064960K
  class space    used 1608K, capacity 1680K, committed 1792K, reserved 1048576K

Deoptimization events (10 events):
Event: 0.846 Thread 0x00007f6b4000b000 Uncommon trap: reason=unstable_if action=reinterpret pc=0x00007f6b311562bc method=sun.misc.URLClassPath.getLoader(I)Lsun/misc/URLClassPath$Loader; @ 36
Event: 0.854 Thread 0x00007f6b4000b000 Uncommon trap: reason=unstable_if action=reinterpret pc=0x00007f6b3116d3ec method=java.lang.String.indexOf([CII[CIII)I @ 134
Event: 0.960 Thread 0x00007f6b4000b000 Uncommon trap: reason=unstable_if action=reinterpret pc=0x00007f6b31226118 method=java.io.UnixFileSystem.normalize(Ljava/lang/String;)Ljava/lang/String; @ 60
Event: 0.961 Thread 0x00007f6b4000b000 Uncommon trap: reason=unstable_if action=reinterpret pc=0x00007f6b311abb44 method=org.jacoco.agent.rt.internal_b0d6a23.asm.ClassReader.readUTF(II[C)Ljava/lang/String; @ 77
Event: 1.052 Thread 0x00007f6b4000b000 Uncommon trap: reason=unstable_if action=reinterpret pc=0x00007f6b311c6818 method=org.jacoco.agent.rt.internal_b0d6a23.asm.Item.isEqualTo(Lorg/jacoco/agent/rt/internal_b0d6a23/asm/Item;)Z @ 345
Event: 1.067 Thread 0x00007f6b4000b000 Uncommon trap: reason=unstable_if action=reinterpret pc=0x00007f6b3129ff50 method=org.jacoco.agent.rt.internal_b0d6a23.asm.MethodVisitor.visitLineNumber(ILorg/jacoco/agent/rt/internal_b0d6a23/asm/Label;)V @ 4
Event: 1.482 Thread 0x00007f6b4000b000 Uncommon trap: reason=unstable_if action=reinterpret pc=0x00007f6b312819c8 method=sun.misc.MetaIndex.mayContain(Ljava/lang/String;)Z @ 13
Event: 1.553 Thread 0x00007f6b4000b000 Uncommon trap: reason=null_check action=make_not_entrant pc=0x00007f6b31111bc4 method=java.lang.String.equals(Ljava/lang/Object;)Z @ 8
Event: 2.366 Thread 0x00007f6b4000b000 Uncommon trap: reason=unstable_if action=reinterpret pc=0x00007f6b31379cec method=org.jacoco.agent.rt.internal_b0d6a23.asm.Item.isEqualTo(Lorg/jacoco/agent/rt/internal_b0d6a23/asm/Item;)Z @ 186
Event: 3.029 Thread 0x00007f6b4000b000 Uncommon trap: reason=unstable_if action=reinterpret pc=0x00007f6b31567504 method=java.util.ArrayList.remove(I)Ljava/lang/Object; @ 31

Internal exceptions (10 events):
Event: 2.997 Thread 0x00007f6b4000b000 Exception <a 'java/security/PrivilegedActionException'> (0x00000000ec94f910) thrown at [/HUDSON3/workspace/8-2-build-linux-amd64/jdk8u144/9417/hotspot/src/share/vm/prims/jvm.cpp, line 1390]
Event: 2.998 Thread 0x00007f6b4000b000 Exception <a 'java/security/PrivilegedActionException'> (0x00000000ec953aa8) thrown at [/HUDSON3/workspace/8-2-build-linux-amd64/jdk8u144/9417/hotspot/src/share/vm/prims/jvm.cpp, line 1390]
Event: 2.998 Thread 0x00007f6b4000b000 Exception <a 'java/security/PrivilegedActionException'> (0x00000000ec953ea0) thrown at [/HUDSON3/workspace/8-2-build-linux-amd64/jdk8u144/9417/hotspot/src/share/vm/prims/jvm.cpp, line 1390]
Event: 2.998 Thread 0x00007f6b4000b000 Exception <a 'java/security/PrivilegedActionException'> (0x00000000ec965288) thrown at [/HUDSON3/workspace/8-2-build-linux-amd64/jdk8u144/9417/hotspot/src/share/vm/prims/jvm.cpp, line 1390]
Event: 2.998 Thread 0x00007f6b4000b000 Exception <a 'java/security/PrivilegedActionException'> (0x00000000ec965680) thrown at [/HUDSON3/workspace/8-2-build-linux-amd64/jdk8u144/9417/hotspot/src/share/vm/prims/jvm.cpp, line 1390]
Event: 2.998 Thread 0x00007f6b4000b000 Exception <a 'java/security/PrivilegedActionException'> (0x00000000ec969818) thrown at [/HUDSON3/workspace/8-2-build-linux-amd64/jdk8u144/9417/hotspot/src/share/vm/prims/jvm.cpp, line 1390]
Event: 2.998 Thread 0x00007f6b4000b000 Exception <a 'java/security/PrivilegedActionException'> (0x00000000ec969c10) thrown at [/HUDSON3/workspace/8-2-build-linux-amd64/jdk8u144/9417/hotspot/src/share/vm/prims/jvm.cpp, line 1390]
Event: 3.011 Thread 0x00007f6b4000b000 Exception <a 'java/lang/ArrayIndexOutOfBoundsException'> (0x00000000ec9e7020) thrown at [/HUDSON3/workspace/8-2-build-linux-amd64/jdk8u144/9417/hotspot/src/share/vm/runtime/sharedRuntime.cpp, line 605]
Event: 3.011 Thread 0x00007f6b4000b000 Exception <a 'java/lang/ArrayIndexOutOfBoundsException'> (0x00000000ec9ee9f0) thrown at [/HUDSON3/workspace/8-2-build-linux-amd64/jdk8u144/9417/hotspot/src/share/vm/runtime/sharedRuntime.cpp, line 605]
Event: 3.011 Thread 0x00007f6b4000b000 Exception <a 'java/lang/ArrayIndexOutOfBoundsException'> (0x00000000ec9f6f58) thrown at [/HUDSON3/workspace/8-2-build-linux-amd64/jdk8u144/9417/hotspot/src/share/vm/runtime/sharedRuntime.cpp, line 605]

Events (10 events):
Event: 3.088 loading class sun/text/normalizer/RangeValueIterator
Event: 3.088 loading class sun/text/normalizer/RangeValueIterator done
Event: 3.088 loading class sun/text/normalizer/TrieIterator done
Event: 3.088 loading class sun/text/normalizer/RangeValueIterator$Element
Event: 3.088 loading class sun/text/normalizer/RangeValueIterator$Element done
Event: 3.104 Thread 0x00007f6b4000b000 DEOPT PACKING pc=0x00007f6b316380fc sp=0x00007f6b49b0a0a0
Event: 3.104 Thread 0x00007f6b4000b000 DEOPT UNPACKING pc=0x00007f6b31047633 sp=0x00007f6b49b09e20 mode 0
Event: 3.131 Executing VM operation: ParallelGCFailedAllocation
Event: 3.145 Executing VM operation: ParallelGCFailedAllocation done
Event: 3.501 Executing VM operation: ParallelGCFailedAllocation


Dynamic libraries:
00400000-00401000 r-xp 00000000 08:01 2106691                            /usr/lib/jvm/java-8-oracle/jre/bin/java
00600000-00601000 rw-p 00000000 08:01 2106691                            /usr/lib/jvm/java-8-oracle/jre/bin/java
00e9c000-00ebd000 rw-p 00000000 00:00 0                                  [heap]
c2400000-c4d80000 rw-p 00000000 00:00 0 
c4d80000-eb700000 ---p 00000000 00:00 0 
eb700000-f3b00000 rw-p 00000000 00:00 0 
f8500000-100000000 ---p 00000000 00:00 0 
100000000-1001c0000 rw-p 00000000 00:00 0 
1001c0000-140000000 ---p 00000000 00:00 0 
7f6afc000000-7f6afc021000 rw-p 00000000 00:00 0 
7f6afc021000-7f6b00000000 ---p 00000000 00:00 0 
7f6b04000000-7f6b04e9f000 rw-p 00000000 00:00 0 
7f6b04e9f000-7f6b08000000 ---p 00000000 00:00 0 
7f6b08000000-7f6b08021000 rw-p 00000000 00:00 0 
7f6b08021000-7f6b0c000000 ---p 00000000 00:00 0 
7f6b0c000000-7f6b0da78000 rw-p 00000000 00:00 0 
7f6b0da78000-7f6b10000000 ---p 00000000 00:00 0 
7f6b10000000-7f6b10021000 rw-p 00000000 00:00 0 
7f6b10021000-7f6b14000000 ---p 00000000 00:00 0 
7f6b14fff000-7f6b18000000 rw-p 00000000 00:00 0 
7f6b18000000-7f6b18021000 rw-p 00000000 00:00 0 
7f6b18021000-7f6b1c000000 ---p 00000000 00:00 0 
7f6b1c000000-7f6b1c021000 rw-p 00000000 00:00 0 
7f6b1c021000-7f6b20000000 ---p 00000000 00:00 0 
7f6b20000000-7f6b20296000 rw-p 00000000 00:00 0 
7f6b20296000-7f6b24000000 ---p 00000000 00:00 0 
7f6b24000000-7f6b24021000 rw-p 00000000 00:00 0 
7f6b24021000-7f6b28000000 ---p 00000000 00:00 0 
7f6b2999a000-7f6b299da000 rw-p 00000000 00:00 0 
7f6b299da000-7f6b29b9a000 ---p 00000000 00:00 0 
7f6b29b9a000-7f6b29d9a000 rw-p 00000000 00:00 0 
7f6b29dce000-7f6b29dea000 r--s 00393000 08:01 2106535                    /usr/lib/jvm/java-8-oracle/jre/lib/ext/cldrdata.jar
7f6b29dea000-7f6b29df4000 r--s 00116000 08:01 2106532                    /usr/lib/jvm/java-8-oracle/jre/lib/ext/localedata.jar
7f6b29df4000-7f6b29ff4000 rw-p 00000000 00:00 0 
7f6b29ff4000-7f6b2a007000 r--s 00345000 08:01 1976712                    /usr/lib/jvm/java-8-oracle/jre/lib/resources.jar
7f6b2a007000-7f6b2a207000 rw-p 00000000 00:00 0 
7f6b2a207000-7f6b2a209000 r--s 00007000 08:01 791719                     /home/madunlap/.m2/repository/org/apache/maven/surefire/surefire-junit4/2.10/surefire-junit4-2.10.jar
7f6b2a209000-7f6b2a20b000 r--s 0000b000 08:01 921145                     /home/madunlap/.m2/repository/org/json/json/20160212/json-20160212.jar
7f6b2a20b000-7f6b2a20d000 r--s 00009000 08:01 921147                     /home/madunlap/.m2/repository/com/mashape/unirest/unirest-java/1.4.9/unirest-java-1.4.9.jar
7f6b2a20d000-7f6b2a20f000 r--s 0000e000 08:01 921141                     /home/madunlap/.m2/repository/org/jvnet/mimepull/mimepull/1.9.6/mimepull-1.9.6.jar
7f6b2a20f000-7f6b2a212000 r--s 0000e000 08:01 921143                     /home/madunlap/.m2/repository/org/glassfish/jersey/media/jersey-media-multipart/2.23.2/jersey-media-multipart-2.23.2.jar
7f6b2a212000-7f6b2a216000 r--s 00019000 08:01 921137                     /home/madunlap/.m2/repository/javax/ws/rs/javax.ws.rs-api/2.0.1/javax.ws.rs-api-2.0.1.jar
7f6b2a216000-7f6b2a218000 r--s 00010000 08:01 921134                     /home/madunlap/.m2/repository/org/glassfish/jersey/media/jersey-media-jaxb/2.23.2/jersey-media-jaxb-2.23.2.jar
7f6b2a218000-7f6b2a21d000 r--s 00025000 08:01 921138                     /home/madunlap/.m2/repository/org/glassfish/jersey/core/jersey-client/2.23.2/jersey-client-2.23.2.jar
7f6b2a21d000-7f6b2a233000 r--s 000d3000 08:01 921133                     /home/madunlap/.m2/repository/org/glassfish/jersey/core/jersey-server/2.23.2/jersey-server-2.23.2.jar
7f6b2a233000-7f6b2a234000 r--s 00004000 08:01 921129                     /home/madunlap/.m2/repository/org/glassfish/hk2/osgi-resource-locator/1.0.1/osgi-resource-locator-1.0.1.jar
7f6b2a234000-7f6b2a23e000 r--s 000ae000 08:01 921127                     /home/madunlap/.m2/repository/org/javassist/javassist/3.20.0-GA/javassist-3.20.0-GA.jar
7f6b2a23e000-7f6b2a241000 r--s 0002a000 08:01 921123                     /home/madunlap/.m2/repository/org/glassfish/hk2/hk2-locator/2.5.0-b05/hk2-locator-2.5.0-b05.jar
7f6b2a241000-7f6b2a243000 r--s 00002000 08:01 921128                     /home/madunlap/.m2/repository/org/glassfish/hk2/external/aopalliance-repackaged/2.5.0-b05/aopalliance-repackaged-2.5.0-b05.jar
7f6b2a243000-7f6b2a247000 r--s 0001a000 08:01 921125                     /home/madunlap/.m2/repository/org/glassfish/hk2/hk2-utils/2.5.0-b05/hk2-utils-2.5.0-b05.jar
7f6b2a247000-7f6b2a24c000 r--s 00027000 08:01 921118                     /home/madunlap/.m2/repository/org/glassfish/hk2/hk2-api/2.5.0-b05/hk2-api-2.5.0-b05.jar
7f6b2a24c000-7f6b2a264000 r--s 000d6000 08:01 921120                     /home/madunlap/.m2/repository/org/glassfish/jersey/bundles/repackaged/jersey-guava/2.23.2/jersey-guava-2.23.2.jar
7f6b2a264000-7f6b2a266000 r--s 00005000 08:01 921116                     /home/madunlap/.m2/repository/javax/annotation/javax.annotation-api/1.2/javax.annotation-api-1.2.jar
7f6b2a266000-7f6b2a275000 r--s 000a0000 08:01 921111                     /home/madunlap/.m2/repository/org/glassfish/jersey/core/jersey-common/2.23.2/jersey-common-2.23.2.jar
7f6b2a275000-7f6b2a276000 r--s 00001000 08:01 921113                     /home/madunlap/.m2/repository/org/glassfish/hk2/external/javax.inject/2.5.0-b05/javax.inject-2.5.0-b05.jar
7f6b2a276000-7f6b2a279000 r--s 0000e000 08:01 921110                     /home/madunlap/.m2/repository/org/glassfish/jersey/containers/jersey-container-servlet-core/2.23.2/jersey-container-servlet-core-2.23.2.jar
7f6b2a279000-7f6b2a27b000 r--s 00003000 08:01 921107                     /home/madunlap/.m2/repository/org/glassfish/jersey/containers/jersey-container-servlet/2.23.2/jersey-container-servlet-2.23.2.jar
7f6b2a27b000-7f6b2a27d000 r--s 00008000 08:01 921112                     /home/madunlap/.m2/repository/com/google/auto/auto-common/0.3/auto-common-0.3.jar
7f6b2a27d000-7f6b2a27e000 r--s 00002000 08:01 921105                     /home/madunlap/.m2/repository/com/google/auto/service/auto-service/1.0-rc2/auto-service-1.0-rc2.jar
7f6b2a27e000-7f6b2a280000 r--s 0000c000 08:01 921153                     /home/madunlap/.m2/repository/com/lyncode/xoai-service-provider/4.1.0-header-patch/xoai-service-provider-4.1.0-header-patch.jar
7f6b2a280000-7f6b2a281000 r--s 00001000 08:01 921104                     /home/madunlap/.m2/repository/com/lyncode/builder-commons/1.0.2/builder-commons-1.0.2.jar
7f6b2a281000-7f6b2a284000 r--s 00012000 08:01 921152                     /home/madunlap/.m2/repository/com/lyncode/xoai-data-provider/4.1.0-header-patch/xoai-data-provider-4.1.0-header-patch.jar
7f6b2a284000-7f6b2a286000 r--s 00005000 08:01 791390                     /home/madunlap/.m2/repository/stax/stax-api/1.0.1/stax-api-1.0.1.jar
7f6b2a286000-7f6b2a28c000 r--s 00048000 08:01 921101                     /home/madunlap/.m2/repository/org/apache/commons/commons-lang3/3.1/commons-lang3-3.1.jar
7f6b2a28c000-7f6b2a28e000 r--s 00004000 08:01 921097                     /home/madunlap/.m2/repository/javax/xml/stream/stax-api/1.0-2/stax-api-1.0-2.jar
7f6b2a28e000-7f6b2a292000 r--s 00029000 08:01 921098                     /home/madunlap/.m2/repository/org/codehaus/woodstox/stax2-api/3.0.4/stax2-api-3.0.4.jar
7f6b2a292000-7f6b2a298000 r--s 00045000 08:01 921095                     /home/madunlap/.m2/repository/org/hamcrest/hamcrest-all/1.3/hamcrest-all-1.3.jar
7f6b2a298000-7f6b2a29d000 r--s 00016000 08:01 791388                     /home/madunlap/.m2/repository/xml-apis/xml-apis/1.0.b2/xml-apis-1.0.b2.jar
7f6b2a29d000-7f6b2a29e000 r--s 00003000 08:01 921092                     /home/madunlap/.m2/repository/com/lyncode/test-support/1.0.4/test-support-1.0.4.jar
7f6b2a29e000-7f6b2a2a0000 r--s 00004000 08:01 921090                     /home/madunlap/.m2/repository/com/lyncode/xml-io/1.0.3/xml-io-1.0.3.jar
7f6b2a2a0000-7f6b2a2a2000 r--s 0000d000 08:01 921151                     /home/madunlap/.m2/repository/com/lyncode/xoai-common/4.1.0-header-patch/xoai-common-4.1.0-header-patch.jar
7f6b2a2a2000-7f6b2a2a5000 r--s 00011000 08:01 921088                     /home/madunlap/.m2/repository/com/github/scribejava/scribejava-core/3.1.0/scribejava-core-3.1.0.jar
7f6b2a2a5000-7f6b2a2a8000 r--s 00010000 08:01 921084                     /home/madunlap/.m2/repository/com/github/scribejava/scribejava-apis/3.1.0/scribejava-apis-3.1.0.jar
7f6b2a2a8000-7f6b2a2b1000 r--s 0006f000 08:01 921083                     /home/madunlap/.m2/repository/log4j/log4j/1.2.17/log4j-1.2.17.jar
7f6b2a2b1000-7f6b2a388000 r--s 007aa000 08:01 921093                     /home/madunlap/.m2/repository/net/sf/ehcache/ehcache/2.10.1/ehcache-2.10.1.jar
7f6b2a388000-7f6b2a38a000 r--s 00008000 08:01 921082                     /home/madunlap/.m2/repository/org/apache/commons/commons-csv/1.2/commons-csv-1.2.jar
7f6b2a38a000-7f6b2a38e000 r--s 00035000 08:01 921081                     /home/madunlap/.m2/repository/com/fasterxml/jackson/core/jackson-core/2.5.3/jackson-core-2.5.3.jar
7f6b2a38e000-7f6b2a390000 r--s 00008000 08:01 921075                     /home/madunlap/.m2/repository/com/fasterxml/jackson/core/jackson-annotations/2.5.0/jackson-annotations-2.5.0.jar
7f6b2a390000-7f6b2a3a2000 r--s 00106000 08:01 921073                     /home/madunlap/.m2/repository/com/fasterxml/jackson/core/jackson-databind/2.5.3/jackson-databind-2.5.3.jar
7f6b2a3a2000-7f6b2a3a5000 r--s 00006000 08:01 921070                     /home/madunlap/.m2/repository/com/google/code/findbugs/jsr305/1.3.9/jsr305-1.3.9.jar
7f6b2a3a5000-7f6b2a3ab000 r--s 00040000 08:01 921074                     /home/madunlap/.m2/repository/com/google/http-client/google-http-client/1.20.0/google-http-client-1.20.0.jar
7f6b2a3ab000-7f6b2a3ac000 r--s 00004000 08:01 921066                     /home/madunlap/.m2/repository/com/maxmind/db/maxmind-db/1.0.0/maxmind-db-1.0.0.jar
7f6b2a3ac000-7f6b2a3ae000 r--s 00007000 08:01 921064                     /home/madunlap/.m2/repository/com/maxmind/geoip2/geoip2/2.3.1/geoip2-2.3.1.jar
7f6b2a3ae000-7f6b2a3b0000 r--s 00003000 08:01 921062                     /home/madunlap/.m2/repository/org/slf4j/jcl-over-slf4j/1.7.2/jcl-over-slf4j-1.7.2.jar
7f6b2a3b0000-7f6b2a3b4000 r--s 00034000 08:01 921067                     /home/madunlap/.m2/repository/org/codehaus/jackson/jackson-core-asl/1.9.7/jackson-core-asl-1.9.7.jar
7f6b2a3b4000-7f6b2a3c3000 r--s 000b0000 08:01 921065                     /home/madunlap/.m2/repository/org/codehaus/jackson/jackson-mapper-asl/1.9.7/jackson-mapper-asl-1.9.7.jar
7f6b2a3c3000-7f6b2a3cd000 r--s 0003d000 08:01 921060                     /home/madunlap/.m2/repository/org/javaswift/joss/0.9.10/joss-0.9.10.jar
7f6b2a3cd000-7f6b2a3d4000 r--s 0003a000 08:01 921056                     /home/madunlap/.m2/repository/commons-codec/commons-codec/1.9/commons-codec-1.9.jar
7f6b2a3d4000-7f6b2a3db000 r--s 00048000 08:01 921054                     /home/madunlap/.m2/repository/org/apache/httpcomponents/httpcore/4.4.1/httpcore-4.4.1.jar
7f6b2a3db000-7f6b2a3e8000 r--s 000a4000 08:01 921052                     /home/madunlap/.m2/repository/org/apache/httpcomponents/httpclient/4.4.1/httpclient-4.4.1.jar
7f6b2a3e8000-7f6b2a3ec000 r--s 00028000 08:01 921050                     /home/madunlap/.m2/repository/org/apache/httpcomponents/httpasyncclient/4.1/httpasyncclient-4.1.jar
7f6b2a3ec000-7f6b2a3f3000 r--s 00050000 08:01 921049                     /home/madunlap/.m2/repository/org/apache/httpcomponents/httpcore-nio/4.4.1/httpcore-nio-4.4.1.jar
7f6b2a3f3000-7f6b2a3f9000 r--s 00033000 08:01 921046                     /home/madunlap/.m2/repository/io/searchbox/jest-common/0.1.7/jest-common-0.1.7.jar
7f6b2a3f9000-7f6b2a3fa000 r--s 00004000 08:01 921045                     /home/madunlap/.m2/repository/io/searchbox/jest/0.1.7/jest-0.1.7.jar
7f6b2a3fa000-7f6b2a3fd000 r--s 0000f000 08:01 921042                     /home/madunlap/.m2/repository/commons-discovery/commons-discovery/0.2/commons-discovery-0.2.jar
7f6b2a3fd000-7f6b2a400000 r--s 0001c000 08:01 921043                     /home/madunlap/.m2/repository/axis/axis-wsdl4j/1.5.1/axis-wsdl4j-1.5.1.jar
7f6b2a400000-7f6b2a401000 r--s 00004000 08:01 921039                     /home/madunlap/.m2/repository/org/apache/axis/axis-saaj/1.4/axis-saaj-1.4.jar
7f6b2a401000-7f6b2a403000 r--s 00006000 08:01 921036                     /home/madunlap/.m2/repository/org/apache/axis/axis-jaxrpc/1.4/axis-jaxrpc-1.4.jar
7f6b2a403000-7f6b2a417000 r--s 00173000 08:01 921038                     /home/madunlap/.m2/repository/axis/axis/1.4/axis-1.4.jar
7f6b2a417000-7f6b2a419000 r--s 00009000 08:01 921034                     /home/madunlap/.m2/repository/org/objenesis/objenesis/2.1/objenesis-2.1.jar
7f6b2a419000-7f6b2a435000 r--s 00103000 08:01 921030                     /home/madunlap/.m2/repository/org/mockito/mockito-core/1.10.19/mockito-core-1.10.19.jar
7f6b2a435000-7f6b2a437000 r--s 00001000 08:01 921031                     /home/madunlap/.m2/repository/org/slf4j/slf4j-log4j12/1.7.7/slf4j-log4j12-1.7.7.jar
7f6b2a437000-7f6b2a439000 r--s 00006000 08:01 791385                     /home/madunlap/.m2/repository/org/slf4j/slf4j-api/1.7.7/slf4j-api-1.7.7.jar
7f6b2a439000-7f6b2a43d000 r--s 0001f000 08:01 921028                     /home/madunlap/.m2/repository/org/jacoco/org.jacoco.report/0.7.5.201505241946/org.jacoco.report-0.7.5.201505241946.jar
7f6b2a43d000-7f6b2a442000 r--s 00058000 08:01 921027                     /home/madunlap/.m2/repository/org/ow2/asm/asm-debug-all/5.0.1/asm-debug-all-5.0.1.jar
7f6b2a442000-7f6b2a446000 r--s 0001d000 08:01 791383                     /home/madunlap/.m2/repository/org/jacoco/org.jacoco.core/0.7.5.201505241946/org.jacoco.core-0.7.5.201505241946.jar
7f6b2a446000-7f6b2a447000 ---p 00000000 00:00 0 
7f6b2a447000-7f6b2a547000 rw-p 00000000 00:00 0 
7f6b2a547000-7f6b2a54a000 ---p 00000000 00:00 0 
7f6b2a54a000-7f6b2a648000 rw-p 00000000 00:00 0 
7f6b2a648000-7f6b2a64b000 ---p 00000000 00:00 0 
7f6b2a64b000-7f6b2a749000 rw-p 00000000 00:00 0 
7f6b2a749000-7f6b2a74c000 ---p 00000000 00:00 0 
7f6b2a74c000-7f6b2a84a000 rw-p 00000000 00:00 0 
7f6b2a84a000-7f6b2a85b000 r-xp 00000000 08:01 2106483                    /usr/lib/jvm/java-8-oracle/jre/lib/amd64/libnio.so
7f6b2a85b000-7f6b2aa5a000 ---p 00011000 08:01 2106483                    /usr/lib/jvm/java-8-oracle/jre/lib/amd64/libnio.so
7f6b2aa5a000-7f6b2aa5b000 rw-p 00010000 08:01 2106483                    /usr/lib/jvm/java-8-oracle/jre/lib/amd64/libnio.so
7f6b2aa5b000-7f6b2aa71000 r-xp 00000000 08:01 2106458                    /usr/lib/jvm/java-8-oracle/jre/lib/amd64/libnet.so
7f6b2aa71000-7f6b2ac71000 ---p 00016000 08:01 2106458                    /usr/lib/jvm/java-8-oracle/jre/lib/amd64/libnet.so
7f6b2ac71000-7f6b2ac72000 rw-p 00016000 08:01 2106458                    /usr/lib/jvm/java-8-oracle/jre/lib/amd64/libnet.so
7f6b2ac72000-7f6b2ac75000 r--s 0001a000 08:01 1976716                    /usr/lib/jvm/java-8-oracle/jre/lib/jce.jar
7f6b2ac75000-7f6b2ac7a000 r--s 0009a000 08:01 1976643                    /usr/lib/jvm/java-8-oracle/jre/lib/jsse.jar
7f6b2ac7a000-7f6b2ac80000 r--s 00041000 08:01 661360                     /home/madunlap/.m2/repository/org/jacoco/org.jacoco.agent/0.7.5.201505241946/org.jacoco.agent-0.7.5.201505241946-runtime.jar
7f6b2ac80000-7f6b2ac82000 r--s 0000e000 08:01 921023                     /home/madunlap/.m2/repository/oro/oro/2.0.8/oro-2.0.8.jar
7f6b2ac82000-7f6b2ac8a000 r--s 00058000 08:01 921019                     /home/madunlap/.m2/repository/org/apache/velocity/velocity/1.5/velocity-1.5.jar
7f6b2ac8a000-7f6b2ac8b000 r--s 00001000 08:01 921022                     /home/madunlap/.m2/repository/org/codehaus/plexus/plexus-velocity/1.1.7/plexus-velocity-1.1.7.jar
7f6b2ac8b000-7f6b2ac8c000 r--s 00002000 08:01 921017                     /home/madunlap/.m2/repository/org/codehaus/plexus/plexus-i18n/1.0-beta-7/plexus-i18n-1.0-beta-7.jar
7f6b2ac8c000-7f6b2ac8e000 r--s 00008000 08:01 921015                     /home/madunlap/.m2/repository/org/apache/maven/doxia/doxia-module-fml/1.1.2/doxia-module-fml-1.1.2.jar
7f6b2ac8e000-7f6b2ac8f000 r--s 00003000 08:01 921016                     /home/madunlap/.m2/repository/org/apache/maven/doxia/doxia-module-xhtml/1.1.2/doxia-module-xhtml-1.1.2.jar
7f6b2ac8f000-7f6b2ac91000 r--s 0000b000 08:01 921011                     /home/madunlap/.m2/repository/org/apache/maven/doxia/doxia-decoration-model/1.1.2/doxia-decoration-model-1.1.2.jar
7f6b2ac91000-7f6b2ac93000 r--s 0000b000 08:01 921008                     /home/madunlap/.m2/repository/org/apache/maven/doxia/doxia-site-renderer/1.1.2/doxia-site-renderer-1.1.2.jar
7f6b2ac93000-7f6b2ac97000 r--s 00023000 08:01 921010                     /home/madunlap/.m2/repository/org/apache/maven/doxia/doxia-core/1.1.2/doxia-core-1.1.2.jar
7f6b2ac97000-7f6b2ac99000 r--s 00003000 08:01 921007                     /home/madunlap/.m2/repository/org/apache/maven/reporting/maven-reporting-impl/2.1/maven-reporting-impl-2.1.jar
7f6b2ac99000-7f6b2ac9a000 r--s 00002000 08:01 921004                     /home/madunlap/.m2/repository/org/apache/maven/doxia/doxia-logging-api/1.1/doxia-logging-api-1.1.jar
7f6b2ac9a000-7f6b2ac9c000 r--s 00002000 08:01 921001                     /home/madunlap/.m2/repository/org/apache/maven/doxia/doxia-sink-api/1.1/doxia-sink-api-1.1.jar
7f6b2ac9c000-7f6b2ac9d000 r--s 00002000 08:01 920999                     /home/madunlap/.m2/repository/org/apache/maven/reporting/maven-reporting-api/2.2.1/maven-reporting-api-2.2.1.jar
7f6b2ac9d000-7f6b2ac9f000 r--s 00008000 08:01 920995                     /home/madunlap/.m2/repository/org/apache/maven/shared/maven-shared-io/1.1/maven-shared-io-1.1.jar
7f6b2ac9f000-7f6b2aca1000 r--s 00008000 08:01 920998                     /home/madunlap/.m2/repository/org/apache/maven/shared/file-management/1.2.1/file-management-1.2.1.jar
7f6b2aca1000-7f6b2aca6000 r--s 00039000 08:01 920997                     /home/madunlap/.m2/repository/org/codehaus/plexus/plexus-utils/1.5.6/plexus-utils-1.5.6.jar
7f6b2aca6000-7f6b2aca8000 r--s 00008000 08:01 920991                     /home/madunlap/.m2/repository/classworlds/classworlds/1.1-alpha-2/classworlds-1.1-alpha-2.jar
7f6b2aca8000-7f6b2acaf000 r--s 00029000 08:01 920988                     /home/madunlap/.m2/repository/org/codehaus/plexus/plexus-container-default/1.0-alpha-9-stable-1/plexus-container-default-1.0-alpha-9-stable-1.jar
7f6b2acaf000-7f6b2acb2000 r--s 00011000 08:01 920989                     /home/madunlap/.m2/repository/org/apache/maven/maven-artifact/2.2.1/maven-artifact-2.2.1.jar
7f6b2acb2000-7f6b2acb4000 r--s 0000b000 08:01 920985                     /home/madunlap/.m2/repository/org/codehaus/plexus/plexus-interpolation/1.11/plexus-interpolation-1.11.jar
7f6b2acb4000-7f6b2acb6000 r--s 00006000 08:01 920982                     /home/madunlap/.m2/repository/org/apache/maven/maven-plugin-registry/2.2.1/maven-plugin-registry-2.2.1.jar
7f6b2acb6000-7f6b2acbe000 r--s 00049000 08:01 920984                     /home/madunlap/.m2/repository/backport-util-concurrent/backport-util-concurrent/3.1/backport-util-concurrent-3.1.jar
7f6b2acbe000-7f6b2acc0000 r--s 0000b000 08:01 920978                     /home/madunlap/.m2/repository/org/apache/maven/wagon/wagon-provider-api/1.0-beta-6/wagon-provider-api-1.0-beta-6.jar
7f6b2acc0000-7f6b2acc2000 r--s 00005000 08:01 920980                     /home/madunlap/.m2/repository/org/apache/maven/maven-repository-metadata/2.2.1/maven-repository-metadata-2.2.1.jar
7f6b2acc2000-7f6b2acc4000 r--s 0000f000 08:01 920975                     /home/madunlap/.m2/repository/org/apache/maven/maven-artifact-manager/2.2.1/maven-artifact-manager-2.2.1.jar
7f6b2acc4000-7f6b2acc6000 r--s 00014000 08:01 920971                     /home/madunlap/.m2/repository/org/apache/maven/maven-model/2.2.1/maven-model-2.2.1.jar
7f6b2acc6000-7f6b2acc8000 r--s 00007000 08:01 920969                     /home/madunlap/.m2/repository/org/apache/maven/maven-profile/2.2.1/maven-profile-2.2.1.jar
7f6b2acc8000-7f6b2acc9000 r--s 0000b000 08:01 920972                     /home/madunlap/.m2/repository/org/apache/maven/maven-settings/2.2.1/maven-settings-2.2.1.jar
7f6b2acc9000-7f6b2accd000 r--s 00023000 08:01 920973                     /home/madunlap/.m2/repository/org/apache/maven/maven-project/2.2.1/maven-project-2.2.1.jar
7f6b2accd000-7f6b2accf000 r--s 00002000 08:01 661356                     /home/madunlap/.m2/repository/org/apache/maven/maven-plugin-api/2.2.1/maven-plugin-api-2.2.1.jar
7f6b2accf000-7f6b2acd1000 r--s 0000b000 08:01 660606                     /home/madunlap/.m2/repository/org/jacoco/jacoco-maven-plugin/0.7.5.201505241946/jacoco-maven-plugin-0.7.5.201505241946.jar
7f6b2acd1000-7f6b2acd3000 r--s 00013000 08:01 791380                     /home/madunlap/.m2/repository/com/jayway/restassured/xml-path/2.4.0/xml-path-2.4.0.jar
7f6b2acd3000-7f6b2acd5000 r--s 00007000 08:01 791379                     /home/madunlap/.m2/repository/com/jayway/restassured/rest-assured-common/2.4.0/rest-assured-common-2.4.0.jar
7f6b2acd5000-7f6b2acd7000 r--s 0001e000 08:01 661355                     /home/madunlap/.m2/repository/org/codehaus/groovy/groovy-json/2.3.7/groovy-json-2.3.7.jar
7f6b2acd7000-7f6b2acd9000 r--s 0000d000 08:01 791376                     /home/madunlap/.m2/repository/com/jayway/restassured/json-path/2.4.0/json-path-2.4.0.jar
7f6b2acd9000-7f6b2acdb000 r--s 00015000 08:01 791373                     /home/madunlap/.m2/repository/org/ccil/cowan/tagsoup/tagsoup/1.2.1/tagsoup-1.2.1.jar
7f6b2acdb000-7f6b2acdc000 r--s 0000c000 08:01 791372                     /home/madunlap/.m2/repository/org/hamcrest/hamcrest-library/1.3/hamcrest-library-1.3.jar
7f6b2acdc000-7f6b2acde000 r--s 00009000 08:01 791370                     /home/madunlap/.m2/repository/org/hamcrest/hamcrest-core/1.3/hamcrest-core-1.3.jar
7f6b2acde000-7f6b2ace3000 r--s 00034000 08:01 661352                     /home/madunlap/.m2/repository/org/codehaus/groovy/groovy-xml/2.3.7/groovy-xml-2.3.7.jar
7f6b2ace3000-7f6b2ad2c000 r--s 003fb000 08:01 661354                     /home/madunlap/.m2/repository/org/codehaus/groovy/groovy/2.3.7/groovy-2.3.7.jar
7f6b2ad2c000-7f6b2ad36000 r--s 0008c000 08:01 791368                     /home/madunlap/.m2/repository/com/jayway/restassured/rest-assured/2.4.0/rest-assured-2.4.0.jar
7f6b2ad36000-7f6b2ad3c000 r--s 00044000 08:01 791367                     /home/madunlap/.m2/repository/org/jsoup/jsoup/1.8.1/jsoup-1.8.1.jar
7f6b2ad3c000-7f6b2ad3e000 r--s 00004000 08:01 791401                     /home/madunlap/.m2/repository/edu/ucsb/nceas/ezid/1.0.0/ezid-1.0.0.jar
7f6b2ad3e000-7f6b2ad41000 r--s 0000b000 08:01 791362                     /home/madunlap/.m2/repository/org/ocpsoft/rewrite/rewrite-integration-faces/2.0.12.Final/rewrite-integration-faces-2.0.12.Final.jar
7f6b2ad41000-7f6b2ad43000 r--s 00001000 08:01 791360                     /home/madunlap/.m2/repository/org/ocpsoft/rewrite/rewrite-annotations-api/2.0.12.Final/rewrite-annotations-api-2.0.12.Final.jar
7f6b2ad43000-7f6b2ad44000 r--s 00005000 08:01 791359                     /home/madunlap/.m2/repository/org/ocpsoft/rewrite/rewrite-addressbuilder/2.0.12.Final/rewrite-addressbuilder-2.0.12.Final.jar
7f6b2ad44000-7f6b2ad46000 r--s 00008000 08:01 791357                     /home/madunlap/.m2/repository/org/ocpsoft/rewrite/rewrite-api-servlet/2.0.12.Final/rewrite-api-servlet-2.0.12.Final.jar
7f6b2ad46000-7f6b2ad48000 r--s 00001000 08:01 791354                     /home/madunlap/.m2/repository/org/ocpsoft/logging/logging-api/1.0.2.Final/logging-api-1.0.2.Final.jar
7f6b2ad48000-7f6b2ad49000 r--s 00003000 08:01 791353                     /home/madunlap/.m2/repository/org/ocpsoft/common/common-api/1.0.5.Final/common-api-1.0.5.Final.jar
7f6b2ad49000-7f6b2ad4d000 r--s 00018000 08:01 791351                     /home/madunlap/.m2/repository/org/ocpsoft/rewrite/rewrite-api/2.0.12.Final/rewrite-api-2.0.12.Final.jar
7f6b2ad4d000-7f6b2ad4f000 r--s 00005000 08:01 791349                     /home/madunlap/.m2/repository/org/ocpsoft/rewrite/rewrite-annotations-impl/2.0.12.Final/rewrite-annotations-impl-2.0.12.Final.jar
7f6b2ad4f000-7f6b2ad5d000 r--s 00092000 08:01 791352                     /home/madunlap/.m2/repository/org/ocpsoft/rewrite/rewrite-config-prettyfaces/2.0.12.Final/rewrite-config-prettyfaces-2.0.12.Final.jar
7f6b2ad5d000-7f6b2ad6b000 r--s 0005f000 08:01 791345                     /home/madunlap/.m2/repository/org/ocpsoft/rewrite/rewrite-servlet/2.0.12.Final/rewrite-servlet-2.0.12.Final.jar
7f6b2ad6b000-7f6b2ad6f000 r--s 0003c000 08:01 791218                     /home/madunlap/.m2/repository/javax/media/jai_codec/1.1.3/jai_codec-1.1.3.jar
7f6b2ad6f000-7f6b2ad83000 r--s 001bd000 08:01 791220                     /home/madunlap/.m2/repository/javax/media/jai_core/1.1.3/jai_core-1.1.3.jar
7f6b2ad83000-7f6b2ad94000 r--s 00106000 08:01 791219                     /home/madunlap/.m2/repository/javax/media/jai_imageio/1.1.1/jai_imageio-1.1.1.jar
7f6b2ad94000-7f6b2ad96000 r--s 00009000 08:01 791399                     /home/madunlap/.m2/repository/edu/harvard/hul/ois/jhove/jhove-handler/1.11.0/jhove-handler-1.11.0.jar
7f6b2ad96000-7f6b2ad9f000 r--s 00079000 08:01 791398                     /home/madunlap/.m2/repository/edu/harvard/hul/ois/jhove/jhove-module/1.11.0/jhove-module-1.11.0.jar
7f6b2ad9f000-7f6b2ada2000 r--s 00011000 08:01 791396                     /home/madunlap/.m2/repository/edu/harvard/hul/ois/jhove/jhove/1.11.0/jhove-1.11.0.jar
7f6b2ada2000-7f6b2adb2000 r--s 0011f000 08:01 791342                     /home/madunlap/.m2/repository/org/apache/poi/poi-scratchpad/3.10-FINAL/poi-scratchpad-3.10-FINAL.jar
7f6b2adb2000-7f6b2adb8000 r--s 00047000 08:01 791341                     /home/madunlap/.m2/repository/org/apache/poi/poi-examples/3.10-FINAL/poi-examples-3.10-FINAL.jar
7f6b2adb8000-7f6b2adbd000 r--s 00048000 08:01 791338                     /home/madunlap/.m2/repository/dom4j/dom4j/1.6.1/dom4j-1.6.1.jar
7f6b2adbd000-7f6b2adfa000 r--s 0024f000 08:01 791336                     /home/madunlap/.m2/repository/org/apache/xmlbeans/xmlbeans/2.3.0/xmlbeans-2.3.0.jar
7f6b2adfa000-7f6b2ae92000 r--s 00420000 08:01 791334                     /home/madunlap/.m2/repository/org/apache/poi/poi-ooxml-schemas/3.10-FINAL/poi-ooxml-schemas-3.10-FINAL.jar
7f6b2ae92000-7f6b2aea0000 r--s 000ee000 08:01 791333                     /home/madunlap/.m2/repository/org/apache/poi/poi-ooxml/3.10-FINAL/poi-ooxml-3.10-FINAL.jar
7f6b2aea0000-7f6b2aec2000 r--s 001bb000 08:01 791332                     /home/madunlap/.m2/repository/org/apache/poi/poi/3.10-FINAL/poi-3.10-FINAL.jar
7f6b2aec2000-7f6b2aec4000 r--s 00006000 08:01 791331                     /home/madunlap/.m2/repository/org/nuiton/thirdparty/Rserve/0.6-1/Rserve-0.6-1.jar
7f6b2aec4000-7f6b2aec6000 r--s 00006000 08:01 791328                     /home/madunlap/.m2/repository/org/nuiton/thirdparty/REngine/0.6-1/REngine-0.6-1.jar
7f6b2aec6000-7f6b2aec7000 r--s 0000c000 08:01 791397                     /home/madunlap/.m2/repository/org/dataverse/unf/6.0/unf-6.0.jar
7f6b2aec7000-7f6b2aec8000 r--s 00018000 08:01 791394                     /home/madunlap/.m2/repository/edu/harvard/iq/dvn/unf5/5.0/unf5-5.0.jar
7f6b2aec8000-7f6b2aed1000 r--s 000a6000 08:01 791393                     /home/madunlap/.m2/repository/net/handle/handle/2006-06-16-generated/handle-2006-06-16-generated.jar
7f6b2aed1000-7f6b2aed4000 r--s 00035000 08:01 791395                     /home/madunlap/.m2/repository/nom/tam/fits/fits/2012-10-25-generated/fits-2012-10-25-generated.jar
7f6b2aed4000-7f6b2aedb000 r--s 00028000 08:01 791326                     /home/madunlap/.m2/repository/concurrent/concurrent/1.3.4/concurrent-1.3.4.jar
7f6b2aedb000-7f6b2aee9000 r--s 00081000 08:01 791324                     /home/madunlap/.m2/repository/colt/colt/1.2.0/colt-1.2.0.jar
7f6b2aee9000-7f6b2aef6000 r--s 00083000 08:01 791320                     /home/madunlap/.m2/repository/commons-collections/commons-collections/3.2.2/commons-collections-3.2.2.jar
7f6b2aef6000-7f6b2aefa000 r--s 00020000 08:01 791319                     /home/madunlap/.m2/repository/commons-digester/commons-digester/1.8.1/commons-digester-1.8.1.jar
7f6b2aefa000-7f6b2aeff000 r--s 00035000 08:01 791317                     /home/madunlap/.m2/repository/commons-beanutils/commons-beanutils/1.9.2/commons-beanutils-1.9.2.jar
7f6b2aeff000-7f6b2af03000 r--s 0002a000 08:01 791315                     /home/madunlap/.m2/repository/commons-validator/commons-validator/1.6/commons-validator-1.6.jar
7f6b2af03000-7f6b2af16000 r--s 000df000 08:01 791313                     /home/madunlap/.m2/repository/org/apache/commons/commons-math/2.2/commons-math-2.2.jar
7f6b2af16000-7f6b2af18000 r--s 0000e000 08:01 791309                     /home/madunlap/.m2/repository/commons-logging/commons-logging/1.1.3/commons-logging-1.1.3.jar
7f6b2af18000-7f6b2af1a000 r--s 00005000 08:01 791311                     /home/madunlap/.m2/repository/org/apache/httpcomponents/httpmime/4.2.6/httpmime-4.2.6.jar
7f6b2af1a000-7f6b2af26000 r--s 000b3000 08:01 791304                     /home/madunlap/.m2/repository/org/apache/zookeeper/zookeeper/3.4.5/zookeeper-3.4.5.jar
7f6b2af26000-7f6b2af2e000 r--s 0005b000 08:01 791305                     /home/madunlap/.m2/repository/org/apache/solr/solr-solrj/4.6.0/solr-solrj-4.6.0.jar
7f6b2af2e000-7f6b2af33000 r--s 00041000 08:01 791300                     /home/madunlap/.m2/repository/commons-lang/commons-lang/2.6/commons-lang-2.6.jar
7f6b2af33000-7f6b2af35000 r--s 0000d000 08:01 791302                     /home/madunlap/.m2/repository/com/fasterxml/classmate/1.0.0/classmate-1.0.0.jar
7f6b2af35000-7f6b2af37000 r--s 0000d000 08:01 791296                     /home/madunlap/.m2/repository/org/jboss/logging/jboss-logging/3.1.1.GA/jboss-logging-3.1.1.GA.jar
7f6b2af37000-7f6b2af3b000 r--s 0000c000 08:01 791294                     /home/madunlap/.m2/repository/javax/validation/validation-api/1.1.0.Final/validation-api-1.1.0.Final.jar
7f6b2af3b000-7f6b2af48000 r--s 00080000 08:01 791293                     /home/madunlap/.m2/repository/org/hibernate/hibernate-validator/5.0.3.Final/hibernate-validator-5.0.3.Final.jar
7f6b2af48000-7f6b2af52000 r--s 0006b000 08:01 791289                     /home/madunlap/.m2/repository/org/omnifaces/omnifaces/1.7/omnifaces-1.7.jar
7f6b2af52000-7f6b2af61000 r--s 000c4000 08:01 791290                     /home/madunlap/.m2/repository/org/atmosphere/atmosphere-runtime/2.4.2/atmosphere-runtime-2.4.2.jar
7f6b2af61000-7f6b2af75000 r--s 0013a000 08:01 791121                     /home/madunlap/.m2/repository/org/primefaces/themes/all-themes/1.0.10/all-themes-1.0.10.jar
7f6b2af75000-7f6b2afa1000 r--s 00318000 08:01 791288                     /home/madunlap/.m2/repository/org/primefaces/primefaces/5.3/primefaces-5.3.jar
7f6b2afa1000-7f6b2afc3000 r--s 00120000 08:01 791284                     /home/madunlap/.m2/repository/javax/javaee-web-api/7.0/javaee-web-api-7.0.jar
7f6b2afc3000-7f6b2afc5000 r--s 0000e000 08:01 791282                     /home/madunlap/.m2/repository/javax/activation/activation/1.1/activation-1.1.jar
7f6b2afc5000-7f6b2afcd000 r--s 00078000 08:01 791280                     /home/madunlap/.m2/repository/com/sun/mail/javax.mail/1.5.0/javax.mail-1.5.0.jar
7f6b2afcd000-7f6b2b001000 r--s 001a4000 08:01 791278                     /home/madunlap/.m2/repository/javax/javaee-api/7.0/javaee-api-7.0.jar
7f6b2b001000-7f6b2b02c000 r--s 001f5000 08:01 791277                     /home/madunlap/.m2/repository/com/google/guava/guava/16.0.1/guava-16.0.1.jar
7f6b2b02c000-7f6b2b04a000 r--s 0027d000 08:01 791273                     /home/madunlap/.m2/repository/xalan/xalan/2.7.0/xalan-2.7.0.jar
7f6b2b04a000-7f6b2b05e000 r--s 000e3000 08:01 791272                     /home/madunlap/.m2/repository/xerces/xercesImpl/2.6.2/xercesImpl-2.6.2.jar
7f6b2b05e000-7f6b2b064000 r--s 00019000 08:01 791270                     /home/madunlap/.m2/repository/xerces/xmlParserAPIs/2.6.2/xmlParserAPIs-2.6.2.jar
7f6b2b064000-7f6b2b06b000 r--s 00063000 08:01 791268                     /home/madunlap/.m2/repository/xom/xom/1.1/xom-1.1.jar
7f6b2b06b000-7f6b2b070000 r--s 0002a000 08:01 791265                     /home/madunlap/.m2/repository/com/google/code/gson/gson/2.2.4/gson-2.2.4.jar
7f6b2b070000-7f6b2b074000 r--s 00027000 08:01 791263                     /home/madunlap/.m2/repository/commons-io/commons-io/2.2/commons-io-2.2.jar
7f6b2b074000-7f6b2b07a000 r--s 00032000 08:01 791261                     /home/madunlap/.m2/repository/jaxen/jaxen/1.1.1/jaxen-1.1.1.jar
7f6b2b07a000-7f6b2b081000 r--s 00079000 08:01 661348                     /home/madunlap/.m2/repository/org/codehaus/woodstox/wstx-asl/3.2.6/wstx-asl-3.2.6.jar
7f6b2b081000-7f6b2b086000 r--s 00070000 08:01 661349                     /home/madunlap/.m2/repository/org/codehaus/woodstox/woodstox-core-asl/4.1.4/woodstox-core-asl-4.1.4.jar
7f6b2b086000-7f6b2b08a000 r--s 00026000 08:01 791256                     /home/madunlap/.m2/repository/org/apache/ws/commons/axiom/axiom-impl/1.2.14/axiom-impl-1.2.14.jar
7f6b2b08a000-7f6b2b111000 rw-p 00000000 00:00 0 
7f6b2b111000-7f6b2b51d000 r--s 03c80000 08:01 791225                     /home/madunlap/.m2/repository/com/amazonaws/aws-java-sdk-bundle/1.11.172/aws-java-sdk-bundle-1.11.172.jar
7f6b2b51d000-7f6b2b520000 ---p 00000000 00:00 0 
7f6b2b520000-7f6b2b61e000 rw-p 00000000 00:00 0 
7f6b2b61e000-7f6b2b8f9000 r--p 00000000 08:01 1441812                    /usr/lib/locale/locale-archive
7f6b2b8f9000-7f6b2b8fc000 ---p 00000000 00:00 0 
7f6b2b8fc000-7f6b2b9fa000 rw-p 00000000 00:00 0 
7f6b2b9fa000-7f6b2b9fd000 ---p 00000000 00:00 0 
7f6b2b9fd000-7f6b2bafb000 rw-p 00000000 00:00 0 
7f6b2bafb000-7f6b2bafc000 ---p 00000000 00:00 0 
7f6b2bafc000-7f6b2c000000 rw-p 00000000 00:00 0 
7f6b2c000000-7f6b2c021000 rw-p 00000000 00:00 0 
7f6b2c021000-7f6b30000000 ---p 00000000 00:00 0 
7f6b30000000-7f6b30002000 r--s 0000f000 08:01 791260                     /home/madunlap/.m2/repository/commons-fileupload/commons-fileupload/1.3.1/commons-fileupload-1.3.1.jar
7f6b30002000-7f6b30005000 r--s 00015000 08:01 791254                     /home/madunlap/.m2/repository/org/apache/james/apache-mime4j-core/0.7.2/apache-mime4j-core-0.7.2.jar
7f6b30005000-7f6b3000a000 r--s 00032000 08:01 791252                     /home/madunlap/.m2/repository/org/apache/geronimo/specs/geronimo-javamail_1.4_spec/1.7.1/geronimo-javamail_1.4_spec-1.7.1.jar
7f6b3000a000-7f6b30014000 r--s 0005d000 08:01 791250                     /home/madunlap/.m2/repository/org/apache/ws/commons/axiom/axiom-api/1.2.14/axiom-api-1.2.14.jar
7f6b30014000-7f6b30017000 r--s 0014e000 08:01 791249                     /home/madunlap/.m2/repository/org/apache/abdera/abdera-parser/1.1.3/abdera-parser-1.1.3.jar
7f6b30017000-7f6b30019000 r--s 00006000 08:01 791245                     /home/madunlap/.m2/repository/org/apache/geronimo/specs/geronimo-stax-api_1.0_spec/1.0.1/geronimo-stax-api_1.0_spec-1.0.1.jar
7f6b30019000-7f6b3001b000 r--s 0000a000 08:01 791243                     /home/madunlap/.m2/repository/org/apache/geronimo/specs/geronimo-activation_1.1_spec/1.1/geronimo-activation_1.1_spec-1.1.jar
7f6b3001b000-7f6b30034000 r--s 002fd000 08:01 791240                     /home/madunlap/.m2/repository/com/ibm/icu/icu4j/3.4.4/icu4j-3.4.4.jar
7f6b30034000-7f6b30438000 rw-p 00000000 00:00 0 
7f6b30438000-7f6b30612000 r--s 03d4d000 08:01 1976682                    /usr/lib/jvm/java-8-oracle/jre/lib/rt.jar
7f6b30612000-7f6b31000000 rw-p 00000000 00:00 0 
7f6b31000000-7f6b31640000 rwxp 00000000 00:00 0 
7f6b31640000-7f6b40000000 ---p 00000000 00:00 0 
7f6b40000000-7f6b40ffa000 rw-p 00000000 00:00 0 
7f6b40ffa000-7f6b44000000 ---p 00000000 00:00 0 
7f6b44000000-7f6b44004000 r--s 00094000 08:01 791246                     /home/madunlap/.m2/repository/org/apache/abdera/abdera-i18n/1.1.3/abdera-i18n-1.1.3.jar
7f6b44004000-7f6b44008000 r--s 00024000 08:01 791241                     /home/madunlap/.m2/repository/org/apache/abdera/abdera-core/1.1.3/abdera-core-1.1.3.jar
7f6b44008000-7f6b4400b000 r--s 00023000 08:01 791237                     /home/madunlap/.m2/repository/com/hp/hpl/jena/iri/0.8/iri-0.8.jar
7f6b4400b000-7f6b4402e000 r--s 001ae000 08:01 791235                     /home/madunlap/.m2/repository/com/hp/hpl/jena/jena/2.6.4/jena-2.6.4.jar
7f6b4402e000-7f6b44030000 r--s 0000d000 08:01 791233                     /home/madunlap/.m2/repository/org/apache/abdera/abdera-client/1.1.1/abdera-client-1.1.1.jar
7f6b44030000-7f6b44032000 r--s 00016000 08:01 791230                     /home/madunlap/.m2/repository/javax/servlet/servlet-api/2.4/servlet-api-2.4.jar
7f6b44032000-7f6b44035000 r--s 0000f000 08:01 791226                     /home/madunlap/.m2/repository/org/swordapp/sword2-server/1.0/sword2-server-1.0-classes.jar
7f6b44035000-7f6b4403a000 r--s 00040000 08:01 791224                     /home/madunlap/.m2/repository/commons-httpclient/commons-httpclient/3.0.1/commons-httpclient-3.0.1.jar
7f6b4403a000-7f6b4403d000 r--s 00012000 08:01 791228                     /home/madunlap/.m2/repository/org/glassfish/javax.json/1.0.4/javax.json-1.0.4.jar
7f6b4403d000-7f6b44043000 r--s 00034000 08:01 791227                     /home/madunlap/.m2/repository/junit/junit/4.8.1/junit-4.8.1.jar
7f6b44043000-7f6b46073000 rw-p 00000000 00:00 0 
7f6b46073000-7f6b46074000 ---p 00000000 00:00 0 
7f6b46074000-7f6b46174000 rw-p 00000000 00:00 0 
7f6b46174000-7f6b46175000 ---p 00000000 00:00 0 
7f6b46175000-7f6b4628a000 rw-p 00000000 00:00 0 
7f6b4628a000-7f6b463bf000 ---p 00000000 00:00 0 
7f6b463bf000-7f6b463d4000 rw-p 00000000 00:00 0 
7f6b463d4000-7f6b46508000 ---p 00000000 00:00 0 
7f6b46508000-7f6b4654b000 rw-p 00000000 00:00 0 
7f6b4654b000-7f6b465ad000 ---p 00000000 00:00 0 
7f6b465ad000-7f6b465c7000 rw-p 00000000 00:00 0 
7f6b465c7000-7f6b4696e000 ---p 00000000 00:00 0 
7f6b4696e000-7f6b46988000 r-xp 00000000 08:01 2106481                    /usr/lib/jvm/java-8-oracle/jre/lib/amd64/libzip.so
7f6b46988000-7f6b46b88000 ---p 0001a000 08:01 2106481                    /usr/lib/jvm/java-8-oracle/jre/lib/amd64/libzip.so
7f6b46b88000-7f6b46b89000 rw-p 0001a000 08:01 2106481                    /usr/lib/jvm/java-8-oracle/jre/lib/amd64/libzip.so
7f6b46b89000-7f6b46b94000 r-xp 00000000 08:01 663303                     /lib/x86_64-linux-gnu/libnss_files-2.24.so
7f6b46b94000-7f6b46d93000 ---p 0000b000 08:01 663303                     /lib/x86_64-linux-gnu/libnss_files-2.24.so
7f6b46d93000-7f6b46d94000 r--p 0000a000 08:01 663303                     /lib/x86_64-linux-gnu/libnss_files-2.24.so
7f6b46d94000-7f6b46d95000 rw-p 0000b000 08:01 663303                     /lib/x86_64-linux-gnu/libnss_files-2.24.so
7f6b46d95000-7f6b46d9b000 rw-p 00000000 00:00 0 
7f6b46d9b000-7f6b46da6000 r-xp 00000000 08:01 663305                     /lib/x86_64-linux-gnu/libnss_nis-2.24.so
7f6b46da6000-7f6b46fa5000 ---p 0000b000 08:01 663305                     /lib/x86_64-linux-gnu/libnss_nis-2.24.so
7f6b46fa5000-7f6b46fa6000 r--p 0000a000 08:01 663305                     /lib/x86_64-linux-gnu/libnss_nis-2.24.so
7f6b46fa6000-7f6b46fa7000 rw-p 0000b000 08:01 663305                     /lib/x86_64-linux-gnu/libnss_nis-2.24.so
7f6b46fa7000-7f6b46fbd000 r-xp 00000000 08:01 663300                     /lib/x86_64-linux-gnu/libnsl-2.24.so
7f6b46fbd000-7f6b471bc000 ---p 00016000 08:01 663300                     /lib/x86_64-linux-gnu/libnsl-2.24.so
7f6b471bc000-7f6b471bd000 r--p 00015000 08:01 663300                     /lib/x86_64-linux-gnu/libnsl-2.24.so
7f6b471bd000-7f6b471be000 rw-p 00016000 08:01 663300                     /lib/x86_64-linux-gnu/libnsl-2.24.so
7f6b471be000-7f6b471c0000 rw-p 00000000 00:00 0 
7f6b471c0000-7f6b471c8000 r-xp 00000000 08:01 663301                     /lib/x86_64-linux-gnu/libnss_compat-2.24.so
7f6b471c8000-7f6b473c7000 ---p 00008000 08:01 663301                     /lib/x86_64-linux-gnu/libnss_compat-2.24.so
7f6b473c7000-7f6b473c8000 r--p 00007000 08:01 663301                     /lib/x86_64-linux-gnu/libnss_compat-2.24.so
7f6b473c8000-7f6b473c9000 rw-p 00008000 08:01 663301                     /lib/x86_64-linux-gnu/libnss_compat-2.24.so
7f6b473c9000-7f6b473d3000 r-xp 00000000 08:01 2106519                    /usr/lib/jvm/java-8-oracle/jre/lib/amd64/libinstrument.so
7f6b473d3000-7f6b475d2000 ---p 0000a000 08:01 2106519                    /usr/lib/jvm/java-8-oracle/jre/lib/amd64/libinstrument.so
7f6b475d2000-7f6b475d3000 rw-p 00009000 08:01 2106519                    /usr/lib/jvm/java-8-oracle/jre/lib/amd64/libinstrument.so
7f6b475d3000-7f6b475fe000 r-xp 00000000 08:01 2106508                    /usr/lib/jvm/java-8-oracle/jre/lib/amd64/libjava.so
7f6b475fe000-7f6b477fd000 ---p 0002b000 08:01 2106508                    /usr/lib/jvm/java-8-oracle/jre/lib/amd64/libjava.so
7f6b477fd000-7f6b477ff000 rw-p 0002a000 08:01 2106508                    /usr/lib/jvm/java-8-oracle/jre/lib/amd64/libjava.so
7f6b477ff000-7f6b4780c000 r-xp 00000000 08:01 2106459                    /usr/lib/jvm/java-8-oracle/jre/lib/amd64/libverify.so
7f6b4780c000-7f6b47a0c000 ---p 0000d000 08:01 2106459                    /usr/lib/jvm/java-8-oracle/jre/lib/amd64/libverify.so
7f6b47a0c000-7f6b47a0e000 rw-p 0000d000 08:01 2106459                    /usr/lib/jvm/java-8-oracle/jre/lib/amd64/libverify.so
7f6b47a0e000-7f6b47a15000 r-xp 00000000 08:01 663310                     /lib/x86_64-linux-gnu/librt-2.24.so
7f6b47a15000-7f6b47c14000 ---p 00007000 08:01 663310                     /lib/x86_64-linux-gnu/librt-2.24.so
7f6b47c14000-7f6b47c15000 r--p 00006000 08:01 663310                     /lib/x86_64-linux-gnu/librt-2.24.so
7f6b47c15000-7f6b47c16000 rw-p 00007000 08:01 663310                     /lib/x86_64-linux-gnu/librt-2.24.so
7f6b47c16000-7f6b47d1e000 r-xp 00000000 08:01 663297                     /lib/x86_64-linux-gnu/libm-2.24.so
7f6b47d1e000-7f6b47f1d000 ---p 00108000 08:01 663297                     /lib/x86_64-linux-gnu/libm-2.24.so
7f6b47f1d000-7f6b47f1e000 r--p 00107000 08:01 663297                     /lib/x86_64-linux-gnu/libm-2.24.so
7f6b47f1e000-7f6b47f1f000 rw-p 00108000 08:01 663297                     /lib/x86_64-linux-gnu/libm-2.24.so
7f6b47f1f000-7f6b48bf2000 r-xp 00000000 08:01 2106512                    /usr/lib/jvm/java-8-oracle/jre/lib/amd64/server/libjvm.so
7f6b48bf2000-7f6b48df1000 ---p 00cd3000 08:01 2106512                    /usr/lib/jvm/java-8-oracle/jre/lib/amd64/server/libjvm.so
7f6b48df1000-7f6b48ecb000 rw-p 00cd2000 08:01 2106512                    /usr/lib/jvm/java-8-oracle/jre/lib/amd64/server/libjvm.so
7f6b48ecb000-7f6b48f16000 rw-p 00000000 00:00 0 
7f6b48f16000-7f6b490d4000 r-xp 00000000 08:01 663293                     /lib/x86_64-linux-gnu/libc-2.24.so
7f6b490d4000-7f6b492d3000 ---p 001be000 08:01 663293                     /lib/x86_64-linux-gnu/libc-2.24.so
7f6b492d3000-7f6b492d7000 r--p 001bd000 08:01 663293                     /lib/x86_64-linux-gnu/libc-2.24.so
7f6b492d7000-7f6b492d9000 rw-p 001c1000 08:01 663293                     /lib/x86_64-linux-gnu/libc-2.24.so
7f6b492d9000-7f6b492dd000 rw-p 00000000 00:00 0 
7f6b492dd000-7f6b492e0000 r-xp 00000000 08:01 663296                     /lib/x86_64-linux-gnu/libdl-2.24.so
7f6b492e0000-7f6b494df000 ---p 00003000 08:01 663296                     /lib/x86_64-linux-gnu/libdl-2.24.so
7f6b494df000-7f6b494e0000 r--p 00002000 08:01 663296                     /lib/x86_64-linux-gnu/libdl-2.24.so
7f6b494e0000-7f6b494e1000 rw-p 00003000 08:01 663296                     /lib/x86_64-linux-gnu/libdl-2.24.so
7f6b494e1000-7f6b494f6000 r-xp 00000000 08:01 2106497                    /usr/lib/jvm/java-8-oracle/jre/lib/amd64/jli/libjli.so
7f6b494f6000-7f6b496f6000 ---p 00015000 08:01 2106497                    /usr/lib/jvm/java-8-oracle/jre/lib/amd64/jli/libjli.so
7f6b496f6000-7f6b496f7000 rw-p 00015000 08:01 2106497                    /usr/lib/jvm/java-8-oracle/jre/lib/amd64/jli/libjli.so
7f6b496f7000-7f6b4970f000 r-xp 00000000 08:01 663308                     /lib/x86_64-linux-gnu/libpthread-2.24.so
7f6b4970f000-7f6b4990f000 ---p 00018000 08:01 663308                     /lib/x86_64-linux-gnu/libpthread-2.24.so
7f6b4990f000-7f6b49910000 r--p 00018000 08:01 663308                     /lib/x86_64-linux-gnu/libpthread-2.24.so
7f6b49910000-7f6b49911000 rw-p 00019000 08:01 663308                     /lib/x86_64-linux-gnu/libpthread-2.24.so
7f6b49911000-7f6b49915000 rw-p 00000000 00:00 0 
7f6b49915000-7f6b4993b000 r-xp 00000000 08:01 663288                     /lib/x86_64-linux-gnu/ld-2.24.so
7f6b4993b000-7f6b4993c000 r--s 00005000 08:01 791308                     /home/madunlap/.m2/repository/org/noggit/noggit/0.5/noggit-0.5.jar
7f6b4993c000-7f6b49a0d000 rw-p 00000000 00:00 0 
7f6b49a0d000-7f6b49a10000 ---p 00000000 00:00 0 
7f6b49a10000-7f6b49b10000 rw-p 00000000 00:00 0 
7f6b49b10000-7f6b49b11000 r--s 00004000 08:01 791275                     /home/madunlap/.m2/repository/org/mindrot/jbcrypt/0.3m/jbcrypt-0.3m.jar
7f6b49b11000-7f6b49b16000 r--s 00023000 08:01 791711                     /home/madunlap/.m2/repository/org/apache/maven/surefire/surefire-api/2.10/surefire-api-2.10.jar
7f6b49b16000-7f6b49b18000 r--s 00007000 08:01 791708                     /home/madunlap/.m2/repository/org/apache/maven/surefire/surefire-booter/2.10/surefire-booter-2.10.jar
7f6b49b18000-7f6b49b19000 r--s 00005000 08:01 926043                     /home/madunlap/Documents/github/dataverse/target/surefire/surefirebooter7371862295958981934.jar
7f6b49b19000-7f6b49b2d000 rw-p 00000000 00:00 0 
7f6b49b2d000-7f6b49b35000 rw-s 00000000 08:01 1972826                    /tmp/hsperfdata_madunlap/32291
7f6b49b35000-7f6b49b36000 rw-p 00000000 00:00 0 
7f6b49b36000-7f6b49b37000 ---p 00000000 00:00 0 
7f6b49b37000-7f6b49b3a000 rw-p 00000000 00:00 0 
7f6b49b3a000-7f6b49b3b000 r--p 00025000 08:01 663288                     /lib/x86_64-linux-gnu/ld-2.24.so
7f6b49b3b000-7f6b49b3c000 rw-p 00026000 08:01 663288                     /lib/x86_64-linux-gnu/ld-2.24.so
7f6b49b3c000-7f6b49b3d000 rw-p 00000000 00:00 0 
7ffc663ab000-7ffc663cc000 rw-p 00000000 00:00 0                          [stack]
7ffc663eb000-7ffc663ed000 r--p 00000000 00:00 0                          [vvar]
7ffc663ed000-7ffc663ef000 r-xp 00000000 00:00 0                          [vdso]
ffffffffff600000-ffffffffff601000 r-xp 00000000 00:00 0                  [vsyscall]

VM Arguments:
jvm_args: -javaagent:/home/madunlap/.m2/repository/org/jacoco/org.jacoco.agent/0.7.5.201505241946/org.jacoco.agent-0.7.5.201505241946-runtime.jar=destfile=/home/madunlap/Documents/github/dataverse/target/jacoco.exec 
java_command: /home/madunlap/Documents/github/dataverse/target/surefire/surefirebooter7371862295958981934.jar /home/madunlap/Documents/github/dataverse/target/surefire/surefire2418722918036909750tmp /home/madunlap/Documents/github/dataverse/target/surefire/surefire2294567498688463797tmp
java_class_path (initial): /home/madunlap/Documents/github/dataverse/target/surefire/surefirebooter7371862295958981934.jar:/home/madunlap/.m2/repository/org/jacoco/org.jacoco.agent/0.7.5.201505241946/org.jacoco.agent-0.7.5.201505241946-runtime.jar
Launcher Type: SUN_STANDARD

Environment Variables:
JAVA_HOME=/usr/lib/jvm/java-8-oracle
PATH=/usr/local/sbin:/usr/local/bin:/usr/sbin:/usr/bin:/sbin:/bin:/usr/games:/usr/local/games:/snap/bin:/usr/lib/jvm/java-8-oracle/bin:/usr/lib/jvm/java-8-oracle/db/bin:/usr/lib/jvm/java-8-oracle/jre/bin
LD_LIBRARY_PATH=/usr/lib/jvm/java-8-oracle/jre/lib/amd64:/usr/lib/jvm/java-8-oracle/jre/lib/i386:
SHELL=/bin/bash
DISPLAY=:0

Signal Handlers:
SIGSEGV: [libjvm.so+0xacba10], sa_mask[0]=11111111011111111101111111111110, sa_flags=SA_RESTART|SA_SIGINFO
SIGBUS: [libjvm.so+0xacba10], sa_mask[0]=11111111011111111101111111111110, sa_flags=SA_RESTART|SA_SIGINFO
SIGFPE: [libjvm.so+0x924ba0], sa_mask[0]=11111111011111111101111111111110, sa_flags=SA_RESTART|SA_SIGINFO
SIGPIPE: [libjvm.so+0x924ba0], sa_mask[0]=11111111011111111101111111111110, sa_flags=SA_RESTART|SA_SIGINFO
SIGXFSZ: [libjvm.so+0x924ba0], sa_mask[0]=11111111011111111101111111111110, sa_flags=SA_RESTART|SA_SIGINFO
SIGILL: [libjvm.so+0x924ba0], sa_mask[0]=11111111011111111101111111111110, sa_flags=SA_RESTART|SA_SIGINFO
SIGUSR1: SIG_DFL, sa_mask[0]=00000000000000000000000000000000, sa_flags=none
SIGUSR2: [libjvm.so+0x9263e0], sa_mask[0]=00100000000000000000000000000000, sa_flags=SA_RESTART|SA_SIGINFO
SIGHUP: [libjvm.so+0x9277e0], sa_mask[0]=11111111011111111101111111111110, sa_flags=SA_RESTART|SA_SIGINFO
SIGINT: SIG_IGN, sa_mask[0]=00000000000000000000000000000000, sa_flags=none
SIGTERM: [libjvm.so+0x9277e0], sa_mask[0]=11111111011111111101111111111110, sa_flags=SA_RESTART|SA_SIGINFO
SIGQUIT: [libjvm.so+0x9277e0], sa_mask[0]=11111111011111111101111111111110, sa_flags=SA_RESTART|SA_SIGINFO


---------------  S Y S T E M  ---------------

OS:DISTRIB_ID=Ubuntu
DISTRIB_RELEASE=17.04
DISTRIB_CODENAME=zesty
DISTRIB_DESCRIPTION="Ubuntu 17.04"

uname:Linux 4.10.0-33-generic #37-Ubuntu SMP Fri Aug 11 10:55:28 UTC 2017 x86_64
libc:glibc 2.24 NPTL 2.24 
rlimit: STACK 8192k, CORE 0k, NPROC 15602, NOFILE 1048576, AS infinity
load average:1.07 0.35 0.19

/proc/meminfo:
MemTotal:        4039880 kB
MemFree:          107468 kB
MemAvailable:      21792 kB
Buffers:             200 kB
Cached:            83884 kB
SwapCached:         1936 kB
Active:          3057440 kB
Inactive:         618668 kB
Active(anon):    3047788 kB
Inactive(anon):   609432 kB
Active(file):       9652 kB
Inactive(file):     9236 kB
Unevictable:          32 kB
Mlocked:              32 kB
SwapTotal:       2097148 kB
SwapFree:             64 kB
Dirty:               120 kB
Writeback:            44 kB
AnonPages:       3590744 kB
Mapped:            77736 kB
Shmem:             64988 kB
Slab:             104800 kB
SReclaimable:      53016 kB
SUnreclaim:        51784 kB
KernelStack:       17168 kB
PageTables:        80980 kB
NFS_Unstable:          0 kB
Bounce:                0 kB
WritebackTmp:          0 kB
CommitLimit:     4117088 kB
Committed_AS:   11906260 kB
VmallocTotal:   34359738367 kB
VmallocUsed:           0 kB
VmallocChunk:          0 kB
HardwareCorrupted:     0 kB
AnonHugePages:   1488896 kB
ShmemHugePages:        0 kB
ShmemPmdMapped:        0 kB
CmaTotal:              0 kB
CmaFree:               0 kB
HugePages_Total:       0
HugePages_Free:        0
HugePages_Rsvd:        0
HugePages_Surp:        0
Hugepagesize:       2048 kB
DirectMap4k:      184240 kB
DirectMap2M:     4009984 kB


CPU:total 2 (initial active 2) (2 cores per cpu, 1 threads per core) family 6 model 70 stepping 1, cmov, cx8, fxsr, mmx, sse, sse2, sse3, ssse3, sse4.1, sse4.2, popcnt, avx, avx2, aes, clmul, erms, lzcnt, tsc, tscinvbit, bmi1, bmi2

/proc/cpuinfo:
processor	: 0
vendor_id	: GenuineIntel
cpu family	: 6
model		: 70
model name	: Intel(R) Core(TM) i7-4870HQ CPU @ 2.50GHz
stepping	: 1
microcode	: 0x13
cpu MHz		: 2494.226
cache size	: 6144 KB
physical id	: 0
siblings	: 2
core id		: 0
cpu cores	: 2
apicid		: 0
initial apicid	: 0
fpu		: yes
fpu_exception	: yes
cpuid level	: 13
wp		: yes
flags		: fpu vme de pse tsc msr pae mce cx8 apic sep mtrr pge mca cmov pat pse36 clflush mmx fxsr sse sse2 ss ht syscall nx rdtscp lm constant_tsc nopl xtopology nonstop_tsc pni pclmulqdq ssse3 fma cx16 pcid sse4_1 sse4_2 x2apic movbe popcnt tsc_deadline_timer aes xsave avx f16c rdrand hypervisor lahf_lm abm fsgsbase tsc_adjust bmi1 avx2 smep bmi2 invpcid xsaveopt dtherm arat pln pts
bugs		:
bogomips	: 4988.45
clflush size	: 64
cache_alignment	: 64
address sizes	: 36 bits physical, 48 bits virtual
power management:

processor	: 1
vendor_id	: GenuineIntel
cpu family	: 6
model		: 70
model name	: Intel(R) Core(TM) i7-4870HQ CPU @ 2.50GHz
stepping	: 1
microcode	: 0x13
cpu MHz		: 2494.226
cache size	: 6144 KB
physical id	: 0
siblings	: 2
core id		: 1
cpu cores	: 2
apicid		: 1
initial apicid	: 1
fpu		: yes
fpu_exception	: yes
cpuid level	: 13
wp		: yes
flags		: fpu vme de pse tsc msr pae mce cx8 apic sep mtrr pge mca cmov pat pse36 clflush mmx fxsr sse sse2 ss ht syscall nx rdtscp lm constant_tsc nopl xtopology nonstop_tsc pni pclmulqdq ssse3 fma cx16 pcid sse4_1 sse4_2 x2apic movbe popcnt tsc_deadline_timer aes xsave avx f16c rdrand hypervisor lahf_lm abm fsgsbase tsc_adjust bmi1 avx2 smep bmi2 invpcid xsaveopt dtherm arat pln pts
bugs		:
bogomips	: 4988.45
clflush size	: 64
cache_alignment	: 64
address sizes	: 36 bits physical, 48 bits virtual
power management:



Memory: 4k page, physical 4039880k(107468k free), swap 2097148k(112k free)

vm_info: Java HotSpot(TM) 64-Bit Server VM (25.144-b01) for linux-amd64 JRE (1.8.0_144-b01), built on Jul 21 2017 21:57:33 by "java_re" with gcc 4.3.0 20080428 (Red Hat 4.3.0-8)

time: Tue Sep 19 13:18:02 2017
elapsed time: 3 seconds (0d 0h 0m 3s)

