#
# There is insufficient memory for the Java Runtime Environment to continue.
# Native memory allocation (mmap) failed to map 99614720 bytes for committing reserved memory.
# Possible reasons:
#   The system is out of physical RAM or swap space
#   In 32 bit mode, the process size limit was hit
# Possible solutions:
#   Reduce memory load on the system
#   Increase physical memory or swap space
#   Check if swap backing store is full
#   Use 64 bit Java on a 64 bit OS
#   Decrease Java heap size (-Xmx/-Xms)
#   Decrease number of Java threads
#   Decrease Java thread stack sizes (-Xss)
#   Set larger code cache with -XX:ReservedCodeCacheSize=
# This output file may be truncated or incomplete.
#
#  Out of Memory Error (os_linux.cpp:2640), pid=12754, tid=0x00007f43a9b4d700
#
# JRE version: Java(TM) SE Runtime Environment (8.0_144-b01) (build 1.8.0_144-b01)
# Java VM: Java HotSpot(TM) 64-Bit Server VM (25.144-b01 mixed mode linux-amd64 compressed oops)
# Failed to write core dump. Core dumps have been disabled. To enable core dumping, try "ulimit -c unlimited" before starting Java again
#

---------------  T H R E A D  ---------------

Current thread (0x00007f43bc0fc000):  VMThread [stack: 0x00007f43a9a4d000,0x00007f43a9b4e000] [id=12759]

Stack: [0x00007f43a9a4d000,0x00007f43a9b4e000],  sp=0x00007f43a9b4c300,  free space=1020k
Native frames: (J=compiled Java code, j=interpreted, Vv=VM code, C=native code)
V  [libjvm.so+0xacb18a]  VMError::report_and_die()+0x2ba
V  [libjvm.so+0x4ff4db]  report_vm_out_of_memory(char const*, int, unsigned long, VMErrorType, char const*)+0x8b
V  [libjvm.so+0x927d23]  os::Linux::commit_memory_impl(char*, unsigned long, bool)+0x103
V  [libjvm.so+0x928279]  os::pd_commit_memory(char*, unsigned long, unsigned long, bool)+0x29
V  [libjvm.so+0x92249a]  os::commit_memory(char*, unsigned long, unsigned long, bool)+0x2a
V  [libjvm.so+0x996ff3]  PSVirtualSpace::expand_by(unsigned long)+0x53
V  [libjvm.so+0x9983f8]  PSYoungGen::resize_generation(unsigned long, unsigned long)+0xf8
V  [libjvm.so+0x997552]  PSYoungGen::resize(unsigned long, unsigned long)+0x22
V  [libjvm.so+0x99482b]  PSScavenge::invoke_no_policy()+0xf3b
V  [libjvm.so+0x98fad5]  PSParallelCompact::invoke(bool)+0x85
V  [libjvm.so+0x485f14]  CollectedHeap::collect_as_vm_thread(GCCause::Cause)+0x114
V  [libjvm.so+0xacc601]  VM_CollectForMetadataAllocation::doit()+0x161
V  [libjvm.so+0xad4685]  VM_Operation::evaluate()+0x55
V  [libjvm.so+0xad2a5a]  VMThread::evaluate_operation(VM_Operation*)+0xba
V  [libjvm.so+0xad2dde]  VMThread::loop()+0x1ce
V  [libjvm.so+0xad3250]  VMThread::run()+0x70
V  [libjvm.so+0x92a338]  java_start(Thread*)+0x108

VM_Operation (0x00007f43c3a53d50): CollectForMetadataAllocation, mode: safepoint, requested by thread 0x00007f43bc00b000


---------------  P R O C E S S  ---------------

Java Threads: ( => current thread )
  0x00007f43bc845800 JavaThread "Service Thread" daemon [_thread_blocked, id=12765, stack(0x00007f43a844c000,0x00007f43a854d000)]
  0x00007f43bc841000 JavaThread "C1 CompilerThread1" daemon [_thread_blocked, id=12764, stack(0x00007f43a854d000,0x00007f43a864e000)]
  0x00007f43bc82b000 JavaThread "C2 CompilerThread0" daemon [_thread_in_native, id=12763, stack(0x00007f43a864e000,0x00007f43a874f000)]
  0x00007f43bc13b800 JavaThread "Signal Dispatcher" daemon [_thread_blocked, id=12762, stack(0x00007f43a946f000,0x00007f43a9570000)]
  0x00007f43bc108000 JavaThread "Finalizer" daemon [_thread_blocked, id=12761, stack(0x00007f43a984b000,0x00007f43a994c000)]
  0x00007f43bc103800 JavaThread "Reference Handler" daemon [_thread_blocked, id=12760, stack(0x00007f43a994c000,0x00007f43a9a4d000)]
  0x00007f43bc00b000 JavaThread "main" [_thread_blocked, id=12756, stack(0x00007f43c3959000,0x00007f43c3a5a000)]

Other Threads:
=>0x00007f43bc0fc000 VMThread [stack: 0x00007f43a9a4d000,0x00007f43a9b4e000] [id=12759]
  0x00007f43bc875000 WatcherThread [stack: 0x00007f43a834b000,0x00007f43a844c000] [id=12766]

VM state:at safepoint (normal execution)

VM Mutex/Monitor currently owned by a thread:  ([mutex/lock_event])
[0x00007f43bc0072e0] Threads_lock - owner thread: 0x00007f43bc0fc000
[0x00007f43bc0077e0] Heap_lock - owner thread: 0x00007f43bc00b000

Heap:
 PSYoungGen      total 163840K, used 3186K [0x00000000eb700000, 0x00000000f5b00000, 0x0000000100000000)
  eden space 159744K, 0% used [0x00000000eb700000,0x00000000eb700000,0x00000000f5300000)
  from space 4096K, 77% used [0x00000000f5300000,0x00000000f561cb90,0x00000000f5700000)
  to   space 4096K, 0% used [0x00000000f5700000,0x00000000f5700000,0x00000000f5b00000)
 ParOldGen       total 42496K, used 5417K [0x00000000c2400000, 0x00000000c4d80000, 0x00000000eb700000)
  object space 42496K, 12% used [0x00000000c2400000,0x00000000c294a6f8,0x00000000c4d80000)
 Metaspace       used 20850K, capacity 21040K, committed 21248K, reserved 1069056K
  class space    used 2206K, capacity 2266K, committed 2304K, reserved 1048576K

Card table byte_map: [0x00007f43c030b000,0x00007f43c04fa000] byte_map_base: 0x00007f43bfcf9000

Marking Bits: (ParMarkBitMap*) 0x00007f43c2e34dc0
 Begin Bits: [0x00007f43ab01f000, 0x00007f43abf8f000)
 End Bits:   [0x00007f43abf8f000, 0x00007f43aceff000)

Polling page: 0x00007f43c3a82000

CodeCache: size=245760Kb used=7248Kb max_used=7248Kb free=238511Kb
 bounds [0x00007f43ad000000, 0x00007f43ad720000, 0x00007f43bc000000]
 total_blobs=2844 nmethods=2434 adapters=323
 compilation: enabled

Compilation events (10 events):
Event: 4.015 Thread 0x00007f43bc841000 2474       2       java.util.Date::getTimeImpl (27 bytes)
Event: 4.015 Thread 0x00007f43bc841000 nmethod 2474 0x00007f43ad7129d0 code [0x00007f43ad712b40, 0x00007f43ad712ce8]
Event: 4.016 Thread 0x00007f43bc841000 2475       2       org.junit.runner.Description::createTestDescription (37 bytes)
Event: 4.017 Thread 0x00007f43bc841000 nmethod 2475 0x00007f43ad712dd0 code [0x00007f43ad712fc0, 0x00007f43ad713678]
Event: 4.018 Thread 0x00007f43bc841000 2476       2       java.net.URI::match (56 bytes)
Event: 4.018 Thread 0x00007f43bc841000 nmethod 2476 0x00007f43ad713c90 code [0x00007f43ad713e00, 0x00007f43ad713ff0]
Event: 4.018 Thread 0x00007f43bc841000 2477       2       java.net.URI$Parser::charAt (9 bytes)
Event: 4.018 Thread 0x00007f43bc841000 nmethod 2477 0x00007f43ad714090 code [0x00007f43ad714200, 0x00007f43ad714448]
Event: 4.018 Thread 0x00007f43bc841000 2478       2       java.net.URI::access$300 (7 bytes)
Event: 4.018 Thread 0x00007f43bc841000 nmethod 2478 0x00007f43ad7145d0 code [0x00007f43ad714740, 0x00007f43ad714888]

GC Heap History (10 events):
Event: 2.255 GC heap after
Heap after GC invocations=8 (full 0):
 PSYoungGen      total 66048K, used 2866K [0x00000000eb700000, 0x00000000efb00000, 0x0000000100000000)
  eden space 62464K, 0% used [0x00000000eb700000,0x00000000eb700000,0x00000000ef400000)
  from space 3584K, 79% used [0x00000000ef780000,0x00000000efa4c9c8,0x00000000efb00000)
  to   space 3584K, 0% used [0x00000000ef400000,0x00000000ef400000,0x00000000ef780000)
 ParOldGen       total 42496K, used 2206K [0x00000000c2400000, 0x00000000c4d80000, 0x00000000eb700000)
  object space 42496K, 5% used [0x00000000c2400000,0x00000000c2627850,0x00000000c4d80000)
 Metaspace       used 13877K, capacity 14140K, committed 14336K, reserved 1062912K
  class space    used 1390K, capacity 1484K, committed 1536K, reserved 1048576K
}
Event: 2.655 GC heap before
{Heap before GC invocations=9 (full 0):
 PSYoungGen      total 66048K, used 65330K [0x00000000eb700000, 0x00000000efb00000, 0x0000000100000000)
  eden space 62464K, 100% used [0x00000000eb700000,0x00000000ef400000,0x00000000ef400000)
  from space 3584K, 79% used [0x00000000ef780000,0x00000000efa4c9c8,0x00000000efb00000)
  to   space 3584K, 0% used [0x00000000ef400000,0x00000000ef400000,0x00000000ef780000)
 ParOldGen       total 42496K, used 2206K [0x00000000c2400000, 0x00000000c4d80000, 0x00000000eb700000)
  object space 42496K, 5% used [0x00000000c2400000,0x00000000c2627850,0x00000000c4d80000)
 Metaspace       used 15815K, capacity 16116K, committed 16384K, reserved 1064960K
  class space    used 1618K, capacity 1712K, committed 1792K, reserved 1048576K
Event: 2.660 GC heap after
Heap after GC invocations=9 (full 0):
 PSYoungGen      total 66048K, used 3345K [0x00000000eb700000, 0x00000000f2000000, 0x0000000100000000)
  eden space 62464K, 0% used [0x00000000eb700000,0x00000000eb700000,0x00000000ef400000)
  from space 3584K, 93% used [0x00000000ef400000,0x00000000ef744510,0x00000000ef780000)
  to   space 3584K, 0% used [0x00000000f1c80000,0x00000000f1c80000,0x00000000f2000000)
 ParOldGen       total 42496K, used 2966K [0x00000000c2400000, 0x00000000c4d80000, 0x00000000eb700000)
  object space 42496K, 6% used [0x00000000c2400000,0x00000000c26e5890,0x00000000c4d80000)
 Metaspace       used 15815K, capacity 16116K, committed 16384K, reserved 1064960K
  class space    used 1618K, capacity 1712K, committed 1792K, reserved 1048576K
}
Event: 2.676 GC heap before
{Heap before GC invocations=10 (full 0):
 PSYoungGen      total 66048K, used 65713K [0x00000000eb700000, 0x00000000f2000000, 0x0000000100000000)
  eden space 62464K, 99% used [0x00000000eb700000,0x00000000ef3e8258,0x00000000ef400000)
  from space 3584K, 93% used [0x00000000ef400000,0x00000000ef744510,0x00000000ef780000)
  to   space 3584K, 0% used [0x00000000f1c80000,0x00000000f1c80000,0x00000000f2000000)
 ParOldGen       total 42496K, used 2966K [0x00000000c2400000, 0x00000000c4d80000, 0x00000000eb700000)
  object space 42496K, 6% used [0x00000000c2400000,0x00000000c26e5890,0x00000000c4d80000)
 Metaspace       used 15817K, capacity 16116K, committed 16384K, reserved 1064960K
  class space    used 1618K, capacity 1712K, committed 1792K, reserved 1048576K
Event: 2.689 GC heap after
Heap after GC invocations=10 (full 0):
 PSYoungGen      total 103424K, used 872K [0x00000000eb700000, 0x00000000f2100000, 0x0000000100000000)
  eden space 99840K, 0% used [0x00000000eb700000,0x00000000eb700000,0x00000000f1880000)
  from space 3584K, 24% used [0x00000000f1c80000,0x00000000f1d5a340,0x00000000f2000000)
  to   space 4096K, 0% used [0x00000000f1880000,0x00000000f1880000,0x00000000f1c80000)
 ParOldGen       total 42496K, used 4338K [0x00000000c2400000, 0x00000000c4d80000, 0x00000000eb700000)
  object space 42496K, 10% used [0x00000000c2400000,0x00000000c283ca10,0x00000000c4d80000)
 Metaspace       used 15817K, capacity 16116K, committed 16384K, reserved 1064960K
  class space    used 1618K, capacity 1712K, committed 1792K, reserved 1048576K
}
Event: 2.759 GC heap before
{Heap before GC invocations=11 (full 0):
 PSYoungGen      total 103424K, used 100586K [0x00000000eb700000, 0x00000000f2100000, 0x0000000100000000)
  eden space 99840K, 99% used [0x00000000eb700000,0x00000000f18606d8,0x00000000f1880000)
  from space 3584K, 24% used [0x00000000f1c80000,0x00000000f1d5a340,0x00000000f2000000)
  to   space 4096K, 0% used [0x00000000f1880000,0x00000000f1880000,0x00000000f1c80000)
 ParOldGen       total 42496K, used 4338K [0x00000000c2400000, 0x00000000c4d80000, 0x00000000eb700000)
  object space 42496K, 10% used [0x00000000c2400000,0x00000000c283ca10,0x00000000c4d80000)
 Metaspace       used 15817K, capacity 16116K, committed 16384K, reserved 1064960K
  class space    used 1618K, capacity 1712K, committed 1792K, reserved 1048576K
Event: 2.777 GC heap after
Heap after GC invocations=11 (full 0):
 PSYoungGen      total 103936K, used 153K [0x00000000eb700000, 0x00000000f5b00000, 0x0000000100000000)
  eden space 99840K, 0% used [0x00000000eb700000,0x00000000eb700000,0x00000000f1880000)
  from space 4096K, 3% used [0x00000000f1880000,0x00000000f18a64e8,0x00000000f1c80000)
  to   space 4096K, 0% used [0x00000000f5700000,0x00000000f5700000,0x00000000f5b00000)
 ParOldGen       total 42496K, used 5088K [0x00000000c2400000, 0x00000000c4d80000, 0x00000000eb700000)
  object space 42496K, 11% used [0x00000000c2400000,0x00000000c28f8310,0x00000000c4d80000)
 Metaspace       used 15817K, capacity 16116K, committed 16384K, reserved 1064960K
  class space    used 1618K, capacity 1712K, committed 1792K, reserved 1048576K
}
Event: 3.015 GC heap before
{Heap before GC invocations=12 (full 0):
 PSYoungGen      total 103936K, used 99993K [0x00000000eb700000, 0x00000000f5b00000, 0x0000000100000000)
  eden space 99840K, 100% used [0x00000000eb700000,0x00000000f1880000,0x00000000f1880000)
  from space 4096K, 3% used [0x00000000f1880000,0x00000000f18a64e8,0x00000000f1c80000)
  to   space 4096K, 0% used [0x00000000f5700000,0x00000000f5700000,0x00000000f5b00000)
 ParOldGen       total 42496K, used 5088K [0x00000000c2400000, 0x00000000c4d80000, 0x00000000eb700000)
  object space 42496K, 11% used [0x00000000c2400000,0x00000000c28f8310,0x00000000c4d80000)
 Metaspace       used 16278K, capacity 16532K, committed 16896K, reserved 1064960K
  class space    used 1657K, capacity 1744K, committed 1792K, reserved 1048576K
Event: 3.016 GC heap after
Heap after GC invocations=12 (full 0):
 PSYoungGen      total 163840K, used 562K [0x00000000eb700000, 0x00000000f5b00000, 0x0000000100000000)
  eden space 159744K, 0% used [0x00000000eb700000,0x00000000eb700000,0x00000000f5300000)
  from space 4096K, 13% used [0x00000000f5700000,0x00000000f578c9d0,0x00000000f5b00000)
  to   space 4096K, 0% used [0x00000000f5300000,0x00000000f5300000,0x00000000f5700000)
 ParOldGen       total 42496K, used 5096K [0x00000000c2400000, 0x00000000c4d80000, 0x00000000eb700000)
  object space 42496K, 11% used [0x00000000c2400000,0x00000000c28fa310,0x00000000c4d80000)
 Metaspace       used 16278K, capacity 16532K, committed 16896K, reserved 1064960K
  class space    used 1657K, capacity 1744K, committed 1792K, reserved 1048576K
}
Event: 4.067 GC heap before
{Heap before GC invocations=13 (full 0):
 PSYoungGen      total 163840K, used 70403K [0x00000000eb700000, 0x00000000f5b00000, 0x0000000100000000)
  eden space 159744K, 43% used [0x00000000eb700000,0x00000000efb34540,0x00000000f5300000)
  from space 4096K, 13% used [0x00000000f5700000,0x00000000f578c9d0,0x00000000f5b00000)
  to   space 4096K, 0% used [0x00000000f5300000,0x00000000f5300000,0x00000000f5700000)
 ParOldGen       total 42496K, used 5096K [0x00000000c2400000, 0x00000000c4d80000, 0x00000000eb700000)
  object space 42496K, 11% used [0x00000000c2400000,0x00000000c28fa310,0x00000000c4d80000)
 Metaspace       used 20850K, capacity 21040K, committed 21248K, reserved 1069056K
  class space    used 2206K, capacity 2266K, committed 2304K, reserved 1048576K

Deoptimization events (10 events):
Event: 1.128 Thread 0x00007f43bc00b000 Uncommon trap: reason=unstable_if action=reinterpret pc=0x00007f43ad237f18 method=org.jacoco.agent.rt.internal_b0d6a23.asm.Item.isEqualTo(Lorg/jacoco/agent/rt/internal_b0d6a23/asm/Item;)Z @ 345
Event: 1.243 Thread 0x00007f43bc00b000 Uncommon trap: reason=unstable_if action=reinterpret pc=0x00007f43ad3afa04 method=java.util.ArrayList.remove(I)Ljava/lang/Object; @ 31
Event: 1.546 Thread 0x00007f43bc00b000 Uncommon trap: reason=unstable_if action=reinterpret pc=0x00007f43ad3a0608 method=sun.misc.MetaIndex.mayContain(Ljava/lang/String;)Z @ 13
Event: 1.592 Thread 0x00007f43bc00b000 Uncommon trap: reason=null_check action=make_not_entrant pc=0x00007f43ad112444 method=java.lang.String.equals(Ljava/lang/Object;)Z @ 8
Event: 1.864 Thread 0x00007f43bc00b000 Uncommon trap: reason=unstable_if action=reinterpret pc=0x00007f43ad4fc978 method=java.lang.AbstractStringBuilder.append(Ljava/lang/String;)Ljava/lang/AbstractStringBuilder; @ 1
Event: 2.071 Thread 0x00007f43bc00b000 Uncommon trap: reason=bimorphic action=maybe_recompile pc=0x00007f43ad4f9294 method=java.util.regex.Pattern$CharProperty.match(Ljava/util/regex/Matcher;ILjava/lang/CharSequence;)Z @ 37
Event: 2.071 Thread 0x00007f43bc00b000 Uncommon trap: reason=bimorphic action=maybe_recompile pc=0x00007f43ad4f9294 method=java.util.regex.Pattern$CharProperty.match(Ljava/util/regex/Matcher;ILjava/lang/CharSequence;)Z @ 37
Event: 2.072 Thread 0x00007f43bc00b000 Uncommon trap: reason=bimorphic action=maybe_recompile pc=0x00007f43ad4f9294 method=java.util.regex.Pattern$CharProperty.match(Ljava/util/regex/Matcher;ILjava/lang/CharSequence;)Z @ 37
Event: 2.072 Thread 0x00007f43bc00b000 Uncommon trap: reason=bimorphic action=maybe_recompile pc=0x00007f43ad4f9294 method=java.util.regex.Pattern$CharProperty.match(Ljava/util/regex/Matcher;ILjava/lang/CharSequence;)Z @ 37
Event: 2.310 Thread 0x00007f43bc00b000 Uncommon trap: reason=unstable_if action=reinterpret pc=0x00007f43ad5130ec method=org.jacoco.agent.rt.internal_b0d6a23.asm.Type.getArgumentsAndReturnSizes(Ljava/lang/String;)I @ 47

Internal exceptions (10 events):
Event: 3.808 Thread 0x00007f43bc00b000 Exception <a 'sun/nio/fs/UnixException'> (0x00000000edb5cee8) thrown at [/HUDSON3/workspace/8-2-build-linux-amd64/jdk8u144/9417/hotspot/src/share/vm/prims/jni.cpp, line 709]
Event: 3.811 Thread 0x00007f43bc00b000 Exception <a 'sun/nio/fs/UnixException'> (0x00000000edb7ccd8) thrown at [/HUDSON3/workspace/8-2-build-linux-amd64/jdk8u144/9417/hotspot/src/share/vm/prims/jni.cpp, line 709]
Event: 3.812 Thread 0x00007f43bc00b000 Exception <a 'sun/nio/fs/UnixException'> (0x00000000edb7dcc8) thrown at [/HUDSON3/workspace/8-2-build-linux-amd64/jdk8u144/9417/hotspot/src/share/vm/prims/jni.cpp, line 709]
Event: 3.812 Thread 0x00007f43bc00b000 Exception <a 'sun/nio/fs/UnixException'> (0x00000000edb7ec68) thrown at [/HUDSON3/workspace/8-2-build-linux-amd64/jdk8u144/9417/hotspot/src/share/vm/prims/jni.cpp, line 709]
Event: 3.813 Thread 0x00007f43bc00b000 Exception <a 'sun/nio/fs/UnixException'> (0x00000000edb835d8) thrown at [/HUDSON3/workspace/8-2-build-linux-amd64/jdk8u144/9417/hotspot/src/share/vm/prims/jni.cpp, line 709]
Event: 3.817 Thread 0x00007f43bc00b000 Exception <a 'sun/nio/fs/UnixException'> (0x00000000edbafa90) thrown at [/HUDSON3/workspace/8-2-build-linux-amd64/jdk8u144/9417/hotspot/src/share/vm/prims/jni.cpp, line 709]
Event: 3.818 Thread 0x00007f43bc00b000 Exception <a 'sun/nio/fs/UnixException'> (0x00000000edbb5bc8) thrown at [/HUDSON3/workspace/8-2-build-linux-amd64/jdk8u144/9417/hotspot/src/share/vm/prims/jni.cpp, line 709]
Event: 3.818 Thread 0x00007f43bc00b000 Exception <a 'sun/nio/fs/UnixException'> (0x00000000edbb7190) thrown at [/HUDSON3/workspace/8-2-build-linux-amd64/jdk8u144/9417/hotspot/src/share/vm/prims/jni.cpp, line 709]
Event: 4.020 Thread 0x00007f43bc00b000 Exception <a 'java/security/PrivilegedActionException'> (0x00000000ef959bf0) thrown at [/HUDSON3/workspace/8-2-build-linux-amd64/jdk8u144/9417/hotspot/src/share/vm/prims/jvm.cpp, line 1390]
Event: 4.020 Thread 0x00007f43bc00b000 Exception <a 'java/security/PrivilegedActionException'> (0x00000000ef959fe8) thrown at [/HUDSON3/workspace/8-2-build-linux-amd64/jdk8u144/9417/hotspot/src/share/vm/prims/jvm.cpp, line 1390]

Events (10 events):
Event: 4.065 loading class com/sun/org/apache/xerces/internal/impl/dv/xs/MonthDV
Event: 4.065 loading class com/sun/org/apache/xerces/internal/impl/dv/xs/MonthDV done
Event: 4.065 loading class com/sun/org/apache/xerces/internal/impl/dv/xs/HexBinaryDV
Event: 4.065 loading class com/sun/org/apache/xerces/internal/impl/dv/xs/HexBinaryDV done
Event: 4.065 loading class com/sun/org/apache/xerces/internal/impl/dv/xs/Base64BinaryDV
Event: 4.065 loading class com/sun/org/apache/xerces/internal/impl/dv/xs/Base64BinaryDV done
Event: 4.065 loading class com/sun/org/apache/xerces/internal/impl/dv/xs/AnyURIDV
Event: 4.065 loading class com/sun/org/apache/xerces/internal/impl/dv/xs/AnyURIDV done
Event: 4.066 loading class com/sun/org/apache/xerces/internal/util/URI
Event: 4.067 Executing VM operation: CollectForMetadataAllocation


Dynamic libraries:
00400000-00401000 r-xp 00000000 08:01 2106691                            /usr/lib/jvm/java-8-oracle/jre/bin/java
00600000-00601000 rw-p 00000000 08:01 2106691                            /usr/lib/jvm/java-8-oracle/jre/bin/java
00d8e000-00daf000 rw-p 00000000 00:00 0                                  [heap]
c2400000-c4d80000 rw-p 00000000 00:00 0 
c4d80000-eb700000 ---p 00000000 00:00 0 
eb700000-f5b00000 rw-p 00000000 00:00 0 
fba00000-100000000 ---p 00000000 00:00 0 
100000000-100240000 rw-p 00000000 00:00 0 
100240000-140000000 ---p 00000000 00:00 0 
7f4378000000-7f4378021000 rw-p 00000000 00:00 0 
7f4378021000-7f437c000000 ---p 00000000 00:00 0 
7f4380000000-7f4380ee1000 rw-p 00000000 00:00 0 
7f4380ee1000-7f4384000000 ---p 00000000 00:00 0 
7f4384000000-7f4384021000 rw-p 00000000 00:00 0 
7f4384021000-7f4388000000 ---p 00000000 00:00 0 
7f4388000000-7f4389e35000 rw-p 00000000 00:00 0 
7f4389e35000-7f438c000000 ---p 00000000 00:00 0 
7f438c000000-7f438c021000 rw-p 00000000 00:00 0 
7f438c021000-7f4390000000 ---p 00000000 00:00 0 
7f43903c8000-7f4390448000 rw-p 00000000 00:00 0 
7f4390448000-7f43905c8000 ---p 00000000 00:00 0 
7f43905c8000-7f43907c8000 rw-p 00000000 00:00 0 
7f43907c8000-7f43909c8000 rw-p 00000000 00:00 0 
7f43909c8000-7f4390bc8000 rw-p 00000000 00:00 0 
7f4390bc8000-7f4390dc8000 rw-p 00000000 00:00 0 
7f4390dff000-7f4390fff000 rw-p 00000000 00:00 0 
7f4390fff000-7f4394000000 rw-p 00000000 00:00 0 
7f4394000000-7f4394021000 rw-p 00000000 00:00 0 
7f4394021000-7f4398000000 ---p 00000000 00:00 0 
7f4398000000-7f4398021000 rw-p 00000000 00:00 0 
7f4398021000-7f439c000000 ---p 00000000 00:00 0 
7f439c000000-7f439c021000 rw-p 00000000 00:00 0 
7f439c021000-7f43a0000000 ---p 00000000 00:00 0 
7f43a0000000-7f43a0296000 rw-p 00000000 00:00 0 
7f43a0296000-7f43a4000000 ---p 00000000 00:00 0 
7f43a4000000-7f43a4024000 rw-p 00000000 00:00 0 
7f43a4024000-7f43a8000000 ---p 00000000 00:00 0 
7f43a80d3000-7f43a80ef000 r--s 00393000 08:01 2106535                    /usr/lib/jvm/java-8-oracle/jre/lib/ext/cldrdata.jar
7f43a80ef000-7f43a80f9000 r--s 00116000 08:01 2106532                    /usr/lib/jvm/java-8-oracle/jre/lib/ext/localedata.jar
7f43a80f9000-7f43a810c000 r--s 00345000 08:01 1976712                    /usr/lib/jvm/java-8-oracle/jre/lib/resources.jar
7f43a810c000-7f43a810e000 r--s 00007000 08:01 791719                     /home/madunlap/.m2/repository/org/apache/maven/surefire/surefire-junit4/2.10/surefire-junit4-2.10.jar
7f43a810e000-7f43a8110000 r--s 0000b000 08:01 921145                     /home/madunlap/.m2/repository/org/json/json/20160212/json-20160212.jar
7f43a8110000-7f43a8112000 r--s 00009000 08:01 921147                     /home/madunlap/.m2/repository/com/mashape/unirest/unirest-java/1.4.9/unirest-java-1.4.9.jar
7f43a8112000-7f43a8114000 r--s 0000e000 08:01 921141                     /home/madunlap/.m2/repository/org/jvnet/mimepull/mimepull/1.9.6/mimepull-1.9.6.jar
7f43a8114000-7f43a8117000 r--s 0000e000 08:01 921143                     /home/madunlap/.m2/repository/org/glassfish/jersey/media/jersey-media-multipart/2.23.2/jersey-media-multipart-2.23.2.jar
7f43a8117000-7f43a811b000 r--s 00019000 08:01 921137                     /home/madunlap/.m2/repository/javax/ws/rs/javax.ws.rs-api/2.0.1/javax.ws.rs-api-2.0.1.jar
7f43a811b000-7f43a811d000 r--s 00010000 08:01 921134                     /home/madunlap/.m2/repository/org/glassfish/jersey/media/jersey-media-jaxb/2.23.2/jersey-media-jaxb-2.23.2.jar
7f43a811d000-7f43a8122000 r--s 00025000 08:01 921138                     /home/madunlap/.m2/repository/org/glassfish/jersey/core/jersey-client/2.23.2/jersey-client-2.23.2.jar
7f43a8122000-7f43a8138000 r--s 000d3000 08:01 921133                     /home/madunlap/.m2/repository/org/glassfish/jersey/core/jersey-server/2.23.2/jersey-server-2.23.2.jar
7f43a8138000-7f43a8139000 r--s 00004000 08:01 921129                     /home/madunlap/.m2/repository/org/glassfish/hk2/osgi-resource-locator/1.0.1/osgi-resource-locator-1.0.1.jar
7f43a8139000-7f43a8143000 r--s 000ae000 08:01 921127                     /home/madunlap/.m2/repository/org/javassist/javassist/3.20.0-GA/javassist-3.20.0-GA.jar
7f43a8143000-7f43a8146000 r--s 0002a000 08:01 921123                     /home/madunlap/.m2/repository/org/glassfish/hk2/hk2-locator/2.5.0-b05/hk2-locator-2.5.0-b05.jar
7f43a8146000-7f43a8148000 r--s 00002000 08:01 921128                     /home/madunlap/.m2/repository/org/glassfish/hk2/external/aopalliance-repackaged/2.5.0-b05/aopalliance-repackaged-2.5.0-b05.jar
7f43a8148000-7f43a814c000 r--s 0001a000 08:01 921125                     /home/madunlap/.m2/repository/org/glassfish/hk2/hk2-utils/2.5.0-b05/hk2-utils-2.5.0-b05.jar
7f43a814c000-7f43a8151000 r--s 00027000 08:01 921118                     /home/madunlap/.m2/repository/org/glassfish/hk2/hk2-api/2.5.0-b05/hk2-api-2.5.0-b05.jar
7f43a8151000-7f43a8169000 r--s 000d6000 08:01 921120                     /home/madunlap/.m2/repository/org/glassfish/jersey/bundles/repackaged/jersey-guava/2.23.2/jersey-guava-2.23.2.jar
7f43a8169000-7f43a816b000 r--s 00005000 08:01 921116                     /home/madunlap/.m2/repository/javax/annotation/javax.annotation-api/1.2/javax.annotation-api-1.2.jar
7f43a816b000-7f43a817a000 r--s 000a0000 08:01 921111                     /home/madunlap/.m2/repository/org/glassfish/jersey/core/jersey-common/2.23.2/jersey-common-2.23.2.jar
7f43a817a000-7f43a817b000 r--s 00001000 08:01 921113                     /home/madunlap/.m2/repository/org/glassfish/hk2/external/javax.inject/2.5.0-b05/javax.inject-2.5.0-b05.jar
7f43a817b000-7f43a817e000 r--s 0000e000 08:01 921110                     /home/madunlap/.m2/repository/org/glassfish/jersey/containers/jersey-container-servlet-core/2.23.2/jersey-container-servlet-core-2.23.2.jar
7f43a817e000-7f43a8180000 r--s 00003000 08:01 921107                     /home/madunlap/.m2/repository/org/glassfish/jersey/containers/jersey-container-servlet/2.23.2/jersey-container-servlet-2.23.2.jar
7f43a8180000-7f43a8182000 r--s 00008000 08:01 921112                     /home/madunlap/.m2/repository/com/google/auto/auto-common/0.3/auto-common-0.3.jar
7f43a8182000-7f43a8183000 r--s 00002000 08:01 921105                     /home/madunlap/.m2/repository/com/google/auto/service/auto-service/1.0-rc2/auto-service-1.0-rc2.jar
7f43a8183000-7f43a8185000 r--s 0000c000 08:01 921153                     /home/madunlap/.m2/repository/com/lyncode/xoai-service-provider/4.1.0-header-patch/xoai-service-provider-4.1.0-header-patch.jar
7f43a8185000-7f43a8186000 r--s 00001000 08:01 921104                     /home/madunlap/.m2/repository/com/lyncode/builder-commons/1.0.2/builder-commons-1.0.2.jar
7f43a8186000-7f43a8189000 r--s 00012000 08:01 921152                     /home/madunlap/.m2/repository/com/lyncode/xoai-data-provider/4.1.0-header-patch/xoai-data-provider-4.1.0-header-patch.jar
7f43a8189000-7f43a818b000 r--s 00005000 08:01 791390                     /home/madunlap/.m2/repository/stax/stax-api/1.0.1/stax-api-1.0.1.jar
7f43a818b000-7f43a8191000 r--s 00048000 08:01 921101                     /home/madunlap/.m2/repository/org/apache/commons/commons-lang3/3.1/commons-lang3-3.1.jar
7f43a8191000-7f43a8193000 r--s 00004000 08:01 921097                     /home/madunlap/.m2/repository/javax/xml/stream/stax-api/1.0-2/stax-api-1.0-2.jar
7f43a8193000-7f43a8197000 r--s 00029000 08:01 921098                     /home/madunlap/.m2/repository/org/codehaus/woodstox/stax2-api/3.0.4/stax2-api-3.0.4.jar
7f43a8197000-7f43a819d000 r--s 00045000 08:01 921095                     /home/madunlap/.m2/repository/org/hamcrest/hamcrest-all/1.3/hamcrest-all-1.3.jar
7f43a819d000-7f43a81a2000 r--s 00016000 08:01 791388                     /home/madunlap/.m2/repository/xml-apis/xml-apis/1.0.b2/xml-apis-1.0.b2.jar
7f43a81a2000-7f43a81a3000 r--s 00003000 08:01 921092                     /home/madunlap/.m2/repository/com/lyncode/test-support/1.0.4/test-support-1.0.4.jar
7f43a81a3000-7f43a81a5000 r--s 00004000 08:01 921090                     /home/madunlap/.m2/repository/com/lyncode/xml-io/1.0.3/xml-io-1.0.3.jar
7f43a81a5000-7f43a81a7000 r--s 0000d000 08:01 921151                     /home/madunlap/.m2/repository/com/lyncode/xoai-common/4.1.0-header-patch/xoai-common-4.1.0-header-patch.jar
7f43a81a7000-7f43a81aa000 r--s 00011000 08:01 921088                     /home/madunlap/.m2/repository/com/github/scribejava/scribejava-core/3.1.0/scribejava-core-3.1.0.jar
7f43a81aa000-7f43a81ad000 r--s 00010000 08:01 921084                     /home/madunlap/.m2/repository/com/github/scribejava/scribejava-apis/3.1.0/scribejava-apis-3.1.0.jar
7f43a81ad000-7f43a81b6000 r--s 0006f000 08:01 921083                     /home/madunlap/.m2/repository/log4j/log4j/1.2.17/log4j-1.2.17.jar
7f43a81b6000-7f43a828d000 r--s 007aa000 08:01 921093                     /home/madunlap/.m2/repository/net/sf/ehcache/ehcache/2.10.1/ehcache-2.10.1.jar
7f43a828d000-7f43a828f000 r--s 00008000 08:01 921082                     /home/madunlap/.m2/repository/org/apache/commons/commons-csv/1.2/commons-csv-1.2.jar
7f43a828f000-7f43a8293000 r--s 00035000 08:01 921081                     /home/madunlap/.m2/repository/com/fasterxml/jackson/core/jackson-core/2.5.3/jackson-core-2.5.3.jar
7f43a8293000-7f43a8295000 r--s 00008000 08:01 921075                     /home/madunlap/.m2/repository/com/fasterxml/jackson/core/jackson-annotations/2.5.0/jackson-annotations-2.5.0.jar
7f43a8295000-7f43a82a7000 r--s 00106000 08:01 921073                     /home/madunlap/.m2/repository/com/fasterxml/jackson/core/jackson-databind/2.5.3/jackson-databind-2.5.3.jar
7f43a82a7000-7f43a82aa000 r--s 00006000 08:01 921070                     /home/madunlap/.m2/repository/com/google/code/findbugs/jsr305/1.3.9/jsr305-1.3.9.jar
7f43a82aa000-7f43a82b0000 r--s 00040000 08:01 921074                     /home/madunlap/.m2/repository/com/google/http-client/google-http-client/1.20.0/google-http-client-1.20.0.jar
7f43a82b0000-7f43a82b1000 r--s 00004000 08:01 921066                     /home/madunlap/.m2/repository/com/maxmind/db/maxmind-db/1.0.0/maxmind-db-1.0.0.jar
7f43a82b1000-7f43a82b3000 r--s 00007000 08:01 921064                     /home/madunlap/.m2/repository/com/maxmind/geoip2/geoip2/2.3.1/geoip2-2.3.1.jar
7f43a82b3000-7f43a82b5000 r--s 00003000 08:01 921062                     /home/madunlap/.m2/repository/org/slf4j/jcl-over-slf4j/1.7.2/jcl-over-slf4j-1.7.2.jar
7f43a82b5000-7f43a82b9000 r--s 00034000 08:01 921067                     /home/madunlap/.m2/repository/org/codehaus/jackson/jackson-core-asl/1.9.7/jackson-core-asl-1.9.7.jar
7f43a82b9000-7f43a82c8000 r--s 000b0000 08:01 921065                     /home/madunlap/.m2/repository/org/codehaus/jackson/jackson-mapper-asl/1.9.7/jackson-mapper-asl-1.9.7.jar
7f43a82c8000-7f43a82d2000 r--s 0003d000 08:01 921060                     /home/madunlap/.m2/repository/org/javaswift/joss/0.9.10/joss-0.9.10.jar
7f43a82d2000-7f43a82d9000 r--s 0003a000 08:01 921056                     /home/madunlap/.m2/repository/commons-codec/commons-codec/1.9/commons-codec-1.9.jar
7f43a82d9000-7f43a82e0000 r--s 00048000 08:01 921054                     /home/madunlap/.m2/repository/org/apache/httpcomponents/httpcore/4.4.1/httpcore-4.4.1.jar
7f43a82e0000-7f43a82ed000 r--s 000a4000 08:01 921052                     /home/madunlap/.m2/repository/org/apache/httpcomponents/httpclient/4.4.1/httpclient-4.4.1.jar
7f43a82ed000-7f43a82f1000 r--s 00028000 08:01 921050                     /home/madunlap/.m2/repository/org/apache/httpcomponents/httpasyncclient/4.1/httpasyncclient-4.1.jar
7f43a82f1000-7f43a82f8000 r--s 00050000 08:01 921049                     /home/madunlap/.m2/repository/org/apache/httpcomponents/httpcore-nio/4.4.1/httpcore-nio-4.4.1.jar
7f43a82f8000-7f43a82fe000 r--s 00033000 08:01 921046                     /home/madunlap/.m2/repository/io/searchbox/jest-common/0.1.7/jest-common-0.1.7.jar
7f43a82fe000-7f43a82ff000 r--s 00004000 08:01 921045                     /home/madunlap/.m2/repository/io/searchbox/jest/0.1.7/jest-0.1.7.jar
7f43a82ff000-7f43a8302000 r--s 0000f000 08:01 921042                     /home/madunlap/.m2/repository/commons-discovery/commons-discovery/0.2/commons-discovery-0.2.jar
7f43a8302000-7f43a8305000 r--s 0001c000 08:01 921043                     /home/madunlap/.m2/repository/axis/axis-wsdl4j/1.5.1/axis-wsdl4j-1.5.1.jar
7f43a8305000-7f43a8306000 r--s 00004000 08:01 921039                     /home/madunlap/.m2/repository/org/apache/axis/axis-saaj/1.4/axis-saaj-1.4.jar
7f43a8306000-7f43a8308000 r--s 00006000 08:01 921036                     /home/madunlap/.m2/repository/org/apache/axis/axis-jaxrpc/1.4/axis-jaxrpc-1.4.jar
7f43a8308000-7f43a831c000 r--s 00173000 08:01 921038                     /home/madunlap/.m2/repository/axis/axis/1.4/axis-1.4.jar
7f43a831c000-7f43a831e000 r--s 00009000 08:01 921034                     /home/madunlap/.m2/repository/org/objenesis/objenesis/2.1/objenesis-2.1.jar
7f43a831e000-7f43a833a000 r--s 00103000 08:01 921030                     /home/madunlap/.m2/repository/org/mockito/mockito-core/1.10.19/mockito-core-1.10.19.jar
7f43a833a000-7f43a833c000 r--s 00001000 08:01 921031                     /home/madunlap/.m2/repository/org/slf4j/slf4j-log4j12/1.7.7/slf4j-log4j12-1.7.7.jar
7f43a833c000-7f43a833e000 r--s 00006000 08:01 791385                     /home/madunlap/.m2/repository/org/slf4j/slf4j-api/1.7.7/slf4j-api-1.7.7.jar
7f43a833e000-7f43a8342000 r--s 0001f000 08:01 921028                     /home/madunlap/.m2/repository/org/jacoco/org.jacoco.report/0.7.5.201505241946/org.jacoco.report-0.7.5.201505241946.jar
7f43a8342000-7f43a8347000 r--s 00058000 08:01 921027                     /home/madunlap/.m2/repository/org/ow2/asm/asm-debug-all/5.0.1/asm-debug-all-5.0.1.jar
7f43a8347000-7f43a834b000 r--s 0001d000 08:01 791383                     /home/madunlap/.m2/repository/org/jacoco/org.jacoco.core/0.7.5.201505241946/org.jacoco.core-0.7.5.201505241946.jar
7f43a834b000-7f43a834c000 ---p 00000000 00:00 0 
7f43a834c000-7f43a844c000 rw-p 00000000 00:00 0 
7f43a844c000-7f43a844f000 ---p 00000000 00:00 0 
7f43a844f000-7f43a854d000 rw-p 00000000 00:00 0 
7f43a854d000-7f43a8550000 ---p 00000000 00:00 0 
7f43a8550000-7f43a864e000 rw-p 00000000 00:00 0 
7f43a864e000-7f43a8651000 ---p 00000000 00:00 0 
7f43a8651000-7f43a874f000 rw-p 00000000 00:00 0 
7f43a874f000-7f43a8760000 r-xp 00000000 08:01 2106483                    /usr/lib/jvm/java-8-oracle/jre/lib/amd64/libnio.so
7f43a8760000-7f43a895f000 ---p 00011000 08:01 2106483                    /usr/lib/jvm/java-8-oracle/jre/lib/amd64/libnio.so
7f43a895f000-7f43a8960000 rw-p 00010000 08:01 2106483                    /usr/lib/jvm/java-8-oracle/jre/lib/amd64/libnio.so
7f43a8960000-7f43a8976000 r-xp 00000000 08:01 2106458                    /usr/lib/jvm/java-8-oracle/jre/lib/amd64/libnet.so
7f43a8976000-7f43a8b76000 ---p 00016000 08:01 2106458                    /usr/lib/jvm/java-8-oracle/jre/lib/amd64/libnet.so
7f43a8b76000-7f43a8b77000 rw-p 00016000 08:01 2106458                    /usr/lib/jvm/java-8-oracle/jre/lib/amd64/libnet.so
7f43a8b77000-7f43a8b7a000 r--s 0001a000 08:01 1976716                    /usr/lib/jvm/java-8-oracle/jre/lib/jce.jar
7f43a8b7a000-7f43a8b7f000 r--s 0009a000 08:01 1976643                    /usr/lib/jvm/java-8-oracle/jre/lib/jsse.jar
7f43a8b7f000-7f43a8b85000 r--s 00041000 08:01 661360                     /home/madunlap/.m2/repository/org/jacoco/org.jacoco.agent/0.7.5.201505241946/org.jacoco.agent-0.7.5.201505241946-runtime.jar
7f43a8b85000-7f43a8b87000 r--s 0000e000 08:01 921023                     /home/madunlap/.m2/repository/oro/oro/2.0.8/oro-2.0.8.jar
7f43a8b87000-7f43a8b8f000 r--s 00058000 08:01 921019                     /home/madunlap/.m2/repository/org/apache/velocity/velocity/1.5/velocity-1.5.jar
7f43a8b8f000-7f43a8b90000 r--s 00001000 08:01 921022                     /home/madunlap/.m2/repository/org/codehaus/plexus/plexus-velocity/1.1.7/plexus-velocity-1.1.7.jar
7f43a8b90000-7f43a8b91000 r--s 00002000 08:01 921017                     /home/madunlap/.m2/repository/org/codehaus/plexus/plexus-i18n/1.0-beta-7/plexus-i18n-1.0-beta-7.jar
7f43a8b91000-7f43a8b93000 r--s 00008000 08:01 921015                     /home/madunlap/.m2/repository/org/apache/maven/doxia/doxia-module-fml/1.1.2/doxia-module-fml-1.1.2.jar
7f43a8b93000-7f43a8b94000 r--s 00003000 08:01 921016                     /home/madunlap/.m2/repository/org/apache/maven/doxia/doxia-module-xhtml/1.1.2/doxia-module-xhtml-1.1.2.jar
7f43a8b94000-7f43a8b96000 r--s 0000b000 08:01 921011                     /home/madunlap/.m2/repository/org/apache/maven/doxia/doxia-decoration-model/1.1.2/doxia-decoration-model-1.1.2.jar
7f43a8b96000-7f43a8b98000 r--s 0000b000 08:01 921008                     /home/madunlap/.m2/repository/org/apache/maven/doxia/doxia-site-renderer/1.1.2/doxia-site-renderer-1.1.2.jar
7f43a8b98000-7f43a8b9c000 r--s 00023000 08:01 921010                     /home/madunlap/.m2/repository/org/apache/maven/doxia/doxia-core/1.1.2/doxia-core-1.1.2.jar
7f43a8b9c000-7f43a8b9e000 r--s 00003000 08:01 921007                     /home/madunlap/.m2/repository/org/apache/maven/reporting/maven-reporting-impl/2.1/maven-reporting-impl-2.1.jar
7f43a8b9e000-7f43a8b9f000 r--s 00002000 08:01 921004                     /home/madunlap/.m2/repository/org/apache/maven/doxia/doxia-logging-api/1.1/doxia-logging-api-1.1.jar
7f43a8b9f000-7f43a8ba1000 r--s 00002000 08:01 921001                     /home/madunlap/.m2/repository/org/apache/maven/doxia/doxia-sink-api/1.1/doxia-sink-api-1.1.jar
7f43a8ba1000-7f43a8ba2000 r--s 00002000 08:01 920999                     /home/madunlap/.m2/repository/org/apache/maven/reporting/maven-reporting-api/2.2.1/maven-reporting-api-2.2.1.jar
7f43a8ba2000-7f43a8ba4000 r--s 00008000 08:01 920995                     /home/madunlap/.m2/repository/org/apache/maven/shared/maven-shared-io/1.1/maven-shared-io-1.1.jar
7f43a8ba4000-7f43a8ba6000 r--s 00008000 08:01 920998                     /home/madunlap/.m2/repository/org/apache/maven/shared/file-management/1.2.1/file-management-1.2.1.jar
7f43a8ba6000-7f43a8bab000 r--s 00039000 08:01 920997                     /home/madunlap/.m2/repository/org/codehaus/plexus/plexus-utils/1.5.6/plexus-utils-1.5.6.jar
7f43a8bab000-7f43a8bad000 r--s 00008000 08:01 920991                     /home/madunlap/.m2/repository/classworlds/classworlds/1.1-alpha-2/classworlds-1.1-alpha-2.jar
7f43a8bad000-7f43a8bb4000 r--s 00029000 08:01 920988                     /home/madunlap/.m2/repository/org/codehaus/plexus/plexus-container-default/1.0-alpha-9-stable-1/plexus-container-default-1.0-alpha-9-stable-1.jar
7f43a8bb4000-7f43a8bb7000 r--s 00011000 08:01 920989                     /home/madunlap/.m2/repository/org/apache/maven/maven-artifact/2.2.1/maven-artifact-2.2.1.jar
7f43a8bb7000-7f43a8bb9000 r--s 0000b000 08:01 920985                     /home/madunlap/.m2/repository/org/codehaus/plexus/plexus-interpolation/1.11/plexus-interpolation-1.11.jar
7f43a8bb9000-7f43a8bbb000 r--s 00006000 08:01 920982                     /home/madunlap/.m2/repository/org/apache/maven/maven-plugin-registry/2.2.1/maven-plugin-registry-2.2.1.jar
7f43a8bbb000-7f43a8bc3000 r--s 00049000 08:01 920984                     /home/madunlap/.m2/repository/backport-util-concurrent/backport-util-concurrent/3.1/backport-util-concurrent-3.1.jar
7f43a8bc3000-7f43a8bc5000 r--s 0000b000 08:01 920978                     /home/madunlap/.m2/repository/org/apache/maven/wagon/wagon-provider-api/1.0-beta-6/wagon-provider-api-1.0-beta-6.jar
7f43a8bc5000-7f43a8bc7000 r--s 00005000 08:01 920980                     /home/madunlap/.m2/repository/org/apache/maven/maven-repository-metadata/2.2.1/maven-repository-metadata-2.2.1.jar
7f43a8bc7000-7f43a8bc9000 r--s 0000f000 08:01 920975                     /home/madunlap/.m2/repository/org/apache/maven/maven-artifact-manager/2.2.1/maven-artifact-manager-2.2.1.jar
7f43a8bc9000-7f43a8bcb000 r--s 00014000 08:01 920971                     /home/madunlap/.m2/repository/org/apache/maven/maven-model/2.2.1/maven-model-2.2.1.jar
7f43a8bcb000-7f43a8bcd000 r--s 00007000 08:01 920969                     /home/madunlap/.m2/repository/org/apache/maven/maven-profile/2.2.1/maven-profile-2.2.1.jar
7f43a8bcd000-7f43a8bce000 r--s 0000b000 08:01 920972                     /home/madunlap/.m2/repository/org/apache/maven/maven-settings/2.2.1/maven-settings-2.2.1.jar
7f43a8bce000-7f43a8bd2000 r--s 00023000 08:01 920973                     /home/madunlap/.m2/repository/org/apache/maven/maven-project/2.2.1/maven-project-2.2.1.jar
7f43a8bd2000-7f43a8bd4000 r--s 00002000 08:01 661356                     /home/madunlap/.m2/repository/org/apache/maven/maven-plugin-api/2.2.1/maven-plugin-api-2.2.1.jar
7f43a8bd4000-7f43a8bd6000 r--s 0000b000 08:01 660606                     /home/madunlap/.m2/repository/org/jacoco/jacoco-maven-plugin/0.7.5.201505241946/jacoco-maven-plugin-0.7.5.201505241946.jar
7f43a8bd6000-7f43a8bd8000 r--s 00013000 08:01 791380                     /home/madunlap/.m2/repository/com/jayway/restassured/xml-path/2.4.0/xml-path-2.4.0.jar
7f43a8bd8000-7f43a8bda000 r--s 00007000 08:01 791379                     /home/madunlap/.m2/repository/com/jayway/restassured/rest-assured-common/2.4.0/rest-assured-common-2.4.0.jar
7f43a8bda000-7f43a8bdc000 r--s 0001e000 08:01 661355                     /home/madunlap/.m2/repository/org/codehaus/groovy/groovy-json/2.3.7/groovy-json-2.3.7.jar
7f43a8bdc000-7f43a8bde000 r--s 0000d000 08:01 791376                     /home/madunlap/.m2/repository/com/jayway/restassured/json-path/2.4.0/json-path-2.4.0.jar
7f43a8bde000-7f43a8be0000 r--s 00015000 08:01 791373                     /home/madunlap/.m2/repository/org/ccil/cowan/tagsoup/tagsoup/1.2.1/tagsoup-1.2.1.jar
7f43a8be0000-7f43a8be1000 r--s 0000c000 08:01 791372                     /home/madunlap/.m2/repository/org/hamcrest/hamcrest-library/1.3/hamcrest-library-1.3.jar
7f43a8be1000-7f43a8be3000 r--s 00009000 08:01 791370                     /home/madunlap/.m2/repository/org/hamcrest/hamcrest-core/1.3/hamcrest-core-1.3.jar
7f43a8be3000-7f43a8be8000 r--s 00034000 08:01 661352                     /home/madunlap/.m2/repository/org/codehaus/groovy/groovy-xml/2.3.7/groovy-xml-2.3.7.jar
7f43a8be8000-7f43a8c31000 r--s 003fb000 08:01 661354                     /home/madunlap/.m2/repository/org/codehaus/groovy/groovy/2.3.7/groovy-2.3.7.jar
7f43a8c31000-7f43a8c3b000 r--s 0008c000 08:01 791368                     /home/madunlap/.m2/repository/com/jayway/restassured/rest-assured/2.4.0/rest-assured-2.4.0.jar
7f43a8c3b000-7f43a8c41000 r--s 00044000 08:01 791367                     /home/madunlap/.m2/repository/org/jsoup/jsoup/1.8.1/jsoup-1.8.1.jar
7f43a8c41000-7f43a8c43000 r--s 00004000 08:01 791401                     /home/madunlap/.m2/repository/edu/ucsb/nceas/ezid/1.0.0/ezid-1.0.0.jar
7f43a8c43000-7f43a8c46000 r--s 0000b000 08:01 791362                     /home/madunlap/.m2/repository/org/ocpsoft/rewrite/rewrite-integration-faces/2.0.12.Final/rewrite-integration-faces-2.0.12.Final.jar
7f43a8c46000-7f43a8c48000 r--s 00001000 08:01 791360                     /home/madunlap/.m2/repository/org/ocpsoft/rewrite/rewrite-annotations-api/2.0.12.Final/rewrite-annotations-api-2.0.12.Final.jar
7f43a8c48000-7f43a8c49000 r--s 00005000 08:01 791359                     /home/madunlap/.m2/repository/org/ocpsoft/rewrite/rewrite-addressbuilder/2.0.12.Final/rewrite-addressbuilder-2.0.12.Final.jar
7f43a8c49000-7f43a8c4b000 r--s 00008000 08:01 791357                     /home/madunlap/.m2/repository/org/ocpsoft/rewrite/rewrite-api-servlet/2.0.12.Final/rewrite-api-servlet-2.0.12.Final.jar
7f43a8c4b000-7f43a8c4d000 r--s 00001000 08:01 791354                     /home/madunlap/.m2/repository/org/ocpsoft/logging/logging-api/1.0.2.Final/logging-api-1.0.2.Final.jar
7f43a8c4d000-7f43a8c4e000 r--s 00003000 08:01 791353                     /home/madunlap/.m2/repository/org/ocpsoft/common/common-api/1.0.5.Final/common-api-1.0.5.Final.jar
7f43a8c4e000-7f43a8c52000 r--s 00018000 08:01 791351                     /home/madunlap/.m2/repository/org/ocpsoft/rewrite/rewrite-api/2.0.12.Final/rewrite-api-2.0.12.Final.jar
7f43a8c52000-7f43a8c54000 r--s 00005000 08:01 791349                     /home/madunlap/.m2/repository/org/ocpsoft/rewrite/rewrite-annotations-impl/2.0.12.Final/rewrite-annotations-impl-2.0.12.Final.jar
7f43a8c54000-7f43a8c62000 r--s 00092000 08:01 791352                     /home/madunlap/.m2/repository/org/ocpsoft/rewrite/rewrite-config-prettyfaces/2.0.12.Final/rewrite-config-prettyfaces-2.0.12.Final.jar
7f43a8c62000-7f43a8c70000 r--s 0005f000 08:01 791345                     /home/madunlap/.m2/repository/org/ocpsoft/rewrite/rewrite-servlet/2.0.12.Final/rewrite-servlet-2.0.12.Final.jar
7f43a8c70000-7f43a8c74000 r--s 0003c000 08:01 791218                     /home/madunlap/.m2/repository/javax/media/jai_codec/1.1.3/jai_codec-1.1.3.jar
7f43a8c74000-7f43a8c88000 r--s 001bd000 08:01 791220                     /home/madunlap/.m2/repository/javax/media/jai_core/1.1.3/jai_core-1.1.3.jar
7f43a8c88000-7f43a8c99000 r--s 00106000 08:01 791219                     /home/madunlap/.m2/repository/javax/media/jai_imageio/1.1.1/jai_imageio-1.1.1.jar
7f43a8c99000-7f43a8c9b000 r--s 00009000 08:01 791399                     /home/madunlap/.m2/repository/edu/harvard/hul/ois/jhove/jhove-handler/1.11.0/jhove-handler-1.11.0.jar
7f43a8c9b000-7f43a8ca4000 r--s 00079000 08:01 791398                     /home/madunlap/.m2/repository/edu/harvard/hul/ois/jhove/jhove-module/1.11.0/jhove-module-1.11.0.jar
7f43a8ca4000-7f43a8ca7000 r--s 00011000 08:01 791396                     /home/madunlap/.m2/repository/edu/harvard/hul/ois/jhove/jhove/1.11.0/jhove-1.11.0.jar
7f43a8ca7000-7f43a8cb7000 r--s 0011f000 08:01 791342                     /home/madunlap/.m2/repository/org/apache/poi/poi-scratchpad/3.10-FINAL/poi-scratchpad-3.10-FINAL.jar
7f43a8cb7000-7f43a8cbd000 r--s 00047000 08:01 791341                     /home/madunlap/.m2/repository/org/apache/poi/poi-examples/3.10-FINAL/poi-examples-3.10-FINAL.jar
7f43a8cbd000-7f43a8cc2000 r--s 00048000 08:01 791338                     /home/madunlap/.m2/repository/dom4j/dom4j/1.6.1/dom4j-1.6.1.jar
7f43a8cc2000-7f43a8cff000 r--s 0024f000 08:01 791336                     /home/madunlap/.m2/repository/org/apache/xmlbeans/xmlbeans/2.3.0/xmlbeans-2.3.0.jar
7f43a8cff000-7f43a8d97000 r--s 00420000 08:01 791334                     /home/madunlap/.m2/repository/org/apache/poi/poi-ooxml-schemas/3.10-FINAL/poi-ooxml-schemas-3.10-FINAL.jar
7f43a8d97000-7f43a8da5000 r--s 000ee000 08:01 791333                     /home/madunlap/.m2/repository/org/apache/poi/poi-ooxml/3.10-FINAL/poi-ooxml-3.10-FINAL.jar
7f43a8da5000-7f43a8dc7000 r--s 001bb000 08:01 791332                     /home/madunlap/.m2/repository/org/apache/poi/poi/3.10-FINAL/poi-3.10-FINAL.jar
7f43a8dc7000-7f43a8dc9000 r--s 00006000 08:01 791331                     /home/madunlap/.m2/repository/org/nuiton/thirdparty/Rserve/0.6-1/Rserve-0.6-1.jar
7f43a8dc9000-7f43a8dcb000 r--s 00006000 08:01 791328                     /home/madunlap/.m2/repository/org/nuiton/thirdparty/REngine/0.6-1/REngine-0.6-1.jar
7f43a8dcb000-7f43a8dcc000 r--s 0000c000 08:01 791397                     /home/madunlap/.m2/repository/org/dataverse/unf/6.0/unf-6.0.jar
7f43a8dcc000-7f43a8dcd000 r--s 00018000 08:01 791394                     /home/madunlap/.m2/repository/edu/harvard/iq/dvn/unf5/5.0/unf5-5.0.jar
7f43a8dcd000-7f43a8dd6000 r--s 000a6000 08:01 791393                     /home/madunlap/.m2/repository/net/handle/handle/2006-06-16-generated/handle-2006-06-16-generated.jar
7f43a8dd6000-7f43a8dd9000 r--s 00035000 08:01 791395                     /home/madunlap/.m2/repository/nom/tam/fits/fits/2012-10-25-generated/fits-2012-10-25-generated.jar
7f43a8dd9000-7f43a8de0000 r--s 00028000 08:01 791326                     /home/madunlap/.m2/repository/concurrent/concurrent/1.3.4/concurrent-1.3.4.jar
7f43a8de0000-7f43a8dee000 r--s 00081000 08:01 791324                     /home/madunlap/.m2/repository/colt/colt/1.2.0/colt-1.2.0.jar
7f43a8dee000-7f43a8dfb000 r--s 00083000 08:01 791320                     /home/madunlap/.m2/repository/commons-collections/commons-collections/3.2.2/commons-collections-3.2.2.jar
7f43a8dfb000-7f43a8dff000 r--s 00020000 08:01 791319                     /home/madunlap/.m2/repository/commons-digester/commons-digester/1.8.1/commons-digester-1.8.1.jar
7f43a8dff000-7f43a8e04000 r--s 00035000 08:01 791317                     /home/madunlap/.m2/repository/commons-beanutils/commons-beanutils/1.9.2/commons-beanutils-1.9.2.jar
7f43a8e04000-7f43a8e08000 r--s 0002a000 08:01 791315                     /home/madunlap/.m2/repository/commons-validator/commons-validator/1.6/commons-validator-1.6.jar
7f43a8e08000-7f43a8e1b000 r--s 000df000 08:01 791313                     /home/madunlap/.m2/repository/org/apache/commons/commons-math/2.2/commons-math-2.2.jar
7f43a8e1b000-7f43a8e1d000 r--s 0000e000 08:01 791309                     /home/madunlap/.m2/repository/commons-logging/commons-logging/1.1.3/commons-logging-1.1.3.jar
7f43a8e1d000-7f43a8e1f000 r--s 00005000 08:01 791311                     /home/madunlap/.m2/repository/org/apache/httpcomponents/httpmime/4.2.6/httpmime-4.2.6.jar
7f43a8e1f000-7f43a8e2b000 r--s 000b3000 08:01 791304                     /home/madunlap/.m2/repository/org/apache/zookeeper/zookeeper/3.4.5/zookeeper-3.4.5.jar
7f43a8e2b000-7f43a8e33000 r--s 0005b000 08:01 791305                     /home/madunlap/.m2/repository/org/apache/solr/solr-solrj/4.6.0/solr-solrj-4.6.0.jar
7f43a8e33000-7f43a8e38000 r--s 00041000 08:01 791300                     /home/madunlap/.m2/repository/commons-lang/commons-lang/2.6/commons-lang-2.6.jar
7f43a8e38000-7f43a8e3a000 r--s 0000d000 08:01 791302                     /home/madunlap/.m2/repository/com/fasterxml/classmate/1.0.0/classmate-1.0.0.jar
7f43a8e3a000-7f43a8e3c000 r--s 0000d000 08:01 791296                     /home/madunlap/.m2/repository/org/jboss/logging/jboss-logging/3.1.1.GA/jboss-logging-3.1.1.GA.jar
7f43a8e3c000-7f43a8e40000 r--s 0000c000 08:01 791294                     /home/madunlap/.m2/repository/javax/validation/validation-api/1.1.0.Final/validation-api-1.1.0.Final.jar
7f43a8e40000-7f43a8e4d000 r--s 00080000 08:01 791293                     /home/madunlap/.m2/repository/org/hibernate/hibernate-validator/5.0.3.Final/hibernate-validator-5.0.3.Final.jar
7f43a8e4d000-7f43a8e57000 r--s 0006b000 08:01 791289                     /home/madunlap/.m2/repository/org/omnifaces/omnifaces/1.7/omnifaces-1.7.jar
7f43a8e57000-7f43a8e66000 r--s 000c4000 08:01 791290                     /home/madunlap/.m2/repository/org/atmosphere/atmosphere-runtime/2.4.2/atmosphere-runtime-2.4.2.jar
7f43a8e66000-7f43a8e7a000 r--s 0013a000 08:01 791121                     /home/madunlap/.m2/repository/org/primefaces/themes/all-themes/1.0.10/all-themes-1.0.10.jar
7f43a8e7a000-7f43a8ea6000 r--s 00318000 08:01 791288                     /home/madunlap/.m2/repository/org/primefaces/primefaces/5.3/primefaces-5.3.jar
7f43a8ea6000-7f43a8ec8000 r--s 00120000 08:01 791284                     /home/madunlap/.m2/repository/javax/javaee-web-api/7.0/javaee-web-api-7.0.jar
7f43a8ec8000-7f43a8eca000 r--s 0000e000 08:01 791282                     /home/madunlap/.m2/repository/javax/activation/activation/1.1/activation-1.1.jar
7f43a8eca000-7f43a8ed2000 r--s 00078000 08:01 791280                     /home/madunlap/.m2/repository/com/sun/mail/javax.mail/1.5.0/javax.mail-1.5.0.jar
7f43a8ed2000-7f43a8f06000 r--s 001a4000 08:01 791278                     /home/madunlap/.m2/repository/javax/javaee-api/7.0/javaee-api-7.0.jar
7f43a8f06000-7f43a8f31000 r--s 001f5000 08:01 791277                     /home/madunlap/.m2/repository/com/google/guava/guava/16.0.1/guava-16.0.1.jar
7f43a8f31000-7f43a8f4f000 r--s 0027d000 08:01 791273                     /home/madunlap/.m2/repository/xalan/xalan/2.7.0/xalan-2.7.0.jar
7f43a8f4f000-7f43a8f63000 r--s 000e3000 08:01 791272                     /home/madunlap/.m2/repository/xerces/xercesImpl/2.6.2/xercesImpl-2.6.2.jar
7f43a8f63000-7f43a8f69000 r--s 00019000 08:01 791270                     /home/madunlap/.m2/repository/xerces/xmlParserAPIs/2.6.2/xmlParserAPIs-2.6.2.jar
7f43a8f69000-7f43a8f70000 r--s 00063000 08:01 791268                     /home/madunlap/.m2/repository/xom/xom/1.1/xom-1.1.jar
7f43a8f70000-7f43a8f75000 r--s 0002a000 08:01 791265                     /home/madunlap/.m2/repository/com/google/code/gson/gson/2.2.4/gson-2.2.4.jar
7f43a8f75000-7f43a8f79000 r--s 00027000 08:01 791263                     /home/madunlap/.m2/repository/commons-io/commons-io/2.2/commons-io-2.2.jar
7f43a8f79000-7f43a8f7b000 r--s 0000f000 08:01 791260                     /home/madunlap/.m2/repository/commons-fileupload/commons-fileupload/1.3.1/commons-fileupload-1.3.1.jar
7f43a8f7b000-7f43a8f81000 r--s 00032000 08:01 791261                     /home/madunlap/.m2/repository/jaxen/jaxen/1.1.1/jaxen-1.1.1.jar
7f43a8f81000-7f43a8f88000 r--s 00079000 08:01 661348                     /home/madunlap/.m2/repository/org/codehaus/woodstox/wstx-asl/3.2.6/wstx-asl-3.2.6.jar
7f43a8f88000-7f43a8f8d000 r--s 00070000 08:01 661349                     /home/madunlap/.m2/repository/org/codehaus/woodstox/woodstox-core-asl/4.1.4/woodstox-core-asl-4.1.4.jar
7f43a8f8d000-7f43a8f91000 r--s 00026000 08:01 791256                     /home/madunlap/.m2/repository/org/apache/ws/commons/axiom/axiom-impl/1.2.14/axiom-impl-1.2.14.jar
7f43a8f91000-7f43a8f96000 r--s 00032000 08:01 791252                     /home/madunlap/.m2/repository/org/apache/geronimo/specs/geronimo-javamail_1.4_spec/1.7.1/geronimo-javamail_1.4_spec-1.7.1.jar
7f43a8f96000-7f43a8fa0000 r--s 0005d000 08:01 791250                     /home/madunlap/.m2/repository/org/apache/ws/commons/axiom/axiom-api/1.2.14/axiom-api-1.2.14.jar
7f43a8fa0000-7f43a8fb9000 r--s 002fd000 08:01 791240                     /home/madunlap/.m2/repository/com/ibm/icu/icu4j/3.4.4/icu4j-3.4.4.jar
7f43a8fb9000-7f43a8fdc000 r--s 001ae000 08:01 791235                     /home/madunlap/.m2/repository/com/hp/hpl/jena/jena/2.6.4/jena-2.6.4.jar
7f43a8fdc000-7f43a9063000 rw-p 00000000 00:00 0 
7f43a9063000-7f43a946f000 r--s 03c80000 08:01 791225                     /home/madunlap/.m2/repository/com/amazonaws/aws-java-sdk-bundle/1.11.172/aws-java-sdk-bundle-1.11.172.jar
7f43a946f000-7f43a9472000 ---p 00000000 00:00 0 
7f43a9472000-7f43a9570000 rw-p 00000000 00:00 0 
7f43a9570000-7f43a984b000 r--p 00000000 08:01 1441812                    /usr/lib/locale/locale-archive
7f43a984b000-7f43a984e000 ---p 00000000 00:00 0 
7f43a984e000-7f43a994c000 rw-p 00000000 00:00 0 
7f43a994c000-7f43a994f000 ---p 00000000 00:00 0 
7f43a994f000-7f43a9a4d000 rw-p 00000000 00:00 0 
7f43a9a4d000-7f43a9a4e000 ---p 00000000 00:00 0 
7f43a9a4e000-7f43aa457000 rw-p 00000000 00:00 0 
7f43aa457000-7f43aa631000 r--s 03d4d000 08:01 1976682                    /usr/lib/jvm/java-8-oracle/jre/lib/rt.jar
7f43aa631000-7f43aceff000 rw-p 00000000 00:00 0 
7f43aceff000-7f43acf00000 ---p 00000000 00:00 0 
7f43acf00000-7f43ad000000 rw-p 00000000 00:00 0 
7f43ad000000-7f43ad720000 rwxp 00000000 00:00 0 
7f43ad720000-7f43bc000000 ---p 00000000 00:00 0 
7f43bc000000-7f43bd235000 rw-p 00000000 00:00 0 
7f43bd235000-7f43c0000000 ---p 00000000 00:00 0 
7f43c0000000-7f43c0003000 r--s 00015000 08:01 791254                     /home/madunlap/.m2/repository/org/apache/james/apache-mime4j-core/0.7.2/apache-mime4j-core-0.7.2.jar
7f43c0003000-7f43c0006000 r--s 0014e000 08:01 791249                     /home/madunlap/.m2/repository/org/apache/abdera/abdera-parser/1.1.3/abdera-parser-1.1.3.jar
7f43c0006000-7f43c0008000 r--s 00006000 08:01 791245                     /home/madunlap/.m2/repository/org/apache/geronimo/specs/geronimo-stax-api_1.0_spec/1.0.1/geronimo-stax-api_1.0_spec-1.0.1.jar
7f43c0008000-7f43c000a000 r--s 0000a000 08:01 791243                     /home/madunlap/.m2/repository/org/apache/geronimo/specs/geronimo-activation_1.1_spec/1.1/geronimo-activation_1.1_spec-1.1.jar
7f43c000a000-7f43c000e000 r--s 00094000 08:01 791246                     /home/madunlap/.m2/repository/org/apache/abdera/abdera-i18n/1.1.3/abdera-i18n-1.1.3.jar
7f43c000e000-7f43c0012000 r--s 00024000 08:01 791241                     /home/madunlap/.m2/repository/org/apache/abdera/abdera-core/1.1.3/abdera-core-1.1.3.jar
7f43c0012000-7f43c0015000 r--s 00023000 08:01 791237                     /home/madunlap/.m2/repository/com/hp/hpl/jena/iri/0.8/iri-0.8.jar
7f43c0015000-7f43c0017000 r--s 0000d000 08:01 791233                     /home/madunlap/.m2/repository/org/apache/abdera/abdera-client/1.1.1/abdera-client-1.1.1.jar
7f43c0017000-7f43c0019000 r--s 00016000 08:01 791230                     /home/madunlap/.m2/repository/javax/servlet/servlet-api/2.4/servlet-api-2.4.jar
7f43c0019000-7f43c001c000 r--s 0000f000 08:01 791226                     /home/madunlap/.m2/repository/org/swordapp/sword2-server/1.0/sword2-server-1.0-classes.jar
7f43c001c000-7f43c0021000 r--s 00040000 08:01 791224                     /home/madunlap/.m2/repository/commons-httpclient/commons-httpclient/3.0.1/commons-httpclient-3.0.1.jar
7f43c0021000-7f43c0024000 r--s 00012000 08:01 791228                     /home/madunlap/.m2/repository/org/glassfish/javax.json/1.0.4/javax.json-1.0.4.jar
7f43c0024000-7f43c002a000 r--s 00034000 08:01 791227                     /home/madunlap/.m2/repository/junit/junit/4.8.1/junit-4.8.1.jar
7f43c002a000-7f43c006a000 r--s 00285000 08:01 925253                     /home/madunlap/.m2/repository/org/bouncycastle/bcprov-jdk15on/1.52/bcprov-jdk15on-1.52.jar
7f43c006a000-7f43c006e000 r--s 00021000 08:01 925254                     /home/madunlap/.m2/repository/org/cryptacular/cryptacular/1.1.0/cryptacular-1.1.0.jar
7f43c006e000-7f43c0071000 r--s 00011000 08:01 925252                     /home/madunlap/.m2/repository/org/passay/passay/1.1.0/passay-1.1.0.jar
7f43c0071000-7f43c00c0000 rw-p 00000000 00:00 0 
7f43c00c0000-7f43c00c1000 ---p 00000000 00:00 0 
7f43c00c1000-7f43c01d6000 rw-p 00000000 00:00 0 
7f43c01d6000-7f43c030b000 ---p 00000000 00:00 0 
7f43c030b000-7f43c0320000 rw-p 00000000 00:00 0 
7f43c0320000-7f43c0454000 ---p 00000000 00:00 0 
7f43c0454000-7f43c04a7000 rw-p 00000000 00:00 0 
7f43c04a7000-7f43c04f9000 ---p 00000000 00:00 0 
7f43c04f9000-7f43c0517000 rw-p 00000000 00:00 0 
7f43c0517000-7f43c08ba000 ---p 00000000 00:00 0 
7f43c08ba000-7f43c08d4000 r-xp 00000000 08:01 2106481                    /usr/lib/jvm/java-8-oracle/jre/lib/amd64/libzip.so
7f43c08d4000-7f43c0ad4000 ---p 0001a000 08:01 2106481                    /usr/lib/jvm/java-8-oracle/jre/lib/amd64/libzip.so
7f43c0ad4000-7f43c0ad5000 rw-p 0001a000 08:01 2106481                    /usr/lib/jvm/java-8-oracle/jre/lib/amd64/libzip.so
7f43c0ad5000-7f43c0ae0000 r-xp 00000000 08:01 663303                     /lib/x86_64-linux-gnu/libnss_files-2.24.so
7f43c0ae0000-7f43c0cdf000 ---p 0000b000 08:01 663303                     /lib/x86_64-linux-gnu/libnss_files-2.24.so
7f43c0cdf000-7f43c0ce0000 r--p 0000a000 08:01 663303                     /lib/x86_64-linux-gnu/libnss_files-2.24.so
7f43c0ce0000-7f43c0ce1000 rw-p 0000b000 08:01 663303                     /lib/x86_64-linux-gnu/libnss_files-2.24.so
7f43c0ce1000-7f43c0ce7000 rw-p 00000000 00:00 0 
7f43c0ce7000-7f43c0cf2000 r-xp 00000000 08:01 663305                     /lib/x86_64-linux-gnu/libnss_nis-2.24.so
7f43c0cf2000-7f43c0ef1000 ---p 0000b000 08:01 663305                     /lib/x86_64-linux-gnu/libnss_nis-2.24.so
7f43c0ef1000-7f43c0ef2000 r--p 0000a000 08:01 663305                     /lib/x86_64-linux-gnu/libnss_nis-2.24.so
7f43c0ef2000-7f43c0ef3000 rw-p 0000b000 08:01 663305                     /lib/x86_64-linux-gnu/libnss_nis-2.24.so
7f43c0ef3000-7f43c0f09000 r-xp 00000000 08:01 663300                     /lib/x86_64-linux-gnu/libnsl-2.24.so
7f43c0f09000-7f43c1108000 ---p 00016000 08:01 663300                     /lib/x86_64-linux-gnu/libnsl-2.24.so
7f43c1108000-7f43c1109000 r--p 00015000 08:01 663300                     /lib/x86_64-linux-gnu/libnsl-2.24.so
7f43c1109000-7f43c110a000 rw-p 00016000 08:01 663300                     /lib/x86_64-linux-gnu/libnsl-2.24.so
7f43c110a000-7f43c110c000 rw-p 00000000 00:00 0 
7f43c110c000-7f43c1114000 r-xp 00000000 08:01 663301                     /lib/x86_64-linux-gnu/libnss_compat-2.24.so
7f43c1114000-7f43c1313000 ---p 00008000 08:01 663301                     /lib/x86_64-linux-gnu/libnss_compat-2.24.so
7f43c1313000-7f43c1314000 r--p 00007000 08:01 663301                     /lib/x86_64-linux-gnu/libnss_compat-2.24.so
7f43c1314000-7f43c1315000 rw-p 00008000 08:01 663301                     /lib/x86_64-linux-gnu/libnss_compat-2.24.so
7f43c1315000-7f43c131f000 r-xp 00000000 08:01 2106519                    /usr/lib/jvm/java-8-oracle/jre/lib/amd64/libinstrument.so
7f43c131f000-7f43c151e000 ---p 0000a000 08:01 2106519                    /usr/lib/jvm/java-8-oracle/jre/lib/amd64/libinstrument.so
7f43c151e000-7f43c151f000 rw-p 00009000 08:01 2106519                    /usr/lib/jvm/java-8-oracle/jre/lib/amd64/libinstrument.so
7f43c151f000-7f43c154a000 r-xp 00000000 08:01 2106508                    /usr/lib/jvm/java-8-oracle/jre/lib/amd64/libjava.so
7f43c154a000-7f43c1749000 ---p 0002b000 08:01 2106508                    /usr/lib/jvm/java-8-oracle/jre/lib/amd64/libjava.so
7f43c1749000-7f43c174b000 rw-p 0002a000 08:01 2106508                    /usr/lib/jvm/java-8-oracle/jre/lib/amd64/libjava.so
7f43c174b000-7f43c1758000 r-xp 00000000 08:01 2106459                    /usr/lib/jvm/java-8-oracle/jre/lib/amd64/libverify.so
7f43c1758000-7f43c1958000 ---p 0000d000 08:01 2106459                    /usr/lib/jvm/java-8-oracle/jre/lib/amd64/libverify.so
7f43c1958000-7f43c195a000 rw-p 0000d000 08:01 2106459                    /usr/lib/jvm/java-8-oracle/jre/lib/amd64/libverify.so
7f43c195a000-7f43c1961000 r-xp 00000000 08:01 663310                     /lib/x86_64-linux-gnu/librt-2.24.so
7f43c1961000-7f43c1b60000 ---p 00007000 08:01 663310                     /lib/x86_64-linux-gnu/librt-2.24.so
7f43c1b60000-7f43c1b61000 r--p 00006000 08:01 663310                     /lib/x86_64-linux-gnu/librt-2.24.so
7f43c1b61000-7f43c1b62000 rw-p 00007000 08:01 663310                     /lib/x86_64-linux-gnu/librt-2.24.so
7f43c1b62000-7f43c1c6a000 r-xp 00000000 08:01 663297                     /lib/x86_64-linux-gnu/libm-2.24.so
7f43c1c6a000-7f43c1e69000 ---p 00108000 08:01 663297                     /lib/x86_64-linux-gnu/libm-2.24.so
7f43c1e69000-7f43c1e6a000 r--p 00107000 08:01 663297                     /lib/x86_64-linux-gnu/libm-2.24.so
7f43c1e6a000-7f43c1e6b000 rw-p 00108000 08:01 663297                     /lib/x86_64-linux-gnu/libm-2.24.so
7f43c1e6b000-7f43c2b3e000 r-xp 00000000 08:01 2106512                    /usr/lib/jvm/java-8-oracle/jre/lib/amd64/server/libjvm.so
7f43c2b3e000-7f43c2d3d000 ---p 00cd3000 08:01 2106512                    /usr/lib/jvm/java-8-oracle/jre/lib/amd64/server/libjvm.so
7f43c2d3d000-7f43c2e17000 rw-p 00cd2000 08:01 2106512                    /usr/lib/jvm/java-8-oracle/jre/lib/amd64/server/libjvm.so
7f43c2e17000-7f43c2e62000 rw-p 00000000 00:00 0 
7f43c2e62000-7f43c3020000 r-xp 00000000 08:01 663293                     /lib/x86_64-linux-gnu/libc-2.24.so
7f43c3020000-7f43c321f000 ---p 001be000 08:01 663293                     /lib/x86_64-linux-gnu/libc-2.24.so
7f43c321f000-7f43c3223000 r--p 001bd000 08:01 663293                     /lib/x86_64-linux-gnu/libc-2.24.so
7f43c3223000-7f43c3225000 rw-p 001c1000 08:01 663293                     /lib/x86_64-linux-gnu/libc-2.24.so
7f43c3225000-7f43c3229000 rw-p 00000000 00:00 0 
7f43c3229000-7f43c322c000 r-xp 00000000 08:01 663296                     /lib/x86_64-linux-gnu/libdl-2.24.so
7f43c322c000-7f43c342b000 ---p 00003000 08:01 663296                     /lib/x86_64-linux-gnu/libdl-2.24.so
7f43c342b000-7f43c342c000 r--p 00002000 08:01 663296                     /lib/x86_64-linux-gnu/libdl-2.24.so
7f43c342c000-7f43c342d000 rw-p 00003000 08:01 663296                     /lib/x86_64-linux-gnu/libdl-2.24.so
7f43c342d000-7f43c3442000 r-xp 00000000 08:01 2106497                    /usr/lib/jvm/java-8-oracle/jre/lib/amd64/jli/libjli.so
7f43c3442000-7f43c3642000 ---p 00015000 08:01 2106497                    /usr/lib/jvm/java-8-oracle/jre/lib/amd64/jli/libjli.so
7f43c3642000-7f43c3643000 rw-p 00015000 08:01 2106497                    /usr/lib/jvm/java-8-oracle/jre/lib/amd64/jli/libjli.so
7f43c3643000-7f43c365b000 r-xp 00000000 08:01 663308                     /lib/x86_64-linux-gnu/libpthread-2.24.so
7f43c365b000-7f43c385b000 ---p 00018000 08:01 663308                     /lib/x86_64-linux-gnu/libpthread-2.24.so
7f43c385b000-7f43c385c000 r--p 00018000 08:01 663308                     /lib/x86_64-linux-gnu/libpthread-2.24.so
7f43c385c000-7f43c385d000 rw-p 00019000 08:01 663308                     /lib/x86_64-linux-gnu/libpthread-2.24.so
7f43c385d000-7f43c3861000 rw-p 00000000 00:00 0 
7f43c3861000-7f43c3887000 r-xp 00000000 08:01 663288                     /lib/x86_64-linux-gnu/ld-2.24.so
7f43c3887000-7f43c3888000 r--s 00005000 08:01 791308                     /home/madunlap/.m2/repository/org/noggit/noggit/0.5/noggit-0.5.jar
7f43c3888000-7f43c3959000 rw-p 00000000 00:00 0 
7f43c3959000-7f43c395c000 ---p 00000000 00:00 0 
7f43c395c000-7f43c3a5c000 rw-p 00000000 00:00 0 
7f43c3a5c000-7f43c3a5d000 r--s 00004000 08:01 791275                     /home/madunlap/.m2/repository/org/mindrot/jbcrypt/0.3m/jbcrypt-0.3m.jar
7f43c3a5d000-7f43c3a62000 r--s 00023000 08:01 791711                     /home/madunlap/.m2/repository/org/apache/maven/surefire/surefire-api/2.10/surefire-api-2.10.jar
7f43c3a62000-7f43c3a64000 r--s 00007000 08:01 791708                     /home/madunlap/.m2/repository/org/apache/maven/surefire/surefire-booter/2.10/surefire-booter-2.10.jar
7f43c3a64000-7f43c3a65000 r--s 00005000 08:01 926085                     /home/madunlap/Documents/github/dataverse/target/surefire/surefirebooter8226163157255281809.jar
7f43c3a65000-7f43c3a79000 rw-p 00000000 00:00 0 
7f43c3a79000-7f43c3a81000 rw-s 00000000 08:01 1835017                    /tmp/hsperfdata_madunlap/12754
7f43c3a81000-7f43c3a82000 rw-p 00000000 00:00 0 
7f43c3a82000-7f43c3a83000 ---p 00000000 00:00 0 
7f43c3a83000-7f43c3a86000 rw-p 00000000 00:00 0 
7f43c3a86000-7f43c3a87000 r--p 00025000 08:01 663288                     /lib/x86_64-linux-gnu/ld-2.24.so
7f43c3a87000-7f43c3a88000 rw-p 00026000 08:01 663288                     /lib/x86_64-linux-gnu/ld-2.24.so
7f43c3a88000-7f43c3a89000 rw-p 00000000 00:00 0 
7ffcae8b6000-7ffcae8d7000 rw-p 00000000 00:00 0                          [stack]
7ffcae9fb000-7ffcae9fd000 r--p 00000000 00:00 0                          [vvar]
7ffcae9fd000-7ffcae9ff000 r-xp 00000000 00:00 0                          [vdso]
ffffffffff600000-ffffffffff601000 r-xp 00000000 00:00 0                  [vsyscall]

VM Arguments:
jvm_args: -javaagent:/home/madunlap/.m2/repository/org/jacoco/org.jacoco.agent/0.7.5.201505241946/org.jacoco.agent-0.7.5.201505241946-runtime.jar=destfile=/home/madunlap/Documents/github/dataverse/target/jacoco.exec 
java_command: /home/madunlap/Documents/github/dataverse/target/surefire/surefirebooter8226163157255281809.jar /home/madunlap/Documents/github/dataverse/target/surefire/surefire7507057864772701924tmp /home/madunlap/Documents/github/dataverse/target/surefire/surefire1740200676754727515tmp
java_class_path (initial): /home/madunlap/Documents/github/dataverse/target/surefire/surefirebooter8226163157255281809.jar:/home/madunlap/.m2/repository/org/jacoco/org.jacoco.agent/0.7.5.201505241946/org.jacoco.agent-0.7.5.201505241946-runtime.jar
Launcher Type: SUN_STANDARD

Environment Variables:
JAVA_HOME=/usr/lib/jvm/java-8-oracle
PATH=/usr/local/sbin:/usr/local/bin:/usr/sbin:/usr/bin:/sbin:/bin:/usr/games:/usr/local/games:/snap/bin:/usr/lib/jvm/java-8-oracle/bin:/usr/lib/jvm/java-8-oracle/db/bin:/usr/lib/jvm/java-8-oracle/jre/bin
LD_LIBRARY_PATH=/usr/lib/jvm/java-8-oracle/jre/lib/amd64:/usr/lib/jvm/java-8-oracle/jre/lib/i386:
SHELL=/bin/bash
DISPLAY=:0

Signal Handlers:
SIGSEGV: [libjvm.so+0xacba10], sa_mask[0]=11111111011111111101111111111110, sa_flags=SA_RESTART|SA_SIGINFO
SIGBUS: [libjvm.so+0xacba10], sa_mask[0]=11111111011111111101111111111110, sa_flags=SA_RESTART|SA_SIGINFO
SIGFPE: [libjvm.so+0x924ba0], sa_mask[0]=11111111011111111101111111111110, sa_flags=SA_RESTART|SA_SIGINFO
SIGPIPE: [libjvm.so+0x924ba0], sa_mask[0]=11111111011111111101111111111110, sa_flags=SA_RESTART|SA_SIGINFO
SIGXFSZ: [libjvm.so+0x924ba0], sa_mask[0]=11111111011111111101111111111110, sa_flags=SA_RESTART|SA_SIGINFO
SIGILL: [libjvm.so+0x924ba0], sa_mask[0]=11111111011111111101111111111110, sa_flags=SA_RESTART|SA_SIGINFO
SIGUSR1: SIG_DFL, sa_mask[0]=00000000000000000000000000000000, sa_flags=none
SIGUSR2: [libjvm.so+0x9263e0], sa_mask[0]=00100000000000000000000000000000, sa_flags=SA_RESTART|SA_SIGINFO
SIGHUP: [libjvm.so+0x9277e0], sa_mask[0]=11111111011111111101111111111110, sa_flags=SA_RESTART|SA_SIGINFO
SIGINT: SIG_IGN, sa_mask[0]=00000000000000000000000000000000, sa_flags=none
SIGTERM: [libjvm.so+0x9277e0], sa_mask[0]=11111111011111111101111111111110, sa_flags=SA_RESTART|SA_SIGINFO
SIGQUIT: [libjvm.so+0x9277e0], sa_mask[0]=11111111011111111101111111111110, sa_flags=SA_RESTART|SA_SIGINFO


---------------  S Y S T E M  ---------------

OS:DISTRIB_ID=Ubuntu
DISTRIB_RELEASE=17.04
DISTRIB_CODENAME=zesty
DISTRIB_DESCRIPTION="Ubuntu 17.04"

uname:Linux 4.10.0-37-generic #41-Ubuntu SMP Fri Oct 6 20:20:37 UTC 2017 x86_64
libc:glibc 2.24 NPTL 2.24 
rlimit: STACK 8192k, CORE 0k, NPROC 15602, NOFILE 1048576, AS infinity
load average:0.95 0.31 0.27

/proc/meminfo:
MemTotal:        4039872 kB
MemFree:          115912 kB
MemAvailable:      35484 kB
Buffers:            1784 kB
Cached:            60068 kB
SwapCached:        21304 kB
Active:          3119608 kB
Inactive:         588088 kB
Active(anon):    3097948 kB
Inactive(anon):   568852 kB
Active(file):      21660 kB
Inactive(file):    19236 kB
Unevictable:          32 kB
Mlocked:              32 kB
SwapTotal:       2097148 kB
SwapFree:              0 kB
Dirty:               308 kB
Writeback:             0 kB
AnonPages:       3624340 kB
Mapped:            43516 kB
Shmem:             20736 kB
Slab:              89944 kB
SReclaimable:      41656 kB
SUnreclaim:        48288 kB
KernelStack:       15472 kB
PageTables:        72832 kB
NFS_Unstable:          0 kB
Bounce:                0 kB
WritebackTmp:          0 kB
CommitLimit:     4117084 kB
Committed_AS:   10572280 kB
VmallocTotal:   34359738367 kB
VmallocUsed:           0 kB
VmallocChunk:          0 kB
HardwareCorrupted:     0 kB
AnonHugePages:   1490944 kB
ShmemHugePages:        0 kB
ShmemPmdMapped:        0 kB
CmaTotal:              0 kB
CmaFree:               0 kB
HugePages_Total:       0
HugePages_Free:        0
HugePages_Rsvd:        0
HugePages_Surp:        0
Hugepagesize:       2048 kB
DirectMap4k:      151472 kB
DirectMap2M:     4042752 kB


CPU:total 2 (initial active 2) (2 cores per cpu, 1 threads per core) family 6 model 70 stepping 1, cmov, cx8, fxsr, mmx, sse, sse2, sse3, ssse3, sse4.1, sse4.2, popcnt, avx, avx2, aes, clmul, erms, lzcnt, tsc, tscinvbit, bmi1, bmi2

/proc/cpuinfo:
processor	: 0
vendor_id	: GenuineIntel
cpu family	: 6
model		: 70
model name	: Intel(R) Core(TM) i7-4870HQ CPU @ 2.50GHz
stepping	: 1
microcode	: 0x13
cpu MHz		: 2494.226
cache size	: 6144 KB
physical id	: 0
siblings	: 2
core id		: 0
cpu cores	: 2
apicid		: 0
initial apicid	: 0
fpu		: yes
fpu_exception	: yes
cpuid level	: 13
wp		: yes
flags		: fpu vme de pse tsc msr pae mce cx8 apic sep mtrr pge mca cmov pat pse36 clflush mmx fxsr sse sse2 ss ht syscall nx rdtscp lm constant_tsc nopl xtopology nonstop_tsc pni pclmulqdq ssse3 fma cx16 pcid sse4_1 sse4_2 x2apic movbe popcnt tsc_deadline_timer aes xsave avx f16c rdrand hypervisor lahf_lm abm fsgsbase tsc_adjust bmi1 avx2 smep bmi2 invpcid xsaveopt dtherm arat pln pts
bugs		:
bogomips	: 4988.45
clflush size	: 64
cache_alignment	: 64
address sizes	: 36 bits physical, 48 bits virtual
power management:

processor	: 1
vendor_id	: GenuineIntel
cpu family	: 6
model		: 70
model name	: Intel(R) Core(TM) i7-4870HQ CPU @ 2.50GHz
stepping	: 1
microcode	: 0x13
cpu MHz		: 2494.226
cache size	: 6144 KB
physical id	: 0
siblings	: 2
core id		: 1
cpu cores	: 2
apicid		: 1
initial apicid	: 1
fpu		: yes
fpu_exception	: yes
cpuid level	: 13
wp		: yes
flags		: fpu vme de pse tsc msr pae mce cx8 apic sep mtrr pge mca cmov pat pse36 clflush mmx fxsr sse sse2 ss ht syscall nx rdtscp lm constant_tsc nopl xtopology nonstop_tsc pni pclmulqdq ssse3 fma cx16 pcid sse4_1 sse4_2 x2apic movbe popcnt tsc_deadline_timer aes xsave avx f16c rdrand hypervisor lahf_lm abm fsgsbase tsc_adjust bmi1 avx2 smep bmi2 invpcid xsaveopt dtherm arat pln pts
bugs		:
bogomips	: 4988.45
clflush size	: 64
cache_alignment	: 64
address sizes	: 36 bits physical, 48 bits virtual
power management:



Memory: 4k page, physical 4039872k(115912k free), swap 2097148k(0k free)

vm_info: Java HotSpot(TM) 64-Bit Server VM (25.144-b01) for linux-amd64 JRE (1.8.0_144-b01), built on Jul 21 2017 21:57:33 by "java_re" with gcc 4.3.0 20080428 (Red Hat 4.3.0-8)

time: Mon Oct 16 18:18:41 2017
elapsed time: 4 seconds (0d 0h 0m 4s)

